"(-1.2828751447,0)0^ 0 + "
"(-1.2828751447,0)2^ 2 + "
"(-.1681632264,0)0^ 2^ 0 2 + "
"(.1681632264,0)2^ 0^ 0 2 + "
"(.1681632264,0)0^ 2^ 2 0 + "
"(-.1681632264,0)2^ 0^ 2 0 + "
"(.0000024118,0)0^ 2^ 0 3 + "
"(-.0000024118,0)2^ 0^ 0 3 + "
"(-.0000024118,0)0^ 2^ 3 0 + "
"(.0000024118,0)2^ 0^ 3 0 + "
"(.0000024118,0)0^ 3^ 0 2 + "
"(-.0000024118,0)3^ 0^ 0 2 + "
"(-.0000024118,0)0^ 3^ 2 0 + "
"(.0000024118,0)3^ 0^ 2 0 + "
"(-.1632789854,0)0^ 3^ 0 3 + "
"(.1632789854,0)3^ 0^ 0 3 + "
"(.1632789854,0)0^ 3^ 3 0 + "
"(-.1632789854,0)3^ 0^ 3 0 + "
"(-.1227013158,0)0^ 1^ 0 1 + "
"(-.1227013158,0)2^ 3^ 2 3 + "
"(.0000096474,0)0^ 1 + "
"(.0000096474,0)2^ 3 + "
"(.0000024118,0)0^ 2^ 1 2 + "
"(-.0000024118,0)2^ 0^ 1 2 + "
"(-.0000024118,0)0^ 2^ 2 1 + "
"(.0000024118,0)2^ 0^ 2 1 + "
"(-.0405776696,0)0^ 2^ 1 3 + "
"(.0405776696,0)2^ 0^ 1 3 + "
"(.0405776696,0)0^ 2^ 3 1 + "
"(-.0405776696,0)2^ 0^ 3 1 + "
"(-.0405776696,0)0^ 3^ 1 2 + "
"(.0405776696,0)3^ 0^ 1 2 + "
"(.0405776696,0)0^ 3^ 2 1 + "
"(-.0405776696,0)3^ 0^ 2 1 + "
"(.1227013158,0)0^ 1^ 1 0 + "
"(.1227013158,0)2^ 3^ 3 2 + "
"(.0000027369,0)0^ 3^ 1 3 + "
"(-.0000027369,0)3^ 0^ 1 3 + "
"(-.0000027369,0)0^ 3^ 3 1 + "
"(.0000027369,0)3^ 0^ 3 1 + "
"(.0000096474,0)1^ 0 + "
"(.0000096474,0)3^ 2 + "
"(.0000024118,0)1^ 2^ 0 2 + "
"(-.0000024118,0)2^ 1^ 0 2 + "
"(-.0000024118,0)1^ 2^ 2 0 + "
"(.0000024118,0)2^ 1^ 2 0 + "
"(-.0405776696,0)1^ 2^ 0 3 + "
"(.0405776696,0)2^ 1^ 0 3 + "
"(.0405776696,0)1^ 2^ 3 0 + "
"(-.0405776696,0)2^ 1^ 3 0 + "
"(.1227013158,0)1^ 0^ 0 1 + "
"(.1227013158,0)3^ 2^ 2 3 + "
"(-.0405776696,0)1^ 3^ 0 2 + "
"(.0405776696,0)3^ 1^ 0 2 + "
"(.0405776696,0)1^ 3^ 2 0 + "
"(-.0405776696,0)3^ 1^ 2 0 + "
"(.0000027369,0)1^ 3^ 0 3 + "
"(-.0000027369,0)3^ 1^ 0 3 + "
"(-.0000027369,0)1^ 3^ 3 0 + "
"(.0000027369,0)3^ 1^ 3 0 + "
"(-.4798685134,0)1^ 1 + "
"(-.4798685134,0)3^ 3 + "
"(-.1632789854,0)1^ 2^ 1 2 + "
"(.1632789854,0)2^ 1^ 1 2 + "
"(.1632789854,0)1^ 2^ 2 1 + "
"(-.1632789854,0)2^ 1^ 2 1 + "
"(-.1227013158,0)1^ 0^ 1 0 + "
"(-.1227013158,0)3^ 2^ 3 2 + "
"(.0000027369,0)1^ 2^ 1 3 + "
"(-.0000027369,0)2^ 1^ 1 3 + "
"(-.0000027369,0)1^ 2^ 3 1 + "
"(.0000027369,0)2^ 1^ 3 1 + "
"(.0000027369,0)1^ 3^ 1 2 + "
"(-.0000027369,0)3^ 1^ 1 2 + "
"(-.0000027369,0)1^ 3^ 2 1 + "
"(.0000027369,0)3^ 1^ 2 1 + "
"(-.1723303225,0)1^ 3^ 1 3 + "
"(.1723303225,0)3^ 1^ 1 3 + "
"(.1723303225,0)1^ 3^ 3 1 + "
"(-.1723303225,0)3^ 1^ 3 1 + "
"(.7559674986,0)"
