"(-1.1045141778,0)0^ 0 + "
"(-1.1045141778,0)2^ 2 + "
"(-.1444273837,0)0^ 2^ 0 2 + "
"(.1444273837,0)2^ 0^ 0 2 + "
"(.1444273837,0)0^ 2^ 2 0 + "
"(-.1444273837,0)2^ 0^ 2 0 + "
"(-.0000016183,0)0^ 2^ 0 3 + "
"(.0000016183,0)2^ 0^ 0 3 + "
"(.0000016183,0)0^ 2^ 3 0 + "
"(-.0000016183,0)2^ 0^ 3 0 + "
"(-.0000016183,0)0^ 3^ 0 2 + "
"(.0000016183,0)3^ 0^ 0 2 + "
"(.0000016183,0)0^ 3^ 2 0 + "
"(-.0000016183,0)3^ 0^ 2 0 + "
"(-.1431747922,0)0^ 3^ 0 3 + "
"(.1431747922,0)3^ 0^ 0 3 + "
"(.1431747922,0)0^ 3^ 3 0 + "
"(-.1431747922,0)3^ 0^ 3 0 + "
"(-.1031311847,0)0^ 1^ 0 1 + "
"(-.1031311847,0)2^ 3^ 2 3 + "
"(-.0000064746,0)0^ 1 + "
"(-.0000064746,0)2^ 3 + "
"(-.0000016183,0)0^ 2^ 1 2 + "
"(.0000016183,0)2^ 0^ 1 2 + "
"(.0000016183,0)0^ 2^ 2 1 + "
"(-.0000016183,0)2^ 0^ 2 1 + "
"(-.0400436075,0)0^ 2^ 1 3 + "
"(.0400436075,0)2^ 0^ 1 3 + "
"(.0400436075,0)0^ 2^ 3 1 + "
"(-.0400436075,0)2^ 0^ 3 1 + "
"(-.0400436075,0)0^ 3^ 1 2 + "
"(.0400436075,0)3^ 0^ 1 2 + "
"(.0400436075,0)0^ 3^ 2 1 + "
"(-.0400436075,0)3^ 0^ 2 1 + "
"(.1031311847,0)0^ 1^ 1 0 + "
"(.1031311847,0)2^ 3^ 3 2 + "
"(-.0000021491,0)0^ 3^ 1 3 + "
"(.0000021491,0)3^ 0^ 1 3 + "
"(.0000021491,0)0^ 3^ 3 1 + "
"(-.0000021491,0)3^ 0^ 3 1 + "
"(-.0000064746,0)1^ 0 + "
"(-.0000064746,0)3^ 2 + "
"(-.0000016183,0)1^ 2^ 0 2 + "
"(.0000016183,0)2^ 1^ 0 2 + "
"(.0000016183,0)1^ 2^ 2 0 + "
"(-.0000016183,0)2^ 1^ 2 0 + "
"(-.0400436075,0)1^ 2^ 0 3 + "
"(.0400436075,0)2^ 1^ 0 3 + "
"(.0400436075,0)1^ 2^ 3 0 + "
"(-.0400436075,0)2^ 1^ 3 0 + "
"(.1031311847,0)1^ 0^ 0 1 + "
"(.1031311847,0)3^ 2^ 2 3 + "
"(-.0400436075,0)1^ 3^ 0 2 + "
"(.0400436075,0)3^ 1^ 0 2 + "
"(.0400436075,0)1^ 3^ 2 0 + "
"(-.0400436075,0)3^ 1^ 2 0 + "
"(-.0000021491,0)1^ 3^ 0 3 + "
"(.0000021491,0)3^ 1^ 0 3 + "
"(.0000021491,0)1^ 3^ 3 0 + "
"(-.0000021491,0)3^ 1^ 3 0 + "
"(-.6260350179,0)1^ 1 + "
"(-.6260350179,0)3^ 3 + "
"(-.1431747922,0)1^ 2^ 1 2 + "
"(.1431747922,0)2^ 1^ 1 2 + "
"(.1431747922,0)1^ 2^ 2 1 + "
"(-.1431747922,0)2^ 1^ 2 1 + "
"(-.1031311847,0)1^ 0^ 1 0 + "
"(-.1031311847,0)3^ 2^ 3 2 + "
"(-.0000021491,0)1^ 2^ 1 3 + "
"(.0000021491,0)2^ 1^ 1 3 + "
"(.0000021491,0)1^ 2^ 3 1 + "
"(-.0000021491,0)2^ 1^ 3 1 + "
"(-.0000021491,0)1^ 3^ 1 2 + "
"(.0000021491,0)3^ 1^ 1 2 + "
"(.0000021491,0)1^ 3^ 2 1 + "
"(-.0000021491,0)3^ 1^ 2 1 + "
"(-.1525730355,0)1^ 3^ 1 3 + "
"(.1525730355,0)3^ 1^ 1 3 + "
"(.1525730355,0)1^ 3^ 3 1 + "
"(-.1525730355,0)3^ 1^ 3 1 + "
"(.5291772490,0)"
