"(-1.3590526640,0)0^ 0 + "
"(-1.3590526640,0)2^ 2 + "
"(-.1781027587,0)0^ 2^ 0 2 + "
"(.1781027587,0)2^ 0^ 0 2 + "
"(.1781027587,0)0^ 2^ 2 0 + "
"(-.1781027587,0)2^ 0^ 2 0 + "
"(.0000264836,0)0^ 2^ 0 3 + "
"(-.0000264836,0)2^ 0^ 0 3 + "
"(-.0000264836,0)0^ 2^ 3 0 + "
"(.0000264836,0)2^ 0^ 3 0 + "
"(.0000264836,0)0^ 3^ 0 2 + "
"(-.0000264836,0)3^ 0^ 0 2 + "
"(-.0000264836,0)0^ 3^ 2 0 + "
"(.0000264836,0)3^ 0^ 2 0 + "
"(-.1714484807,0)0^ 3^ 0 3 + "
"(.1714484807,0)3^ 0^ 0 3 + "
"(.1714484807,0)0^ 3^ 3 0 + "
"(-.1714484807,0)3^ 0^ 3 0 + "
"(-.1304904242,0)0^ 1^ 0 1 + "
"(-.1304904242,0)2^ 3^ 2 3 + "
"(.0001059352,0)0^ 1 + "
"(.0001059352,0)2^ 3 + "
"(.0000264836,0)0^ 2^ 1 2 + "
"(-.0000264836,0)2^ 0^ 1 2 + "
"(-.0000264836,0)0^ 2^ 2 1 + "
"(.0000264836,0)2^ 0^ 2 1 + "
"(-.0409580565,0)0^ 2^ 1 3 + "
"(.0409580565,0)2^ 0^ 1 3 + "
"(.0409580565,0)0^ 2^ 3 1 + "
"(-.0409580565,0)2^ 0^ 3 1 + "
"(-.0409580565,0)0^ 3^ 1 2 + "
"(.0409580565,0)3^ 0^ 1 2 + "
"(.0409580565,0)0^ 3^ 2 1 + "
"(-.0409580565,0)3^ 0^ 2 1 + "
"(.1304904242,0)0^ 1^ 1 0 + "
"(.1304904242,0)2^ 3^ 3 2 + "
"(.0000281418,0)0^ 3^ 1 3 + "
"(-.0000281418,0)3^ 0^ 1 3 + "
"(-.0000281418,0)0^ 3^ 3 1 + "
"(.0000281418,0)3^ 0^ 3 1 + "
"(.0001059352,0)1^ 0 + "
"(.0001059352,0)3^ 2 + "
"(.0000264836,0)1^ 2^ 0 2 + "
"(-.0000264836,0)2^ 1^ 0 2 + "
"(-.0000264836,0)1^ 2^ 2 0 + "
"(.0000264836,0)2^ 1^ 2 0 + "
"(-.0409580565,0)1^ 2^ 0 3 + "
"(.0409580565,0)2^ 1^ 0 3 + "
"(.0409580565,0)1^ 2^ 3 0 + "
"(-.0409580565,0)2^ 1^ 3 0 + "
"(.1304904242,0)1^ 0^ 0 1 + "
"(.1304904242,0)3^ 2^ 2 3 + "
"(-.0409580565,0)1^ 3^ 0 2 + "
"(.0409580565,0)3^ 1^ 0 2 + "
"(.0409580565,0)1^ 3^ 2 0 + "
"(-.0409580565,0)3^ 1^ 2 0 + "
"(.0000281418,0)1^ 3^ 0 3 + "
"(-.0000281418,0)3^ 1^ 0 3 + "
"(-.0000281418,0)1^ 3^ 3 0 + "
"(.0000281418,0)3^ 1^ 3 0 + "
"(-.3944444270,0)1^ 1 + "
"(-.3944444270,0)3^ 3 + "
"(-.1714484807,0)1^ 2^ 1 2 + "
"(.1714484807,0)2^ 1^ 1 2 + "
"(.1714484807,0)1^ 2^ 2 1 + "
"(-.1714484807,0)2^ 1^ 2 1 + "
"(-.1304904242,0)1^ 0^ 1 0 + "
"(-.1304904242,0)3^ 2^ 3 2 + "
"(.0000281418,0)1^ 2^ 1 3 + "
"(-.0000281418,0)2^ 1^ 1 3 + "
"(-.0000281418,0)1^ 2^ 3 1 + "
"(.0000281418,0)2^ 1^ 3 1 + "
"(.0000281418,0)1^ 3^ 1 2 + "
"(-.0000281418,0)3^ 1^ 1 2 + "
"(-.0000281418,0)1^ 3^ 2 1 + "
"(.0000281418,0)3^ 1^ 2 1 + "
"(-.1802492996,0)1^ 3^ 1 3 + "
"(.1802492996,0)3^ 1^ 1 3 + "
"(.1802492996,0)1^ 3^ 3 1 + "
"(-.1802492996,0)3^ 1^ 3 1 + "
"(.8819620817,0)"
