"(-1.2155310833,0)0^ 0 + "
"(-1.2155310833,0)2^ 2 + "
"(-.1592710832,0)0^ 2^ 0 2 + "
"(.1592710832,0)2^ 0^ 0 2 + "
"(.1592710832,0)0^ 2^ 2 0 + "
"(-.1592710832,0)2^ 0^ 2 0 + "
"(.0000042193,0)0^ 2^ 0 3 + "
"(-.0000042193,0)2^ 0^ 0 3 + "
"(-.0000042193,0)0^ 2^ 3 0 + "
"(.0000042193,0)2^ 0^ 3 0 + "
"(.0000042193,0)0^ 3^ 0 2 + "
"(-.0000042193,0)3^ 0^ 0 2 + "
"(-.0000042193,0)0^ 3^ 2 0 + "
"(.0000042193,0)3^ 0^ 2 0 + "
"(-.1558686932,0)0^ 3^ 0 3 + "
"(.1558686932,0)3^ 0^ 0 3 + "
"(.1558686932,0)0^ 3^ 3 0 + "
"(-.1558686932,0)3^ 0^ 3 0 + "
"(-.1155568661,0)0^ 1^ 0 1 + "
"(-.1155568661,0)2^ 3^ 2 3 + "
"(.0000168779,0)0^ 1 + "
"(.0000168779,0)2^ 3 + "
"(.0000042193,0)0^ 2^ 1 2 + "
"(-.0000042193,0)2^ 0^ 1 2 + "
"(-.0000042193,0)0^ 2^ 2 1 + "
"(.0000042193,0)2^ 0^ 2 1 + "
"(-.0403118271,0)0^ 2^ 1 3 + "
"(.0403118271,0)2^ 0^ 1 3 + "
"(.0403118271,0)0^ 2^ 3 1 + "
"(-.0403118271,0)2^ 0^ 3 1 + "
"(-.0403118271,0)0^ 3^ 1 2 + "
"(.0403118271,0)3^ 0^ 1 2 + "
"(.0403118271,0)0^ 3^ 2 1 + "
"(-.0403118271,0)3^ 0^ 2 1 + "
"(.1155568661,0)0^ 1^ 1 0 + "
"(.1155568661,0)2^ 3^ 3 2 + "
"(.0000050871,0)0^ 3^ 1 3 + "
"(-.0000050871,0)3^ 0^ 1 3 + "
"(-.0000050871,0)0^ 3^ 3 1 + "
"(.0000050871,0)3^ 0^ 3 1 + "
"(.0000168779,0)1^ 0 + "
"(.0000168779,0)3^ 2 + "
"(.0000042193,0)1^ 2^ 0 2 + "
"(-.0000042193,0)2^ 1^ 0 2 + "
"(-.0000042193,0)1^ 2^ 2 0 + "
"(.0000042193,0)2^ 1^ 2 0 + "
"(-.0403118271,0)1^ 2^ 0 3 + "
"(.0403118271,0)2^ 1^ 0 3 + "
"(.0403118271,0)1^ 2^ 3 0 + "
"(-.0403118271,0)2^ 1^ 3 0 + "
"(.1155568661,0)1^ 0^ 0 1 + "
"(.1155568661,0)3^ 2^ 2 3 + "
"(-.0403118271,0)1^ 3^ 0 2 + "
"(.0403118271,0)3^ 1^ 0 2 + "
"(.0403118271,0)1^ 3^ 2 0 + "
"(-.0403118271,0)3^ 1^ 2 0 + "
"(.0000050871,0)1^ 3^ 0 3 + "
"(-.0000050871,0)3^ 1^ 0 3 + "
"(-.0000050871,0)1^ 3^ 3 0 + "
"(.0000050871,0)3^ 1^ 3 0 + "
"(-.5439826252,0)1^ 1 + "
"(-.5439826252,0)3^ 3 + "
"(-.1558686932,0)1^ 2^ 1 2 + "
"(.1558686932,0)2^ 1^ 1 2 + "
"(.1558686932,0)1^ 2^ 2 1 + "
"(-.1558686932,0)2^ 1^ 2 1 + "
"(-.1155568661,0)1^ 0^ 1 0 + "
"(-.1155568661,0)3^ 2^ 3 2 + "
"(.0000050871,0)1^ 2^ 1 3 + "
"(-.0000050871,0)2^ 1^ 1 3 + "
"(-.0000050871,0)1^ 2^ 3 1 + "
"(.0000050871,0)2^ 1^ 3 1 + "
"(.0000050871,0)1^ 3^ 1 2 + "
"(-.0000050871,0)3^ 1^ 1 2 + "
"(-.0000050871,0)1^ 3^ 2 1 + "
"(.0000050871,0)3^ 1^ 2 1 + "
"(-.1651095196,0)1^ 3^ 1 3 + "
"(.1651095196,0)3^ 1^ 1 3 + "
"(.1651095196,0)1^ 3^ 3 1 + "
"(-.1651095196,0)3^ 1^ 3 1 + "
"(.6614715612,0)"
