"(-1.1564987996,0)0^ 0 + "
"(-1.1564987996,0)2^ 2 + "
"(-.1514041484,0)0^ 2^ 0 2 + "
"(.1514041484,0)2^ 0^ 0 2 + "
"(.1514041484,0)0^ 2^ 2 0 + "
"(-.1514041484,0)2^ 0^ 2 0 + "
"(-.0000018175,0)0^ 2^ 0 3 + "
"(.0000018175,0)2^ 0^ 0 3 + "
"(.0000018175,0)0^ 2^ 3 0 + "
"(-.0000018175,0)2^ 0^ 3 0 + "
"(-.0000018175,0)0^ 3^ 0 2 + "
"(.0000018175,0)3^ 0^ 0 2 + "
"(.0000018175,0)0^ 3^ 2 0 + "
"(-.0000018175,0)3^ 0^ 2 0 + "
"(-.1491933472,0)0^ 3^ 0 3 + "
"(.1491933472,0)3^ 0^ 0 3 + "
"(.1491933472,0)0^ 3^ 3 0 + "
"(-.1491933472,0)3^ 0^ 3 0 + "
"(-.1090526339,0)0^ 1^ 0 1 + "
"(-.1090526339,0)2^ 3^ 2 3 + "
"(-.0000072705,0)0^ 1 + "
"(-.0000072705,0)2^ 3 + "
"(-.0000018175,0)0^ 2^ 1 2 + "
"(.0000018175,0)2^ 0^ 1 2 + "
"(.0000018175,0)0^ 2^ 2 1 + "
"(-.0000018175,0)2^ 0^ 2 1 + "
"(-.0401407134,0)0^ 2^ 1 3 + "
"(.0401407134,0)2^ 0^ 1 3 + "
"(.0401407134,0)0^ 2^ 3 1 + "
"(-.0401407134,0)2^ 0^ 3 1 + "
"(-.0401407134,0)0^ 3^ 1 2 + "
"(.0401407134,0)3^ 0^ 1 2 + "
"(.0401407134,0)0^ 3^ 2 1 + "
"(-.0401407134,0)3^ 0^ 2 1 + "
"(.1090526339,0)0^ 1^ 1 0 + "
"(.1090526339,0)2^ 3^ 3 2 + "
"(-.0000022979,0)0^ 3^ 1 3 + "
"(.0000022979,0)3^ 0^ 1 3 + "
"(.0000022979,0)0^ 3^ 3 1 + "
"(-.0000022979,0)3^ 0^ 3 1 + "
"(-.0000072705,0)1^ 0 + "
"(-.0000072705,0)3^ 2 + "
"(-.0000018175,0)1^ 2^ 0 2 + "
"(.0000018175,0)2^ 1^ 0 2 + "
"(.0000018175,0)1^ 2^ 2 0 + "
"(-.0000018175,0)2^ 1^ 2 0 + "
"(-.0401407134,0)1^ 2^ 0 3 + "
"(.0401407134,0)2^ 1^ 0 3 + "
"(.0401407134,0)1^ 2^ 3 0 + "
"(-.0401407134,0)2^ 1^ 3 0 + "
"(.1090526339,0)1^ 0^ 0 1 + "
"(.1090526339,0)3^ 2^ 2 3 + "
"(-.0401407134,0)1^ 3^ 0 2 + "
"(.0401407134,0)3^ 1^ 0 2 + "
"(.0401407134,0)1^ 3^ 2 0 + "
"(-.0401407134,0)3^ 1^ 2 0 + "
"(-.0000022979,0)1^ 3^ 0 3 + "
"(.0000022979,0)3^ 1^ 0 3 + "
"(.0000022979,0)1^ 3^ 3 0 + "
"(-.0000022979,0)3^ 1^ 3 0 + "
"(-.5913370340,0)1^ 1 + "
"(-.5913370340,0)3^ 3 + "
"(-.1491933472,0)1^ 2^ 1 2 + "
"(.1491933472,0)2^ 1^ 1 2 + "
"(.1491933472,0)1^ 2^ 2 1 + "
"(-.1491933472,0)2^ 1^ 2 1 + "
"(-.1090526339,0)1^ 0^ 1 0 + "
"(-.1090526339,0)3^ 2^ 3 2 + "
"(-.0000022979,0)1^ 2^ 1 3 + "
"(.0000022979,0)2^ 1^ 1 3 + "
"(.0000022979,0)1^ 2^ 3 1 + "
"(-.0000022979,0)2^ 1^ 3 1 + "
"(-.0000022979,0)1^ 3^ 1 2 + "
"(.0000022979,0)3^ 1^ 1 2 + "
"(.0000022979,0)1^ 3^ 2 1 + "
"(-.0000022979,0)3^ 1^ 2 1 + "
"(-.1585454587,0)1^ 3^ 1 3 + "
"(.1585454587,0)3^ 1^ 1 3 + "
"(.1585454587,0)1^ 3^ 3 1 + "
"(-.1585454587,0)3^ 1^ 3 1 + "
"(.5879747211,0)"
