"(-.6214862977,0)0^ 0 + "
"(-.6214862977,0)2^ 2 + "
"(-.0796999116,0)0^ 2^ 0 2 + "
"(.0796999116,0)2^ 0^ 0 2 + "
"(.0796999116,0)0^ 2^ 2 0 + "
"(-.0796999116,0)2^ 0^ 2 0 + "
"(.0000000570,0)0^ 2^ 0 3 + "
"(-.0000000570,0)2^ 0^ 0 3 + "
"(-.0000000570,0)0^ 2^ 3 0 + "
"(.0000000570,0)2^ 0^ 3 0 + "
"(.0000000570,0)0^ 3^ 0 2 + "
"(-.0000000570,0)3^ 0^ 0 2 + "
"(-.0000000570,0)0^ 3^ 2 0 + "
"(.0000000570,0)3^ 0^ 2 0 + "
"(-.0849074732,0)0^ 3^ 0 3 + "
"(.0849074732,0)3^ 0^ 0 3 + "
"(.0849074732,0)0^ 3^ 3 0 + "
"(-.0849074732,0)3^ 0^ 3 0 + "
"(-.0341852835,0)0^ 1^ 0 1 + "
"(-.0341852835,0)2^ 3^ 2 3 + "
"(.0000002272,0)0^ 1 + "
"(.0000002272,0)2^ 3 + "
"(.0000000570,0)0^ 2^ 1 2 + "
"(-.0000000570,0)2^ 0^ 1 2 + "
"(-.0000000570,0)0^ 2^ 2 1 + "
"(.0000000570,0)2^ 0^ 2 1 + "
"(-.0507221898,0)0^ 2^ 1 3 + "
"(.0507221898,0)2^ 0^ 1 3 + "
"(.0507221898,0)0^ 2^ 3 1 + "
"(-.0507221898,0)2^ 0^ 3 1 + "
"(-.0507221898,0)0^ 3^ 1 2 + "
"(.0507221898,0)3^ 0^ 1 2 + "
"(.0507221898,0)0^ 3^ 2 1 + "
"(-.0507221898,0)3^ 0^ 2 1 + "
"(.0341852835,0)0^ 1^ 1 0 + "
"(.0341852835,0)2^ 3^ 3 2 + "
"(.0000002562,0)0^ 3^ 1 3 + "
"(-.0000002562,0)3^ 0^ 1 3 + "
"(-.0000002562,0)0^ 3^ 3 1 + "
"(.0000002562,0)3^ 0^ 3 1 + "
"(.0000002272,0)1^ 0 + "
"(.0000002272,0)3^ 2 + "
"(.0000000570,0)1^ 2^ 0 2 + "
"(-.0000000570,0)2^ 1^ 0 2 + "
"(-.0000000570,0)1^ 2^ 2 0 + "
"(.0000000570,0)2^ 1^ 2 0 + "
"(-.0507221898,0)1^ 2^ 0 3 + "
"(.0507221898,0)2^ 1^ 0 3 + "
"(.0507221898,0)1^ 2^ 3 0 + "
"(-.0507221898,0)2^ 1^ 3 0 + "
"(.0341852835,0)1^ 0^ 0 1 + "
"(.0341852835,0)3^ 2^ 2 3 + "
"(-.0507221898,0)1^ 3^ 0 2 + "
"(.0507221898,0)3^ 1^ 0 2 + "
"(.0507221898,0)1^ 3^ 2 0 + "
"(-.0507221898,0)3^ 1^ 2 0 + "
"(.0000002562,0)1^ 3^ 0 3 + "
"(-.0000002562,0)3^ 1^ 0 3 + "
"(-.0000002562,0)1^ 3^ 3 0 + "
"(.0000002562,0)3^ 1^ 3 0 + "
"(-.6276095962,0)1^ 1 + "
"(-.6276095962,0)3^ 3 + "
"(-.0849074732,0)1^ 2^ 1 2 + "
"(.0849074732,0)2^ 1^ 1 2 + "
"(.0849074732,0)1^ 2^ 2 1 + "
"(-.0849074732,0)2^ 1^ 2 1 + "
"(-.0341852835,0)1^ 0^ 1 0 + "
"(-.0341852835,0)3^ 2^ 3 2 + "
"(.0000002562,0)1^ 2^ 1 3 + "
"(-.0000002562,0)2^ 1^ 1 3 + "
"(-.0000002562,0)1^ 2^ 3 1 + "
"(.0000002562,0)2^ 1^ 3 1 + "
"(.0000002562,0)1^ 3^ 1 2 + "
"(-.0000002562,0)3^ 1^ 1 2 + "
"(-.0000002562,0)1^ 3^ 2 1 + "
"(.0000002562,0)3^ 1^ 2 1 + "
"(-.0914545716,0)1^ 3^ 1 3 + "
"(.0914545716,0)3^ 1^ 1 3 + "
"(.0914545716,0)1^ 3^ 3 1 + "
"(-.0914545716,0)3^ 1^ 3 1 + "
"(.1322943122,0)"
