"(-.6449063512,0)0^ 0 + "
"(-.6449063512,0)2^ 2 + "
"(-.0824084597,0)0^ 2^ 0 2 + "
"(.0824084597,0)2^ 0^ 0 2 + "
"(.0824084597,0)0^ 2^ 2 0 + "
"(-.0824084597,0)2^ 0^ 2 0 + "
"(.0000001020,0)0^ 2^ 0 3 + "
"(-.0000001020,0)2^ 0^ 0 3 + "
"(-.0000001020,0)0^ 2^ 3 0 + "
"(.0000001020,0)2^ 0^ 3 0 + "
"(.0000001020,0)0^ 3^ 0 2 + "
"(-.0000001020,0)3^ 0^ 0 2 + "
"(-.0000001020,0)0^ 3^ 2 0 + "
"(.0000001020,0)3^ 0^ 2 0 + "
"(-.0876635630,0)0^ 3^ 0 3 + "
"(.0876635630,0)3^ 0^ 0 3 + "
"(.0876635630,0)0^ 3^ 3 0 + "
"(-.0876635630,0)3^ 0^ 3 0 + "
"(-.0390980362,0)0^ 1^ 0 1 + "
"(-.0390980362,0)2^ 3^ 2 3 + "
"(.0000004066,0)0^ 1 + "
"(.0000004066,0)2^ 3 + "
"(.0000001020,0)0^ 2^ 1 2 + "
"(-.0000001020,0)2^ 0^ 1 2 + "
"(-.0000001020,0)0^ 2^ 2 1 + "
"(.0000001020,0)2^ 0^ 2 1 + "
"(-.0485655268,0)0^ 2^ 1 3 + "
"(.0485655268,0)2^ 0^ 1 3 + "
"(.0485655268,0)0^ 2^ 3 1 + "
"(-.0485655268,0)2^ 0^ 3 1 + "
"(-.0485655268,0)0^ 3^ 1 2 + "
"(.0485655268,0)3^ 0^ 1 2 + "
"(.0485655268,0)0^ 3^ 2 1 + "
"(-.0485655268,0)3^ 0^ 2 1 + "
"(.0390980362,0)0^ 1^ 1 0 + "
"(.0390980362,0)2^ 3^ 3 2 + "
"(.0000003698,0)0^ 3^ 1 3 + "
"(-.0000003698,0)3^ 0^ 1 3 + "
"(-.0000003698,0)0^ 3^ 3 1 + "
"(.0000003698,0)3^ 0^ 3 1 + "
"(.0000004066,0)1^ 0 + "
"(.0000004066,0)3^ 2 + "
"(.0000001020,0)1^ 2^ 0 2 + "
"(-.0000001020,0)2^ 1^ 0 2 + "
"(-.0000001020,0)1^ 2^ 2 0 + "
"(.0000001020,0)2^ 1^ 2 0 + "
"(-.0485655268,0)1^ 2^ 0 3 + "
"(.0485655268,0)2^ 1^ 0 3 + "
"(.0485655268,0)1^ 2^ 3 0 + "
"(-.0485655268,0)2^ 1^ 3 0 + "
"(.0390980362,0)1^ 0^ 0 1 + "
"(.0390980362,0)3^ 2^ 2 3 + "
"(-.0485655268,0)1^ 3^ 0 2 + "
"(.0485655268,0)3^ 1^ 0 2 + "
"(.0485655268,0)1^ 3^ 2 0 + "
"(-.0485655268,0)3^ 1^ 2 0 + "
"(.0000003698,0)1^ 3^ 0 3 + "
"(-.0000003698,0)3^ 1^ 0 3 + "
"(-.0000003698,0)1^ 3^ 3 0 + "
"(.0000003698,0)3^ 1^ 3 0 + "
"(-.6432816901,0)1^ 1 + "
"(-.6432816901,0)3^ 3 + "
"(-.0876635630,0)1^ 2^ 1 2 + "
"(.0876635630,0)2^ 1^ 1 2 + "
"(.0876635630,0)1^ 2^ 2 1 + "
"(-.0876635630,0)2^ 1^ 2 1 + "
"(-.0390980362,0)1^ 0^ 1 0 + "
"(-.0390980362,0)3^ 2^ 3 2 + "
"(.0000003698,0)1^ 2^ 1 3 + "
"(-.0000003698,0)2^ 1^ 1 3 + "
"(-.0000003698,0)1^ 2^ 3 1 + "
"(.0000003698,0)2^ 1^ 3 1 + "
"(.0000003698,0)1^ 3^ 1 2 + "
"(-.0000003698,0)3^ 1^ 1 2 + "
"(-.0000003698,0)1^ 3^ 2 1 + "
"(.0000003698,0)3^ 1^ 2 1 + "
"(-.0946803840,0)1^ 3^ 1 3 + "
"(.0946803840,0)3^ 1^ 1 3 + "
"(.0946803840,0)1^ 3^ 3 1 + "
"(-.0946803840,0)3^ 1^ 3 1 + "
"(.1511934997,0)"
