"(-1.4429389110,0)0^ 0 + "
"(-1.4429389110,0)2^ 2 + "
"(-.1888842856,0)0^ 2^ 0 2 + "
"(.1888842856,0)2^ 0^ 0 2 + "
"(.1888842856,0)0^ 2^ 2 0 + "
"(-.1888842856,0)2^ 0^ 2 0 + "
"(.0000976770,0)0^ 2^ 0 3 + "
"(-.0000976770,0)2^ 0^ 0 3 + "
"(-.0000976770,0)0^ 2^ 3 0 + "
"(.0000976770,0)2^ 0^ 3 0 + "
"(.0000976770,0)0^ 3^ 0 2 + "
"(-.0000976770,0)3^ 0^ 0 2 + "
"(-.0000976770,0)0^ 3^ 2 0 + "
"(.0000976770,0)3^ 0^ 2 0 + "
"(-.1802686032,0)0^ 3^ 0 3 + "
"(.1802686032,0)3^ 0^ 0 3 + "
"(.1802686032,0)0^ 3^ 3 0 + "
"(-.1802686032,0)3^ 0^ 3 0 + "
"(-.1388022436,0)0^ 1^ 0 1 + "
"(-.1388022436,0)2^ 3^ 2 3 + "
"(.0003907103,0)0^ 1 + "
"(.0003907103,0)2^ 3 + "
"(.0000976770,0)0^ 2^ 1 2 + "
"(-.0000976770,0)2^ 0^ 1 2 + "
"(-.0000976770,0)0^ 2^ 2 1 + "
"(.0000976770,0)2^ 0^ 2 1 + "
"(-.0414663596,0)0^ 2^ 1 3 + "
"(.0414663596,0)2^ 0^ 1 3 + "
"(.0414663596,0)0^ 2^ 3 1 + "
"(-.0414663596,0)2^ 0^ 3 1 + "
"(-.0414663596,0)0^ 3^ 1 2 + "
"(.0414663596,0)3^ 0^ 1 2 + "
"(.0414663596,0)0^ 3^ 2 1 + "
"(-.0414663596,0)3^ 0^ 2 1 + "
"(.1388022436,0)0^ 1^ 1 0 + "
"(.1388022436,0)2^ 3^ 3 2 + "
"(.0000973555,0)0^ 3^ 1 3 + "
"(-.0000973555,0)3^ 0^ 1 3 + "
"(-.0000973555,0)0^ 3^ 3 1 + "
"(.0000973555,0)3^ 0^ 3 1 + "
"(.0003907103,0)1^ 0 + "
"(.0003907103,0)3^ 2 + "
"(.0000976770,0)1^ 2^ 0 2 + "
"(-.0000976770,0)2^ 1^ 0 2 + "
"(-.0000976770,0)1^ 2^ 2 0 + "
"(.0000976770,0)2^ 1^ 2 0 + "
"(-.0414663596,0)1^ 2^ 0 3 + "
"(.0414663596,0)2^ 1^ 0 3 + "
"(.0414663596,0)1^ 2^ 3 0 + "
"(-.0414663596,0)2^ 1^ 3 0 + "
"(.1388022436,0)1^ 0^ 0 1 + "
"(.1388022436,0)3^ 2^ 2 3 + "
"(-.0414663596,0)1^ 3^ 0 2 + "
"(.0414663596,0)3^ 1^ 0 2 + "
"(.0414663596,0)1^ 3^ 2 0 + "
"(-.0414663596,0)3^ 1^ 2 0 + "
"(.0000973555,0)1^ 3^ 0 3 + "
"(-.0000973555,0)3^ 1^ 0 3 + "
"(-.0000973555,0)1^ 3^ 3 0 + "
"(.0000973555,0)3^ 1^ 3 0 + "
"(-.2840662620,0)1^ 1 + "
"(-.2840662620,0)3^ 3 + "
"(-.1802686032,0)1^ 2^ 1 2 + "
"(.1802686032,0)2^ 1^ 1 2 + "
"(.1802686032,0)1^ 2^ 2 1 + "
"(-.1802686032,0)2^ 1^ 2 1 + "
"(-.1388022436,0)1^ 0^ 1 0 + "
"(-.1388022436,0)3^ 2^ 3 2 + "
"(.0000973555,0)1^ 2^ 1 3 + "
"(-.0000973555,0)2^ 1^ 1 3 + "
"(-.0000973555,0)1^ 2^ 3 1 + "
"(.0000973555,0)2^ 1^ 3 1 + "
"(.0000973555,0)1^ 3^ 1 2 + "
"(-.0000973555,0)3^ 1^ 1 2 + "
"(-.0000973555,0)1^ 3^ 2 1 + "
"(.0000973555,0)3^ 1^ 2 1 + "
"(-.1887970734,0)1^ 3^ 1 3 + "
"(.1887970734,0)3^ 1^ 1 3 + "
"(.1887970734,0)1^ 3^ 3 1 + "
"(-.1887970734,0)3^ 1^ 3 1 + "
"(1.0583544980,0)"
