"(-.6044617831,0)0^ 0 + "
"(-.6044617831,0)2^ 2 + "
"(-.0778508606,0)0^ 2^ 0 2 + "
"(.0778508606,0)2^ 0^ 0 2 + "
"(.0778508606,0)0^ 2^ 2 0 + "
"(-.0778508606,0)2^ 0^ 2 0 + "
"(.0000001446,0)0^ 2^ 0 3 + "
"(-.0000001446,0)2^ 0^ 0 3 + "
"(-.0000001446,0)0^ 2^ 3 0 + "
"(.0000001446,0)2^ 0^ 3 0 + "
"(.0000001446,0)0^ 3^ 0 2 + "
"(-.0000001446,0)3^ 0^ 0 2 + "
"(-.0000001446,0)0^ 3^ 2 0 + "
"(.0000001446,0)3^ 0^ 2 0 + "
"(-.0829232964,0)0^ 3^ 0 3 + "
"(.0829232964,0)3^ 0^ 0 3 + "
"(.0829232964,0)0^ 3^ 3 0 + "
"(-.0829232964,0)3^ 0^ 3 0 + "
"(-.0303109041,0)0^ 1^ 0 1 + "
"(-.0303109041,0)2^ 3^ 2 3 + "
"(.0000005792,0)0^ 1 + "
"(.0000005792,0)2^ 3 + "
"(.0000001446,0)0^ 2^ 1 2 + "
"(-.0000001446,0)2^ 0^ 1 2 + "
"(-.0000001446,0)0^ 2^ 2 1 + "
"(.0000001446,0)2^ 0^ 2 1 + "
"(-.0526123923,0)0^ 2^ 1 3 + "
"(.0526123923,0)2^ 0^ 1 3 + "
"(.0526123923,0)0^ 2^ 3 1 + "
"(-.0526123923,0)2^ 0^ 3 1 + "
"(-.0526123923,0)0^ 3^ 1 2 + "
"(.0526123923,0)3^ 0^ 1 2 + "
"(.0526123923,0)0^ 3^ 2 1 + "
"(-.0526123923,0)3^ 0^ 2 1 + "
"(.0303109041,0)0^ 1^ 1 0 + "
"(.0303109041,0)2^ 3^ 3 2 + "
"(.0000006679,0)0^ 3^ 1 3 + "
"(-.0000006679,0)3^ 0^ 1 3 + "
"(-.0000006679,0)0^ 3^ 3 1 + "
"(.0000006679,0)3^ 0^ 3 1 + "
"(.0000005792,0)1^ 0 + "
"(.0000005792,0)3^ 2 + "
"(.0000001446,0)1^ 2^ 0 2 + "
"(-.0000001446,0)2^ 1^ 0 2 + "
"(-.0000001446,0)1^ 2^ 2 0 + "
"(.0000001446,0)2^ 1^ 2 0 + "
"(-.0526123923,0)1^ 2^ 0 3 + "
"(.0526123923,0)2^ 1^ 0 3 + "
"(.0526123923,0)1^ 2^ 3 0 + "
"(-.0526123923,0)2^ 1^ 3 0 + "
"(.0303109041,0)1^ 0^ 0 1 + "
"(.0303109041,0)3^ 2^ 2 3 + "
"(-.0526123923,0)1^ 3^ 0 2 + "
"(.0526123923,0)3^ 1^ 0 2 + "
"(.0526123923,0)1^ 3^ 2 0 + "
"(-.0526123923,0)3^ 1^ 2 0 + "
"(.0000006679,0)1^ 3^ 0 3 + "
"(-.0000006679,0)3^ 1^ 0 3 + "
"(-.0000006679,0)1^ 3^ 3 0 + "
"(.0000006679,0)3^ 1^ 3 0 + "
"(-.6143373136,0)1^ 1 + "
"(-.6143373136,0)3^ 3 + "
"(-.0829232964,0)1^ 2^ 1 2 + "
"(.0829232964,0)2^ 1^ 1 2 + "
"(.0829232964,0)1^ 2^ 2 1 + "
"(-.0829232964,0)2^ 1^ 2 1 + "
"(-.0303109041,0)1^ 0^ 1 0 + "
"(-.0303109041,0)3^ 2^ 3 2 + "
"(.0000006679,0)1^ 2^ 1 3 + "
"(-.0000006679,0)2^ 1^ 1 3 + "
"(-.0000006679,0)1^ 2^ 3 1 + "
"(.0000006679,0)2^ 1^ 3 1 + "
"(.0000006679,0)1^ 3^ 1 2 + "
"(-.0000006679,0)3^ 1^ 1 2 + "
"(-.0000006679,0)1^ 3^ 2 1 + "
"(.0000006679,0)3^ 1^ 2 1 + "
"(-.0890798603,0)1^ 3^ 1 3 + "
"(.0890798603,0)3^ 1^ 1 3 + "
"(.0890798603,0)1^ 3^ 3 1 + "
"(-.0890798603,0)3^ 1^ 3 1 + "
"(.1175949442,0)"
