"(-.6782782821,0)0^ 0 + "
"(-.6782782821,0)2^ 2 + "
"(-.0865447242,0)0^ 2^ 0 2 + "
"(.0865447242,0)2^ 0^ 0 2 + "
"(.0865447242,0)0^ 2^ 2 0 + "
"(-.0865447242,0)2^ 0^ 2 0 + "
"(.0000001318,0)0^ 2^ 0 3 + "
"(-.0000001318,0)2^ 0^ 0 3 + "
"(-.0000001318,0)0^ 2^ 3 0 + "
"(.0000001318,0)2^ 0^ 3 0 + "
"(.0000001318,0)0^ 3^ 0 2 + "
"(-.0000001318,0)3^ 0^ 0 2 + "
"(-.0000001318,0)0^ 3^ 2 0 + "
"(.0000001318,0)3^ 0^ 2 0 + "
"(-.0916318110,0)0^ 3^ 0 3 + "
"(.0916318110,0)3^ 0^ 0 3 + "
"(.0916318110,0)0^ 3^ 3 0 + "
"(-.0916318110,0)3^ 0^ 3 0 + "
"(-.0454133580,0)0^ 1^ 0 1 + "
"(-.0454133580,0)2^ 3^ 2 3 + "
"(.0000005276,0)0^ 1 + "
"(.0000005276,0)2^ 3 + "
"(.0000001318,0)0^ 2^ 1 2 + "
"(-.0000001318,0)2^ 0^ 1 2 + "
"(-.0000001318,0)0^ 2^ 2 1 + "
"(.0000001318,0)2^ 0^ 2 1 + "
"(-.0462184530,0)0^ 2^ 1 3 + "
"(.0462184530,0)2^ 0^ 1 3 + "
"(.0462184530,0)0^ 2^ 3 1 + "
"(-.0462184530,0)2^ 0^ 3 1 + "
"(-.0462184530,0)0^ 3^ 1 2 + "
"(.0462184530,0)3^ 0^ 1 2 + "
"(.0462184530,0)0^ 3^ 2 1 + "
"(-.0462184530,0)3^ 0^ 2 1 + "
"(.0454133580,0)0^ 1^ 1 0 + "
"(.0454133580,0)2^ 3^ 3 2 + "
"(.0000003605,0)0^ 3^ 1 3 + "
"(-.0000003605,0)3^ 0^ 1 3 + "
"(-.0000003605,0)0^ 3^ 3 1 + "
"(.0000003605,0)3^ 0^ 3 1 + "
"(.0000005276,0)1^ 0 + "
"(.0000005276,0)3^ 2 + "
"(.0000001318,0)1^ 2^ 0 2 + "
"(-.0000001318,0)2^ 1^ 0 2 + "
"(-.0000001318,0)1^ 2^ 2 0 + "
"(.0000001318,0)2^ 1^ 2 0 + "
"(-.0462184530,0)1^ 2^ 0 3 + "
"(.0462184530,0)2^ 1^ 0 3 + "
"(.0462184530,0)1^ 2^ 3 0 + "
"(-.0462184530,0)2^ 1^ 3 0 + "
"(.0454133580,0)1^ 0^ 0 1 + "
"(.0454133580,0)3^ 2^ 2 3 + "
"(-.0462184530,0)1^ 3^ 0 2 + "
"(.0462184530,0)3^ 1^ 0 2 + "
"(.0462184530,0)1^ 3^ 2 0 + "
"(-.0462184530,0)3^ 1^ 2 0 + "
"(.0000003605,0)1^ 3^ 0 3 + "
"(-.0000003605,0)3^ 1^ 0 3 + "
"(-.0000003605,0)1^ 3^ 3 0 + "
"(.0000003605,0)3^ 1^ 3 0 + "
"(-.6612944490,0)1^ 1 + "
"(-.6612944490,0)3^ 3 + "
"(-.0916318110,0)1^ 2^ 1 2 + "
"(.0916318110,0)2^ 1^ 1 2 + "
"(.0916318110,0)1^ 2^ 2 1 + "
"(-.0916318110,0)2^ 1^ 2 1 + "
"(-.0454133580,0)1^ 0^ 1 0 + "
"(-.0454133580,0)3^ 2^ 3 2 + "
"(.0000003605,0)1^ 2^ 1 3 + "
"(-.0000003605,0)2^ 1^ 1 3 + "
"(-.0000003605,0)1^ 2^ 3 1 + "
"(.0000003605,0)2^ 1^ 3 1 + "
"(.0000003605,0)1^ 3^ 1 2 + "
"(-.0000003605,0)3^ 1^ 1 2 + "
"(-.0000003605,0)1^ 3^ 2 1 + "
"(.0000003605,0)3^ 1^ 2 1 + "
"(-.0991665839,0)1^ 3^ 1 3 + "
"(.0991665839,0)3^ 1^ 1 3 + "
"(.0991665839,0)1^ 3^ 3 1 + "
"(-.0991665839,0)3^ 1^ 3 1 + "
"(.1763924163,0)"
