Operator pool: singlet-adapted-uccsd
Number of operators in the pool: 24
Iteration: 1
Computing [H, A]
Printing commutators with absolute value above 0.000000
Number of instructions for commutator calculation: 424
E() = 1.99999999988e-10
[H,0] = 1.99999999988e-10
Number of instructions for commutator calculation: 480
E() = 3.52999999842e-07
[H,1] = 3.52999999842e-07
Number of instructions for commutator calculation: 444
E() = 9.99999999907e-10
[H,2] = 9.99999999907e-10
Number of instructions for commutator calculation: 444
E() = -7.99999999616e-10
[H,3] = -7.99999999616e-10
Number of instructions for commutator calculation: 1280
E() = 0.459084082683
[H,5] = 0.459084082683
Number of instructions for commutator calculation: 2326
E() = 2.2717926666e-05
[H,7] = 2.2717926666e-05
Number of instructions for commutator calculation: 2424
E() = -9.89691083631e-33
Number of instructions for commutator calculation: 2424
E() = -9.89685304382e-33
Number of instructions for commutator calculation: 1472
E() = 0.381837458194
[H,13] = 0.381837458194
Number of instructions for commutator calculation: 2406
E() = 4.19738585312e-05
[H,15] = 4.19738585312e-05
Number of instructions for commutator calculation: 2406
E() = -8.44579653158e-05
[H,17] = -8.44579653158e-05
Number of instructions for commutator calculation: 1328
E() = 0.34381470079
[H,19] = 0.34381470079
Number of instructions for commutator calculation: 2360
E() = -8.47606670793e-33
Number of instructions for commutator calculation: 1328
E() = 0.343814880678
[H,23] = 0.343814880678
Max gradient component: [H, 5] = 0.459084082683 a.u.
Norm of gradient vector: 0.77004887476 a.u.
vqe optimization of current ansatz.
020-08-04 01:53:49.379] [xacc-logger] [info] Chosen optimizer does not support gradients. Using default.
E(0.000000) = -1.1371298856
E(1.570796) = 0.0364941668385
E(-1.570796) = 0.294792517743
E(0.785398) = -0.831469170226
E(-0.392699) = -0.92961498953
E(0.196350) = -1.15054406891
E(0.392699) = -1.10077176842
E(0.098175) = -1.15178540588
E(0.049087) = -1.14643426856
E(0.122718) = -1.15296972484
E(0.147262) = -1.1531575488
E(0.171806) = -1.15234867603
E(0.159534) = -1.1528776716
E(0.141126) = -1.15320405087
E(0.134990) = -1.15318824944
E(0.144194) = -1.15318858799
Energy at ADAPT iteration 1: -1.15320405087
Parameters at ADAPT iteration 1: 0.141126230078 
Ansatz at ADAPT iteration 1: 5 
Iteration: 2
Computing [H, A]
Printing commutators with absolute value above 0.000000
Number of instructions for commutator calculation: 424
E(0.141126) = 1.00320953271e-06
[H,0] = 1.00320953271e-06
Number of instructions for commutator calculation: 480
E(0.141126) = -0.00419258641034
[H,1] = -0.00419258641034
Number of instructions for commutator calculation: 444
E(0.141126) = -3.07116115152e-06
[H,2] = -3.07116115152e-06
Number of instructions for commutator calculation: 444
E(0.141126) = 6.17566054264e-06
[H,3] = 6.17566054264e-06
Number of instructions for commutator calculation: 1280
E(0.141126) = -0.00500143095302
[H,5] = -0.00500143095302
Number of instructions for commutator calculation: 2326
E(0.141126) = 2.65553126363e-05
[H,7] = 2.65553126363e-05
Number of instructions for commutator calculation: 2424
E(0.141126) = 4.20358509381e-13
Number of instructions for commutator calculation: 2424
E(0.141126) = -1.86325713121e-13
Number of instructions for commutator calculation: 1472
E(0.141126) = 0.367427445045
[H,13] = 0.367427445045
Number of instructions for commutator calculation: 2406
E(0.141126) = 4.1943619751e-05
[H,15] = 4.1943619751e-05
Number of instructions for commutator calculation: 2406
E(0.141126) = -8.43968013171e-05
[H,17] = -8.43968013171e-05
Number of instructions for commutator calculation: 1328
E(0.141126) = 0.329027324558
[H,19] = 0.329027324558
Number of instructions for commutator calculation: 2360
E(0.141126) = 3.45790399157e-13
Number of instructions for commutator calculation: 1328
E(0.141126) = 0.329027530476
[H,23] = 0.329027530476
Max gradient component: [H, 13] = 0.367427445045 a.u.
Norm of gradient vector: 0.592928010147 a.u.
vqe optimization of current ansatz.
020-08-04 02:00:34.671] [xacc-logger] [info] Chosen optimizer does not support gradients. Using default.
E(0.000000,0) = -1.13712988556
E(1.570796,0) = 0.561272225269
E(0.000000,1.5708) = 0.0364941668385
E(-1.292277,-0.892985) = 0.55525622655
E(-0.646138,-0.446492) = -0.392698957502
E(0.358402,-0.1605) = -1.00820786019
E(0.068390,0.386698) = -1.10936617933
E(-0.196307,-0.00409756) = -1.05609431853
E(0.021967,0.0956855) = -1.15516163457
E(0.117663,0.117611) = -1.158970581
E(0.115816,0.215768) = -1.1541183919
E(0.153212,0.0837611) = -1.15274631489
E(0.093782,0.111943) = -1.16004621416
E(0.080416,0.132528) = -1.16069887336
E(0.055899,0.133674) = -1.15995669992
E(0.086869,0.142966) = -1.16065329564
E(0.074851,0.135114) = -1.16066167631
E(0.083363,0.127146) = -1.16063500211
E(0.082311,0.13494) = -1.1607129379
E(0.085373,0.135128) = -1.16069836779
E(0.080864,0.137646) = -1.16071553032
E(0.082065,0.1386) = -1.16071390404
E(0.079340,0.137814) = -1.16071012082
E(0.081231,0.136972) = -1.16071641377
E(0.081115,0.136214) = -1.16071590322
E(0.081995,0.137036) = -1.16071640231
E(0.081191,0.137353) = -1.16071621639
E(0.081423,0.136971) = -1.16071653873
E(0.081580,0.136862) = -1.16071658467
E(0.081730,0.136982) = -1.16071656337
Energy at ADAPT iteration 2: -1.16071658467
Parameters at ADAPT iteration 2: 0.0815803831293 0.136861628174 
Ansatz at ADAPT iteration 2: 5 13 
Iteration: 3
Computing [H, A]
Printing commutators with absolute value above 0.000000
Number of instructions for commutator calculation: 424
E(0.081580,0.136862) = 2.97686708514e-08
[H,0] = 2.97686708514e-08
Number of instructions for commutator calculation: 480
E(0.081580,0.136862) = -0.0032567538064
[H,1] = -0.0032567538064
Number of instructions for commutator calculation: 444
E(0.081580,0.136862) = -6.01364120259e-06
[H,2] = -6.01364120259e-06
Number of instructions for commutator calculation: 444
E(0.081580,0.136862) = 1.20973021795e-05
[H,3] = 1.20973021795e-05
Number of instructions for commutator calculation: 1280
E(0.081580,0.136862) = 0.000109428411525
[H,5] = 0.000109428411525
Number of instructions for commutator calculation: 2326
E(0.081580,0.136862) = 2.832386019e-05
[H,7] = 2.832386019e-05
Number of instructions for commutator calculation: 2424
E(0.081580,0.136862) = 2.01048038523e-14
Number of instructions for commutator calculation: 2424
E(0.081580,0.136862) = -1.52451156486e-12
Number of instructions for commutator calculation: 1472
E(0.081580,0.136862) = 0.000167076383811
[H,13] = 0.000167076383811
Number of instructions for commutator calculation: 2406
E(0.081580,0.136862) = 3.77803119095e-05
[H,15] = 3.77803119095e-05
Number of instructions for commutator calculation: 2406
E(0.081580,0.136862) = -7.59972337357e-05
[H,17] = -7.59972337357e-05
Number of instructions for commutator calculation: 1328
E(0.081580,0.136862) = 0.323582245067
[H,19] = 0.323582245067
Number of instructions for commutator calculation: 2360
E(0.081580,0.136862) = -3.92409329397e-19
Number of instructions for commutator calculation: 1328
E(0.081580,0.136862) = 0.323582468253
[H,23] = 0.323582468253
Max gradient component: [H, 23] = 0.323582468253 a.u.
Norm of gradient vector: 0.457626198557 a.u.
vqe optimization of current ansatz.
020-08-04 02:16:49.494] [xacc-logger] [info] Chosen optimizer does not support gradients. Using default.
E(0.000000,0,0) = -1.13712988535
E(1.570796,0,0) = 0.637355319653
E(0.000000,1.5708,0) = 0.561272225269
E(0.000000,0,1.5708) = 0.0364941668385
E(-1.023908,-0.980007,-0.677201) = 0.670470057197
E(-0.511954,-0.490003,-0.3386) = -0.329267353999
E(0.361673,-0.125861,-0.086972) = -0.984661391174
E(-0.000000,0.0751801,-0.0287496) = -1.13792556788
E(0.028729,0.217444,0.336145) = -1.10978269752
E(-0.017127,0.0185275,-0.0136209) = -1.13372844582
E(-0.347528,0.224206,-0.134712) = -0.890761651531
E(0.056504,0.0946133,-0.0466821) = -1.13868556212
E(-0.097195,0.414536,-0.214727) = -0.921806265968
E(-0.233737,-0.165824,-0.0003629) = -0.973022886225
E(0.243256,0.0358588,-0.0316938) = -1.10728602361
E(0.010607,0.00932511,-0.030629) = -1.13273477692
E(0.056036,0.103017,-0.0247005) = -1.14456308426
E(0.013114,0.161808,0.0411756) = -1.14813147502
E(0.084097,0.152455,0.10835) = -1.15969930325
E(0.158721,0.198752,0.152236) = -1.14054109336
E(0.051583,0.0779672,0.163419) = -1.1652955587
E(0.103369,0.0120126,0.112365) = -1.15931993335
E(0.075414,0.0858177,0.258333) = -1.15347241227
E(0.005035,0.0717456,0.149131) = -1.16127122454
E(0.063632,0.0593907,0.15283) = -1.16554050371
E(0.062456,0.0526469,0.161247) = -1.1648548114
E(0.083624,0.0724873,0.147244) = -1.16589896929
E(0.079224,0.0784987,0.123859) = -1.16613049711
E(0.097379,0.0814349,0.107604) = -1.16485178584
E(0.074360,0.0893831,0.126769) = -1.16617166611
E(0.070178,0.0868146,0.126851) = -1.16624401548
E(0.058990,0.0857044,0.121932) = -1.16604440173
E(0.070000,0.0837702,0.13016) = -1.16630983145
E(0.071921,0.087327,0.141747) = -1.16623132405
E(0.064813,0.0805402,0.130715) = -1.1663001491
E(0.071737,0.0812498,0.129957) = -1.16631416006
E(0.071956,0.0819749,0.130362) = -1.16631404218
E(0.070763,0.0800359,0.132601) = -1.16633304197
E(0.070246,0.0786196,0.135273) = -1.16633376719
E(0.070925,0.0777578,0.135072) = -1.16632781586
E(0.067481,0.0777143,0.134299) = -1.16632539043
E(0.070185,0.0812835,0.136794) = -1.16633292575
E(0.071730,0.0783425,0.135546) = -1.16632684857
E(0.070068,0.0792869,0.135606) = -1.16633581233
E(0.069355,0.0795653,0.13566) = -1.16633682635
E(0.069230,0.0802105,0.136055) = -1.16633674501
E(0.069328,0.079406,0.135771) = -1.16633628862
E(0.069120,0.0798922,0.135007) = -1.16633799641
E(0.069674,0.0802255,0.134595) = -1.16633844249
E(0.069466,0.0809551,0.134708) = -1.16633824562
E(0.069501,0.0801743,0.133849) = -1.16633798873
E(0.070038,0.0802197,0.134715) = -1.16633807071
Energy at ADAPT iteration 3: -1.16633844249
Parameters at ADAPT iteration 3: 0.0696742187518 0.0802254990228 0.134594532836 
Ansatz at ADAPT iteration 3: 5 13 23 
Iteration: 4
Computing [H, A]
Printing commutators with absolute value above 0.000000
Number of instructions for commutator calculation: 424
E(0.069674,0.0802255,0.134595) = 3.5201823298e-07
[H,0] = 3.5201823298e-07
Number of instructions for commutator calculation: 480
E(0.069674,0.0802255,0.134595) = -0.00442916278468
[H,1] = -0.00442916278468
Number of instructions for commutator calculation: 444
E(0.069674,0.0802255,0.134595) = -6.77749034536e-06
[H,2] = -6.77749034536e-06
Number of instructions for commutator calculation: 444
E(0.069674,0.0802255,0.134595) = 8.997064992e-06
[H,3] = 8.997064992e-06
Number of instructions for commutator calculation: 1280
E(0.069674,0.0802255,0.134595) = 5.36385594237e-05
[H,5] = 5.36385594237e-05
Number of instructions for commutator calculation: 2326
E(0.069674,0.0802255,0.134595) = 2.78542988419e-05
[H,7] = 2.78542988419e-05
Number of instructions for commutator calculation: 2424
E(0.069674,0.0802255,0.134595) = 1.68548965256e-13
Number of instructions for commutator calculation: 2424
E(0.069674,0.0802255,0.134595) = -6.69507267739e-13
Number of instructions for commutator calculation: 1472
E(0.069674,0.0802255,0.134595) = 0.0009337024594
[H,13] = 0.0009337024594
Number of instructions for commutator calculation: 2406
E(0.069674,0.0802255,0.134595) = 3.83270969449e-05
[H,15] = 3.83270969449e-05
Number of instructions for commutator calculation: 2406
E(0.069674,0.0802255,0.134595) = -6.96751094959e-05
[H,17] = -6.96751094959e-05
Number of instructions for commutator calculation: 1328
E(0.069674,0.0802255,0.134595) = 0.31826217376
[H,19] = 0.31826217376
Number of instructions for commutator calculation: 2360
E(0.069674,0.0802255,0.134595) = 1.47922918692e-06
[H,21] = 1.47922918692e-06
Number of instructions for commutator calculation: 1328
E(0.069674,0.0802255,0.134595) = -0.00112892431063
[H,23] = -0.00112892431063
Max gradient component: [H, 19] = 0.31826217376 a.u.
Norm of gradient vector: 0.318296379348 a.u.
vqe optimization of current ansatz.
020-08-04 02:52:04.679] [xacc-logger] [info] Chosen optimizer does not support gradients. Using default.
E(0.000000,0,0,0) = -1.13712988544
E(1.570796,0,0,0) = 0.637355487957
E(0.000000,1.5708,0,0) = 0.637355319647
E(0.000000,0,1.5708,0) = 0.561272225269
E(0.000000,0,0,1.5708) = 0.0364941668384
E(-0.857767,-0.857767,-0.820989,-0.567317) = 0.749114767121
E(-0.428884,-0.428884,-0.410495,-0.283659) = -0.283839155813
E(0.367956,-0.0894247,-0.0855905,-0.0591445) = -0.982728630407
E(0.000000,0.129193,-0.0962686,0) = -1.11152773032
E(0.010279,0.190604,0.308966,-0.149388) = -1.03107008249
E(0.009969,0.0331222,0.0960197,0.379205) = -1.11680079976
E(-0.166284,-0.0951352,-0.0425725,0.00630666) = -1.04085711842
E(0.009674,0.0123137,0.0255853,0.0934797) = -1.15885257684
E(0.012186,-0.00505281,0.00791239,0.0990303) = -1.15423582341
E(0.090180,0.0189508,0.0792638,0.108703) = -1.16791242322
E(0.059247,0.0227777,0.159869,0.155282) = -1.16161787637
E(0.086616,0.0352996,0.071972,0.111934) = -1.16970032143
E(0.158122,0.0633855,0.0413606,0.164843) = -1.1599003803
E(0.081771,0.0603429,0.0708844,0.116076) = -1.17119183313
E(0.106116,0.095723,0.10041,0.0328773) = -1.160752936
E(0.003299,0.0636901,0.0120641,0.119158) = -1.16125995626
E(0.042535,0.0620165,0.0414743,0.117617) = -1.16904541384
E(0.061659,0.0617618,0.108491,0.140343) = -1.17066485393
E(0.080407,0.0708087,0.0808711,0.0962958) = -1.17052947201
E(0.097394,0.0744441,0.0677063,0.128298) = -1.17058607182
E(0.076942,0.0607818,0.08017,0.122469) = -1.17154487124
E(0.076232,0.0641213,0.0786132,0.122959) = -1.17161130373
E(0.065378,0.0634799,0.0762169,0.128122) = -1.17171125802
E(0.059310,0.0694815,0.0829885,0.122474) = -1.17158243639
E(0.067829,0.0637177,0.0757779,0.130234) = -1.17173369645
E(0.064580,0.057041,0.0801706,0.138961) = -1.17158191905
E(0.066115,0.0628821,0.0753203,0.130177) = -1.17171349631
E(0.070011,0.0721767,0.0683714,0.134642) = -1.17161808156
E(0.067513,0.0647824,0.0781325,0.130677) = -1.17175802226
E(0.057482,0.067998,0.0791337,0.12446) = -1.17158313338
E(0.069946,0.0720579,0.0869813,0.134343) = -1.17168378097
E(0.066159,0.0607881,0.0787016,0.135097) = -1.17170163334
E(0.068124,0.0643241,0.0785237,0.129982) = -1.17175322403
E(0.070994,0.0667125,0.0735114,0.131346) = -1.17172724254
E(0.067509,0.0658036,0.0788136,0.13143) = -1.17176843907
E(0.071787,0.0658192,0.082983,0.13003) = -1.17173688297
E(0.067699,0.0659967,0.0788334,0.133096) = -1.17177056987
E(0.064414,0.071061,0.0799213,0.133262) = -1.17174975178
E(0.066694,0.0656606,0.0787627,0.131583) = -1.17176539456
E(0.065445,0.0621021,0.0797415,0.137167) = -1.17170661882
E(0.066572,0.0640494,0.0792875,0.135131) = -1.17174800225
E(0.067908,0.0659751,0.0799719,0.13297) = -1.17177065703
E(0.070674,0.0666993,0.079396,0.132019) = -1.1717680238
E(0.067539,0.0674439,0.0800972,0.13318) = -1.17177485998
E(0.067398,0.0683342,0.0803043,0.134404) = -1.17177200563
E(0.068740,0.0681541,0.0798344,0.1326) = -1.17177673545
E(0.068432,0.0685219,0.0798419,0.132002) = -1.17177672458
E(0.068764,0.0681515,0.0801599,0.132558) = -1.17177620118
E(0.069067,0.0678798,0.0792948,0.132261) = -1.1717764899
E(0.068831,0.0687526,0.0794898,0.132921) = -1.17177635118
E(0.068417,0.0680176,0.0797021,0.132682) = -1.17177703884
E(0.068315,0.0682419,0.0794782,0.132873) = -1.17177711868
E(0.068304,0.0682986,0.0794729,0.132789) = -1.17177716213
E(0.068277,0.0681673,0.0791514,0.132629) = -1.17177727676
E(0.067916,0.0681879,0.0791044,0.132508) = -1.17177712499
E(0.068305,0.0681826,0.0791706,0.132561) = -1.17177728754
E(0.068570,0.0682439,0.0789019,0.132529) = -1.17177705562
E(0.068303,0.0681008,0.0791552,0.132632) = -1.17177726046
E(0.068374,0.0679821,0.0793684,0.13231) = -1.17177725168
Energy at ADAPT iteration 4: -1.17177728754
Parameters at ADAPT iteration 4: 0.0683052798807 0.0681825631615 0.0791705720429 0.132561263852 
Ansatz at ADAPT iteration 4: 5 13 23 19 
Iteration: 5
Computing [H, A]
Printing commutators with absolute value above 0.000000
Number of instructions for commutator calculation: 424
E(0.068305,0.0681826,0.0791706,0.132561) = 6.57564863686e-07
[H,0] = 6.57564863686e-07
Number of instructions for commutator calculation: 480
E(0.068305,0.0681826,0.0791706,0.132561) = -0.00555073499213
[H,1] = -0.00555073499213
Number of instructions for commutator calculation: 444
E(0.068305,0.0681826,0.0791706,0.132561) = -5.31782781352e-06
[H,2] = -5.31782781352e-06
Number of instructions for commutator calculation: 444
E(0.068305,0.0681826,0.0791706,0.132561) = 1.07048325721e-05
[H,3] = 1.07048325721e-05
Number of instructions for commutator calculation: 1280
E(0.068305,0.0681826,0.0791706,0.132561) = -0.000425221423411
[H,5] = -0.000425221423411
Number of instructions for commutator calculation: 2326
E(0.068305,0.0681826,0.0791706,0.132561) = 2.74163543673e-05
[H,7] = 2.74163543673e-05
Number of instructions for commutator calculation: 2424
E(0.068305,0.0681826,0.0791706,0.132561) = -4.11533609444e-11
Number of instructions for commutator calculation: 2424
E(0.068305,0.0681826,0.0791706,0.132561) = 1.3862174352e-10
[H,11] = 1.3862174352e-10
Number of instructions for commutator calculation: 1472
E(0.068305,0.0681826,0.0791706,0.132561) = 0.000597445852439
[H,13] = 0.000597445852439
Number of instructions for commutator calculation: 2406
E(0.068305,0.0681826,0.0791706,0.132561) = 3.52378330994e-05
[H,15] = 3.52378330994e-05
Number of instructions for commutator calculation: 2406
E(0.068305,0.0681826,0.0791706,0.132561) = -7.08672500936e-05
[H,17] = -7.08672500936e-05
Number of instructions for commutator calculation: 1328
E(0.068305,0.0681826,0.0791706,0.132561) = -8.57276927099e-05
[H,19] = -8.57276927099e-05
Number of instructions for commutator calculation: 2360
E(0.068305,0.0681826,0.0791706,0.132561) = -4.0673185936e-07
[H,21] = -4.0673185936e-07
Number of instructions for commutator calculation: 1328
E(0.068305,0.0681826,0.0791706,0.132561) = 0.000113095960474
[H,23] = 0.000113095960474
Max gradient component: [H, 1] = -0.00555073499213 a.u.
Norm of gradient vector: 0.00560140274316 a.u.
ADAPT-vqe converged in 4 iterations.
ADAPT-vqe energy: -1.17177728754 a.u.
Operators in the ansatz
(0,-0.176777) X0 Y1 X5 X6 + (0,0.176777) X0 X1 Y5 X6 + (0,0.176777) Y0 X1 Y5 Y6 + (0,-0.176777) X0 Y1 Y5 Y6 + (0,-0.176777) X0 X1 X5 Y6 + (0,0.176777) Y0 Y1 Y5 X6 + (0,0.176777) Y0 X1 X5 X6 + (0,-0.176777) Y0 Y1 X5 Y6
(0,-0.176777) X0 Z1 Y2 Y5 Z6 Y7 + (0,-0.176777) Y0 Z1 Y2 X5 Z6 Y7 + (0,0.176777) Y0 Z1 X2 Y5 Z6 Y7 + (0,-0.176777) X0 Z1 Y2 X5 Z6 X7 + (0,0.176777) X0 Z1 X2 Y5 Z6 X7 + (0,-0.176777) X0 Z1 X2 X5 Z6 Y7 + (0,0.176777) Y0 Z1 Y2 Y5 Z6 X7 + (0,0.176777) Y0 Z1 X2 X5 Z6 X7
(0,0.176777) Y0 Z1 Z2 Z3 X4 X5 Z6 Z7 Z8 X9 + (0,0.176777) Y0 Z1 Z2 Z3 Y4 Y5 Z6 Z7 Z8 X9 + (0,-0.176777) Y0 Z1 Z2 Z3 Y4 X5 Z6 Z7 Z8 Y9 + (0,-0.176777) X0 Z1 Z2 Z3 X4 X5 Z6 Z7 Z8 Y9 + (0,-0.176777) X0 Z1 Z2 Z3 Y4 Y5 Z6 Z7 Z8 Y9 + (0,-0.176777) X0 Z1 Z2 Z3 Y4 X5 Z6 Z7 Z8 X9 + (0,0.176777) Y0 Z1 Z2 Z3 X4 Y5 Z6 Z7 Z8 Y9 + (0,0.176777) X0 Z1 Z2 Z3 X4 Y5 Z6 Z7 Z8 X9
(0,0.176777) Y0 Z1 Z2 X3 X5 Z6 Z7 X8 + (0,-0.176777) X0 Z1 Z2 Y3 X5 Z6 Z7 X8 + (0,-0.176777) X0 Z1 Z2 Y3 Y5 Z6 Z7 Y8 + (0,0.176777) Y0 Z1 Z2 Y3 Y5 Z6 Z7 X8 + (0,0.176777) Y0 Z1 Z2 X3 Y5 Z6 Z7 Y8 + (0,0.176777) X0 Z1 Z2 X3 Y5 Z6 Z7 X8 + (0,-0.176777) X0 Z1 Z2 X3 X5 Z6 Z7 Y8 + (0,-0.176777) Y0 Z1 Z2 Y3 X5 Z6 Z7 Y8
Optimal parameters: 0.0683052798807 0.0681825631615 0.0791705720429 0.132561263852 
Final ADAPT-vqe circuit
X q0
X q5
H q0
H q1
H q5
Rx(1.57079) q6
CNOT q0,q1
CNOT q1,q5
CNOT q5,q6
Rz(-0.176777*x0) q6
CNOT q5,q6
CNOT q1,q5
CNOT q0,q1
H q0
H q1
H q5
Rx(-1.57079) q6
Rx(1.57079) q0
Rx(1.57079) q1
Rx(1.57079) q5
H q6
CNOT q0,q1
CNOT q1,q5
CNOT q5,q6
Rz(0.176777*x0) q6
CNOT q5,q6
CNOT q1,q5
CNOT q0,q1
Rx(-1.57079) q0
Rx(-1.57079) q1
Rx(-1.57079) q5
H q6
Rx(1.57079) q0
Rx(1.57079) q1
H q5
Rx(1.57079) q6
CNOT q0,q1
CNOT q1,q5
CNOT q5,q6
Rz(-0.176777*x0) q6
CNOT q5,q6
CNOT q1,q5
CNOT q0,q1
Rx(-1.57079) q0
Rx(-1.57079) q1
H q5
Rx(-1.57079) q6
Rx(1.57079) q0
H q1
Rx(1.57079) q5
Rx(1.57079) q6
CNOT q0,q1
CNOT q1,q5
CNOT q5,q6
Rz(0.176777*x0) q6
CNOT q5,q6
CNOT q1,q5
CNOT q0,q1
Rx(-1.57079) q0
H q1
Rx(-1.57079) q5
Rx(-1.57079) q6
H q0
Rx(1.57079) q1
Rx(1.57079) q5
Rx(1.57079) q6
CNOT q0,q1
CNOT q1,q5
CNOT q5,q6
Rz(-0.176777*x0) q6
CNOT q5,q6
CNOT q1,q5
CNOT q0,q1
H q0
Rx(-1.57079) q1
Rx(-1.57079) q5
Rx(-1.57079) q6
H q0
Rx(1.57079) q1
H q5
H q6
CNOT q0,q1
CNOT q1,q5
CNOT q5,q6
Rz(-0.176777*x0) q6
CNOT q5,q6
CNOT q1,q5
CNOT q0,q1
H q0
Rx(-1.57079) q1
H q5
H q6
Rx(1.57079) q0
H q1
H q5
H q6
CNOT q0,q1
CNOT q1,q5
CNOT q5,q6
Rz(0.176777*x0) q6
CNOT q5,q6
CNOT q1,q5
CNOT q0,q1
Rx(-1.57079) q0
H q1
H q5
H q6
H q0
H q1
Rx(1.57079) q5
H q6
CNOT q0,q1
CNOT q1,q5
CNOT q5,q6
Rz(0.176777*x0) q6
CNOT q5,q6
CNOT q1,q5
CNOT q0,q1
H q0
H q1
Rx(-1.57079) q5
H q6
H q0
Rx(1.57079) q2
H q5
H q7
CNOT q0,q1
CNOT q1,q2
CNOT q2,q5
CNOT q5,q6
CNOT q6,q7
Rz(-0.176777*x1) q7
CNOT q6,q7
CNOT q5,q6
CNOT q2,q5
CNOT q1,q2
CNOT q0,q1
H q0
Rx(-1.57079) q2
H q5
H q7
H q0
H q2
Rx(1.57079) q5
H q7
CNOT q0,q1
CNOT q1,q2
CNOT q2,q5
CNOT q5,q6
CNOT q6,q7
Rz(0.176777*x1) q7
CNOT q6,q7
CNOT q5,q6
CNOT q2,q5
CNOT q1,q2
CNOT q0,q1
H q0
H q2
Rx(-1.57079) q5
H q7
H q0
Rx(1.57079) q2
Rx(1.57079) q5
Rx(1.57079) q7
CNOT q0,q1
CNOT q1,q2
CNOT q2,q5
CNOT q5,q6
CNOT q6,q7
Rz(-0.176777*x1) q7
CNOT q6,q7
CNOT q5,q6
CNOT q2,q5
CNOT q1,q2
CNOT q0,q1
H q0
Rx(-1.57079) q2
Rx(-1.57079) q5
Rx(-1.57079) q7
Rx(1.57079) q0
Rx(1.57079) q2
Rx(1.57079) q5
H q7
CNOT q0,q1
CNOT q1,q2
CNOT q2,q5
CNOT q5,q6
CNOT q6,q7
Rz(0.176777*x1) q7
CNOT q6,q7
CNOT q5,q6
CNOT q2,q5
CNOT q1,q2
CNOT q0,q1
Rx(-1.57079) q0
Rx(-1.57079) q2
Rx(-1.57079) q5
H q7
Rx(1.57079) q0
H q2
H q5
H q7
CNOT q0,q1
CNOT q1,q2
CNOT q2,q5
CNOT q5,q6
CNOT q6,q7
Rz(0.176777*x1) q7
CNOT q6,q7
CNOT q5,q6
CNOT q2,q5
CNOT q1,q2
CNOT q0,q1
Rx(-1.57079) q0
H q2
H q5
H q7
Rx(1.57079) q0
Rx(1.57079) q2
H q5
Rx(1.57079) q7
CNOT q0,q1
CNOT q1,q2
CNOT q2,q5
CNOT q5,q6
CNOT q6,q7
Rz(-0.176777*x1) q7
CNOT q6,q7
CNOT q5,q6
CNOT q2,q5
CNOT q1,q2
CNOT q0,q1
Rx(-1.57079) q0
Rx(-1.57079) q2
H q5
Rx(-1.57079) q7
H q0
H q2
H q5
Rx(1.57079) q7
CNOT q0,q1
CNOT q1,q2
CNOT q2,q5
CNOT q5,q6
CNOT q6,q7
Rz(-0.176777*x1) q7
CNOT q6,q7
CNOT q5,q6
CNOT q2,q5
CNOT q1,q2
CNOT q0,q1
H q0
H q2
H q5
Rx(-1.57079) q7
Rx(1.57079) q0
H q2
Rx(1.57079) q5
Rx(1.57079) q7
CNOT q0,q1
CNOT q1,q2
CNOT q2,q5
CNOT q5,q6
CNOT q6,q7
Rz(0.176777*x1) q7
CNOT q6,q7
CNOT q5,q6
CNOT q2,q5
CNOT q1,q2
CNOT q0,q1
Rx(-1.57079) q0
H q2
Rx(-1.57079) q5
Rx(-1.57079) q7
H q0
Rx(1.57079) q4
Rx(1.57079) q5
Rx(1.57079) q9
CNOT q0,q1
CNOT q1,q2
CNOT q2,q3
CNOT q3,q4
CNOT q4,q5
CNOT q5,q6
CNOT q6,q7
CNOT q7,q8
CNOT q8,q9
Rz(-0.176777*x2) q9
CNOT q8,q9
CNOT q7,q8
CNOT q6,q7
CNOT q5,q6
CNOT q4,q5
CNOT q3,q4
CNOT q2,q3
CNOT q1,q2
CNOT q0,q1
H q0
Rx(-1.57079) q4
Rx(-1.57079) q5
Rx(-1.57079) q9
Rx(1.57079) q0
H q4
H q5
H q9
CNOT q0,q1
CNOT q1,q2
CNOT q2,q3
CNOT q3,q4
CNOT q4,q5
CNOT q5,q6
CNOT q6,q7
CNOT q7,q8
CNOT q8,q9
Rz(0.176777*x2) q9
CNOT q8,q9
CNOT q7,q8
CNOT q6,q7
CNOT q5,q6
CNOT q4,q5
CNOT q3,q4
CNOT q2,q3
CNOT q1,q2
CNOT q0,q1
Rx(-1.57079) q0
H q4
H q5
H q9
Rx(1.57079) q0
Rx(1.57079) q4
Rx(1.57079) q5
H q9
CNOT q0,q1
CNOT q1,q2
CNOT q2,q3
CNOT q3,q4
CNOT q4,q5
CNOT q5,q6
CNOT q6,q7
CNOT q7,q8
CNOT q8,q9
Rz(0.176777*x2) q9
CNOT q8,q9
CNOT q7,q8
CNOT q6,q7
CNOT q5,q6
CNOT q4,q5
CNOT q3,q4
CNOT q2,q3
CNOT q1,q2
CNOT q0,q1
Rx(-1.57079) q0
Rx(-1.57079) q4
Rx(-1.57079) q5
H q9
Rx(1.57079) q0
H q4
Rx(1.57079) q5
Rx(1.57079) q9
CNOT q0,q1
CNOT q1,q2
CNOT q2,q3
CNOT q3,q4
CNOT q4,q5
CNOT q5,q6
CNOT q6,q7
CNOT q7,q8
CNOT q8,q9
Rz(0.176777*x2) q9
CNOT q8,q9
CNOT q7,q8
CNOT q6,q7
CNOT q5,q6
CNOT q4,q5
CNOT q3,q4
CNOT q2,q3
CNOT q1,q2
CNOT q0,q1
Rx(-1.57079) q0
H q4
Rx(-1.57079) q5
Rx(-1.57079) q9
H q0
H q4
Rx(1.57079) q5
H q9
CNOT q0,q1
CNOT q1,q2
CNOT q2,q3
CNOT q3,q4
CNOT q4,q5
CNOT q5,q6
CNOT q6,q7
CNOT q7,q8
CNOT q8,q9
Rz(0.176777*x2) q9
CNOT q8,q9
CNOT q7,q8
CNOT q6,q7
CNOT q5,q6
CNOT q4,q5
CNOT q3,q4
CNOT q2,q3
CNOT q1,q2
CNOT q0,q1
H q0
H q4
Rx(-1.57079) q5
H q9
H q0
Rx(1.57079) q4
H q5
H q9
CNOT q0,q1
CNOT q1,q2
CNOT q2,q3
CNOT q3,q4
CNOT q4,q5
CNOT q5,q6
CNOT q6,q7
CNOT q7,q8
CNOT q8,q9
Rz(-0.176777*x2) q9
CNOT q8,q9
CNOT q7,q8
CNOT q6,q7
CNOT q5,q6
CNOT q4,q5
CNOT q3,q4
CNOT q2,q3
CNOT q1,q2
CNOT q0,q1
H q0
Rx(-1.57079) q4
H q5
H q9
Rx(1.57079) q0
Rx(1.57079) q4
H q5
Rx(1.57079) q9
CNOT q0,q1
CNOT q1,q2
CNOT q2,q3
CNOT q3,q4
CNOT q4,q5
CNOT q5,q6
CNOT q6,q7
CNOT q7,q8
CNOT q8,q9
Rz(-0.176777*x2) q9
CNOT q8,q9
CNOT q7,q8
CNOT q6,q7
CNOT q5,q6
CNOT q4,q5
CNOT q3,q4
CNOT q2,q3
CNOT q1,q2
CNOT q0,q1
Rx(-1.57079) q0
Rx(-1.57079) q4
H q5
Rx(-1.57079) q9
H q0
H q4
H q5
Rx(1.57079) q9
CNOT q0,q1
CNOT q1,q2
CNOT q2,q3
CNOT q3,q4
CNOT q4,q5
CNOT q5,q6
CNOT q6,q7
CNOT q7,q8
CNOT q8,q9
Rz(-0.176777*x2) q9
CNOT q8,q9
CNOT q7,q8
CNOT q6,q7
CNOT q5,q6
CNOT q4,q5
CNOT q3,q4
CNOT q2,q3
CNOT q1,q2
CNOT q0,q1
H q0
H q4
H q5
Rx(-1.57079) q9
Rx(1.57079) q0
H q3
Rx(1.57079) q5
Rx(1.57079) q8
CNOT q0,q1
CNOT q1,q2
CNOT q2,q3
CNOT q3,q5
CNOT q5,q6
CNOT q6,q7
CNOT q7,q8
Rz(0.176777*x3) q8
CNOT q7,q8
CNOT q6,q7
CNOT q5,q6
CNOT q3,q5
CNOT q2,q3
CNOT q1,q2
CNOT q0,q1
Rx(-1.57079) q0
H q3
Rx(-1.57079) q5
Rx(-1.57079) q8
Rx(1.57079) q0
Rx(1.57079) q3
H q5
Rx(1.57079) q8
CNOT q0,q1
CNOT q1,q2
CNOT q2,q3
CNOT q3,q5
CNOT q5,q6
CNOT q6,q7
CNOT q7,q8
Rz(-0.176777*x3) q8
CNOT q7,q8
CNOT q6,q7
CNOT q5,q6
CNOT q3,q5
CNOT q2,q3
CNOT q1,q2
CNOT q0,q1
Rx(-1.57079) q0
Rx(-1.57079) q3
H q5
Rx(-1.57079) q8
H q0
H q3
Rx(1.57079) q5
H q8
CNOT q0,q1
CNOT q1,q2
CNOT q2,q3
CNOT q3,q5
CNOT q5,q6
CNOT q6,q7
CNOT q7,q8
Rz(0.176777*x3) q8
CNOT q7,q8
CNOT q6,q7
CNOT q5,q6
CNOT q3,q5
CNOT q2,q3
CNOT q1,q2
CNOT q0,q1
H q0
H q3
Rx(-1.57079) q5
H q8
H q0
Rx(1.57079) q3
H q5
H q8
CNOT q0,q1
CNOT q1,q2
CNOT q2,q3
CNOT q3,q5
CNOT q5,q6
CNOT q6,q7
CNOT q7,q8
Rz(-0.176777*x3) q8
CNOT q7,q8
CNOT q6,q7
CNOT q5,q6
CNOT q3,q5
CNOT q2,q3
CNOT q1,q2
CNOT q0,q1
H q0
Rx(-1.57079) q3
H q5
H q8
Rx(1.57079) q0
H q3
H q5
H q8
CNOT q0,q1
CNOT q1,q2
CNOT q2,q3
CNOT q3,q5
CNOT q5,q6
CNOT q6,q7
CNOT q7,q8
Rz(0.176777*x3) q8
CNOT q7,q8
CNOT q6,q7
CNOT q5,q6
CNOT q3,q5
CNOT q2,q3
CNOT q1,q2
CNOT q0,q1
Rx(-1.57079) q0
H q3
H q5
H q8
Rx(1.57079) q0
Rx(1.57079) q3
Rx(1.57079) q5
H q8
CNOT q0,q1
CNOT q1,q2
CNOT q2,q3
CNOT q3,q5
CNOT q5,q6
CNOT q6,q7
CNOT q7,q8
Rz(0.176777*x3) q8
CNOT q7,q8
CNOT q6,q7
CNOT q5,q6
CNOT q3,q5
CNOT q2,q3
CNOT q1,q2
CNOT q0,q1
Rx(-1.57079) q0
Rx(-1.57079) q3
Rx(-1.57079) q5
H q8
H q0
Rx(1.57079) q3
Rx(1.57079) q5
Rx(1.57079) q8
CNOT q0,q1
CNOT q1,q2
CNOT q2,q3
CNOT q3,q5
CNOT q5,q6
CNOT q6,q7
CNOT q7,q8
Rz(-0.176777*x3) q8
CNOT q7,q8
CNOT q6,q7
CNOT q5,q6
CNOT q3,q5
CNOT q2,q3
CNOT q1,q2
CNOT q0,q1
H q0
Rx(-1.57079) q3
Rx(-1.57079) q5
Rx(-1.57079) q8
H q0
H q3
H q5
Rx(1.57079) q8
CNOT q0,q1
CNOT q1,q2
CNOT q2,q3
CNOT q3,q5
CNOT q5,q6
CNOT q6,q7
CNOT q7,q8
Rz(-0.176777*x3) q8
CNOT q7,q8
CNOT q6,q7
CNOT q5,q6
CNOT q3,q5
CNOT q2,q3
CNOT q1,q2
CNOT q0,q1
H q0
H q3
H q5
Rx(-1.57079) q8
[0m
-1.171777287539642
[0.06830527988074815, 0.06818256316150116, 0.0791705720428954, 0.1325612638523055]
[5, 13, 23, 19]
