Operator pool: singlet-adapted-uccsd
Number of operators in the pool: 24
Iteration: 1
Computing [H, A]
Printing commutators with absolute value above 0.000000
Number of instructions for commutator calculation: 424
E() = 1.00000000019e-09
[H,0] = 1.00000000019e-09
Number of instructions for commutator calculation: 480
E() = -5.13800000192e-07
[H,1] = -5.13800000192e-07
Number of instructions for commutator calculation: 424
E() = -4.00000000164e-10
[H,2] = -4.00000000164e-10
Number of instructions for commutator calculation: 424
E() = -1.99999999882e-10
[H,3] = -1.99999999882e-10
Number of instructions for commutator calculation: 1280
E() = 0.463388643297
[H,5] = 0.463388643297
Number of instructions for commutator calculation: 2326
E() = 2.40088208057e-05
[H,7] = 2.40088208057e-05
Number of instructions for commutator calculation: 2344
E() = -1.02672225388e-32
Number of instructions for commutator calculation: 2344
E() = -1.02674445362e-32
Number of instructions for commutator calculation: 1472
E() = 0.408776567968
[H,13] = 0.408776567968
Number of instructions for commutator calculation: 2326
E() = 2.81337989244e-05
[H,15] = 2.81337989244e-05
Number of instructions for commutator calculation: 2326
E() = -2.18286691779e-05
[H,17] = -2.18286691779e-05
Number of instructions for commutator calculation: 1280
E() = 0.36955376324
[H,19] = 0.36955376324
Number of instructions for commutator calculation: 2312
E() = -9.11018649597e-33
Number of instructions for commutator calculation: 1280
E() = 0.369557074762
[H,23] = 0.369557074762
Max gradient component: [H, 5] = 0.463388643297 a.u.
Norm of gradient vector: 0.809302004528 a.u.
vqe optimization of current ansatz.
020-08-03 23:27:10.923] [xacc-logger] [info] Chosen optimizer does not support gradients. Using default.
E(0.000000) = -1.1237322117
E(1.570796) = 0.301682865426
E(-1.570796) = 0.562403127526
E(-0.785398) = -0.43823688587
E(0.392699) = -1.06449612363
E(-0.196350) = -1.04170635682
E(0.098175) = -1.13708215154
E(0.196350) = -1.13152788211
E(0.147262) = -1.13666989456
E(0.073631) = -1.13551309804
E(0.110447) = -1.13742299712
E(0.122718) = -1.13746789871
E(0.134990) = -1.1372168488
E(0.128854) = -1.13737936666
E(0.119650) = -1.13748442152
E(0.116583) = -1.13748244306
E(0.118117) = -1.13748574328
E(0.116583) = -1.13748244306
E(0.117350) = -1.13748468263
E(0.118500) = -1.13748584654
E(0.118884) = -1.13748565953
Energy at ADAPT iteration 1: -1.13748584654
Parameters at ADAPT iteration 1: 0.118500013843 
Ansatz at ADAPT iteration 1: 5 
Iteration: 2
Computing [H, A]
Printing commutators with absolute value above 0.000000
Number of instructions for commutator calculation: 424
E(0.118500) = 6.45969515708e-07
[H,0] = 6.45969515708e-07
Number of instructions for commutator calculation: 480
E(0.118500) = -0.00333223870121
[H,1] = -0.00333223870121
Number of instructions for commutator calculation: 424
E(0.118500) = -1.41153612643e-06
[H,2] = -1.41153612643e-06
Number of instructions for commutator calculation: 424
E(0.118500) = 1.09341739024e-06
[H,3] = 1.09341739024e-06
Number of instructions for commutator calculation: 1280
E(0.118500) = -0.000218806074275
[H,5] = -0.000218806074275
Number of instructions for commutator calculation: 2326
E(0.118500) = 2.87098927977e-05
[H,7] = 2.87098927977e-05
Number of instructions for commutator calculation: 2344
E(0.118500) = -1.01836327248e-15
Number of instructions for commutator calculation: 2344
E(0.118500) = -2.30533222012e-16
Number of instructions for commutator calculation: 1472
E(0.118500) = 0.396972126007
[H,13] = 0.396972126007
Number of instructions for commutator calculation: 2326
E(0.118500) = 2.83199131618e-05
[H,15] = 2.83199131618e-05
Number of instructions for commutator calculation: 2326
E(0.118500) = -2.19729898916e-05
[H,17] = -2.19729898916e-05
Number of instructions for commutator calculation: 1280
E(0.118500) = 0.356973485001
[H,19] = 0.356973485001
Number of instructions for commutator calculation: 2312
E(0.118500) = 7.40211815712e-22
Number of instructions for commutator calculation: 1280
E(0.118500) = 0.356976679347
[H,23] = 0.356976679347
Max gradient component: [H, 13] = 0.396972126007 a.u.
Norm of gradient vector: 0.642230831728 a.u.
vqe optimization of current ansatz.
020-08-03 23:33:58.561] [xacc-logger] [info] Chosen optimizer does not support gradients. Using default.
E(0.000000,0) = -1.1237322117
E(1.570796,0) = 0.713103755872
E(0.000000,1.5708) = 0.301682865426
E(-1.240970,-0.963013) = 0.729192810399
E(-0.620485,-0.481507) = -0.315567675711
E(0.357813,-0.161809) = -0.983433351029
E(0.065069,0.387271) = -1.07386678302
E(-0.194463,-0.0271533) = -1.03169381676
E(0.017771,0.0965529) = -1.14018123078
E(0.114304,0.114431) = -1.1442558083
E(0.120726,0.212396) = -1.1344197593
E(0.139228,0.0721416) = -1.13969323223
E(0.090494,0.108475) = -1.14542124829
E(0.073491,0.126175) = -1.14540587729
E(0.072989,0.0912716) = -1.14486717336
E(0.099576,0.116728) = -1.14517403813
E(0.086203,0.104089) = -1.1454075231
E(0.091692,0.107627) = -1.14538013901
E(0.086455,0.113094) = -1.14553763911
E(0.082605,0.117871) = -1.14557274948
E(0.085759,0.123135) = -1.1455055299
E(0.076716,0.116148) = -1.14555009487
E(0.079660,0.11701) = -1.14557287983
E(0.079219,0.118479) = -1.14556642816
E(0.080076,0.115533) = -1.14557456396
E(0.080450,0.114046) = -1.14557143611
E(0.079583,0.115446) = -1.14557249294
E(0.081610,0.115549) = -1.14557683586
E(0.082990,0.114879) = -1.14557269145
E(0.081726,0.116307) = -1.14557716842
E(0.082106,0.116361) = -1.14557670088
E(0.081381,0.116474) = -1.14557721001
Energy at ADAPT iteration 2: -1.14557716842
Parameters at ADAPT iteration 2: 0.0817262634389 0.116306632109 
Ansatz at ADAPT iteration 2: 5 13 
Iteration: 3
Computing [H, A]
Printing commutators with absolute value above 0.000000
Number of instructions for commutator calculation: 424
E(0.081726,0.116307) = -1.48038791718e-07
[H,0] = -1.48038791718e-07
Number of instructions for commutator calculation: 480
E(0.081726,0.116307) = -0.00203146750649
[H,1] = -0.00203146750649
Number of instructions for commutator calculation: 424
E(0.081726,0.116307) = -3.3740549907e-06
[H,2] = -3.3740549907e-06
Number of instructions for commutator calculation: 424
E(0.081726,0.116307) = 2.6160686875e-06
[H,3] = 2.6160686875e-06
Number of instructions for commutator calculation: 1280
E(0.081726,0.116307) = -0.000456537732021
[H,5] = -0.000456537732021
Number of instructions for commutator calculation: 2326
E(0.081726,0.116307) = 3.15032236248e-05
[H,7] = 3.15032236248e-05
Number of instructions for commutator calculation: 2344
E(0.081726,0.116307) = 1.42213871781e-13
Number of instructions for commutator calculation: 2344
E(0.081726,0.116307) = -1.12919341995e-14
Number of instructions for commutator calculation: 1472
E(0.081726,0.116307) = -0.00145901329485
[H,13] = -0.00145901329485
Number of instructions for commutator calculation: 2326
E(0.081726,0.116307) = 2.68355631818e-05
[H,15] = 2.68355631818e-05
Number of instructions for commutator calculation: 2326
E(0.081726,0.116307) = -2.08213469526e-05
[H,17] = -2.08213469526e-05
Number of instructions for commutator calculation: 1280
E(0.081726,0.116307) = 0.350780423297
[H,19] = 0.350780423297
Number of instructions for commutator calculation: 2312
E(0.081726,0.116307) = -2.60898498794e-19
Number of instructions for commutator calculation: 1280
E(0.081726,0.116307) = 0.350783610892
[H,23] = 0.350783610892
Max gradient component: [H, 23] = 0.350783610892 a.u.
Norm of gradient vector: 0.496087203232 a.u.
vqe optimization of current ansatz.
020-08-03 23:50:12.448] [xacc-logger] [info] Chosen optimizer does not support gradients. Using default.
E(0.000000,0,0) = -1.12373221149
E(1.570796,0,0) = 0.849229531763
E(0.000000,1.5708,0) = 0.713103755872
E(0.000000,0,1.5708) = 0.301682865426
E(-1.016332,-0.946209,-0.734274) = 0.85644247445
E(-0.508166,-0.473105,-0.367137) = -0.242899873179
E(0.361332,-0.121499,-0.094285) = -0.954752919648
E(0.000000,0.0810758,-0.0276081) = -1.12524394548
E(0.027932,0.211344,0.3418) = -1.07795242652
E(-0.017374,0.023819,-0.0136971) = -1.1209714539
E(-0.344855,0.217035,-0.157234) = -0.847835843012
E(0.057318,0.100716,-0.0440974) = -1.12623605548
E(-0.091803,0.416507,-0.223685) = -0.884275164162
E(-0.233608,-0.16136,-0.0142547) = -0.944242281182
E(0.242798,0.0366819,-0.0370315) = -1.08836887858
E(0.058172,0.131214,0.0492162) = -1.14417732306
E(0.066687,0.170142,0.0425644) = -1.13683311294
E(-0.011302,0.104034,0.113036) = -1.14280913518
E(0.128021,0.0867861,0.101995) = -1.14663526646
E(0.126472,0.0441414,0.0777335) = -1.14424481611
E(0.118456,0.0788118,0.115305) = -1.14818695979
E(0.101894,0.0805639,0.16148) = -1.14773651608
E(0.135619,0.0750899,0.117091) = -1.14551618874
E(0.089378,0.115704,0.101057) = -1.14921294246
E(0.052343,0.0867874,0.0868498) = -1.15041068087
E(0.029891,0.0892186,0.130434) = -1.14934969844
E(0.028461,0.0863673,0.0439653) = -1.14447377483
E(0.064035,0.0658367,0.0920228) = -1.15073938739
E(0.062650,0.057385,0.0832337) = -1.14984787561
E(0.064558,0.0676427,0.0900372) = -1.15071418693
E(0.072274,0.070301,0.099946) = -1.1511713622
E(0.067941,0.0784035,0.10808) = -1.15148230644
E(0.072752,0.0834942,0.118157) = -1.15146341019
E(0.068428,0.0829746,0.1063) = -1.15145379895
E(0.071092,0.0806179,0.119732) = -1.15148047078
E(0.062007,0.0787976,0.10959) = -1.15145581292
E(0.069529,0.0757783,0.108088) = -1.15145790269
E(0.067486,0.0780547,0.107354) = -1.15147068212
E(0.066592,0.0788006,0.110807) = -1.15150836398
E(0.067126,0.0811022,0.112764) = -1.15152170242
E(0.068457,0.0796901,0.115141) = -1.15152358161
E(0.067801,0.0795171,0.115364) = -1.15152353745
E(0.068531,0.0820756,0.117068) = -1.15151258383
E(0.069331,0.0798048,0.11501) = -1.1515213286
E(0.067075,0.0769704,0.114818) = -1.15151108602
E(0.069823,0.0796433,0.114444) = -1.1515193154
E(0.068344,0.0802598,0.115641) = -1.15152305776
E(0.068369,0.0798957,0.114888) = -1.15152432607
E(0.067665,0.0798588,0.114586) = -1.15152503081
E(0.067622,0.0801656,0.113885) = -1.15152512743
E(0.067485,0.0804936,0.114029) = -1.151525113
E(0.067498,0.0801312,0.113872) = -1.1515250352
E(0.067977,0.0803055,0.113852) = -1.15152507626
E(0.067490,0.0801293,0.11375) = -1.15152491213
E(0.067649,0.0800948,0.114061) = -1.15152522091
E(0.067824,0.0801304,0.114131) = -1.15152527742
E(0.067771,0.0802848,0.114231) = -1.1515253374
E(0.067803,0.080308,0.114419) = -1.15152531582
Energy at ADAPT iteration 3: -1.1515253374
Parameters at ADAPT iteration 3: 0.0677709932765 0.0802848454417 0.114231030735 
Ansatz at ADAPT iteration 3: 5 13 23 
Iteration: 4
Computing [H, A]
Printing commutators with absolute value above 0.000000
Number of instructions for commutator calculation: 424
E(0.067771,0.0802848,0.114231) = 3.30217689321e-07
[H,0] = 3.30217689321e-07
Number of instructions for commutator calculation: 480
E(0.067771,0.0802848,0.114231) = -0.00334564293011
[H,1] = -0.00334564293011
Number of instructions for commutator calculation: 424
E(0.067771,0.0802848,0.114231) = -3.88039675978e-06
[H,2] = -3.88039675978e-06
Number of instructions for commutator calculation: 424
E(0.067771,0.0802848,0.114231) = 1.84876356812e-06
[H,3] = 1.84876356812e-06
Number of instructions for commutator calculation: 1280
E(0.067771,0.0802848,0.114231) = 0.00025110686618
[H,5] = 0.00025110686618
Number of instructions for commutator calculation: 2326
E(0.067771,0.0802848,0.114231) = 3.08854803548e-05
[H,7] = 3.08854803548e-05
Number of instructions for commutator calculation: 2344
E(0.067771,0.0802848,0.114231) = 7.44343807072e-15
Number of instructions for commutator calculation: 2344
E(0.067771,0.0802848,0.114231) = 3.54976045013e-14
Number of instructions for commutator calculation: 1472
E(0.067771,0.0802848,0.114231) = -3.90058688587e-05
[H,13] = -3.90058688587e-05
Number of instructions for commutator calculation: 2326
E(0.067771,0.0802848,0.114231) = 2.7134539856e-05
[H,15] = 2.7134539856e-05
Number of instructions for commutator calculation: 2326
E(0.067771,0.0802848,0.114231) = -1.99503166326e-05
[H,17] = -1.99503166326e-05
Number of instructions for commutator calculation: 1280
E(0.067771,0.0802848,0.114231) = 0.345212751429
[H,19] = 0.345212751429
Number of instructions for commutator calculation: 2312
E(0.067771,0.0802848,0.114231) = -3.92365062902e-15
Number of instructions for commutator calculation: 1280
E(0.067771,0.0802848,0.114231) = -7.24753869216e-05
[H,23] = -7.24753869216e-05
Max gradient component: [H, 19] = 0.345212751429 a.u.
Norm of gradient vector: 0.345229067449 a.u.
vqe optimization of current ansatz.
020-08-04 00:27:16.412] [xacc-logger] [info] Chosen optimizer does not support gradients. Using default.
E(0.000000,0,0,0) = -1.1237322117
E(1.570796,0,0,0) = 0.849193099776
E(0.000000,1.5708,0,0) = 0.84922953177
E(0.000000,0,1.5708,0) = 0.713103755869
E(0.000000,0,0,1.5708) = 0.301682865426
E(-0.853287,-0.853303,-0.794429,-0.61649) = 0.944351528386
E(-0.426644,-0.426651,-0.397214,-0.308245) = -0.191866181005
E(0.367764,-0.0890958,-0.0829485,-0.0643694) = -0.952197905782
E(0.000000,0.127317,-0.097532,0) = -1.0952749465
E(0.008636,0.19442,0.303708,-0.155242) = -1.0058562093
E(0.009448,0.0338852,0.0988377,0.378426) = -1.08305382281
E(-0.164831,-0.0967128,-0.0447139,-0.00558478) = -1.01534616192
E(0.007611,0.0114703,0.025858,0.0937025) = -1.14440978703
E(0.010146,-0.00612869,0.00843726,0.0993924) = -1.1392681866
E(0.088832,0.0184044,0.0793669,0.105114) = -1.15360904184
E(0.058125,0.0223455,0.164066,0.14392) = -1.14498079724
E(0.085078,0.0347356,0.0724252,0.108652) = -1.15547153494
E(0.158836,0.065804,0.0422473,0.156841) = -1.14269440118
E(0.080161,0.0597213,0.0715475,0.112564) = -1.15692161208
E(0.099723,0.0897965,0.0927615,0.0236756) = -1.14736861183
E(0.078747,0.103132,0.0774429,0.123903) = -1.15518493299
E(0.003017,0.0532862,0.0111709,0.111976) = -1.14587093618
E(0.119913,0.05247,0.0509008,0.131285) = -1.15208149712
E(0.071101,0.0428544,0.112751,0.131144) = -1.15481765132
E(0.085457,0.06149,0.0795011,0.0900256) = -1.15631203776
E(0.059102,0.0562295,0.060631,0.107315) = -1.15659587586
E(0.087125,0.0548935,0.0629125,0.114621) = -1.15625072893
E(0.079584,0.059468,0.0739168,0.112926) = -1.15697325835
E(0.077220,0.0703426,0.0764728,0.117423) = -1.15708574907
E(0.080360,0.0707255,0.0767906,0.117356) = -1.1569842596
E(0.070833,0.0735841,0.0803137,0.108228) = -1.15718012078
E(0.060294,0.0718043,0.08389,0.113083) = -1.15717049533
E(0.069691,0.0739699,0.0774625,0.108551) = -1.15718482074
E(0.064938,0.0790065,0.0776157,0.0984213) = -1.15688969357
E(0.072569,0.0740779,0.0785484,0.108067) = -1.15714828855
E(0.069971,0.0809289,0.0732786,0.117748) = -1.1569320592
E(0.069659,0.0727708,0.0740929,0.108508) = -1.15717821671
E(0.075654,0.0640798,0.0814934,0.109536) = -1.1571582444
E(0.072673,0.0690248,0.0794779,0.109044) = -1.15721933145
E(0.072030,0.0666893,0.0809488,0.103601) = -1.15716828841
E(0.074113,0.069168,0.0794587,0.108389) = -1.15718879737
E(0.069510,0.0663492,0.0809038,0.113339) = -1.15726942826
E(0.065757,0.0634759,0.08223,0.109658) = -1.15725176536
E(0.069459,0.0658776,0.0802248,0.113363) = -1.15727167797
E(0.067907,0.063862,0.0802698,0.118946) = -1.15723027387
E(0.069312,0.0656256,0.0780931,0.113127) = -1.15727276261
E(0.074226,0.0622669,0.0782025,0.111641) = -1.1571860821
E(0.067573,0.0714325,0.0774453,0.112428) = -1.15724983123
E(0.066939,0.0645221,0.0785254,0.111585) = -1.15727759862
E(0.066662,0.0645079,0.0784592,0.112849) = -1.15727825098
E(0.066349,0.0614695,0.0784252,0.113133) = -1.15724919809
E(0.065033,0.0670818,0.0781622,0.112636) = -1.15727965974
E(0.063606,0.0665786,0.0779202,0.112703) = -1.15727042449
E(0.065012,0.0670857,0.0784532,0.112642) = -1.15728018657
E(0.066096,0.0679825,0.0789226,0.113031) = -1.15728144098
E(0.066473,0.0681701,0.0791312,0.11157) = -1.15728072908
E(0.066183,0.067924,0.0791547,0.113049) = -1.15728179959
E(0.067366,0.0670918,0.0786781,0.113238) = -1.157282883
E(0.067319,0.0668486,0.078846,0.113145) = -1.15728349712
E(0.067730,0.0660883,0.0800683,0.11348) = -1.15728085771
E(0.067155,0.0663502,0.0787886,0.113053) = -1.15728383842
E(0.067242,0.0660579,0.0773326,0.113428) = -1.15727896226
E(0.067346,0.0663794,0.0788118,0.112311) = -1.15728390683
E(0.067195,0.0663891,0.0788873,0.112305) = -1.15728419651
E(0.066517,0.0664844,0.0786087,0.1121) = -1.15728412853
E(0.067113,0.0663893,0.0789948,0.112306) = -1.1572843557
E(0.066918,0.0660567,0.0796282,0.112111) = -1.15728388648
E(0.067095,0.0666689,0.0790959,0.112328) = -1.15728446448
E(0.067610,0.0670029,0.0789144,0.111905) = -1.15728300646
E(0.066733,0.0665046,0.079752,0.112346) = -1.15728426915
E(0.067050,0.0667016,0.0790366,0.112702) = -1.1572844465
E(0.066769,0.0667384,0.07892,0.112252) = -1.15728455295
Energy at ADAPT iteration 4: -1.15728446448
Parameters at ADAPT iteration 4: 0.0670945024036 0.0666689489401 0.0790959370403 0.112327569933 
Ansatz at ADAPT iteration 4: 5 13 23 19 
Iteration: 5
Computing [H, A]
Printing commutators with absolute value above 0.000000
Number of instructions for commutator calculation: 424
E(0.067095,0.0666689,0.0790959,0.112328) = 7.93280095271e-07
[H,0] = 7.93280095271e-07
Number of instructions for commutator calculation: 480
E(0.067095,0.0666689,0.0790959,0.112328) = -0.00461985132658
[H,1] = -0.00461985132658
Number of instructions for commutator calculation: 424
E(0.067095,0.0666689,0.0790959,0.112328) = -2.92533029845e-06
[H,2] = -2.92533029845e-06
Number of instructions for commutator calculation: 424
E(0.067095,0.0666689,0.0790959,0.112328) = 2.27507535714e-06
[H,3] = 2.27507535714e-06
Number of instructions for commutator calculation: 1280
E(0.067095,0.0666689,0.0790959,0.112328) = 0.000512063289425
[H,5] = 0.000512063289425
Number of instructions for commutator calculation: 2326
E(0.067095,0.0666689,0.0790959,0.112328) = 3.02987262796e-05
[H,7] = 3.02987262796e-05
Number of instructions for commutator calculation: 2344
E(0.067095,0.0666689,0.0790959,0.112328) = -7.28628042122e-11
Number of instructions for commutator calculation: 2344
E(0.067095,0.0666689,0.0790959,0.112328) = 7.6916644178e-11
Number of instructions for commutator calculation: 1472
E(0.067095,0.0666689,0.0790959,0.112328) = 0.000325712990804
[H,13] = 0.000325712990804
Number of instructions for commutator calculation: 2326
E(0.067095,0.0666689,0.0790959,0.112328) = 2.60172826386e-05
[H,15] = 2.60172826386e-05
Number of instructions for commutator calculation: 2326
E(0.067095,0.0666689,0.0790959,0.112328) = -2.01924603252e-05
[H,17] = -2.01924603252e-05
Number of instructions for commutator calculation: 1280
E(0.067095,0.0666689,0.0790959,0.112328) = -0.00216904123266
[H,19] = -0.00216904123266
Number of instructions for commutator calculation: 2312
E(0.067095,0.0666689,0.0790959,0.112328) = -1.15513295334e-12
Number of instructions for commutator calculation: 1280
E(0.067095,0.0666689,0.0790959,0.112328) = -0.000382620988962
[H,23] = -0.000382620988962
Max gradient component: [H, 1] = -0.00461985132658 a.u.
Norm of gradient vector: 0.00515407409189 a.u.
ADAPT-vqe converged in 4 iterations.
ADAPT-vqe energy: -1.15728446448 a.u.
Operators in the ansatz
(0,-0.176777) X0 Y1 X5 X6 + (0,0.176777) X0 X1 Y5 X6 + (0,0.176777) Y0 X1 Y5 Y6 + (0,-0.176777) X0 Y1 Y5 Y6 + (0,-0.176777) X0 X1 X5 Y6 + (0,0.176777) Y0 Y1 Y5 X6 + (0,0.176777) Y0 X1 X5 X6 + (0,-0.176777) Y0 Y1 X5 Y6
(0,-0.176777) X0 Z1 Y2 Y5 Z6 Y7 + (0,-0.176777) Y0 Z1 Y2 X5 Z6 Y7 + (0,0.176777) Y0 Z1 X2 Y5 Z6 Y7 + (0,-0.176777) X0 Z1 Y2 X5 Z6 X7 + (0,0.176777) X0 Z1 X2 Y5 Z6 X7 + (0,-0.176777) X0 Z1 X2 X5 Z6 Y7 + (0,0.176777) Y0 Z1 Y2 Y5 Z6 X7 + (0,0.176777) Y0 Z1 X2 X5 Z6 X7
(0,0.176777) Y0 Z1 Z2 Z3 X4 X5 Z6 Z7 Z8 X9 + (0,0.176777) Y0 Z1 Z2 Z3 Y4 Y5 Z6 Z7 Z8 X9 + (0,-0.176777) Y0 Z1 Z2 Z3 Y4 X5 Z6 Z7 Z8 Y9 + (0,-0.176777) X0 Z1 Z2 Z3 X4 X5 Z6 Z7 Z8 Y9 + (0,-0.176777) X0 Z1 Z2 Z3 Y4 Y5 Z6 Z7 Z8 Y9 + (0,-0.176777) X0 Z1 Z2 Z3 Y4 X5 Z6 Z7 Z8 X9 + (0,0.176777) Y0 Z1 Z2 Z3 X4 Y5 Z6 Z7 Z8 Y9 + (0,0.176777) X0 Z1 Z2 Z3 X4 Y5 Z6 Z7 Z8 X9
(0,0.176777) Y0 Z1 Z2 X3 X5 Z6 Z7 X8 + (0,-0.176777) X0 Z1 Z2 Y3 X5 Z6 Z7 X8 + (0,-0.176777) X0 Z1 Z2 Y3 Y5 Z6 Z7 Y8 + (0,0.176777) Y0 Z1 Z2 Y3 Y5 Z6 Z7 X8 + (0,0.176777) Y0 Z1 Z2 X3 Y5 Z6 Z7 Y8 + (0,0.176777) X0 Z1 Z2 X3 Y5 Z6 Z7 X8 + (0,-0.176777) X0 Z1 Z2 X3 X5 Z6 Z7 Y8 + (0,-0.176777) Y0 Z1 Z2 Y3 X5 Z6 Z7 Y8
Optimal parameters: 0.0670945024036 0.0666689489401 0.0790959370403 0.112327569933 
Final ADAPT-vqe circuit

H q5
Rx(1.57079) q6
CNOT q0,q1
CNOT q1,q5
CNOT q5,q6
Rz(-0.176777*x0) q6
CNOT q5,q6
CNOT q1,q5
CNOT q0,q1
H q0
H q1
H q5
Rx(-1.57079) q6
Rx(1.57079) q0
Rx(1.57079) q1
Rx(1.57079) q5
H q6
CNOT q0,q1
CNOT q1,q5
CNOT q5,q6
Rz(0.176777*x0) q6
CNOT q5,q6
CNOT q1,q5
CNOT q0,q1
Rx(-1.57079) q0
Rx(-1.57079) q1
Rx(-1.57079) q5
H q6
Rx(1.57079) q0
Rx(1.57079) q1
H q5
Rx(1.57079) q6
CNOT q0,q1
CNOT q1,q5
CNOT q5,q6
Rz(-0.176777*x0) q6
CNOT q5,q6
CNOT q1,q5
CNOT q0,q1
Rx(-1.57079) q0
Rx(-1.57079) q1
H q5
Rx(-1.57079) q6
Rx(1.57079) q0
H q1
Rx(1.57079) q5
Rx(1.57079) q6
CNOT q0,q1
CNOT q1,q5
CNOT q5,q6
Rz(0.176777*x0) q6
CNOT q5,q6
CNOT q1,q5
CNOT q0,q1
Rx(-1.57079) q0
H q1
Rx(-1.57079) q5
Rx(-1.57079) q6
H q0
Rx(1.57079) q1
Rx(1.57079) q5
Rx(1.57079) q6
CNOT q0,q1
CNOT q1,q5
CNOT q5,q6
Rz(-0.176777*x0) q6
CNOT q5,q6
CNOT q1,q5
CNOT q0,q1
H q0
Rx(-1.57079) q1
Rx(-1.57079) q5
Rx(-1.57079) q6
H q0
Rx(1.57079) q1
H q5
H q6
CNOT q0,q1
CNOT q1,q5
CNOT q5,q6
Rz(-0.176777*x0) q6
CNOT q5,q6
CNOT q1,q5
CNOT q0,q1
H q0
Rx(-1.57079) q1
H q5
H q6
Rx(1.57079) q0
H q1
H q5
H q6
CNOT q0,q1
CNOT q1,q5
CNOT q5,q6
Rz(0.176777*x0) q6
CNOT q5,q6
CNOT q1,q5
CNOT q0,q1
Rx(-1.57079) q0
H q1
H q5
H q6
H q0
H q1
Rx(1.57079) q5
H q6
CNOT q0,q1
CNOT q1,q5
CNOT q5,q6
Rz(0.176777*x0) q6
CNOT q5,q6
CNOT q1,q5
CNOT q0,q1
H q0
H q1
Rx(-1.57079) q5
H q6
H q0
Rx(1.57079) q2
H q5
H q7
CNOT q0,q1
CNOT q1,q2
CNOT q2,q5
CNOT q5,q6
CNOT q6,q7
Rz(-0.176777*x1) q7
CNOT q6,q7
CNOT q5,q6
CNOT q2,q5
CNOT q1,q2
CNOT q0,q1
H q0
Rx(-1.57079) q2
H q5
H q7
H q0
H q2
Rx(1.57079) q5
H q7
CNOT q0,q1
CNOT q1,q2
CNOT q2,q5
CNOT q5,q6
CNOT q6,q7
Rz(0.176777*x1) q7
CNOT q6,q7
CNOT q5,q6
CNOT q2,q5
CNOT q1,q2
CNOT q0,q1
H q0
H q2
Rx(-1.57079) q5
H q7
H q0
Rx(1.57079) q2
Rx(1.57079) q5
Rx(1.57079) q7
CNOT q0,q1
CNOT q1,q2
CNOT q2,q5
CNOT q5,q6
CNOT q6,q7
Rz(-0.176777*x1) q7
CNOT q6,q7
CNOT q5,q6
CNOT q2,q5
CNOT q1,q2
CNOT q0,q1
H q0
Rx(-1.57079) q2
Rx(-1.57079) q5
Rx(-1.57079) q7
Rx(1.57079) q0
Rx(1.57079) q2
Rx(1.57079) q5
H q7
CNOT q0,q1
CNOT q1,q2
CNOT q2,q5
CNOT q5,q6
CNOT q6,q7
Rz(0.176777*x1) q7
CNOT q6,q7
CNOT q5,q6
CNOT q2,q5
CNOT q1,q2
CNOT q0,q1
Rx(-1.57079) q0
Rx(-1.57079) q2
Rx(-1.57079) q5
H q7
Rx(1.57079) q0
H q2
H q5
H q7
CNOT q0,q1
CNOT q1,q2
CNOT q2,q5
CNOT q5,q6
CNOT q6,q7
Rz(0.176777*x1) q7
CNOT q6,q7
CNOT q5,q6
CNOT q2,q5
CNOT q1,q2
CNOT q0,q1
Rx(-1.57079) q0
H q2
H q5
H q7
Rx(1.57079) q0
Rx(1.57079) q2
H q5
Rx(1.57079) q7
CNOT q0,q1
CNOT q1,q2
CNOT q2,q5
CNOT q5,q6
CNOT q6,q7
Rz(-0.176777*x1) q7
CNOT q6,q7
CNOT q5,q6
CNOT q2,q5
CNOT q1,q2
CNOT q0,q1
Rx(-1.57079) q0
Rx(-1.57079) q2
H q5
Rx(-1.57079) q7
H q0
H q2
H q5
Rx(1.57079) q7
CNOT q0,q1
CNOT q1,q2
CNOT q2,q5
CNOT q5,q6
CNOT q6,q7
Rz(-0.176777*x1) q7
CNOT q6,q7
CNOT q5,q6
CNOT q2,q5
CNOT q1,q2
CNOT q0,q1
H q0
H q2
H q5
Rx(-1.57079) q7
Rx(1.57079) q0
H q2
Rx(1.57079) q5
Rx(1.57079) q7
CNOT q0,q1
CNOT q1,q2
CNOT q2,q5
CNOT q5,q6
CNOT q6,q7
Rz(0.176777*x1) q7
CNOT q6,q7
CNOT q5,q6
CNOT q2,q5
CNOT q1,q2
CNOT q0,q1
Rx(-1.57079) q0
H q2
Rx(-1.57079) q5
Rx(-1.57079) q7
H q0
Rx(1.57079) q4
Rx(1.57079) q5
Rx(1.57079) q9
CNOT q0,q1
CNOT q1,q2
CNOT q2,q3
CNOT q3,q4
CNOT q4,q5
CNOT q5,q6
CNOT q6,q7
CNOT q7,q8
CNOT q8,q9
Rz(-0.176777*x2) q9
CNOT q8,q9
CNOT q7,q8
CNOT q6,q7
CNOT q5,q6
CNOT q4,q5
CNOT q3,q4
CNOT q2,q3
CNOT q1,q2
CNOT q0,q1
H q0
Rx(-1.57079) q4
Rx(-1.57079) q5
Rx(-1.57079) q9
Rx(1.57079) q0
H q4
H q5
H q9
CNOT q0,q1
CNOT q1,q2
CNOT q2,q3
CNOT q3,q4
CNOT q4,q5
CNOT q5,q6
CNOT q6,q7
CNOT q7,q8
CNOT q8,q9
Rz(0.176777*x2) q9
CNOT q8,q9
CNOT q7,q8
CNOT q6,q7
CNOT q5,q6
CNOT q4,q5
CNOT q3,q4
CNOT q2,q3
CNOT q1,q2
CNOT q0,q1
Rx(-1.57079) q0
H q4
H q5
H q9
Rx(1.57079) q0
Rx(1.57079) q4
Rx(1.57079) q5
H q9
CNOT q0,q1
CNOT q1,q2
CNOT q2,q3
CNOT q3,q4
CNOT q4,q5
CNOT q5,q6
CNOT q6,q7
CNOT q7,q8
CNOT q8,q9
Rz(0.176777*x2) q9
CNOT q8,q9
CNOT q7,q8
CNOT q6,q7
CNOT q5,q6
CNOT q4,q5
CNOT q3,q4
CNOT q2,q3
CNOT q1,q2
CNOT q0,q1
Rx(-1.57079) q0
Rx(-1.57079) q4
Rx(-1.57079) q5
H q9
Rx(1.57079) q0
H q4
Rx(1.57079) q5
Rx(1.57079) q9
CNOT q0,q1
CNOT q1,q2
CNOT q2,q3
CNOT q3,q4
CNOT q4,q5
CNOT q5,q6
CNOT q6,q7
CNOT q7,q8
CNOT q8,q9
Rz(0.176777*x2) q9
CNOT q8,q9
CNOT q7,q8
CNOT q6,q7
CNOT q5,q6
CNOT q4,q5
CNOT q3,q4
CNOT q2,q3
CNOT q1,q2
CNOT q0,q1
Rx(-1.57079) q0
H q4
Rx(-1.57079) q5
Rx(-1.57079) q9
H q0
H q4
Rx(1.57079) q5
H q9
CNOT q0,q1
CNOT q1,q2
CNOT q2,q3
CNOT q3,q4
CNOT q4,q5
CNOT q5,q6
CNOT q6,q7
CNOT q7,q8
CNOT q8,q9
Rz(0.176777*x2) q9
CNOT q8,q9
CNOT q7,q8
CNOT q6,q7
CNOT q5,q6
CNOT q4,q5
CNOT q3,q4
CNOT q2,q3
CNOT q1,q2
CNOT q0,q1
H q0
H q4
Rx(-1.57079) q5
H q9
H q0
Rx(1.57079) q4
H q5
H q9
CNOT q0,q1
CNOT q1,q2
CNOT q2,q3
CNOT q3,q4
CNOT q4,q5
CNOT q5,q6
CNOT q6,q7
CNOT q7,q8
CNOT q8,q9
Rz(-0.176777*x2) q9
CNOT q8,q9
CNOT q7,q8
CNOT q6,q7
CNOT q5,q6
CNOT q4,q5
CNOT q3,q4
CNOT q2,q3
CNOT q1,q2
CNOT q0,q1
H q0
Rx(-1.57079) q4
H q5
H q9
Rx(1.57079) q0
Rx(1.57079) q4
H q5
Rx(1.57079) q9
CNOT q0,q1
CNOT q1,q2
CNOT q2,q3
CNOT q3,q4
CNOT q4,q5
CNOT q5,q6
CNOT q6,q7
CNOT q7,q8
CNOT q8,q9
Rz(-0.176777*x2) q9
CNOT q8,q9
CNOT q7,q8
CNOT q6,q7
CNOT q5,q6
CNOT q4,q5
CNOT q3,q4
CNOT q2,q3
CNOT q1,q2
CNOT q0,q1
Rx(-1.57079) q0
Rx(-1.57079) q4
H q5
Rx(-1.57079) q9
H q0
H q4
H q5
Rx(1.57079) q9
CNOT q0,q1
CNOT q1,q2
CNOT q2,q3
CNOT q3,q4
CNOT q4,q5
CNOT q5,q6
CNOT q6,q7
CNOT q7,q8
CNOT q8,q9
Rz(-0.176777*x2) q9
CNOT q8,q9
CNOT q7,q8
CNOT q6,q7
CNOT q5,q6
CNOT q4,q5
CNOT q3,q4
CNOT q2,q3
CNOT q1,q2
CNOT q0,q1
H q0
H q4
H q5
Rx(-1.57079) q9
Rx(1.57079) q0
H q3
Rx(1.57079) q5
Rx(1.57079) q8
CNOT q0,q1
CNOT q1,q2
CNOT q2,q3
CNOT q3,q5
CNOT q5,q6
CNOT q6,q7
CNOT q7,q8
Rz(0.176777*x3) q8
CNOT q7,q8
CNOT q6,q7
CNOT q5,q6
CNOT q3,q5
CNOT q2,q3
CNOT q1,q2
CNOT q0,q1
Rx(-1.57079) q0
H q3
Rx(-1.57079) q5
Rx(-1.57079) q8
Rx(1.57079) q0
Rx(1.57079) q3
H q5
Rx(1.57079) q8
CNOT q0,q1
CNOT q1,q2
CNOT q2,q3
CNOT q3,q5
CNOT q5,q6
CNOT q6,q7
CNOT q7,q8
Rz(-0.176777*x3) q8
CNOT q7,q8
CNOT q6,q7
CNOT q5,q6
CNOT q3,q5
CNOT q2,q3
CNOT q1,q2
CNOT q0,q1
Rx(-1.57079) q0
Rx(-1.57079) q3
H q5
Rx(-1.57079) q8
H q0
H q3
Rx(1.57079) q5
H q8
CNOT q0,q1
CNOT q1,q2
CNOT q2,q3
CNOT q3,q5
CNOT q5,q6
CNOT q6,q7
CNOT q7,q8
Rz(0.176777*x3) q8
CNOT q7,q8
CNOT q6,q7
CNOT q5,q6
CNOT q3,q5
CNOT q2,q3
CNOT q1,q2
CNOT q0,q1
H q0
H q3
Rx(-1.57079) q5
H q8
H q0
Rx(1.57079) q3
H q5
H q8
CNOT q0,q1
CNOT q1,q2
CNOT q2,q3
CNOT q3,q5
CNOT q5,q6
CNOT q6,q7
CNOT q7,q8
Rz(-0.176777*x3) q8
CNOT q7,q8
CNOT q6,q7
CNOT q5,q6
CNOT q3,q5
CNOT q2,q3
CNOT q1,q2
CNOT q0,q1
H q0
Rx(-1.57079) q3
H q5
H q8
Rx(1.57079) q0
H q3
H q5
H q8
CNOT q0,q1
CNOT q1,q2
CNOT q2,q3
CNOT q3,q5
CNOT q5,q6
CNOT q6,q7
CNOT q7,q8
Rz(0.176777*x3) q8
CNOT q7,q8
CNOT q6,q7
CNOT q5,q6
CNOT q3,q5
CNOT q2,q3
CNOT q1,q2
CNOT q0,q1
Rx(-1.57079) q0
H q3
H q5
H q8
Rx(1.57079) q0
Rx(1.57079) q3
Rx(1.57079) q5
H q8
CNOT q0,q1
CNOT q1,q2
CNOT q2,q3
CNOT q3,q5
CNOT q5,q6
CNOT q6,q7
CNOT q7,q8
Rz(0.176777*x3) q8
CNOT q7,q8
CNOT q6,q7
CNOT q5,q6
CNOT q3,q5
CNOT q2,q3
CNOT q1,q2
CNOT q0,q1
Rx(-1.57079) q0
Rx(-1.57079) q3
Rx(-1.57079) q5
H q8
H q0
Rx(1.57079) q3
Rx(1.57079) q5
Rx(1.57079) q8
CNOT q0,q1
CNOT q1,q2
CNOT q2,q3
CNOT q3,q5
CNOT q5,q6
CNOT q6,q7
CNOT q7,q8
Rz(-0.176777*x3) q8
CNOT q7,q8
CNOT q6,q7
CNOT q5,q6
CNOT q3,q5
CNOT q2,q3
CNOT q1,q2
CNOT q0,q1
H q0
Rx(-1.57079) q3
Rx(-1.57079) q5
Rx(-1.57079) q8
H q0
H q3
H q5
Rx(1.57079) q8
CNOT q0,q1
CNOT q1,q2
CNOT q2,q3
CNOT q3,q5
CNOT q5,q6
CNOT q6,q7
CNOT q7,q8
Rz(-0.176777*x3) q8
CNOT q7,q8
CNOT q6,q7
CNOT q5,q6
CNOT q3,q5
CNOT q2,q3
CNOT q1,q2
CNOT q0,q1
H q0
H q3
H q5
Rx(-1.57079) q8
-1.1572844644777966
[0.06709450240363216, 0.06666894894005704, 0.07909593704033292, 0.11232756993339728]
[5, 13, 23, 19]
