Operator pool: singlet-adapted-uccsd
Number of operators in the pool: 24
Iteration: 1
Computing [H, A]
Printing commutators with absolute value above 0.000000
Number of instructions for commutator calculation: 364
E() = 4.6e-09
[H,0] = 4.6e-09
Number of instructions for commutator calculation: 392
E() = -5.59999999978e-09
[H,1] = -5.59999999978e-09
Number of instructions for commutator calculation: 392
E() = -6.60000000049e-09
[H,2] = -6.60000000049e-09
Number of instructions for commutator calculation: 428
E() = 5.50899999982e-06
[H,3] = 5.50899999982e-06
Number of instructions for commutator calculation: 1088
E() = 0.456272539006
[H,5] = 0.456272539006
Number of instructions for commutator calculation: 2084
E() = -8.27190327629e-33
Number of instructions for commutator calculation: 2084
E() = -8.2723252134e-33
Number of instructions for commutator calculation: 2058
E() = -3.8862588694e-06
[H,11] = -3.8862588694e-06
Number of instructions for commutator calculation: 1120
E() = 0.214653022766
[H,13] = 0.214653022766
Number of instructions for commutator calculation: 2012
E() = -5.28808014625e-33
Number of instructions for commutator calculation: 2058
E() = -1.65870280304e-05
[H,17] = -1.65870280304e-05
Number of instructions for commutator calculation: 1120
E() = 0.214654820514
[H,19] = 0.214654820514
Number of instructions for commutator calculation: 2058
E() = -1.89685636694e-05
[H,21] = -1.89685636694e-05
Number of instructions for commutator calculation: 1296
E() = 0.236065370099
[H,23] = 0.236065370099
Max gradient component: [H, 5] = 0.456272539006 a.u.
Norm of gradient vector: 0.596711070488 a.u.
vqe optimization of current ansatz.
020-08-04 09:39:37.785] [xacc-logger] [info] Chosen optimizer does not support gradients. Using default.
E(0.000000) = -1.0041514231
E(1.570796) = -0.745088560393
E(-1.570796) = -0.488372092449
E(0.785398) = -1.01454711551
E(1.178097) = -0.900502078553
E(0.589049) = -1.04453494589
E(0.392699) = -1.05294401091
E(0.196350) = -1.03913006093
E(0.294524) = -1.04878835203
E(0.441786) = -1.05292916337
E(0.368155) = -1.05242716758
E(0.404971) = -1.05307140189
E(0.417243) = -1.05311140651
E(0.429515) = -1.05306397015
E(0.423379) = -1.05309862335
E(0.414175) = -1.05310960277
E(0.418777) = -1.05311025877
Energy at ADAPT iteration 1: -1.05311140651
Parameters at ADAPT iteration 1: 0.417242767187 
Ansatz at ADAPT iteration 1: 5 
Iteration: 2
Computing [H, A]
Printing commutators with absolute value above 0.000000
Number of instructions for commutator calculation: 364
E(0.417243) = 7.64161582964e-07
[H,0] = 7.64161582964e-07
Number of instructions for commutator calculation: 392
E(0.417243) = -3.65730718163e-05
[H,1] = -3.65730718163e-05
Number of instructions for commutator calculation: 392
E(0.417243) = -4.29445551191e-05
[H,2] = -4.29445551191e-05
Number of instructions for commutator calculation: 428
E(0.417243) = 0.00851818729965
[H,3] = 0.00851818729965
Number of instructions for commutator calculation: 1088
E(0.417243) = -0.000604988935936
[H,5] = -0.000604988935936
Number of instructions for commutator calculation: 2084
E(0.417243) = -6.63345952203e-16
Number of instructions for commutator calculation: 2084
E(0.417243) = -9.66976284876e-16
Number of instructions for commutator calculation: 2058
E(0.417243) = -4.20104470875e-06
[H,11] = -4.20104470875e-06
Number of instructions for commutator calculation: 1120
E(0.417243) = 0.17070208387
[H,13] = 0.17070208387
Number of instructions for commutator calculation: 2012
E(0.417243) = -1.1861821908e-21
Number of instructions for commutator calculation: 2058
E(0.417243) = -1.14795759351e-05
[H,17] = -1.14795759351e-05
Number of instructions for commutator calculation: 1120
E(0.417243) = 0.170703297141
[H,19] = 0.170703297141
Number of instructions for commutator calculation: 2058
E(0.417243) = -1.30591939269e-05
[H,21] = -1.30591939269e-05
Number of instructions for commutator calculation: 1296
E(0.417243) = 0.188421543347
[H,23] = 0.188421543347
Max gradient component: [H, 23] = 0.188421543347 a.u.
Norm of gradient vector: 0.306356694261 a.u.
vqe optimization of current ansatz.
020-08-04 09:45:33.127] [xacc-logger] [info] Chosen optimizer does not support gradients. Using default.
E(0.000000,0) = -1.0041514231
E(1.570796,0) = 0.0896073219936
E(0.000000,1.5708) = -0.745088560393
E(-1.528506,-0.362035) = 0.196948883478
E(-0.764253,-0.181018) = -0.507966361866
E(0.381889,-0.0915044) = -0.923611471787
E(0.047858,0.389772) = -1.05592366933
E(-0.099080,0.520012) = -1.03509078153
E(0.227264,0.469563) = -1.0380479153
E(0.037642,0.29213) = -1.05149249153
E(0.096268,0.397897) = -1.05581676278
E(0.037521,0.437759) = -1.05550179692
E(0.045923,0.365305) = -1.05537764401
E(0.060024,0.39138) = -1.05620464924
E(0.068628,0.400131) = -1.05633678203
E(0.080172,0.395969) = -1.05622668388
E(0.067616,0.406183) = -1.05635876697
E(0.061660,0.407658) = -1.05632600228
E(0.072616,0.409739) = -1.05635390263
E(0.070116,0.407961) = -1.05636175159
E(0.069070,0.410845) = -1.05636322338
E(0.071098,0.413147) = -1.0563564212
E(0.067560,0.410574) = -1.05636230154
E(0.069513,0.411471) = -1.05636239244
E(0.069403,0.410154) = -1.05636337874
E(0.069092,0.409929) = -1.05636358386
E(0.068833,0.409646) = -1.05636365036
E(0.068986,0.409294) = -1.0563635772
E(0.068457,0.409722) = -1.05636352741
Energy at ADAPT iteration 2: -1.05636365036
Parameters at ADAPT iteration 2: 0.0688332957279 0.409646314036 
Ansatz at ADAPT iteration 2: 5 23 
Iteration: 3
Computing [H, A]
Printing commutators with absolute value above 0.000000
Number of instructions for commutator calculation: 364
E(0.068833,0.409646) = 7.48344995199e-07
[H,0] = 7.48344995199e-07
Number of instructions for commutator calculation: 392
E(0.068833,0.409646) = -3.65107738638e-05
[H,1] = -3.65107738638e-05
Number of instructions for commutator calculation: 392
E(0.068833,0.409646) = -4.28559781462e-05
[H,2] = -4.28559781462e-05
Number of instructions for commutator calculation: 428
E(0.068833,0.409646) = 0.00882041311336
[H,3] = 0.00882041311336
Number of instructions for commutator calculation: 1088
E(0.068833,0.409646) = 7.93946871916e-05
[H,5] = 7.93946871916e-05
Number of instructions for commutator calculation: 2084
E(0.068833,0.409646) = -3.38888596409e-10
[H,7] = -3.38888596409e-10
Number of instructions for commutator calculation: 2084
E(0.068833,0.409646) = 1.7202070869e-13
Number of instructions for commutator calculation: 2058
E(0.068833,0.409646) = -4.29078635475e-06
[H,11] = -4.29078635475e-06
Number of instructions for commutator calculation: 1120
E(0.068833,0.409646) = 0.168905390034
[H,13] = 0.168905390034
Number of instructions for commutator calculation: 2012
E(0.068833,0.409646) = 1.7940581232e-14
Number of instructions for commutator calculation: 2058
E(0.068833,0.409646) = -8.2116160393e-06
[H,17] = -8.2116160393e-06
Number of instructions for commutator calculation: 1120
E(0.068833,0.409646) = 0.168906597931
[H,19] = 0.168906597931
Number of instructions for commutator calculation: 2058
E(0.068833,0.409646) = -9.34777425114e-06
[H,21] = -9.34777425114e-06
Number of instructions for commutator calculation: 1296
E(0.068833,0.409646) = 7.8180655251e-05
[H,23] = 7.8180655251e-05
Max gradient component: [H, 19] = 0.168906597931 a.u.
Norm of gradient vector: 0.239031974962 a.u.
vqe optimization of current ansatz.
020-08-04 09:59:13.789] [xacc-logger] [info] Chosen optimizer does not support gradients. Using default.
E(0.000000,0,0) = -1.0041514231
E(1.570796,0,0) = 0.00876646484167
E(0.000000,1.5708,0) = 0.0896073219936
E(0.000000,0,1.5708) = -0.745088560393
E(-1.051552,-1.13548,-0.268944) = 0.171784049352
E(-0.525776,-0.567738,-0.134472) = -0.498664626834
E(0.363648,-0.144241,-0.0341643) = -0.917678389108
E(0.000000,0.0304796,-0.034005) = -0.999079582591
E(0.034150,0.259382,0.29286) = -1.02980249081
E(0.019121,0.208967,0.316455) = -1.04193874255
E(-0.296344,0.113037,0.529742) = -0.976844742496
E(0.087138,0.190753,0.335106) = -1.04724278093
E(0.292690,0.525358,0.335465) = -0.884532198185
E(0.177320,0.100131,0.337449) = -1.04943995907
E(-0.035872,-0.123422,0.579907) = -1.02235739759
E(0.316650,0.210413,0.420984) = -1.00501696087
E(0.129460,0.0320599,0.159604) = -1.03864336223
E(0.120626,0.0394952,0.389864) = -1.05669892132
E(0.103882,-0.00174831,0.477368) = -1.05359396602
E(0.071131,-0.0233772,0.332982) = -1.05155370565
E(0.082913,0.0705322,0.394768) = -1.05897146964
E(0.084075,0.0950424,0.395307) = -1.05844292504
E(0.082176,0.0708513,0.384366) = -1.0589075618
E(0.059326,0.0646922,0.398221) = -1.05911965486
E(0.059265,0.0527956,0.401232) = -1.05897223168
E(0.059700,0.0661818,0.399495) = -1.05913279632
E(0.052186,0.0758427,0.398604) = -1.05899219058
E(0.059671,0.0655139,0.395213) = -1.05911308224
E(0.071277,0.0701478,0.400418) = -1.05914847808
E(0.073382,0.0651862,0.40335) = -1.05913302688
E(0.071150,0.071457,0.401914) = -1.05914585045
E(0.072972,0.0729368,0.395222) = -1.05910698919
E(0.068289,0.0694522,0.400465) = -1.05916329148
E(0.065451,0.0693491,0.399306) = -1.05916268973
E(0.067730,0.0669692,0.402178) = -1.05916732222
E(0.066726,0.0686228,0.404559) = -1.0591690924
E(0.066209,0.0669749,0.407095) = -1.05916574759
E(0.068006,0.0694235,0.40483) = -1.05916587196
E(0.065385,0.0691101,0.403997) = -1.05916829348
E(0.066828,0.0680711,0.404036) = -1.05916958177
E(0.066575,0.0674605,0.404425) = -1.05916941473
E(0.067057,0.0680211,0.404112) = -1.05916937113
E(0.066416,0.0680147,0.403392) = -1.05916978726
E(0.065840,0.0685112,0.403492) = -1.05916943858
E(0.066320,0.0678055,0.403456) = -1.05916978237
E(0.066606,0.0677384,0.402702) = -1.05916948375
E(0.066686,0.0679824,0.403662) = -1.05916972391
Energy at ADAPT iteration 3: -1.05916978726
Parameters at ADAPT iteration 3: 0.0664158323983 0.0680147053715 0.403392062955 
Ansatz at ADAPT iteration 3: 5 23 19 
Iteration: 4
Computing [H, A]
Printing commutators with absolute value above 0.000000
Number of instructions for commutator calculation: 364
E(0.066416,0.0680147,0.403392) = 7.34580883156e-07
[H,0] = 7.34580883156e-07
Number of instructions for commutator calculation: 392
E(0.066416,0.0680147,0.403392) = -3.53563129387e-05
[H,1] = -3.53563129387e-05
Number of instructions for commutator calculation: 392
E(0.066416,0.0680147,0.403392) = -4.00299857115e-05
[H,2] = -4.00299857115e-05
Number of instructions for commutator calculation: 428
E(0.066416,0.0680147,0.403392) = 0.00945284320275
[H,3] = 0.00945284320275
Number of instructions for commutator calculation: 1088
E(0.066416,0.0680147,0.403392) = 0.00023819432753
[H,5] = 0.00023819432753
Number of instructions for commutator calculation: 2084
E(0.066416,0.0680147,0.403392) = 1.37868721745e-14
Number of instructions for commutator calculation: 2084
E(0.066416,0.0680147,0.403392) = -2.06285577495e-11
Number of instructions for commutator calculation: 2058
E(0.066416,0.0680147,0.403392) = -4.28200707387e-06
[H,11] = -4.28200707387e-06
Number of instructions for commutator calculation: 1120
E(0.066416,0.0680147,0.403392) = 0.166646047374
[H,13] = 0.166646047374
Number of instructions for commutator calculation: 2012
E(0.066416,0.0680147,0.403392) = 1.1218095904e-15
Number of instructions for commutator calculation: 2058
E(0.066416,0.0680147,0.403392) = -8.92686282725e-06
[H,17] = -8.92686282725e-06
Number of instructions for commutator calculation: 1120
E(0.066416,0.0680147,0.403392) = -0.00020815868368
[H,19] = -0.00020815868368
Number of instructions for commutator calculation: 2058
E(0.066416,0.0680147,0.403392) = -6.43032326881e-06
[H,21] = -6.43032326881e-06
Number of instructions for commutator calculation: 1296
E(0.066416,0.0680147,0.403392) = -0.000142952079094
[H,23] = -0.000142952079094
Max gradient component: [H, 13] = 0.166646047374 a.u.
Norm of gradient vector: 0.166914303893 a.u.
vqe optimization of current ansatz.
020-08-04 10:29:18.168] [xacc-logger] [info] Chosen optimizer does not support gradients. Using default.
E(0.000000,0,0,0) = -1.0041514231
E(1.570796,0,0,0) = 0.00874892986861
E(0.000000,1.5708,0,0) = 0.00876646484161
E(0.000000,0,1.5708,0) = 0.0896073219937
E(0.000000,0,0,1.5708) = -0.745088560394
E(-0.873814,-0.873829,-0.94357,-0.22349) = 0.181027731358
E(-0.436907,-0.436915,-0.471785,-0.111745) = -0.481888515048
E(0.368816,-0.0902816,-0.097487,-0.0230903) = -0.917110194586
E(0.000000,0.137088,-0.0905449,0) = -0.989954064912
E(0.020840,0.177895,0.341201,-0.0755863) = -0.942076843088
E(0.006747,0.0174521,0.0496893,0.389093) = -1.05782871196
E(-0.147250,-0.0613502,0.0179335,0.476385) = -1.02086479001
E(0.011615,-0.0155459,0.0118047,0.394901) = -1.05343142177
E(0.164435,0.0201332,0.146162,0.455225) = -1.04894056326
E(0.025760,0.0032561,-0.0231997,0.39784) = -1.05251287019
E(-0.010589,0.209821,0.0295667,0.418109) = -1.04413968067
E(0.021640,0.0138968,0.0641522,0.293204) = -1.05521075061
E(0.046956,0.011351,0.0733919,0.403016) = -1.05977904403
E(0.036483,-0.0175888,0.108167,0.418924) = -1.05579927892
E(0.045895,0.0182073,0.0729996,0.421194) = -1.06010139849
E(0.060940,0.0615337,0.0871215,0.410868) = -1.06154208747
E(0.098487,0.0729828,0.0580178,0.415519) = -1.06098294967
E(0.068368,0.0680302,0.108708,0.417115) = -1.06053328916
E(0.060130,0.0662918,0.0856416,0.417952) = -1.06150934561
E(0.047845,0.0748297,0.0786131,0.397386) = -1.06155374619
E(0.041566,0.0668826,0.0720468,0.399598) = -1.06151817575
E(0.051884,0.0748459,0.0746059,0.396701) = -1.06168413375
E(0.060758,0.0755669,0.0669288,0.393181) = -1.0618088189
E(0.068646,0.0813614,0.0656967,0.38588) = -1.06168462333
E(0.060283,0.0747025,0.0670643,0.393093) = -1.06181651429
E(0.058056,0.0703226,0.0561866,0.395945) = -1.06176024044
E(0.061420,0.0754854,0.0669337,0.397695) = -1.06181854792
E(0.067527,0.0655324,0.0706891,0.398062) = -1.06188240376
E(0.079285,0.0675301,0.0709114,0.39518) = -1.06175356462
E(0.064256,0.0627622,0.0747933,0.399622) = -1.06184828783
E(0.068172,0.0656377,0.0706211,0.399351) = -1.06187943055
E(0.066404,0.0619276,0.065857,0.398269) = -1.06188616308
E(0.066429,0.0611013,0.066432,0.397902) = -1.06188298058
E(0.068094,0.064944,0.0622811,0.394676) = -1.06187097349
E(0.065122,0.0621152,0.0658294,0.398926) = -1.06188735116
E(0.062262,0.0576811,0.0685784,0.397424) = -1.06185048316
E(0.064448,0.0626599,0.0657918,0.397392) = -1.06188885014
E(0.064646,0.0666938,0.0612131,0.398003) = -1.06186948261
E(0.063933,0.0628731,0.0667269,0.398622) = -1.06188995207
E(0.065859,0.0663254,0.0706692,0.396076) = -1.06188448619
E(0.063666,0.0629172,0.0654093,0.396151) = -1.06188651055
E(0.063726,0.0673353,0.0636509,0.401491) = -1.0618788514
E(0.062300,0.0609254,0.0682934,0.399327) = -1.0618758402
E(0.064437,0.0637324,0.0677866,0.398134) = -1.06189272643
E(0.064455,0.0641195,0.0676232,0.398255) = -1.06189349994
E(0.064383,0.0654096,0.0683124,0.398711) = -1.06189312991
E(0.064895,0.0641041,0.0676439,0.398541) = -1.06189371955
E(0.065727,0.0647179,0.0670715,0.397563) = -1.06189469867
E(0.065758,0.0651153,0.0656824,0.398077) = -1.06189346686
E(0.065526,0.0650283,0.0671158,0.39752) = -1.06189491418
E(0.066385,0.0659234,0.0680108,0.397637) = -1.06189328371
E(0.065350,0.0655165,0.0671123,0.397585) = -1.06189492637
E(0.064531,0.065408,0.0670791,0.396293) = -1.0618939239
E(0.064865,0.0652866,0.0673961,0.398054) = -1.06189478016
E(0.065362,0.0654844,0.0664092,0.39789) = -1.06189462344
Energy at ADAPT iteration 4: -1.06189492637
Parameters at ADAPT iteration 4: 0.0653503605969 0.0655164630494 0.0671122530034 0.397585173135 
Ansatz at ADAPT iteration 4: 5 23 19 13 
Iteration: 5
Computing [H, A]
Printing commutators with absolute value above 0.000000
Number of instructions for commutator calculation: 364
E(0.065350,0.0655165,0.0671123,0.397585) = 7.22042146241e-07
[H,0] = 7.22042146241e-07
Number of instructions for commutator calculation: 392
E(0.065350,0.0655165,0.0671123,0.397585) = -3.30357087037e-05
[H,1] = -3.30357087037e-05
Number of instructions for commutator calculation: 392
E(0.065350,0.0655165,0.0671123,0.397585) = -3.86784159562e-05
[H,2] = -3.86784159562e-05
Number of instructions for commutator calculation: 428
E(0.065350,0.0655165,0.0671123,0.397585) = 0.0100713034387
[H,3] = 0.0100713034387
Number of instructions for commutator calculation: 1088
E(0.065350,0.0655165,0.0671123,0.397585) = 0.000165449928579
[H,5] = 0.000165449928579
Number of instructions for commutator calculation: 2084
E(0.065350,0.0655165,0.0671123,0.397585) = 9.08800429222e-13
Number of instructions for commutator calculation: 2084
E(0.065350,0.0655165,0.0671123,0.397585) = -5.84380748322e-12
Number of instructions for commutator calculation: 2058
E(0.065350,0.0655165,0.0671123,0.397585) = -4.27359647378e-06
[H,11] = -4.27359647378e-06
Number of instructions for commutator calculation: 1120
E(0.065350,0.0655165,0.0671123,0.397585) = -0.000138911645317
[H,13] = -0.000138911645317
Number of instructions for commutator calculation: 2012
E(0.065350,0.0655165,0.0671123,0.397585) = -7.50655218206e-14
Number of instructions for commutator calculation: 2058
E(0.065350,0.0655165,0.0671123,0.397585) = -6.40093032423e-06
[H,17] = -6.40093032423e-06
Number of instructions for commutator calculation: 1120
E(0.065350,0.0655165,0.0671123,0.397585) = -0.000735567712987
[H,19] = -0.000735567712987
Number of instructions for commutator calculation: 2058
E(0.065350,0.0655165,0.0671123,0.397585) = -7.28081014793e-06
[H,21] = -7.28081014793e-06
Number of instructions for commutator calculation: 1296
E(0.065350,0.0655165,0.0671123,0.397585) = -6.42938370016e-05
[H,23] = -6.42938370016e-05
Max gradient component: [H, 3] = 0.0100713034387 a.u.
Norm of gradient vector: 0.0101007780285 a.u.
vqe optimization of current ansatz.
020-08-04 11:46:06.264] [xacc-logger] [info] Chosen optimizer does not support gradients. Using default.
E(0.000000,0,0,0,0) = -1.0041514231
E(1.570796,0,0,0,0) = -0.754773753924
E(0.000000,1.5708,0,0,0) = 0.00874892986861
E(0.000000,0,1.5708,0,0) = 0.0087664648416
E(0.000000,0,0,1.5708,0) = 0.0896073219936
E(0.000000,0,0,0,1.5708) = -0.745088560394
E(-0.213145,-0.865733,-0.865747,-0.934843,-0.221423) = 0.171939355588
E(-0.106572,-0.432866,-0.432874,-0.467421,-0.110711) = -0.488400747248
E(-0.021934,0.36881,-0.0890898,-0.0962001,-0.0227855) = -0.917667159943
E(0.163096,0,-0.00888906,0,0) = -1.00023658339
E(0.015449,0.00821143,0.367671,-0.133153,-0.0315381) = -0.920854716265
E(0.000000,-5.60764e-18,0,0.0282798,-0.0281523) = -1.00032681218
E(-0.005887,0.0144625,0.0403195,0.251547,0.298441) = -1.03347256179
E(-0.006772,0.00475393,-0.00844953,0.226303,0.388016) = -1.03881390001
E(0.019057,-0.258566,-0.190693,0.451631,0.40294) = -0.86703139485
E(-0.047450,-0.0190923,-0.0662253,0.224308,0.427572) = -1.0295221393
E(-0.058365,-0.104274,0.247488,-0.000753408,0.538365) = -1.01634275542
E(-0.017978,0.00297953,-0.118386,0.184836,0.427231) = -1.02893681155
E(-0.012556,0.386458,0.0641912,0.228512,0.44458) = -0.978149445643
E(0.018724,-0.120961,0.00525477,0.3743,0.390841) = -0.975240154659
E(0.049125,0.00513267,-0.00863845,0.220134,0.389781) = -1.04015754239
E(0.055991,0.195448,0.0286313,0.224015,0.419477) = -1.03293529674
E(0.024777,0.0109748,0.00248422,0.215936,0.3556) = -1.0418083057
E(0.143169,0.0162682,-0.0272251,0.0956359,0.259924) = -1.04600192232
E(0.166992,0.00615234,-0.0101994,0.0658352,0.305544) = -1.05025440992
E(0.051039,0.0122633,0.0810792,-0.0609456,0.279744) = -1.04305609188
E(0.289215,-0.0998192,0.0955291,0.0965906,0.321671) = -1.03314759236
E(0.194116,0.0961734,0.00930518,0.0677915,0.325903) = -1.05441017119
E(0.209683,0.0969046,0.00101752,0.0644534,0.303266) = -1.05185233371
E(0.181360,0.120239,-0.0466186,0.0555939,0.400871) = -1.04936163905
E(0.200532,0.0945195,0.00838843,0.0880001,0.335158) = -1.05431551843
E(0.181133,0.101719,0.103039,0.0623931,0.35088) = -1.05692001652
E(0.106574,0.140216,0.107292,0.102551,0.319794) = -1.0540109056
E(0.163181,0.11309,0.0930567,0.0354354,0.355735) = -1.05673429191
E(0.202144,0.113072,0.127186,0.0693255,0.442732) = -1.05410114048
E(0.160561,0.0576197,0.104702,0.0588887,0.356035) = -1.05833382058
E(0.160171,0.0576964,0.121522,0.0520977,0.351299) = -1.05710265733
E(0.170129,0.0331525,0.0636147,0.060241,0.350615) = -1.05807519715
E(0.151328,0.0588368,0.10304,0.0590652,0.337726) = -1.0581229796
E(0.129787,0.0603099,0.0964287,0.0897663,0.376853) = -1.05964098797
E(0.155636,0.0718131,0.0991537,0.128385,0.366352) = -1.05645624629
E(0.130084,0.0763915,0.0951193,0.0834213,0.382415) = -1.05985578823
E(0.086918,0.0759478,0.0767212,0.0699107,0.387422) = -1.06133900312
E(0.073809,0.062794,0.0907339,0.0458692,0.423343) = -1.06080370751
E(0.071082,0.0856842,0.0642376,0.0798539,0.388877) = -1.06131889556
E(0.082243,0.0775653,0.0800515,0.0703805,0.384667) = -1.06130158138
E(0.085619,0.0763214,0.0639711,0.0525421,0.375746) = -1.06115323039
E(0.087341,0.0718663,0.0761068,0.069962,0.38844) = -1.06139057005
E(0.073531,0.0630091,0.0879655,0.0731373,0.37493) = -1.06118558745
E(0.086846,0.0708868,0.0758097,0.0716458,0.389101) = -1.06140364513
E(0.105172,0.0737515,0.0744585,0.0876602,0.388858) = -1.06083375596
E(0.085618,0.0637775,0.0692363,0.0720946,0.388948) = -1.06148836512
E(0.077007,0.0569684,0.0699132,0.0635339,0.409151) = -1.06155747232
E(0.087870,0.046495,0.0610889,0.0761662,0.420866) = -1.06109464368
E(0.077729,0.0579495,0.0646295,0.0528839,0.406362) = -1.06145318578
E(0.077294,0.0559505,0.0708762,0.0634171,0.408795) = -1.06153802036
E(0.065482,0.057592,0.0685418,0.0665264,0.406589) = -1.06170664922
E(0.060423,0.0670886,0.0738864,0.0672581,0.408979) = -1.06172901815
E(0.060153,0.0650293,0.0738944,0.0672084,0.409455) = -1.0617306571
E(0.054792,0.0658876,0.067033,0.075032,0.413038) = -1.06174062952
E(0.054719,0.0663888,0.0640717,0.0731301,0.413225) = -1.0617607466
E(0.045086,0.0659307,0.0619817,0.068147,0.407897) = -1.06187251246
E(0.035843,0.0662677,0.0588439,0.0607251,0.407532) = -1.06186176536
E(0.045527,0.0627651,0.0617613,0.0673561,0.408057) = -1.0618660521
E(0.045880,0.0661521,0.056815,0.0705198,0.397053) = -1.06184597142
E(0.037824,0.0633213,0.0686845,0.0747435,0.406281) = -1.06186205912
E(0.046457,0.0666439,0.0662669,0.0648745,0.405409) = -1.06188067376
E(0.046403,0.0668071,0.0668839,0.064753,0.407289) = -1.06187061613
E(0.047881,0.0686784,0.0649254,0.0655832,0.400007) = -1.06188301845
E(0.048052,0.0684312,0.0652372,0.0660036,0.400084) = -1.06188389532
E(0.049003,0.0629946,0.0644245,0.0644369,0.398066) = -1.06187579474
E(0.046817,0.0683903,0.06574,0.0661559,0.399467) = -1.0618908398
E(0.043070,0.0691949,0.0680281,0.069344,0.396718) = -1.06189664909
E(0.041779,0.0689552,0.0730072,0.0664987,0.398461) = -1.06187341366
E(0.042460,0.0682191,0.0679579,0.0694173,0.39752) = -1.06190364906
E(0.039670,0.0672422,0.0650603,0.0732032,0.400006) = -1.06189813724
E(0.042373,0.0686796,0.0676372,0.069116,0.396992) = -1.06190389732
E(0.042007,0.0637354,0.0665541,0.0684768,0.393603) = -1.06190780769
E(0.043753,0.062813,0.0662493,0.0683905,0.39388) = -1.06189906555
E(0.039992,0.0653127,0.0623425,0.0648586,0.393083) = -1.06190662203
E(0.041648,0.0635547,0.0676575,0.0669648,0.395062) = -1.06191100539
E(0.036718,0.0626834,0.0706556,0.0664474,0.393236) = -1.06190601798
E(0.041677,0.0619081,0.0677851,0.0629087,0.39936) = -1.06189567729
E(0.042793,0.0616675,0.0672421,0.0683009,0.393455) = -1.0618956584
E(0.041320,0.0632751,0.0675545,0.0676204,0.39554) = -1.06191262567
E(0.039909,0.0638293,0.0649408,0.067254,0.395156) = -1.06192106387
E(0.039917,0.0642406,0.0651005,0.0680071,0.394912) = -1.06192106419
E(0.038816,0.0660617,0.0641819,0.0678714,0.396917) = -1.06192783326
E(0.035952,0.0661334,0.0651143,0.0675188,0.396463) = -1.06193691045
E(0.033090,0.0664204,0.0641273,0.0677195,0.396821) = -1.06194255533
E(0.032251,0.0686126,0.0641367,0.066143,0.395631) = -1.06193655597
E(0.033102,0.0664764,0.064192,0.0684116,0.396724) = -1.06194163293
E(0.031854,0.0656619,0.0656653,0.0673716,0.399017) = -1.06194700615
E(0.030522,0.0630709,0.0657135,0.0668652,0.398201) = -1.06194580451
E(0.031898,0.0655188,0.0646714,0.0668433,0.399483) = -1.06194652017
E(0.030706,0.0657128,0.0662402,0.0690746,0.401221) = -1.06194302958
E(0.031079,0.0664473,0.0660476,0.066404,0.398785) = -1.06194715128
E(0.031219,0.0663202,0.0662041,0.0663604,0.398897) = -1.06194684488
E(0.031425,0.0670003,0.0656426,0.0666118,0.397473) = -1.06194604646
E(0.031220,0.0666829,0.066052,0.0664095,0.398932) = -1.06194652267
E(0.029751,0.0659148,0.0659984,0.0669517,0.398736) = -1.06194995244
E(0.028946,0.06516,0.0650306,0.0665129,0.398818) = -1.06195106635
E(0.028077,0.0646797,0.0651034,0.0670084,0.397762) = -1.0619519398
E(0.026953,0.064927,0.0648366,0.0677588,0.39839) = -1.06195276719
E(0.026425,0.0639587,0.0657361,0.0675659,0.398929) = -1.06195199988
E(0.026702,0.0649894,0.0649789,0.0677062,0.39829) = -1.06195309494
E(0.025648,0.0656511,0.0644532,0.0671765,0.397793) = -1.06195353351
E(0.025426,0.0666363,0.0652112,0.0679286,0.397354) = -1.06195257045
E(0.025541,0.0653108,0.0643629,0.0673599,0.397703) = -1.06195340764
E(0.026142,0.0653704,0.0648021,0.0664151,0.39664) = -1.06195252331
E(0.025429,0.065475,0.064725,0.0669961,0.397977) = -1.06195390106
E(0.024707,0.0654968,0.0644393,0.0662378,0.399061) = -1.06195314318
E(0.025680,0.0656126,0.0645423,0.0669748,0.398066) = -1.06195363268
E(0.025963,0.0646782,0.065673,0.0673764,0.398601) = -1.0619534193
E(0.024876,0.0651983,0.0649435,0.0670114,0.397871) = -1.0619541759
E(0.024685,0.064454,0.0639253,0.0678609,0.397807) = -1.06195214649
E(0.024406,0.0663015,0.0656883,0.0676093,0.397813) = -1.06195362875
E(0.024933,0.0651345,0.0652191,0.066488,0.39739) = -1.0619537739
E(0.025140,0.0648495,0.065464,0.0671411,0.398201) = -1.06195406727
Energy at ADAPT iteration 5: -1.0619541759
Parameters at ADAPT iteration 5: 0.0248759499196 0.0651983142718 0.0649435171003 0.0670114022384 0.397870627133 
Ansatz at ADAPT iteration 5: 5 23 19 13 3 
Iteration: 6
Computing [H, A]
Printing commutators with absolute value above 0.000000
Number of instructions for commutator calculation: 364
E(0.024876,0.0651983,0.0649435,0.0670114,0.397871) = 7.49893185854e-07
[H,0] = 7.49893185854e-07
Number of instructions for commutator calculation: 392
E(0.024876,0.0651983,0.0649435,0.0670114,0.397871) = -3.25300272167e-05
[H,1] = -3.25300272167e-05
Number of instructions for commutator calculation: 392
E(0.024876,0.0651983,0.0649435,0.0670114,0.397871) = -3.81131272273e-05
[H,2] = -3.81131272273e-05
Number of instructions for commutator calculation: 428
E(0.024876,0.0651983,0.0649435,0.0670114,0.397871) = -0.000539488398432
[H,3] = -0.000539488398432
Number of instructions for commutator calculation: 1088
E(0.024876,0.0651983,0.0649435,0.0670114,0.397871) = 0.000432091561504
[H,5] = 0.000432091561504
Number of instructions for commutator calculation: 2084
E(0.024876,0.0651983,0.0649435,0.0670114,0.397871) = -3.86907710485e-10
[H,7] = -3.86907710485e-10
Number of instructions for commutator calculation: 2084
E(0.024876,0.0651983,0.0649435,0.0670114,0.397871) = -2.6099675121e-11
Number of instructions for commutator calculation: 2058
E(0.024876,0.0651983,0.0649435,0.0670114,0.397871) = -4.29656970567e-06
[H,11] = -4.29656970567e-06
Number of instructions for commutator calculation: 1120
E(0.024876,0.0651983,0.0649435,0.0670114,0.397871) = 0.000541993873219
[H,13] = 0.000541993873219
Number of instructions for commutator calculation: 2012
E(0.024876,0.0651983,0.0649435,0.0670114,0.397871) = 9.66477712908e-13
Number of instructions for commutator calculation: 2058
E(0.024876,0.0651983,0.0649435,0.0670114,0.397871) = -6.1173405383e-06
[H,17] = -6.1173405383e-06
Number of instructions for commutator calculation: 1120
E(0.024876,0.0651983,0.0649435,0.0670114,0.397871) = 0.00100908750908
[H,19] = 0.00100908750908
Number of instructions for commutator calculation: 2058
E(0.024876,0.0651983,0.0649435,0.0670114,0.397871) = -6.9784186768e-06
[H,21] = -6.9784186768e-06
Number of instructions for commutator calculation: 1296
E(0.024876,0.0651983,0.0649435,0.0670114,0.397871) = 0.000390996410833
[H,23] = 0.000390996410833
Max gradient component: [H, 19] = 0.00100908750908 a.u.
Norm of gradient vector: 0.00139472576466 a.u.
ADAPT-vqe converged in 5 iterations.
ADAPT-vqe energy: -1.0619541759 a.u.
Operators in the ansatz
(0,-0.176777) X0 Y1 X5 X6 + (0,0.176777) X0 X1 Y5 X6 + (0,0.176777) Y0 X1 Y5 Y6 + (0,-0.176777) X0 Y1 Y5 Y6 + (0,-0.176777) X0 X1 X5 Y6 + (0,0.176777) Y0 Y1 Y5 X6 + (0,0.176777) Y0 X1 X5 X6 + (0,-0.176777) Y0 Y1 X5 Y6
(0,0.176777) Y0 Z1 Z2 Z3 X4 X5 Z6 Z7 Z8 X9 + (0,0.176777) Y0 Z1 Z2 Z3 Y4 Y5 Z6 Z7 Z8 X9 + (0,-0.176777) Y0 Z1 Z2 Z3 Y4 X5 Z6 Z7 Z8 Y9 + (0,-0.176777) X0 Z1 Z2 Z3 X4 X5 Z6 Z7 Z8 Y9 + (0,-0.176777) X0 Z1 Z2 Z3 Y4 Y5 Z6 Z7 Z8 Y9 + (0,-0.176777) X0 Z1 Z2 Z3 Y4 X5 Z6 Z7 Z8 X9 + (0,0.176777) Y0 Z1 Z2 Z3 X4 Y5 Z6 Z7 Z8 Y9 + (0,0.176777) X0 Z1 Z2 Z3 X4 Y5 Z6 Z7 Z8 X9
(0,0.176777) Y0 Z1 Z2 X3 X5 Z6 Z7 X8 + (0,-0.176777) X0 Z1 Z2 Y3 X5 Z6 Z7 X8 + (0,-0.176777) X0 Z1 Z2 Y3 Y5 Z6 Z7 Y8 + (0,0.176777) Y0 Z1 Z2 Y3 Y5 Z6 Z7 X8 + (0,0.176777) Y0 Z1 Z2 X3 Y5 Z6 Z7 Y8 + (0,0.176777) X0 Z1 Z2 X3 Y5 Z6 Z7 X8 + (0,-0.176777) X0 Z1 Z2 X3 X5 Z6 Z7 Y8 + (0,-0.176777) Y0 Z1 Z2 Y3 X5 Z6 Z7 Y8
(0,-0.176777) X0 Z1 Y2 Y5 Z6 Y7 + (0,-0.176777) Y0 Z1 Y2 X5 Z6 Y7 + (0,0.176777) Y0 Z1 X2 Y5 Z6 Y7 + (0,-0.176777) X0 Z1 Y2 X5 Z6 X7 + (0,0.176777) X0 Z1 X2 Y5 Z6 X7 + (0,-0.176777) X0 Z1 X2 X5 Z6 Y7 + (0,0.176777) Y0 Z1 Y2 Y5 Z6 X7 + (0,0.176777) Y0 Z1 X2 X5 Z6 X7
(0,-0.25) X5 Z6 Z7 Z8 Y9 + (0,0.25) Y0 Z1 Z2 Z3 X4 + (0,-0.25) X0 Z1 Z2 Z3 Y4 + (0,0.25) Y5 Z6 Z7 Z8 X9
Optimal parameters: 0.0248759499196 0.0651983142718 0.0649435171003 0.0670114022384 0.397870627133 
Final ADAPT-vqe circuit
X q0
X q5
H q0
H q1
H q5
Rx(1.57079) q6
CNOT q0,q1
CNOT q1,q5
CNOT q5,q6
Rz(-0.176777*x0) q6
CNOT q5,q6
CNOT q1,q5
CNOT q0,q1
H q0
H q1
H q5
Rx(-1.57079) q6
Rx(1.57079) q0
Rx(1.57079) q1
Rx(1.57079) q5
H q6
CNOT q0,q1
CNOT q1,q5
CNOT q5,q6
Rz(0.176777*x0) q6
CNOT q5,q6
CNOT q1,q5
CNOT q0,q1
Rx(-1.57079) q0
Rx(-1.57079) q1
Rx(-1.57079) q5
H q6
Rx(1.57079) q0
Rx(1.57079) q1
H q5
Rx(1.57079) q6
CNOT q0,q1
CNOT q1,q5
CNOT q5,q6
Rz(-0.176777*x0) q6
CNOT q5,q6
CNOT q1,q5
CNOT q0,q1
Rx(-1.57079) q0
Rx(-1.57079) q1
H q5
Rx(-1.57079) q6
Rx(1.57079) q0
H q1
Rx(1.57079) q5
Rx(1.57079) q6
CNOT q0,q1
CNOT q1,q5
CNOT q5,q6
Rz(0.176777*x0) q6
CNOT q5,q6
CNOT q1,q5
CNOT q0,q1
Rx(-1.57079) q0
H q1
Rx(-1.57079) q5
Rx(-1.57079) q6
H q0
Rx(1.57079) q1
Rx(1.57079) q5
Rx(1.57079) q6
CNOT q0,q1
CNOT q1,q5
CNOT q5,q6
Rz(-0.176777*x0) q6
CNOT q5,q6
CNOT q1,q5
CNOT q0,q1
H q0
Rx(-1.57079) q1
Rx(-1.57079) q5
Rx(-1.57079) q6
H q0
Rx(1.57079) q1
H q5
H q6
CNOT q0,q1
CNOT q1,q5
CNOT q5,q6
Rz(-0.176777*x0) q6
CNOT q5,q6
CNOT q1,q5
CNOT q0,q1
H q0
Rx(-1.57079) q1
H q5
H q6
Rx(1.57079) q0
H q1
H q5
H q6
CNOT q0,q1
CNOT q1,q5
CNOT q5,q6
Rz(0.176777*x0) q6
CNOT q5,q6
CNOT q1,q5
CNOT q0,q1
Rx(-1.57079) q0
H q1
H q5
H q6
H q0
H q1
Rx(1.57079) q5
H q6
CNOT q0,q1
CNOT q1,q5
CNOT q5,q6
Rz(0.176777*x0) q6
CNOT q5,q6
CNOT q1,q5
CNOT q0,q1
H q0
H q1
Rx(-1.57079) q5
H q6
H q0
Rx(1.57079) q4
Rx(1.57079) q5
Rx(1.57079) q9
CNOT q0,q1
CNOT q1,q2
CNOT q2,q3
CNOT q3,q4
CNOT q4,q5
CNOT q5,q6
CNOT q6,q7
CNOT q7,q8
CNOT q8,q9
Rz(-0.176777*x1) q9
CNOT q8,q9
CNOT q7,q8
CNOT q6,q7
CNOT q5,q6
CNOT q4,q5
CNOT q3,q4
CNOT q2,q3
CNOT q1,q2
CNOT q0,q1
H q0
Rx(-1.57079) q4
Rx(-1.57079) q5
Rx(-1.57079) q9
Rx(1.57079) q0
H q4
H q5
H q9
CNOT q0,q1
CNOT q1,q2
CNOT q2,q3
CNOT q3,q4
CNOT q4,q5
CNOT q5,q6
CNOT q6,q7
CNOT q7,q8
CNOT q8,q9
Rz(0.176777*x1) q9
CNOT q8,q9
CNOT q7,q8
CNOT q6,q7
CNOT q5,q6
CNOT q4,q5
CNOT q3,q4
CNOT q2,q3
CNOT q1,q2
CNOT q0,q1
Rx(-1.57079) q0
H q4
H q5
H q9
Rx(1.57079) q0
Rx(1.57079) q4
Rx(1.57079) q5
H q9
CNOT q0,q1
CNOT q1,q2
CNOT q2,q3
CNOT q3,q4
CNOT q4,q5
CNOT q5,q6
CNOT q6,q7
CNOT q7,q8
CNOT q8,q9
Rz(0.176777*x1) q9
CNOT q8,q9
CNOT q7,q8
CNOT q6,q7
CNOT q5,q6
CNOT q4,q5
CNOT q3,q4
CNOT q2,q3
CNOT q1,q2
CNOT q0,q1
Rx(-1.57079) q0
Rx(-1.57079) q4
Rx(-1.57079) q5
H q9
Rx(1.57079) q0
H q4
Rx(1.57079) q5
Rx(1.57079) q9
CNOT q0,q1
CNOT q1,q2
CNOT q2,q3
CNOT q3,q4
CNOT q4,q5
CNOT q5,q6
CNOT q6,q7
CNOT q7,q8
CNOT q8,q9
Rz(0.176777*x1) q9
CNOT q8,q9
CNOT q7,q8
CNOT q6,q7
CNOT q5,q6
CNOT q4,q5
CNOT q3,q4
CNOT q2,q3
CNOT q1,q2
CNOT q0,q1
Rx(-1.57079) q0
H q4
Rx(-1.57079) q5
Rx(-1.57079) q9
H q0
H q4
Rx(1.57079) q5
H q9
CNOT q0,q1
CNOT q1,q2
CNOT q2,q3
CNOT q3,q4
CNOT q4,q5
CNOT q5,q6
CNOT q6,q7
CNOT q7,q8
CNOT q8,q9
Rz(0.176777*x1) q9
CNOT q8,q9
CNOT q7,q8
CNOT q6,q7
CNOT q5,q6
CNOT q4,q5
CNOT q3,q4
CNOT q2,q3
CNOT q1,q2
CNOT q0,q1
H q0
H q4
Rx(-1.57079) q5
H q9
H q0
Rx(1.57079) q4
H q5
H q9
CNOT q0,q1
CNOT q1,q2
CNOT q2,q3
CNOT q3,q4
CNOT q4,q5
CNOT q5,q6
CNOT q6,q7
CNOT q7,q8
CNOT q8,q9
Rz(-0.176777*x1) q9
CNOT q8,q9
CNOT q7,q8
CNOT q6,q7
CNOT q5,q6
CNOT q4,q5
CNOT q3,q4
CNOT q2,q3
CNOT q1,q2
CNOT q0,q1
H q0
Rx(-1.57079) q4
H q5
H q9
Rx(1.57079) q0
Rx(1.57079) q4
H q5
Rx(1.57079) q9
CNOT q0,q1
CNOT q1,q2
CNOT q2,q3
CNOT q3,q4
CNOT q4,q5
CNOT q5,q6
CNOT q6,q7
CNOT q7,q8
CNOT q8,q9
Rz(-0.176777*x1) q9
CNOT q8,q9
CNOT q7,q8
CNOT q6,q7
CNOT q5,q6
CNOT q4,q5
CNOT q3,q4
CNOT q2,q3
CNOT q1,q2
CNOT q0,q1
Rx(-1.57079) q0
Rx(-1.57079) q4
H q5
Rx(-1.57079) q9
H q0
H q4
H q5
Rx(1.57079) q9
CNOT q0,q1
CNOT q1,q2
CNOT q2,q3
CNOT q3,q4
CNOT q4,q5
CNOT q5,q6
CNOT q6,q7
CNOT q7,q8
CNOT q8,q9
Rz(-0.176777*x1) q9
CNOT q8,q9
CNOT q7,q8
CNOT q6,q7
CNOT q5,q6
CNOT q4,q5
CNOT q3,q4
CNOT q2,q3
CNOT q1,q2
CNOT q0,q1
H q0
H q4
H q5
Rx(-1.57079) q9
Rx(1.57079) q0
H q3
Rx(1.57079) q5
Rx(1.57079) q8
CNOT q0,q1
CNOT q1,q2
CNOT q2,q3
CNOT q3,q5
CNOT q5,q6
CNOT q6,q7
CNOT q7,q8
Rz(0.176777*x2) q8
CNOT q7,q8
CNOT q6,q7
CNOT q5,q6
CNOT q3,q5
CNOT q2,q3
CNOT q1,q2
CNOT q0,q1
Rx(-1.57079) q0
H q3
Rx(-1.57079) q5
Rx(-1.57079) q8
Rx(1.57079) q0
Rx(1.57079) q3
H q5
Rx(1.57079) q8
CNOT q0,q1
CNOT q1,q2
CNOT q2,q3
CNOT q3,q5
CNOT q5,q6
CNOT q6,q7
CNOT q7,q8
Rz(-0.176777*x2) q8
CNOT q7,q8
CNOT q6,q7
CNOT q5,q6
CNOT q3,q5
CNOT q2,q3
CNOT q1,q2
CNOT q0,q1
Rx(-1.57079) q0
Rx(-1.57079) q3
H q5
Rx(-1.57079) q8
H q0
H q3
Rx(1.57079) q5
H q8
CNOT q0,q1
CNOT q1,q2
CNOT q2,q3
CNOT q3,q5
CNOT q5,q6
CNOT q6,q7
CNOT q7,q8
Rz(0.176777*x2) q8
CNOT q7,q8
CNOT q6,q7
CNOT q5,q6
CNOT q3,q5
CNOT q2,q3
CNOT q1,q2
CNOT q0,q1
H q0
H q3
Rx(-1.57079) q5
H q8
H q0
Rx(1.57079) q3
H q5
H q8
CNOT q0,q1
CNOT q1,q2
CNOT q2,q3
CNOT q3,q5
CNOT q5,q6
CNOT q6,q7
CNOT q7,q8
Rz(-0.176777*x2) q8
CNOT q7,q8
CNOT q6,q7
CNOT q5,q6
CNOT q3,q5
CNOT q2,q3
CNOT q1,q2
CNOT q0,q1
H q0
Rx(-1.57079) q3
H q5
H q8
Rx(1.57079) q0
H q3
H q5
H q8
CNOT q0,q1
CNOT q1,q2
CNOT q2,q3
CNOT q3,q5
CNOT q5,q6
CNOT q6,q7
CNOT q7,q8
Rz(0.176777*x2) q8
CNOT q7,q8
CNOT q6,q7
CNOT q5,q6
CNOT q3,q5
CNOT q2,q3
CNOT q1,q2
CNOT q0,q1
Rx(-1.57079) q0
H q3
H q5
H q8
Rx(1.57079) q0
Rx(1.57079) q3
Rx(1.57079) q5
H q8
CNOT q0,q1
CNOT q1,q2
CNOT q2,q3
CNOT q3,q5
CNOT q5,q6
CNOT q6,q7
CNOT q7,q8
Rz(0.176777*x2) q8
CNOT q7,q8
CNOT q6,q7
CNOT q5,q6
CNOT q3,q5
CNOT q2,q3
CNOT q1,q2
CNOT q0,q1
Rx(-1.57079) q0
Rx(-1.57079) q3
Rx(-1.57079) q5
H q8
H q0
Rx(1.57079) q3
Rx(1.57079) q5
Rx(1.57079) q8
CNOT q0,q1
CNOT q1,q2
CNOT q2,q3
CNOT q3,q5
CNOT q5,q6
CNOT q6,q7
CNOT q7,q8
Rz(-0.176777*x2) q8
CNOT q7,q8
CNOT q6,q7
CNOT q5,q6
CNOT q3,q5
CNOT q2,q3
CNOT q1,q2
CNOT q0,q1
H q0
Rx(-1.57079) q3
Rx(-1.57079) q5
Rx(-1.57079) q8
H q0
H q3
H q5
Rx(1.57079) q8
CNOT q0,q1
CNOT q1,q2
CNOT q2,q3
CNOT q3,q5
CNOT q5,q6
CNOT q6,q7
CNOT q7,q8
Rz(-0.176777*x2) q8
CNOT q7,q8
CNOT q6,q7
CNOT q5,q6
CNOT q3,q5
CNOT q2,q3
CNOT q1,q2
CNOT q0,q1
H q0
H q3
H q5
Rx(-1.57079) q8
H q0
Rx(1.57079) q2
H q5
H q7
CNOT q0,q1
CNOT q1,q2
CNOT q2,q5
CNOT q5,q6
CNOT q6,q7
Rz(-0.176777*x3) q7
CNOT q6,q7
CNOT q5,q6
CNOT q2,q5
CNOT q1,q2
CNOT q0,q1
H q0
Rx(-1.57079) q2
H q5
H q7
H q0
H q2
Rx(1.57079) q5
H q7
CNOT q0,q1
CNOT q1,q2
CNOT q2,q5
CNOT q5,q6
CNOT q6,q7
Rz(0.176777*x3) q7
CNOT q6,q7
CNOT q5,q6
CNOT q2,q5
CNOT q1,q2
CNOT q0,q1
H q0
H q2
Rx(-1.57079) q5
H q7
H q0
Rx(1.57079) q2
Rx(1.57079) q5
Rx(1.57079) q7
CNOT q0,q1
CNOT q1,q2
CNOT q2,q5
CNOT q5,q6
CNOT q6,q7
Rz(-0.176777*x3) q7
CNOT q6,q7
CNOT q5,q6
CNOT q2,q5
CNOT q1,q2
CNOT q0,q1
H q0
Rx(-1.57079) q2
Rx(-1.57079) q5
Rx(-1.57079) q7
Rx(1.57079) q0
Rx(1.57079) q2
Rx(1.57079) q5
H q7
CNOT q0,q1
CNOT q1,q2
CNOT q2,q5
CNOT q5,q6
CNOT q6,q7
Rz(0.176777*x3) q7
CNOT q6,q7
CNOT q5,q6
CNOT q2,q5
CNOT q1,q2
CNOT q0,q1
Rx(-1.57079) q0
Rx(-1.57079) q2
Rx(-1.57079) q5
H q7
Rx(1.57079) q0
H q2
H q5
H q7
CNOT q0,q1
CNOT q1,q2
CNOT q2,q5
CNOT q5,q6
CNOT q6,q7
Rz(0.176777*x3) q7
CNOT q6,q7
CNOT q5,q6
CNOT q2,q5
CNOT q1,q2
CNOT q0,q1
Rx(-1.57079) q0
H q2
H q5
H q7
Rx(1.57079) q0
Rx(1.57079) q2
H q5
Rx(1.57079) q7
CNOT q0,q1
CNOT q1,q2
CNOT q2,q5
CNOT q5,q6
CNOT q6,q7
Rz(-0.176777*x3) q7
CNOT q6,q7
CNOT q5,q6
CNOT q2,q5
CNOT q1,q2
CNOT q0,q1
Rx(-1.57079) q0
Rx(-1.57079) q2
H q5
Rx(-1.57079) q7
H q0
H q2
H q5
Rx(1.57079) q7
CNOT q0,q1
CNOT q1,q2
CNOT q2,q5
CNOT q5,q6
CNOT q6,q7
Rz(-0.176777*x3) q7
CNOT q6,q7
CNOT q5,q6
CNOT q2,q5
CNOT q1,q2
CNOT q0,q1
H q0
H q2
H q5
Rx(-1.57079) q7
Rx(1.57079) q0
H q2
Rx(1.57079) q5
Rx(1.57079) q7
CNOT q0,q1
CNOT q1,q2
CNOT q2,q5
CNOT q5,q6
CNOT q6,q7
Rz(0.176777*x3) q7
CNOT q6,q7
CNOT q5,q6
CNOT q2,q5
CNOT q1,q2
CNOT q0,q1
Rx(-1.57079) q0
H q2
Rx(-1.57079) q5
Rx(-1.57079) q7
Rx(1.57079) q0
H q4
CNOT q0,q1
CNOT q1,q2
CNOT q2,q3
CNOT q3,q4
Rz(0.250000*x4) q4
CNOT q3,q4
CNOT q2,q3
CNOT q1,q2
CNOT q0,q1
Rx(-1.57079) q0
H q4
H q5
Rx(1.57079) q9
CNOT q5,q6
CNOT q6,q7
CNOT q7,q8
CNOT q8,q9
Rz(-0.250000*x4) q9
CNOT q8,q9
CNOT q7,q8
CNOT q6,q7
CNOT q5,q6
H q5
Rx(-1.57079) q9
Rx(1.57079) q5
H q9
CNOT q5,q6
CNOT q6,q7
CNOT q7,q8
CNOT q8,q9
Rz(0.250000*x4) q9
CNOT q8,q9
CNOT q7,q8
CNOT q6,q7
CNOT q5,q6
Rx(-1.57079) q5
H q9
H q0
Rx(1.57079) q4
CNOT q0,q1
CNOT q1,q2
CNOT q2,q3
CNOT q3,q4
Rz(-0.250000*x4) q4
CNOT q3,q4
CNOT q2,q3
CNOT q1,q2
CNOT q0,q1
H q0
Rx(-1.57079) q4
[0m
-1.0619541759013884
[0.024875949919550503, 0.06519831427177793, 0.06494351710027906, 0.06701140223836033, 0.39787062713340415]
[5, 23, 19, 13, 3]
