Operator pool: singlet-adapted-uccsd
Number of operators in the pool: 24
Iteration: 1
Computing [H, A]
Printing commutators with absolute value above 0.000000
Number of instructions for commutator calculation: 696
E() = -9.48676900925e-20
Number of instructions for commutator calculation: 700
E() = 3.33719999999e-06
[H,1] = 3.33719999999e-06
Number of instructions for commutator calculation: 724
E() = -3.52000000143e-07
[H,2] = -3.52000000143e-07
Number of instructions for commutator calculation: 732
E() = -9.80000000247e-09
[H,3] = -9.80000000247e-09
Number of instructions for commutator calculation: 2296
E() = 0.54949508948
[H,5] = 0.54949508948
Number of instructions for commutator calculation: 3956
E() = -4.36783058046e-33
Number of instructions for commutator calculation: 3898
E() = 1.73993523006e-05
[H,9] = 1.73993523006e-05
Number of instructions for commutator calculation: 3914
E() = -0.00366248729174
[H,11] = -0.00366248729174
Number of instructions for commutator calculation: 2304
E() = 0.174114205203
[H,13] = 0.174114205203
Number of instructions for commutator calculation: 3922
E() = -0.00784158792919
[H,15] = -0.00784158792919
Number of instructions for commutator calculation: 3938
E() = -0.000327114385202
[H,17] = -0.000327114385202
Number of instructions for commutator calculation: 2288
E() = 0.137730847152
[H,19] = 0.137730847152
Number of instructions for commutator calculation: 3870
E() = 0.000422798943461
[H,21] = 0.000422798943461
Number of instructions for commutator calculation: 2304
E() = 0.129588700375
[H,23] = 0.129588700375
Max gradient component: [H, 5] = 0.54949508948 a.u.
Norm of gradient vector: 0.606711478159 a.u.
vqe optimization of current ansatz.
020-08-05 20:36:11.752] [xacc-logger] [info] Chosen optimizer does not support gradients. Using default.
E(0.000000) = -0.8089853637
E(1.570796) = -0.921524754957
E(3.141593) = -0.588566221344
E(2.356194) = -0.720290443224
E(1.178097) = -0.973704378116
E(0.785398) = -0.968502295648
E(0.981748) = -0.978603790728
E(0.785398) = -0.968502293467
E(0.883573) = -0.975406452078
E(1.030835) = -0.978790340198
E(1.079922) = -0.978032769638
E(1.055379) = -0.978529446518
E(1.018563) = -0.978832256398
E(1.006291) = -0.97881512991
E(1.012427) = -0.978831073855
E(1.021631) = -0.978827312123
E(1.017029) = -0.978833344815
E(1.015495) = -0.978833510846
E(1.013961) = -0.978832753332
E(1.014728) = -0.978833246678
Energy at ADAPT iteration 1: -0.978833510846
Parameters at ADAPT iteration 1: 1.01549526426 
Ansatz at ADAPT iteration 1: 5 
Iteration: 2
Computing [H, A]
Printing commutators with absolute value above 0.000000
Number of instructions for commutator calculation: 696
E(1.015495) = 1.42532802704e-10
[H,0] = 1.42532802704e-10
Number of instructions for commutator calculation: 700
E(1.015495) = 0.10814510862
[H,1] = 0.10814510862
Number of instructions for commutator calculation: 724
E(1.015495) = -0.0250278193588
[H,2] = -0.0250278193588
Number of instructions for commutator calculation: 732
E(1.015495) = -0.00104346749816
[H,3] = -0.00104346749816
Number of instructions for commutator calculation: 2296
E(1.015495) = 0.000385484914809
[H,5] = 0.000385484914809
Number of instructions for commutator calculation: 3956
E(1.015495) = 4.74156547969e-11
Number of instructions for commutator calculation: 3898
E(1.015495) = 3.98948470816e-06
[H,9] = 3.98948470816e-06
Number of instructions for commutator calculation: 3914
E(1.015495) = -0.000166786333382
[H,11] = -0.000166786333382
Number of instructions for commutator calculation: 2304
E(1.015495) = -0.0153690373316
[H,13] = -0.0153690373316
Number of instructions for commutator calculation: 3922
E(1.015495) = 0.0145847249871
[H,15] = 0.0145847249871
Number of instructions for commutator calculation: 3938
E(1.015495) = 0.000604091472013
[H,17] = 0.000604091472013
Number of instructions for commutator calculation: 2288
E(1.015495) = 0.0189648566587
[H,19] = 0.0189648566587
Number of instructions for commutator calculation: 3870
E(1.015495) = 0.000136891604494
[H,21] = 0.000136891604494
Number of instructions for commutator calculation: 2304
E(1.015495) = 0.0151979836744
[H,23] = 0.0151979836744
Max gradient component: [H, 1] = 0.10814510862 a.u.
Norm of gradient vector: 0.115598318284 a.u.
vqe optimization of current ansatz.
020-08-05 20:47:50.045] [xacc-logger] [info] Chosen optimizer does not support gradients. Using default.
E(0.000000,0) = -0.8089853637
E(1.570796,0) = -0.656721876694
E(0.000000,1.5708) = -0.921524754957
E(-1.263210,2.50445) = -0.708214302913
E(0.747381,1.81219) = -0.883793268971
E(0.030748,1.1793) = -0.975262277146
E(0.013662,0.786976) = -0.969300288845
E(-0.076165,1.17322) = -0.969647102303
E(0.192822,0.82161) = -0.979109047885
E(0.383510,0.868422) = -0.986565614603
E(0.577183,0.900731) = -0.989294439279
E(0.715283,0.761154) = -0.971672277653
E(0.567430,1.09684) = -0.994850458443
E(0.627699,1.28371) = -0.984999109034
E(0.469571,1.10471) = -0.993653827715
E(0.574284,1.04823) = -0.995104253462
E(0.590501,1.04968) = -0.99515037536
E(0.618286,1.00921) = -0.994447358655
E(0.604394,1.02944) = -0.994917112677
E(0.593777,1.074) = -0.995192568005
E(0.615707,1.08502) = -0.995175477007
E(0.585580,1.08313) = -0.995108556154
E(0.599911,1.07418) = -0.995207032517
E(0.602044,1.06843) = -0.995224272609
E(0.606678,1.06441) = -0.995230076503
E(0.603795,1.05899) = -0.995214779376
E(0.611980,1.06749) = -0.995236774926
E(0.618116,1.06753) = -0.995239803682
E(0.620213,1.0733) = -0.995235939862
E(0.619666,1.06488) = -0.995237025069
E(0.618640,1.06897) = -0.995240140569
E(0.617346,1.0698) = -0.995239367007
E(0.620174,1.06901) = -0.995240445902
E(0.621354,1.06999) = -0.995240315434
E(0.620539,1.06833) = -0.995240431292
Energy at ADAPT iteration 2: -0.995240445902
Parameters at ADAPT iteration 2: 0.620173825681 1.06900609348 
Ansatz at ADAPT iteration 2: 5 1 
Iteration: 3
Computing [H, A]
Printing commutators with absolute value above 0.000000
Number of instructions for commutator calculation: 696
E(0.620174,1.06901) = -1.48771225139e-11
Number of instructions for commutator calculation: 700
E(0.620174,1.06901) = 0.000273338930232
[H,1] = 0.000273338930232
Number of instructions for commutator calculation: 724
E(0.620174,1.06901) = -0.0182544836662
[H,2] = -0.0182544836662
Number of instructions for commutator calculation: 732
E(0.620174,1.06901) = -0.000760892023816
[H,3] = -0.000760892023816
Number of instructions for commutator calculation: 2296
E(0.620174,1.06901) = 0.000108875823681
[H,5] = 0.000108875823681
Number of instructions for commutator calculation: 3956
E(0.620174,1.06901) = 2.01868791285e-12
Number of instructions for commutator calculation: 3898
E(0.620174,1.06901) = 8.0573522686e-06
[H,9] = 8.0573522686e-06
Number of instructions for commutator calculation: 3914
E(0.620174,1.06901) = -0.000808821911027
[H,11] = -0.000808821911027
Number of instructions for commutator calculation: 2304
E(0.620174,1.06901) = 0.00693476587805
[H,13] = 0.00693476587805
Number of instructions for commutator calculation: 3922
E(0.620174,1.06901) = 0.00918632438544
[H,15] = 0.00918632438544
Number of instructions for commutator calculation: 3938
E(0.620174,1.06901) = 0.000382788059541
[H,17] = 0.000382788059541
Number of instructions for commutator calculation: 2288
E(0.620174,1.06901) = 0.0120468753852
[H,19] = 0.0120468753852
Number of instructions for commutator calculation: 3870
E(0.620174,1.06901) = 0.000170815365317
[H,21] = 0.000170815365317
Number of instructions for commutator calculation: 2304
E(0.620174,1.06901) = 0.00787092020964
[H,23] = 0.00787092020964
Max gradient component: [H, 2] = -0.0182544836662 a.u.
Norm of gradient vector: 0.0259668978911 a.u.
vqe optimization of current ansatz.
020-08-05 21:04:32.668] [xacc-logger] [info] Chosen optimizer does not support gradients. Using default.
E(0.000000,0,0) = -0.8089853637
E(1.570796,0,0) = -0.628528472291
E(0.000000,1.5708,0) = -0.656721876694
E(0.000000,0,1.5708) = -0.921524754957
E(-1.083730,-0.914415,2.24665) = -0.751513110619
E(0.722721,-0.247246,1.75354) = -0.859943102473
E(-0.045158,0.755319,1.78128) = -0.892685073824
E(-0.310753,-0.162228,1.74779) = -0.878165065118
E(-0.022291,0.0460119,1.18144) = -0.976164058364
E(0.119859,0.0587261,0.815592) = -0.971509529812
E(-0.033758,-0.0832575,1.17777) = -0.969324538891
E(-0.383244,0.139853,1.05848) = -0.982272698286
E(-0.408658,0.329927,1.10066) = -0.987208429303
E(-0.507782,0.489237,1.15852) = -0.985640166569
E(-0.416404,0.321549,1.11951) = -0.986371669528
E(-0.401812,0.476124,0.96977) = -0.987809748099
E(-0.469761,0.47501,0.965808) = -0.984989248587
E(-0.257265,0.569251,1.06457) = -0.994233018006
E(-0.061671,0.585237,1.07094) = -0.995565489338
E(-0.047853,0.725201,1.20795) = -0.99164648069
E(-0.063476,0.645924,1.039) = -0.995313927814
E(0.011663,0.474893,0.926024) = -0.990866171477
E(-0.025004,0.530065,0.99848) = -0.994339722668
E(-0.109659,0.57742,1.06418) = -0.995586192033
E(-0.112360,0.588132,1.0824) = -0.995560918854
E(-0.108878,0.529458,1.07461) = -0.995302352215
E(-0.111949,0.595702,1.04797) = -0.995528900093
E(-0.109685,0.565214,1.06545) = -0.995543826463
E(-0.114235,0.577344,1.064) = -0.995577220887
E(-0.104447,0.585546,1.05661) = -0.995592019475
E(-0.102792,0.589375,1.06111) = -0.995617572913
E(-0.100178,0.592806,1.06547) = -0.995634288496
E(-0.096231,0.596719,1.06807) = -0.995644155809
E(-0.092939,0.600106,1.06415) = -0.995645347389
E(-0.093165,0.60196,1.06419) = -0.995647119955
E(-0.090625,0.605624,1.0684) = -0.995655135317
E(-0.089041,0.610139,1.07224) = -0.995656431582
E(-0.083355,0.607924,1.07288) = -0.995650045366
E(-0.089225,0.608354,1.07352) = -0.995653204062
E(-0.090631,0.615977,1.07122) = -0.995659742701
E(-0.092390,0.615628,1.06536) = -0.995653840401
E(-0.088742,0.616197,1.07072) = -0.995659398437
E(-0.090882,0.620665,1.07517) = -0.995655564658
E(-0.090193,0.61336,1.07276) = -0.995657877266
E(-0.090705,0.6172,1.07215) = -0.99565936881
E(-0.091347,0.616369,1.06992) = -0.995659827581
E(-0.091738,0.615723,1.06979) = -0.99565981142
E(-0.091207,0.616263,1.06985) = -0.99565979884
E(-0.091946,0.616826,1.07007) = -0.995659862393
E(-0.092275,0.617394,1.06967) = -0.995659631457
E(-0.091946,0.616709,1.07083) = -0.995659950039
E(-0.092439,0.616121,1.07082) = -0.995659940609
E(-0.092016,0.616861,1.07157) = -0.995659776614
E(-0.091650,0.616466,1.07083) = -0.995659940459
Energy at ADAPT iteration 3: -0.995659950039
Parameters at ADAPT iteration 3: -0.0919464618197 0.616709008666 1.07082617281 
Ansatz at ADAPT iteration 3: 5 1 2 
Iteration: 4
Computing [H, A]
Printing commutators with absolute value above 0.000000
Number of instructions for commutator calculation: 696
E(-0.091946,0.616709,1.07083) = 7.07044776058e-07
[H,0] = 7.07044776058e-07
Number of instructions for commutator calculation: 700
E(-0.091946,0.616709,1.07083) = -3.51274360353e-05
[H,1] = -3.51274360353e-05
Number of instructions for commutator calculation: 724
E(-0.091946,0.616709,1.07083) = -2.65932142279e-05
[H,2] = -2.65932142279e-05
Number of instructions for commutator calculation: 732
E(-0.091946,0.616709,1.07083) = -0.000744727594646
[H,3] = -0.000744727594646
Number of instructions for commutator calculation: 2296
E(-0.091946,0.616709,1.07083) = 1.25676525528e-05
[H,5] = 1.25676525528e-05
Number of instructions for commutator calculation: 3956
E(-0.091946,0.616709,1.07083) = -7.54135974124e-07
[H,7] = -7.54135974124e-07
Number of instructions for commutator calculation: 3898
E(-0.091946,0.616709,1.07083) = 8.45703236242e-06
[H,9] = 8.45703236242e-06
Number of instructions for commutator calculation: 3914
E(-0.091946,0.616709,1.07083) = -0.000967319097261
[H,11] = -0.000967319097261
Number of instructions for commutator calculation: 2304
E(-0.091946,0.616709,1.07083) = 0.00766256146244
[H,13] = 0.00766256146244
Number of instructions for commutator calculation: 3922
E(-0.091946,0.616709,1.07083) = 0.00409857525914
[H,15] = 0.00409857525914
Number of instructions for commutator calculation: 3938
E(-0.091946,0.616709,1.07083) = 0.000372534460007
[H,17] = 0.000372534460007
Number of instructions for commutator calculation: 2288
E(-0.091946,0.616709,1.07083) = 0.0126420194991
[H,19] = 0.0126420194991
Number of instructions for commutator calculation: 3870
E(-0.091946,0.616709,1.07083) = 0.000166989999566
[H,21] = 0.000166989999566
Number of instructions for commutator calculation: 2304
E(-0.091946,0.616709,1.07083) = 0.00775341462546
[H,23] = 0.00775341462546
Max gradient component: [H, 19] = 0.0126420194991 a.u.
Norm of gradient vector: 0.0172368334497 a.u.
vqe optimization of current ansatz.
020-08-05 21:28:12.307] [xacc-logger] [info] Chosen optimizer does not support gradients. Using default.
E(0.000000,0,0,0) = -0.8089853637
E(1.570796,0,0,0) = 0.0166276589157
E(0.000000,1.5708,0,0) = -0.628528472291
E(0.000000,0,1.5708,0) = -0.656721876694
E(0.000000,0,0,1.5708) = -0.921524754957
E(-1.497446,-0.327301,-0.276166,1.77491) = -0.749392758784
E(0.557332,-0.381791,-0.322142,1.80889) = -0.832318398927
E(0.000000,0.240984,-0.203694,1.5708) = -0.908140711388
E(0.129371,0.39249,0.639871,1.76219) = -0.888292589635
E(0.045711,-0.0027591,0.058756,1.18523) = -0.975784734392
E(-0.167900,-0.0664062,0.124332,0.868634) = -0.966343867514
E(0.047907,-0.0896151,-0.0191641,1.17462) = -0.973050257586
E(0.389500,-0.00959747,0.153232,1.02076) = -0.937136994786
E(0.042646,0.130648,-0.0772162,1.13771) = -0.968639566008
E(-0.018286,-0.0038853,0.0775224,1.25726) = -0.971459858489
E(0.030364,-0.00421065,0.0665622,1.15867) = -0.978153019551
E(0.034924,-0.0199853,0.129729,1.08533) = -0.984274034789
E(0.016983,0.0113573,0.147174,0.99572) = -0.985601135403
E(-0.051231,-0.0251903,0.207492,0.99907) = -0.986736389392
E(-0.052630,-0.0459114,0.197177,0.984438) = -0.986200425302
E(0.004596,-0.0320074,0.286817,0.985553) = -0.990490877687
E(0.032315,-0.00855617,0.376913,0.971321) = -0.991855886166
E(0.068319,-0.0536792,0.403056,1.0463) = -0.992657119682
E(0.073364,-0.0208527,0.394146,1.05462) = -0.99202502372
E(0.151916,-0.0832292,0.399053,1.00435) = -0.986812601056
E(-0.009929,-0.0609895,0.45387,1.07597) = -0.994280243044
E(-0.055072,-0.0951365,0.38104,1.10959) = -0.991235664095
E(-0.004109,-0.0771352,0.548448,1.05601) = -0.99542096707
E(-0.053811,-0.145625,0.596351,1.06951) = -0.994205105845
E(0.017366,-0.0772178,0.555103,1.09722) = -0.995213600391
E(-0.030683,0.00792039,0.589518,1.05271) = -0.994572504523
E(0.035066,-0.082625,0.555267,1.02775) = -0.995124893416
E(-0.009072,-0.0557485,0.55921,1.05387) = -0.99535131832
E(-0.006062,-0.078325,0.550285,1.056) = -0.995411957796
E(-0.015870,-0.075697,0.526961,1.05543) = -0.995124621907
E(0.001397,-0.075993,0.54599,1.05216) = -0.99543836729
E(0.006852,-0.0886237,0.561975,1.03961) = -0.99545434041
E(0.003792,-0.0900552,0.562891,1.04381) = -0.995483822453
E(0.019734,-0.0926898,0.569915,1.0609) = -0.995581956737
E(0.018879,-0.11068,0.572335,1.07739) = -0.995542119905
E(0.019639,-0.0909209,0.575472,1.06201) = -0.995600796301
E(0.040965,-0.0812309,0.581723,1.06583) = -0.995333754553
E(0.018686,-0.0901992,0.575137,1.06636) = -0.995602990003
E(0.005405,-0.0916429,0.595713,1.0656) = -0.995668355452
E(0.003073,-0.088884,0.59479,1.07074) = -0.995655109424
E(-0.014339,-0.0946021,0.590746,1.05221) = -0.995410805334
E(0.008728,-0.0930509,0.599277,1.06187) = -0.995673862201
E(0.019339,-0.079655,0.611159,1.07488) = -0.995642603552
E(0.007641,-0.0938977,0.597612,1.07183) = -0.995672765143
E(0.020893,-0.112972,0.606825,1.06263) = -0.99562803702
E(0.014889,-0.0848072,0.605544,1.0642) = -0.995674710003
E(0.014231,-0.0852342,0.607329,1.06435) = -0.995677971772
E(0.003904,-0.080552,0.612008,1.06396) = -0.995665946152
E(0.014165,-0.0856857,0.609314,1.06456) = -0.99567947091
E(0.022937,-0.0926807,0.614279,1.06483) = -0.995636476602
E(0.018348,-0.0770961,0.601617,1.0643) = -0.995648260256
E(0.015502,-0.0903303,0.613091,1.06472) = -0.995678371569
E(0.014367,-0.0855342,0.609418,1.062) = -0.995673363856
E(0.016459,-0.0855631,0.60777,1.07003) = -0.995672341127
E(0.014399,-0.0837976,0.61051,1.06469) = -0.995677834602
E(0.008345,-0.0863806,0.610203,1.06614) = -0.995686147971
E(0.006918,-0.0875284,0.608353,1.0717) = -0.995683129575
E(0.003655,-0.0878123,0.609301,1.06257) = -0.995666277141
E(0.008842,-0.0881566,0.61261,1.06661) = -0.995688543402
E(0.008899,-0.0880339,0.612924,1.06665) = -0.995688611844
E(0.006902,-0.0893508,0.614369,1.06539) = -0.995684154179
E(0.009353,-0.0880365,0.612936,1.0666) = -0.995688863864
E(0.010247,-0.0886315,0.61283,1.06948) = -0.995690558922
E(0.012038,-0.0907065,0.613872,1.07038) = -0.995689797947
E(0.010434,-0.0886853,0.612075,1.06938) = -0.995690350499
E(0.010911,-0.086218,0.61326,1.0712) = -0.995687953693
E(0.009473,-0.0887828,0.612881,1.06972) = -0.995690509208
E(0.010378,-0.089481,0.609899,1.06977) = -0.995689660862
E(0.007679,-0.0897552,0.613416,1.07058) = -0.995689064388
E(0.010308,-0.0887443,0.613038,1.06796) = -0.995690437913
E(0.010331,-0.0888328,0.612097,1.06942) = -0.995690440084
E(0.010025,-0.0886361,0.612848,1.06948) = -0.99569058129
E(0.009806,-0.0879215,0.612965,1.06961) = -0.995690236615
E(0.009957,-0.0892936,0.61319,1.06967) = -0.995690879068
E(0.009881,-0.089704,0.613486,1.0691) = -0.995691137819
E(0.009746,-0.0902992,0.613932,1.06897) = -0.995691335335
E(0.008996,-0.0902665,0.613932,1.06881) = -0.99569097201
E(0.009741,-0.0903178,0.613924,1.06897) = -0.995691338736
E(0.010323,-0.0907376,0.613961,1.0687) = -0.995691401383
E(0.010532,-0.0909383,0.614264,1.06934) = -0.99569147721
E(0.010427,-0.0910114,0.614359,1.06927) = -0.99569153264
E(0.010198,-0.0915496,0.614849,1.06919) = -0.995691651693
E(0.010404,-0.0911494,0.615443,1.06901) = -0.995691567118
E(0.010023,-0.0914832,0.614878,1.0693) = -0.99569168816
E(0.009486,-0.0919129,0.615042,1.0696) = -0.995691647391
E(0.010188,-0.0914353,0.614847,1.06964) = -0.99569165805
E(0.009991,-0.0914842,0.614757,1.0693) = -0.995691682316
E(0.009856,-0.0911606,0.61498,1.06923) = -0.995691627213
E(0.009915,-0.091627,0.61493,1.06934) = -0.995691707036
E(0.009749,-0.0915915,0.61502,1.06934) = -0.995691682904
E(0.009961,-0.0916482,0.614937,1.06952) = -0.995691709667
Energy at ADAPT iteration 4: -0.995691707036
Parameters at ADAPT iteration 4: 0.00991484999284 -0.0916270312865 0.61492977596 1.06933959773 
Ansatz at ADAPT iteration 4: 5 1 2 19 
Iteration: 5
Computing [H, A]
Printing commutators with absolute value above 0.000000
Number of instructions for commutator calculation: 696
E(0.009915,-0.091627,0.61493,1.06934) = 6.56154850328e-07
[H,0] = 6.56154850328e-07
Number of instructions for commutator calculation: 700
E(0.009915,-0.091627,0.61493,1.06934) = 6.88790730536e-05
[H,1] = 6.88790730536e-05
Number of instructions for commutator calculation: 724
E(0.009915,-0.091627,0.61493,1.06934) = -0.000241744674907
[H,2] = -0.000241744674907
Number of instructions for commutator calculation: 732
E(0.009915,-0.091627,0.61493,1.06934) = -0.000745375170461
[H,3] = -0.000745375170461
Number of instructions for commutator calculation: 2296
E(0.009915,-0.091627,0.61493,1.06934) = 0.000254427268088
[H,5] = 0.000254427268088
Number of instructions for commutator calculation: 3956
E(0.009915,-0.091627,0.61493,1.06934) = -7.18992406328e-07
[H,7] = -7.18992406328e-07
Number of instructions for commutator calculation: 3898
E(0.009915,-0.091627,0.61493,1.06934) = 8.46050623602e-06
[H,9] = 8.46050623602e-06
Number of instructions for commutator calculation: 3914
E(0.009915,-0.091627,0.61493,1.06934) = -0.000967143246495
[H,11] = -0.000967143246495
Number of instructions for commutator calculation: 2304
E(0.009915,-0.091627,0.61493,1.06934) = 0.00754954710753
[H,13] = 0.00754954710753
Number of instructions for commutator calculation: 3922
E(0.009915,-0.091627,0.61493,1.06934) = 0.00447946869519
[H,15] = 0.00447946869519
Number of instructions for commutator calculation: 3938
E(0.009915,-0.091627,0.61493,1.06934) = 0.000372605061938
[H,17] = 0.000372605061938
Number of instructions for commutator calculation: 2288
E(0.009915,-0.091627,0.61493,1.06934) = 0.000160258453626
[H,19] = 0.000160258453626
Number of instructions for commutator calculation: 3870
E(0.009915,-0.091627,0.61493,1.06934) = 0.000163914964539
[H,21] = 0.000163914964539
Number of instructions for commutator calculation: 2304
E(0.009915,-0.091627,0.61493,1.06934) = 0.00777974252489
[H,23] = 0.00777974252489
Max gradient component: [H, 23] = 0.00777974252489 a.u.
Norm of gradient vector: 0.01180660922 a.u.
vqe optimization of current ansatz.
020-08-05 22:43:45.362] [xacc-logger] [info] Chosen optimizer does not support gradients. Using default.
E(0.000000,0,0,0,0) = -0.8089853637
E(1.570796,0,0,0,0) = 0.0318040459165
E(0.000000,1.5708,0,0,0) = 0.0166276589157
E(0.000000,0,1.5708,0,0) = -0.628528472291
E(0.000000,0,0,1.5708,0) = -0.656721876694
E(0.000000,0,0,0,1.5708) = -0.921524754957
E(-1.094160,-1.07441,-0.234837,-0.198148,1.71725) = -0.751790286556
E(0.624540,-0.453997,-0.0992315,-0.0837282,1.63268) = -0.837660761553
E(0.000000,0.0200965,-0.0726519,0,1.5708) = -0.921871987344
E(-0.038577,0.664997,0.0892324,-0.334736,1.8182) = -0.818828295131
E(-0.002730,0.0011109,0.297352,0.0573209,1.57347) = -0.918470952298
E(-0.010895,0.16178,-0.19718,0.755562,1.67216) = -0.91695096647
E(-0.318292,-0.193218,-0.0987108,0.0130622,1.65173) = -0.895627028316
E(-0.047295,0.0520221,-0.082275,0.0380726,1.18425) = -0.974697386621
E(-0.117079,0.322539,-0.0827109,0.00866999,0.909849) = -0.935963810599
E(-0.047058,0.045681,-0.0585333,0.00346403,1.16323) = -0.974158057349
E(0.165573,-0.193007,-0.122487,0.17501,1.01546) = -0.964458625628
E(-0.106939,0.0629968,-0.102307,0.0405356,1.20085) = -0.970914361854
E(-0.110788,-0.126275,-0.0426493,-0.293809,1.10255) = -0.948345151976
E(-0.040314,0.0543729,0.0663536,0.0446618,1.18006) = -0.973682543007
E(-0.364448,-0.0930089,-0.0766374,0.217661,1.16667) = -0.94379006472
E(0.051380,0.0817006,-0.0912804,0.0533192,1.35045) = -0.957906975947
E(-0.035326,0.126344,-0.0887847,0.0429346,1.12176) = -0.97472021419
E(-0.046083,0.130237,-0.0893526,0.0598451,1.12289) = -0.974939587189
E(-0.126839,0.11065,-0.0914662,0.0279508,1.08152) = -0.97111239353
E(-0.040135,0.113911,-0.0907462,0.0762502,1.1084) = -0.977616307056
E(0.012322,0.069459,-0.102638,0.134298,1.07099) = -0.984350132936
E(-0.004791,0.00926397,-0.109511,0.152824,0.997968) = -0.986554945141
E(-0.043997,0.00561636,-0.113048,0.239324,1.02232) = -0.988813026873
E(-0.042441,0.0166686,-0.106034,0.247134,1.0033) = -0.988954191018
E(-0.029190,-0.0192551,-0.0172952,0.255494,1.01838) = -0.989018008947
E(-0.002899,-0.0220094,-0.0237258,0.257597,1.0202) = -0.989574961639
E(0.029320,-0.0659865,-0.0488074,0.333219,1.00235) = -0.989710239235
E(0.029355,-0.0612329,-0.0473509,0.346315,1.02546) = -0.990568347198
E(0.076870,0.00333102,-0.0375159,0.38094,1.06924) = -0.99142431852
E(0.098243,-0.0321677,-0.0662967,0.364208,1.15178) = -0.987135994034
E(0.043323,-0.0012407,-0.0314677,0.399034,1.07274) = -0.992863846431
E(0.004822,0.0431052,0.0181263,0.45451,1.0472) = -0.993631611547
E(-0.043802,0.0243475,0.0267194,0.488286,1.12275) = -0.9923711763
E(0.014785,0.0407536,0.0418133,0.458613,1.04145) = -0.993415637261
E(-0.007092,-0.0131505,-0.0117999,0.504387,0.992906) = -0.993698705845
E(-0.026889,-0.0198255,-0.00272329,0.503685,0.982525) = -0.992740818617
E(0.024442,0.0530855,-0.0426867,0.561308,0.98499) = -0.993635082082
E(-0.005016,-0.0299366,-0.0137202,0.504127,1.01068) = -0.993762605094
E(0.050126,-0.0467012,-0.0736618,0.453715,0.997189) = -0.992227450991
E(0.013211,-0.0348925,-0.0147432,0.508806,1.04165) = -0.994169931909
E(-0.035676,-0.0358819,-0.0194993,0.556341,1.11212) = -0.993632881271
E(0.059730,-0.053197,0.0621015,0.543761,1.03815) = -0.99190060359
E(-0.017515,-0.0314493,-0.0330071,0.521745,1.07252) = -0.994368356812
E(-0.018898,-0.0384413,-0.0322975,0.521503,1.07443) = -0.994132005608
E(-0.001798,-0.00693798,-0.0363164,0.561125,1.07254) = -0.995280261697
E(0.017438,0.00579882,-0.0793556,0.556442,1.0708) = -0.995487063738
E(0.021968,0.0061671,-0.0790932,0.550476,1.07935) = -0.995353296553
E(0.005347,0.0512664,-0.0783431,0.564787,1.0596) = -0.995051100453
E(0.031500,0.0073247,-0.0717732,0.555,1.05837) = -0.995332124498
E(0.024493,-0.00956105,-0.0916783,0.599993,1.07947) = -0.995432334281
E(0.016018,0.00373252,-0.0812099,0.556506,1.06479) = -0.995513041006
E(0.002239,-0.0254917,-0.110005,0.534589,1.07228) = -0.994984764998
E(0.014731,-0.001419,-0.0822189,0.556708,1.06284) = -0.995495115164
E(0.061651,-0.00102899,-0.0692644,0.550011,1.05385) = -0.994471917922
E(0.015742,0.00068182,-0.0811413,0.559425,1.06291) = -0.995515215688
E(-0.016634,-0.01781,-0.107839,0.546527,1.07476) = -0.995050995306
E(0.013663,-0.00103093,-0.0796883,0.567226,1.05283) = -0.995524503179
E(-0.021498,-0.0219407,-0.105678,0.559461,1.05228) = -0.994914073817
E(0.008565,-0.00222545,-0.0654504,0.599449,1.01905) = -0.995091947282
E(-0.003086,-0.0111079,-0.0932133,0.561406,1.05471) = -0.995384611033
E(0.009500,0.00819063,-0.0803603,0.567751,1.0543) = -0.995588748369
E(0.022228,0.0243857,-0.0863898,0.55697,1.05936) = -0.995426387341
E(0.002023,0.00844109,-0.0616418,0.564374,1.06789) = -0.995532255963
E(0.006372,0.0124689,-0.076975,0.575258,1.04691) = -0.995569364265
E(0.009345,0.00818133,-0.0799152,0.56632,1.05114) = -0.995570638591
E(-0.000050,0.00698087,-0.0875276,0.568576,1.05673) = -0.995588602687
E(0.008588,0.00818673,-0.0798054,0.56573,1.05192) = -0.995572971051
E(0.004637,0.00852926,-0.0715848,0.567407,1.06135) = -0.995586322847
E(0.011149,0.0128601,-0.082268,0.56797,1.05738) = -0.995597083255
E(0.013781,0.0108894,-0.083813,0.571368,1.06097) = -0.99560644962
E(0.016939,0.0108849,-0.0864946,0.570887,1.06547) = -0.995586333677
E(0.014155,0.0109321,-0.0839646,0.571421,1.06019) = -0.99560450048
E(0.012087,0.0130225,-0.0811492,0.57614,1.06157) = -0.995623622793
E(0.012251,0.0093003,-0.0763891,0.577122,1.06196) = -0.995620947699
E(0.011978,0.0120251,-0.0814258,0.576156,1.06225) = -0.995626011266
E(0.008338,0.0104183,-0.0836676,0.580027,1.0609) = -0.995647863373
E(0.004181,0.010386,-0.0851104,0.583143,1.06383) = -0.995658557513
E(0.007464,0.00976166,-0.0870166,0.587897,1.06433) = -0.995672379729
E(0.006420,0.00655856,-0.0908228,0.591015,1.06288) = -0.995674635766
E(0.006404,0.00831001,-0.0920099,0.590956,1.0628) = -0.995678003916
E(0.005265,0.0110418,-0.0899491,0.5952,1.06023) = -0.99567967301
E(0.004429,0.0110762,-0.0898731,0.595982,1.06216) = -0.995683945504
E(0.006239,0.0133612,-0.0922328,0.599124,1.06586) = -0.995690653493
E(0.001738,0.0157639,-0.0946076,0.599758,1.06822) = -0.995677927318
E(0.006269,0.0147454,-0.0919539,0.598094,1.06666) = -0.995685897577
E(0.010381,0.0130815,-0.0956973,0.601526,1.06423) = -0.995687025123
E(0.007211,0.00992267,-0.0889874,0.601946,1.06839) = -0.995695389586
E(0.006294,0.0106842,-0.0855375,0.604442,1.06413) = -0.995694416561
E(0.006813,0.00913532,-0.089512,0.600867,1.06778) = -0.995694669752
E(0.011079,0.00710671,-0.0857455,0.601999,1.07045) = -0.995680869319
E(0.007650,0.0100901,-0.088929,0.602841,1.06872) = -0.995695707169
E(0.003187,0.00807469,-0.0911549,0.605697,1.06946) = -0.995695496088
E(0.007860,0.010778,-0.0889036,0.605167,1.06925) = -0.995697036455
E(0.004960,0.0154976,-0.0878529,0.604134,1.07144) = -0.995683161905
E(0.009944,0.0115753,-0.0934974,0.60617,1.066) = -0.995695073083
E(0.008124,0.01047,-0.0881682,0.608114,1.0694) = -0.995698587777
E(0.008410,0.00965277,-0.0881299,0.608087,1.06937) = -0.995698239221
E(0.008317,0.0119266,-0.0873788,0.609775,1.07137) = -0.995695144737
E(0.007833,0.0104154,-0.087385,0.608104,1.06934) = -0.99569858342
E(0.008191,0.0110208,-0.0883142,0.60891,1.06649) = -0.995699212373
E(0.007301,0.0109906,-0.0888841,0.608948,1.06663) = -0.995700433543
E(0.004947,0.00939143,-0.088447,0.609297,1.06563) = -0.995699417897
E(0.006880,0.0117662,-0.0896687,0.609817,1.06708) = -0.995700831056
E(0.006447,0.0124176,-0.0903818,0.608713,1.06695) = -0.995699898964
E(0.007010,0.011536,-0.0898506,0.60986,1.06695) = -0.995701017515
E(0.007023,0.0107808,-0.0901679,0.609718,1.06823) = -0.995701731178
E(0.007224,0.0105414,-0.0904138,0.609595,1.06798) = -0.99570174153
E(0.006232,0.0095787,-0.0905801,0.610236,1.06792) = -0.995702403625
E(0.006526,0.00884264,-0.0908745,0.611373,1.06851) = -0.995702400652
E(0.005252,0.00937766,-0.0915629,0.609849,1.06841) = -0.995702127194
E(0.006150,0.00904125,-0.0901031,0.609992,1.06799) = -0.995701948569
E(0.006297,0.00949467,-0.0907357,0.61019,1.06786) = -0.995702385157
E(0.005980,0.00977894,-0.090643,0.610686,1.06739) = -0.995702471697
E(0.006286,0.00982141,-0.0905181,0.610704,1.06735) = -0.995702446437
E(0.005974,0.0103848,-0.0909947,0.610847,1.06766) = -0.995702679743
E(0.005786,0.0109957,-0.0912489,0.611103,1.06788) = -0.995702566244
E(0.005989,0.0103274,-0.0909954,0.610955,1.06773) = -0.99570269908
E(0.005855,0.0107412,-0.0912577,0.611422,1.06806) = -0.99570281773
E(0.005715,0.01141,-0.0913938,0.611115,1.06797) = -0.995702291048
E(0.005889,0.0107311,-0.0912972,0.61151,1.0678) = -0.995702789999
E(0.006137,0.0103968,-0.091852,0.611439,1.06825) = -0.995703049102
E(0.006811,0.0104484,-0.0916322,0.611674,1.06842) = -0.99570290016
E(0.005828,0.0098644,-0.0919356,0.611832,1.06847) = -0.995703155094
E(0.005617,0.00977438,-0.0926184,0.611754,1.06872) = -0.995703100676
Energy at ADAPT iteration 5: -0.995703155094
Parameters at ADAPT iteration 5: 0.00582823112014 0.00986440230785 -0.0919356022778 0.611832462653 1.06847005554 
Ansatz at ADAPT iteration 5: 5 1 2 19 23 
Iteration: 6
Computing [H, A]
Printing commutators with absolute value above 0.000000
Number of instructions for commutator calculation: 696
E(0.005828,0.0098644,-0.0919356,0.611832,1.06847) = 1.08077192756e-06
[H,0] = 1.08077192756e-06
Number of instructions for commutator calculation: 700
E(0.005828,0.0098644,-0.0919356,0.611832,1.06847) = 0.000472399374953
[H,1] = 0.000472399374953
Number of instructions for commutator calculation: 724
E(0.005828,0.0098644,-0.0919356,0.611832,1.06847) = -0.000188319915812
[H,2] = -0.000188319915812
Number of instructions for commutator calculation: 732
E(0.005828,0.0098644,-0.0919356,0.611832,1.06847) = -0.000749035580299
[H,3] = -0.000749035580299
Number of instructions for commutator calculation: 2296
E(0.005828,0.0098644,-0.0919356,0.611832,1.06847) = 0.000322236782794
[H,5] = 0.000322236782794
Number of instructions for commutator calculation: 3956
E(0.005828,0.0098644,-0.0919356,0.611832,1.06847) = -9.0137026322e-07
[H,7] = -9.0137026322e-07
Number of instructions for commutator calculation: 3898
E(0.005828,0.0098644,-0.0919356,0.611832,1.06847) = 8.58499407436e-06
[H,9] = 8.58499407436e-06
Number of instructions for commutator calculation: 3914
E(0.005828,0.0098644,-0.0919356,0.611832,1.06847) = -0.000965532686888
[H,11] = -0.000965532686888
Number of instructions for commutator calculation: 2304
E(0.005828,0.0098644,-0.0919356,0.611832,1.06847) = 0.00729402440475
[H,13] = 0.00729402440475
Number of instructions for commutator calculation: 3922
E(0.005828,0.0098644,-0.0919356,0.611832,1.06847) = 0.00449643883322
[H,15] = 0.00449643883322
Number of instructions for commutator calculation: 3938
E(0.005828,0.0098644,-0.0919356,0.611832,1.06847) = 0.000381960737911
[H,17] = 0.000381960737911
Number of instructions for commutator calculation: 2288
E(0.005828,0.0098644,-0.0919356,0.611832,1.06847) = 0.000238563239258
[H,19] = 0.000238563239258
Number of instructions for commutator calculation: 3870
E(0.005828,0.0098644,-0.0919356,0.611832,1.06847) = 0.000161949671813
[H,21] = 0.000161949671813
Number of instructions for commutator calculation: 2304
E(0.005828,0.0098644,-0.0919356,0.611832,1.06847) = 0.000345795247354
[H,23] = 0.000345795247354
Max gradient component: [H, 13] = 0.00729402440475 a.u.
Norm of gradient vector: 0.00869627553201 a.u.
ADAPT-vqe converged in 5 iterations.
ADAPT-vqe energy: -0.995703155094 a.u.
Operators in the ansatz
(0,-0.176777) X0 Y1 X5 X6 + (0,0.176777) X0 X1 Y5 X6 + (0,0.176777) Y0 X1 Y5 Y6 + (0,-0.176777) X0 Y1 Y5 Y6 + (0,-0.176777) X0 X1 X5 Y6 + (0,0.176777) Y0 Y1 Y5 X6 + (0,0.176777) Y0 X1 X5 X6 + (0,-0.176777) Y0 Y1 X5 Y6
(0,0.25) Y5 Z6 X7 + (0,-0.25) X5 Z6 Y7 + (0,0.25) Y0 Z1 X2 + (0,-0.25) X0 Z1 Y2
(0,-0.25) X0 Z1 Z2 Y3 + (0,0.25) Y5 Z6 Z7 X8 + (0,-0.25) X5 Z6 Z7 Y8 + (0,0.25) Y0 Z1 Z2 X3
(0,0.176777) Y0 Z1 Z2 X3 X5 Z6 Z7 X8 + (0,-0.176777) X0 Z1 Z2 Y3 X5 Z6 Z7 X8 + (0,-0.176777) X0 Z1 Z2 Y3 Y5 Z6 Z7 Y8 + (0,0.176777) Y0 Z1 Z2 Y3 Y5 Z6 Z7 X8 + (0,0.176777) Y0 Z1 Z2 X3 Y5 Z6 Z7 Y8 + (0,0.176777) X0 Z1 Z2 X3 Y5 Z6 Z7 X8 + (0,-0.176777) X0 Z1 Z2 X3 X5 Z6 Z7 Y8 + (0,-0.176777) Y0 Z1 Z2 Y3 X5 Z6 Z7 Y8
(0,0.176777) Y0 Z1 Z2 Z3 X4 X5 Z6 Z7 Z8 X9 + (0,0.176777) Y0 Z1 Z2 Z3 Y4 Y5 Z6 Z7 Z8 X9 + (0,-0.176777) Y0 Z1 Z2 Z3 Y4 X5 Z6 Z7 Z8 Y9 + (0,-0.176777) X0 Z1 Z2 Z3 X4 X5 Z6 Z7 Z8 Y9 + (0,-0.176777) X0 Z1 Z2 Z3 Y4 Y5 Z6 Z7 Z8 Y9 + (0,-0.176777) X0 Z1 Z2 Z3 Y4 X5 Z6 Z7 Z8 X9 + (0,0.176777) Y0 Z1 Z2 Z3 X4 Y5 Z6 Z7 Z8 Y9 + (0,0.176777) X0 Z1 Z2 Z3 X4 Y5 Z6 Z7 Z8 X9
Optimal parameters: 0.00582823112014 0.00986440230785 -0.0919356022778 0.611832462653 1.06847005554 
Final ADAPT-vqe circuit
X q0
X q5
H q0
H q1
H q5
Rx(1.57079) q6
CNOT q0,q1
CNOT q1,q5
CNOT q5,q6
Rz(-0.176777*x0) q6
CNOT q5,q6
CNOT q1,q5
CNOT q0,q1
H q0
H q1
H q5
Rx(-1.57079) q6
Rx(1.57079) q0
Rx(1.57079) q1
Rx(1.57079) q5
H q6
CNOT q0,q1
CNOT q1,q5
CNOT q5,q6
Rz(0.176777*x0) q6
CNOT q5,q6
CNOT q1,q5
CNOT q0,q1
Rx(-1.57079) q0
Rx(-1.57079) q1
Rx(-1.57079) q5
H q6
Rx(1.57079) q0
Rx(1.57079) q1
H q5
Rx(1.57079) q6
CNOT q0,q1
CNOT q1,q5
CNOT q5,q6
Rz(-0.176777*x0) q6
CNOT q5,q6
CNOT q1,q5
CNOT q0,q1
Rx(-1.57079) q0
Rx(-1.57079) q1
H q5
Rx(-1.57079) q6
Rx(1.57079) q0
H q1
Rx(1.57079) q5
Rx(1.57079) q6
CNOT q0,q1
CNOT q1,q5
CNOT q5,q6
Rz(0.176777*x0) q6
CNOT q5,q6
CNOT q1,q5
CNOT q0,q1
Rx(-1.57079) q0
H q1
Rx(-1.57079) q5
Rx(-1.57079) q6
H q0
Rx(1.57079) q1
Rx(1.57079) q5
Rx(1.57079) q6
CNOT q0,q1
CNOT q1,q5
CNOT q5,q6
Rz(-0.176777*x0) q6
CNOT q5,q6
CNOT q1,q5
CNOT q0,q1
H q0
Rx(-1.57079) q1
Rx(-1.57079) q5
Rx(-1.57079) q6
H q0
Rx(1.57079) q1
H q5
H q6
CNOT q0,q1
CNOT q1,q5
CNOT q5,q6
Rz(-0.176777*x0) q6
CNOT q5,q6
CNOT q1,q5
CNOT q0,q1
H q0
Rx(-1.57079) q1
H q5
H q6
Rx(1.57079) q0
H q1
H q5
H q6
CNOT q0,q1
CNOT q1,q5
CNOT q5,q6
Rz(0.176777*x0) q6
CNOT q5,q6
CNOT q1,q5
CNOT q0,q1
Rx(-1.57079) q0
H q1
H q5
H q6
H q0
H q1
Rx(1.57079) q5
H q6
CNOT q0,q1
CNOT q1,q5
CNOT q5,q6
Rz(0.176777*x0) q6
CNOT q5,q6
CNOT q1,q5
CNOT q0,q1
H q0
H q1
Rx(-1.57079) q5
H q6
Rx(1.57079) q0
H q2
CNOT q0,q1
CNOT q1,q2
Rz(0.250000*x1) q2
CNOT q1,q2
CNOT q0,q1
Rx(-1.57079) q0
H q2
H q5
Rx(1.57079) q7
CNOT q5,q6
CNOT q6,q7
Rz(-0.250000*x1) q7
CNOT q6,q7
CNOT q5,q6
H q5
Rx(-1.57079) q7
Rx(1.57079) q5
H q7
CNOT q5,q6
CNOT q6,q7
Rz(0.250000*x1) q7
CNOT q6,q7
CNOT q5,q6
Rx(-1.57079) q5
H q7
H q0
Rx(1.57079) q2
CNOT q0,q1
CNOT q1,q2
Rz(-0.250000*x1) q2
CNOT q1,q2
CNOT q0,q1
H q0
Rx(-1.57079) q2
Rx(1.57079) q5
H q8
CNOT q5,q6
CNOT q6,q7
CNOT q7,q8
Rz(0.250000*x2) q8
CNOT q7,q8
CNOT q6,q7
CNOT q5,q6
Rx(-1.57079) q5
H q8
H q5
Rx(1.57079) q8
CNOT q5,q6
CNOT q6,q7
CNOT q7,q8
Rz(-0.250000*x2) q8
CNOT q7,q8
CNOT q6,q7
CNOT q5,q6
H q5
Rx(-1.57079) q8
Rx(1.57079) q0
H q3
CNOT q0,q1
CNOT q1,q2
CNOT q2,q3
Rz(0.250000*x2) q3
CNOT q2,q3
CNOT q1,q2
CNOT q0,q1
Rx(-1.57079) q0
H q3
H q0
Rx(1.57079) q3
CNOT q0,q1
CNOT q1,q2
CNOT q2,q3
Rz(-0.250000*x2) q3
CNOT q2,q3
CNOT q1,q2
CNOT q0,q1
H q0
Rx(-1.57079) q3
Rx(1.57079) q0
H q3
Rx(1.57079) q5
Rx(1.57079) q8
CNOT q0,q1
CNOT q1,q2
CNOT q2,q3
CNOT q3,q5
CNOT q5,q6
CNOT q6,q7
CNOT q7,q8
Rz(0.176777*x3) q8
CNOT q7,q8
CNOT q6,q7
CNOT q5,q6
CNOT q3,q5
CNOT q2,q3
CNOT q1,q2
CNOT q0,q1
Rx(-1.57079) q0
H q3
Rx(-1.57079) q5
Rx(-1.57079) q8
Rx(1.57079) q0
Rx(1.57079) q3
H q5
Rx(1.57079) q8
CNOT q0,q1
CNOT q1,q2
CNOT q2,q3
CNOT q3,q5
CNOT q5,q6
CNOT q6,q7
CNOT q7,q8
Rz(-0.176777*x3) q8
CNOT q7,q8
CNOT q6,q7
CNOT q5,q6
CNOT q3,q5
CNOT q2,q3
CNOT q1,q2
CNOT q0,q1
Rx(-1.57079) q0
Rx(-1.57079) q3
H q5
Rx(-1.57079) q8
H q0
H q3
Rx(1.57079) q5
H q8
CNOT q0,q1
CNOT q1,q2
CNOT q2,q3
CNOT q3,q5
CNOT q5,q6
CNOT q6,q7
CNOT q7,q8
Rz(0.176777*x3) q8
CNOT q7,q8
CNOT q6,q7
CNOT q5,q6
CNOT q3,q5
CNOT q2,q3
CNOT q1,q2
CNOT q0,q1
H q0
H q3
Rx(-1.57079) q5
H q8
H q0
Rx(1.57079) q3
H q5
H q8
CNOT q0,q1
CNOT q1,q2
CNOT q2,q3
CNOT q3,q5
CNOT q5,q6
CNOT q6,q7
CNOT q7,q8
Rz(-0.176777*x3) q8
CNOT q7,q8
CNOT q6,q7
CNOT q5,q6
CNOT q3,q5
CNOT q2,q3
CNOT q1,q2
CNOT q0,q1
H q0
Rx(-1.57079) q3
H q5
H q8
Rx(1.57079) q0
H q3
H q5
H q8
CNOT q0,q1
CNOT q1,q2
CNOT q2,q3
CNOT q3,q5
CNOT q5,q6
CNOT q6,q7
CNOT q7,q8
Rz(0.176777*x3) q8
CNOT q7,q8
CNOT q6,q7
CNOT q5,q6
CNOT q3,q5
CNOT q2,q3
CNOT q1,q2
CNOT q0,q1
Rx(-1.57079) q0
H q3
H q5
H q8
Rx(1.57079) q0
Rx(1.57079) q3
Rx(1.57079) q5
H q8
CNOT q0,q1
CNOT q1,q2
CNOT q2,q3
CNOT q3,q5
CNOT q5,q6
CNOT q6,q7
CNOT q7,q8
Rz(0.176777*x3) q8
CNOT q7,q8
CNOT q6,q7
CNOT q5,q6
CNOT q3,q5
CNOT q2,q3
CNOT q1,q2
CNOT q0,q1
Rx(-1.57079) q0
Rx(-1.57079) q3
Rx(-1.57079) q5
H q8
H q0
Rx(1.57079) q3
Rx(1.57079) q5
Rx(1.57079) q8
CNOT q0,q1
CNOT q1,q2
CNOT q2,q3
CNOT q3,q5
CNOT q5,q6
CNOT q6,q7
CNOT q7,q8
Rz(-0.176777*x3) q8
CNOT q7,q8
CNOT q6,q7
CNOT q5,q6
CNOT q3,q5
CNOT q2,q3
CNOT q1,q2
CNOT q0,q1
H q0
Rx(-1.57079) q3
Rx(-1.57079) q5
Rx(-1.57079) q8
H q0
H q3
H q5
Rx(1.57079) q8
CNOT q0,q1
CNOT q1,q2
CNOT q2,q3
CNOT q3,q5
CNOT q5,q6
CNOT q6,q7
CNOT q7,q8
Rz(-0.176777*x3) q8
CNOT q7,q8
CNOT q6,q7
CNOT q5,q6
CNOT q3,q5
CNOT q2,q3
CNOT q1,q2
CNOT q0,q1
H q0
H q3
H q5
Rx(-1.57079) q8
H q0
Rx(1.57079) q4
Rx(1.57079) q5
Rx(1.57079) q9
CNOT q0,q1
CNOT q1,q2
CNOT q2,q3
CNOT q3,q4
CNOT q4,q5
CNOT q5,q6
CNOT q6,q7
CNOT q7,q8
CNOT q8,q9
Rz(-0.176777*x4) q9
CNOT q8,q9
CNOT q7,q8
CNOT q6,q7
CNOT q5,q6
CNOT q4,q5
CNOT q3,q4
CNOT q2,q3
CNOT q1,q2
CNOT q0,q1
H q0
Rx(-1.57079) q4
Rx(-1.57079) q5
Rx(-1.57079) q9
Rx(1.57079) q0
H q4
H q5
H q9
CNOT q0,q1
CNOT q1,q2
CNOT q2,q3
CNOT q3,q4
CNOT q4,q5
CNOT q5,q6
CNOT q6,q7
CNOT q7,q8
CNOT q8,q9
Rz(0.176777*x4) q9
CNOT q8,q9
CNOT q7,q8
CNOT q6,q7
CNOT q5,q6
CNOT q4,q5
CNOT q3,q4
CNOT q2,q3
CNOT q1,q2
CNOT q0,q1
Rx(-1.57079) q0
H q4
H q5
H q9
Rx(1.57079) q0
Rx(1.57079) q4
Rx(1.57079) q5
H q9
CNOT q0,q1
CNOT q1,q2
CNOT q2,q3
CNOT q3,q4
CNOT q4,q5
CNOT q5,q6
CNOT q6,q7
CNOT q7,q8
CNOT q8,q9
Rz(0.176777*x4) q9
CNOT q8,q9
CNOT q7,q8
CNOT q6,q7
CNOT q5,q6
CNOT q4,q5
CNOT q3,q4
CNOT q2,q3
CNOT q1,q2
CNOT q0,q1
Rx(-1.57079) q0
Rx(-1.57079) q4
Rx(-1.57079) q5
H q9
Rx(1.57079) q0
H q4
Rx(1.57079) q5
Rx(1.57079) q9
CNOT q0,q1
CNOT q1,q2
CNOT q2,q3
CNOT q3,q4
CNOT q4,q5
CNOT q5,q6
CNOT q6,q7
CNOT q7,q8
CNOT q8,q9
Rz(0.176777*x4) q9
CNOT q8,q9
CNOT q7,q8
CNOT q6,q7
CNOT q5,q6
CNOT q4,q5
CNOT q3,q4
CNOT q2,q3
CNOT q1,q2
CNOT q0,q1
Rx(-1.57079) q0
H q4
Rx(-1.57079) q5
Rx(-1.57079) q9
H q0
H q4
Rx(1.57079) q5
H q9
CNOT q0,q1
CNOT q1,q2
CNOT q2,q3
CNOT q3,q4
CNOT q4,q5
CNOT q5,q6
CNOT q6,q7
CNOT q7,q8
CNOT q8,q9
Rz(0.176777*x4) q9
CNOT q8,q9
CNOT q7,q8
CNOT q6,q7
CNOT q5,q6
CNOT q4,q5
CNOT q3,q4
CNOT q2,q3
CNOT q1,q2
CNOT q0,q1
H q0
H q4
Rx(-1.57079) q5
H q9
H q0
Rx(1.57079) q4
H q5
H q9
CNOT q0,q1
CNOT q1,q2
CNOT q2,q3
CNOT q3,q4
CNOT q4,q5
CNOT q5,q6
CNOT q6,q7
CNOT q7,q8
CNOT q8,q9
Rz(-0.176777*x4) q9
CNOT q8,q9
CNOT q7,q8
CNOT q6,q7
CNOT q5,q6
CNOT q4,q5
CNOT q3,q4
CNOT q2,q3
CNOT q1,q2
CNOT q0,q1
H q0
Rx(-1.57079) q4
H q5
H q9
Rx(1.57079) q0
Rx(1.57079) q4
H q5
Rx(1.57079) q9
CNOT q0,q1
CNOT q1,q2
CNOT q2,q3
CNOT q3,q4
CNOT q4,q5
CNOT q5,q6
CNOT q6,q7
CNOT q7,q8
CNOT q8,q9
Rz(-0.176777*x4) q9
CNOT q8,q9
CNOT q7,q8
CNOT q6,q7
CNOT q5,q6
CNOT q4,q5
CNOT q3,q4
CNOT q2,q3
CNOT q1,q2
CNOT q0,q1
Rx(-1.57079) q0
Rx(-1.57079) q4
H q5
Rx(-1.57079) q9
H q0
H q4
H q5
Rx(1.57079) q9
CNOT q0,q1
CNOT q1,q2
CNOT q2,q3
CNOT q3,q4
CNOT q4,q5
CNOT q5,q6
CNOT q6,q7
CNOT q7,q8
CNOT q8,q9
Rz(-0.176777*x4) q9
CNOT q8,q9
CNOT q7,q8
CNOT q6,q7
CNOT q5,q6
CNOT q4,q5
CNOT q3,q4
CNOT q2,q3
CNOT q1,q2
CNOT q0,q1
H q0
H q4
H q5
Rx(-1.57079) q9
[0m
-0.9957031550941561
[0.005828231120139523, 0.0098644023078517, -0.09193560227778981, 0.6118324626528757, 1.068470055543667]
[5, 1, 2, 19, 23]
