Operator pool: singlet-adapted-uccsd
Number of operators in the pool: 24
Iteration: 1
Computing [H, A]
Printing commutators with absolute value above 0.000000
Number of instructions for commutator calculation: 676
E() = -3.20000000001e-09
[H,0] = -3.20000000001e-09
Number of instructions for commutator calculation: 676
E() = -8.00000000036e-10
[H,1] = -8.00000000036e-10
Number of instructions for commutator calculation: 684
E() = -3.81940000003e-06
[H,2] = -3.81940000003e-06
Number of instructions for commutator calculation: 696
E() = 6.02800000004e-07
[H,3] = 6.02800000004e-07
Number of instructions for commutator calculation: 2128
E() = 0.496034238296
[H,5] = 0.496034238296
Number of instructions for commutator calculation: 3614
E() = -0.000449428019155
[H,7] = -0.000449428019155
Number of instructions for commutator calculation: 3582
E() = -1.59681681755e-05
[H,9] = -1.59681681755e-05
Number of instructions for commutator calculation: 3660
E() = -3.73619976359e-33
Number of instructions for commutator calculation: 2096
E() = 0.146300938348
[H,13] = 0.146300938348
Number of instructions for commutator calculation: 3666
E() = 3.18028345906e-06
[H,15] = 3.18028345906e-06
Number of instructions for commutator calculation: 3718
E() = 7.21135779725e-06
[H,17] = 7.21135779725e-06
Number of instructions for commutator calculation: 2128
E() = 0.159975669601
[H,19] = 0.159975669601
Number of instructions for commutator calculation: 3702
E() = -0.00424984299395
[H,21] = -0.00424984299395
Number of instructions for commutator calculation: 2176
E() = 0.183927722743
[H,23] = 0.183927722743
Max gradient component: [H, 5] = 0.496034238296 a.u.
Norm of gradient vector: 0.571746286096 a.u.
vqe optimization of current ansatz.
020-08-06 17:32:09.515] [xacc-logger] [info] Chosen optimizer does not support gradients. Using default.
E(0.000000) = -0.8709577856
E(1.570796) = -0.895134481536
E(3.141593) = -0.610935460593
E(2.356194) = -0.695341553089
E(1.178097) = -0.966852433917
E(0.785398) = -0.988150161071
E(0.392699) = -0.952625993303
E(0.589049) = -0.977210457183
E(0.883573) = -0.988198154564
E(0.932660) = -0.986854785233
E(0.859029) = -0.988528490497
E(0.834486) = -0.988630641804
E(0.809942) = -0.988504480919
E(0.822214) = -0.988596096059
E(0.840621) = -0.988626507236
E(0.831418) = -0.98862735862
Energy at ADAPT iteration 1: -0.988630641804
Parameters at ADAPT iteration 1: 0.834485534375 
Ansatz at ADAPT iteration 1: 5 
Iteration: 2
Computing [H, A]
Printing commutators with absolute value above 0.000000
Number of instructions for commutator calculation: 676
E(0.834486) = -4.14619434758e-06
[H,0] = -4.14619434758e-06
Number of instructions for commutator calculation: 676
E(0.834486) = 5.76415098998e-06
[H,1] = 5.76415098998e-06
Number of instructions for commutator calculation: 684
E(0.834486) = -0.0528604454819
[H,2] = -0.0528604454819
Number of instructions for commutator calculation: 696
E(0.834486) = 0.0944568957876
[H,3] = 0.0944568957876
Number of instructions for commutator calculation: 2128
E(0.834486) = 0.0009785209629
[H,5] = 0.0009785209629
Number of instructions for commutator calculation: 3614
E(0.834486) = -0.000256721956203
[H,7] = -0.000256721956203
Number of instructions for commutator calculation: 3582
E(0.834486) = -1.49244634926e-05
[H,9] = -1.49244634926e-05
Number of instructions for commutator calculation: 3660
E(0.834486) = 1.34895317022e-06
[H,11] = 1.34895317022e-06
Number of instructions for commutator calculation: 2096
E(0.834486) = 0.0561149791976
[H,13] = 0.0561149791976
Number of instructions for commutator calculation: 3666
E(0.834486) = 3.70104244247e-06
[H,15] = 3.70104244247e-06
Number of instructions for commutator calculation: 3718
E(0.834486) = 1.55260721858e-06
[H,17] = 1.55260721858e-06
Number of instructions for commutator calculation: 2128
E(0.834486) = 0.04400375709
[H,19] = 0.04400375709
Number of instructions for commutator calculation: 3702
E(0.834486) = 0.0338671299033
[H,21] = 0.0338671299033
Number of instructions for commutator calculation: 2176
E(0.834486) = 0.0203235030507
[H,23] = 0.0203235030507
Max gradient component: [H, 3] = 0.0944568957876 a.u.
Norm of gradient vector: 0.135508687365 a.u.
vqe optimization of current ansatz.
020-08-06 17:43:40.641] [xacc-logger] [info] Chosen optimizer does not support gradients. Using default.
E(0.000000,0) = -0.8709577856
E(1.570796,0) = -0.68298785732
E(0.000000,1.5708) = -0.895134481536
E(-1.557962,1.77118) = -0.776274151621
E(0.770640,1.72233) = -0.875091651014
E(0.044460,1.18062) = -0.968710103405
E(0.067124,0.788578) = -0.990992776826
E(-0.248082,0.55436) = -0.96025072773
E(0.435860,0.6535) = -0.986531298593
E(-0.030387,0.618152) = -0.978467888494
E(0.084920,0.885126) = -0.991851729955
E(0.182264,0.872383) = -0.995126616968
E(0.280146,0.879963) = -0.99703113217
E(0.336017,0.960689) = -0.996067427035
E(0.341583,0.803387) = -0.996687320518
E(0.234474,0.861974) = -0.996342085193
E(0.296404,0.861576) = -0.997274005748
E(0.320947,0.861734) = -0.997512140302
E(0.343134,0.85124) = -0.997590014706
E(0.357794,0.870924) = -0.997764371364
E(0.376858,0.886383) = -0.997821303417
E(0.395996,0.871016) = -0.997834861394
E(0.415477,0.885945) = -0.99783972142
E(0.425918,0.879498) = -0.997803872867
E(0.408628,0.896128) = -0.997818412974
E(0.410987,0.881763) = -0.997846897946
E(0.411663,0.875664) = -0.997832468138
E(0.405669,0.884824) = -0.99785352338
E(0.399620,0.8838) = -0.997856953568
E(0.395811,0.88861) = -0.99784725108
E(0.399340,0.880744) = -0.997857226368
E(0.397810,0.88064) = -0.99785746637
E(0.396436,0.879957) = -0.9978571178
E(0.397463,0.882135) = -0.997857728293
E(0.396279,0.88311) = -0.997857180722
E(0.398159,0.882458) = -0.997857673807
Energy at ADAPT iteration 2: -0.997857728293
Parameters at ADAPT iteration 2: 0.397463370615 0.882134681353 
Ansatz at ADAPT iteration 2: 5 3 
Iteration: 3
Computing [H, A]
Printing commutators with absolute value above 0.000000
Number of instructions for commutator calculation: 676
E(0.397463,0.882135) = -4.45344526008e-06
[H,0] = -4.45344526008e-06
Number of instructions for commutator calculation: 676
E(0.397463,0.882135) = 4.83362320462e-06
[H,1] = 4.83362320462e-06
Number of instructions for commutator calculation: 684
E(0.397463,0.882135) = -0.0526997634372
[H,2] = -0.0526997634372
Number of instructions for commutator calculation: 696
E(0.397463,0.882135) = 8.08254745869e-05
[H,3] = 8.08254745869e-05
Number of instructions for commutator calculation: 2128
E(0.397463,0.882135) = -7.19948525538e-05
[H,5] = -7.19948525538e-05
Number of instructions for commutator calculation: 3614
E(0.397463,0.882135) = -0.000272719564599
[H,7] = -0.000272719564599
Number of instructions for commutator calculation: 3582
E(0.397463,0.882135) = -1.62143965382e-05
[H,9] = -1.62143965382e-05
Number of instructions for commutator calculation: 3660
E(0.397463,0.882135) = 1.42022528071e-06
[H,11] = 1.42022528071e-06
Number of instructions for commutator calculation: 2096
E(0.397463,0.882135) = 0.0433184678923
[H,13] = 0.0433184678923
Number of instructions for commutator calculation: 3666
E(0.397463,0.882135) = 3.58276158842e-06
[H,15] = 3.58276158842e-06
Number of instructions for commutator calculation: 3718
E(0.397463,0.882135) = 2.15851548313e-06
[H,17] = 2.15851548313e-06
Number of instructions for commutator calculation: 2128
E(0.397463,0.882135) = 0.0370397089579
[H,19] = 0.0370397089579
Number of instructions for commutator calculation: 3702
E(0.397463,0.882135) = 0.0299905341172
[H,21] = 0.0299905341172
Number of instructions for commutator calculation: 2176
E(0.397463,0.882135) = 0.0282862152895
[H,23] = 0.0282862152895
Max gradient component: [H, 2] = -0.0526997634372 a.u.
Norm of gradient vector: 0.0878938183048 a.u.
vqe optimization of current ansatz.
020-08-06 18:02:54.917] [xacc-logger] [info] Chosen optimizer does not support gradients. Using default.
E(0.000000,0,0) = -0.8709577856
E(1.570796,0,0) = -0.678485467584
E(0.000000,1.5708,0) = -0.68298785732
E(0.000000,0,1.5708) = -0.895134481536
E(-1.119277,-1.09309,1.71139) = -0.809939310313
E(0.667814,-0.409993,1.62353) = -0.842234527502
E(-0.147356,0.762408,1.68857) = -0.886577161692
E(-0.369236,-0.121222,1.62721) = -0.882029237813
E(-0.033063,0.0411063,1.18166) = -0.969313855097
E(-0.031583,0.0785348,0.790748) = -0.99219345914
E(0.336398,0.00371047,0.67584) = -0.968030332236
E(-0.017391,0.206749,0.794022) = -0.995449573537
E(-0.314212,0.344568,0.576961) = -0.978788589777
E(0.059404,0.381917,0.838427) = -0.995749357362
E(0.071473,0.380381,0.821241) = -0.995010298036
E(0.097188,0.32477,1.02244) = -0.989679470687
E(-0.002986,0.385659,0.845554) = -0.997684015225
E(-0.148952,0.480481,0.754693) = -0.99539588677
E(0.065639,0.408974,0.779332) = -0.993726593677
E(-0.029573,0.386059,0.94006) = -0.997863717156
E(-0.075232,0.399572,0.928132) = -0.999116534903
E(-0.102098,0.358966,0.921887) = -0.999478086597
E(-0.105386,0.3593,0.93274) = -0.999321666178
E(-0.135029,0.371253,0.887622) = -1.00025673269
E(-0.154317,0.366701,0.842713) = -1.00002695196
E(-0.126545,0.388125,0.880572) = -1.00019704173
E(-0.173294,0.394797,0.907398) = -1.00053271662
E(-0.195704,0.400475,0.9507) = -0.999999659145
E(-0.189736,0.392669,0.889301) = -1.0006538797
E(-0.186670,0.414761,0.879058) = -1.00057812092
E(-0.196275,0.397254,0.890879) = -1.00067548347
E(-0.217547,0.385688,0.886859) = -1.00068246427
E(-0.220372,0.385691,0.898802) = -1.00068590461
E(-0.220665,0.390326,0.898331) = -1.00069437554
E(-0.227902,0.400236,0.898252) = -1.00069662094
E(-0.226882,0.403032,0.89895) = -1.00069724747
E(-0.236922,0.409725,0.901189) = -1.00067582936
E(-0.227982,0.402554,0.895656) = -1.00069645179
E(-0.216735,0.409,0.895482) = -1.00069894726
E(-0.213166,0.404018,0.895787) = -1.00070181479
E(-0.208462,0.400542,0.897642) = -1.00069752433
E(-0.212350,0.404857,0.894981) = -1.00070073384
E(-0.216163,0.400425,0.891818) = -1.00070049006
E(-0.214256,0.403699,0.896342) = -1.00070241564
E(-0.214204,0.400349,0.901482) = -1.00069554107
E(-0.208603,0.404643,0.89415) = -1.00069745507
E(-0.215116,0.402145,0.898843) = -1.00070129684
E(-0.212726,0.403613,0.896273) = -1.00070171308
E(-0.214220,0.404296,0.896715) = -1.0007020962
E(-0.215160,0.403541,0.895113) = -1.00070260814
E(-0.215997,0.402356,0.895612) = -1.00070331531
E(-0.216310,0.400854,0.895586) = -1.00070360752
E(-0.217682,0.40066,0.896244) = -1.00070365315
E(-0.217917,0.400702,0.895783) = -1.00070367467
E(-0.218152,0.399235,0.895403) = -1.0007035883
E(-0.218356,0.401319,0.895656) = -1.00070356642
E(-0.217269,0.400797,0.895385) = -1.00070364503
Energy at ADAPT iteration 3: -1.00070367467
Parameters at ADAPT iteration 3: -0.217917441433 0.400702146842 0.895783372995 
Ansatz at ADAPT iteration 3: 5 3 2 
Iteration: 4
Computing [H, A]
Printing commutators with absolute value above 0.000000
Number of instructions for commutator calculation: 676
E(-0.217917,0.400702,0.895783) = -5.75712063012e-06
[H,0] = -5.75712063012e-06
Number of instructions for commutator calculation: 676
E(-0.217917,0.400702,0.895783) = 5.89495113845e-06
[H,1] = 5.89495113845e-06
Number of instructions for commutator calculation: 684
E(-0.217917,0.400702,0.895783) = 0.000129132016396
[H,2] = 0.000129132016396
Number of instructions for commutator calculation: 696
E(-0.217917,0.400702,0.895783) = -9.76317290196e-05
[H,3] = -9.76317290196e-05
Number of instructions for commutator calculation: 2128
E(-0.217917,0.400702,0.895783) = 0.000194672133481
[H,5] = 0.000194672133481
Number of instructions for commutator calculation: 3614
E(-0.217917,0.400702,0.895783) = -0.000329385193853
[H,7] = -0.000329385193853
Number of instructions for commutator calculation: 3582
E(-0.217917,0.400702,0.895783) = -1.84062139559e-05
[H,9] = -1.84062139559e-05
Number of instructions for commutator calculation: 3660
E(-0.217917,0.400702,0.895783) = 2.27613390923e-06
[H,11] = 2.27613390923e-06
Number of instructions for commutator calculation: 2096
E(-0.217917,0.400702,0.895783) = 0.041076212064
[H,13] = 0.041076212064
Number of instructions for commutator calculation: 3666
E(-0.217917,0.400702,0.895783) = 3.74888517754e-06
[H,15] = 3.74888517754e-06
Number of instructions for commutator calculation: 3718
E(-0.217917,0.400702,0.895783) = 1.93214809803e-06
[H,17] = 1.93214809803e-06
Number of instructions for commutator calculation: 2128
E(-0.217917,0.400702,0.895783) = 0.0392119472309
[H,19] = 0.0392119472309
Number of instructions for commutator calculation: 3702
E(-0.217917,0.400702,0.895783) = 0.0186713482566
[H,21] = 0.0186713482566
Number of instructions for commutator calculation: 2176
E(-0.217917,0.400702,0.895783) = 0.0302618598047
[H,23] = 0.0302618598047
Max gradient component: [H, 13] = 0.041076212064 a.u.
Norm of gradient vector: 0.067003018113 a.u.
vqe optimization of current ansatz.
020-08-06 18:28:31.666] [xacc-logger] [info] Chosen optimizer does not support gradients. Using default.
E(0.000000,0,0,0) = -0.8709577856
E(1.570796,0,0,0) = -0.0775554938648
E(0.000000,1.5708,0,0) = -0.678485467584
E(0.000000,0,1.5708,0) = -0.68298785732
E(0.000000,0,0,1.5708) = -0.895134481536
E(-1.486982,-0.360728,-0.35229,1.61611) = -0.691154571762
E(0.590018,-0.369381,-0.36074,1.61719) = -0.82989604954
E(0.000000,0.261092,-0.190672,1.5708) = -0.879292597043
E(0.229462,0.297474,0.687756,1.62274) = -0.884333482796
E(-0.356090,-0.110671,0.112973,1.6198) = -0.876999279049
E(0.003173,0.0209262,0.0217289,1.67369) = -0.870747962391
E(0.053180,0.0664444,0.188688,1.23708) = -0.964461632176
E(0.116914,-0.0484495,0.169819,0.867494) = -0.993546380038
E(0.251787,0.0609378,0.475849,0.693133) = -0.968332389802
E(0.068721,-0.0917393,0.266296,0.879552) = -0.998524328639
E(-0.252846,0.0760787,0.224687,0.734938) = -0.956092731358
E(0.124665,-0.477252,0.218686,0.865552) = -0.991425028707
E(0.096693,-0.284496,0.242491,0.872552) = -0.997647933566
E(0.079699,-0.0935281,0.281297,0.975934) = -0.995889110419
E(0.059416,-0.0937455,0.257612,0.886867) = -0.998593812636
E(-0.019965,-0.101902,0.298803,0.847196) = -0.998578255732
E(0.056130,-0.123141,0.240413,0.896041) = -0.998638619153
E(0.108918,-0.17285,0.291141,0.853526) = -0.997832386121
E(0.049233,-0.104373,0.168437,0.832338) = -0.997145847919
E(0.013227,-0.133339,0.259808,0.886617) = -0.999366742159
E(-0.019659,-0.136332,0.281207,0.915964) = -0.998598750317
E(0.001898,-0.132773,0.243996,0.888121) = -0.998878479345
E(0.020052,-0.158931,0.280682,0.850948) = -0.999936215688
E(0.016046,-0.12104,0.297651,0.825066) = -0.999411199153
E(0.018996,-0.158451,0.283957,0.851275) = -0.999965160395
E(0.019613,-0.200582,0.308844,0.847422) = -1.00031321737
E(-0.026441,-0.214031,0.305659,0.857302) = -0.999183270734
E(0.020231,-0.198606,0.315583,0.865077) = -1.00053821841
E(0.064583,-0.208634,0.324513,0.88127) = -1.000228278
E(0.019554,-0.186387,0.335938,0.858886) = -1.00060251431
E(0.022619,-0.183619,0.334738,0.8593) = -1.00061345058
E(0.011287,-0.168476,0.334167,0.874931) = -1.00052081028
E(0.022729,-0.181022,0.331006,0.859741) = -1.00058768394
E(0.042873,-0.186632,0.342391,0.870459) = -1.00069181911
E(0.052353,-0.196158,0.362005,0.864372) = -1.00062059331
E(0.039005,-0.18686,0.3426,0.876217) = -1.00074411576
E(0.036955,-0.173763,0.347745,0.896222) = -1.0006845637
E(0.034377,-0.190058,0.343415,0.878614) = -1.00078769845
E(0.036848,-0.207901,0.330848,0.889569) = -1.00071130599
E(0.027488,-0.190679,0.347222,0.880133) = -1.00082114418
E(0.032646,-0.201427,0.368309,0.876186) = -1.00091038001
E(0.019542,-0.206848,0.38025,0.860102) = -1.00076347383
E(0.031930,-0.211366,0.366692,0.883164) = -1.00093504311
E(0.030850,-0.211003,0.369063,0.886848) = -1.00094719738
E(0.041482,-0.211707,0.37227,0.892022) = -1.00088937103
E(0.030812,-0.212802,0.370875,0.885332) = -1.00095217444
E(0.019329,-0.216019,0.373483,0.886592) = -1.000930663
E(0.031711,-0.212935,0.373282,0.883549) = -1.00095386476
E(0.033497,-0.221835,0.36792,0.877267) = -1.00091184835
E(0.031295,-0.211422,0.37174,0.883485) = -1.00095075221
E(0.030802,-0.207516,0.381432,0.876201) = -1.00094061144
E(0.029593,-0.204747,0.364752,0.881039) = -1.00092433809
E(0.034694,-0.212095,0.375618,0.888302) = -1.00095217788
E(0.026446,-0.214007,0.374783,0.886103) = -1.0009630719
E(0.024967,-0.219799,0.375986,0.886787) = -1.00096182337
E(0.026443,-0.214378,0.373308,0.886794) = -1.00096019647
E(0.022415,-0.211704,0.378733,0.885402) = -1.0009574008
E(0.025165,-0.213794,0.372513,0.887707) = -1.00095601463
E(0.027728,-0.213734,0.376176,0.888501) = -1.00096879222
E(0.029072,-0.21382,0.37691,0.888512) = -1.0009703426
E(0.028730,-0.213349,0.378322,0.888648) = -1.0009733094
E(0.028865,-0.212889,0.379552,0.889429) = -1.00097546876
E(0.029018,-0.212098,0.380727,0.88886) = -1.00097722403
E(0.028830,-0.212951,0.381982,0.888739) = -1.00097959858
E(0.027908,-0.21292,0.383198,0.888892) = -1.00098149553
E(0.028126,-0.213178,0.384688,0.889026) = -1.00098359471
E(0.027862,-0.213588,0.385948,0.888299) = -1.00098464706
E(0.027593,-0.214451,0.386746,0.889247) = -1.00098606457
E(0.027571,-0.213984,0.388039,0.889927) = -1.0009874433
E(0.028597,-0.214495,0.389006,0.89025) = -1.00098842576
E(0.028326,-0.214869,0.390349,0.890829) = -1.00098954327
E(0.028611,-0.214781,0.390681,0.892296) = -1.00098926604
E(0.028387,-0.214798,0.390461,0.890818) = -1.00098960209
E(0.028402,-0.215598,0.39167,0.890315) = -1.00099020012
E(0.027220,-0.215046,0.39246,0.89015) = -1.00099019263
E(0.028632,-0.215557,0.391738,0.890308) = -1.00099015391
E(0.028043,-0.216997,0.392004,0.889921) = -1.00099003937
E(0.029303,-0.215174,0.392542,0.889541) = -1.00098962093
E(0.028498,-0.215694,0.392017,0.890985) = -1.00099047698
E(0.028301,-0.215709,0.39187,0.891711) = -1.00099041357
E(0.028531,-0.215394,0.392004,0.890998) = -1.00099045356
E(0.028870,-0.21581,0.392667,0.891104) = -1.00099057735
E(0.029549,-0.216138,0.392759,0.891005) = -1.00098999974
E(0.028275,-0.215767,0.393134,0.890983) = -1.00099096459
E(0.027936,-0.21579,0.393275,0.891656) = -1.000991064
E(0.027422,-0.215819,0.393823,0.891502) = -1.00099111219
E(0.027851,-0.215939,0.394391,0.891761) = -1.00099136782
E(0.027900,-0.216693,0.394486,0.891848) = -1.00099135
E(0.028162,-0.215756,0.394972,0.892109) = -1.00099143416
E(0.027629,-0.215682,0.395514,0.892036) = -1.00099148915
E(0.027940,-0.215678,0.395816,0.891404) = -1.00099152051
E(0.027924,-0.215311,0.395813,0.891368) = -1.00099150481
E(0.027991,-0.215927,0.396537,0.891465) = -1.00099152234
E(0.027741,-0.216071,0.396533,0.891213) = -1.00099142851
E(0.028094,-0.215927,0.396537,0.891375) = -1.00099149623
E(0.028038,-0.215937,0.396501,0.891844) = -1.00099157047
E(0.027971,-0.215595,0.396616,0.891955) = -1.00099156793
E(0.028043,-0.215942,0.396505,0.89185) = -1.00099157844
E(0.028025,-0.216089,0.396851,0.891924) = -1.00099155436
E(0.028168,-0.215918,0.396514,0.891837) = -1.00099155782
E(0.027843,-0.216035,0.396296,0.892084) = -1.00099157205
Energy at ADAPT iteration 4: -1.00099157844
Parameters at ADAPT iteration 4: 0.028043464099 -0.215942438054 0.396505128381 0.891850201069 
Ansatz at ADAPT iteration 4: 5 3 2 13 
Iteration: 5
Computing [H, A]
Printing commutators with absolute value above 0.000000
Number of instructions for commutator calculation: 676
E(0.028043,-0.215942,0.396505,0.89185) = -5.82688102325e-06
[H,0] = -5.82688102325e-06
Number of instructions for commutator calculation: 676
E(0.028043,-0.215942,0.396505,0.89185) = 5.81493463372e-06
[H,1] = 5.81493463372e-06
Number of instructions for commutator calculation: 684
E(0.028043,-0.215942,0.396505,0.89185) = 1.35966669869e-05
[H,2] = 1.35966669869e-05
Number of instructions for commutator calculation: 696
E(0.028043,-0.215942,0.396505,0.89185) = -6.4140617622e-05
[H,3] = -6.4140617622e-05
Number of instructions for commutator calculation: 2128
E(0.028043,-0.215942,0.396505,0.89185) = 0.000227044351626
[H,5] = 0.000227044351626
Number of instructions for commutator calculation: 3614
E(0.028043,-0.215942,0.396505,0.89185) = -0.000331259279844
[H,7] = -0.000331259279844
Number of instructions for commutator calculation: 3582
E(0.028043,-0.215942,0.396505,0.89185) = -1.84165709424e-05
[H,9] = -1.84165709424e-05
Number of instructions for commutator calculation: 3660
E(0.028043,-0.215942,0.396505,0.89185) = 2.26927344448e-06
[H,11] = 2.26927344448e-06
Number of instructions for commutator calculation: 2096
E(0.028043,-0.215942,0.396505,0.89185) = -0.000120770311025
[H,13] = -0.000120770311025
Number of instructions for commutator calculation: 3666
E(0.028043,-0.215942,0.396505,0.89185) = 3.44743549296e-06
[H,15] = 3.44743549296e-06
Number of instructions for commutator calculation: 3718
E(0.028043,-0.215942,0.396505,0.89185) = 1.64302372237e-06
[H,17] = 1.64302372237e-06
Number of instructions for commutator calculation: 2128
E(0.028043,-0.215942,0.396505,0.89185) = 0.0392429556488
[H,19] = 0.0392429556488
Number of instructions for commutator calculation: 3702
E(0.028043,-0.215942,0.396505,0.89185) = 0.0188360243081
[H,21] = 0.0188360243081
Number of instructions for commutator calculation: 2176
E(0.028043,-0.215942,0.396505,0.89185) = 0.0296539930933
[H,23] = 0.0296539930933
Max gradient component: [H, 19] = 0.0392429556488 a.u.
Norm of gradient vector: 0.0526720540614 a.u.
vqe optimization of current ansatz.
020-08-06 20:00:37.043] [xacc-logger] [info] Chosen optimizer does not support gradients. Using default.
E(0.000000,0,0,0,0) = -0.8709577856
E(1.570796,0,0,0,0) = -0.016648923192
E(0.000000,1.5708,0,0,0) = -0.0775554938648
E(0.000000,0,1.5708,0,0) = -0.678485467584
E(0.000000,0,0,1.5708,0) = -0.68298785732
E(0.000000,0,0,0,1.5708) = -0.895134481536
E(-1.121292,-1.04135,-0.252623,-0.246713,1.60253) = -0.70244748529
E(0.623080,-0.452631,-0.109804,-0.107236,1.58459) = -0.811064806016
E(0.000000,0.0221879,-0.0722709,0,1.5708) = -0.896483538771
E(-0.000931,0.686504,0.070754,-0.390581,1.62103) = -0.807118835655
E(-0.002675,0.00176636,0.30557,0.0268487,1.57353) = -0.886583460188
E(0.003795,0.219193,-0.166925,0.753955,1.59564) = -0.903149610158
E(-0.339516,0.0469972,-0.224095,0.806662,1.62119) = -0.895637907289
E(0.003901,0.221478,-0.166772,0.752045,1.76612) = -0.86001607517
E(-0.067303,0.371593,-0.191691,0.73531,1.24213) = -0.944257490922
E(0.078046,0.125953,-0.234331,0.810893,0.986758) = -0.987308676498
E(0.157791,0.0767789,-0.312585,0.851379,0.615716) = -0.954116048581
E(0.143371,0.131572,-0.366874,0.810768,1.01498) = -0.982299603255
E(0.370706,0.102815,-0.0468977,0.963266,1.08514) = -0.939975199729
E(0.095042,0.0765117,-0.21,0.749347,1.00815) = -0.990818400076
E(0.022608,-0.00342267,-0.248362,0.56041,0.683483) = -0.987217956889
E(0.031607,0.0734477,-0.198691,0.805523,0.996112) = -0.99121375452
E(-0.058177,-0.253941,-0.302939,0.748002,1.15357) = -0.96712870479
E(-0.156039,0.0827355,-0.281877,1.08217,0.807796) = -0.951628141219
E(-0.056784,0.191324,-0.176853,0.695392,1.06122) = -0.982465670184
E(0.167871,0.0659766,-0.0579868,0.794407,0.993264) = -0.982177655321
E(0.019109,-0.00700358,-0.212989,0.780156,1.04261) = -0.991937042386
E(0.018133,-0.00215923,-0.208531,0.809222,1.05895) = -0.990470107648
E(-0.026577,-0.0505889,-0.223703,0.788395,0.968655) = -0.990814700296
E(0.017162,-0.00401067,-0.231723,0.783041,1.04473) = -0.991896571199
E(0.104684,-0.0309209,-0.230683,0.750724,1.01886) = -0.99048038917
E(0.016251,-0.00335781,-0.238994,0.78052,1.04604) = -0.991957397341
E(-0.021406,0.0249982,-0.230945,0.696358,1.06242) = -0.993072626991
E(0.050156,0.011734,-0.245078,0.63446,1.0448) = -0.995088393686
E(0.034815,-0.0276269,-0.260728,0.586838,0.971723) = -0.997846325537
E(0.041650,-0.0642314,-0.277351,0.516205,0.917077) = -0.99732536546
E(0.033231,-0.0340846,-0.261204,0.583908,0.992932) = -0.997213166757
E(0.048176,-0.00629317,-0.272474,0.536155,0.892364) = -0.999328294426
E(0.049164,-0.0716717,-0.288298,0.469417,0.866703) = -0.99646873811
E(0.044898,0.000557634,-0.299629,0.537111,0.894031) = -0.999328958107
E(0.126521,0.0389084,-0.298867,0.51223,0.92379) = -0.99620979935
E(0.065480,-0.000843761,-0.30595,0.561106,0.876983) = -0.998098766197
E(-0.026267,0.0613403,-0.277067,0.531211,0.875716) = -0.998117032599
E(0.034285,0.00083932,-0.322949,0.536701,0.920376) = -0.999381300309
E(0.033146,-0.0102548,-0.375912,0.605874,0.876514) = -0.996270116541
E(0.005110,-0.0654063,-0.321127,0.470914,0.912168) = -0.997172341463
E(0.018103,0.0202201,-0.345416,0.530125,0.955362) = -0.999181275074
E(0.033164,0.00704475,-0.321697,0.538739,0.913532) = -0.999440879063
E(0.072855,0.0285557,-0.31589,0.520629,0.916658) = -0.999092262295
E(0.039772,-0.00430877,-0.324091,0.536378,0.915892) = -0.999227204081
E(0.006523,0.00931986,-0.303689,0.504027,0.900669) = -0.999903624702
E(-0.019168,0.0297549,-0.31415,0.503968,0.865704) = -0.998615311841
E(0.005760,0.0131598,-0.302355,0.504291,0.902012) = -0.999952737577
E(-0.000597,0.0026221,-0.26123,0.500159,0.92546) = -1.00007916508
E(0.004594,0.0045985,-0.260997,0.497937,0.924926) = -1.00022278054
E(0.014862,-0.0165687,-0.268008,0.45611,0.932503) = -1.00007403024
E(0.018561,0.0185766,-0.258609,0.496879,0.923343) = -1.00052017253
E(0.023451,0.0553519,-0.232991,0.481209,0.911878) = -1.00048667716
E(0.037139,0.0104942,-0.24944,0.504821,0.916651) = -1.00038029706
E(0.018141,0.0196662,-0.258178,0.497631,0.923474) = -1.00051629502
E(0.028990,0.0244883,-0.264745,0.490959,0.942989) = -1.00036249553
E(0.019007,0.0151835,-0.261017,0.49659,0.922929) = -1.00049826255
E(0.018576,0.0312243,-0.272416,0.510707,0.91556) = -1.00033327776
E(0.018748,0.0165267,-0.2657,0.493945,0.922911) = -1.00051237516
E(0.018582,0.0284456,-0.252515,0.478689,0.91164) = -1.00077011472
E(0.017118,0.0480919,-0.258552,0.483562,0.899228) = -1.00051608436
E(0.017656,0.0317132,-0.24957,0.481143,0.915585) = -1.00073016963
E(0.029275,0.0288,-0.254049,0.458207,0.919769) = -1.00087213992
E(0.016427,0.0183476,-0.243853,0.443724,0.915982) = -1.00096568454
E(0.032063,0.00999661,-0.228829,0.443986,0.908084) = -1.00095114534
E(0.016750,0.0100785,-0.244814,0.444418,0.920885) = -1.00085658251
E(0.015064,0.0296827,-0.245753,0.428884,0.900227) = -1.00108985825
E(0.011017,0.0457474,-0.230001,0.42309,0.907025) = -1.00095108702
E(0.014515,0.0297261,-0.244167,0.431336,0.895422) = -1.00108144095
E(0.027827,0.0277587,-0.256423,0.413836,0.890453) = -1.00113737593
E(0.012921,0.0133069,-0.265519,0.404767,0.887928) = -1.00095168056
E(0.027836,0.0279205,-0.260531,0.414993,0.896885) = -1.00111968521
E(0.037893,0.0394668,-0.265518,0.424883,0.877834) = -1.00089753238
E(0.035322,0.0202054,-0.250931,0.414671,0.893005) = -1.00110654315
E(0.027651,0.034272,-0.250426,0.406216,0.89421) = -1.0011577717
E(0.030817,0.0389388,-0.250846,0.407078,0.891991) = -1.0011156385
E(0.027984,0.0336244,-0.250546,0.405852,0.893959) = -1.0011606259
E(0.023863,0.031326,-0.250469,0.402023,0.893113) = -1.0011742292
E(0.024022,0.0276536,-0.245832,0.401913,0.894732) = -1.00119354059
E(0.024617,0.0253034,-0.247394,0.399758,0.899701) = -1.00117771297
E(0.023970,0.0266001,-0.246105,0.402258,0.894702) = -1.00119228777
E(0.025218,0.0267329,-0.241924,0.398954,0.891365) = -1.00120829008
E(0.021467,0.0270752,-0.237178,0.399571,0.890621) = -1.00121255848
E(0.025633,0.0277202,-0.233671,0.402316,0.890422) = -1.00122328214
E(0.027896,0.0292919,-0.231024,0.402216,0.885622) = -1.00121925104
E(0.025866,0.0296305,-0.233429,0.402132,0.890607) = -1.00122229076
E(0.027626,0.0259167,-0.230169,0.39951,0.893629) = -1.00122374787
E(0.027583,0.0255649,-0.230379,0.401585,0.893648) = -1.00122226633
E(0.028252,0.0304986,-0.227318,0.398845,0.896403) = -1.00121542536
E(0.030068,0.0258899,-0.231962,0.399149,0.893944) = -1.0012140748
E(0.027306,0.0258405,-0.230273,0.399412,0.894399) = -1.00122288186
E(0.025702,0.0249227,-0.228883,0.398909,0.891983) = -1.00122795978
E(0.025464,0.0265836,-0.226326,0.399054,0.891794) = -1.00123248654
E(0.023815,0.028703,-0.22751,0.399101,0.890902) = -1.00123166138
E(0.025867,0.026727,-0.226499,0.398714,0.891399) = -1.00123271899
E(0.025692,0.026818,-0.223942,0.397926,0.889911) = -1.00123529836
E(0.025751,0.0277913,-0.223038,0.395641,0.891468) = -1.00123511939
E(0.026769,0.0268749,-0.224028,0.397945,0.889857) = -1.00123431703
E(0.024496,0.0267574,-0.221372,0.399092,0.890038) = -1.00123552506
E(0.023871,0.0257982,-0.221241,0.398326,0.889376) = -1.00123449903
E(0.024488,0.027079,-0.221313,0.398977,0.889612) = -1.00123587084
E(0.023615,0.0281987,-0.221778,0.399325,0.889629) = -1.00123505422
E(0.024499,0.0269272,-0.221404,0.399045,0.889494) = -1.00123575014
E(0.025693,0.0276507,-0.220602,0.398886,0.889369) = -1.00123609393
E(0.025826,0.0276917,-0.220932,0.398872,0.889412) = -1.00123598897
E(0.025578,0.027585,-0.220387,0.397387,0.889162) = -1.00123679475
E(0.025003,0.0286597,-0.219934,0.396663,0.88879) = -1.00123694667
E(0.025129,0.028442,-0.219194,0.395818,0.889804) = -1.00123682981
E(0.025474,0.0286865,-0.219743,0.396665,0.888593) = -1.00123684898
E(0.024295,0.0277946,-0.219853,0.396065,0.887931) = -1.00123702121
E(0.024406,0.0278495,-0.220056,0.395898,0.887935) = -1.00123711788
E(0.024094,0.0282204,-0.221301,0.395144,0.887899) = -1.00123683924
E(0.024866,0.0279003,-0.220046,0.395687,0.88771) = -1.00123725092
E(0.025363,0.0279061,-0.219213,0.39561,0.886525) = -1.00123659744
E(0.025196,0.0273082,-0.220329,0.395861,0.887849) = -1.00123713385
E(0.024835,0.0278186,-0.219931,0.395547,0.887735) = -1.00123729101
E(0.025170,0.0281136,-0.219741,0.395408,0.888313) = -1.00123741792
E(0.025123,0.0282665,-0.220168,0.394799,0.888404) = -1.00123744219
E(0.025006,0.0280158,-0.220041,0.394737,0.88845) = -1.00123751083
E(0.025139,0.0279041,-0.21948,0.394246,0.888499) = -1.0012375067
Energy at ADAPT iteration 5: -1.00123751083
Parameters at ADAPT iteration 5: 0.0250058626911 0.0280157777121 -0.220040580195 0.394737250738 0.888449659395 
Ansatz at ADAPT iteration 5: 5 3 2 13 19 
Iteration: 6
Computing [H, A]
Printing commutators with absolute value above 0.000000
Number of instructions for commutator calculation: 676
E(0.025006,0.0280158,-0.220041,0.394737,0.88845) = -5.54444361362e-06
[H,0] = -5.54444361362e-06
Number of instructions for commutator calculation: 676
E(0.025006,0.0280158,-0.220041,0.394737,0.88845) = 5.76052551336e-06
[H,1] = 5.76052551336e-06
Number of instructions for commutator calculation: 684
E(0.025006,0.0280158,-0.220041,0.394737,0.88845) = 5.52459937178e-05
[H,2] = 5.52459937178e-05
Number of instructions for commutator calculation: 696
E(0.025006,0.0280158,-0.220041,0.394737,0.88845) = -0.000107859104099
[H,3] = -0.000107859104099
Number of instructions for commutator calculation: 2128
E(0.025006,0.0280158,-0.220041,0.394737,0.88845) = -1.73298316519e-05
[H,5] = -1.73298316519e-05
Number of instructions for commutator calculation: 3614
E(0.025006,0.0280158,-0.220041,0.394737,0.88845) = -0.000329389731356
[H,7] = -0.000329389731356
Number of instructions for commutator calculation: 3582
E(0.025006,0.0280158,-0.220041,0.394737,0.88845) = -1.84428749403e-05
[H,9] = -1.84428749403e-05
Number of instructions for commutator calculation: 3660
E(0.025006,0.0280158,-0.220041,0.394737,0.88845) = 2.1759552785e-06
[H,11] = 2.1759552785e-06
Number of instructions for commutator calculation: 2096
E(0.025006,0.0280158,-0.220041,0.394737,0.88845) = -0.000226031917553
[H,13] = -0.000226031917553
Number of instructions for commutator calculation: 3666
E(0.025006,0.0280158,-0.220041,0.394737,0.88845) = 3.12548934291e-06
[H,15] = 3.12548934291e-06
Number of instructions for commutator calculation: 3718
E(0.025006,0.0280158,-0.220041,0.394737,0.88845) = 1.61669544929e-06
[H,17] = 1.61669544929e-06
Number of instructions for commutator calculation: 2128
E(0.025006,0.0280158,-0.220041,0.394737,0.88845) = 2.82558246323e-05
[H,19] = 2.82558246323e-05
Number of instructions for commutator calculation: 3702
E(0.025006,0.0280158,-0.220041,0.394737,0.88845) = 0.0191120085652
[H,21] = 0.0191120085652
Number of instructions for commutator calculation: 2176
E(0.025006,0.0280158,-0.220041,0.394737,0.88845) = 0.0295224687396
[H,23] = 0.0295224687396
Max gradient component: [H, 23] = 0.0295224687396 a.u.
Norm of gradient vector: 0.0351713068495 a.u.
vqe optimization of current ansatz.
020-08-06 23:49:19.851] [xacc-logger] [info] Chosen optimizer does not support gradients. Using default.
E(0.000000,0,0,0,0,0) = -0.8709577856
E(1.570796,0,0,0,0,0) = -0.0415391332754
E(0.000000,1.5708,0,0,0,0) = -0.0775554938649
E(0.000000,0,1.5708,0,0,0) = -0.68298785732
E(0.000000,0,0,1.5708,0,0) = -0.016648923192
E(0.000000,0,0,0,1.5708,0) = -0.678485467494
E(0.000000,0,0,0,0,1.5708) = -0.895134481536
E(-0.894751,-0.855898,-0.202776,-0.921602,-0.207633,1.59688) = -0.71600828447
E(0.677541,-0.263339,-0.0623893,-0.283555,-0.0638837,1.57882) = -0.803778595418
E(0.000000,0.0468708,-0.263691,0,0,1.5708) = -0.882479323864
E(-0.029569,0.636679,0.150477,-0.422795,-0.095254,1.58276) = -0.830669243888
E(0.000000,0,1.69166e-18,0.0812528,-0.0321016,1.5708) = -0.893837370911
E(-0.078706,0.0395721,0.106339,0.255057,0.729187,1.60264) = -0.857780036279
E(-0.096335,-0.137618,-0.0120872,-0.0328021,0.0469357,1.5708) = -0.893152672573
E(-0.261400,-0.0653404,0.149564,0.58228,-0.424453,1.62249) = -0.846840136145
E(-0.528468,-0.429174,-0.00503599,-0.390049,0.0263668,1.59365) = -0.836495482026
E(-0.044863,0.0760312,-0.379131,0.0510472,0.00489158,1.57779) = -0.873904625408
E(-0.010327,-0.000219502,0.00533574,0.0160172,0.00121342,1.1786) = -0.967088018376
E(0.119119,-0.0682961,0.0118184,0.0109268,-0.00998544,1.04833) = -0.972840056776
E(0.104583,0.0737861,0.0643143,-0.0472293,-0.0314998,0.940844) = -0.984239077828
E(-0.013355,-0.0102075,0.0744698,-0.143101,-0.0288893,0.849809) = -0.980427441298
E(0.099411,0.0701519,0.064816,-0.0340773,-0.0936023,0.941392) = -0.986652139492
E(0.048803,0.0864753,0.122792,0.122952,-0.0774724,0.855103) = -0.989846478886
E(0.039609,0.104082,0.0865826,0.124267,-0.0771565,0.852242) = -0.987899402301
E(0.117484,0.159104,0.255872,0.114523,-0.169922,0.807848) = -0.985336005206
E(0.061241,0.0714464,0.133124,0.130299,-0.0744963,0.854738) = -0.989575599696
E(0.115275,0.0847692,-0.0173779,0.171469,-0.123325,0.754965) = -0.975490476404
E(0.019706,0.11324,0.103872,0.108778,-0.0802751,0.853811) = -0.989587855896
E(-0.040724,0.0490474,0.17018,0.194145,-0.110571,0.999074) = -0.980969282656
E(0.046048,0.0534187,0.124035,0.118662,-0.0805812,0.854082) = -0.991426773784
E(-0.009534,0.00680258,0.199062,0.0462351,0.0490715,0.779208) = -0.993355260389
E(-0.028475,-0.00423242,0.196081,0.03424,-0.0026973,0.763208) = -0.993365263461
E(0.021502,-0.0827954,0.098715,0.0782483,0.031364,0.631655) = -0.977260727604
E(-0.082764,-0.0330238,0.237201,0.0539983,-0.00278637,0.824696) = -0.99095237324
E(-0.027941,0.00504431,0.223261,0.0597903,-0.00403565,0.757627) = -0.993561552376
E(0.025140,0.0203342,0.276531,0.00306206,-0.0214204,0.772755) = -0.996559356918
E(0.098349,-0.00331975,0.311644,-0.0210796,-0.0266039,0.729437) = -0.991376686275
E(0.008191,0.0229786,0.290702,-0.00560946,-0.0113261,0.758016) = -0.995571227092
E(0.027335,0.108762,0.262007,-0.00356538,-0.0478847,0.80206) = -0.995336140324
E(0.014658,0.00376437,0.293484,0.00218167,-0.0276192,0.813968) = -0.997638159503
E(0.050516,-0.017145,0.306956,0.00437565,-0.0428122,0.830384) = -0.99736752495
E(0.012310,0.0032315,0.293513,0.000635581,-0.0330825,0.810221) = -0.997618766136
E(0.014771,0.0414523,0.291562,-0.00137382,-0.0459961,0.83917) = -0.998578430658
E(0.014972,0.0344037,0.264944,-0.0391666,-0.0440223,0.853974) = -0.996918143388
E(0.013183,0.039056,0.29124,-0.00173605,-0.0544541,0.838487) = -0.998739866061
E(-0.001754,0.0407905,0.280438,0.0387421,-0.0667063,0.855165) = -0.999009058143
E(-0.011127,0.0361467,0.287877,0.0371436,-0.065352,0.861125) = -0.998969085964
E(-0.006506,0.0667716,0.306533,0.0490582,-0.0913428,0.837343) = -0.998860993321
E(0.000244,0.0321616,0.284735,0.0377845,-0.0738976,0.860793) = -0.999265115484
E(0.029638,0.036974,0.303642,0.0571121,-0.0615235,0.886057) = -0.998634763286
E(-0.002447,0.0249809,0.286704,0.0371962,-0.07939,0.86606) = -0.999340768182
E(0.001252,0.0313105,0.249801,0.0286702,-0.107362,0.877842) = -0.999275697069
E(-0.000582,0.0210569,0.278181,0.0443477,-0.0767899,0.853517) = -0.999089503749
E(-0.017666,-0.00230344,0.308704,0.0229099,-0.105654,0.873517) = -0.999346911857
E(-0.002022,-0.00379301,0.315649,0.0308696,-0.107434,0.889031) = -0.999631566049
E(0.014319,-0.00410161,0.318961,0.0134581,-0.105593,0.884818) = -0.999753218978
E(0.014041,-0.00421481,0.317661,0.0127245,-0.102823,0.886526) = -0.999682116531
E(0.020705,0.00904116,0.314741,0.011434,-0.123965,0.890244) = -1.00013091328
E(0.026066,0.0238795,0.332124,0.0145117,-0.130222,0.888609) = -1.00050428272
E(0.041314,0.0280707,0.337141,0.0226705,-0.145419,0.883164) = -1.00054875702
E(0.041564,0.0269172,0.339784,0.0221816,-0.148563,0.888992) = -1.00054784254
E(0.030603,0.0371727,0.342932,0.00996399,-0.157474,0.875132) = -1.00079796232
E(0.015885,0.0457798,0.341129,0.0265969,-0.162884,0.876718) = -1.00089124576
E(0.017878,0.0490055,0.337782,0.0262667,-0.162895,0.880719) = -1.0008071712
E(0.008940,0.0517695,0.362543,0.0273219,-0.161402,0.869169) = -1.00086622342
E(0.012919,0.0387637,0.341509,0.0277562,-0.166448,0.874754) = -1.00098543434
E(0.001780,0.0335327,0.335991,0.0234803,-0.184629,0.86629) = -1.00097613236
E(0.012344,0.0485578,0.335398,0.0274155,-0.168509,0.87831) = -1.00083875618
E(0.012236,0.038927,0.339113,0.0275229,-0.165163,0.873365) = -1.00096105362
E(0.005218,0.0355617,0.342513,0.0231842,-0.163246,0.881746) = -1.00093955808
E(0.011004,0.0386446,0.341413,0.0313013,-0.166354,0.875336) = -1.00096214426
E(0.020474,0.0300691,0.344822,0.027033,-0.168981,0.874617) = -1.00106003199
E(0.021327,0.0295806,0.354965,0.0247599,-0.168595,0.86818) = -1.00110929614
E(0.029323,0.0307554,0.360582,0.0215036,-0.174949,0.869843) = -1.00112060243
E(0.028319,0.0303096,0.359831,0.0206696,-0.178876,0.86961) = -1.00114266722
E(0.023285,0.0237602,0.36371,0.0138486,-0.179184,0.87416) = -1.00114988952
E(0.024094,0.0238036,0.363538,0.00948333,-0.179064,0.873457) = -1.0010989934
E(0.021132,0.0182935,0.36829,0.0218272,-0.184614,0.87276) = -1.00120554471
E(0.014813,0.0262703,0.373367,0.0236849,-0.18727,0.876038) = -1.00127341165
E(0.014568,0.0262383,0.37007,0.0283662,-0.191219,0.886146) = -1.00126271621
E(0.013479,0.0256062,0.372965,0.0241534,-0.185963,0.875645) = -1.00126131348
E(0.015195,0.0288691,0.380458,0.0273331,-0.19544,0.872384) = -1.00130489984
E(0.012786,0.0310243,0.385663,0.0181094,-0.19956,0.875702) = -1.0013008518
E(0.014819,0.0263109,0.378939,0.027175,-0.196295,0.870744) = -1.00129588945
E(0.021310,0.0221608,0.387797,0.0283115,-0.192956,0.875072) = -1.00130363315
E(0.017565,0.0297451,0.380001,0.0254726,-0.19579,0.872261) = -1.0013116927
E(0.024249,0.0381025,0.38314,0.0288,-0.19857,0.869535) = -1.00126440169
E(0.017307,0.0301796,0.381619,0.0261384,-0.194476,0.872199) = -1.0013090588
E(0.020988,0.0277758,0.377906,0.0170737,-0.189294,0.868033) = -1.0012479602
E(0.016149,0.0319294,0.380889,0.0265389,-0.194822,0.871941) = -1.00130185205
E(0.018345,0.030025,0.374649,0.0270313,-0.195757,0.883162) = -1.00130592227
E(0.019011,0.0289521,0.379087,0.0248478,-0.198713,0.871821) = -1.0013173786
E(0.011529,0.023791,0.376759,0.0306058,-0.203763,0.869845) = -1.00127039017
E(0.026060,0.024907,0.378885,0.020759,-0.206372,0.874844) = -1.00130906477
E(0.015500,0.0262003,0.377906,0.027599,-0.201543,0.870937) = -1.00130763164
E(0.018497,0.0299467,0.377274,0.02463,-0.199266,0.871793) = -1.00131418302
E(0.019545,0.025586,0.377569,0.0223235,-0.194839,0.870289) = -1.00129359848
E(0.019121,0.0287149,0.378668,0.0259471,-0.197894,0.874521) = -1.00132212447
E(0.018766,0.0293147,0.378734,0.0262532,-0.197427,0.874419) = -1.00132026233
E(0.021286,0.0292715,0.379497,0.0268235,-0.199306,0.875507) = -1.00132546245
E(0.020318,0.0296309,0.380878,0.0251932,-0.20027,0.877195) = -1.00133536661
E(0.020832,0.0289464,0.381897,0.0234599,-0.20048,0.879339) = -1.00133897385
E(0.019358,0.0278192,0.38278,0.0245131,-0.202293,0.880228) = -1.00134721174
E(0.018704,0.0285865,0.381057,0.0240298,-0.204242,0.881409) = -1.00134762736
E(0.018885,0.0284613,0.381066,0.0236286,-0.204661,0.880661) = -1.00134812504
E(0.017857,0.0291668,0.383437,0.0234368,-0.206135,0.880815) = -1.00135399587
E(0.015310,0.0280772,0.383722,0.0221957,-0.20585,0.880629) = -1.00134788139
E(0.018196,0.0288639,0.383503,0.0227544,-0.206187,0.880964) = -1.0013537689
E(0.018979,0.028492,0.384652,0.0248602,-0.208159,0.88113) = -1.00136051546
E(0.020321,0.030082,0.38621,0.0254069,-0.209694,0.88114) = -1.00136219192
E(0.019310,0.0285525,0.387585,0.0261891,-0.211578,0.881141) = -1.0013678079
E(0.018514,0.0284105,0.389605,0.0266529,-0.213683,0.880966) = -1.00137105412
E(0.020123,0.026801,0.390357,0.02563,-0.214535,0.882342) = -1.0013737032
E(0.021081,0.0259766,0.389596,0.0252209,-0.215858,0.880036) = -1.00137011168
E(0.020342,0.0267403,0.391226,0.0256854,-0.21434,0.881746) = -1.00137391529
E(0.020428,0.0254379,0.392099,0.0279814,-0.214453,0.883035) = -1.00136992673
E(0.019379,0.0262456,0.391229,0.0255106,-0.214308,0.881741) = -1.00137394267
E(0.019034,0.0275449,0.392633,0.0234764,-0.214892,0.882815) = -1.00137612791
E(0.019624,0.0270942,0.392535,0.0218035,-0.212482,0.883311) = -1.00137145447
E(0.019290,0.0272683,0.392572,0.0222772,-0.217402,0.88158) = -1.00137400597
E(0.018857,0.0275643,0.393473,0.0242276,-0.215357,0.883729) = -1.00137781627
E(0.018131,0.0287523,0.393765,0.0247927,-0.215412,0.883639) = -1.00137734267
E(0.018881,0.027495,0.393893,0.024236,-0.215287,0.883606) = -1.00137804134
E(0.019036,0.0271852,0.39466,0.0241359,-0.21504,0.884861) = -1.00137821137
E(0.018699,0.0271578,0.394645,0.0240602,-0.215039,0.884859) = -1.00137806654
E(0.019283,0.0269596,0.395136,0.0240733,-0.216458,0.884832) = -1.00137913845
E(0.019344,0.0260967,0.395321,0.0252955,-0.216716,0.884733) = -1.00137883768
E(0.019474,0.0270674,0.395139,0.0242282,-0.216412,0.884846) = -1.0013792255
E(0.020599,0.0272055,0.395895,0.0236919,-0.216814,0.884625) = -1.00137888792
E(0.019603,0.0272076,0.39514,0.0242637,-0.21633,0.884929) = -1.00137920502
E(0.018716,0.0280181,0.395714,0.0245246,-0.217087,0.884831) = -1.00137987655
E(0.018608,0.028263,0.394956,0.0243299,-0.218167,0.885539) = -1.0013793739
E(0.018443,0.0276996,0.395806,0.0240787,-0.217105,0.884846) = -1.00137964473
E(0.018522,0.0286222,0.396549,0.0249625,-0.216519,0.885691) = -1.0013793135
E(0.018545,0.0283917,0.395554,0.024611,-0.21702,0.884213) = -1.00137961897
E(0.018924,0.0280232,0.395809,0.0244101,-0.217115,0.884823) = -1.00137997642
E(0.019075,0.0276868,0.396149,0.0247933,-0.217503,0.884627) = -1.00138045819
E(0.019249,0.0278108,0.396801,0.0250838,-0.217587,0.884792) = -1.00138072465
E(0.019788,0.027421,0.396898,0.0254469,-0.217529,0.884758) = -1.00138055284
E(0.019270,0.0277856,0.396751,0.0250839,-0.21767,0.884803) = -1.00138073833
E(0.019324,0.0281108,0.396952,0.0250904,-0.218026,0.884244) = -1.00138083266
E(0.019396,0.0279886,0.397038,0.0248349,-0.218048,0.884237) = -1.00138091139
E(0.018939,0.0276679,0.397426,0.0248285,-0.218403,0.884266) = -1.00138107331
E(0.019007,0.027945,0.397775,0.0245311,-0.218804,0.884634) = -1.00138119945
E(0.018735,0.0278459,0.39781,0.0239624,-0.219202,0.884488) = -1.00138082348
E(0.019156,0.0278221,0.39772,0.0245811,-0.218961,0.884641) = -1.00138129541
E(0.019546,0.027606,0.398298,0.0248084,-0.218902,0.884628) = -1.00138149862
E(0.019573,0.0272195,0.398253,0.0248384,-0.218754,0.885271) = -1.00138138844
E(0.019348,0.027584,0.398329,0.0249675,-0.219006,0.884637) = -1.00138152136
E(0.019745,0.0279246,0.39833,0.0254571,-0.219269,0.884714) = -1.00138136331
E(0.019357,0.0273734,0.398478,0.0248559,-0.219223,0.884492) = -1.00138154694
E(0.019388,0.0272912,0.39846,0.024909,-0.219222,0.884453) = -1.00138152197
E(0.019224,0.0274373,0.398793,0.0248184,-0.21908,0.884428) = -1.00138153041
E(0.019333,0.0274282,0.398448,0.0248505,-0.219223,0.884332) = -1.00138150431
E(0.019183,0.0273191,0.398456,0.0246584,-0.219351,0.884734) = -1.00138150037
E(0.019376,0.0274149,0.398505,0.0248613,-0.219263,0.884509) = -1.00138155979
E(0.019563,0.0273161,0.398656,0.0251012,-0.219354,0.884626) = -1.00138158255
E(0.019862,0.0273322,0.398706,0.0248855,-0.21927,0.884662) = -1.00138154772
E(0.019561,0.0273333,0.39867,0.0250783,-0.219454,0.884656) = -1.00138160711
E(0.019424,0.0272418,0.398714,0.0250465,-0.219647,0.884939) = -1.00138163232
E(0.019408,0.027425,0.398747,0.0251251,-0.219969,0.884893) = -1.00138164378
E(0.019650,0.0275052,0.398821,0.0248868,-0.220029,0.885019) = -1.00138170025
E(0.019728,0.0272484,0.398911,0.0247564,-0.220199,0.884874) = -1.00138166868
E(0.019660,0.0274614,0.398808,0.0248921,-0.220046,0.885021) = -1.00138168534
E(0.019493,0.0276001,0.398624,0.0246174,-0.220057,0.88498) = -1.00138164446
E(0.019605,0.0275469,0.398968,0.0248428,-0.220015,0.885017) = -1.00138172921
E(0.019720,0.0276872,0.399234,0.0248742,-0.219983,0.885221) = -1.00138172855
Energy at ADAPT iteration 6: -1.00138172921
Parameters at ADAPT iteration 6: 0.0196052619371 0.0275468752245 0.398967848801 0.0248427801092 -0.220014716279 0.885017492164 
Ansatz at ADAPT iteration 6: 5 3 2 13 19 23 
Iteration: 7
Computing [H, A]
Printing commutators with absolute value above 0.000000
Number of instructions for commutator calculation: 676
E(0.019605,0.0275469,0.398968,0.0248428,-0.220015,0.885017) = -5.52679278614e-06
[H,0] = -5.52679278614e-06
Number of instructions for commutator calculation: 676
E(0.019605,0.0275469,0.398968,0.0248428,-0.220015,0.885017) = 5.76413214919e-06
[H,1] = 5.76413214919e-06
Number of instructions for commutator calculation: 684
E(0.019605,0.0275469,0.398968,0.0248428,-0.220015,0.885017) = -4.46481388887e-05
[H,2] = -4.46481388887e-05
Number of instructions for commutator calculation: 696
E(0.019605,0.0275469,0.398968,0.0248428,-0.220015,0.885017) = 0.000278563246163
[H,3] = 0.000278563246163
Number of instructions for commutator calculation: 2128
E(0.019605,0.0275469,0.398968,0.0248428,-0.220015,0.885017) = -0.000101886834491
[H,5] = -0.000101886834491
Number of instructions for commutator calculation: 3614
E(0.019605,0.0275469,0.398968,0.0248428,-0.220015,0.885017) = -0.00032952923845
[H,7] = -0.00032952923845
Number of instructions for commutator calculation: 3582
E(0.019605,0.0275469,0.398968,0.0248428,-0.220015,0.885017) = -1.84093790917e-05
[H,9] = -1.84093790917e-05
Number of instructions for commutator calculation: 3660
E(0.019605,0.0275469,0.398968,0.0248428,-0.220015,0.885017) = 2.15275929888e-06
[H,11] = 2.15275929888e-06
Number of instructions for commutator calculation: 2096
E(0.019605,0.0275469,0.398968,0.0248428,-0.220015,0.885017) = -2.29546592901e-06
[H,13] = -2.29546592901e-06
Number of instructions for commutator calculation: 3666
E(0.019605,0.0275469,0.398968,0.0248428,-0.220015,0.885017) = 3.13465152134e-06
[H,15] = 3.13465152134e-06
Number of instructions for commutator calculation: 3718
E(0.019605,0.0275469,0.398968,0.0248428,-0.220015,0.885017) = 1.64758220692e-06
[H,17] = 1.64758220692e-06
Number of instructions for commutator calculation: 2128
E(0.019605,0.0275469,0.398968,0.0248428,-0.220015,0.885017) = 0.00010496325355
[H,19] = 0.00010496325355
Number of instructions for commutator calculation: 3702
E(0.019605,0.0275469,0.398968,0.0248428,-0.220015,0.885017) = 0.0190889174004
[H,21] = 0.0190889174004
Number of instructions for commutator calculation: 2176
E(0.019605,0.0275469,0.398968,0.0248428,-0.220015,0.885017) = -0.000199358578397
[H,23] = -0.000199358578397
Max gradient component: [H, 21] = 0.0190889174004 a.u.
Norm of gradient vector: 0.0190954579718 a.u.
vqe optimization of current ansatz.
020-08-07 06:54:25.635] [xacc-logger] [info] Chosen optimizer does not support gradients. Using default.
E(0.000000,0,0,0,0,0,0) = -0.8709577856
E(1.570796,0,0,0,0,0,0) = -0.0415391332527
E(0.000000,1.5708,0,0,0,0,0) = -0.32075390545
E(0.000000,0,1.5708,0,0,0,0) = -0.0775554953548
E(0.000000,0,0,1.5708,0,0,0) = -0.68298785732
E(0.000000,0,0,0,1.5708,0,0) = -0.0166489231871
E(0.000000,0,0,0,0,1.5708,0) = -0.678485467688
E(0.000000,0,0,0,0,0,1.5708) = -0.895134481536
E(-0.836992,-0.555228,-0.800646,-0.189686,-0.862109,-0.19423,1.59519) = -0.718874363326
E(0.690004,-0.156706,-0.225973,-0.0535367,-0.24332,-0.0548191,1.57768) = -0.801241485205
E(0.000000,0.256805,-0.044929,0,0,0,1.5708) = -0.894311401299
E(-0.037155,0.10896,0.637074,-0.0932876,-0.423985,-0.0955221,1.58279) = -0.822121164705
E(-0.000000,-1.64832e-17,0,0.056656,-0.0706382,0,1.5708) = -0.897549922622
E(-0.103350,0.00436689,0.0646849,0.659098,0.338407,-0.265701,1.60417) = -0.890220052318
E(0.018473,0.0229786,-0.0205561,0.124867,-0.243578,0.0701655,1.5557) = -0.895651130147
E(-0.102506,-0.0770069,0.0788242,0.117655,0.226057,0.707619,1.61234) = -0.856801408636
E(-0.015538,0.056716,-0.0139845,0.252658,-0.161115,0.0014007,1.55813) = -0.90618457616
E(-0.610050,-0.0131477,-0.472965,0.231942,-0.337472,-0.120672,1.59592) = -0.839692864609
E(0.107825,0.637397,-0.0608256,0.675377,-0.341419,0.214765,1.48382) = -0.88637710072
E(-0.311037,0.0421474,-0.247176,0.257258,-0.256494,-0.0525806,1.57454) = -0.887215922258
E(-0.012980,0.0567719,-0.0136989,0.259864,-0.161708,0.00611733,1.56123) = -0.905516574437
E(-0.075176,-0.0237949,0.00277991,0.249584,-0.0669422,0.188199,1.24171) = -0.959685101744
E(0.125466,-0.122005,-0.145738,0.243678,-0.0706571,0.106966,0.966743) = -0.967325074429
E(0.124442,0.0108773,-0.13314,0.291584,-0.0852981,0.0745839,0.903878) = -0.976195548412
E(0.024589,-0.016457,0.136138,0.258619,-0.145918,0.0852259,0.64676) = -0.96676676339
E(0.127450,0.0412275,-0.148558,0.2899,-0.236246,0.137196,0.902889) = -0.950202806945
E(-0.145980,-0.0054538,-0.316838,0.408974,0.0516854,0.0117653,0.801009) = -0.936753165518
E(0.088901,0.0118392,-0.167801,0.285677,-0.0826994,0.0585601,0.896853) = -0.974891103865
E(0.191845,0.177226,-0.15048,0.0209428,0.105525,0.174701,0.859013) = -0.951660996104
E(0.089637,0.0171098,-0.14185,0.22584,-0.120726,-0.0565667,0.907405) = -0.976669880662
E(0.301675,0.0296484,0.023169,0.390971,0.000491993,-0.241083,0.983927) = -0.968946173231
E(0.057031,-0.159781,-0.0900733,-0.0340994,-0.214412,-0.262036,0.932206) = -0.95370589289
E(0.160346,0.0824737,-0.170215,0.269304,-0.279824,-0.023251,0.92026) = -0.940833774094
E(0.134305,0.0072652,-0.148551,0.210316,-0.10771,-0.0566167,0.861703) = -0.972763226698
E(0.081195,0.129976,-0.0966795,0.124198,-0.0263944,-0.0125224,0.957737) = -0.982404565675
E(0.093114,0.132092,-0.100276,0.120979,-0.0149034,-0.0209211,0.970964) = -0.981244438608
E(-0.054758,0.140107,-0.0998096,0.17405,0.0914656,-0.0394189,0.904277) = -0.984787764438
E(-0.051977,0.142183,-0.0897361,0.202627,0.0968275,-0.0451679,0.904106) = -0.986319064692
E(-0.079699,0.0798574,0.0788692,0.159895,0.0894837,-0.104795,0.910199) = -0.991143271992
E(-0.083773,0.121265,0.0770122,0.151087,0.0881048,-0.144265,0.906455) = -0.990309026783
E(-0.133107,0.155142,0.19664,0.233138,0.0608797,-0.00802755,0.93503) = -0.976102327836
E(-0.062724,0.0930652,0.0797343,0.150711,0.0951151,-0.0933981,0.856327) = -0.991580595964
E(0.025026,0.0270182,0.0910155,0.165008,0.244161,-0.156171,0.858347) = -0.9767463095
E(-0.052598,0.0925782,0.0797771,0.160681,0.0782723,-0.115019,0.846362) = -0.993483130607
E(-0.150152,-0.000914783,0.0286958,0.116559,-0.0125971,-0.159995,0.772475) = -0.982263765462
E(-0.071504,0.0987007,0.0799463,0.122787,0.106278,-0.103438,0.842696) = -0.989481084538
E(0.076194,0.0949498,0.0902153,0.0678167,-0.0221739,-0.0981021,0.899765) = -0.98929299069
E(-0.063099,0.082537,0.0953222,0.169157,0.0754695,-0.0756004,0.861295) = -0.992287517251
E(-0.035471,0.227766,0.143534,0.242221,0.0287642,-0.119058,0.763883) = -0.983030702998
E(-0.039100,0.0789092,0.0814854,0.213494,0.047517,-0.119853,0.868228) = -0.996518274265
E(-0.096413,0.0337774,0.16873,0.227733,0.03927,0.0314451,0.917806) = -0.984290338783
E(-0.017196,0.0645981,0.0890269,0.204253,0.0964854,-0.119256,0.857137) = -0.995011369206
E(0.018052,0.0279565,0.0737066,0.319491,0.0186404,-0.231889,0.957721) = -0.998942409121
E(-0.009476,-0.0343952,0.0468591,0.308887,-0.00895352,-0.265932,0.910401) = -0.999196608684
E(0.002055,-0.00892455,0.0440631,0.312744,-0.00926432,-0.277946,0.899602) = -0.999908681563
E(-0.000107,0.00149061,0.0921348,0.377567,-0.0439404,-0.274544,0.857197) = -0.997189615194
E(-0.006899,-0.00413808,0.0209928,0.326166,-0.00311784,-0.270846,0.899201) = -1.0002574056
E(0.058719,-0.00639143,-0.0285858,0.312186,-0.0491355,-0.247372,0.901498) = -0.996614986012
E(-0.026477,0.00209761,0.019202,0.324489,-0.0229125,-0.272332,0.909026) = -0.999154652666
E(-0.011175,0.00178874,0.00678248,0.323891,0.0741483,-0.328835,0.892492) = -0.999111397105
E(-0.006912,-0.00186323,0.0303005,0.318808,-0.00427271,-0.269698,0.891573) = -1.00023892294
E(-0.043330,-0.0153269,0.00188752,0.3387,0.0359033,-0.199618,0.866528) = -0.999094202768
E(-0.007179,-0.00124047,0.0242214,0.303106,-0.00374514,-0.270336,0.876503) = -1.00007064939
E(-0.080449,0.0366637,0.00349733,0.308823,-0.0339688,-0.28606,0.927018) = -0.995485837942
E(-0.012786,-0.0479257,0.0327627,0.312739,-0.00251236,-0.273681,0.910618) = -0.999061164554
E(-0.001128,-0.00305237,0.0481966,0.356755,-0.0103658,-0.27879,0.87504) = -1.00014220754
E(0.000563,0.0050349,0.0362437,0.321467,0.0047321,-0.262575,0.908025) = -1.00053802033
E(0.000075,0.00522598,0.0372257,0.32113,0.00460319,-0.263137,0.909021) = -1.00050982086
E(0.020726,0.0146268,0.0294144,0.323502,-0.000122202,-0.257776,0.910564) = -1.00060273743
E(0.019840,0.0148308,0.030437,0.32356,-0.00745245,-0.25207,0.910899) = -1.00046345388
E(0.017413,0.0245355,0.0242375,0.330859,0.0173769,-0.247886,0.907691) = -1.00100545844
E(0.027041,0.0109938,0.0248914,0.33305,0.0327995,-0.238763,0.907713) = -1.00092117421
E(0.018889,0.0245645,0.0300445,0.337251,0.0173329,-0.249677,0.904559) = -1.00108297625
E(0.021880,0.0345657,0.0345542,0.327851,0.0237253,-0.250371,0.886029) = -1.00111358777
E(0.021112,0.0314037,0.0295646,0.328616,0.02261,-0.250904,0.885829) = -1.00114170108
E(0.019397,0.0416308,0.0200026,0.344191,0.0313085,-0.259606,0.882752) = -1.00114194431
E(0.018862,0.0391695,0.0222374,0.343923,0.0355015,-0.263263,0.882753) = -1.00112639856
E(-0.000471,0.0378459,0.0231392,0.349737,0.0316709,-0.250396,0.874519) = -1.00109903986
E(0.019737,0.0370587,0.0194626,0.343495,0.0290759,-0.26123,0.879836) = -1.001155491
E(0.029152,0.0417207,0.0279289,0.355738,0.0159543,-0.26677,0.871616) = -1.00105373474
E(0.019563,0.0363187,0.0220935,0.342728,0.0292927,-0.261669,0.876827) = -1.00116200151
E(0.009605,0.032971,0.0153882,0.329741,0.0229049,-0.276906,0.8745) = -1.00089791931
E(0.019159,0.034265,0.0284211,0.343313,0.0297558,-0.263599,0.876637) = -1.00117699011
E(0.028922,0.0183251,0.0273657,0.346714,0.0408117,-0.255396,0.869508) = -1.00111347993
E(0.014511,0.0350862,0.0489532,0.347632,0.0383003,-0.270623,0.880826) = -1.00094638143
E(0.025294,0.0390897,0.0276661,0.349155,0.0233279,-0.260951,0.874057) = -1.00116638478
E(0.018991,0.0342042,0.0283631,0.34494,0.0295001,-0.263883,0.880088) = -1.00119030895
E(0.017595,0.0279447,0.0227127,0.344462,0.0222079,-0.268601,0.881456) = -1.00115787199
E(0.023634,0.0258941,0.0272093,0.348567,0.0336824,-0.258596,0.879835) = -1.00122811416
E(0.019062,0.0257621,0.0267223,0.350566,0.0328713,-0.255232,0.879108) = -1.00127098359
E(0.018953,0.0257613,0.0267094,0.352281,0.0338476,-0.256199,0.878875) = -1.00126929946
E(0.016870,0.0240164,0.0305952,0.35228,0.0321766,-0.252119,0.880404) = -1.00129658264
E(0.014627,0.0243913,0.0288545,0.35353,0.0337016,-0.247533,0.882532) = -1.00131164636
E(0.012166,0.0204625,0.0269662,0.354958,0.0305092,-0.247299,0.883088) = -1.00132150872
E(0.009275,0.0185438,0.0278622,0.354066,0.0321661,-0.245092,0.879039) = -1.00129692931
E(0.013908,0.0204291,0.0269157,0.355243,0.0297106,-0.246051,0.882681) = -1.00133592053
E(0.013496,0.0237803,0.0274596,0.357994,0.0257564,-0.244421,0.88238) = -1.00136046655
E(0.016372,0.0230621,0.028517,0.36072,0.023578,-0.241589,0.885128) = -1.00138373356
E(0.017086,0.0240798,0.0272715,0.356922,0.0201598,-0.239208,0.886793) = -1.00136241401
E(0.016220,0.0234984,0.0267798,0.361075,0.0237634,-0.240817,0.885182) = -1.00138753974
E(0.019585,0.0233343,0.0251175,0.364741,0.0219617,-0.242432,0.883121) = -1.0013899525
E(0.018993,0.0226162,0.0249553,0.364947,0.0211756,-0.242307,0.88256) = -1.00138772859
E(0.020241,0.0246501,0.0269234,0.366897,0.023999,-0.238166,0.880835) = -1.00141633915
E(0.018878,0.026462,0.0278826,0.371671,0.0252609,-0.236427,0.882881) = -1.00143830513
E(0.020490,0.0235393,0.027609,0.373954,0.0288521,-0.233784,0.884038) = -1.00144570156
E(0.019270,0.0267157,0.0276532,0.376709,0.0322744,-0.232721,0.881664) = -1.00144130159
E(0.020500,0.0237178,0.0261377,0.373931,0.0285118,-0.232724,0.884203) = -1.00144755291
E(0.022836,0.025219,0.028819,0.375043,0.0262906,-0.22908,0.886018) = -1.00145295368
E(0.022875,0.0248264,0.0284397,0.376089,0.0258687,-0.229743,0.885248) = -1.00145592925
E(0.018600,0.0221896,0.0298039,0.37686,0.0242981,-0.227186,0.884267) = -1.00146676125
E(0.017830,0.0225483,0.0296846,0.378052,0.0242649,-0.227944,0.884667) = -1.00146833996
E(0.017581,0.0193013,0.0288407,0.38201,0.0215026,-0.226273,0.885158) = -1.00146809022
E(0.017962,0.0235384,0.0295791,0.378096,0.02237,-0.228108,0.884485) = -1.00146574293
E(0.013746,0.0225598,0.0304238,0.376777,0.0246052,-0.225817,0.888429) = -1.0014553899
E(0.017585,0.0231055,0.0295636,0.378459,0.0245492,-0.228271,0.885237) = -1.00146906071
E(0.016850,0.0254623,0.0298644,0.381327,0.0267458,-0.225859,0.881688) = -1.001475249
E(0.016940,0.0248267,0.0349057,0.383404,0.0272759,-0.228436,0.880921) = -1.00145561254
E(0.016658,0.0255729,0.0289513,0.382189,0.0268785,-0.227364,0.881772) = -1.00147473016
E(0.015387,0.0234808,0.0271922,0.379518,0.0270796,-0.225209,0.877145) = -1.00146184395
E(0.021336,0.0266558,0.0275915,0.382283,0.0285617,-0.223895,0.883381) = -1.00147706945
E(0.019508,0.0274808,0.0269476,0.382422,0.0291561,-0.222844,0.885251) = -1.00147747792
E(0.019472,0.0270892,0.0269006,0.383007,0.0289373,-0.222375,0.885264) = -1.00147970576
E(0.019689,0.0262974,0.0285853,0.385227,0.0294083,-0.221875,0.885972) = -1.00148135464
E(0.019193,0.0246367,0.0272963,0.386225,0.0297712,-0.220306,0.884896) = -1.00148390263
E(0.019274,0.0255002,0.0269044,0.387657,0.0275179,-0.219175,0.884583) = -1.0014919052
E(0.019675,0.0243761,0.0263058,0.388176,0.0251636,-0.218544,0.885775) = -1.00149385307
E(0.019384,0.0257903,0.0260414,0.38988,0.0239763,-0.217061,0.884912) = -1.0014951712
E(0.018900,0.0238262,0.0247797,0.390674,0.024551,-0.215598,0.884119) = -1.00149403392
E(0.019547,0.0257154,0.0263548,0.389266,0.0239533,-0.216552,0.884888) = -1.00149506647
E(0.019762,0.0253555,0.0281692,0.391568,0.0242127,-0.216604,0.88611) = -1.00149697789
E(0.018180,0.0262346,0.027684,0.391533,0.0245119,-0.215719,0.888352) = -1.00149485574
E(0.020669,0.0253672,0.0281468,0.391674,0.024511,-0.216527,0.886479) = -1.00149618758
E(0.019317,0.024824,0.0298878,0.392236,0.0221038,-0.217277,0.885316) = -1.00149255062
E(0.019548,0.0256309,0.0282858,0.391556,0.0243916,-0.216648,0.885976) = -1.0014971064
E(0.021744,0.0268271,0.0282253,0.392369,0.0259192,-0.216306,0.885765) = -1.00149431557
E(0.019656,0.0246374,0.0277767,0.391637,0.024242,-0.216426,0.885997) = -1.00149731783
E(0.017892,0.0240668,0.0281446,0.392037,0.0259865,-0.215755,0.884518) = -1.00149708002
E(0.019613,0.0245616,0.0278016,0.391033,0.024582,-0.216752,0.88612) = -1.00149698691
E(0.020422,0.0223795,0.0262461,0.39219,0.0244761,-0.215583,0.886557) = -1.00149504725
E(0.019815,0.0252182,0.0275055,0.392103,0.024,-0.215663,0.885742) = -1.00149752299
E(0.021745,0.0261834,0.0281061,0.392497,0.0260134,-0.216072,0.885609) = -1.00149489332
E(0.019401,0.0249295,0.0292125,0.393015,0.0219464,-0.215945,0.884687) = -1.00149363962
E(0.019578,0.0256618,0.0267166,0.392522,0.0240392,-0.214598,0.885334) = -1.00149748453
E(0.019754,0.0252368,0.0273035,0.392393,0.0240249,-0.215871,0.88583) = -1.00149760231
E(0.019018,0.0256747,0.0274836,0.392257,0.024186,-0.215584,0.887038) = -1.00149706372
E(0.019868,0.0252887,0.0272454,0.392389,0.0237368,-0.215851,0.885896) = -1.00149725258
E(0.019110,0.0255345,0.0266528,0.391562,0.0242295,-0.216515,0.885302) = -1.00149713658
E(0.019501,0.024921,0.0274566,0.392399,0.0243332,-0.215855,0.885739) = -1.00149800797
E(0.019753,0.0237064,0.0267185,0.392185,0.0243948,-0.215619,0.886145) = -1.00149715552
E(0.019624,0.0249837,0.0274028,0.392715,0.0242594,-0.21615,0.885763) = -1.00149800196
E(0.018643,0.0245112,0.0282117,0.392942,0.0239598,-0.215799,0.885075) = -1.00149778394
E(0.019665,0.0250189,0.027686,0.392529,0.0250071,-0.215842,0.885573) = -1.0014982569
E(0.019316,0.0252565,0.0278133,0.392691,0.0252297,-0.215791,0.886134) = -1.00149812168
E(0.019695,0.0249892,0.0278743,0.392401,0.0250054,-0.215978,0.885647) = -1.00149814392
E(0.019324,0.0252422,0.0273471,0.392328,0.0252521,-0.216172,0.885262) = -1.00149824136
E(0.019832,0.0249789,0.0276834,0.392499,0.0251201,-0.215862,0.885667) = -1.00149813838
E(0.019377,0.0246873,0.0278491,0.392932,0.0251244,-0.215679,0.885166) = -1.00149859993
E(0.019382,0.0250962,0.0280788,0.393179,0.025066,-0.215374,0.884707) = -1.001498579
E(0.019309,0.0246715,0.0277801,0.392747,0.0250712,-0.215486,0.885166) = -1.00149855741
E(0.019064,0.0241875,0.0279328,0.393195,0.0254106,-0.215731,0.884884) = -1.00149854363
Energy at ADAPT iteration 7: -1.00149859993
Parameters at ADAPT iteration 7: 0.0193767873133 0.024687327754 0.0278491349698 0.39293162757 0.0251244016809 -0.215678976923 0.885165688629 
Ansatz at ADAPT iteration 7: 5 3 2 13 19 23 21 
Iteration: 8
Computing [H, A]
Printing commutators with absolute value above 0.000000
Number of instructions for commutator calculation: 676
E(0.019377,0.0246873,0.0278491,0.392932,0.0251244,-0.215679,0.885166) = -5.63971393534e-06
[H,0] = -5.63971393534e-06
Number of instructions for commutator calculation: 676
E(0.019377,0.0246873,0.0278491,0.392932,0.0251244,-0.215679,0.885166) = 5.76979154424e-06
[H,1] = 5.76979154424e-06
Number of instructions for commutator calculation: 684
E(0.019377,0.0246873,0.0278491,0.392932,0.0251244,-0.215679,0.885166) = 0.000161733818694
[H,2] = 0.000161733818694
Number of instructions for commutator calculation: 696
E(0.019377,0.0246873,0.0278491,0.392932,0.0251244,-0.215679,0.885166) = 0.000714575524134
[H,3] = 0.000714575524134
Number of instructions for commutator calculation: 2128
E(0.019377,0.0246873,0.0278491,0.392932,0.0251244,-0.215679,0.885166) = -8.84871783935e-05
[H,5] = -8.84871783935e-05
Number of instructions for commutator calculation: 3614
E(0.019377,0.0246873,0.0278491,0.392932,0.0251244,-0.215679,0.885166) = -0.000332388027881
[H,7] = -0.000332388027881
Number of instructions for commutator calculation: 3582
E(0.019377,0.0246873,0.0278491,0.392932,0.0251244,-0.215679,0.885166) = -1.85345635494e-05
[H,9] = -1.85345635494e-05
Number of instructions for commutator calculation: 3660
E(0.019377,0.0246873,0.0278491,0.392932,0.0251244,-0.215679,0.885166) = 2.147578758e-06
[H,11] = 2.147578758e-06
Number of instructions for commutator calculation: 2096
E(0.019377,0.0246873,0.0278491,0.392932,0.0251244,-0.215679,0.885166) = -0.000352611630551
[H,13] = -0.000352611630551
Number of instructions for commutator calculation: 3666
E(0.019377,0.0246873,0.0278491,0.392932,0.0251244,-0.215679,0.885166) = 3.04546257122e-06
[H,15] = 3.04546257122e-06
Number of instructions for commutator calculation: 3718
E(0.019377,0.0246873,0.0278491,0.392932,0.0251244,-0.215679,0.885166) = 1.44249279479e-06
[H,17] = 1.44249279479e-06
Number of instructions for commutator calculation: 2128
E(0.019377,0.0246873,0.0278491,0.392932,0.0251244,-0.215679,0.885166) = -6.02225403388e-05
[H,19] = -6.02225403388e-05
Number of instructions for commutator calculation: 3702
E(0.019377,0.0246873,0.0278491,0.392932,0.0251244,-0.215679,0.885166) = 6.52276579329e-05
[H,21] = 6.52276579329e-05
Number of instructions for commutator calculation: 2176
E(0.019377,0.0246873,0.0278491,0.392932,0.0251244,-0.215679,0.885166) = -0.000204058995554
[H,23] = -0.000204058995554
Max gradient component: [H, 3] = 0.000714575524134 a.u.
Norm of gradient vector: 0.000910696887908 a.u.
ADAPT-vqe converged in 7 iterations.
ADAPT-vqe energy: -1.00149859993 a.u.
Operators in the ansatz
(0,-0.176777) X0 Y1 X5 X6 + (0,0.176777) X0 X1 Y5 X6 + (0,0.176777) Y0 X1 Y5 Y6 + (0,-0.176777) X0 Y1 Y5 Y6 + (0,-0.176777) X0 X1 X5 Y6 + (0,0.176777) Y0 Y1 Y5 X6 + (0,0.176777) Y0 X1 X5 X6 + (0,-0.176777) Y0 Y1 X5 Y6
(0,-0.25) X5 Z6 Z7 Z8 Y9 + (0,0.25) Y0 Z1 Z2 Z3 X4 + (0,-0.25) X0 Z1 Z2 Z3 Y4 + (0,0.25) Y5 Z6 Z7 Z8 X9
(0,-0.25) X0 Z1 Z2 Y3 + (0,0.25) Y5 Z6 Z7 X8 + (0,-0.25) X5 Z6 Z7 Y8 + (0,0.25) Y0 Z1 Z2 X3
(0,-0.176777) X0 Z1 Y2 Y5 Z6 Y7 + (0,-0.176777) Y0 Z1 Y2 X5 Z6 Y7 + (0,0.176777) Y0 Z1 X2 Y5 Z6 Y7 + (0,-0.176777) X0 Z1 Y2 X5 Z6 X7 + (0,0.176777) X0 Z1 X2 Y5 Z6 X7 + (0,-0.176777) X0 Z1 X2 X5 Z6 Y7 + (0,0.176777) Y0 Z1 Y2 Y5 Z6 X7 + (0,0.176777) Y0 Z1 X2 X5 Z6 X7
(0,0.176777) Y0 Z1 Z2 X3 X5 Z6 Z7 X8 + (0,-0.176777) X0 Z1 Z2 Y3 X5 Z6 Z7 X8 + (0,-0.176777) X0 Z1 Z2 Y3 Y5 Z6 Z7 Y8 + (0,0.176777) Y0 Z1 Z2 Y3 Y5 Z6 Z7 X8 + (0,0.176777) Y0 Z1 Z2 X3 Y5 Z6 Z7 Y8 + (0,0.176777) X0 Z1 Z2 X3 Y5 Z6 Z7 X8 + (0,-0.176777) X0 Z1 Z2 X3 X5 Z6 Z7 Y8 + (0,-0.176777) Y0 Z1 Z2 Y3 X5 Z6 Z7 Y8
(0,0.176777) Y0 Z1 Z2 Z3 X4 X5 Z6 Z7 Z8 X9 + (0,0.176777) Y0 Z1 Z2 Z3 Y4 Y5 Z6 Z7 Z8 X9 + (0,-0.176777) Y0 Z1 Z2 Z3 Y4 X5 Z6 Z7 Z8 Y9 + (0,-0.176777) X0 Z1 Z2 Z3 X4 X5 Z6 Z7 Z8 Y9 + (0,-0.176777) X0 Z1 Z2 Z3 Y4 Y5 Z6 Z7 Z8 Y9 + (0,-0.176777) X0 Z1 Z2 Z3 Y4 X5 Z6 Z7 Z8 X9 + (0,0.176777) Y0 Z1 Z2 Z3 X4 Y5 Z6 Z7 Z8 Y9 + (0,0.176777) X0 Z1 Z2 Z3 X4 Y5 Z6 Z7 Z8 X9
(0,-0.0883883) X0 Z1 Z2 X3 X5 Z6 Z7 Z8 Y9 + (0,0.0883883) Y0 Z1 Z2 Z3 Y4 Y5 Z6 Z7 X8 + (0,0.0883883) Y0 Z1 Z2 Y3 Y5 Z6 Z7 Z8 X9 + (0,0.0883883) X0 Z1 Z2 Z3 X4 Y5 Z6 Z7 X8 + (0,-0.0883883) X0 Z1 Z2 Z3 X4 X5 Z6 Z7 Y8 + (0,-0.0883883) X0 Z1 Z2 Z3 Y4 Y5 Z6 Z7 Y8 + (0,-0.0883883) Y0 Z1 Z2 Y3 X5 Z6 Z7 Z8 Y9 + (0,0.0883883) Y0 Z1 Z2 X3 X5 Z6 Z7 Z8 X9 + (0,0.0883883) Y0 Z1 Z2 Z3 X4 Y5 Z6 Z7 Y8 + (0,-0.0883883) X0 Z1 Z2 Z3 Y4 X5 Z6 Z7 X8 + (0,-0.0883883) X0 Z1 Z2 Y3 Y5 Z6 Z7 Z8 Y9 + (0,0.0883883) Y0 Z1 Z2 Z3 X4 X5 Z6 Z7 X8 + (0,-0.0883883) X0 Z1 Z2 Y3 X5 Z6 Z7 Z8 X9 + (0,0.0883883) X0 Z1 Z2 X3 Y5 Z6 Z7 Z8 X9 + (0,-0.0883883) Y0 Z1 Z2 Z3 Y4 X5 Z6 Z7 Y8 + (0,0.0883883) Y0 Z1 Z2 X3 Y5 Z6 Z7 Z8 Y9
Optimal parameters: 0.0193767873133 0.024687327754 0.0278491349698 0.39293162757 0.0251244016809 -0.215678976923 0.885165688629 
Final ADAPT-vqe circuit
X q0
X q5
H q0
H q1
H q5
Rx(1.57079) q6
CNOT q0,q1
CNOT q1,q5
CNOT q5,q6
Rz(-0.176777*x0) q6
CNOT q5,q6
CNOT q1,q5
CNOT q0,q1
H q0
H q1
H q5
Rx(-1.57079) q6
Rx(1.57079) q0
Rx(1.57079) q1
Rx(1.57079) q5
H q6
CNOT q0,q1
CNOT q1,q5
CNOT q5,q6
Rz(0.176777*x0) q6
CNOT q5,q6
CNOT q1,q5
CNOT q0,q1
Rx(-1.57079) q0
Rx(-1.57079) q1
Rx(-1.57079) q5
H q6
Rx(1.57079) q0
Rx(1.57079) q1
H q5
Rx(1.57079) q6
CNOT q0,q1
CNOT q1,q5
CNOT q5,q6
Rz(-0.176777*x0) q6
CNOT q5,q6
CNOT q1,q5
CNOT q0,q1
Rx(-1.57079) q0
Rx(-1.57079) q1
H q5
Rx(-1.57079) q6
Rx(1.57079) q0
H q1
Rx(1.57079) q5
Rx(1.57079) q6
CNOT q0,q1
CNOT q1,q5
CNOT q5,q6
Rz(0.176777*x0) q6
CNOT q5,q6
CNOT q1,q5
CNOT q0,q1
Rx(-1.57079) q0
H q1
Rx(-1.57079) q5
Rx(-1.57079) q6
H q0
Rx(1.57079) q1
Rx(1.57079) q5
Rx(1.57079) q6
CNOT q0,q1
CNOT q1,q5
CNOT q5,q6
Rz(-0.176777*x0) q6
CNOT q5,q6
CNOT q1,q5
CNOT q0,q1
H q0
Rx(-1.57079) q1
Rx(-1.57079) q5
Rx(-1.57079) q6
H q0
Rx(1.57079) q1
H q5
H q6
CNOT q0,q1
CNOT q1,q5
CNOT q5,q6
Rz(-0.176777*x0) q6
CNOT q5,q6
CNOT q1,q5
CNOT q0,q1
H q0
Rx(-1.57079) q1
H q5
H q6
Rx(1.57079) q0
H q1
H q5
H q6
CNOT q0,q1
CNOT q1,q5
CNOT q5,q6
Rz(0.176777*x0) q6
CNOT q5,q6
CNOT q1,q5
CNOT q0,q1
Rx(-1.57079) q0
H q1
H q5
H q6
H q0
H q1
Rx(1.57079) q5
H q6
CNOT q0,q1
CNOT q1,q5
CNOT q5,q6
Rz(0.176777*x0) q6
CNOT q5,q6
CNOT q1,q5
CNOT q0,q1
H q0
H q1
Rx(-1.57079) q5
H q6
Rx(1.57079) q0
H q4
CNOT q0,q1
CNOT q1,q2
CNOT q2,q3
CNOT q3,q4
Rz(0.250000*x1) q4
CNOT q3,q4
CNOT q2,q3
CNOT q1,q2
CNOT q0,q1
Rx(-1.57079) q0
H q4
H q5
Rx(1.57079) q9
CNOT q5,q6
CNOT q6,q7
CNOT q7,q8
CNOT q8,q9
Rz(-0.250000*x1) q9
CNOT q8,q9
CNOT q7,q8
CNOT q6,q7
CNOT q5,q6
H q5
Rx(-1.57079) q9
Rx(1.57079) q5
H q9
CNOT q5,q6
CNOT q6,q7
CNOT q7,q8
CNOT q8,q9
Rz(0.250000*x1) q9
CNOT q8,q9
CNOT q7,q8
CNOT q6,q7
CNOT q5,q6
Rx(-1.57079) q5
H q9
H q0
Rx(1.57079) q4
CNOT q0,q1
CNOT q1,q2
CNOT q2,q3
CNOT q3,q4
Rz(-0.250000*x1) q4
CNOT q3,q4
CNOT q2,q3
CNOT q1,q2
CNOT q0,q1
H q0
Rx(-1.57079) q4
Rx(1.57079) q5
H q8
CNOT q5,q6
CNOT q6,q7
CNOT q7,q8
Rz(0.250000*x2) q8
CNOT q7,q8
CNOT q6,q7
CNOT q5,q6
Rx(-1.57079) q5
H q8
H q5
Rx(1.57079) q8
CNOT q5,q6
CNOT q6,q7
CNOT q7,q8
Rz(-0.250000*x2) q8
CNOT q7,q8
CNOT q6,q7
CNOT q5,q6
H q5
Rx(-1.57079) q8
Rx(1.57079) q0
H q3
CNOT q0,q1
CNOT q1,q2
CNOT q2,q3
Rz(0.250000*x2) q3
CNOT q2,q3
CNOT q1,q2
CNOT q0,q1
Rx(-1.57079) q0
H q3
H q0
Rx(1.57079) q3
CNOT q0,q1
CNOT q1,q2
CNOT q2,q3
Rz(-0.250000*x2) q3
CNOT q2,q3
CNOT q1,q2
CNOT q0,q1
H q0
Rx(-1.57079) q3
H q0
Rx(1.57079) q2
H q5
H q7
CNOT q0,q1
CNOT q1,q2
CNOT q2,q5
CNOT q5,q6
CNOT q6,q7
Rz(-0.176777*x3) q7
CNOT q6,q7
CNOT q5,q6
CNOT q2,q5
CNOT q1,q2
CNOT q0,q1
H q0
Rx(-1.57079) q2
H q5
H q7
H q0
H q2
Rx(1.57079) q5
H q7
CNOT q0,q1
CNOT q1,q2
CNOT q2,q5
CNOT q5,q6
CNOT q6,q7
Rz(0.176777*x3) q7
CNOT q6,q7
CNOT q5,q6
CNOT q2,q5
CNOT q1,q2
CNOT q0,q1
H q0
H q2
Rx(-1.57079) q5
H q7
H q0
Rx(1.57079) q2
Rx(1.57079) q5
Rx(1.57079) q7
CNOT q0,q1
CNOT q1,q2
CNOT q2,q5
CNOT q5,q6
CNOT q6,q7
Rz(-0.176777*x3) q7
CNOT q6,q7
CNOT q5,q6
CNOT q2,q5
CNOT q1,q2
CNOT q0,q1
H q0
Rx(-1.57079) q2
Rx(-1.57079) q5
Rx(-1.57079) q7
Rx(1.57079) q0
Rx(1.57079) q2
Rx(1.57079) q5
H q7
CNOT q0,q1
CNOT q1,q2
CNOT q2,q5
CNOT q5,q6
CNOT q6,q7
Rz(0.176777*x3) q7
CNOT q6,q7
CNOT q5,q6
CNOT q2,q5
CNOT q1,q2
CNOT q0,q1
Rx(-1.57079) q0
Rx(-1.57079) q2
Rx(-1.57079) q5
H q7
Rx(1.57079) q0
H q2
H q5
H q7
CNOT q0,q1
CNOT q1,q2
CNOT q2,q5
CNOT q5,q6
CNOT q6,q7
Rz(0.176777*x3) q7
CNOT q6,q7
CNOT q5,q6
CNOT q2,q5
CNOT q1,q2
CNOT q0,q1
Rx(-1.57079) q0
H q2
H q5
H q7
Rx(1.57079) q0
Rx(1.57079) q2
H q5
Rx(1.57079) q7
CNOT q0,q1
CNOT q1,q2
CNOT q2,q5
CNOT q5,q6
CNOT q6,q7
Rz(-0.176777*x3) q7
CNOT q6,q7
CNOT q5,q6
CNOT q2,q5
CNOT q1,q2
CNOT q0,q1
Rx(-1.57079) q0
Rx(-1.57079) q2
H q5
Rx(-1.57079) q7
H q0
H q2
H q5
Rx(1.57079) q7
CNOT q0,q1
CNOT q1,q2
CNOT q2,q5
CNOT q5,q6
CNOT q6,q7
Rz(-0.176777*x3) q7
CNOT q6,q7
CNOT q5,q6
CNOT q2,q5
CNOT q1,q2
CNOT q0,q1
H q0
H q2
H q5
Rx(-1.57079) q7
Rx(1.57079) q0
H q2
Rx(1.57079) q5
Rx(1.57079) q7
CNOT q0,q1
CNOT q1,q2
CNOT q2,q5
CNOT q5,q6
CNOT q6,q7
Rz(0.176777*x3) q7
CNOT q6,q7
CNOT q5,q6
CNOT q2,q5
CNOT q1,q2
CNOT q0,q1
Rx(-1.57079) q0
H q2
Rx(-1.57079) q5
Rx(-1.57079) q7
Rx(1.57079) q0
H q3
Rx(1.57079) q5
Rx(1.57079) q8
CNOT q0,q1
CNOT q1,q2
CNOT q2,q3
CNOT q3,q5
CNOT q5,q6
CNOT q6,q7
CNOT q7,q8
Rz(0.176777*x4) q8
CNOT q7,q8
CNOT q6,q7
CNOT q5,q6
CNOT q3,q5
CNOT q2,q3
CNOT q1,q2
CNOT q0,q1
Rx(-1.57079) q0
H q3
Rx(-1.57079) q5
Rx(-1.57079) q8
Rx(1.57079) q0
Rx(1.57079) q3
H q5
Rx(1.57079) q8
CNOT q0,q1
CNOT q1,q2
CNOT q2,q3
CNOT q3,q5
CNOT q5,q6
CNOT q6,q7
CNOT q7,q8
Rz(-0.176777*x4) q8
CNOT q7,q8
CNOT q6,q7
CNOT q5,q6
CNOT q3,q5
CNOT q2,q3
CNOT q1,q2
CNOT q0,q1
Rx(-1.57079) q0
Rx(-1.57079) q3
H q5
Rx(-1.57079) q8
H q0
H q3
Rx(1.57079) q5
H q8
CNOT q0,q1
CNOT q1,q2
CNOT q2,q3
CNOT q3,q5
CNOT q5,q6
CNOT q6,q7
CNOT q7,q8
Rz(0.176777*x4) q8
CNOT q7,q8
CNOT q6,q7
CNOT q5,q6
CNOT q3,q5
CNOT q2,q3
CNOT q1,q2
CNOT q0,q1
H q0
H q3
Rx(-1.57079) q5
H q8
H q0
Rx(1.57079) q3
H q5
H q8
CNOT q0,q1
CNOT q1,q2
CNOT q2,q3
CNOT q3,q5
CNOT q5,q6
CNOT q6,q7
CNOT q7,q8
Rz(-0.176777*x4) q8
CNOT q7,q8
CNOT q6,q7
CNOT q5,q6
CNOT q3,q5
CNOT q2,q3
CNOT q1,q2
CNOT q0,q1
H q0
Rx(-1.57079) q3
H q5
H q8
Rx(1.57079) q0
H q3
H q5
H q8
CNOT q0,q1
CNOT q1,q2
CNOT q2,q3
CNOT q3,q5
CNOT q5,q6
CNOT q6,q7
CNOT q7,q8
Rz(0.176777*x4) q8
CNOT q7,q8
CNOT q6,q7
CNOT q5,q6
CNOT q3,q5
CNOT q2,q3
CNOT q1,q2
CNOT q0,q1
Rx(-1.57079) q0
H q3
H q5
H q8
Rx(1.57079) q0
Rx(1.57079) q3
Rx(1.57079) q5
H q8
CNOT q0,q1
CNOT q1,q2
CNOT q2,q3
CNOT q3,q5
CNOT q5,q6
CNOT q6,q7
CNOT q7,q8
Rz(0.176777*x4) q8
CNOT q7,q8
CNOT q6,q7
CNOT q5,q6
CNOT q3,q5
CNOT q2,q3
CNOT q1,q2
CNOT q0,q1
Rx(-1.57079) q0
Rx(-1.57079) q3
Rx(-1.57079) q5
H q8
H q0
Rx(1.57079) q3
Rx(1.57079) q5
Rx(1.57079) q8
CNOT q0,q1
CNOT q1,q2
CNOT q2,q3
CNOT q3,q5
CNOT q5,q6
CNOT q6,q7
CNOT q7,q8
Rz(-0.176777*x4) q8
CNOT q7,q8
CNOT q6,q7
CNOT q5,q6
CNOT q3,q5
CNOT q2,q3
CNOT q1,q2
CNOT q0,q1
H q0
Rx(-1.57079) q3
Rx(-1.57079) q5
Rx(-1.57079) q8
H q0
H q3
H q5
Rx(1.57079) q8
CNOT q0,q1
CNOT q1,q2
CNOT q2,q3
CNOT q3,q5
CNOT q5,q6
CNOT q6,q7
CNOT q7,q8
Rz(-0.176777*x4) q8
CNOT q7,q8
CNOT q6,q7
CNOT q5,q6
CNOT q3,q5
CNOT q2,q3
CNOT q1,q2
CNOT q0,q1
H q0
H q3
H q5
Rx(-1.57079) q8
H q0
Rx(1.57079) q4
Rx(1.57079) q5
Rx(1.57079) q9
CNOT q0,q1
CNOT q1,q2
CNOT q2,q3
CNOT q3,q4
CNOT q4,q5
CNOT q5,q6
CNOT q6,q7
CNOT q7,q8
CNOT q8,q9
Rz(-0.176777*x5) q9
CNOT q8,q9
CNOT q7,q8
CNOT q6,q7
CNOT q5,q6
CNOT q4,q5
CNOT q3,q4
CNOT q2,q3
CNOT q1,q2
CNOT q0,q1
H q0
Rx(-1.57079) q4
Rx(-1.57079) q5
Rx(-1.57079) q9
Rx(1.57079) q0
H q4
H q5
H q9
CNOT q0,q1
CNOT q1,q2
CNOT q2,q3
CNOT q3,q4
CNOT q4,q5
CNOT q5,q6
CNOT q6,q7
CNOT q7,q8
CNOT q8,q9
Rz(0.176777*x5) q9
CNOT q8,q9
CNOT q7,q8
CNOT q6,q7
CNOT q5,q6
CNOT q4,q5
CNOT q3,q4
CNOT q2,q3
CNOT q1,q2
CNOT q0,q1
Rx(-1.57079) q0
H q4
H q5
H q9
Rx(1.57079) q0
Rx(1.57079) q4
Rx(1.57079) q5
H q9
CNOT q0,q1
CNOT q1,q2
CNOT q2,q3
CNOT q3,q4
CNOT q4,q5
CNOT q5,q6
CNOT q6,q7
CNOT q7,q8
CNOT q8,q9
Rz(0.176777*x5) q9
CNOT q8,q9
CNOT q7,q8
CNOT q6,q7
CNOT q5,q6
CNOT q4,q5
CNOT q3,q4
CNOT q2,q3
CNOT q1,q2
CNOT q0,q1
Rx(-1.57079) q0
Rx(-1.57079) q4
Rx(-1.57079) q5
H q9
Rx(1.57079) q0
H q4
Rx(1.57079) q5
Rx(1.57079) q9
CNOT q0,q1
CNOT q1,q2
CNOT q2,q3
CNOT q3,q4
CNOT q4,q5
CNOT q5,q6
CNOT q6,q7
CNOT q7,q8
CNOT q8,q9
Rz(0.176777*x5) q9
CNOT q8,q9
CNOT q7,q8
CNOT q6,q7
CNOT q5,q6
CNOT q4,q5
CNOT q3,q4
CNOT q2,q3
CNOT q1,q2
CNOT q0,q1
Rx(-1.57079) q0
H q4
Rx(-1.57079) q5
Rx(-1.57079) q9
H q0
H q4
Rx(1.57079) q5
H q9
CNOT q0,q1
CNOT q1,q2
CNOT q2,q3
CNOT q3,q4
CNOT q4,q5
CNOT q5,q6
CNOT q6,q7
CNOT q7,q8
CNOT q8,q9
Rz(0.176777*x5) q9
CNOT q8,q9
CNOT q7,q8
CNOT q6,q7
CNOT q5,q6
CNOT q4,q5
CNOT q3,q4
CNOT q2,q3
CNOT q1,q2
CNOT q0,q1
H q0
H q4
Rx(-1.57079) q5
H q9
H q0
Rx(1.57079) q4
H q5
H q9
CNOT q0,q1
CNOT q1,q2
CNOT q2,q3
CNOT q3,q4
CNOT q4,q5
CNOT q5,q6
CNOT q6,q7
CNOT q7,q8
CNOT q8,q9
Rz(-0.176777*x5) q9
CNOT q8,q9
CNOT q7,q8
CNOT q6,q7
CNOT q5,q6
CNOT q4,q5
CNOT q3,q4
CNOT q2,q3
CNOT q1,q2
CNOT q0,q1
H q0
Rx(-1.57079) q4
H q5
H q9
Rx(1.57079) q0
Rx(1.57079) q4
H q5
Rx(1.57079) q9
CNOT q0,q1
CNOT q1,q2
CNOT q2,q3
CNOT q3,q4
CNOT q4,q5
CNOT q5,q6
CNOT q6,q7
CNOT q7,q8
CNOT q8,q9
Rz(-0.176777*x5) q9
CNOT q8,q9
CNOT q7,q8
CNOT q6,q7
CNOT q5,q6
CNOT q4,q5
CNOT q3,q4
CNOT q2,q3
CNOT q1,q2
CNOT q0,q1
Rx(-1.57079) q0
Rx(-1.57079) q4
H q5
Rx(-1.57079) q9
H q0
H q4
H q5
Rx(1.57079) q9
CNOT q0,q1
CNOT q1,q2
CNOT q2,q3
CNOT q3,q4
CNOT q4,q5
CNOT q5,q6
CNOT q6,q7
CNOT q7,q8
CNOT q8,q9
Rz(-0.176777*x5) q9
CNOT q8,q9
CNOT q7,q8
CNOT q6,q7
CNOT q5,q6
CNOT q4,q5
CNOT q3,q4
CNOT q2,q3
CNOT q1,q2
CNOT q0,q1
H q0
H q4
H q5
Rx(-1.57079) q9
H q0
Rx(1.57079) q4
H q5
H q8
CNOT q0,q1
CNOT q1,q2
CNOT q2,q3
CNOT q3,q4
CNOT q4,q5
CNOT q5,q6
CNOT q6,q7
CNOT q7,q8
Rz(-0.088388*x6) q8
CNOT q7,q8
CNOT q6,q7
CNOT q5,q6
CNOT q4,q5
CNOT q3,q4
CNOT q2,q3
CNOT q1,q2
CNOT q0,q1
H q0
Rx(-1.57079) q4
H q5
H q8
H q0
Rx(1.57079) q3
Rx(1.57079) q5
Rx(1.57079) q9
CNOT q0,q1
CNOT q1,q2
CNOT q2,q3
CNOT q3,q5
CNOT q5,q6
CNOT q6,q7
CNOT q7,q8
CNOT q8,q9
Rz(-0.088388*x6) q9
CNOT q8,q9
CNOT q7,q8
CNOT q6,q7
CNOT q5,q6
CNOT q3,q5
CNOT q2,q3
CNOT q1,q2
CNOT q0,q1
H q0
Rx(-1.57079) q3
Rx(-1.57079) q5
Rx(-1.57079) q9
Rx(1.57079) q0
H q3
H q5
H q9
CNOT q0,q1
CNOT q1,q2
CNOT q2,q3
CNOT q3,q5
CNOT q5,q6
CNOT q6,q7
CNOT q7,q8
CNOT q8,q9
Rz(0.088388*x6) q9
CNOT q8,q9
CNOT q7,q8
CNOT q6,q7
CNOT q5,q6
CNOT q3,q5
CNOT q2,q3
CNOT q1,q2
CNOT q0,q1
Rx(-1.57079) q0
H q3
H q5
H q9
Rx(1.57079) q0
H q4
Rx(1.57079) q5
Rx(1.57079) q8
CNOT q0,q1
CNOT q1,q2
CNOT q2,q3
CNOT q3,q4
CNOT q4,q5
CNOT q5,q6
CNOT q6,q7
CNOT q7,q8
Rz(0.088388*x6) q8
CNOT q7,q8
CNOT q6,q7
CNOT q5,q6
CNOT q4,q5
CNOT q3,q4
CNOT q2,q3
CNOT q1,q2
CNOT q0,q1
Rx(-1.57079) q0
H q4
Rx(-1.57079) q5
Rx(-1.57079) q8
Rx(1.57079) q0
Rx(1.57079) q3
H q5
Rx(1.57079) q9
CNOT q0,q1
CNOT q1,q2
CNOT q2,q3
CNOT q3,q5
CNOT q5,q6
CNOT q6,q7
CNOT q7,q8
CNOT q8,q9
Rz(-0.088388*x6) q9
CNOT q8,q9
CNOT q7,q8
CNOT q6,q7
CNOT q5,q6
CNOT q3,q5
CNOT q2,q3
CNOT q1,q2
CNOT q0,q1
Rx(-1.57079) q0
Rx(-1.57079) q3
H q5
Rx(-1.57079) q9
Rx(1.57079) q0
H q4
H q5
H q8
CNOT q0,q1
CNOT q1,q2
CNOT q2,q3
CNOT q3,q4
CNOT q4,q5
CNOT q5,q6
CNOT q6,q7
CNOT q7,q8
Rz(0.088388*x6) q8
CNOT q7,q8
CNOT q6,q7
CNOT q5,q6
CNOT q4,q5
CNOT q3,q4
CNOT q2,q3
CNOT q1,q2
CNOT q0,q1
Rx(-1.57079) q0
H q4
H q5
H q8
Rx(1.57079) q0
H q3
Rx(1.57079) q5
Rx(1.57079) q9
CNOT q0,q1
CNOT q1,q2
CNOT q2,q3
CNOT q3,q5
CNOT q5,q6
CNOT q6,q7
CNOT q7,q8
CNOT q8,q9
Rz(0.088388*x6) q9
CNOT q8,q9
CNOT q7,q8
CNOT q6,q7
CNOT q5,q6
CNOT q3,q5
CNOT q2,q3
CNOT q1,q2
CNOT q0,q1
Rx(-1.57079) q0
H q3
Rx(-1.57079) q5
Rx(-1.57079) q9
H q0
Rx(1.57079) q3
H q5
H q9
CNOT q0,q1
CNOT q1,q2
CNOT q2,q3
CNOT q3,q5
CNOT q5,q6
CNOT q6,q7
CNOT q7,q8
CNOT q8,q9
Rz(-0.088388*x6) q9
CNOT q8,q9
CNOT q7,q8
CNOT q6,q7
CNOT q5,q6
CNOT q3,q5
CNOT q2,q3
CNOT q1,q2
CNOT q0,q1
H q0
Rx(-1.57079) q3
H q5
H q9
H q0
H q3
H q5
Rx(1.57079) q9
CNOT q0,q1
CNOT q1,q2
CNOT q2,q3
CNOT q3,q5
CNOT q5,q6
CNOT q6,q7
CNOT q7,q8
CNOT q8,q9
Rz(-0.088388*x6) q9
CNOT q8,q9
CNOT q7,q8
CNOT q6,q7
CNOT q5,q6
CNOT q3,q5
CNOT q2,q3
CNOT q1,q2
CNOT q0,q1
H q0
H q3
H q5
Rx(-1.57079) q9
H q0
H q3
Rx(1.57079) q5
H q9
CNOT q0,q1
CNOT q1,q2
CNOT q2,q3
CNOT q3,q5
CNOT q5,q6
CNOT q6,q7
CNOT q7,q8
CNOT q8,q9
Rz(0.088388*x6) q9
CNOT q8,q9
CNOT q7,q8
CNOT q6,q7
CNOT q5,q6
CNOT q3,q5
CNOT q2,q3
CNOT q1,q2
CNOT q0,q1
H q0
H q3
Rx(-1.57079) q5
H q9
Rx(1.57079) q0
Rx(1.57079) q4
H q5
Rx(1.57079) q8
CNOT q0,q1
CNOT q1,q2
CNOT q2,q3
CNOT q3,q4
CNOT q4,q5
CNOT q5,q6
CNOT q6,q7
CNOT q7,q8
Rz(-0.088388*x6) q8
CNOT q7,q8
CNOT q6,q7
CNOT q5,q6
CNOT q4,q5
CNOT q3,q4
CNOT q2,q3
CNOT q1,q2
CNOT q0,q1
Rx(-1.57079) q0
Rx(-1.57079) q4
H q5
Rx(-1.57079) q8
H q0
H q4
H q5
Rx(1.57079) q8
CNOT q0,q1
CNOT q1,q2
CNOT q2,q3
CNOT q3,q4
CNOT q4,q5
CNOT q5,q6
CNOT q6,q7
CNOT q7,q8
Rz(-0.088388*x6) q8
CNOT q7,q8
CNOT q6,q7
CNOT q5,q6
CNOT q4,q5
CNOT q3,q4
CNOT q2,q3
CNOT q1,q2
CNOT q0,q1
H q0
H q4
H q5
Rx(-1.57079) q8
Rx(1.57079) q0
Rx(1.57079) q3
Rx(1.57079) q5
H q9
CNOT q0,q1
CNOT q1,q2
CNOT q2,q3
CNOT q3,q5
CNOT q5,q6
CNOT q6,q7
CNOT q7,q8
CNOT q8,q9
Rz(0.088388*x6) q9
CNOT q8,q9
CNOT q7,q8
CNOT q6,q7
CNOT q5,q6
CNOT q3,q5
CNOT q2,q3
CNOT q1,q2
CNOT q0,q1
Rx(-1.57079) q0
Rx(-1.57079) q3
Rx(-1.57079) q5
H q9
H q0
Rx(1.57079) q4
Rx(1.57079) q5
Rx(1.57079) q8
CNOT q0,q1
CNOT q1,q2
CNOT q2,q3
CNOT q3,q4
CNOT q4,q5
CNOT q5,q6
CNOT q6,q7
CNOT q7,q8
Rz(-0.088388*x6) q8
CNOT q7,q8
CNOT q6,q7
CNOT q5,q6
CNOT q4,q5
CNOT q3,q4
CNOT q2,q3
CNOT q1,q2
CNOT q0,q1
H q0
Rx(-1.57079) q4
Rx(-1.57079) q5
Rx(-1.57079) q8
H q0
H q4
Rx(1.57079) q5
H q8
CNOT q0,q1
CNOT q1,q2
CNOT q2,q3
CNOT q3,q4
CNOT q4,q5
CNOT q5,q6
CNOT q6,q7
CNOT q7,q8
Rz(0.088388*x6) q8
CNOT q7,q8
CNOT q6,q7
CNOT q5,q6
CNOT q4,q5
CNOT q3,q4
CNOT q2,q3
CNOT q1,q2
CNOT q0,q1
H q0
H q4
Rx(-1.57079) q5
H q8
Rx(1.57079) q0
Rx(1.57079) q4
Rx(1.57079) q5
H q8
CNOT q0,q1
CNOT q1,q2
CNOT q2,q3
CNOT q3,q4
CNOT q4,q5
CNOT q5,q6
CNOT q6,q7
CNOT q7,q8
Rz(0.088388*x6) q8
CNOT q7,q8
CNOT q6,q7
CNOT q5,q6
CNOT q4,q5
CNOT q3,q4
CNOT q2,q3
CNOT q1,q2
CNOT q0,q1
Rx(-1.57079) q0
Rx(-1.57079) q4
Rx(-1.57079) q5
H q8
[0m
-1.0014985999274053
[0.0193767873132621, 0.02468732775397856, 0.027849134969848723, 0.3929316275702454, 0.025124401680870972, -0.21567897692319327, 0.8851656886294045]
[5, 3, 2, 13, 19, 23, 21]
