Operator pool: singlet-adapted-uccsd
Number of operators in the pool: 24
Iteration: 1
Computing [H, A]
Printing commutators with absolute value above 0.000000
Number of instructions for commutator calculation: 563
E() = 1.69406589451e-21
Number of instructions for commutator calculation: 608
E() = 1.12819999999e-06
[H,1] = 1.12819999999e-06
Number of instructions for commutator calculation: 600
E() = -1.84000000009e-06
[H,2] = -1.84000000009e-06
Number of instructions for commutator calculation: 612
E() = -4.34799999986e-06
[H,3] = -4.34799999986e-06
Number of instructions for commutator calculation: 1728
E() = 0.472153748886
[H,5] = 0.472153748886
Number of instructions for commutator calculation: 3206
E() = -3.04598973918e-05
[H,7] = -3.04598973918e-05
Number of instructions for commutator calculation: 3396
E() = -7.19994825899e-33
Number of instructions for commutator calculation: 3234
E() = -9.87007929451e-06
[H,11] = -9.87007929451e-06
Number of instructions for commutator calculation: 1840
E() = 0.173098827018
[H,13] = 0.173098827018
Number of instructions for commutator calculation: 3206
E() = -0.00237885429012
[H,15] = -0.00237885429012
Number of instructions for commutator calculation: 3186
E() = -0.00474411742222
[H,17] = -0.00474411742222
Number of instructions for commutator calculation: 1840
E() = 0.176176082191
[H,19] = 0.176176082191
Number of instructions for commutator calculation: 3254
E() = 0.00929804914184
[H,21] = 0.00929804914184
Number of instructions for commutator calculation: 1856
E() = 0.188704180401
[H,23] = 0.188704180401
Max gradient component: [H, 5] = 0.472153748886 a.u.
Norm of gradient vector: 0.565379754239 a.u.
vqe optimization of current ansatz.
020-08-04 13:57:44.666] [xacc-logger] [info] Chosen optimizer does not support gradients. Using default.
E(0.000000) = -0.9255933699
E(1.570796) = -0.852851559833
E(-1.570796) = -0.587199713878
E(-0.785398) = -0.704840125005
E(0.392699) = -0.994367435598
E(0.785398) = -1.00398808314
E(1.178097) = -0.951563531783
E(0.981748) = -0.984953769772
E(0.687223) = -1.0076194181
E(0.589049) = -1.00720821059
E(0.638136) = -1.00792046554
E(0.589049) = -1.0072082048
E(0.613592) = -1.00769089754
E(0.650408) = -1.00794022324
E(0.662680) = -1.00789662955
E(0.644272) = -1.0079382636
E(0.653476) = -1.00793526612
E(0.648874) = -1.00794122134
E(0.647340) = -1.00794122527
E(0.646573) = -1.00794085804
E(0.647723) = -1.00794131963
E(0.648107) = -1.00794134663
E(0.648490) = -1.00794130844
Energy at ADAPT iteration 1: -1.00794134663
Parameters at ADAPT iteration 1: 0.648106871826 
Ansatz at ADAPT iteration 1: 5 
Iteration: 2
Computing [H, A]
Printing commutators with absolute value above 0.000000
Number of instructions for commutator calculation: 563
E(0.648107) = -2.34847651693e-06
[H,0] = -2.34847651693e-06
Number of instructions for commutator calculation: 608
E(0.648107) = -0.00200269682097
[H,1] = -0.00200269682097
Number of instructions for commutator calculation: 600
E(0.648107) = 0.0121029384713
[H,2] = 0.0121029384713
Number of instructions for commutator calculation: 612
E(0.648107) = 0.0100309656593
[H,3] = 0.0100309656593
Number of instructions for commutator calculation: 1728
E(0.648107) = -6.20394783923e-06
[H,5] = -6.20394783923e-06
Number of instructions for commutator calculation: 3206
E(0.648107) = -2.93761229698e-05
[H,7] = -2.93761229698e-05
Number of instructions for commutator calculation: 3396
E(0.648107) = -7.85445051925e-12
Number of instructions for commutator calculation: 3234
E(0.648107) = -9.84746944605e-06
[H,11] = -9.84746944605e-06
Number of instructions for commutator calculation: 1840
E(0.648107) = 0.102776268691
[H,13] = 0.102776268691
Number of instructions for commutator calculation: 3206
E(0.648107) = -0.00146548002886
[H,15] = -0.00146548002886
Number of instructions for commutator calculation: 3186
E(0.648107) = -0.00317805677324
[H,17] = -0.00317805677324
Number of instructions for commutator calculation: 1840
E(0.648107) = 0.103651759269
[H,19] = 0.103651759269
Number of instructions for commutator calculation: 3254
E(0.648107) = 0.0054723670879
[H,21] = 0.0054723670879
Number of instructions for commutator calculation: 1856
E(0.648107) = 0.113167469428
[H,23] = 0.113167469428
Max gradient component: [H, 23] = 0.113167469428 a.u.
Norm of gradient vector: 0.18549078794 a.u.
vqe optimization of current ansatz.
020-08-04 14:08:08.429] [xacc-logger] [info] Chosen optimizer does not support gradients. Using default.
E(0.000000,0) = -0.9255933699
E(1.570796,0) = 0.00981481253352
E(0.000000,1.5708) = -0.852851559833
E(-1.566068,-0.121785) = 0.125245549451
E(-0.783034,-0.0608925) = -0.511981359846
E(0.391219,-0.034066) = -0.861412226767
E(-0.009303,-0.0773528) = -0.905650715906
E(-0.178470,0.349801) = -0.956925699644
E(0.121353,0.603412) = -1.00678479833
E(0.302262,0.951958) = -0.961043866
E(0.275836,0.482218) = -0.977438633434
E(0.113054,0.701236) = -1.00674526667
E(0.023546,0.594921) = -1.00846889522
E(-0.025255,0.589625) = -1.00533770609
E(0.025313,0.584623) = -1.0082933307
E(0.068305,0.615075) = -1.00922583997
E(0.088925,0.659621) = -1.00870935831
E(0.105200,0.582697) = -1.00742047498
E(0.044180,0.619588) = -1.0093132534
E(0.037991,0.608991) = -1.00909796221
E(0.044277,0.631859) = -1.00939716784
E(0.056080,0.635216) = -1.00945585026
E(0.061071,0.646428) = -1.00942762619
E(0.060798,0.631293) = -1.00942163668
E(0.056593,0.638241) = -1.00945934003
E(0.053724,0.639328) = -1.00946443973
E(0.051645,0.641584) = -1.00946259437
E(0.052730,0.638159) = -1.0094628297
Energy at ADAPT iteration 2: -1.00946443973
Parameters at ADAPT iteration 2: 0.0537239700362 0.639327816188 
Ansatz at ADAPT iteration 2: 5 23 
Iteration: 3
Computing [H, A]
Printing commutators with absolute value above 0.000000
Number of instructions for commutator calculation: 563
E(0.053724,0.639328) = -2.2172900786e-06
[H,0] = -2.2172900786e-06
Number of instructions for commutator calculation: 608
E(0.053724,0.639328) = -0.00188092843885
[H,1] = -0.00188092843885
Number of instructions for commutator calculation: 600
E(0.053724,0.639328) = 0.0117173594035
[H,2] = 0.0117173594035
Number of instructions for commutator calculation: 612
E(0.053724,0.639328) = 0.00954814387657
[H,3] = 0.00954814387657
Number of instructions for commutator calculation: 1728
E(0.053724,0.639328) = 0.00123112738545
[H,5] = 0.00123112738545
Number of instructions for commutator calculation: 3206
E(0.053724,0.639328) = -2.94397627247e-05
[H,7] = -2.94397627247e-05
Number of instructions for commutator calculation: 3396
E(0.053724,0.639328) = 6.33677224399e-13
Number of instructions for commutator calculation: 3234
E(0.053724,0.639328) = -1.0140144112e-05
[H,11] = -1.0140144112e-05
Number of instructions for commutator calculation: 1840
E(0.053724,0.639328) = 0.102209948094
[H,13] = 0.102209948094
Number of instructions for commutator calculation: 3206
E(0.053724,0.639328) = -0.00146777432012
[H,15] = -0.00146777432012
Number of instructions for commutator calculation: 3186
E(0.053724,0.639328) = -0.00174124539179
[H,17] = -0.00174124539179
Number of instructions for commutator calculation: 1840
E(0.053724,0.639328) = 0.103087827644
[H,19] = 0.103087827644
Number of instructions for commutator calculation: 3254
E(0.053724,0.639328) = 0.00265925404899
[H,21] = 0.00265925404899
Number of instructions for commutator calculation: 1856
E(0.053724,0.639328) = 5.78918616888e-05
[H,23] = 5.78918616888e-05
Max gradient component: [H, 19] = 0.103087827644 a.u.
Norm of gradient vector: 0.146012852455 a.u.
vqe optimization of current ansatz.
020-08-04 14:30:36.067] [xacc-logger] [info] Chosen optimizer does not support gradients. Using default.
E(0.000000,0,0) = -0.9255933699
E(1.570796,0,0) = -0.0492697039097
E(0.000000,1.5708,0) = 0.00981481253352
E(0.000000,0,1.5708) = -0.852851559833
E(-1.072202,-1.14449,-0.0890012) = 0.0824972091016
E(-0.536101,-0.572246,-0.0445006) = -0.50488789975
E(0.362142,-0.151417,-0.0117749) = -0.853248669677
E(-0.000000,0.010253,-0.0348407) = -0.918130838568
E(0.040402,0.32999,0.209014) = -0.931882310013
E(0.027940,0.292517,0.241728) = -0.94769330451
E(-0.232882,0.167933,0.507553) = -0.957355924297
E(-0.126768,0.157571,0.530487) = -0.98578101185
E(0.128792,-0.0103938,0.77684) = -1.00185172969
E(0.341753,0.315998,0.825096) = -0.930416019024
E(0.183212,-0.0471946,0.702339) = -0.996482539595
E(0.023702,-0.331391,0.977163) = -0.932128038506
E(0.039603,0.0801825,0.833934) = -1.0019509063
E(-0.160217,0.0970666,0.496295) = -0.981043615054
E(-0.047512,-0.0662042,0.931582) = -0.984610021709
E(-0.012950,0.0809319,0.751012) = -1.00579234019
E(0.007462,0.118024,0.747396) = -1.0050466656
E(-0.079370,0.062183,0.681189) = -1.00216628726
E(-0.046160,0.0715575,0.716101) = -1.00492777754
E(-0.014755,0.0902339,0.760569) = -1.00490117489
E(0.022661,0.0494439,0.738769) = -1.008228153
E(0.035654,0.0239273,0.698898) = -1.00946276547
E(0.068524,-0.0121429,0.7042) = -1.00760198216
E(0.032167,0.00800907,0.701272) = -1.00878002025
E(0.029993,0.0501596,0.657796) = -1.01046408509
E(0.075626,0.063664,0.645761) = -1.01040139
E(0.029541,0.0644698,0.667396) = -1.01027353244
E(0.013095,0.0605549,0.612897) = -1.00989385212
E(0.036962,0.0281152,0.666034) = -1.01019341158
E(0.026004,0.0509183,0.646216) = -1.01044752786
E(0.027289,0.0490567,0.658447) = -1.01039553349
E(0.041354,0.0471078,0.654301) = -1.01065207277
E(0.051192,0.0541105,0.652117) = -1.01072817797
E(0.061159,0.0475127,0.649339) = -1.01068569374
E(0.052137,0.0540391,0.653557) = -1.0107162149
E(0.050785,0.0635011,0.644227) = -1.01071376459
E(0.054840,0.060973,0.661614) = -1.01058812821
E(0.046544,0.0510514,0.649531) = -1.01073634699
E(0.044070,0.0513182,0.651326) = -1.01071092033
E(0.046812,0.0498711,0.650208) = -1.01073062877
E(0.047581,0.0511042,0.646644) = -1.01075678532
E(0.050002,0.0524156,0.645291) = -1.01077041341
E(0.050545,0.0530073,0.64233) = -1.01078278773
E(0.052705,0.0549682,0.641379) = -1.01078276315
E(0.051253,0.0524175,0.642302) = -1.01078315179
E(0.050748,0.0515588,0.6394) = -1.01079013515
E(0.050439,0.0504949,0.63654) = -1.01079188086
E(0.052572,0.0483212,0.63691) = -1.01078346562
E(0.050282,0.0499959,0.636956) = -1.01078982777
E(0.049858,0.0531292,0.635078) = -1.01079534315
E(0.052619,0.054007,0.634069) = -1.01079615027
E(0.052505,0.0538157,0.63355) = -1.01079639065
E(0.051708,0.0562665,0.631886) = -1.01079086002
E(0.052293,0.0535181,0.632502) = -1.0107962787
E(0.054102,0.0512581,0.634116) = -1.01079238577
E(0.052368,0.0553165,0.633264) = -1.01079407122
E(0.051799,0.0536082,0.633765) = -1.0107969077
E(0.051731,0.0528933,0.634034) = -1.01079706717
E(0.051022,0.0528188,0.634318) = -1.01079684725
E(0.051833,0.0529654,0.634272) = -1.01079706502
E(0.052302,0.0523932,0.633924) = -1.01079662632
E(0.052016,0.0526432,0.633979) = -1.01079692236
Energy at ADAPT iteration 3: -1.01079706717
Parameters at ADAPT iteration 3: 0.0517305715194 0.0528932694447 0.634034053198 
Ansatz at ADAPT iteration 3: 5 23 19 
Iteration: 4
Computing [H, A]
Printing commutators with absolute value above 0.000000
Number of instructions for commutator calculation: 563
E(0.051731,0.0528933,0.634034) = -2.19697804475e-06
[H,0] = -2.19697804475e-06
Number of instructions for commutator calculation: 608
E(0.051731,0.0528933,0.634034) = -0.00173118691125
[H,1] = -0.00173118691125
Number of instructions for commutator calculation: 600
E(0.051731,0.0528933,0.634034) = 0.011313131992
[H,2] = 0.011313131992
Number of instructions for commutator calculation: 612
E(0.051731,0.0528933,0.634034) = 0.00891525856111
[H,3] = 0.00891525856111
Number of instructions for commutator calculation: 1728
E(0.051731,0.0528933,0.634034) = 0.000110205712957
[H,5] = 0.000110205712957
Number of instructions for commutator calculation: 3206
E(0.051731,0.0528933,0.634034) = -2.94651867449e-05
[H,7] = -2.94651867449e-05
Number of instructions for commutator calculation: 3396
E(0.051731,0.0528933,0.634034) = -4.02952065371e-12
Number of instructions for commutator calculation: 3234
E(0.051731,0.0528933,0.634034) = -1.01427729785e-05
[H,11] = -1.01427729785e-05
Number of instructions for commutator calculation: 1840
E(0.051731,0.0528933,0.634034) = 0.101259416045
[H,13] = 0.101259416045
Number of instructions for commutator calculation: 3206
E(0.051731,0.0528933,0.634034) = -0.000785250534368
[H,15] = -0.000785250534368
Number of instructions for commutator calculation: 3186
E(0.051731,0.0528933,0.634034) = -0.00176644205161
[H,17] = -0.00176644205161
Number of instructions for commutator calculation: 1840
E(0.051731,0.0528933,0.634034) = -0.000130756706733
[H,19] = -0.000130756706733
Number of instructions for commutator calculation: 3254
E(0.051731,0.0528933,0.634034) = -4.21590880129e-05
[H,21] = -4.21590880129e-05
Number of instructions for commutator calculation: 1856
E(0.051731,0.0528933,0.634034) = 0.000405374041094
[H,23] = 0.000405374041094
Max gradient component: [H, 13] = 0.101259416045 a.u.
Norm of gradient vector: 0.102312601358 a.u.
vqe optimization of current ansatz.
020-08-04 15:26:24.885] [xacc-logger] [info] Chosen optimizer does not support gradients. Using default.
E(0.000000,0,0,0) = -0.9255933699
E(1.570796,0,0,0) = -0.0665946584524
E(0.000000,1.5708,0,0) = -0.0492697039097
E(0.000000,0,1.5708,0) = 0.0098148125335
E(0.000000,0,0,1.5708) = -0.852851559833
E(-0.873510,-0.891128,-0.95121,-0.0739707) = 0.0815148596355
E(-0.436755,-0.445564,-0.475605,-0.0369853) = -0.492616259495
E(0.368376,-0.0928707,-0.0991323,-0.007709) = -0.853041144409
E(-0.000000,0.136355,-0.091106,0) = -0.91343198397
E(0.022609,0.179735,0.347358,-0.0271834) = -0.875789410279
E(-0.000956,-0.00506598,-0.00574946,-0.107548) = -0.897679721766
E(-0.242075,-0.123769,-0.0469122,0.279451) = -0.906606045172
E(-0.106396,-0.0580844,-0.0328846,-0.150923) = -0.860257266384
E(-0.031478,-0.0153494,-0.00362201,0.0916445) = -0.941129219818
E(0.041872,-0.0450116,-0.0194037,0.147584) = -0.953012044738
E(0.064818,-0.0159411,0.0540132,0.201218) = -0.971382797133
E(0.082122,-0.0230696,0.103289,0.284043) = -0.982720994088
E(0.131624,-0.0759308,0.0550698,0.329524) = -0.980610834797
E(0.079055,-0.0109805,0.0781209,0.300281) = -0.986875454768
E(0.128257,0.0677932,0.0839971,0.331548) = -0.99136582013
E(0.072008,0.0980913,0.0822187,0.406067) = -1.00072217117
E(0.028065,0.158122,0.022808,0.430026) = -0.997340391338
E(0.075685,0.0827522,0.071149,0.42581) = -1.00310648332
E(0.100967,0.0843223,0.116531,0.509099) = -1.00551725136
E(0.031576,0.0217853,0.136262,0.531967) = -1.00576330069
E(0.034207,-0.00496017,0.115551,0.535152) = -1.00628478418
E(0.096079,-0.0523846,0.146485,0.586183) = -1.00063393855
E(0.044558,-0.00513362,0.0746829,0.546543) = -1.00864224052
E(-0.005959,0.0451793,0.0432257,0.606254) = -1.0102074226
E(-0.020444,0.045702,0.000788471,0.586289) = -1.00734417337
E(-0.013430,0.0410338,0.043158,0.60642) = -1.00969955777
E(0.023706,0.0388851,0.0400271,0.644721) = -1.01152790041
E(0.041634,0.0744747,0.0655138,0.657834) = -1.01147313165
E(0.033424,0.0373748,0.0422346,0.629755) = -1.01178418919
E(0.056058,0.00323197,0.0672401,0.640063) = -1.01082939393
E(0.048127,0.0427979,0.0233512,0.630238) = -1.01160530488
E(0.038097,0.0397355,0.0435484,0.631138) = -1.01190389571
E(0.039416,0.0600472,0.054802,0.6233) = -1.01198530494
E(0.039512,0.0585098,0.0586843,0.625979) = -1.01198545658
E(0.041249,0.0570218,0.0721693,0.605599) = -1.01173523445
E(0.042851,0.0578216,0.0589702,0.629681) = -1.01202164698
E(0.056519,0.0703831,0.0433387,0.626016) = -1.01186042908
E(0.036663,0.0604053,0.0582897,0.628994) = -1.01193514505
E(0.052596,0.05505,0.0715024,0.648193) = -1.01179509683
E(0.042531,0.0472562,0.0527379,0.629521) = -1.01205725396
E(0.042720,0.0471314,0.0536374,0.626582) = -1.01205678823
E(0.049020,0.0402769,0.0598591,0.632533) = -1.01201205455
E(0.042484,0.0473793,0.0513893,0.635252) = -1.01204871085
E(0.051473,0.0498753,0.0451494,0.627033) = -1.01207490679
E(0.049122,0.0489691,0.0403307,0.624191) = -1.01201416265
E(0.051627,0.0479505,0.0451691,0.627077) = -1.01207070757
E(0.055679,0.0514091,0.0493412,0.627234) = -1.01209140233
E(0.056954,0.052239,0.0485587,0.633127) = -1.01207549757
E(0.053901,0.0515448,0.0499183,0.627552) = -1.01209875394
E(0.053394,0.0485882,0.0552705,0.62748) = -1.01209630783
E(0.052699,0.0539836,0.0509667,0.626592) = -1.01209859566
E(0.053727,0.0524161,0.0503241,0.630461) = -1.01209770695
E(0.052531,0.0510831,0.0494044,0.627579) = -1.01209951875
E(0.052524,0.0508937,0.0495081,0.627098) = -1.01209971556
E(0.052133,0.050304,0.0507983,0.627532) = -1.01210309321
E(0.051557,0.0495729,0.0519866,0.627806) = -1.01210386989
E(0.051592,0.0489811,0.052083,0.626394) = -1.01210231465
E(0.051703,0.0490576,0.0518956,0.627918) = -1.01210292602
E(0.052729,0.0499912,0.0528822,0.62786) = -1.01210377873
E(0.050665,0.0506091,0.0525741,0.628178) = -1.01210458117
E(0.050287,0.0507663,0.053044,0.626776) = -1.01210382731
E(0.050752,0.0506508,0.0523331,0.628161) = -1.01210466188
E(0.050813,0.0519832,0.0521207,0.628888) = -1.01210403946
E(0.050592,0.0506535,0.0521288,0.628152) = -1.01210446829
E(0.049984,0.0501883,0.0532159,0.629039) = -1.01210298564
E(0.050888,0.0506699,0.0526216,0.628176) = -1.01210476865
E(0.052318,0.0502708,0.0522866,0.627986) = -1.01210448051
E(0.051163,0.0508986,0.0526507,0.628221) = -1.01210494771
E(0.052293,0.0503235,0.0518188,0.627988) = -1.01210432557
E(0.050827,0.0508969,0.052395,0.627927) = -1.01210480072
E(0.051601,0.0515402,0.0535511,0.627252) = -1.01210427758
E(0.050898,0.0503482,0.0530291,0.628489) = -1.01210440211
Energy at ADAPT iteration 4: -1.01210494771
Parameters at ADAPT iteration 4: 0.051163150115 0.0508986178169 0.0526507344423 0.628220976847 
Ansatz at ADAPT iteration 4: 5 23 19 13 
Iteration: 5
Computing [H, A]
Printing commutators with absolute value above 0.000000
Number of instructions for commutator calculation: 563
E(0.051163,0.0508986,0.0526507,0.628221) = -2.26216949136e-06
[H,0] = -2.26216949136e-06
Number of instructions for commutator calculation: 608
E(0.051163,0.0508986,0.0526507,0.628221) = -0.00156228787883
[H,1] = -0.00156228787883
Number of instructions for commutator calculation: 600
E(0.051163,0.0508986,0.0526507,0.628221) = 0.0108126627368
[H,2] = 0.0108126627368
Number of instructions for commutator calculation: 612
E(0.051163,0.0508986,0.0526507,0.628221) = 0.0081997170926
[H,3] = 0.0081997170926
Number of instructions for commutator calculation: 1728
E(0.051163,0.0508986,0.0526507,0.628221) = -0.000309632624411
[H,5] = -0.000309632624411
Number of instructions for commutator calculation: 3206
E(0.051163,0.0508986,0.0526507,0.628221) = -3.02235776392e-05
[H,7] = -3.02235776392e-05
Number of instructions for commutator calculation: 3396
E(0.051163,0.0508986,0.0526507,0.628221) = -3.32782935685e-10
[H,9] = -3.32782935685e-10
Number of instructions for commutator calculation: 3234
E(0.051163,0.0508986,0.0526507,0.628221) = -1.01500933163e-05
[H,11] = -1.01500933163e-05
Number of instructions for commutator calculation: 1840
E(0.051163,0.0508986,0.0526507,0.628221) = 0.000732483046078
[H,13] = 0.000732483046078
Number of instructions for commutator calculation: 3206
E(0.051163,0.0508986,0.0526507,0.628221) = -0.000112967378083
[H,15] = -0.000112967378083
Number of instructions for commutator calculation: 3186
E(0.051163,0.0508986,0.0526507,0.628221) = -0.000387578056933
[H,17] = -0.000387578056933
Number of instructions for commutator calculation: 1840
E(0.051163,0.0508986,0.0526507,0.628221) = 0.000220718022147
[H,19] = 0.000220718022147
Number of instructions for commutator calculation: 3254
E(0.051163,0.0508986,0.0526507,0.628221) = -4.59518259166e-05
[H,21] = -4.59518259166e-05
Number of instructions for commutator calculation: 1856
E(0.051163,0.0508986,0.0526507,0.628221) = -0.000383428785835
[H,23] = -0.000383428785835
Max gradient component: [H, 2] = 0.0108126627368 a.u.
Norm of gradient vector: 0.0136961318876 a.u.
vqe optimization of current ansatz.
020-08-04 17:44:59.841] [xacc-logger] [info] Chosen optimizer does not support gradients. Using default.
E(0.000000,0,0,0,0) = -0.9255933699
E(1.570796,0,0,0,0) = -0.733485219284
E(0.000000,1.5708,0,0,0) = -0.0665946584531
E(0.000000,0,1.5708,0,0) = -0.0492697039097
E(0.000000,0,0,1.5708,0) = 0.00981481253352
E(0.000000,0,0,0,1.5708) = -0.852851559833
E(-0.193860,-0.866832,-0.884315,-0.943938,-0.0734052) = 0.0752139101897
E(-0.096930,-0.433416,-0.442158,-0.471969,-0.0367026) = -0.496606980316
E(-0.020126,0.368399,-0.0918068,-0.0979967,-0.00762069) = -0.853455968529
E(0.164070,0,-0.00796232,0,0) = -0.922588777906
E(0.013485,0.00867337,0.366458,-0.139807,-0.0108721) = -0.855604396244
E(0.000000,1.47514e-18,2.09339e-18,0.00951302,-0.0288442) = -0.919530382449
E(-0.005890,0.0165063,0.0472263,0.332094,0.203443) = -0.931401852962
E(-0.006575,0.00875288,0.00749014,0.313713,0.334895) = -0.953992241484
E(-0.017351,-0.28497,-0.215551,0.311415,0.469322) = -0.875604777751
E(-0.012087,-0.0173254,0.171262,0.243377,0.412834) = -0.972727891155
E(-0.021485,0.146054,0.185502,0.185611,0.503565) = -0.985426254534
E(-0.036375,0.104668,0.18519,0.103161,0.676252) = -0.999089527913
E(-0.024594,0.143855,0.312984,0.11179,0.819336) = -0.965270725537
E(-0.130929,0.104819,0.188936,0.103452,0.677416) = -0.996880827864
E(-0.029967,0.10149,0.174238,-0.0828918,0.614881) = -0.993357003275
E(-0.032230,0.133955,-0.00257485,0.112298,0.724616) = -1.00325588387
E(-0.028667,0.0383072,-0.0219252,0.122036,0.721813) = -1.00508820114
E(-0.028396,0.0339317,-0.0141472,0.116606,0.755621) = -1.00444308267
E(0.014849,0.0197454,-0.0681583,0.192338,0.703917) = -0.994011624727
E(-0.005238,0.0376696,-0.022878,0.111658,0.720971) = -1.00594875542
E(-0.028339,0.0234363,-0.04629,0.0225127,0.700795) = -1.005672235
E(-0.016820,0.0311165,-0.00795166,0.121011,0.707572) = -1.00647375202
E(0.037672,0.0198041,0.0664266,0.0894915,0.711493) = -1.00941312705
E(0.091983,-0.0233486,0.10035,0.0930286,0.650969) = -1.00710573142
E(0.073577,0.0267968,0.0574346,0.0913575,0.714852) = -1.00942233485
E(0.068640,0.11362,0.0919972,0.0780631,0.688312) = -1.00796825939
E(0.078714,0.0136524,0.0971716,0.0814437,0.802953) = -1.00355300803
E(0.073309,0.0227893,0.0416642,0.0453364,0.709676) = -1.0104288209
E(0.070931,0.0238965,0.0322134,0.0461847,0.696678) = -1.0107397463
E(0.059621,0.0232247,-0.0138931,0.0362429,0.7042) = -1.00871501222
E(0.069813,0.0277427,0.0327072,0.0447727,0.697873) = -1.01079844265
E(0.077913,0.0403108,0.0571362,0.0251996,0.663144) = -1.01140577793
E(0.071684,0.0635973,0.0343806,-0.00324027,0.640742) = -1.01024722143
E(0.077075,0.0492616,0.061472,0.0150966,0.666969) = -1.01103987914
E(0.090848,-0.00136531,0.0688479,0.00843742,0.653804) = -1.00938796263
E(0.097241,0.0497215,0.0569486,0.0368753,0.661163) = -1.01157933135
E(0.091283,0.0501766,0.0582048,0.0423221,0.660017) = -1.01169955509
E(0.094339,0.0385254,0.0721423,0.0529505,0.647766) = -1.01155617721
E(0.090522,0.0513988,0.0552922,0.0422601,0.649549) = -1.01183036029
E(0.087127,0.0513877,0.0359832,0.0567975,0.646962) = -1.01182630575
E(0.090211,0.056749,0.0558771,0.046585,0.654725) = -1.01179350415
E(0.091268,0.0670937,0.0543776,0.0377434,0.631266) = -1.01171807067
E(0.078580,0.0505103,0.0554011,0.0396867,0.650299) = -1.0118821511
E(0.077096,0.0479913,0.0587328,0.0433248,0.648116) = -1.01192044475
E(0.075282,0.0506005,0.0598644,0.0434111,0.642991) = -1.01195826711
E(0.073387,0.0493058,0.0559096,0.0464612,0.640264) = -1.01203388469
E(0.070637,0.0477032,0.0534624,0.0491268,0.636466) = -1.01208087132
E(0.068359,0.0494453,0.0550398,0.0492434,0.631277) = -1.01210023623
E(0.066896,0.0454559,0.0583503,0.0521202,0.630677) = -1.01207800714
E(0.066321,0.0501411,0.0550974,0.0494086,0.632439) = -1.01211018043
E(0.067107,0.0535682,0.0542022,0.0543567,0.632483) = -1.01210832422
E(0.062657,0.0504802,0.0505365,0.0487434,0.630747) = -1.01213583453
E(0.058839,0.054308,0.0494621,0.0461714,0.62994) = -1.01213264467
E(0.060496,0.0488854,0.0505833,0.0500986,0.630146) = -1.01214630099
E(0.059461,0.0477377,0.0486913,0.0505726,0.631941) = -1.01214487321
E(0.060478,0.0484761,0.0506021,0.0500785,0.630121) = -1.01214528004
E(0.060549,0.0494953,0.0493645,0.0522906,0.628489) = -1.01214882391
E(0.060728,0.0494867,0.0493942,0.0531859,0.628833) = -1.01214792771
E(0.057873,0.0507232,0.0500527,0.0525551,0.628046) = -1.01216057186
E(0.055614,0.0527177,0.0500837,0.0524978,0.627474) = -1.0121669304
E(0.053517,0.0514208,0.0511294,0.0529502,0.626047) = -1.01217276651
E(0.053461,0.0521673,0.0540355,0.0524743,0.626471) = -1.01216808879
E(0.053124,0.0511025,0.0509716,0.0527135,0.62644) = -1.0121744263
E(0.051987,0.0510689,0.0507729,0.0552264,0.627768) = -1.01217419635
E(0.053071,0.0510548,0.0509807,0.0526561,0.626824) = -1.01217498913
E(0.050675,0.0505776,0.0499007,0.0512033,0.627231) = -1.01217996689
E(0.050451,0.0475931,0.0496516,0.0507547,0.627668) = -1.01217313042
E(0.050783,0.0507828,0.0497727,0.0511921,0.627348) = -1.01217983833
E(0.049034,0.0515985,0.0487376,0.0514294,0.625163) = -1.01217983008
E(0.050638,0.0505114,0.0512387,0.0511914,0.627205) = -1.01218039012
E(0.049679,0.0526238,0.0515631,0.0499355,0.628738) = -1.01218027522
E(0.048634,0.0512789,0.0513179,0.0514135,0.625026) = -1.01218277734
E(0.046352,0.0495706,0.0515999,0.0503222,0.624895) = -1.01218307095
E(0.046665,0.0498023,0.0518086,0.0493012,0.623838) = -1.01217766972
E(0.046513,0.049296,0.0515869,0.0506013,0.624723) = -1.01218252907
E(0.045471,0.0501088,0.0517277,0.0511788,0.625627) = -1.01218809756
E(0.044614,0.0498322,0.0518258,0.0514697,0.626831) = -1.01219066311
E(0.044192,0.0501795,0.0504338,0.0517831,0.626965) = -1.0121924473
E(0.044755,0.0510291,0.0504037,0.0524176,0.627919) = -1.01219312844
E(0.044613,0.0514329,0.0504304,0.0522874,0.627987) = -1.01219342249
E(0.043601,0.0517213,0.0505563,0.0533903,0.627871) = -1.01219418769
E(0.042710,0.05178,0.0499434,0.0532673,0.628951) = -1.01219517639
E(0.042253,0.0526675,0.0488295,0.053596,0.629043) = -1.01219294562
E(0.042742,0.0518123,0.0500089,0.0533855,0.629373) = -1.01219497435
E(0.041666,0.0514627,0.0507849,0.0525934,0.628906) = -1.01219715652
E(0.041167,0.0500324,0.0506392,0.052776,0.628848) = -1.01219671242
E(0.041782,0.0514485,0.0506093,0.0523175,0.628929) = -1.01219705805
E(0.041272,0.0515936,0.051988,0.0519584,0.62948) = -1.01219663173
E(0.041564,0.0516132,0.0508038,0.0526972,0.628873) = -1.01219719433
E(0.040894,0.0519592,0.0500344,0.0517017,0.628425) = -1.01219716674
E(0.041587,0.051511,0.0508415,0.0526471,0.628439) = -1.01219720135
E(0.040456,0.0519495,0.0510493,0.0535267,0.628185) = -1.01219728311
E(0.041081,0.0528678,0.0503472,0.0542235,0.62781) = -1.01219450163
E(0.040267,0.0519994,0.0516869,0.0531549,0.628256) = -1.01219744855
E(0.040409,0.0518921,0.0518041,0.0531864,0.628261) = -1.01219726321
E(0.039779,0.0515418,0.0514718,0.0528607,0.628348) = -1.01219837499
E(0.039259,0.0513909,0.0511986,0.0523923,0.628377) = -1.01219902469
E(0.038870,0.051074,0.0507007,0.0526879,0.628348) = -1.01219920699
E(0.038618,0.0511315,0.0508076,0.0527499,0.629059) = -1.01219933403
E(0.038489,0.0511413,0.0510161,0.0528466,0.628953) = -1.01219933725
E(0.038310,0.050511,0.051155,0.0524836,0.62904) = -1.01219918546
E(0.037954,0.0515485,0.050781,0.0525671,0.628903) = -1.01219974525
E(0.037395,0.0519647,0.0504647,0.0525667,0.628955) = -1.01219968932
E(0.038032,0.0517587,0.050958,0.0523137,0.62894) = -1.01219963304
E(0.037988,0.0516307,0.0507748,0.0526011,0.628803) = -1.01219968613
E(0.037830,0.0513369,0.0507186,0.0523521,0.628711) = -1.01219981889
E(0.037794,0.0513316,0.0508566,0.0524,0.628696) = -1.01219984278
E(0.037612,0.0510225,0.0509122,0.0524529,0.628809) = -1.01219983998
E(0.037659,0.0513393,0.0508489,0.052394,0.628701) = -1.01219989087
E(0.037553,0.0514276,0.0510003,0.0520959,0.628828) = -1.01219987079
E(0.037641,0.0513506,0.0507407,0.0524027,0.628765) = -1.01219989101
E(0.037339,0.0514335,0.0506829,0.0524638,0.62856) = -1.01219997348
E(0.037196,0.0516547,0.0507911,0.0527109,0.62863) = -1.01219993268
E(0.037318,0.0513845,0.0506585,0.052467,0.628607) = -1.01219997847
E(0.037122,0.0511503,0.050755,0.0524718,0.628397) = -1.01220001401
E(0.036961,0.0510882,0.050456,0.0523872,0.628252) = -1.0121999508
E(0.037166,0.0511292,0.0507234,0.0524766,0.628376) = -1.01219999139
E(0.037017,0.0511177,0.0509749,0.0522025,0.628515) = -1.01220003388
E(0.036925,0.0511282,0.0510034,0.0522147,0.628537) = -1.01220005878
E(0.036717,0.0511287,0.0512224,0.0524078,0.628673) = -1.01220005769
E(0.036861,0.0512025,0.0509658,0.0522125,0.628528) = -1.01220009757
E(0.036558,0.0513045,0.0507997,0.0520806,0.628513) = -1.01220015064
E(0.036515,0.051556,0.0509536,0.0520205,0.628279) = -1.01220009383
E(0.036603,0.0514037,0.0507927,0.0520803,0.628605) = -1.01220014392
E(0.036330,0.0511757,0.0506448,0.0518999,0.62866) = -1.01220008068
Energy at ADAPT iteration 5: -1.01220015064
Parameters at ADAPT iteration 5: 0.0365584875722 0.051304526341 0.0507996942215 0.0520805725066 0.628512594922 
Ansatz at ADAPT iteration 5: 5 23 19 13 2 
Iteration: 6
Computing [H, A]
Printing commutators with absolute value above 0.000000
Number of instructions for commutator calculation: 563
E(0.036558,0.0513045,0.0507997,0.0520806,0.628513) = -2.26500972851e-06
[H,0] = -2.26500972851e-06
Number of instructions for commutator calculation: 608
E(0.036558,0.0513045,0.0507997,0.0520806,0.628513) = -0.00141657373938
[H,1] = -0.00141657373938
Number of instructions for commutator calculation: 600
E(0.036558,0.0513045,0.0507997,0.0520806,0.628513) = -0.000391327658328
[H,2] = -0.000391327658328
Number of instructions for commutator calculation: 612
E(0.036558,0.0513045,0.0507997,0.0520806,0.628513) = 0.00762210310377
[H,3] = 0.00762210310377
Number of instructions for commutator calculation: 1728
E(0.036558,0.0513045,0.0507997,0.0520806,0.628513) = 0.000143169596672
[H,5] = 0.000143169596672
Number of instructions for commutator calculation: 3206
E(0.036558,0.0513045,0.0507997,0.0520806,0.628513) = -3.01927447006e-05
[H,7] = -3.01927447006e-05
Number of instructions for commutator calculation: 3396
E(0.036558,0.0513045,0.0507997,0.0520806,0.628513) = 6.5048699277e-11
Number of instructions for commutator calculation: 3234
E(0.036558,0.0513045,0.0507997,0.0520806,0.628513) = -1.01449652117e-05
[H,11] = -1.01449652117e-05
Number of instructions for commutator calculation: 1840
E(0.036558,0.0513045,0.0507997,0.0520806,0.628513) = 0.000147543436552
[H,13] = 0.000147543436552
Number of instructions for commutator calculation: 3206
E(0.036558,0.0513045,0.0507997,0.0520806,0.628513) = -9.51544394123e-05
[H,15] = -9.51544394123e-05
Number of instructions for commutator calculation: 3186
E(0.036558,0.0513045,0.0507997,0.0520806,0.628513) = -0.000431038489519
[H,17] = -0.000431038489519
Number of instructions for commutator calculation: 1840
E(0.036558,0.0513045,0.0507997,0.0520806,0.628513) = 0.000111927090498
[H,19] = 0.000111927090498
Number of instructions for commutator calculation: 3254
E(0.036558,0.0513045,0.0507997,0.0520806,0.628513) = -0.000102289908801
[H,21] = -0.000102289908801
Number of instructions for commutator calculation: 1856
E(0.036558,0.0513045,0.0507997,0.0520806,0.628513) = 0.00062339302093
[H,23] = 0.00062339302093
Max gradient component: [H, 3] = 0.00762210310377 a.u.
Norm of gradient vector: 0.00780423082537 a.u.
ADAPT-vqe converged in 5 iterations.
ADAPT-vqe energy: -1.01220015064 a.u.
Operators in the ansatz
(0,-0.176777) X0 Y1 X5 X6 + (0,0.176777) X0 X1 Y5 X6 + (0,0.176777) Y0 X1 Y5 Y6 + (0,-0.176777) X0 Y1 Y5 Y6 + (0,-0.176777) X0 X1 X5 Y6 + (0,0.176777) Y0 Y1 Y5 X6 + (0,0.176777) Y0 X1 X5 X6 + (0,-0.176777) Y0 Y1 X5 Y6
(0,0.176777) Y0 Z1 Z2 Z3 X4 X5 Z6 Z7 Z8 X9 + (0,0.176777) Y0 Z1 Z2 Z3 Y4 Y5 Z6 Z7 Z8 X9 + (0,-0.176777) Y0 Z1 Z2 Z3 Y4 X5 Z6 Z7 Z8 Y9 + (0,-0.176777) X0 Z1 Z2 Z3 X4 X5 Z6 Z7 Z8 Y9 + (0,-0.176777) X0 Z1 Z2 Z3 Y4 Y5 Z6 Z7 Z8 Y9 + (0,-0.176777) X0 Z1 Z2 Z3 Y4 X5 Z6 Z7 Z8 X9 + (0,0.176777) Y0 Z1 Z2 Z3 X4 Y5 Z6 Z7 Z8 Y9 + (0,0.176777) X0 Z1 Z2 Z3 X4 Y5 Z6 Z7 Z8 X9
(0,0.176777) Y0 Z1 Z2 X3 X5 Z6 Z7 X8 + (0,-0.176777) X0 Z1 Z2 Y3 X5 Z6 Z7 X8 + (0,-0.176777) X0 Z1 Z2 Y3 Y5 Z6 Z7 Y8 + (0,0.176777) Y0 Z1 Z2 Y3 Y5 Z6 Z7 X8 + (0,0.176777) Y0 Z1 Z2 X3 Y5 Z6 Z7 Y8 + (0,0.176777) X0 Z1 Z2 X3 Y5 Z6 Z7 X8 + (0,-0.176777) X0 Z1 Z2 X3 X5 Z6 Z7 Y8 + (0,-0.176777) Y0 Z1 Z2 Y3 X5 Z6 Z7 Y8
(0,-0.176777) X0 Z1 Y2 Y5 Z6 Y7 + (0,-0.176777) Y0 Z1 Y2 X5 Z6 Y7 + (0,0.176777) Y0 Z1 X2 Y5 Z6 Y7 + (0,-0.176777) X0 Z1 Y2 X5 Z6 X7 + (0,0.176777) X0 Z1 X2 Y5 Z6 X7 + (0,-0.176777) X0 Z1 X2 X5 Z6 Y7 + (0,0.176777) Y0 Z1 Y2 Y5 Z6 X7 + (0,0.176777) Y0 Z1 X2 X5 Z6 X7
(0,-0.25) X0 Z1 Z2 Y3 + (0,0.25) Y5 Z6 Z7 X8 + (0,-0.25) X5 Z6 Z7 Y8 + (0,0.25) Y0 Z1 Z2 X3
Optimal parameters: 0.0365584875722 0.051304526341 0.0507996942215 0.0520805725066 0.628512594922 
Final ADAPT-vqe circuit
X q0
X q5
H q0
H q1
H q5
Rx(1.57079) q6
CNOT q0,q1
CNOT q1,q5
CNOT q5,q6
Rz(-0.176777*x0) q6
CNOT q5,q6
CNOT q1,q5
CNOT q0,q1
H q0
H q1
H q5
Rx(-1.57079) q6
Rx(1.57079) q0
Rx(1.57079) q1
Rx(1.57079) q5
H q6
CNOT q0,q1
CNOT q1,q5
CNOT q5,q6
Rz(0.176777*x0) q6
CNOT q5,q6
CNOT q1,q5
CNOT q0,q1
Rx(-1.57079) q0
Rx(-1.57079) q1
Rx(-1.57079) q5
H q6
Rx(1.57079) q0
Rx(1.57079) q1
H q5
Rx(1.57079) q6
CNOT q0,q1
CNOT q1,q5
CNOT q5,q6
Rz(-0.176777*x0) q6
CNOT q5,q6
CNOT q1,q5
CNOT q0,q1
Rx(-1.57079) q0
Rx(-1.57079) q1
H q5
Rx(-1.57079) q6
Rx(1.57079) q0
H q1
Rx(1.57079) q5
Rx(1.57079) q6
CNOT q0,q1
CNOT q1,q5
CNOT q5,q6
Rz(0.176777*x0) q6
CNOT q5,q6
CNOT q1,q5
CNOT q0,q1
Rx(-1.57079) q0
H q1
Rx(-1.57079) q5
Rx(-1.57079) q6
H q0
Rx(1.57079) q1
Rx(1.57079) q5
Rx(1.57079) q6
CNOT q0,q1
CNOT q1,q5
CNOT q5,q6
Rz(-0.176777*x0) q6
CNOT q5,q6
CNOT q1,q5
CNOT q0,q1
H q0
Rx(-1.57079) q1
Rx(-1.57079) q5
Rx(-1.57079) q6
H q0
Rx(1.57079) q1
H q5
H q6
CNOT q0,q1
CNOT q1,q5
CNOT q5,q6
Rz(-0.176777*x0) q6
CNOT q5,q6
CNOT q1,q5
CNOT q0,q1
H q0
Rx(-1.57079) q1
H q5
H q6
Rx(1.57079) q0
H q1
H q5
H q6
CNOT q0,q1
CNOT q1,q5
CNOT q5,q6
Rz(0.176777*x0) q6
CNOT q5,q6
CNOT q1,q5
CNOT q0,q1
Rx(-1.57079) q0
H q1
H q5
H q6
H q0
H q1
Rx(1.57079) q5
H q6
CNOT q0,q1
CNOT q1,q5
CNOT q5,q6
Rz(0.176777*x0) q6
CNOT q5,q6
CNOT q1,q5
CNOT q0,q1
H q0
H q1
Rx(-1.57079) q5
H q6
H q0
Rx(1.57079) q4
Rx(1.57079) q5
Rx(1.57079) q9
CNOT q0,q1
CNOT q1,q2
CNOT q2,q3
CNOT q3,q4
CNOT q4,q5
CNOT q5,q6
CNOT q6,q7
CNOT q7,q8
CNOT q8,q9
Rz(-0.176777*x1) q9
CNOT q8,q9
CNOT q7,q8
CNOT q6,q7
CNOT q5,q6
CNOT q4,q5
CNOT q3,q4
CNOT q2,q3
CNOT q1,q2
CNOT q0,q1
H q0
Rx(-1.57079) q4
Rx(-1.57079) q5
Rx(-1.57079) q9
Rx(1.57079) q0
H q4
H q5
H q9
CNOT q0,q1
CNOT q1,q2
CNOT q2,q3
CNOT q3,q4
CNOT q4,q5
CNOT q5,q6
CNOT q6,q7
CNOT q7,q8
CNOT q8,q9
Rz(0.176777*x1) q9
CNOT q8,q9
CNOT q7,q8
CNOT q6,q7
CNOT q5,q6
CNOT q4,q5
CNOT q3,q4
CNOT q2,q3
CNOT q1,q2
CNOT q0,q1
Rx(-1.57079) q0
H q4
H q5
H q9
Rx(1.57079) q0
Rx(1.57079) q4
Rx(1.57079) q5
H q9
CNOT q0,q1
CNOT q1,q2
CNOT q2,q3
CNOT q3,q4
CNOT q4,q5
CNOT q5,q6
CNOT q6,q7
CNOT q7,q8
CNOT q8,q9
Rz(0.176777*x1) q9
CNOT q8,q9
CNOT q7,q8
CNOT q6,q7
CNOT q5,q6
CNOT q4,q5
CNOT q3,q4
CNOT q2,q3
CNOT q1,q2
CNOT q0,q1
Rx(-1.57079) q0
Rx(-1.57079) q4
Rx(-1.57079) q5
H q9
Rx(1.57079) q0
H q4
Rx(1.57079) q5
Rx(1.57079) q9
CNOT q0,q1
CNOT q1,q2
CNOT q2,q3
CNOT q3,q4
CNOT q4,q5
CNOT q5,q6
CNOT q6,q7
CNOT q7,q8
CNOT q8,q9
Rz(0.176777*x1) q9
CNOT q8,q9
CNOT q7,q8
CNOT q6,q7
CNOT q5,q6
CNOT q4,q5
CNOT q3,q4
CNOT q2,q3
CNOT q1,q2
CNOT q0,q1
Rx(-1.57079) q0
H q4
Rx(-1.57079) q5
Rx(-1.57079) q9
H q0
H q4
Rx(1.57079) q5
H q9
CNOT q0,q1
CNOT q1,q2
CNOT q2,q3
CNOT q3,q4
CNOT q4,q5
CNOT q5,q6
CNOT q6,q7
CNOT q7,q8
CNOT q8,q9
Rz(0.176777*x1) q9
CNOT q8,q9
CNOT q7,q8
CNOT q6,q7
CNOT q5,q6
CNOT q4,q5
CNOT q3,q4
CNOT q2,q3
CNOT q1,q2
CNOT q0,q1
H q0
H q4
Rx(-1.57079) q5
H q9
H q0
Rx(1.57079) q4
H q5
H q9
CNOT q0,q1
CNOT q1,q2
CNOT q2,q3
CNOT q3,q4
CNOT q4,q5
CNOT q5,q6
CNOT q6,q7
CNOT q7,q8
CNOT q8,q9
Rz(-0.176777*x1) q9
CNOT q8,q9
CNOT q7,q8
CNOT q6,q7
CNOT q5,q6
CNOT q4,q5
CNOT q3,q4
CNOT q2,q3
CNOT q1,q2
CNOT q0,q1
H q0
Rx(-1.57079) q4
H q5
H q9
Rx(1.57079) q0
Rx(1.57079) q4
H q5
Rx(1.57079) q9
CNOT q0,q1
CNOT q1,q2
CNOT q2,q3
CNOT q3,q4
CNOT q4,q5
CNOT q5,q6
CNOT q6,q7
CNOT q7,q8
CNOT q8,q9
Rz(-0.176777*x1) q9
CNOT q8,q9
CNOT q7,q8
CNOT q6,q7
CNOT q5,q6
CNOT q4,q5
CNOT q3,q4
CNOT q2,q3
CNOT q1,q2
CNOT q0,q1
Rx(-1.57079) q0
Rx(-1.57079) q4
H q5
Rx(-1.57079) q9
H q0
H q4
H q5
Rx(1.57079) q9
CNOT q0,q1
CNOT q1,q2
CNOT q2,q3
CNOT q3,q4
CNOT q4,q5
CNOT q5,q6
CNOT q6,q7
CNOT q7,q8
CNOT q8,q9
Rz(-0.176777*x1) q9
CNOT q8,q9
CNOT q7,q8
CNOT q6,q7
CNOT q5,q6
CNOT q4,q5
CNOT q3,q4
CNOT q2,q3
CNOT q1,q2
CNOT q0,q1
H q0
H q4
H q5
Rx(-1.57079) q9
Rx(1.57079) q0
H q3
Rx(1.57079) q5
Rx(1.57079) q8
CNOT q0,q1
CNOT q1,q2
CNOT q2,q3
CNOT q3,q5
CNOT q5,q6
CNOT q6,q7
CNOT q7,q8
Rz(0.176777*x2) q8
CNOT q7,q8
CNOT q6,q7
CNOT q5,q6
CNOT q3,q5
CNOT q2,q3
CNOT q1,q2
CNOT q0,q1
Rx(-1.57079) q0
H q3
Rx(-1.57079) q5
Rx(-1.57079) q8
Rx(1.57079) q0
Rx(1.57079) q3
H q5
Rx(1.57079) q8
CNOT q0,q1
CNOT q1,q2
CNOT q2,q3
CNOT q3,q5
CNOT q5,q6
CNOT q6,q7
CNOT q7,q8
Rz(-0.176777*x2) q8
CNOT q7,q8
CNOT q6,q7
CNOT q5,q6
CNOT q3,q5
CNOT q2,q3
CNOT q1,q2
CNOT q0,q1
Rx(-1.57079) q0
Rx(-1.57079) q3
H q5
Rx(-1.57079) q8
H q0
H q3
Rx(1.57079) q5
H q8
CNOT q0,q1
CNOT q1,q2
CNOT q2,q3
CNOT q3,q5
CNOT q5,q6
CNOT q6,q7
CNOT q7,q8
Rz(0.176777*x2) q8
CNOT q7,q8
CNOT q6,q7
CNOT q5,q6
CNOT q3,q5
CNOT q2,q3
CNOT q1,q2
CNOT q0,q1
H q0
H q3
Rx(-1.57079) q5
H q8
H q0
Rx(1.57079) q3
H q5
H q8
CNOT q0,q1
CNOT q1,q2
CNOT q2,q3
CNOT q3,q5
CNOT q5,q6
CNOT q6,q7
CNOT q7,q8
Rz(-0.176777*x2) q8
CNOT q7,q8
CNOT q6,q7
CNOT q5,q6
CNOT q3,q5
CNOT q2,q3
CNOT q1,q2
CNOT q0,q1
H q0
Rx(-1.57079) q3
H q5
H q8
Rx(1.57079) q0
H q3
H q5
H q8
CNOT q0,q1
CNOT q1,q2
CNOT q2,q3
CNOT q3,q5
CNOT q5,q6
CNOT q6,q7
CNOT q7,q8
Rz(0.176777*x2) q8
CNOT q7,q8
CNOT q6,q7
CNOT q5,q6
CNOT q3,q5
CNOT q2,q3
CNOT q1,q2
CNOT q0,q1
Rx(-1.57079) q0
H q3
H q5
H q8
Rx(1.57079) q0
Rx(1.57079) q3
Rx(1.57079) q5
H q8
CNOT q0,q1
CNOT q1,q2
CNOT q2,q3
CNOT q3,q5
CNOT q5,q6
CNOT q6,q7
CNOT q7,q8
Rz(0.176777*x2) q8
CNOT q7,q8
CNOT q6,q7
CNOT q5,q6
CNOT q3,q5
CNOT q2,q3
CNOT q1,q2
CNOT q0,q1
Rx(-1.57079) q0
Rx(-1.57079) q3
Rx(-1.57079) q5
H q8
H q0
Rx(1.57079) q3
Rx(1.57079) q5
Rx(1.57079) q8
CNOT q0,q1
CNOT q1,q2
CNOT q2,q3
CNOT q3,q5
CNOT q5,q6
CNOT q6,q7
CNOT q7,q8
Rz(-0.176777*x2) q8
CNOT q7,q8
CNOT q6,q7
CNOT q5,q6
CNOT q3,q5
CNOT q2,q3
CNOT q1,q2
CNOT q0,q1
H q0
Rx(-1.57079) q3
Rx(-1.57079) q5
Rx(-1.57079) q8
H q0
H q3
H q5
Rx(1.57079) q8
CNOT q0,q1
CNOT q1,q2
CNOT q2,q3
CNOT q3,q5
CNOT q5,q6
CNOT q6,q7
CNOT q7,q8
Rz(-0.176777*x2) q8
CNOT q7,q8
CNOT q6,q7
CNOT q5,q6
CNOT q3,q5
CNOT q2,q3
CNOT q1,q2
CNOT q0,q1
H q0
H q3
H q5
Rx(-1.57079) q8
H q0
Rx(1.57079) q2
H q5
H q7
CNOT q0,q1
CNOT q1,q2
CNOT q2,q5
CNOT q5,q6
CNOT q6,q7
Rz(-0.176777*x3) q7
CNOT q6,q7
CNOT q5,q6
CNOT q2,q5
CNOT q1,q2
CNOT q0,q1
H q0
Rx(-1.57079) q2
H q5
H q7
H q0
H q2
Rx(1.57079) q5
H q7
CNOT q0,q1
CNOT q1,q2
CNOT q2,q5
CNOT q5,q6
CNOT q6,q7
Rz(0.176777*x3) q7
CNOT q6,q7
CNOT q5,q6
CNOT q2,q5
CNOT q1,q2
CNOT q0,q1
H q0
H q2
Rx(-1.57079) q5
H q7
H q0
Rx(1.57079) q2
Rx(1.57079) q5
Rx(1.57079) q7
CNOT q0,q1
CNOT q1,q2
CNOT q2,q5
CNOT q5,q6
CNOT q6,q7
Rz(-0.176777*x3) q7
CNOT q6,q7
CNOT q5,q6
CNOT q2,q5
CNOT q1,q2
CNOT q0,q1
H q0
Rx(-1.57079) q2
Rx(-1.57079) q5
Rx(-1.57079) q7
Rx(1.57079) q0
Rx(1.57079) q2
Rx(1.57079) q5
H q7
CNOT q0,q1
CNOT q1,q2
CNOT q2,q5
CNOT q5,q6
CNOT q6,q7
Rz(0.176777*x3) q7
CNOT q6,q7
CNOT q5,q6
CNOT q2,q5
CNOT q1,q2
CNOT q0,q1
Rx(-1.57079) q0
Rx(-1.57079) q2
Rx(-1.57079) q5
H q7
Rx(1.57079) q0
H q2
H q5
H q7
CNOT q0,q1
CNOT q1,q2
CNOT q2,q5
CNOT q5,q6
CNOT q6,q7
Rz(0.176777*x3) q7
CNOT q6,q7
CNOT q5,q6
CNOT q2,q5
CNOT q1,q2
CNOT q0,q1
Rx(-1.57079) q0
H q2
H q5
H q7
Rx(1.57079) q0
Rx(1.57079) q2
H q5
Rx(1.57079) q7
CNOT q0,q1
CNOT q1,q2
CNOT q2,q5
CNOT q5,q6
CNOT q6,q7
Rz(-0.176777*x3) q7
CNOT q6,q7
CNOT q5,q6
CNOT q2,q5
CNOT q1,q2
CNOT q0,q1
Rx(-1.57079) q0
Rx(-1.57079) q2
H q5
Rx(-1.57079) q7
H q0
H q2
H q5
Rx(1.57079) q7
CNOT q0,q1
CNOT q1,q2
CNOT q2,q5
CNOT q5,q6
CNOT q6,q7
Rz(-0.176777*x3) q7
CNOT q6,q7
CNOT q5,q6
CNOT q2,q5
CNOT q1,q2
CNOT q0,q1
H q0
H q2
H q5
Rx(-1.57079) q7
Rx(1.57079) q0
H q2
Rx(1.57079) q5
Rx(1.57079) q7
CNOT q0,q1
CNOT q1,q2
CNOT q2,q5
CNOT q5,q6
CNOT q6,q7
Rz(0.176777*x3) q7
CNOT q6,q7
CNOT q5,q6
CNOT q2,q5
CNOT q1,q2
CNOT q0,q1
Rx(-1.57079) q0
H q2
Rx(-1.57079) q5
Rx(-1.57079) q7
Rx(1.57079) q5
H q8
CNOT q5,q6
CNOT q6,q7
CNOT q7,q8
Rz(0.250000*x4) q8
CNOT q7,q8
CNOT q6,q7
CNOT q5,q6
Rx(-1.57079) q5
H q8
H q5
Rx(1.57079) q8
CNOT q5,q6
CNOT q6,q7
CNOT q7,q8
Rz(-0.250000*x4) q8
CNOT q7,q8
CNOT q6,q7
CNOT q5,q6
H q5
Rx(-1.57079) q8
Rx(1.57079) q0
H q3
CNOT q0,q1
CNOT q1,q2
CNOT q2,q3
Rz(0.250000*x4) q3
CNOT q2,q3
CNOT q1,q2
CNOT q0,q1
Rx(-1.57079) q0
H q3
H q0
Rx(1.57079) q3
CNOT q0,q1
CNOT q1,q2
CNOT q2,q3
Rz(-0.250000*x4) q3
CNOT q2,q3
CNOT q1,q2
CNOT q0,q1
H q0
Rx(-1.57079) q3
[0m
-1.0122001506378286
[0.03655848757216862, 0.05130452634095388, 0.050799694221518456, 0.05208057250662474, 0.6285125949218179]
[5, 23, 19, 13, 2]
