Operator pool: singlet-adapted-uccsd
Number of operators in the pool: 24
Iteration: 1
Computing [H, A]
Printing commutators with absolute value above 0.000000
Number of instructions for commutator calculation: 472
E() = -2.59999999999e-09
[H,0] = -2.59999999999e-09
Number of instructions for commutator calculation: 516
E() = -1.22600000027e-07
[H,1] = -1.22600000027e-07
Number of instructions for commutator calculation: 484
E() = 7.99999999987e-10
[H,2] = 7.99999999987e-10
Number of instructions for commutator calculation: 496
E() = 1.24000000037e-06
[H,3] = 1.24000000037e-06
Number of instructions for commutator calculation: 1312
E() = 0.453041805458
[H,5] = 0.453041805458
Number of instructions for commutator calculation: 2564
E() = -9.01916151469e-33
Number of instructions for commutator calculation: 2612
E() = -9.06556689526e-33
Number of instructions for commutator calculation: 2402
E() = 8.33594042205e-06
[H,11] = 8.33594042205e-06
Number of instructions for commutator calculation: 1488
E() = 0.282760893997
[H,13] = 0.282760893997
Number of instructions for commutator calculation: 2524
E() = -6.83447528376e-33
Number of instructions for commutator calculation: 2554
E() = -0.00372985703174
[H,17] = -0.00372985703174
Number of instructions for commutator calculation: 1376
E() = 0.282417578382
[H,19] = 0.282417578382
Number of instructions for commutator calculation: 2474
E() = 9.54198174804e-06
[H,21] = 9.54198174804e-06
Number of instructions for commutator calculation: 1424
E() = 0.311852990053
[H,23] = 0.311852990053
Max gradient component: [H, 5] = 0.453041805458 a.u.
Norm of gradient vector: 0.679872406151 a.u.
vqe optimization of current ansatz.
020-08-04 06:56:16.770] [xacc-logger] [info] Chosen optimizer does not support gradients. Using default.
E(0.000000) = -1.1021415718
E(1.570796) = -0.435136208636
E(-1.570796) = -0.180237475192
E(-0.785398) = -0.683536572177
E(0.392699) = -1.11223451439
E(0.589049) = -1.05869348113
E(0.294524) = -1.12464327524
E(0.196350) = -1.12709676393
E(0.098175) = -1.11954776651
E(0.245437) = -1.12712189783
E(0.269981) = -1.12619509264
E(0.233165) = -1.12735054133
E(0.220893) = -1.12742257019
E(0.208621) = -1.12733796823
E(0.214757) = -1.12739985341
E(0.223961) = -1.12741925161
E(0.219359) = -1.12742056493
E(0.221660) = -1.12742266196
E(0.222044) = -1.12742247327
E(0.221468) = -1.12742269829
E(0.221277) = -1.12742269536
Energy at ADAPT iteration 1: -1.12742269829
Parameters at ADAPT iteration 1: 0.221468472473 
Ansatz at ADAPT iteration 1: 5 
Iteration: 2
Computing [H, A]
Printing commutators with absolute value above 0.000000
Number of instructions for commutator calculation: 472
E(0.221468) = -7.43544039492e-07
[H,0] = -7.43544039492e-07
Number of instructions for commutator calculation: 516
E(0.221468) = -0.000708244965707
[H,1] = -0.000708244965707
Number of instructions for commutator calculation: 484
E(0.221468) = 1.06461783957e-06
[H,2] = 1.06461783957e-06
Number of instructions for commutator calculation: 496
E(0.221468) = 0.00682740576581
[H,3] = 0.00682740576581
Number of instructions for commutator calculation: 1312
E(0.221468) = -0.000172333693142
[H,5] = -0.000172333693142
Number of instructions for commutator calculation: 2564
E(0.221468) = 1.65309232099e-07
[H,7] = 1.65309232099e-07
Number of instructions for commutator calculation: 2612
E(0.221468) = 6.37492315348e-15
Number of instructions for commutator calculation: 2402
E(0.221468) = 1.00736750351e-05
[H,11] = 1.00736750351e-05
Number of instructions for commutator calculation: 1488
E(0.221468) = 0.260026460643
[H,13] = 0.260026460643
Number of instructions for commutator calculation: 2524
E(0.221468) = 2.44610362048e-16
Number of instructions for commutator calculation: 2554
E(0.221468) = -0.00354912562481
[H,17] = -0.00354912562481
Number of instructions for commutator calculation: 1376
E(0.221468) = 0.259691784546
[H,19] = 0.259691784546
Number of instructions for commutator calculation: 2474
E(0.221468) = 9.30987874755e-06
[H,21] = 9.30987874755e-06
Number of instructions for commutator calculation: 1424
E(0.221468) = 0.287915135314
[H,23] = 0.287915135314
Max gradient component: [H, 23] = 0.287915135314 a.u.
Norm of gradient vector: 0.466913749637 a.u.
vqe optimization of current ansatz.
020-08-04 07:03:58.940] [xacc-logger] [info] Chosen optimizer does not support gradients. Using default.
E(0.000000,0) = -1.1021415718
E(1.570796,0) = 0.289887825599
E(0.000000,1.5708) = -0.435136208637
E(-1.416573,-0.678766) = 0.31321850488
E(-0.708286,-0.339383) = -0.484481501785
E(0.365261,-0.144211) = -0.997358551528
E(0.068997,0.38659) = -1.11813729802
E(-0.116776,0.450161) = -1.07429523922
E(0.265346,0.386006) = -1.08630440568
E(0.055280,0.289378) = -1.12994486098
E(-0.028654,0.238453) = -1.12243567425
E(0.131128,0.227046) = -1.13050536888
E(0.164945,0.262626) = -1.12506786473
E(0.101942,0.187577) = -1.13218085662
E(0.077510,0.145002) = -1.13038604776
E(0.112720,0.181807) = -1.13144067088
E(0.053057,0.192033) = -1.13213511784
E(0.098612,0.138603) = -1.12959606369
E(0.104601,0.211976) = -1.1324762563
E(0.108711,0.236174) = -1.13205746315
E(0.112742,0.211415) = -1.13202793059
E(0.081321,0.219749) = -1.13308807204
E(0.069075,0.198479) = -1.13282478462
E(0.065929,0.238867) = -1.13271190985
E(0.073625,0.229308) = -1.13299847397
E(0.087326,0.221011) = -1.13302074507
E(0.078567,0.214266) = -1.13309447195
E(0.075725,0.215423) = -1.13308859896
E(0.080362,0.211779) = -1.13308208934
E(0.079387,0.215563) = -1.13309700627
E(0.080883,0.215901) = -1.13309367263
E(0.078433,0.216764) = -1.1330983322
E(0.078976,0.218199) = -1.13309765025
E(0.077667,0.216784) = -1.13309737224
E(0.078633,0.217092) = -1.13309844181
E(0.078996,0.216968) = -1.13309839014
E(0.078608,0.217474) = -1.13309833117
Energy at ADAPT iteration 2: -1.13309844181
Parameters at ADAPT iteration 2: 0.0786332202824 0.217091686029 
Ansatz at ADAPT iteration 2: 5 23 
Iteration: 3
Computing [H, A]
Printing commutators with absolute value above 0.000000
Number of instructions for commutator calculation: 472
E(0.078633,0.217092) = -3.87952242283e-07
[H,0] = -3.87952242283e-07
Number of instructions for commutator calculation: 516
E(0.078633,0.217092) = -0.000968117060014
[H,1] = -0.000968117060014
Number of instructions for commutator calculation: 484
E(0.078633,0.217092) = 1.7210276803e-06
[H,2] = 1.7210276803e-06
Number of instructions for commutator calculation: 496
E(0.078633,0.217092) = 0.00659504446865
[H,3] = 0.00659504446865
Number of instructions for commutator calculation: 1312
E(0.078633,0.217092) = -0.000151509898136
[H,5] = -0.000151509898136
Number of instructions for commutator calculation: 2564
E(0.078633,0.217092) = 1.62436997269e-07
[H,7] = 1.62436997269e-07
Number of instructions for commutator calculation: 2612
E(0.078633,0.217092) = -2.51360487409e-12
Number of instructions for commutator calculation: 2402
E(0.078633,0.217092) = 1.05629864138e-05
[H,11] = 1.05629864138e-05
Number of instructions for commutator calculation: 1488
E(0.078633,0.217092) = 0.255970137065
[H,13] = 0.255970137065
Number of instructions for commutator calculation: 2524
E(0.078633,0.217092) = -1.97056836726e-12
Number of instructions for commutator calculation: 2554
E(0.078633,0.217092) = -0.00267357342915
[H,17] = -0.00267357342915
Number of instructions for commutator calculation: 1376
E(0.078633,0.217092) = 0.255636346913
[H,19] = 0.255636346913
Number of instructions for commutator calculation: 2474
E(0.078633,0.217092) = 6.8598980893e-06
[H,21] = 6.8598980893e-06
Number of instructions for commutator calculation: 1424
E(0.078633,0.217092) = 0.000358693077669
[H,23] = 0.000358693077669
Max gradient component: [H, 13] = 0.255970137065 a.u.
Norm of gradient vector: 0.361831983891 a.u.
vqe optimization of current ansatz.
020-08-04 07:22:31.104] [xacc-logger] [info] Chosen optimizer does not support gradients. Using default.
E(0.000000,0,0) = -1.1021415718
E(1.570796,0,0) = 0.260474234281
E(0.000000,1.5708,0) = 0.289887825599
E(0.000000,0,1.5708) = -0.435136208637
E(-1.039544,-1.06198,-0.508861) = 0.368945578582
E(-0.519772,-0.530992,-0.25443) = -0.448131451993
E(0.362786,-0.135571,-0.0649601) = -0.984666780715
E(0.000000,0.0571451,-0.0315148) = -1.1004772374
E(0.030682,0.182166,0.346535) = -1.11693024383
E(0.012976,0.124786,0.359812) = -1.12165955926
E(-0.370960,0.155756,0.436277) = -0.951866101041
E(0.006724,0.101992,0.368377) = -1.12127771963
E(0.395983,0.0515557,0.40624) = -1.0272570156
E(0.034700,0.291605,0.344276) = -1.08603560497
E(-0.314795,-0.064402,0.46463) = -0.97100271186
E(-0.002697,0.319385,0.338866) = -1.07241473823
E(0.011382,0.10467,0.263734) = -1.13258631779
E(-0.016064,0.101033,0.265099) = -1.12917020305
E(0.062030,0.0232813,0.242548) = -1.13453619142
E(0.084312,0.0579682,0.238721) = -1.13688408147
E(0.132385,0.0736832,0.154576) = -1.13271865413
E(0.118395,0.0607698,0.273935) = -1.13353807864
E(0.053215,0.0958818,0.240972) = -1.13669269368
E(0.090415,0.0634552,0.21559) = -1.13720862756
E(0.100336,0.0705119,0.217133) = -1.1369175114
E(0.090788,0.0591907,0.215423) = -1.13707183814
E(0.080567,0.0695113,0.211473) = -1.13756936302
E(0.073920,0.0720971,0.22146) = -1.13763342146
E(0.074677,0.0765595,0.222275) = -1.13764703992
E(0.064457,0.0803404,0.216631) = -1.13763842111
E(0.073483,0.0790524,0.227753) = -1.13758229292
E(0.078222,0.0780827,0.217504) = -1.13765013666
E(0.075750,0.0789612,0.215912) = -1.1376778149
E(0.073524,0.0805855,0.214564) = -1.13768562013
E(0.072402,0.0782584,0.212909) = -1.13769706781
E(0.071909,0.0778288,0.209912) = -1.1376917437
E(0.069785,0.077146,0.214061) = -1.13769398559
E(0.073224,0.076995,0.213195) = -1.1376957953
E(0.072283,0.0781537,0.212159) = -1.13769670864
E(0.072194,0.0781021,0.212953) = -1.13769745002
E(0.071490,0.0781255,0.213257) = -1.13769758025
E(0.071503,0.0777626,0.21338) = -1.13769783076
E(0.071346,0.0775675,0.21309) = -1.1376977273
E(0.071420,0.0777788,0.213408) = -1.13769777665
E(0.071777,0.0775392,0.213529) = -1.13769791829
E(0.072117,0.0776876,0.213432) = -1.13769781452
E(0.071773,0.0775119,0.213488) = -1.13769792232
E(0.071759,0.0771662,0.213654) = -1.13769774247
E(0.071782,0.0774346,0.213334) = -1.13769792253
E(0.071492,0.0776505,0.213207) = -1.13769784425
Energy at ADAPT iteration 3: -1.13769792253
Parameters at ADAPT iteration 3: 0.0717821264306 0.0774346104632 0.21333406914 
Ansatz at ADAPT iteration 3: 5 23 13 
Iteration: 4
Computing [H, A]
Printing commutators with absolute value above 0.000000
Number of instructions for commutator calculation: 472
E(0.071782,0.0774346,0.213334) = -3.78785061972e-07
[H,0] = -3.78785061972e-07
Number of instructions for commutator calculation: 516
E(0.071782,0.0774346,0.213334) = -0.000836024465038
[H,1] = -0.000836024465038
Number of instructions for commutator calculation: 484
E(0.071782,0.0774346,0.213334) = 2.04670861016e-06
[H,2] = 2.04670861016e-06
Number of instructions for commutator calculation: 496
E(0.071782,0.0774346,0.213334) = 0.00744019309029
[H,3] = 0.00744019309029
Number of instructions for commutator calculation: 1312
E(0.071782,0.0774346,0.213334) = 3.54971516257e-05
[H,5] = 3.54971516257e-05
Number of instructions for commutator calculation: 2564
E(0.071782,0.0774346,0.213334) = 1.8561879468e-07
[H,7] = 1.8561879468e-07
Number of instructions for commutator calculation: 2612
E(0.071782,0.0774346,0.213334) = 1.22678778292e-14
Number of instructions for commutator calculation: 2402
E(0.071782,0.0774346,0.213334) = 1.05049165422e-05
[H,11] = 1.05049165422e-05
Number of instructions for commutator calculation: 1488
E(0.071782,0.0774346,0.213334) = 1.11904936109e-05
[H,13] = 1.11904936109e-05
Number of instructions for commutator calculation: 2524
E(0.071782,0.0774346,0.213334) = -1.63544013883e-08
[H,15] = -1.63544013883e-08
Number of instructions for commutator calculation: 2554
E(0.071782,0.0774346,0.213334) = -0.00196012125074
[H,17] = -0.00196012125074
Number of instructions for commutator calculation: 1376
E(0.071782,0.0774346,0.213334) = 0.251386325108
[H,19] = 0.251386325108
Number of instructions for commutator calculation: 2474
E(0.071782,0.0774346,0.213334) = 7.14790444478e-06
[H,21] = 7.14790444478e-06
Number of instructions for commutator calculation: 1424
E(0.071782,0.0774346,0.213334) = 0.000482839051209
[H,23] = 0.000482839051209
Max gradient component: [H, 19] = 0.251386325108 a.u.
Norm of gradient vector: 0.251505897786 a.u.
vqe optimization of current ansatz.
020-08-04 08:00:18.586] [xacc-logger] [info] Chosen optimizer does not support gradients. Using default.
E(0.000000,0,0,0) = -1.1021415718
E(1.570796,0,0,0) = 0.260333107628
E(0.000000,1.5708,0,0) = 0.260474234281
E(0.000000,0,1.5708,0) = 0.289887825599
E(0.000000,0,0,1.5708) = -0.435136208637
E(-0.866835,-0.866925,-0.885638,-0.424363) = 0.415248982339
E(-0.433418,-0.433462,-0.442819,-0.212181) = -0.417404831363
E(0.368522,-0.0897802,-0.0917182,-0.0439477) = -0.983775477007
E(0.000000,0.133522,-0.093216,0) = -1.08281269892
E(0.015141,0.183069,0.323562,-0.125605) = -1.01936757984
E(0.010035,0.0287053,0.0817694,0.382886) = -1.12244009823
E(-0.155798,-0.0602458,0.0447062,0.424916) = -1.06212986338
E(0.014988,-0.00496729,0.0451948,0.392402) = -1.11733523919
E(0.178864,0.0237453,0.181878,0.384865) = -1.10310621142
E(0.029157,0.0146373,0.010112,0.397359) = -1.11680581619
E(0.000112,0.22365,0.0607564,0.386015) = -1.10122635128
E(0.012365,0.022737,0.0684453,0.285831) = -1.13430314329
E(-0.018693,-0.00181807,0.0769606,0.25809) = -1.12933852181
E(0.008933,0.0327467,0.0656377,0.285487) = -1.13467047006
E(0.043892,0.0540863,0.0795014,0.262253) = -1.13989407709
E(0.071253,0.0587483,0.042096,0.246759) = -1.14027385682
E(0.073171,0.0632562,0.0421148,0.26208) = -1.13965381738
E(0.089559,0.086195,0.0659895,0.219369) = -1.14142671712
E(0.121923,0.0541792,0.0843505,0.219249) = -1.13942517401
E(0.065360,0.107631,0.0576588,0.183382) = -1.14020694483
E(0.096103,0.105193,0.0652233,0.233443) = -1.13999841201
E(0.095618,0.0862182,0.057289,0.215537) = -1.14099258853
E(0.071849,0.0866178,0.072297,0.203596) = -1.1418647721
E(0.077066,0.0718205,0.0902953,0.197914) = -1.14184756581
E(0.068129,0.085194,0.0720099,0.203768) = -1.14189974145
E(0.062529,0.0878347,0.0680252,0.180355) = -1.14128809435
E(0.069863,0.0879748,0.075003,0.203255) = -1.1418373099
E(0.050767,0.0797374,0.0798053,0.218273) = -1.14167021077
E(0.068106,0.0825271,0.0705163,0.203818) = -1.14194855932
E(0.085032,0.0766998,0.0604963,0.217292) = -1.1416491937
E(0.068150,0.0871256,0.0738782,0.20519) = -1.14186546899
E(0.061057,0.078968,0.0606661,0.18277) = -1.14135215403
E(0.074239,0.105007,0.0782239,0.204003) = -1.14103068008
E(0.064056,0.0755189,0.0650782,0.196367) = -1.14184986628
E(0.064091,0.0804578,0.0720414,0.20768) = -1.14198834631
E(0.063103,0.0806401,0.0720929,0.206697) = -1.14197063255
E(0.065444,0.0800818,0.0708913,0.213541) = -1.14199358372
E(0.065454,0.0809745,0.0713524,0.213862) = -1.14198086108
E(0.067617,0.0757736,0.0746804,0.213651) = -1.14208985171
E(0.072726,0.0725867,0.0745878,0.212474) = -1.14211675595
E(0.071047,0.0671199,0.0766951,0.213184) = -1.14211654329
E(0.075000,0.074097,0.0800222,0.21329) = -1.14208096198
E(0.073685,0.0719786,0.0729681,0.214819) = -1.14209696649
E(0.072814,0.0718429,0.0736568,0.209649) = -1.14211873777
E(0.073538,0.0720319,0.0748879,0.209122) = -1.14211937425
E(0.073674,0.0721731,0.0746851,0.209079) = -1.14211756907
E(0.072225,0.0720414,0.075579,0.208734) = -1.14212615492
E(0.071470,0.0709017,0.0762671,0.208629) = -1.1421305547
E(0.070841,0.0711657,0.0771308,0.209698) = -1.14213135086
E(0.070974,0.0711837,0.0776423,0.20943) = -1.14213026578
E(0.069399,0.070931,0.0767907,0.209378) = -1.14213093312
E(0.071004,0.069852,0.0769622,0.210454) = -1.14213133989
E(0.070864,0.0715256,0.0766954,0.210216) = -1.14213104523
E(0.070881,0.0708276,0.0771011,0.209872) = -1.14213169027
E(0.071027,0.0707048,0.0768278,0.209682) = -1.14213188046
E(0.071000,0.0706639,0.0768279,0.209637) = -1.14213192437
E(0.070761,0.0705312,0.0765751,0.20973) = -1.14213226493
E(0.070650,0.0702078,0.0764044,0.209759) = -1.14213226831
E(0.070719,0.0702111,0.0763397,0.209704) = -1.14213222985
E(0.070337,0.0703521,0.0763082,0.209621) = -1.14213228524
E(0.070339,0.0703867,0.0762758,0.209741) = -1.14213230435
E(0.070109,0.0703721,0.0764729,0.209976) = -1.14213226026
E(0.070398,0.0705374,0.0759392,0.209828) = -1.1421321137
Energy at ADAPT iteration 4: -1.14213230435
Parameters at ADAPT iteration 4: 0.0703386787702 0.070386708359 0.0762757621935 0.209740798317 
Ansatz at ADAPT iteration 4: 5 23 13 19 
Iteration: 5
Computing [H, A]
Printing commutators with absolute value above 0.000000
Number of instructions for commutator calculation: 472
E(0.070339,0.0703867,0.0762758,0.209741) = -3.71223981892e-07
[H,0] = -3.71223981892e-07
Number of instructions for commutator calculation: 516
E(0.070339,0.0703867,0.0762758,0.209741) = -0.000917572268702
[H,1] = -0.000917572268702
Number of instructions for commutator calculation: 484
E(0.070339,0.0703867,0.0762758,0.209741) = 2.01946883777e-06
[H,2] = 2.01946883777e-06
Number of instructions for commutator calculation: 496
E(0.070339,0.0703867,0.0762758,0.209741) = 0.00823291501798
[H,3] = 0.00823291501798
Number of instructions for commutator calculation: 1312
E(0.070339,0.0703867,0.0762758,0.209741) = 0.000270755091629
[H,5] = 0.000270755091629
Number of instructions for commutator calculation: 2564
E(0.070339,0.0703867,0.0762758,0.209741) = 1.82295753036e-07
[H,7] = 1.82295753036e-07
Number of instructions for commutator calculation: 2612
E(0.070339,0.0703867,0.0762758,0.209741) = -4.56192491452e-12
Number of instructions for commutator calculation: 2402
E(0.070339,0.0703867,0.0762758,0.209741) = 1.04536935444e-05
[H,11] = 1.04536935444e-05
Number of instructions for commutator calculation: 1488
E(0.070339,0.0703867,0.0762758,0.209741) = 0.00032597124196
[H,13] = 0.00032597124196
Number of instructions for commutator calculation: 2524
E(0.070339,0.0703867,0.0762758,0.209741) = -2.75320464936e-06
[H,15] = -2.75320464936e-06
Number of instructions for commutator calculation: 2554
E(0.070339,0.0703867,0.0762758,0.209741) = -0.00205172399517
[H,17] = -0.00205172399517
Number of instructions for commutator calculation: 1376
E(0.070339,0.0703867,0.0762758,0.209741) = 0.000508401703658
[H,19] = 0.000508401703658
Number of instructions for commutator calculation: 2474
E(0.070339,0.0703867,0.0762758,0.209741) = 5.03404271741e-06
[H,21] = 5.03404271741e-06
Number of instructions for commutator calculation: 1424
E(0.070339,0.0703867,0.0762758,0.209741) = 0.000668533762165
[H,23] = 0.000668533762165
Max gradient component: [H, 3] = 0.00823291501798 a.u.
Norm of gradient vector: 0.00858589084593 a.u.
ADAPT-vqe converged in 4 iterations.
ADAPT-vqe energy: -1.14213230435 a.u.
Operators in the ansatz
(0,-0.176777) X0 Y1 X5 X6 + (0,0.176777) X0 X1 Y5 X6 + (0,0.176777) Y0 X1 Y5 Y6 + (0,-0.176777) X0 Y1 Y5 Y6 + (0,-0.176777) X0 X1 X5 Y6 + (0,0.176777) Y0 Y1 Y5 X6 + (0,0.176777) Y0 X1 X5 X6 + (0,-0.176777) Y0 Y1 X5 Y6
(0,0.176777) Y0 Z1 Z2 Z3 X4 X5 Z6 Z7 Z8 X9 + (0,0.176777) Y0 Z1 Z2 Z3 Y4 Y5 Z6 Z7 Z8 X9 + (0,-0.176777) Y0 Z1 Z2 Z3 Y4 X5 Z6 Z7 Z8 Y9 + (0,-0.176777) X0 Z1 Z2 Z3 X4 X5 Z6 Z7 Z8 Y9 + (0,-0.176777) X0 Z1 Z2 Z3 Y4 Y5 Z6 Z7 Z8 Y9 + (0,-0.176777) X0 Z1 Z2 Z3 Y4 X5 Z6 Z7 Z8 X9 + (0,0.176777) Y0 Z1 Z2 Z3 X4 Y5 Z6 Z7 Z8 Y9 + (0,0.176777) X0 Z1 Z2 Z3 X4 Y5 Z6 Z7 Z8 X9
(0,-0.176777) X0 Z1 Y2 Y5 Z6 Y7 + (0,-0.176777) Y0 Z1 Y2 X5 Z6 Y7 + (0,0.176777) Y0 Z1 X2 Y5 Z6 Y7 + (0,-0.176777) X0 Z1 Y2 X5 Z6 X7 + (0,0.176777) X0 Z1 X2 Y5 Z6 X7 + (0,-0.176777) X0 Z1 X2 X5 Z6 Y7 + (0,0.176777) Y0 Z1 Y2 Y5 Z6 X7 + (0,0.176777) Y0 Z1 X2 X5 Z6 X7
(0,0.176777) Y0 Z1 Z2 X3 X5 Z6 Z7 X8 + (0,-0.176777) X0 Z1 Z2 Y3 X5 Z6 Z7 X8 + (0,-0.176777) X0 Z1 Z2 Y3 Y5 Z6 Z7 Y8 + (0,0.176777) Y0 Z1 Z2 Y3 Y5 Z6 Z7 X8 + (0,0.176777) Y0 Z1 Z2 X3 Y5 Z6 Z7 Y8 + (0,0.176777) X0 Z1 Z2 X3 Y5 Z6 Z7 X8 + (0,-0.176777) X0 Z1 Z2 X3 X5 Z6 Z7 Y8 + (0,-0.176777) Y0 Z1 Z2 Y3 X5 Z6 Z7 Y8
Optimal parameters: 0.0703386787702 0.070386708359 0.0762757621935 0.209740798317 
Final ADAPT-vqe circuit
X q0
X q5
H q0
H q1
H q5
Rx(1.57079) q6
CNOT q0,q1
CNOT q1,q5
CNOT q5,q6
Rz(-0.176777*x0) q6
CNOT q5,q6
CNOT q1,q5
CNOT q0,q1
H q0
H q1
H q5
Rx(-1.57079) q6
Rx(1.57079) q0
Rx(1.57079) q1
Rx(1.57079) q5
H q6
CNOT q0,q1
CNOT q1,q5
CNOT q5,q6
Rz(0.176777*x0) q6
CNOT q5,q6
CNOT q1,q5
CNOT q0,q1
Rx(-1.57079) q0
Rx(-1.57079) q1
Rx(-1.57079) q5
H q6
Rx(1.57079) q0
Rx(1.57079) q1
H q5
Rx(1.57079) q6
CNOT q0,q1
CNOT q1,q5
CNOT q5,q6
Rz(-0.176777*x0) q6
CNOT q5,q6
CNOT q1,q5
CNOT q0,q1
Rx(-1.57079) q0
Rx(-1.57079) q1
H q5
Rx(-1.57079) q6
Rx(1.57079) q0
H q1
Rx(1.57079) q5
Rx(1.57079) q6
CNOT q0,q1
CNOT q1,q5
CNOT q5,q6
Rz(0.176777*x0) q6
CNOT q5,q6
CNOT q1,q5
CNOT q0,q1
Rx(-1.57079) q0
H q1
Rx(-1.57079) q5
Rx(-1.57079) q6
H q0
Rx(1.57079) q1
Rx(1.57079) q5
Rx(1.57079) q6
CNOT q0,q1
CNOT q1,q5
CNOT q5,q6
Rz(-0.176777*x0) q6
CNOT q5,q6
CNOT q1,q5
CNOT q0,q1
H q0
Rx(-1.57079) q1
Rx(-1.57079) q5
Rx(-1.57079) q6
H q0
Rx(1.57079) q1
H q5
H q6
CNOT q0,q1
CNOT q1,q5
CNOT q5,q6
Rz(-0.176777*x0) q6
CNOT q5,q6
CNOT q1,q5
CNOT q0,q1
H q0
Rx(-1.57079) q1
H q5
H q6
Rx(1.57079) q0
H q1
H q5
H q6
CNOT q0,q1
CNOT q1,q5
CNOT q5,q6
Rz(0.176777*x0) q6
CNOT q5,q6
CNOT q1,q5
CNOT q0,q1
Rx(-1.57079) q0
H q1
H q5
H q6
H q0
H q1
Rx(1.57079) q5
H q6
CNOT q0,q1
CNOT q1,q5
CNOT q5,q6
Rz(0.176777*x0) q6
CNOT q5,q6
CNOT q1,q5
CNOT q0,q1
H q0
H q1
Rx(-1.57079) q5
H q6
H q0
Rx(1.57079) q4
Rx(1.57079) q5
Rx(1.57079) q9
CNOT q0,q1
CNOT q1,q2
CNOT q2,q3
CNOT q3,q4
CNOT q4,q5
CNOT q5,q6
CNOT q6,q7
CNOT q7,q8
CNOT q8,q9
Rz(-0.176777*x1) q9
CNOT q8,q9
CNOT q7,q8
CNOT q6,q7
CNOT q5,q6
CNOT q4,q5
CNOT q3,q4
CNOT q2,q3
CNOT q1,q2
CNOT q0,q1
H q0
Rx(-1.57079) q4
Rx(-1.57079) q5
Rx(-1.57079) q9
Rx(1.57079) q0
H q4
H q5
H q9
CNOT q0,q1
CNOT q1,q2
CNOT q2,q3
CNOT q3,q4
CNOT q4,q5
CNOT q5,q6
CNOT q6,q7
CNOT q7,q8
CNOT q8,q9
Rz(0.176777*x1) q9
CNOT q8,q9
CNOT q7,q8
CNOT q6,q7
CNOT q5,q6
CNOT q4,q5
CNOT q3,q4
CNOT q2,q3
CNOT q1,q2
CNOT q0,q1
Rx(-1.57079) q0
H q4
H q5
H q9
Rx(1.57079) q0
Rx(1.57079) q4
Rx(1.57079) q5
H q9
CNOT q0,q1
CNOT q1,q2
CNOT q2,q3
CNOT q3,q4
CNOT q4,q5
CNOT q5,q6
CNOT q6,q7
CNOT q7,q8
CNOT q8,q9
Rz(0.176777*x1) q9
CNOT q8,q9
CNOT q7,q8
CNOT q6,q7
CNOT q5,q6
CNOT q4,q5
CNOT q3,q4
CNOT q2,q3
CNOT q1,q2
CNOT q0,q1
Rx(-1.57079) q0
Rx(-1.57079) q4
Rx(-1.57079) q5
H q9
Rx(1.57079) q0
H q4
Rx(1.57079) q5
Rx(1.57079) q9
CNOT q0,q1
CNOT q1,q2
CNOT q2,q3
CNOT q3,q4
CNOT q4,q5
CNOT q5,q6
CNOT q6,q7
CNOT q7,q8
CNOT q8,q9
Rz(0.176777*x1) q9
CNOT q8,q9
CNOT q7,q8
CNOT q6,q7
CNOT q5,q6
CNOT q4,q5
CNOT q3,q4
CNOT q2,q3
CNOT q1,q2
CNOT q0,q1
Rx(-1.57079) q0
H q4
Rx(-1.57079) q5
Rx(-1.57079) q9
H q0
H q4
Rx(1.57079) q5
H q9
CNOT q0,q1
CNOT q1,q2
CNOT q2,q3
CNOT q3,q4
CNOT q4,q5
CNOT q5,q6
CNOT q6,q7
CNOT q7,q8
CNOT q8,q9
Rz(0.176777*x1) q9
CNOT q8,q9
CNOT q7,q8
CNOT q6,q7
CNOT q5,q6
CNOT q4,q5
CNOT q3,q4
CNOT q2,q3
CNOT q1,q2
CNOT q0,q1
H q0
H q4
Rx(-1.57079) q5
H q9
H q0
Rx(1.57079) q4
H q5
H q9
CNOT q0,q1
CNOT q1,q2
CNOT q2,q3
CNOT q3,q4
CNOT q4,q5
CNOT q5,q6
CNOT q6,q7
CNOT q7,q8
CNOT q8,q9
Rz(-0.176777*x1) q9
CNOT q8,q9
CNOT q7,q8
CNOT q6,q7
CNOT q5,q6
CNOT q4,q5
CNOT q3,q4
CNOT q2,q3
CNOT q1,q2
CNOT q0,q1
H q0
Rx(-1.57079) q4
H q5
H q9
Rx(1.57079) q0
Rx(1.57079) q4
H q5
Rx(1.57079) q9
CNOT q0,q1
CNOT q1,q2
CNOT q2,q3
CNOT q3,q4
CNOT q4,q5
CNOT q5,q6
CNOT q6,q7
CNOT q7,q8
CNOT q8,q9
Rz(-0.176777*x1) q9
CNOT q8,q9
CNOT q7,q8
CNOT q6,q7
CNOT q5,q6
CNOT q4,q5
CNOT q3,q4
CNOT q2,q3
CNOT q1,q2
CNOT q0,q1
Rx(-1.57079) q0
Rx(-1.57079) q4
H q5
Rx(-1.57079) q9
H q0
H q4
H q5
Rx(1.57079) q9
CNOT q0,q1
CNOT q1,q2
CNOT q2,q3
CNOT q3,q4
CNOT q4,q5
CNOT q5,q6
CNOT q6,q7
CNOT q7,q8
CNOT q8,q9
Rz(-0.176777*x1) q9
CNOT q8,q9
CNOT q7,q8
CNOT q6,q7
CNOT q5,q6
CNOT q4,q5
CNOT q3,q4
CNOT q2,q3
CNOT q1,q2
CNOT q0,q1
H q0
H q4
H q5
Rx(-1.57079) q9
H q0
Rx(1.57079) q2
H q5
H q7
CNOT q0,q1
CNOT q1,q2
CNOT q2,q5
CNOT q5,q6
CNOT q6,q7
Rz(-0.176777*x2) q7
CNOT q6,q7
CNOT q5,q6
CNOT q2,q5
CNOT q1,q2
CNOT q0,q1
H q0
Rx(-1.57079) q2
H q5
H q7
H q0
H q2
Rx(1.57079) q5
H q7
CNOT q0,q1
CNOT q1,q2
CNOT q2,q5
CNOT q5,q6
CNOT q6,q7
Rz(0.176777*x2) q7
CNOT q6,q7
CNOT q5,q6
CNOT q2,q5
CNOT q1,q2
CNOT q0,q1
H q0
H q2
Rx(-1.57079) q5
H q7
H q0
Rx(1.57079) q2
Rx(1.57079) q5
Rx(1.57079) q7
CNOT q0,q1
CNOT q1,q2
CNOT q2,q5
CNOT q5,q6
CNOT q6,q7
Rz(-0.176777*x2) q7
CNOT q6,q7
CNOT q5,q6
CNOT q2,q5
CNOT q1,q2
CNOT q0,q1
H q0
Rx(-1.57079) q2
Rx(-1.57079) q5
Rx(-1.57079) q7
Rx(1.57079) q0
Rx(1.57079) q2
Rx(1.57079) q5
H q7
CNOT q0,q1
CNOT q1,q2
CNOT q2,q5
CNOT q5,q6
CNOT q6,q7
Rz(0.176777*x2) q7
CNOT q6,q7
CNOT q5,q6
CNOT q2,q5
CNOT q1,q2
CNOT q0,q1
Rx(-1.57079) q0
Rx(-1.57079) q2
Rx(-1.57079) q5
H q7
Rx(1.57079) q0
H q2
H q5
H q7
CNOT q0,q1
CNOT q1,q2
CNOT q2,q5
CNOT q5,q6
CNOT q6,q7
Rz(0.176777*x2) q7
CNOT q6,q7
CNOT q5,q6
CNOT q2,q5
CNOT q1,q2
CNOT q0,q1
Rx(-1.57079) q0
H q2
H q5
H q7
Rx(1.57079) q0
Rx(1.57079) q2
H q5
Rx(1.57079) q7
CNOT q0,q1
CNOT q1,q2
CNOT q2,q5
CNOT q5,q6
CNOT q6,q7
Rz(-0.176777*x2) q7
CNOT q6,q7
CNOT q5,q6
CNOT q2,q5
CNOT q1,q2
CNOT q0,q1
Rx(-1.57079) q0
Rx(-1.57079) q2
H q5
Rx(-1.57079) q7
H q0
H q2
H q5
Rx(1.57079) q7
CNOT q0,q1
CNOT q1,q2
CNOT q2,q5
CNOT q5,q6
CNOT q6,q7
Rz(-0.176777*x2) q7
CNOT q6,q7
CNOT q5,q6
CNOT q2,q5
CNOT q1,q2
CNOT q0,q1
H q0
H q2
H q5
Rx(-1.57079) q7
Rx(1.57079) q0
H q2
Rx(1.57079) q5
Rx(1.57079) q7
CNOT q0,q1
CNOT q1,q2
CNOT q2,q5
CNOT q5,q6
CNOT q6,q7
Rz(0.176777*x2) q7
CNOT q6,q7
CNOT q5,q6
CNOT q2,q5
CNOT q1,q2
CNOT q0,q1
Rx(-1.57079) q0
H q2
Rx(-1.57079) q5
Rx(-1.57079) q7
Rx(1.57079) q0
H q3
Rx(1.57079) q5
Rx(1.57079) q8
CNOT q0,q1
CNOT q1,q2
CNOT q2,q3
CNOT q3,q5
CNOT q5,q6
CNOT q6,q7
CNOT q7,q8
Rz(0.176777*x3) q8
CNOT q7,q8
CNOT q6,q7
CNOT q5,q6
CNOT q3,q5
CNOT q2,q3
CNOT q1,q2
CNOT q0,q1
Rx(-1.57079) q0
H q3
Rx(-1.57079) q5
Rx(-1.57079) q8
Rx(1.57079) q0
Rx(1.57079) q3
H q5
Rx(1.57079) q8
CNOT q0,q1
CNOT q1,q2
CNOT q2,q3
CNOT q3,q5
CNOT q5,q6
CNOT q6,q7
CNOT q7,q8
Rz(-0.176777*x3) q8
CNOT q7,q8
CNOT q6,q7
CNOT q5,q6
CNOT q3,q5
CNOT q2,q3
CNOT q1,q2
CNOT q0,q1
Rx(-1.57079) q0
Rx(-1.57079) q3
H q5
Rx(-1.57079) q8
H q0
H q3
Rx(1.57079) q5
H q8
CNOT q0,q1
CNOT q1,q2
CNOT q2,q3
CNOT q3,q5
CNOT q5,q6
CNOT q6,q7
CNOT q7,q8
Rz(0.176777*x3) q8
CNOT q7,q8
CNOT q6,q7
CNOT q5,q6
CNOT q3,q5
CNOT q2,q3
CNOT q1,q2
CNOT q0,q1
H q0
H q3
Rx(-1.57079) q5
H q8
H q0
Rx(1.57079) q3
H q5
H q8
CNOT q0,q1
CNOT q1,q2
CNOT q2,q3
CNOT q3,q5
CNOT q5,q6
CNOT q6,q7
CNOT q7,q8
Rz(-0.176777*x3) q8
CNOT q7,q8
CNOT q6,q7
CNOT q5,q6
CNOT q3,q5
CNOT q2,q3
CNOT q1,q2
CNOT q0,q1
H q0
Rx(-1.57079) q3
H q5
H q8
Rx(1.57079) q0
H q3
H q5
H q8
CNOT q0,q1
CNOT q1,q2
CNOT q2,q3
CNOT q3,q5
CNOT q5,q6
CNOT q6,q7
CNOT q7,q8
Rz(0.176777*x3) q8
CNOT q7,q8
CNOT q6,q7
CNOT q5,q6
CNOT q3,q5
CNOT q2,q3
CNOT q1,q2
CNOT q0,q1
Rx(-1.57079) q0
H q3
H q5
H q8
Rx(1.57079) q0
Rx(1.57079) q3
Rx(1.57079) q5
H q8
CNOT q0,q1
CNOT q1,q2
CNOT q2,q3
CNOT q3,q5
CNOT q5,q6
CNOT q6,q7
CNOT q7,q8
Rz(0.176777*x3) q8
CNOT q7,q8
CNOT q6,q7
CNOT q5,q6
CNOT q3,q5
CNOT q2,q3
CNOT q1,q2
CNOT q0,q1
Rx(-1.57079) q0
Rx(-1.57079) q3
Rx(-1.57079) q5
H q8
H q0
Rx(1.57079) q3
Rx(1.57079) q5
Rx(1.57079) q8
CNOT q0,q1
CNOT q1,q2
CNOT q2,q3
CNOT q3,q5
CNOT q5,q6
CNOT q6,q7
CNOT q7,q8
Rz(-0.176777*x3) q8
CNOT q7,q8
CNOT q6,q7
CNOT q5,q6
CNOT q3,q5
CNOT q2,q3
CNOT q1,q2
CNOT q0,q1
H q0
Rx(-1.57079) q3
Rx(-1.57079) q5
Rx(-1.57079) q8
H q0
H q3
H q5
Rx(1.57079) q8
CNOT q0,q1
CNOT q1,q2
CNOT q2,q3
CNOT q3,q5
CNOT q5,q6
CNOT q6,q7
CNOT q7,q8
Rz(-0.176777*x3) q8
CNOT q7,q8
CNOT q6,q7
CNOT q5,q6
CNOT q3,q5
CNOT q2,q3
CNOT q1,q2
CNOT q0,q1
H q0
H q3
H q5
Rx(-1.57079) q8
[0m
-1.1421323043514742
[0.07033867877015368, 0.0703867083589711, 0.07627576219354147, 0.20974079831744627]
[5, 23, 13, 19]
