Operator pool: singlet-adapted-uccsd
Number of operators in the pool: 24
Iteration: 1
Computing [H, A]
Printing commutators with absolute value above 0.000000
Number of instructions for commutator calculation: 704
E() = 2.16840434497e-19
Number of instructions for commutator calculation: 700
E() = -3.6468e-06
[H,1] = -3.6468e-06
Number of instructions for commutator calculation: 716
E() = -1.38080000007e-06
[H,2] = -1.38080000007e-06
Number of instructions for commutator calculation: 720
E() = -2.59999999999e-09
[H,3] = -2.59999999999e-09
Number of instructions for commutator calculation: 2248
E() = 0.573843486721
[H,5] = 0.573843486721
Number of instructions for commutator calculation: 3876
E() = -5.09343872513e-33
Number of instructions for commutator calculation: 3822
E() = 2.09586449944e-05
[H,9] = 2.09586449944e-05
Number of instructions for commutator calculation: 3802
E() = -0.152892963378
[H,11] = -0.152892963378
Number of instructions for commutator calculation: 2240
E() = 0.171578575723
[H,13] = 0.171578575723
Number of instructions for commutator calculation: 3846
E() = -0.00784752762615
[H,15] = -0.00784752762615
Number of instructions for commutator calculation: 3826
E() = -1.09776913566e-05
[H,17] = -1.09776913566e-05
Number of instructions for commutator calculation: 2240
E() = 0.133759911963
[H,19] = 0.133759911963
Number of instructions for commutator calculation: 3792
E() = -2.96799647055e-33
Number of instructions for commutator calculation: 2240
E() = 0.139383121506
[H,23] = 0.139383121506
Max gradient component: [H, 5] = 0.573843486721 a.u.
Norm of gradient vector: 0.647682612105 a.u.
vqe optimization of current ansatz.
020-08-05 17:30:43.783] [xacc-logger] [info] Chosen optimizer does not support gradients. Using default.
E(0.000000) = -0.791878637
E(1.570796) = -0.925402753067
E(3.141593) = -0.574308583403
E(2.356194) = -0.71899975738
E(1.178097) = -0.974807641624
E(0.785398) = -0.964003276678
E(0.981748) = -0.977169034584
E(0.883573) = -0.972491420827
E(1.030835) = -0.978047844927
E(1.079922) = -0.977946092843
E(1.055379) = -0.97811961014
E(1.079922) = -0.977946092843
E(1.067651) = -0.978063509604
E(1.049243) = -0.978124667691
E(1.043107) = -0.978114389994
E(1.046175) = -0.978121445618
E(1.050777) = -0.97812484216
E(1.052311) = -0.978124056961
E(1.050010) = -0.978124874631
Energy at ADAPT iteration 1: -0.97812484216
Parameters at ADAPT iteration 1: 1.05077682178 
Ansatz at ADAPT iteration 1: 5 
Iteration: 2
Computing [H, A]
Printing commutators with absolute value above 0.000000
Number of instructions for commutator calculation: 704
E(1.050777) = 8.18297014338e-10
[H,0] = 8.18297014338e-10
Number of instructions for commutator calculation: 700
E(1.050777) = -0.108420753662
[H,1] = -0.108420753662
Number of instructions for commutator calculation: 716
E(1.050777) = 0.0179555583112
[H,2] = 0.0179555583112
Number of instructions for commutator calculation: 720
E(1.050777) = 6.85059196859e-06
[H,3] = 6.85059196859e-06
Number of instructions for commutator calculation: 2248
E(1.050777) = -0.000397990148251
[H,5] = -0.000397990148251
Number of instructions for commutator calculation: 3876
E(1.050777) = 1.05787245312e-10
[H,7] = 1.05787245312e-10
Number of instructions for commutator calculation: 3822
E(1.050777) = 7.69901456336e-08
[H,9] = 7.69901456336e-08
Number of instructions for commutator calculation: 3802
E(1.050777) = -7.04613319923e-05
[H,11] = -7.04613319923e-05
Number of instructions for commutator calculation: 2240
E(1.050777) = -0.0190778042582
[H,13] = -0.0190778042582
Number of instructions for commutator calculation: 3846
E(1.050777) = 0.00979125090966
[H,15] = 0.00979125090966
Number of instructions for commutator calculation: 3826
E(1.050777) = 3.57043980967e-06
[H,17] = 3.57043980967e-06
Number of instructions for commutator calculation: 2240
E(1.050777) = 0.0122246368283
[H,19] = 0.0122246368283
Number of instructions for commutator calculation: 3792
E(1.050777) = 5.46797270815e-06
[H,21] = 5.46797270815e-06
Number of instructions for commutator calculation: 2240
E(1.050777) = -0.0141568710471
[H,23] = -0.0141568710471
Max gradient component: [H, 1] = -0.108420753662 a.u.
Norm of gradient vector: 0.113522311915 a.u.
vqe optimization of current ansatz.
020-08-05 17:42:21.014] [xacc-logger] [info] Chosen optimizer does not support gradients. Using default.
E(0.000000,0) = -0.791878637
E(1.570796,0) = -0.637234395989
E(0.000000,1.5708) = -0.925402753067
E(-1.188938,2.59736) = -0.624970733112
E(0.760000,1.76891) = -0.851196167125
E(-0.020635,1.17864) = -0.975880777864
E(-0.201415,0.830027) = -0.976246940293
E(-0.097930,0.809655) = -0.970776594288
E(-0.505440,0.581468) = -0.939290003466
E(-0.222995,1.02519) = -0.987774279419
E(-0.343250,1.1804) = -0.988744113382
E(-0.268570,1.24413) = -0.982331059666
E(-0.425152,1.12627) = -0.992649458007
E(-0.509617,1.07623) = -0.994389652781
E(-0.606805,1.09012) = -0.99501381478
E(-0.648994,1.00147) = -0.992783153574
E(-0.611697,1.13896) = -0.99458654361
E(-0.622333,1.07111) = -0.994896178362
E(-0.584315,1.08029) = -0.994911005421
E(-0.609074,1.10218) = -0.995012164265
E(-0.612804,1.08883) = -0.99502207981
E(-0.618691,1.0871) = -0.995023660793
E(-0.619153,1.08098) = -0.99498933741
E(-0.620668,1.09291) = -0.995042947507
E(-0.622874,1.09863) = -0.995047890154
E(-0.628994,1.09819) = -0.995054801674
E(-0.634768,1.10027) = -0.995057072975
E(-0.637886,1.09498) = -0.995055678361
E(-0.637932,1.10552) = -0.995047472644
E(-0.636350,1.10289) = -0.995053749593
E(-0.633336,1.09972) = -0.995056858243
E(-0.635420,1.09888) = -0.995058190648
E(-0.636233,1.09758) = -0.995058323717
E(-0.637606,1.09826) = -0.995058669025
E(-0.639116,1.09853) = -0.995058747579
E(-0.638964,1.10006) = -0.995058340142
E(-0.639665,1.0971) = -0.995058058116
E(-0.639390,1.09782) = -0.995058537953
Energy at ADAPT iteration 2: -0.995058747579
Parameters at ADAPT iteration 2: -0.639115618466 1.09853289073 
Ansatz at ADAPT iteration 2: 5 1 
Iteration: 3
Computing [H, A]
Printing commutators with absolute value above 0.000000
Number of instructions for commutator calculation: 704
E(-0.639116,1.09853) = -1.89401560367e-10
[H,0] = -1.89401560367e-10
Number of instructions for commutator calculation: 700
E(-0.639116,1.09853) = 4.82080343734e-05
[H,1] = 4.82080343734e-05
Number of instructions for commutator calculation: 716
E(-0.639116,1.09853) = 0.0106813108634
[H,2] = 0.0106813108634
Number of instructions for commutator calculation: 720
E(-0.639116,1.09853) = -3.05871797546e-06
[H,3] = -3.05871797546e-06
Number of instructions for commutator calculation: 2248
E(-0.639116,1.09853) = 0.000313906202173
[H,5] = 0.000313906202173
Number of instructions for commutator calculation: 3876
E(-0.639116,1.09853) = -4.4754186589e-11
Number of instructions for commutator calculation: 3822
E(-0.639116,1.09853) = -3.69566723952e-06
[H,9] = -3.69566723952e-06
Number of instructions for commutator calculation: 3802
E(-0.639116,1.09853) = -0.0366643982569
[H,11] = -0.0366643982569
Number of instructions for commutator calculation: 2240
E(-0.639116,1.09853) = 0.00562434132775
[H,13] = 0.00562434132775
Number of instructions for commutator calculation: 3846
E(-0.639116,1.09853) = 0.00503089173845
[H,15] = 0.00503089173845
Number of instructions for commutator calculation: 3826
E(-0.639116,1.09853) = -5.68781884945e-07
[H,17] = -5.68781884945e-07
Number of instructions for commutator calculation: 2240
E(-0.639116,1.09853) = 0.00664019613062
[H,19] = 0.00664019613062
Number of instructions for commutator calculation: 3792
E(-0.639116,1.09853) = 3.76079347963e-06
[H,21] = 3.76079347963e-06
Number of instructions for commutator calculation: 2240
E(-0.639116,1.09853) = 0.00375719258175
[H,23] = 0.00375719258175
Max gradient component: [H, 11] = -0.0366643982569 a.u.
Norm of gradient vector: 0.0396688944603 a.u.
vqe optimization of current ansatz.
020-08-05 17:59:26.195] [xacc-logger] [info] Chosen optimizer does not support gradients. Using default.
E(0.000000,0,0) = -0.791878637
E(1.570796,0,0) = -0.33852306951
E(0.000000,1.5708,0) = -0.637234395989
E(0.000000,0,1.5708) = -0.925402753068
E(-1.432085,-0.488499,1.99258) = -0.792240959796
E(0.596077,-0.387088,1.90502) = -0.855330327116
E(0.053788,0.751072,1.79406) = -0.848060722055
E(-0.338282,-0.158472,1.69189) = -0.894916351516
E(0.015207,-0.0404428,1.18048) = -0.976871843096
E(0.032384,0.139079,0.831641) = -0.96002369806
E(0.224370,-0.357157,1.07971) = -0.983380358985
E(0.061634,-0.458317,1.03685) = -0.991829915598
E(0.060260,-0.480078,1.05333) = -0.992432447563
E(-0.056661,-0.629641,1.00319) = -0.99405290318
E(-0.202008,-0.572209,1.12206) = -0.99286929241
E(-0.047300,-0.645143,1.01936) = -0.994469909767
E(0.008511,-0.825206,1.07427) = -0.992922219525
E(-0.003721,-0.640528,1.03599) = -0.994218943472
E(-0.041937,-0.606655,0.826894) = -0.980025328952
E(0.084394,-0.557843,1.13593) = -0.992406888409
E(-0.051658,-0.631511,0.922234) = -0.989266358856
E(-0.085104,-0.642662,1.05057) = -0.99553276927
E(-0.070025,-0.619516,1.09115) = -0.995744100442
E(-0.066429,-0.638478,1.09562) = -0.995773284202
E(-0.105989,-0.642654,1.12438) = -0.995367234214
E(-0.042004,-0.636903,1.09745) = -0.995623601314
E(-0.074161,-0.639491,1.10509) = -0.995733327425
E(-0.072037,-0.643497,1.08592) = -0.995809587679
E(-0.068297,-0.649635,1.07598) = -0.995765950402
E(-0.074222,-0.638377,1.08334) = -0.995804177557
E(-0.077506,-0.645525,1.08783) = -0.995822636935
E(-0.080904,-0.650053,1.08546) = -0.995829908318
E(-0.085099,-0.653011,1.08882) = -0.995833288509
E(-0.090005,-0.650156,1.08649) = -0.995826096669
E(-0.083734,-0.658983,1.08848) = -0.995837867084
E(-0.081320,-0.662076,1.0932) = -0.995833236127
E(-0.085505,-0.660625,1.08659) = -0.995837796907
E(-0.081460,-0.659025,1.08642) = -0.995836139371
E(-0.084735,-0.657821,1.08846) = -0.995837264355
E(-0.083951,-0.659989,1.08962) = -0.995837820051
E(-0.083090,-0.659321,1.08823) = -0.995837902671
E(-0.082393,-0.659177,1.08795) = -0.995837585931
E(-0.083171,-0.659334,1.08793) = -0.995837901727
E(-0.083364,-0.660029,1.08834) = -0.995838196232
E(-0.083596,-0.660753,1.08844) = -0.995838431983
E(-0.083459,-0.661382,1.08886) = -0.995838512233
E(-0.084159,-0.661475,1.08916) = -0.995838526579
E(-0.084234,-0.661693,1.0891) = -0.995838598339
E(-0.084383,-0.662315,1.08867) = -0.99583881051
E(-0.084550,-0.662958,1.08829) = -0.995838888583
E(-0.085191,-0.663293,1.08855) = -0.995838900774
E(-0.085169,-0.663467,1.08872) = -0.995838905934
E(-0.085142,-0.664107,1.0883) = -0.995838921668
E(-0.085246,-0.664862,1.08839) = -0.995838914329
E(-0.085747,-0.664008,1.08784) = -0.995838750962
Energy at ADAPT iteration 3: -0.995838921668
Parameters at ADAPT iteration 3: -0.0851415719655 -0.664107360291 1.08830137762 
Ansatz at ADAPT iteration 3: 5 1 11 
Iteration: 4
Computing [H, A]
Printing commutators with absolute value above 0.000000
Number of instructions for commutator calculation: 704
E(-0.085142,-0.664107,1.0883) = -4.84499525699e-07
[H,0] = -4.84499525699e-07
Number of instructions for commutator calculation: 700
E(-0.085142,-0.664107,1.0883) = -4.48208179618e-06
[H,1] = -4.48208179618e-06
Number of instructions for commutator calculation: 716
E(-0.085142,-0.664107,1.0883) = 0.0145119223135
[H,2] = 0.0145119223135
Number of instructions for commutator calculation: 720
E(-0.085142,-0.664107,1.0883) = -1.06487588914e-05
[H,3] = -1.06487588914e-05
Number of instructions for commutator calculation: 2248
E(-0.085142,-0.664107,1.0883) = 0.000344753787406
[H,5] = 0.000344753787406
Number of instructions for commutator calculation: 3876
E(-0.085142,-0.664107,1.0883) = -2.76201725923e-06
[H,7] = -2.76201725923e-06
Number of instructions for commutator calculation: 3822
E(-0.085142,-0.664107,1.0883) = -4.24423480065e-06
[H,9] = -4.24423480065e-06
Number of instructions for commutator calculation: 3802
E(-0.085142,-0.664107,1.0883) = 0.00013217737823
[H,11] = 0.00013217737823
Number of instructions for commutator calculation: 2240
E(-0.085142,-0.664107,1.0883) = 0.00326886769742
[H,13] = 0.00326886769742
Number of instructions for commutator calculation: 3846
E(-0.085142,-0.664107,1.0883) = 0.00764023924057
[H,15] = 0.00764023924057
Number of instructions for commutator calculation: 3826
E(-0.085142,-0.664107,1.0883) = -3.84891578381e-06
[H,17] = -3.84891578381e-06
Number of instructions for commutator calculation: 2240
E(-0.085142,-0.664107,1.0883) = 0.00709246469722
[H,19] = 0.00709246469722
Number of instructions for commutator calculation: 3792
E(-0.085142,-0.664107,1.0883) = 4.4277108988e-06
[H,21] = 4.4277108988e-06
Number of instructions for commutator calculation: 2240
E(-0.085142,-0.664107,1.0883) = 0.00207180186637
[H,23] = 0.00207180186637
Max gradient component: [H, 2] = 0.0145119223135 a.u.
Norm of gradient vector: 0.0182862401597 a.u.
vqe optimization of current ansatz.
020-08-05 19:11:44.808] [xacc-logger] [info] Chosen optimizer does not support gradients. Using default.
E(0.000000,0,0,0) = -0.791878637
E(1.570796,0,0,0) = -0.612775119504
E(0.000000,1.5708,0,0) = -0.33852306951
E(0.000000,0,1.5708,0) = -0.637234395989
E(0.000000,0,0,1.5708) = -0.925402753068
E(-0.532289,-1.34736,-0.459597,1.96762) = -0.794997986186
E(0.755982,-0.194131,-0.06622,1.62797) = -0.905644586891
E(0.000000,0.120643,-0.252244,1.5708) = -0.936005478235
E(-0.006274,0.753875,-0.175993,2.02907) = -0.816119476012
E(-0.133921,-0.174342,-0.446457,1.67823) = -0.911806550968
E(-0.019209,0.150701,-0.241343,1.53459) = -0.942418480346
E(0.098470,0.136184,-0.312725,1.16709) = -0.985997312602
E(0.040734,0.294751,-0.355841,0.815125) = -0.954912225811
E(0.479651,0.153956,-0.399078,1.20086) = -0.977918597495
E(0.073770,-0.0187133,-0.429018,1.14646) = -0.992561775231
E(0.083370,-0.036707,-0.36133,1.11771) = -0.991913378983
E(0.023413,-0.136746,-0.41169,1.29405) = -0.980434891615
E(0.052891,-0.0113766,-0.426413,1.12659) = -0.99299721558
E(0.133119,-0.0226562,-0.525033,0.97738) = -0.992192923499
E(-0.105690,-0.0128696,-0.384072,1.01884) = -0.990708106482
E(0.100781,-0.0168992,-0.477517,1.05801) = -0.994300575588
E(0.107788,-0.0854968,-0.545716,1.07326) = -0.995546456866
E(0.146289,-0.0747056,-0.63521,1.07876) = -0.995759515025
E(0.088121,-0.105552,-0.674299,1.01732) = -0.994905749311
E(0.151947,-0.0885695,-0.62927,1.05624) = -0.995557487601
E(0.163334,-0.131558,-0.640592,1.15678) = -0.994370170677
E(0.113477,-0.0735499,-0.643701,1.10223) = -0.99594585369
E(0.103826,0.0236584,-0.643973,1.112) = -0.994525434323
E(0.125671,-0.106137,-0.645197,1.13682) = -0.995371082681
E(0.104924,-0.0768101,-0.621029,1.10009) = -0.995942328124
E(0.110513,-0.0752899,-0.644317,1.10209) = -0.995965129663
E(0.093899,-0.0632714,-0.650267,1.08998) = -0.995988569062
E(0.091746,-0.0618106,-0.650093,1.09946) = -0.995971096361
E(0.082476,-0.0822951,-0.65851,1.0835) = -0.996086844444
E(0.072805,-0.0995057,-0.66872,1.07308) = -0.996050057612
E(0.077641,-0.0909004,-0.663615,1.07829) = -0.996083657473
E(0.084706,-0.0820574,-0.65967,1.08371) = -0.996083683176
E(0.077337,-0.0910459,-0.662942,1.07821) = -0.996084083468
E(0.082447,-0.080648,-0.661425,1.08306) = -0.996078801184
E(0.080916,-0.0939623,-0.657494,1.08018) = -0.996094954522
E(0.074082,-0.093739,-0.666495,1.0754) = -0.99606792951
E(0.080161,-0.094136,-0.657574,1.08385) = -0.996105318583
E(0.078335,-0.0983211,-0.650917,1.09309) = -0.996090709937
E(0.078434,-0.0940403,-0.658699,1.08565) = -0.996108788126
E(0.070672,-0.0988492,-0.665555,1.08115) = -0.996094050929
E(0.078664,-0.0938781,-0.661758,1.08791) = -0.996110374418
E(0.088552,-0.0998529,-0.664301,1.08464) = -0.996095455546
E(0.077635,-0.0921398,-0.669414,1.09728) = -0.996094563283
E(0.074171,-0.0957636,-0.663247,1.08449) = -0.996106617953
E(0.079215,-0.0884172,-0.660834,1.08532) = -0.996105057822
E(0.078018,-0.0946167,-0.65901,1.08885) = -0.996109759106
E(0.078358,-0.0937845,-0.662095,1.08888) = -0.996110503481
E(0.080539,-0.095596,-0.662865,1.08977) = -0.996108501459
E(0.078513,-0.093057,-0.661939,1.08906) = -0.996110544952
E(0.075915,-0.091917,-0.66285,1.08832) = -0.996111008297
E(0.075173,-0.090584,-0.665491,1.08865) = -0.996109973859
E(0.075477,-0.0920372,-0.663008,1.08877) = -0.996111075429
E(0.074014,-0.0912935,-0.660438,1.08911) = -0.996110892283
E(0.075552,-0.0919046,-0.662946,1.0875) = -0.996110713247
E(0.074129,-0.0947535,-0.663237,1.08918) = -0.996110294673
E(0.076771,-0.0921228,-0.662453,1.08938) = -0.996110878219
Energy at ADAPT iteration 4: -0.996111075429
Parameters at ADAPT iteration 4: 0.075476940704 -0.0920372380906 -0.663007505954 1.08877300043 
Ansatz at ADAPT iteration 4: 5 1 11 2 
Iteration: 5
Computing [H, A]
Printing commutators with absolute value above 0.000000
Number of instructions for commutator calculation: 704
E(0.075477,-0.0920372,-0.663008,1.08877) = -1.1768673463e-06
[H,0] = -1.1768673463e-06
Number of instructions for commutator calculation: 700
E(0.075477,-0.0920372,-0.663008,1.08877) = 0.000228522852364
[H,1] = 0.000228522852364
Number of instructions for commutator calculation: 716
E(0.075477,-0.0920372,-0.663008,1.08877) = -0.000101421180002
[H,2] = -0.000101421180002
Number of instructions for commutator calculation: 720
E(0.075477,-0.0920372,-0.663008,1.08877) = -1.10211629436e-05
[H,3] = -1.10211629436e-05
Number of instructions for commutator calculation: 2248
E(0.075477,-0.0920372,-0.663008,1.08877) = -6.62089813719e-05
[H,5] = -6.62089813719e-05
Number of instructions for commutator calculation: 3876
E(0.075477,-0.0920372,-0.663008,1.08877) = -2.60309306905e-06
[H,7] = -2.60309306905e-06
Number of instructions for commutator calculation: 3822
E(0.075477,-0.0920372,-0.663008,1.08877) = 6.04792913678e-06
[H,9] = 6.04792913678e-06
Number of instructions for commutator calculation: 3802
E(0.075477,-0.0920372,-0.663008,1.08877) = -0.000240679220134
[H,11] = -0.000240679220134
Number of instructions for commutator calculation: 2240
E(0.075477,-0.0920372,-0.663008,1.08877) = 0.00352379266991
[H,13] = 0.00352379266991
Number of instructions for commutator calculation: 3846
E(0.075477,-0.0920372,-0.663008,1.08877) = 0.00338909458602
[H,15] = 0.00338909458602
Number of instructions for commutator calculation: 3826
E(0.075477,-0.0920372,-0.663008,1.08877) = -3.8749432708e-06
[H,17] = -3.8749432708e-06
Number of instructions for commutator calculation: 2240
E(0.075477,-0.0920372,-0.663008,1.08877) = 0.00763259890264
[H,19] = 0.00763259890264
Number of instructions for commutator calculation: 3792
E(0.075477,-0.0920372,-0.663008,1.08877) = 2.64727898537e-06
[H,21] = 2.64727898537e-06
Number of instructions for commutator calculation: 2240
E(0.075477,-0.0920372,-0.663008,1.08877) = 0.00339250482601
[H,23] = 0.00339250482601
Max gradient component: [H, 19] = 0.00763259890264 a.u.
Norm of gradient vector: 0.00968471678422 a.u.
ADAPT-vqe converged in 4 iterations.
ADAPT-vqe energy: -0.996111075429 a.u.
Operators in the ansatz
(0,-0.176777) X0 Y1 X5 X6 + (0,0.176777) X0 X1 Y5 X6 + (0,0.176777) Y0 X1 Y5 Y6 + (0,-0.176777) X0 Y1 Y5 Y6 + (0,-0.176777) X0 X1 X5 Y6 + (0,0.176777) Y0 Y1 Y5 X6 + (0,0.176777) Y0 X1 X5 X6 + (0,-0.176777) Y0 Y1 X5 Y6
(0,0.25) Y5 Z6 X7 + (0,-0.25) X5 Z6 Y7 + (0,0.25) Y0 Z1 X2 + (0,-0.25) X0 Z1 Y2
(0,-0.0883883) Y0 Y1 X5 Z6 Z7 Z8 Y9 + (0,0.0883883) X0 X1 Y5 Z6 Z7 Z8 X9 + (0,-0.0883883) X0 X1 X5 Z6 Z7 Z8 Y9 + (0,0.0883883) Y0 Z1 Z2 Z3 Y4 Y5 X6 + (0,-0.0883883) X0 Z1 Z2 Z3 Y4 X5 X6 + (0,0.0883883) Y0 Z1 Z2 Z3 X4 X5 X6 + (0,-0.0883883) X0 Z1 Z2 Z3 X4 X5 Y6 + (0,-0.0883883) X0 Y1 Y5 Z6 Z7 Z8 Y9 + (0,0.0883883) X0 Z1 Z2 Z3 X4 Y5 X6 + (0,-0.0883883) X0 Z1 Z2 Z3 Y4 Y5 Y6 + (0,-0.0883883) Y0 Z1 Z2 Z3 Y4 X5 Y6 + (0,0.0883883) Y0 Y1 Y5 Z6 Z7 Z8 X9 + (0,0.0883883) Y0 X1 Y5 Z6 Z7 Z8 Y9 + (0,0.0883883) Y0 Z1 Z2 Z3 X4 Y5 Y6 + (0,0.0883883) Y0 X1 X5 Z6 Z7 Z8 X9 + (0,-0.0883883) X0 Y1 X5 Z6 Z7 Z8 X9
(0,-0.25) X0 Z1 Z2 Y3 + (0,0.25) Y5 Z6 Z7 X8 + (0,-0.25) X5 Z6 Z7 Y8 + (0,0.25) Y0 Z1 Z2 X3
Optimal parameters: 0.075476940704 -0.0920372380906 -0.663007505954 1.08877300043 
Final ADAPT-vqe circuit
X q0
X q5
H q0
H q1
H q5
Rx(1.57079) q6
CNOT q0,q1
CNOT q1,q5
CNOT q5,q6
Rz(-0.176777*x0) q6
CNOT q5,q6
CNOT q1,q5
CNOT q0,q1
H q0
H q1
H q5
Rx(-1.57079) q6
Rx(1.57079) q0
Rx(1.57079) q1
Rx(1.57079) q5
H q6
CNOT q0,q1
CNOT q1,q5
CNOT q5,q6
Rz(0.176777*x0) q6
CNOT q5,q6
CNOT q1,q5
CNOT q0,q1
Rx(-1.57079) q0
Rx(-1.57079) q1
Rx(-1.57079) q5
H q6
Rx(1.57079) q0
Rx(1.57079) q1
H q5
Rx(1.57079) q6
CNOT q0,q1
CNOT q1,q5
CNOT q5,q6
Rz(-0.176777*x0) q6
CNOT q5,q6
CNOT q1,q5
CNOT q0,q1
Rx(-1.57079) q0
Rx(-1.57079) q1
H q5
Rx(-1.57079) q6
Rx(1.57079) q0
H q1
Rx(1.57079) q5
Rx(1.57079) q6
CNOT q0,q1
CNOT q1,q5
CNOT q5,q6
Rz(0.176777*x0) q6
CNOT q5,q6
CNOT q1,q5
CNOT q0,q1
Rx(-1.57079) q0
H q1
Rx(-1.57079) q5
Rx(-1.57079) q6
H q0
Rx(1.57079) q1
Rx(1.57079) q5
Rx(1.57079) q6
CNOT q0,q1
CNOT q1,q5
CNOT q5,q6
Rz(-0.176777*x0) q6
CNOT q5,q6
CNOT q1,q5
CNOT q0,q1
H q0
Rx(-1.57079) q1
Rx(-1.57079) q5
Rx(-1.57079) q6
H q0
Rx(1.57079) q1
H q5
H q6
CNOT q0,q1
CNOT q1,q5
CNOT q5,q6
Rz(-0.176777*x0) q6
CNOT q5,q6
CNOT q1,q5
CNOT q0,q1
H q0
Rx(-1.57079) q1
H q5
H q6
Rx(1.57079) q0
H q1
H q5
H q6
CNOT q0,q1
CNOT q1,q5
CNOT q5,q6
Rz(0.176777*x0) q6
CNOT q5,q6
CNOT q1,q5
CNOT q0,q1
Rx(-1.57079) q0
H q1
H q5
H q6
H q0
H q1
Rx(1.57079) q5
H q6
CNOT q0,q1
CNOT q1,q5
CNOT q5,q6
Rz(0.176777*x0) q6
CNOT q5,q6
CNOT q1,q5
CNOT q0,q1
H q0
H q1
Rx(-1.57079) q5
H q6
Rx(1.57079) q0
H q2
CNOT q0,q1
CNOT q1,q2
Rz(0.250000*x1) q2
CNOT q1,q2
CNOT q0,q1
Rx(-1.57079) q0
H q2
H q5
Rx(1.57079) q7
CNOT q5,q6
CNOT q6,q7
Rz(-0.250000*x1) q7
CNOT q6,q7
CNOT q5,q6
H q5
Rx(-1.57079) q7
Rx(1.57079) q5
H q7
CNOT q5,q6
CNOT q6,q7
Rz(0.250000*x1) q7
CNOT q6,q7
CNOT q5,q6
Rx(-1.57079) q5
H q7
H q0
Rx(1.57079) q2
CNOT q0,q1
CNOT q1,q2
Rz(-0.250000*x1) q2
CNOT q1,q2
CNOT q0,q1
H q0
Rx(-1.57079) q2
Rx(1.57079) q0
Rx(1.57079) q4
H q5
Rx(1.57079) q6
CNOT q0,q1
CNOT q1,q2
CNOT q2,q3
CNOT q3,q4
CNOT q4,q5
CNOT q5,q6
Rz(-0.088388*x2) q6
CNOT q5,q6
CNOT q4,q5
CNOT q3,q4
CNOT q2,q3
CNOT q1,q2
CNOT q0,q1
Rx(-1.57079) q0
Rx(-1.57079) q4
H q5
Rx(-1.57079) q6
Rx(1.57079) q0
H q4
Rx(1.57079) q5
Rx(1.57079) q6
CNOT q0,q1
CNOT q1,q2
CNOT q2,q3
CNOT q3,q4
CNOT q4,q5
CNOT q5,q6
Rz(0.088388*x2) q6
CNOT q5,q6
CNOT q4,q5
CNOT q3,q4
CNOT q2,q3
CNOT q1,q2
CNOT q0,q1
Rx(-1.57079) q0
H q4
Rx(-1.57079) q5
Rx(-1.57079) q6
H q0
Rx(1.57079) q1
Rx(1.57079) q5
Rx(1.57079) q9
CNOT q0,q1
CNOT q1,q5
CNOT q5,q6
CNOT q6,q7
CNOT q7,q8
CNOT q8,q9
Rz(-0.088388*x2) q9
CNOT q8,q9
CNOT q7,q8
CNOT q6,q7
CNOT q5,q6
CNOT q1,q5
CNOT q0,q1
H q0
Rx(-1.57079) q1
Rx(-1.57079) q5
Rx(-1.57079) q9
H q0
H q4
H q5
Rx(1.57079) q6
CNOT q0,q1
CNOT q1,q2
CNOT q2,q3
CNOT q3,q4
CNOT q4,q5
CNOT q5,q6
Rz(-0.088388*x2) q6
CNOT q5,q6
CNOT q4,q5
CNOT q3,q4
CNOT q2,q3
CNOT q1,q2
CNOT q0,q1
H q0
H q4
H q5
Rx(-1.57079) q6
H q0
Rx(1.57079) q4
Rx(1.57079) q5
Rx(1.57079) q6
CNOT q0,q1
CNOT q1,q2
CNOT q2,q3
CNOT q3,q4
CNOT q4,q5
CNOT q5,q6
Rz(-0.088388*x2) q6
CNOT q5,q6
CNOT q4,q5
CNOT q3,q4
CNOT q2,q3
CNOT q1,q2
CNOT q0,q1
H q0
Rx(-1.57079) q4
Rx(-1.57079) q5
Rx(-1.57079) q6
Rx(1.57079) q0
Rx(1.57079) q4
Rx(1.57079) q5
H q6
CNOT q0,q1
CNOT q1,q2
CNOT q2,q3
CNOT q3,q4
CNOT q4,q5
CNOT q5,q6
Rz(0.088388*x2) q6
CNOT q5,q6
CNOT q4,q5
CNOT q3,q4
CNOT q2,q3
CNOT q1,q2
CNOT q0,q1
Rx(-1.57079) q0
Rx(-1.57079) q4
Rx(-1.57079) q5
H q6
Rx(1.57079) q0
Rx(1.57079) q1
Rx(1.57079) q5
H q9
CNOT q0,q1
CNOT q1,q5
CNOT q5,q6
CNOT q6,q7
CNOT q7,q8
CNOT q8,q9
Rz(0.088388*x2) q9
CNOT q8,q9
CNOT q7,q8
CNOT q6,q7
CNOT q5,q6
CNOT q1,q5
CNOT q0,q1
Rx(-1.57079) q0
Rx(-1.57079) q1
Rx(-1.57079) q5
H q9
Rx(1.57079) q0
H q1
H q5
H q9
CNOT q0,q1
CNOT q1,q5
CNOT q5,q6
CNOT q6,q7
CNOT q7,q8
CNOT q8,q9
Rz(0.088388*x2) q9
CNOT q8,q9
CNOT q7,q8
CNOT q6,q7
CNOT q5,q6
CNOT q1,q5
CNOT q0,q1
Rx(-1.57079) q0
H q1
H q5
H q9
H q0
Rx(1.57079) q1
H q5
H q9
CNOT q0,q1
CNOT q1,q5
CNOT q5,q6
CNOT q6,q7
CNOT q7,q8
CNOT q8,q9
Rz(-0.088388*x2) q9
CNOT q8,q9
CNOT q7,q8
CNOT q6,q7
CNOT q5,q6
CNOT q1,q5
CNOT q0,q1
H q0
Rx(-1.57079) q1
H q5
H q9
Rx(1.57079) q0
H q1
Rx(1.57079) q5
Rx(1.57079) q9
CNOT q0,q1
CNOT q1,q5
CNOT q5,q6
CNOT q6,q7
CNOT q7,q8
CNOT q8,q9
Rz(0.088388*x2) q9
CNOT q8,q9
CNOT q7,q8
CNOT q6,q7
CNOT q5,q6
CNOT q1,q5
CNOT q0,q1
Rx(-1.57079) q0
H q1
Rx(-1.57079) q5
Rx(-1.57079) q9
H q0
H q1
H q5
Rx(1.57079) q9
CNOT q0,q1
CNOT q1,q5
CNOT q5,q6
CNOT q6,q7
CNOT q7,q8
CNOT q8,q9
Rz(-0.088388*x2) q9
CNOT q8,q9
CNOT q7,q8
CNOT q6,q7
CNOT q5,q6
CNOT q1,q5
CNOT q0,q1
H q0
H q1
H q5
Rx(-1.57079) q9
H q0
H q4
Rx(1.57079) q5
H q6
CNOT q0,q1
CNOT q1,q2
CNOT q2,q3
CNOT q3,q4
CNOT q4,q5
CNOT q5,q6
Rz(0.088388*x2) q6
CNOT q5,q6
CNOT q4,q5
CNOT q3,q4
CNOT q2,q3
CNOT q1,q2
CNOT q0,q1
H q0
H q4
Rx(-1.57079) q5
H q6
H q0
H q1
Rx(1.57079) q5
H q9
CNOT q0,q1
CNOT q1,q5
CNOT q5,q6
CNOT q6,q7
CNOT q7,q8
CNOT q8,q9
Rz(0.088388*x2) q9
CNOT q8,q9
CNOT q7,q8
CNOT q6,q7
CNOT q5,q6
CNOT q1,q5
CNOT q0,q1
H q0
H q1
Rx(-1.57079) q5
H q9
Rx(1.57079) q0
Rx(1.57079) q1
H q5
Rx(1.57079) q9
CNOT q0,q1
CNOT q1,q5
CNOT q5,q6
CNOT q6,q7
CNOT q7,q8
CNOT q8,q9
Rz(-0.088388*x2) q9
CNOT q8,q9
CNOT q7,q8
CNOT q6,q7
CNOT q5,q6
CNOT q1,q5
CNOT q0,q1
Rx(-1.57079) q0
Rx(-1.57079) q1
H q5
Rx(-1.57079) q9
H q0
Rx(1.57079) q4
H q5
H q6
CNOT q0,q1
CNOT q1,q2
CNOT q2,q3
CNOT q3,q4
CNOT q4,q5
CNOT q5,q6
Rz(-0.088388*x2) q6
CNOT q5,q6
CNOT q4,q5
CNOT q3,q4
CNOT q2,q3
CNOT q1,q2
CNOT q0,q1
H q0
Rx(-1.57079) q4
H q5
H q6
Rx(1.57079) q0
H q4
H q5
H q6
CNOT q0,q1
CNOT q1,q2
CNOT q2,q3
CNOT q3,q4
CNOT q4,q5
CNOT q5,q6
Rz(0.088388*x2) q6
CNOT q5,q6
CNOT q4,q5
CNOT q3,q4
CNOT q2,q3
CNOT q1,q2
CNOT q0,q1
Rx(-1.57079) q0
H q4
H q5
H q6
Rx(1.57079) q5
H q8
CNOT q5,q6
CNOT q6,q7
CNOT q7,q8
Rz(0.250000*x3) q8
CNOT q7,q8
CNOT q6,q7
CNOT q5,q6
Rx(-1.57079) q5
H q8
H q5
Rx(1.57079) q8
CNOT q5,q6
CNOT q6,q7
CNOT q7,q8
Rz(-0.250000*x3) q8
CNOT q7,q8
CNOT q6,q7
CNOT q5,q6
H q5
Rx(-1.57079) q8
Rx(1.57079) q0
H q3
CNOT q0,q1
CNOT q1,q2
CNOT q2,q3
Rz(0.250000*x3) q3
CNOT q2,q3
CNOT q1,q2
CNOT q0,q1
Rx(-1.57079) q0
H q3
H q0
Rx(1.57079) q3
CNOT q0,q1
CNOT q1,q2
CNOT q2,q3
Rz(-0.250000*x3) q3
CNOT q2,q3
CNOT q1,q2
CNOT q0,q1
H q0
Rx(-1.57079) q3
[0m
-0.9961110754285737
[0.07547694070395025, -0.09203723809056183, -0.6630075059539909, 1.0887730004302285]
[5, 1, 11, 2]
