Operator pool: singlet-adapted-uccsd
Number of operators in the pool: 24
Iteration: 1
Computing [H, A]
Printing commutators with absolute value above 0.000000
Number of instructions for commutator calculation: 744
E() = -2.686e-07
[H,0] = -2.686e-07
Number of instructions for commutator calculation: 740
E() = 1.54340000005e-06
[H,1] = 1.54340000005e-06
Number of instructions for commutator calculation: 744
E() = -5.97400000001e-07
[H,2] = -5.97400000001e-07
Number of instructions for commutator calculation: 744
E() = -4.60600000005e-07
[H,3] = -4.60600000005e-07
Number of instructions for commutator calculation: 2384
E() = 0.659595276427
[H,5] = 0.659595276427
Number of instructions for commutator calculation: 4046
E() = 2.11860505352e-05
[H,7] = 2.11860505352e-05
Number of instructions for commutator calculation: 4046
E() = 0.064192797478
[H,9] = 0.064192797478
Number of instructions for commutator calculation: 4046
E() = -0.155378819329
[H,11] = -0.155378819329
Number of instructions for commutator calculation: 2368
E() = 0.171974003411
[H,13] = 0.171974003411
Number of instructions for commutator calculation: 4030
E() = 0.00124316047221
[H,15] = 0.00124316047221
Number of instructions for commutator calculation: 4030
E() = 0.000333663891052
[H,17] = 0.000333663891052
Number of instructions for commutator calculation: 2384
E() = 0.134553843537
[H,19] = 0.134553843537
Number of instructions for commutator calculation: 4046
E() = -0.00523742000294
[H,21] = -0.00523742000294
Number of instructions for commutator calculation: 2384
E() = 0.143488437531
[H,23] = 0.143488437531
Max gradient component: [H, 5] = 0.659595276427 a.u.
Norm of gradient vector: 0.729127585264 a.u.
vqe optimization of current ansatz.
020-08-05 03:51:27.925] [xacc-logger] [info] Chosen optimizer does not support gradients. Using default.
E(0.000000) = -0.7531950667
E(1.570796) = -0.927192745321
E(3.141593) = -0.519294978294
E(2.356194) = -0.69475375463
E(1.178097) = -0.977455579298
E(0.785398) = -0.958146366828
E(0.981748) = -0.97663589846
E(1.276272) = -0.971165865807
E(1.129010) = -0.978934190689
E(1.079922) = -0.979290694293
E(1.030835) = -0.978523367291
E(1.055379) = -0.979047399699
E(1.092194) = -0.979306953553
E(1.104466) = -0.979252942675
E(1.086058) = -0.979307606378
E(1.082990) = -0.979301346872
E(1.087592) = -0.979309098052
E(1.089126) = -0.97930947641
E(1.090660) = -0.979308763863
E(1.089893) = -0.979309257493
Energy at ADAPT iteration 1: -0.97930947641
Parameters at ADAPT iteration 1: 1.08912634082 
Ansatz at ADAPT iteration 1: 5 
Iteration: 2
Computing [H, A]
Printing commutators with absolute value above 0.000000
Number of instructions for commutator calculation: 744
E(1.089126) = 2.69412641555e-06
[H,0] = 2.69412641555e-06
Number of instructions for commutator calculation: 740
E(1.089126) = 0.107647602363
[H,1] = 0.107647602363
Number of instructions for commutator calculation: 744
E(1.089126) = 0.000671507216102
[H,2] = 0.000671507216102
Number of instructions for commutator calculation: 744
E(1.089126) = 0.000234621548864
[H,3] = 0.000234621548864
Number of instructions for commutator calculation: 2384
E(1.089126) = -0.000213260413599
[H,5] = -0.000213260413599
Number of instructions for commutator calculation: 4046
E(1.089126) = -5.37598062614e-07
[H,7] = -5.37598062614e-07
Number of instructions for commutator calculation: 4046
E(1.089126) = 3.48437237216e-05
[H,9] = 3.48437237216e-05
Number of instructions for commutator calculation: 4046
E(1.089126) = -8.30916897236e-05
[H,11] = -8.30916897236e-05
Number of instructions for commutator calculation: 2368
E(1.089126) = -0.0211950493726
[H,13] = -0.0211950493726
Number of instructions for commutator calculation: 4030
E(1.089126) = -0.000374814296284
[H,15] = -0.000374814296284
Number of instructions for commutator calculation: 4030
E(1.089126) = -0.000131410698195
[H,17] = -0.000131410698195
Number of instructions for commutator calculation: 2384
E(1.089126) = -0.00102597501477
[H,19] = -0.00102597501477
Number of instructions for commutator calculation: 4046
E(1.089126) = 0.00586183451919
[H,21] = 0.00586183451919
Number of instructions for commutator calculation: 2384
E(1.089126) = -0.012601123625
[H,23] = -0.012601123625
Max gradient component: [H, 1] = 0.107647602363 a.u.
Norm of gradient vector: 0.110599076793 a.u.
vqe optimization of current ansatz.
020-08-05 04:03:39.820] [xacc-logger] [info] Chosen optimizer does not support gradients. Using default.
E(0.000000,0) = -0.7531950667
E(1.570796,0) = -0.586805231373
E(0.000000,1.5708) = -0.927192745321
E(-1.085624,2.70606) = -0.625645913152
E(0.756029,1.78357) = -0.891556137404
E(0.034768,1.17964) = -0.979202456336
E(0.007017,0.787922) = -0.958827731334
E(-0.072053,1.17276) = -0.973581707243
E(0.203797,0.82518) = -0.97085099498
E(-0.146362,1.10384) = -0.970379941253
E(0.096617,1.1034) = -0.984023593644
E(0.190241,1.07385) = -0.987723157159
E(0.242414,0.990687) = -0.986816644676
E(0.227996,1.10522) = -0.989071830011
E(0.258672,1.14354) = -0.989501255357
E(0.236928,1.18755) = -0.987318955653
E(0.301467,1.1195) = -0.991094088395
E(0.346609,1.10022) = -0.992225056782
E(0.395163,1.10743) = -0.993127618947
E(0.438096,1.08363) = -0.993563799836
E(0.478054,1.11215) = -0.994163803839
E(0.524916,1.12676) = -0.994457497398
E(0.523733,1.17583) = -0.99361529736
E(0.552602,1.08623) = -0.994247647443
E(0.538759,1.10649) = -0.994483555802
E(0.549954,1.11152) = -0.994537965787
E(0.561448,1.11582) = -0.994571674888
E(0.573665,1.11467) = -0.994571388186
E(0.562552,1.12804) = -0.994575553075
E(0.562675,1.13418) = -0.994547939079
E(0.560506,1.12807) = -0.994572119606
E(0.564617,1.12226) = -0.994586194851
E(0.569523,1.11858) = -0.994584899831
E(0.562629,1.11993) = -0.994582396417
E(0.565322,1.12363) = -0.994586713292
E(0.565386,1.12516) = -0.994585421678
E(0.566761,1.12309) = -0.99458825489
E(0.568279,1.12288) = -0.994589470651
E(0.569723,1.12339) = -0.994590420571
E(0.571160,1.12286) = -0.994591152031
E(0.572609,1.12336) = -0.994591801417
E(0.574120,1.12309) = -0.994592154192
E(0.575040,1.12431) = -0.994592312078
E(0.576549,1.12404) = -0.994592501489
E(0.578043,1.12439) = -0.994592396933
E(0.576613,1.12328) = -0.994592400655
Energy at ADAPT iteration 2: -0.994592501489
Parameters at ADAPT iteration 2: 0.576548962806 1.12404158326 
Ansatz at ADAPT iteration 2: 5 1 
Iteration: 3
Computing [H, A]
Printing commutators with absolute value above 0.000000
Number of instructions for commutator calculation: 744
E(0.576549,1.12404) = -1.54107713293e-06
[H,0] = -1.54107713293e-06
Number of instructions for commutator calculation: 740
E(0.576549,1.12404) = 2.77712402681e-05
[H,1] = 2.77712402681e-05
Number of instructions for commutator calculation: 744
E(0.576549,1.12404) = -0.000252327537599
[H,2] = -0.000252327537599
Number of instructions for commutator calculation: 744
E(0.576549,1.12404) = 1.55545810288e-05
[H,3] = 1.55545810288e-05
Number of instructions for commutator calculation: 2384
E(0.576549,1.12404) = -1.9565854877e-05
[H,5] = -1.9565854877e-05
Number of instructions for commutator calculation: 4046
E(0.576549,1.12404) = -1.71570517755e-06
[H,7] = -1.71570517755e-06
Number of instructions for commutator calculation: 4046
E(0.576549,1.12404) = 0.0177101851231
[H,9] = 0.0177101851231
Number of instructions for commutator calculation: 4046
E(0.576549,1.12404) = -0.0427585298109
[H,11] = -0.0427585298109
Number of instructions for commutator calculation: 2368
E(0.576549,1.12404) = 0.00476911830045
[H,13] = 0.00476911830045
Number of instructions for commutator calculation: 4030
E(0.576549,1.12404) = 4.77037554195e-05
[H,15] = 4.77037554195e-05
Number of instructions for commutator calculation: 4030
E(0.576549,1.12404) = -1.47549723583e-05
[H,17] = -1.47549723583e-05
Number of instructions for commutator calculation: 2384
E(0.576549,1.12404) = -0.000121008889696
[H,19] = -0.000121008889696
Number of instructions for commutator calculation: 4046
E(0.576549,1.12404) = -0.00282288908428
[H,21] = -0.00282288908428
Number of instructions for commutator calculation: 2384
E(0.576549,1.12404) = 0.00545327357089
[H,23] = 0.00545327357089
Max gradient component: [H, 11] = -0.0427585298109 a.u.
Norm of gradient vector: 0.0469305457084 a.u.
vqe optimization of current ansatz.
020-08-05 04:22:23.976] [xacc-logger] [info] Chosen optimizer does not support gradients. Using default.
E(0.000000,0,0) = -0.7531950667
E(1.570796,0,0) = -0.335340056197
E(0.000000,1.5708,0) = -0.586805231372
E(0.000000,0,1.5708) = -0.927192745322
E(-1.361052,-0.541971,2.13755) = -0.749965004932
E(0.643004,-0.311696,1.89674) = -0.835522970135
E(0.012869,0.759881,1.76895) = -0.896019850071
E(-0.342793,-0.0980673,1.73538) = -0.874485886274
E(0.017440,0.0434627,1.1809) = -0.979608532363
E(0.244486,0.023023,0.861143) = -0.956148857511
E(-0.030950,0.432443,1.15713) = -0.993404228982
E(-0.208181,0.425158,1.07293) = -0.992211315195
E(-0.044402,0.432563,1.17291) = -0.992982000282
E(0.029899,0.60301,1.08125) = -0.993132792523
E(-0.022754,0.416004,1.14069) = -0.993438333532
E(0.140202,0.348746,1.22714) = -0.985752753164
E(-0.043744,0.420233,1.16265) = -0.993101029643
E(0.116407,0.318814,1.04199) = -0.987092315915
E(-0.056875,0.476569,1.32432) = -0.982755802355
E(0.016362,0.37644,1.0598) = -0.99195591013
E(-0.066912,0.421556,1.11998) = -0.994038960362
E(-0.070401,0.401841,1.12354) = -0.993637924001
E(-0.089105,0.465223,1.12317) = -0.994659991139
E(-0.089322,0.492032,1.08205) = -0.995004163162
E(-0.066282,0.534417,1.09112) = -0.995303163239
E(-0.091690,0.576162,1.0865) = -0.995532843258
E(-0.076600,0.615795,1.06178) = -0.994869495621
E(-0.102866,0.583324,1.13376) = -0.99556373332
E(-0.125444,0.574308,1.13039) = -0.995470826575
E(-0.105163,0.59419,1.13148) = -0.995624328889
E(-0.098414,0.617779,1.13209) = -0.995660406491
E(-0.119943,0.628538,1.12728) = -0.995682944145
E(-0.125768,0.647638,1.14155) = -0.995500897438
E(-0.115425,0.630628,1.10324) = -0.995718069444
E(-0.126564,0.610035,1.09588) = -0.995665147499
E(-0.113169,0.641748,1.09857) = -0.995659410169
E(-0.104211,0.625717,1.10409) = -0.995722310614
E(-0.106072,0.62029,1.10192) = -0.995720652723
E(-0.104682,0.624791,1.10471) = -0.9957276158
E(-0.105489,0.623051,1.11054) = -0.995749470282
E(-0.107282,0.618378,1.11409) = -0.995755041399
E(-0.105764,0.620515,1.11963) = -0.995743719009
E(-0.106993,0.617289,1.11389) = -0.99575525546
E(-0.112634,0.615728,1.11206) = -0.995753706555
E(-0.107044,0.619974,1.11309) = -0.995754757519
E(-0.104062,0.615329,1.10887) = -0.995749657478
E(-0.107260,0.617642,1.11693) = -0.995751291707
E(-0.108441,0.617073,1.11344) = -0.99575561811
E(-0.108279,0.616907,1.11305) = -0.995755750797
E(-0.108744,0.615882,1.112) = -0.995755750541
E(-0.108168,0.617268,1.11285) = -0.995755739529
E(-0.109730,0.617364,1.11325) = -0.995755428203
E(-0.107583,0.616585,1.11305) = -0.995755729788
Energy at ADAPT iteration 3: -0.995755750797
Parameters at ADAPT iteration 3: -0.108278865603 0.61690654194 1.11304658739 
Ansatz at ADAPT iteration 3: 5 1 11 
Iteration: 4
Computing [H, A]
Printing commutators with absolute value above 0.000000
Number of instructions for commutator calculation: 744
E(-0.108279,0.616907,1.11305) = -4.21064131021e-05
[H,0] = -4.21064131021e-05
Number of instructions for commutator calculation: 740
E(-0.108279,0.616907,1.11305) = -0.000152345874382
[H,1] = -0.000152345874382
Number of instructions for commutator calculation: 744
E(-0.108279,0.616907,1.11305) = 9.72977311046e-05
[H,2] = 9.72977311046e-05
Number of instructions for commutator calculation: 744
E(-0.108279,0.616907,1.11305) = 0.000342189224109
[H,3] = 0.000342189224109
Number of instructions for commutator calculation: 2384
E(-0.108279,0.616907,1.11305) = -0.000405693924703
[H,5] = -0.000405693924703
Number of instructions for commutator calculation: 4046
E(-0.108279,0.616907,1.11305) = 8.64762741157e-05
[H,7] = 8.64762741157e-05
Number of instructions for commutator calculation: 4046
E(-0.108279,0.616907,1.11305) = 0.0184481653715
[H,9] = 0.0184481653715
Number of instructions for commutator calculation: 4046
E(-0.108279,0.616907,1.11305) = 1.28825065473e-05
[H,11] = 1.28825065473e-05
Number of instructions for commutator calculation: 2368
E(-0.108279,0.616907,1.11305) = 0.00188015578266
[H,13] = 0.00188015578266
Number of instructions for commutator calculation: 4030
E(-0.108279,0.616907,1.11305) = -0.000128111458086
[H,15] = -0.000128111458086
Number of instructions for commutator calculation: 4030
E(-0.108279,0.616907,1.11305) = -0.000192178789156
[H,17] = -0.000192178789156
Number of instructions for commutator calculation: 2384
E(-0.108279,0.616907,1.11305) = 0.000880285702751
[H,19] = 0.000880285702751
Number of instructions for commutator calculation: 4046
E(-0.108279,0.616907,1.11305) = -0.00217274090884
[H,21] = -0.00217274090884
Number of instructions for commutator calculation: 2384
E(-0.108279,0.616907,1.11305) = 0.00409132916525
[H,23] = 0.00409132916525
Max gradient component: [H, 9] = 0.0184481653715 a.u.
Norm of gradient vector: 0.0191437089166 a.u.
vqe optimization of current ansatz.
020-08-05 05:37:19.383] [xacc-logger] [info] Chosen optimizer does not support gradients. Using default.
E(0.000000,0,0,0) = -0.7531950667
E(1.570796,0,0,0) = -0.462719111137
E(0.000000,1.5708,0,0) = -0.335340056197
E(0.000000,0,1.5708,0) = -0.586805231373
E(0.000000,0,0,1.5708) = -0.927192745319
E(-0.810479,-1.16589,-0.464257,2.05628) = -0.76312361855
E(0.721230,-0.269413,-0.10728,1.68298) = -0.862248246357
E(0.000000,0.138245,-0.247607,1.5708) = -0.917000050249
E(-0.100455,0.527963,0.433759,1.94479) = -0.837079403431
E(-0.240849,-0.263004,-0.0976976,1.70304) = -0.885009726658
E(-0.036178,0.0125587,0.057069,1.18416) = -0.980038034337
E(-0.091160,0.21295,0.260913,0.920567) = -0.969097615732
E(0.258131,-0.159626,0.00520118,0.99639) = -0.967308143529
E(-0.175464,-0.100621,0.0152506,1.11638) = -0.975490831914
E(-0.041473,0.111969,-0.10661,1.14112) = -0.971744642699
E(-0.052117,0.0585694,0.123858,1.13118) = -0.983943531681
E(-0.066813,0.0880713,0.211756,1.15992) = -0.985672568909
E(-0.005914,0.0673677,0.267128,1.11058) = -0.989014164579
E(0.032839,0.117846,0.315387,1.05349) = -0.987519337407
E(-0.009777,0.0579748,0.271423,1.09439) = -0.989287894586
E(0.017628,-0.0183515,0.319474,1.12182) = -0.991735992138
E(0.083442,-0.0629216,0.26495,1.10318) = -0.989959703841
E(0.005927,-0.0238524,0.313593,1.09186) = -0.991749209729
E(-0.049289,-0.0815529,0.366835,1.11248) = -0.992474007837
E(-0.014005,-0.066263,0.450678,1.07887) = -0.994314395347
E(-0.034129,-0.0268205,0.53642,1.06081) = -0.993738427809
E(0.048244,-0.134687,0.478131,1.06076) = -0.994519035406
E(0.017155,-0.168333,0.483245,1.07764) = -0.994304021422
E(0.046344,-0.136934,0.476339,1.0415) = -0.994073888737
E(0.075027,-0.12724,0.476768,1.1012) = -0.994662454244
E(0.048648,-0.158039,0.484208,1.12784) = -0.994227640584
E(0.075957,-0.128427,0.489923,1.09932) = -0.994836621015
E(0.053577,-0.0885043,0.504516,1.10942) = -0.995325053916
E(0.068816,-0.0593698,0.540648,1.10462) = -0.99544340596
E(0.041951,-0.0695192,0.569767,1.13177) = -0.995622662978
E(0.010606,-0.0689131,0.581282,1.09579) = -0.995588369427
E(0.031184,-0.0686547,0.561264,1.13807) = -0.995493593973
E(0.059959,-0.102492,0.601265,1.12934) = -0.995795114909
E(0.073665,-0.0757435,0.639866,1.13336) = -0.995647086968
E(0.072000,-0.101121,0.599586,1.12907) = -0.995728658303
E(0.040630,-0.143956,0.61775,1.13604) = -0.995589408923
E(0.054523,-0.101843,0.603294,1.10903) = -0.995928446146
E(0.087395,-0.111657,0.589147,1.0769) = -0.995484003107
E(0.014912,-0.076652,0.590686,1.10218) = -0.995729496746
E(0.057197,-0.0917299,0.625405,1.10701) = -0.995902473534
E(0.042763,-0.121203,0.612694,1.10808) = -0.995934278715
E(0.048569,-0.125216,0.611459,1.09812) = -0.99589446522
E(0.040649,-0.121575,0.611541,1.10807) = -0.995930889716
E(0.038225,-0.114379,0.621268,1.10493) = -0.995945734367
E(0.038212,-0.116556,0.623757,1.10529) = -0.995943866335
E(0.040109,-0.107293,0.623962,1.1144) = -0.995954668171
E(0.046770,-0.0981862,0.627618,1.11124) = -0.995944042238
E(0.038169,-0.106947,0.623825,1.11284) = -0.995954583097
E(0.032901,-0.107695,0.628516,1.12321) = -0.995910690594
E(0.037403,-0.106091,0.623463,1.11299) = -0.995953140485
E(0.043217,-0.10646,0.612139,1.11507) = -0.995947861116
E(0.038268,-0.108525,0.625592,1.11988) = -0.995936026645
E(0.041278,-0.111235,0.624395,1.10986) = -0.995957946472
E(0.044837,-0.107641,0.626169,1.10688) = -0.995954321453
E(0.042310,-0.111175,0.622438,1.1102) = -0.995958673517
E(0.039718,-0.112872,0.619502,1.10579) = -0.995950708616
E(0.043802,-0.112698,0.622976,1.11234) = -0.995956770178
E(0.041923,-0.111168,0.62206,1.11112) = -0.995958319944
E(0.043446,-0.108342,0.622719,1.11033) = -0.995959569022
E(0.043617,-0.106921,0.621043,1.1082) = -0.995957750684
E(0.043648,-0.10887,0.62274,1.11008) = -0.995959574169
E(0.045985,-0.10876,0.623848,1.11172) = -0.995958956153
E(0.043103,-0.108772,0.622777,1.11067) = -0.99595954465
E(0.042756,-0.108772,0.625471,1.109) = -0.995958064609
E(0.043288,-0.108394,0.622766,1.11087) = -0.995959561307
E(0.044231,-0.10702,0.620512,1.10925) = -0.995958857353
E(0.043940,-0.107945,0.621626,1.10966) = -0.995959379252
Energy at ADAPT iteration 4: -0.995959574169
Parameters at ADAPT iteration 4: 0.0436484415537 -0.108869793534 0.62274015406 1.11007505662 
Ansatz at ADAPT iteration 4: 5 1 11 9 
Iteration: 5
Computing [H, A]
Printing commutators with absolute value above 0.000000
Number of instructions for commutator calculation: 744
E(0.043648,-0.10887,0.62274,1.11008) = 3.6638626444e-06
[H,0] = 3.6638626444e-06
Number of instructions for commutator calculation: 740
E(0.043648,-0.10887,0.62274,1.11008) = -9.21161558986e-05
[H,1] = -9.21161558986e-05
Number of instructions for commutator calculation: 744
E(0.043648,-0.10887,0.62274,1.11008) = 0.000146844245278
[H,2] = 0.000146844245278
Number of instructions for commutator calculation: 744
E(0.043648,-0.10887,0.62274,1.11008) = 0.000165428019689
[H,3] = 0.000165428019689
Number of instructions for commutator calculation: 2384
E(0.043648,-0.10887,0.62274,1.11008) = 0.000516968747302
[H,5] = 0.000516968747302
Number of instructions for commutator calculation: 4046
E(0.043648,-0.10887,0.62274,1.11008) = -5.84798751094e-05
[H,7] = -5.84798751094e-05
Number of instructions for commutator calculation: 4046
E(0.043648,-0.10887,0.62274,1.11008) = 0.00024521357244
[H,9] = 0.00024521357244
Number of instructions for commutator calculation: 4046
E(0.043648,-0.10887,0.62274,1.11008) = -2.31443971256e-05
[H,11] = -2.31443971256e-05
Number of instructions for commutator calculation: 2368
E(0.043648,-0.10887,0.62274,1.11008) = 0.00142570025999
[H,13] = 0.00142570025999
Number of instructions for commutator calculation: 4030
E(0.043648,-0.10887,0.62274,1.11008) = -0.00016816564467
[H,15] = -0.00016816564467
Number of instructions for commutator calculation: 4030
E(0.043648,-0.10887,0.62274,1.11008) = -8.34957075478e-05
[H,17] = -8.34957075478e-05
Number of instructions for commutator calculation: 2384
E(0.043648,-0.10887,0.62274,1.11008) = 0.000799639054981
[H,19] = 0.000799639054981
Number of instructions for commutator calculation: 4046
E(0.043648,-0.10887,0.62274,1.11008) = -0.00171610878682
[H,21] = -0.00171610878682
Number of instructions for commutator calculation: 2384
E(0.043648,-0.10887,0.62274,1.11008) = 0.00425231972616
[H,23] = 0.00425231972616
Max gradient component: [H, 23] = 0.00425231972616 a.u.
Norm of gradient vector: 0.00491154943998 a.u.
ADAPT-vqe converged in 4 iterations.
ADAPT-vqe energy: -0.995959574169 a.u.
Operators in the ansatz
(0,-0.176777) X0 Y1 X5 X6 + (0,0.176777) X0 X1 Y5 X6 + (0,0.176777) Y0 X1 Y5 Y6 + (0,-0.176777) X0 Y1 Y5 Y6 + (0,-0.176777) X0 X1 X5 Y6 + (0,0.176777) Y0 Y1 Y5 X6 + (0,0.176777) Y0 X1 X5 X6 + (0,-0.176777) Y0 Y1 X5 Y6
(0,0.25) Y5 Z6 X7 + (0,-0.25) X5 Z6 Y7 + (0,0.25) Y0 Z1 X2 + (0,-0.25) X0 Z1 Y2
(0,-0.0883883) Y0 Y1 X5 Z6 Z7 Z8 Y9 + (0,0.0883883) X0 X1 Y5 Z6 Z7 Z8 X9 + (0,-0.0883883) X0 X1 X5 Z6 Z7 Z8 Y9 + (0,0.0883883) Y0 Z1 Z2 Z3 Y4 Y5 X6 + (0,-0.0883883) X0 Z1 Z2 Z3 Y4 X5 X6 + (0,0.0883883) Y0 Z1 Z2 Z3 X4 X5 X6 + (0,-0.0883883) X0 Z1 Z2 Z3 X4 X5 Y6 + (0,-0.0883883) X0 Y1 Y5 Z6 Z7 Z8 Y9 + (0,0.0883883) X0 Z1 Z2 Z3 X4 Y5 X6 + (0,-0.0883883) X0 Z1 Z2 Z3 Y4 Y5 Y6 + (0,-0.0883883) Y0 Z1 Z2 Z3 Y4 X5 Y6 + (0,0.0883883) Y0 Y1 Y5 Z6 Z7 Z8 X9 + (0,0.0883883) Y0 X1 Y5 Z6 Z7 Z8 Y9 + (0,0.0883883) Y0 Z1 Z2 Z3 X4 Y5 Y6 + (0,0.0883883) Y0 X1 X5 Z6 Z7 Z8 X9 + (0,-0.0883883) X0 Y1 X5 Z6 Z7 Z8 X9
(0,0.0883883) Y0 Z1 Z2 X3 X5 X6 + (0,0.0883883) Y0 Z1 Z2 Y3 Y5 X6 + (0,-0.0883883) X0 Z1 Z2 Y3 X5 X6 + (0,-0.0883883) X0 Z1 Z2 Y3 Y5 Y6 + (0,-0.0883883) Y0 Z1 Z2 Y3 X5 Y6 + (0,0.0883883) Y0 Z1 Z2 X3 Y5 Y6 + (0,0.0883883) X0 X1 Y5 Z6 Z7 X8 + (0,-0.0883883) X0 Y1 Y5 Z6 Z7 Y8 + (0,0.0883883) Y0 Y1 Y5 Z6 Z7 X8 + (0,0.0883883) Y0 X1 Y5 Z6 Z7 Y8 + (0,-0.0883883) Y0 Y1 X5 Z6 Z7 Y8 + (0,-0.0883883) X0 Y1 X5 Z6 Z7 X8 + (0,0.0883883) Y0 X1 X5 Z6 Z7 X8 + (0,0.0883883) X0 Z1 Z2 X3 Y5 X6 + (0,-0.0883883) X0 X1 X5 Z6 Z7 Y8 + (0,-0.0883883) X0 Z1 Z2 X3 X5 Y6
Optimal parameters: 0.0436484415537 -0.108869793534 0.62274015406 1.11007505662 
X q0
X q5
H q0
H q1
H q5
Rx(1.57079) q6
CNOT q0,q1
CNOT q1,q5
CNOT q5,q6
Rz(-0.176777*x0) q6
CNOT q5,q6
CNOT q1,q5
CNOT q0,q1
H q0
H q1
H q5
Rx(-1.57079) q6
Rx(1.57079) q0
Rx(1.57079) q1
Rx(1.57079) q5
H q6
CNOT q0,q1
CNOT q1,q5
CNOT q5,q6
Rz(0.176777*x0) q6
CNOT q5,q6
CNOT q1,q5
CNOT q0,q1
Rx(-1.57079) q0
Rx(-1.57079) q1
Rx(-1.57079) q5
H q6
Rx(1.57079) q0
Rx(1.57079) q1
H q5
Rx(1.57079) q6
CNOT q0,q1
CNOT q1,q5
CNOT q5,q6
Rz(-0.176777*x0) q6
CNOT q5,q6
CNOT q1,q5
CNOT q0,q1
Rx(-1.57079) q0
Rx(-1.57079) q1
H q5
Rx(-1.57079) q6
Rx(1.57079) q0
H q1
Rx(1.57079) q5
Rx(1.57079) q6
CNOT q0,q1
CNOT q1,q5
CNOT q5,q6
Rz(0.176777*x0) q6
CNOT q5,q6
CNOT q1,q5
CNOT q0,q1
Rx(-1.57079) q0
H q1
Rx(-1.57079) q5
Rx(-1.57079) q6
H q0
Rx(1.57079) q1
Rx(1.57079) q5
Rx(1.57079) q6
CNOT q0,q1
CNOT q1,q5
CNOT q5,q6
Rz(-0.176777*x0) q6
CNOT q5,q6
CNOT q1,q5
CNOT q0,q1
H q0
Rx(-1.57079) q1
Rx(-1.57079) q5
Rx(-1.57079) q6
H q0
Rx(1.57079) q1
H q5
H q6
CNOT q0,q1
CNOT q1,q5
CNOT q5,q6
Rz(-0.176777*x0) q6
CNOT q5,q6
CNOT q1,q5
CNOT q0,q1
H q0
Rx(-1.57079) q1
H q5
H q6
Rx(1.57079) q0
H q1
H q5
H q6
CNOT q0,q1
CNOT q1,q5
CNOT q5,q6
Rz(0.176777*x0) q6
CNOT q5,q6
CNOT q1,q5
CNOT q0,q1
Rx(-1.57079) q0
H q1
H q5
H q6
H q0
H q1
Rx(1.57079) q5
H q6
CNOT q0,q1
CNOT q1,q5
CNOT q5,q6
Rz(0.176777*x0) q6
CNOT q5,q6
CNOT q1,q5
CNOT q0,q1
H q0
H q1
Rx(-1.57079) q5
H q6
Rx(1.57079) q0
H q2
CNOT q0,q1
CNOT q1,q2
Rz(0.250000*x1) q2
CNOT q1,q2
CNOT q0,q1
Rx(-1.57079) q0
H q2
H q5
Rx(1.57079) q7
CNOT q5,q6
CNOT q6,q7
Rz(-0.250000*x1) q7
CNOT q6,q7
CNOT q5,q6
H q5
Rx(-1.57079) q7
Rx(1.57079) q5
H q7
CNOT q5,q6
CNOT q6,q7
Rz(0.250000*x1) q7
CNOT q6,q7
CNOT q5,q6
Rx(-1.57079) q5
H q7
H q0
Rx(1.57079) q2
CNOT q0,q1
CNOT q1,q2
Rz(-0.250000*x1) q2
CNOT q1,q2
CNOT q0,q1
H q0
Rx(-1.57079) q2
Rx(1.57079) q0
Rx(1.57079) q4
H q5
Rx(1.57079) q6
CNOT q0,q1
CNOT q1,q2
CNOT q2,q3
CNOT q3,q4
CNOT q4,q5
CNOT q5,q6
Rz(-0.088388*x2) q6
CNOT q5,q6
CNOT q4,q5
CNOT q3,q4
CNOT q2,q3
CNOT q1,q2
CNOT q0,q1
Rx(-1.57079) q0
Rx(-1.57079) q4
H q5
Rx(-1.57079) q6
Rx(1.57079) q0
H q4
Rx(1.57079) q5
Rx(1.57079) q6
CNOT q0,q1
CNOT q1,q2
CNOT q2,q3
CNOT q3,q4
CNOT q4,q5
CNOT q5,q6
Rz(0.088388*x2) q6
CNOT q5,q6
CNOT q4,q5
CNOT q3,q4
CNOT q2,q3
CNOT q1,q2
CNOT q0,q1
Rx(-1.57079) q0
H q4
Rx(-1.57079) q5
Rx(-1.57079) q6
H q0
Rx(1.57079) q1
Rx(1.57079) q5
Rx(1.57079) q9
CNOT q0,q1
CNOT q1,q5
CNOT q5,q6
CNOT q6,q7
CNOT q7,q8
CNOT q8,q9
Rz(-0.088388*x2) q9
CNOT q8,q9
CNOT q7,q8
CNOT q6,q7
CNOT q5,q6
CNOT q1,q5
CNOT q0,q1
H q0
Rx(-1.57079) q1
Rx(-1.57079) q5
Rx(-1.57079) q9
H q0
H q4
H q5
Rx(1.57079) q6
CNOT q0,q1
CNOT q1,q2
CNOT q2,q3
CNOT q3,q4
CNOT q4,q5
CNOT q5,q6
Rz(-0.088388*x2) q6
CNOT q5,q6
CNOT q4,q5
CNOT q3,q4
CNOT q2,q3
CNOT q1,q2
CNOT q0,q1
H q0
H q4
H q5
Rx(-1.57079) q6
H q0
Rx(1.57079) q4
Rx(1.57079) q5
Rx(1.57079) q6
CNOT q0,q1
CNOT q1,q2
CNOT q2,q3
CNOT q3,q4
CNOT q4,q5
CNOT q5,q6
Rz(-0.088388*x2) q6
CNOT q5,q6
CNOT q4,q5
CNOT q3,q4
CNOT q2,q3
CNOT q1,q2
CNOT q0,q1
H q0
Rx(-1.57079) q4
Rx(-1.57079) q5
Rx(-1.57079) q6
Rx(1.57079) q0
Rx(1.57079) q4
Rx(1.57079) q5
H q6
CNOT q0,q1
CNOT q1,q2
CNOT q2,q3
CNOT q3,q4
CNOT q4,q5
CNOT q5,q6
Rz(0.088388*x2) q6
CNOT q5,q6
CNOT q4,q5
CNOT q3,q4
CNOT q2,q3
CNOT q1,q2
CNOT q0,q1
Rx(-1.57079) q0
Rx(-1.57079) q4
Rx(-1.57079) q5
H q6
Rx(1.57079) q0
Rx(1.57079) q1
Rx(1.57079) q5
H q9
CNOT q0,q1
CNOT q1,q5
CNOT q5,q6
CNOT q6,q7
CNOT q7,q8
CNOT q8,q9
Rz(0.088388*x2) q9
CNOT q8,q9
CNOT q7,q8
CNOT q6,q7
CNOT q5,q6
CNOT q1,q5
CNOT q0,q1
Rx(-1.57079) q0
Rx(-1.57079) q1
Rx(-1.57079) q5
H q9
Rx(1.57079) q0
H q1
H q5
H q9
CNOT q0,q1
CNOT q1,q5
CNOT q5,q6
CNOT q6,q7
CNOT q7,q8
CNOT q8,q9
Rz(0.088388*x2) q9
CNOT q8,q9
CNOT q7,q8
CNOT q6,q7
CNOT q5,q6
CNOT q1,q5
CNOT q0,q1
Rx(-1.57079) q0
H q1
H q5
H q9
H q0
Rx(1.57079) q1
H q5
H q9
CNOT q0,q1
CNOT q1,q5
CNOT q5,q6
CNOT q6,q7
CNOT q7,q8
CNOT q8,q9
Rz(-0.088388*x2) q9
CNOT q8,q9
CNOT q7,q8
CNOT q6,q7
CNOT q5,q6
CNOT q1,q5
CNOT q0,q1
H q0
Rx(-1.57079) q1
H q5
H q9
Rx(1.57079) q0
H q1
Rx(1.57079) q5
Rx(1.57079) q9
CNOT q0,q1
CNOT q1,q5
CNOT q5,q6
CNOT q6,q7
CNOT q7,q8
CNOT q8,q9
Rz(0.088388*x2) q9
CNOT q8,q9
CNOT q7,q8
CNOT q6,q7
CNOT q5,q6
CNOT q1,q5
CNOT q0,q1
Rx(-1.57079) q0
H q1
Rx(-1.57079) q5
Rx(-1.57079) q9
H q0
H q1
H q5
Rx(1.57079) q9
CNOT q0,q1
CNOT q1,q5
CNOT q5,q6
CNOT q6,q7
CNOT q7,q8
CNOT q8,q9
Rz(-0.088388*x2) q9
CNOT q8,q9
CNOT q7,q8
CNOT q6,q7
CNOT q5,q6
CNOT q1,q5
CNOT q0,q1
H q0
H q1
H q5
Rx(-1.57079) q9
H q0
H q4
Rx(1.57079) q5
H q6
CNOT q0,q1
CNOT q1,q2
CNOT q2,q3
CNOT q3,q4
CNOT q4,q5
CNOT q5,q6
Rz(0.088388*x2) q6
CNOT q5,q6
CNOT q4,q5
CNOT q3,q4
CNOT q2,q3
CNOT q1,q2
CNOT q0,q1
H q0
H q4
Rx(-1.57079) q5
H q6
H q0
H q1
Rx(1.57079) q5
H q9
CNOT q0,q1
CNOT q1,q5
CNOT q5,q6
CNOT q6,q7
CNOT q7,q8
CNOT q8,q9
Rz(0.088388*x2) q9
CNOT q8,q9
CNOT q7,q8
CNOT q6,q7
CNOT q5,q6
CNOT q1,q5
CNOT q0,q1
H q0
H q1
Rx(-1.57079) q5
H q9
Rx(1.57079) q0
Rx(1.57079) q1
H q5
Rx(1.57079) q9
CNOT q0,q1
CNOT q1,q5
CNOT q5,q6
CNOT q6,q7
CNOT q7,q8
CNOT q8,q9
Rz(-0.088388*x2) q9
CNOT q8,q9
CNOT q7,q8
CNOT q6,q7
CNOT q5,q6
CNOT q1,q5
CNOT q0,q1
Rx(-1.57079) q0
Rx(-1.57079) q1
H q5
Rx(-1.57079) q9
H q0
Rx(1.57079) q4
H q5
H q6
CNOT q0,q1
CNOT q1,q2
CNOT q2,q3
CNOT q3,q4
CNOT q4,q5
CNOT q5,q6
Rz(-0.088388*x2) q6
CNOT q5,q6
CNOT q4,q5
CNOT q3,q4
CNOT q2,q3
CNOT q1,q2
CNOT q0,q1
H q0
Rx(-1.57079) q4
H q5
H q6
Rx(1.57079) q0
H q4
H q5
H q6
CNOT q0,q1
CNOT q1,q2
CNOT q2,q3
CNOT q3,q4
CNOT q4,q5
CNOT q5,q6
Rz(0.088388*x2) q6
CNOT q5,q6
CNOT q4,q5
CNOT q3,q4
CNOT q2,q3
CNOT q1,q2
CNOT q0,q1
Rx(-1.57079) q0
H q4
H q5
H q6
Rx(1.57079) q0
H q1
Rx(1.57079) q5
Rx(1.57079) q8
CNOT q0,q1
CNOT q1,q5
CNOT q5,q6
CNOT q6,q7
CNOT q7,q8
Rz(0.088388*x3) q8
CNOT q7,q8
CNOT q6,q7
CNOT q5,q6
CNOT q1,q5
CNOT q0,q1
Rx(-1.57079) q0
H q1
Rx(-1.57079) q5
Rx(-1.57079) q8
Rx(1.57079) q0
H q3
Rx(1.57079) q5
Rx(1.57079) q6
CNOT q0,q1
CNOT q1,q2
CNOT q2,q3
CNOT q3,q5
CNOT q5,q6
Rz(0.088388*x3) q6
CNOT q5,q6
CNOT q3,q5
CNOT q2,q3
CNOT q1,q2
CNOT q0,q1
Rx(-1.57079) q0
H q3
Rx(-1.57079) q5
Rx(-1.57079) q6
Rx(1.57079) q0
Rx(1.57079) q1
Rx(1.57079) q5
H q8
CNOT q0,q1
CNOT q1,q5
CNOT q5,q6
CNOT q6,q7
CNOT q7,q8
Rz(0.088388*x3) q8
CNOT q7,q8
CNOT q6,q7
CNOT q5,q6
CNOT q1,q5
CNOT q0,q1
Rx(-1.57079) q0
Rx(-1.57079) q1
Rx(-1.57079) q5
H q8
H q0
Rx(1.57079) q1
Rx(1.57079) q5
Rx(1.57079) q8
CNOT q0,q1
CNOT q1,q5
CNOT q5,q6
CNOT q6,q7
CNOT q7,q8
Rz(-0.088388*x3) q8
CNOT q7,q8
CNOT q6,q7
CNOT q5,q6
CNOT q1,q5
CNOT q0,q1
H q0
Rx(-1.57079) q1
Rx(-1.57079) q5
Rx(-1.57079) q8
H q0
Rx(1.57079) q1
H q5
H q8
CNOT q0,q1
CNOT q1,q5
CNOT q5,q6
CNOT q6,q7
CNOT q7,q8
Rz(-0.088388*x3) q8
CNOT q7,q8
CNOT q6,q7
CNOT q5,q6
CNOT q1,q5
CNOT q0,q1
H q0
Rx(-1.57079) q1
H q5
H q8
Rx(1.57079) q0
H q1
H q5
H q8
CNOT q0,q1
CNOT q1,q5
CNOT q5,q6
CNOT q6,q7
CNOT q7,q8
Rz(0.088388*x3) q8
CNOT q7,q8
CNOT q6,q7
CNOT q5,q6
CNOT q1,q5
CNOT q0,q1
Rx(-1.57079) q0
H q1
H q5
H q8
Rx(1.57079) q0
Rx(1.57079) q1
H q5
Rx(1.57079) q8
CNOT q0,q1
CNOT q1,q5
CNOT q5,q6
CNOT q6,q7
CNOT q7,q8
Rz(-0.088388*x3) q8
CNOT q7,q8
CNOT q6,q7
CNOT q5,q6
CNOT q1,q5
CNOT q0,q1
Rx(-1.57079) q0
Rx(-1.57079) q1
H q5
Rx(-1.57079) q8
H q0
H q3
H q5
Rx(1.57079) q6
CNOT q0,q1
CNOT q1,q2
CNOT q2,q3
CNOT q3,q5
CNOT q5,q6
Rz(-0.088388*x3) q6
CNOT q5,q6
CNOT q3,q5
CNOT q2,q3
CNOT q1,q2
CNOT q0,q1
H q0
H q3
H q5
Rx(-1.57079) q6
H q0
H q1
Rx(1.57079) q5
H q8
CNOT q0,q1
CNOT q1,q5
CNOT q5,q6
CNOT q6,q7
CNOT q7,q8
Rz(0.088388*x3) q8
CNOT q7,q8
CNOT q6,q7
CNOT q5,q6
CNOT q1,q5
CNOT q0,q1
H q0
H q1
Rx(-1.57079) q5
H q8
H q0
H q1
H q5
Rx(1.57079) q8
CNOT q0,q1
CNOT q1,q5
CNOT q5,q6
CNOT q6,q7
CNOT q7,q8
Rz(-0.088388*x3) q8
CNOT q7,q8
CNOT q6,q7
CNOT q5,q6
CNOT q1,q5
CNOT q0,q1
H q0
H q1
H q5
Rx(-1.57079) q8
H q0
H q3
Rx(1.57079) q5
H q6
CNOT q0,q1
CNOT q1,q2
CNOT q2,q3
CNOT q3,q5
CNOT q5,q6
Rz(0.088388*x3) q6
CNOT q5,q6
CNOT q3,q5
CNOT q2,q3
CNOT q1,q2
CNOT q0,q1
H q0
H q3
Rx(-1.57079) q5
H q6
Rx(1.57079) q0
Rx(1.57079) q3
H q5
Rx(1.57079) q6
CNOT q0,q1
CNOT q1,q2
CNOT q2,q3
CNOT q3,q5
CNOT q5,q6
Rz(-0.088388*x3) q6
CNOT q5,q6
CNOT q3,q5
CNOT q2,q3
CNOT q1,q2
CNOT q0,q1
Rx(-1.57079) q0
Rx(-1.57079) q3
H q5
Rx(-1.57079) q6
H q0
Rx(1.57079) q3
Rx(1.57079) q5
Rx(1.57079) q6
CNOT q0,q1
CNOT q1,q2
CNOT q2,q3
CNOT q3,q5
CNOT q5,q6
Rz(-0.088388*x3) q6
CNOT q5,q6
CNOT q3,q5
CNOT q2,q3
CNOT q1,q2
CNOT q0,q1
H q0
Rx(-1.57079) q3
Rx(-1.57079) q5
Rx(-1.57079) q6
H q0
Rx(1.57079) q3
H q5
H q6
CNOT q0,q1
CNOT q1,q2
CNOT q2,q3
CNOT q3,q5
CNOT q5,q6
Rz(-0.088388*x3) q6
CNOT q5,q6
CNOT q3,q5
CNOT q2,q3
CNOT q1,q2
CNOT q0,q1
H q0
Rx(-1.57079) q3
H q5
H q6
Rx(1.57079) q0
H q3
H q5
H q6
CNOT q0,q1
CNOT q1,q2
CNOT q2,q3
CNOT q3,q5
CNOT q5,q6
Rz(0.088388*x3) q6
CNOT q5,q6
CNOT q3,q5
CNOT q2,q3
CNOT q1,q2
CNOT q0,q1
Rx(-1.57079) q0
H q3
H q5
H q6
Rx(1.57079) q0
Rx(1.57079) q3
Rx(1.57079) q5
H q6
CNOT q0,q1
CNOT q1,q2
CNOT q2,q3
CNOT q3,q5
CNOT q5,q6
Rz(0.088388*x3) q6
CNOT q5,q6
CNOT q3,q5
CNOT q2,q3
CNOT q1,q2
CNOT q0,q1
Rx(-1.57079) q0
Rx(-1.57079) q3
Rx(-1.57079) q5
H q6
-0.9959595741694053
[0.04364844155372051, -0.1088697935340715, 0.6227401540595873, 1.1100750566237931]
[5, 1, 11, 9]
