Operator pool: singlet-adapted-uccsd
Number of operators in the pool: 24
Iteration: 1
Computing [H, A]
Printing commutators with absolute value above 0.000000
Number of instructions for commutator calculation: 688
E() = -2.54109884176e-21
Number of instructions for commutator calculation: 684
E() = 3.08639999997e-06
[H,1] = 3.08639999997e-06
Number of instructions for commutator calculation: 700
E() = -2.1999999999e-09
[H,2] = -2.1999999999e-09
Number of instructions for commutator calculation: 696
E() = 2.13360000001e-06
[H,3] = 2.13360000001e-06
Number of instructions for commutator calculation: 2216
E() = 0.522939253078
[H,5] = 0.522939253078
Number of instructions for commutator calculation: 3796
E() = -4.0219746947e-33
Number of instructions for commutator calculation: 3770
E() = 0.00103728944413
[H,9] = 0.00103728944413
Number of instructions for commutator calculation: 3722
E() = -2.49999016702e-05
[H,11] = -2.49999016702e-05
Number of instructions for commutator calculation: 2192
E() = 0.178515936996
[H,13] = 0.178515936996
Number of instructions for commutator calculation: 3796
E() = -5.20343477301e-33
Number of instructions for commutator calculation: 3778
E() = 0.00527570332976
[H,17] = 0.00527570332976
Number of instructions for commutator calculation: 2160
E() = 0.133673203701
[H,19] = 0.133673203701
Number of instructions for commutator calculation: 3726
E() = -6.06980460971e-06
[H,21] = -6.06980460971e-06
Number of instructions for commutator calculation: 2160
E() = 0.145347644139
[H,23] = 0.145347644139
Max gradient component: [H, 5] = 0.522939253078 a.u.
Norm of gradient vector: 0.586819201208 a.u.
vqe optimization of current ansatz.
020-08-06 02:40:20.447] [xacc-logger] [info] Chosen optimizer does not support gradients. Using default.
E(0.000000) = -0.8339852511
E(1.570796) = -0.913266706157
E(3.141593) = -0.602280425773
E(2.356194) = -0.715239965304
E(1.178097) = -0.971770164415
E(0.785398) = -0.976160513083
E(0.589049) = -0.956968533794
E(0.883573) = -0.980508580315
E(0.981748) = -0.981223694533
E(1.079922) = -0.978292077845
E(1.030835) = -0.980211829608
E(0.957204) = -0.981387455381
E(0.932660) = -0.981322762378
E(0.944932) = -0.98138367024
E(0.963340) = -0.98136793003
E(0.954136) = -0.981391864899
E(0.951068) = -0.981392704582
E(0.948000) = -0.981389971388
E(0.949534) = -0.981391783282
E(0.951835) = -0.981392828362
E(0.952602) = -0.981392730059
Energy at ADAPT iteration 1: -0.981392828362
Parameters at ADAPT iteration 1: 0.951835062646 
Ansatz at ADAPT iteration 1: 5 
Iteration: 2
Computing [H, A]
Printing commutators with absolute value above 0.000000
Number of instructions for commutator calculation: 688
E(0.951835) = 5.38010823408e-11
Number of instructions for commutator calculation: 684
E(0.951835) = 0.106741728687
[H,1] = 0.106741728687
Number of instructions for commutator calculation: 700
E(0.951835) = -1.74845182891e-05
[H,2] = -1.74845182891e-05
Number of instructions for commutator calculation: 696
E(0.951835) = 0.0316738952614
[H,3] = 0.0316738952614
Number of instructions for commutator calculation: 2216
E(0.951835) = 3.54436060725e-05
[H,5] = 3.54436060725e-05
Number of instructions for commutator calculation: 3796
E(0.951835) = -1.52639913764e-11
Number of instructions for commutator calculation: 3770
E(0.951835) = 0.000185223193551
[H,9] = 0.000185223193551
Number of instructions for commutator calculation: 3722
E(0.951835) = -4.49275726508e-06
[H,11] = -4.49275726508e-06
Number of instructions for commutator calculation: 2192
E(0.951835) = -0.00755905160925
[H,13] = -0.00755905160925
Number of instructions for commutator calculation: 3796
E(0.951835) = 1.31993187024e-05
[H,15] = 1.31993187024e-05
Number of instructions for commutator calculation: 3778
E(0.951835) = -0.0206514706339
[H,17] = -0.0206514706339
Number of instructions for commutator calculation: 2160
E(0.951835) = 0.0294904303632
[H,19] = 0.0294904303632
Number of instructions for commutator calculation: 3726
E(0.951835) = -1.60175461673e-06
[H,21] = -1.60175461673e-06
Number of instructions for commutator calculation: 2160
E(0.951835) = 0.0310213097882
[H,23] = 0.0310213097882
Max gradient component: [H, 1] = 0.106741728687 a.u.
Norm of gradient vector: 0.121295910876 a.u.
vqe optimization of current ansatz.
020-08-06 02:51:45.962] [xacc-logger] [info] Chosen optimizer does not support gradients. Using default.
E(0.000000,0) = -0.8339852511
E(1.570796,0) = -0.67023975849
E(0.000000,1.5708) = -0.913266706157
E(-1.413798,2.25532) = -0.74459178651
E(0.741044,1.831) = -0.868864346261
E(-0.329245,1.78483) = -0.852830277131
E(0.040907,1.18023) = -0.973752261373
E(0.245667,0.845143) = -0.988370862564
E(-0.059541,0.598039) = -0.955467722601
E(0.633705,0.905466) = -0.992803498677
E(0.808421,0.553774) = -0.940091733781
E(0.618758,1.10125) = -0.994241316094
E(0.695452,1.16253) = -0.991274066552
E(0.521056,1.11087) = -0.993369924285
E(0.622168,1.05228) = -0.995487168555
E(0.634446,1.00475) = -0.995611825429
E(0.647425,1.00718) = -0.995522120533
E(0.593978,0.976966) = -0.995564807249
E(0.653761,0.989607) = -0.99527226579
E(0.628168,1.01529) = -0.995700419031
E(0.616107,1.01303) = -0.995766114558
E(0.606215,1.02029) = -0.995810993518
E(0.594154,1.01803) = -0.995855641231
E(0.582205,1.02083) = -0.995873969382
E(0.576438,1.00999) = -0.995901097388
E(0.566836,1.00235) = -0.995901271621
E(0.570645,0.997542) = -0.995874293325
E(0.562999,1.00714) = -0.995914439802
E(0.559146,1.01192) = -0.995913927527
E(0.561402,1.00633) = -0.99591449934
E(0.558545,1.01176) = -0.995914069714
E(0.558709,1.00486) = -0.995913622771
E(0.564378,1.00707) = -0.995913482057
E(0.560830,1.00775) = -0.99591582906
E(0.560569,1.00927) = -0.995916069367
E(0.561988,1.00985) = -0.995915525743
E(0.559067,1.00958) = -0.995916151943
E(0.558842,1.01109) = -0.995914954046
E(0.558864,1.00884) = -0.995916387017
E(0.558581,1.00812) = -0.995916414439
E(0.557829,1.00828) = -0.995916463748
E(0.557072,1.00815) = -0.995916441358
E(0.557809,1.00866) = -0.995916437698
E(0.557930,1.00811) = -0.995916448491
E(0.557645,1.00822) = -0.995916461557
Energy at ADAPT iteration 2: -0.995916463748
Parameters at ADAPT iteration 2: 0.557828846399 1.0082761597 
Ansatz at ADAPT iteration 2: 5 1 
Iteration: 3
Computing [H, A]
Printing commutators with absolute value above 0.000000
Number of instructions for commutator calculation: 688
E(0.557829,1.00828) = -3.78771562882e-10
[H,0] = -3.78771562882e-10
Number of instructions for commutator calculation: 684
E(0.557829,1.00828) = -1.67696820937e-05
[H,1] = -1.67696820937e-05
Number of instructions for commutator calculation: 700
E(0.557829,1.00828) = -1.6429635909e-05
[H,2] = -1.6429635909e-05
Number of instructions for commutator calculation: 696
E(0.557829,1.00828) = 0.02748525481
[H,3] = 0.02748525481
Number of instructions for commutator calculation: 2216
E(0.557829,1.00828) = 0.000241879596257
[H,5] = 0.000241879596257
Number of instructions for commutator calculation: 3796
E(0.557829,1.00828) = -1.07305997657e-11
Number of instructions for commutator calculation: 3770
E(0.557829,1.00828) = 0.000300700033897
[H,9] = 0.000300700033897
Number of instructions for commutator calculation: 3722
E(0.557829,1.00828) = -8.70129411455e-06
[H,11] = -8.70129411455e-06
Number of instructions for commutator calculation: 2192
E(0.557829,1.00828) = 0.0112758537134
[H,13] = 0.0112758537134
Number of instructions for commutator calculation: 3796
E(0.557829,1.00828) = 9.96771595267e-06
[H,15] = 9.96771595267e-06
Number of instructions for commutator calculation: 3778
E(0.557829,1.00828) = -0.0153420153977
[H,17] = -0.0153420153977
Number of instructions for commutator calculation: 2160
E(0.557829,1.00828) = 0.0186080282306
[H,19] = 0.0186080282306
Number of instructions for commutator calculation: 3726
E(0.557829,1.00828) = -2.47629502189e-06
[H,21] = -2.47629502189e-06
Number of instructions for commutator calculation: 2160
E(0.557829,1.00828) = 0.0223803299858
[H,23] = 0.0223803299858
Max gradient component: [H, 3] = 0.02748525481 a.u.
Norm of gradient vector: 0.0443311300206 a.u.
vqe optimization of current ansatz.
020-08-06 03:10:30.323] [xacc-logger] [info] Chosen optimizer does not support gradients. Using default.
E(0.000000,0,0) = -0.8339852511
E(1.570796,0,0) = -0.655638632025
E(0.000000,1.5708,0) = -0.67023975849
E(0.000000,0,1.5708) = -0.913266706157
E(-1.099622,-1.0096,2.05962) = -0.772069915962
E(0.710870,-0.300561,1.71632) = -0.868816928721
E(-0.010480,0.751679,1.79821) = -0.878096705607
E(-0.304661,-0.193909,1.72505) = -0.867028370158
E(0.004238,0.0466932,1.18091) = -0.974057485679
E(0.170779,0.0492547,0.82528) = -0.981383513553
E(0.023543,0.403783,0.742554) = -0.982725900226
E(-0.027660,0.347026,0.729079) = -0.980645819605
E(0.366208,0.571169,0.648881) = -0.962446307256
E(0.028837,0.422342,0.782688) = -0.986494967846
E(-0.117937,0.460447,1.14493) = -0.988340989322
E(0.002786,0.470182,1.15729) = -0.990118175826
E(0.200087,0.677073,1.42652) = -0.96269190635
E(0.025366,0.28064,1.20331) = -0.982105189968
E(0.042142,0.489651,0.965916) = -0.995969715896
E(0.100792,0.648673,0.866792) = -0.990854031745
E(0.073243,0.407333,0.922388) = -0.994726572641
E(-0.048823,0.482813,0.929627) = -0.993896453223
E(0.069421,0.525132,0.945753) = -0.995815753103
E(0.059218,0.49565,1.01154) = -0.996363611732
E(0.035079,0.519502,1.04701) = -0.9958677023
E(0.095058,0.464196,1.02319) = -0.996248528654
E(0.075398,0.513269,1.00605) = -0.996575802154
E(0.083115,0.533539,1.01754) = -0.996650687039
E(0.093525,0.548099,1.00074) = -0.99672201502
E(0.116779,0.541198,1.00449) = -0.996789951368
E(0.137427,0.554466,1.0045) = -0.996796272648
E(0.141926,0.548251,0.994919) = -0.996743363099
E(0.138823,0.55091,1.00625) = -0.996801428612
E(0.138226,0.553015,1.01832) = -0.996801108655
E(0.138525,0.551963,1.01228) = -0.996808865179
E(0.141013,0.549923,1.01751) = -0.996799178902
E(0.139780,0.553974,1.01207) = -0.99680782698
E(0.133129,0.554705,1.01329) = -0.996811641787
E(0.131419,0.553968,1.01914) = -0.996801257135
Energy at ADAPT iteration 3: -0.996811641787
Parameters at ADAPT iteration 3: 0.133128972834 0.554705441392 1.01328966787 
Ansatz at ADAPT iteration 3: 5 1 3 
Iteration: 4
Computing [H, A]
Printing commutators with absolute value above 0.000000
Number of instructions for commutator calculation: 688
E(0.133129,0.554705,1.01329) = 1.5396094415e-06
[H,0] = 1.5396094415e-06
Number of instructions for commutator calculation: 684
E(0.133129,0.554705,1.01329) = -4.90176416057e-05
[H,1] = -4.90176416057e-05
Number of instructions for commutator calculation: 700
E(0.133129,0.554705,1.01329) = -1.60153611033e-05
[H,2] = -1.60153611033e-05
Number of instructions for commutator calculation: 696
E(0.133129,0.554705,1.01329) = -0.000488733325415
[H,3] = -0.000488733325415
Number of instructions for commutator calculation: 2216
E(0.133129,0.554705,1.01329) = -0.000802738112446
[H,5] = -0.000802738112446
Number of instructions for commutator calculation: 3796
E(0.133129,0.554705,1.01329) = -1.35265105277e-06
[H,7] = -1.35265105277e-06
Number of instructions for commutator calculation: 3770
E(0.133129,0.554705,1.01329) = 0.000377482010635
[H,9] = 0.000377482010635
Number of instructions for commutator calculation: 3722
E(0.133129,0.554705,1.01329) = -1.10112913915e-05
[H,11] = -1.10112913915e-05
Number of instructions for commutator calculation: 2192
E(0.133129,0.554705,1.01329) = 0.0122578447574
[H,13] = 0.0122578447574
Number of instructions for commutator calculation: 3796
E(0.133129,0.554705,1.01329) = 9.61481704927e-06
[H,15] = 9.61481704927e-06
Number of instructions for commutator calculation: 3778
E(0.133129,0.554705,1.01329) = -0.00818797064359
[H,17] = -0.00818797064359
Number of instructions for commutator calculation: 2160
E(0.133129,0.554705,1.01329) = 0.0182049684408
[H,19] = 0.0182049684408
Number of instructions for commutator calculation: 3726
E(0.133129,0.554705,1.01329) = -2.31721606588e-06
[H,21] = -2.31721606588e-06
Number of instructions for commutator calculation: 2160
E(0.133129,0.554705,1.01329) = 0.0232968752232
[H,23] = 0.0232968752232
Max gradient component: [H, 23] = 0.0232968752232 a.u.
Norm of gradient vector: 0.0330528594277 a.u.
vqe optimization of current ansatz.
020-08-06 03:32:58.293] [xacc-logger] [info] Chosen optimizer does not support gradients. Using default.
E(0.000000,0,0,0) = -0.8339852511
E(1.570796,0,0,0) = -0.0111723226592
E(0.000000,1.5708,0,0) = -0.655638632025
E(0.000000,0,1.5708,0) = -0.670239755688
E(0.000000,0,0,1.5708) = -0.913266706157
E(-1.500515,-0.32524,-0.298613,1.71538) = -0.72156745526
E(0.580507,-0.370336,-0.340017,1.73542) = -0.824209311774
E(0.000000,0.252729,-0.19632,1.5708) = -0.905806996009
E(0.159484,0.40982,0.634925,1.71339) = -0.897004477958
E(-0.372971,-0.0371585,0.0360762,1.68226) = -0.879230485556
E(-0.014072,0.0116975,0.0557548,1.18251) = -0.974391338729
E(0.097052,-0.0369977,0.0825903,0.809984) = -0.979090206583
E(0.088213,-0.112243,0.00913677,0.798782) = -0.973977266471
E(-0.265225,0.00230832,0.16826,0.691309) = -0.934719208593
E(0.100278,-0.0844228,0.211289,0.834) = -0.983494418817
E(0.469784,-0.0322942,0.309474,0.906941) = -0.916548464825
E(0.031754,-0.45443,0.272187,0.928357) = -0.973964332175
E(0.285071,-0.0622081,0.261238,0.871632) = -0.962370598495
E(0.020881,-0.0559255,0.248111,0.799847) = -0.985136687366
E(-0.012209,-0.143361,0.272992,0.816561) = -0.983731919489
E(0.016936,-0.0486453,0.245096,0.837434) = -0.987401318042
E(-0.000780,0.00400211,0.287527,0.906371) = -0.991731113536
E(-0.055696,0.0443011,0.247072,0.964352) = -0.990135721099
E(-0.003920,-0.0365466,0.291818,0.91842) = -0.991406798533
E(0.014334,0.0296266,0.377061,0.933515) = -0.99445105959
E(0.098014,0.0393751,0.360378,0.981082) = -0.992514025734
E(-0.005368,0.0481107,0.462521,0.893452) = -0.993742936487
E(-0.016247,0.0458209,0.37942,0.96825) = -0.994663250573
E(-0.017005,0.044835,0.386928,0.976495) = -0.994801211709
E(-0.037727,0.00103186,0.387585,0.984307) = -0.993643085949
E(-0.007972,0.0440644,0.384314,0.976788) = -0.994958442284
E(0.022990,0.0733052,0.394647,0.998905) = -0.99556615896
E(0.046424,0.0581056,0.383347,1.03766) = -0.994397863132
E(0.030779,0.0695847,0.400219,0.989376) = -0.995607570281
E(0.023837,0.105936,0.431854,0.983116) = -0.996210638363
E(0.033325,0.139003,0.406014,0.959486) = -0.995719604316
E(0.039496,0.115373,0.471429,1.00568) = -0.99643114957
E(0.006712,0.110886,0.504766,0.991421) = -0.996721992449
E(0.002289,0.147718,0.530179,0.971734) = -0.996498617764
E(0.021827,0.10797,0.506448,0.985612) = -0.996730806716
E(0.026139,0.0864128,0.540029,1.01387) = -0.996753840228
E(0.010805,0.047503,0.541176,0.988197) = -0.996458341994
E(0.026749,0.103774,0.556609,1.0088) = -0.996838912695
E(0.036709,0.122629,0.560474,1.02032) = -0.996749577569
E(0.026876,0.102489,0.55733,1.00671) = -0.996833181731
E(0.003044,0.107468,0.561443,1.01064) = -0.996813303358
E(0.027439,0.103071,0.556958,1.01303) = -0.996827139681
E(0.030692,0.0932939,0.575895,0.998547) = -0.996713866585
E(0.025602,0.113755,0.545428,0.989395) = -0.996802175284
E(0.030108,0.112957,0.556073,1.01619) = -0.996823677788
E(0.028739,0.103027,0.562105,1.00709) = -0.996817531267
E(0.028443,0.103388,0.556338,1.00877) = -0.996825610569
E(0.020867,0.103346,0.556344,1.01047) = -0.996864480082
E(0.017523,0.106652,0.55496,1.00678) = -0.996878688634
E(0.017189,0.111572,0.556012,1.01027) = -0.996891235851
E(0.016949,0.111559,0.558273,1.00987) = -0.996890362601
E(0.011716,0.113534,0.555241,1.01208) = -0.996884894211
E(0.018469,0.114097,0.55572,1.00913) = -0.996895886671
E(0.020630,0.115549,0.555872,1.01075) = -0.99689448799
E(0.018837,0.11397,0.55571,1.00847) = -0.996895102273
E(0.016635,0.11645,0.555118,1.00874) = -0.996900583195
E(0.015362,0.117017,0.552433,1.00925) = -0.996901029804
E(0.015174,0.116431,0.552532,1.009) = -0.99689982704
E(0.014903,0.119824,0.553174,1.01013) = -0.996904273668
E(0.016088,0.121663,0.552495,1.00808) = -0.996907486177
E(0.018146,0.123683,0.551847,1.00891) = -0.996910129467
E(0.018476,0.12664,0.551792,1.00816) = -0.996911842556
E(0.019172,0.127286,0.548924,1.00763) = -0.996911143824
E(0.019153,0.126602,0.551954,1.00746) = -0.996910687467
E(0.018143,0.128334,0.552049,1.01069) = -0.996912953378
E(0.015291,0.129376,0.552024,1.01025) = -0.99691234646
E(0.017875,0.127688,0.551971,1.01114) = -0.996912515712
E(0.019491,0.130763,0.552211,1.01198) = -0.996911412336
E(0.018312,0.128081,0.553352,1.00994) = -0.996912926126
E(0.018505,0.128153,0.551234,1.00945) = -0.996912932513
E(0.018606,0.128942,0.552101,1.01072) = -0.996912869519
E(0.017537,0.128741,0.55206,1.01045) = -0.996913468591
E(0.017315,0.12881,0.552638,1.01) = -0.996913606495
E(0.017105,0.128951,0.552227,1.0094) = -0.996913655376
E(0.017035,0.128657,0.552212,1.00942) = -0.996913536475
E(0.016571,0.129467,0.552319,1.00957) = -0.996913634587
E(0.017559,0.129427,0.552451,1.00908) = -0.9969137432
E(0.017878,0.129733,0.55189,1.00936) = -0.996913848608
E(0.017567,0.130417,0.551881,1.00951) = -0.996914097364
E(0.017376,0.131145,0.551791,1.00962) = -0.996914232462
E(0.017733,0.131554,0.551271,1.00977) = -0.996914229133
E(0.017339,0.131147,0.551734,1.00959) = -0.996914231472
E(0.017547,0.131507,0.552022,1.00901) = -0.996914149527
E(0.017490,0.13115,0.551868,1.00963) = -0.996914231476
E(0.017121,0.131488,0.552068,1.0102) = -0.996914204212
E(0.016760,0.131181,0.551361,1.00948) = -0.996914075676
E(0.017640,0.130922,0.551851,1.00978) = -0.996914181858
Energy at ADAPT iteration 4: -0.996914232462
Parameters at ADAPT iteration 4: 0.0173759099398 0.13114539167 0.551791269231 1.00962325212 
Ansatz at ADAPT iteration 4: 5 1 3 23 
Iteration: 5
Computing [H, A]
Printing commutators with absolute value above 0.000000
Number of instructions for commutator calculation: 688
E(0.017376,0.131145,0.551791,1.00962) = 1.21580583376e-06
[H,0] = 1.21580583376e-06
Number of instructions for commutator calculation: 684
E(0.017376,0.131145,0.551791,1.00962) = -1.07576243192e-05
[H,1] = -1.07576243192e-05
Number of instructions for commutator calculation: 700
E(0.017376,0.131145,0.551791,1.00962) = -1.6038875005e-05
[H,2] = -1.6038875005e-05
Number of instructions for commutator calculation: 696
E(0.017376,0.131145,0.551791,1.00962) = 0.000246672079599
[H,3] = 0.000246672079599
Number of instructions for commutator calculation: 2216
E(0.017376,0.131145,0.551791,1.00962) = 0.000230324188515
[H,5] = 0.000230324188515
Number of instructions for commutator calculation: 3796
E(0.017376,0.131145,0.551791,1.00962) = -1.22680309187e-06
[H,7] = -1.22680309187e-06
Number of instructions for commutator calculation: 3770
E(0.017376,0.131145,0.551791,1.00962) = 0.000376412023243
[H,9] = 0.000376412023243
Number of instructions for commutator calculation: 3722
E(0.017376,0.131145,0.551791,1.00962) = -1.09327601085e-05
[H,11] = -1.09327601085e-05
Number of instructions for commutator calculation: 2192
E(0.017376,0.131145,0.551791,1.00962) = 0.0121972869921
[H,13] = 0.0121972869921
Number of instructions for commutator calculation: 3796
E(0.017376,0.131145,0.551791,1.00962) = 9.61415406498e-06
[H,15] = 9.61415406498e-06
Number of instructions for commutator calculation: 3778
E(0.017376,0.131145,0.551791,1.00962) = -0.00877109409213
[H,17] = -0.00877109409213
Number of instructions for commutator calculation: 2160
E(0.017376,0.131145,0.551791,1.00962) = 0.0183694838619
[H,19] = 0.0183694838619
Number of instructions for commutator calculation: 3726
E(0.017376,0.131145,0.551791,1.00962) = -2.23251383088e-06
[H,21] = -2.23251383088e-06
Number of instructions for commutator calculation: 2160
E(0.017376,0.131145,0.551791,1.00962) = 4.81893154413e-05
[H,23] = 4.81893154413e-05
Max gradient component: [H, 19] = 0.0183694838619 a.u.
Norm of gradient vector: 0.0237360977492 a.u.
vqe optimization of current ansatz.
020-08-06 04:45:33.446] [xacc-logger] [info] Chosen optimizer does not support gradients. Using default.
E(0.000000,0,0,0,0) = -0.8339852511
E(1.570796,0,0,0,0) = -0.0339520709309
E(0.000000,1.5708,0,0,0) = -0.0111723226592
E(0.000000,0,1.5708,0,0) = -0.655638632025
E(0.000000,0,0,1.5708,0) = -0.670239758107
E(0.000000,0,0,0,1.5708) = -0.913266706157
E(-1.068998,-1.09944,-0.238305,-0.218795,1.67673) = -0.730117020084
E(0.637409,-0.438338,-0.0950108,-0.0872323,1.61303) = -0.830099531516
E(0.000000,0.0199367,-0.0726794,0,1.5708) = -0.91197076143
E(-0.032529,0.635986,0.235258,-0.355455,1.7429) = -0.822942690312
E(-0.000000,-0.0331561,0.366211,0.0471357,1.5708) = -0.917020430534
E(-0.016533,0.143137,0.30244,0.804618,1.65827) = -0.913696856553
E(-0.647196,-0.452605,0.349099,0.101429,1.70794) = -0.844804644148
E(-0.029541,-0.00166313,0.371089,0.0816939,1.18204) = -0.975116714622
E(0.196422,-0.130536,0.369886,0.141969,0.8941) = -0.96366251842
E(-0.027467,0.0228793,0.387659,0.0754318,1.18412) = -0.974489976509
E(-0.366281,-0.00208945,0.385333,0.0921916,0.980783) = -0.933778234294
E(-0.024162,-0.0130632,0.356206,0.079074,1.17014) = -0.976082819255
E(0.004170,0.185096,0.15194,0.34818,1.17023) = -0.978753867522
E(0.010571,0.264694,0.082563,0.299947,1.12786) = -0.969274682927
E(0.145001,0.0246349,0.088611,0.429147,1.48338) = -0.942308635968
E(-0.061060,0.0974255,0.0901733,0.341437,1.16554) = -0.984151816884
E(-0.349275,0.0851164,0.237739,0.532977,1.0536) = -0.95484701464
E(-0.014675,0.0665386,0.124157,0.40857,1.11238) = -0.991742959684
E(0.052742,-0.160374,-0.0577205,0.30659,0.878506) = -0.976788871069
E(0.217631,0.10771,0.34057,0.562192,0.9447) = -0.977171575263
E(0.001869,0.231521,0.0560036,0.343937,1.06508) = -0.977525455143
E(-0.021389,0.0449483,0.241079,0.252508,1.11636) = -0.987849358425
E(0.025757,0.0368894,0.109657,0.415522,1.19524) = -0.986834651344
E(0.004868,0.0731322,0.137241,0.424092,1.11348) = -0.99192045222
E(0.044448,0.0132444,0.11874,0.423771,1.04911) = -0.995183139051
E(0.000559,-0.0286188,0.155241,0.478341,1.0085) = -0.995894101422
E(-0.001225,-0.0242555,0.135059,0.481763,1.00589) = -0.996068072232
E(0.018497,0.00214278,0.135387,0.469778,0.914191) = -0.995103833231
E(-0.000280,-0.0221098,0.122059,0.494001,1.00695) = -0.996211708634
E(0.042805,-0.106743,0.106121,0.512627,1.01124) = -0.991419439656
E(-0.011425,-0.0381543,0.146137,0.483787,1.0074) = -0.995454345846
E(-0.058635,0.0100273,0.120938,0.56505,0.99466) = -0.995087517151
E(-0.028831,-0.0304967,0.0907063,0.471379,1.00154) = -0.995156666559
E(0.011475,0.016382,0.127462,0.48066,1.03109) = -0.99652845673
E(0.031876,0.0145781,0.12108,0.490093,1.03839) = -0.996359818877
E(0.016468,0.016423,0.127843,0.475097,1.02396) = -0.996572328254
E(0.014658,0.0323184,0.131221,0.487751,1.01074) = -0.996700761692
E(0.013041,0.0332296,0.123134,0.487717,1.00968) = -0.996688161226
E(0.009217,0.0505183,0.138595,0.476022,1.0037) = -0.996351758362
E(0.009377,0.0166163,0.133559,0.497162,0.995445) = -0.996839281872
E(0.028769,0.0130432,0.131126,0.511184,0.992122) = -0.996818183548
E(0.003024,0.0174714,0.142174,0.498228,0.973401) = -0.996634305887
E(0.003377,0.0158457,0.134422,0.506233,1.00101) = -0.996850051616
E(0.003447,0.0144613,0.13524,0.505488,1.00246) = -0.996845484962
E(0.001005,0.01095,0.123433,0.505746,1.00108) = -0.996809208642
E(0.001823,0.0137695,0.135073,0.50645,0.997815) = -0.99682791716
E(0.004149,0.02706,0.135745,0.506747,1.00573) = -0.996828338595
E(0.004027,0.0161485,0.13431,0.506299,1.00012) = -0.996854669676
E(0.014015,0.0125534,0.136021,0.511512,1.00292) = -0.99690330429
E(0.016773,0.0122108,0.124511,0.51467,1.00358) = -0.996908568582
E(0.016993,0.012693,0.124533,0.516999,1.0022) = -0.996916974972
E(0.023863,0.0207093,0.12678,0.522022,1.00518) = -0.99690793893
E(0.016499,0.0129203,0.125788,0.517487,0.997644) = -0.996914290115
E(0.022122,0.00254354,0.125261,0.521468,1.00308) = -0.996843011653
E(0.020545,0.0132212,0.123157,0.512359,1.00104) = -0.99689299589
E(0.017004,0.0127635,0.123791,0.517074,1.00199) = -0.996916733509
E(0.011825,0.0157715,0.124665,0.517006,1.0034) = -0.996924139642
E(0.008743,0.0133426,0.124864,0.521439,1.005) = -0.996922865964
E(0.011625,0.0138012,0.124446,0.516951,1.00338) = -0.996919575155
E(0.012197,0.0211864,0.125565,0.518737,1.0055) = -0.996925893067
E(0.011109,0.0227438,0.120167,0.519693,1.0035) = -0.996917448635
E(0.012171,0.0214734,0.126853,0.51898,1.00528) = -0.99692700732
E(0.012306,0.0221685,0.130276,0.519363,1.0103) = -0.996917933858
E(0.012341,0.0218803,0.12669,0.516581,1.00542) = -0.996918645771
E(0.010941,0.0217902,0.129967,0.521979,1.00111) = -0.996932777195
E(0.016742,0.0215481,0.130026,0.523684,1.00009) = -0.996938531685
E(0.016622,0.0188393,0.129868,0.523748,1.00026) = -0.996943375635
E(0.017385,0.0145445,0.131679,0.526382,0.997359) = -0.996936703188
E(0.016677,0.0189237,0.131063,0.523207,0.999612) = -0.996941262987
E(0.019372,0.0229748,0.128548,0.526887,0.999077) = -0.996931868489
E(0.016272,0.0187424,0.128497,0.524207,1.00064) = -0.996944965227
E(0.017795,0.017588,0.125359,0.519879,0.998312) = -0.996927865654
E(0.016768,0.0190012,0.128641,0.523955,1.00104) = -0.996944139799
E(0.015196,0.0165883,0.125904,0.52731,1.00458) = -0.996953290618
E(0.015642,0.014233,0.120731,0.525145,1.0039) = -0.99694028522
E(0.015077,0.0170527,0.125782,0.527371,1.00319) = -0.996953342726
E(0.009186,0.0181032,0.126784,0.527886,1.00394) = -0.996946516521
E(0.014641,0.0159273,0.125831,0.527453,1.00278) = -0.996952516917
E(0.016758,0.015402,0.128735,0.528578,1.00787) = -0.996952029271
E(0.015302,0.0175064,0.124832,0.527233,1.0043) = -0.996952608141
E(0.016875,0.0187244,0.125339,0.532777,1.0017) = -0.996958159134
E(0.017987,0.0140297,0.122757,0.535052,1.00011) = -0.996949465007
E(0.015734,0.0180101,0.125482,0.533163,1.00118) = -0.996959708178
E(0.011689,0.0210778,0.125841,0.536171,1.00283) = -0.996959880891
E(0.011311,0.0207388,0.127561,0.535685,1.00198) = -0.996959190208
E(0.014072,0.0265502,0.126805,0.537143,1.00322) = -0.996940872551
E(0.010070,0.0213458,0.124439,0.534146,1.00202) = -0.996951127426
E(0.011581,0.021079,0.125941,0.535791,1.00313) = -0.996959677103
E(0.011665,0.0187066,0.126179,0.537591,1.00412) = -0.996966479683
E(0.012793,0.0181358,0.127301,0.53948,1.00584) = -0.996971618992
E(0.012879,0.0160559,0.127509,0.541302,1.00715) = -0.996972906561
E(0.014509,0.0176163,0.128843,0.542402,1.00831) = -0.996974804338
E(0.013849,0.0175306,0.129316,0.540663,1.0107) = -0.996970529697
E(0.014707,0.0174423,0.128135,0.542027,1.00845) = -0.996974045499
E(0.016305,0.0161797,0.130267,0.541289,1.00738) = -0.996972751788
E(0.014133,0.0176507,0.129289,0.542427,1.00821) = -0.996975122645
E(0.013788,0.0184399,0.129691,0.545161,1.00719) = -0.996976799827
E(0.012620,0.0194328,0.130812,0.546823,1.00893) = -0.996975489725
E(0.013553,0.018807,0.130045,0.545134,1.00698) = -0.996976513503
E(0.015234,0.0198191,0.127827,0.546348,1.00645) = -0.996974390922
E(0.014136,0.0182607,0.129542,0.545237,1.00757) = -0.99697688779
E(0.015450,0.0167657,0.131599,0.545799,1.00662) = -0.996976819063
E(0.014372,0.0176131,0.129343,0.545459,1.00787) = -0.996977063016
E(0.012257,0.016167,0.128822,0.545707,1.00629) = -0.996975216318
E(0.013759,0.0183289,0.129723,0.54532,1.00787) = -0.99697683737
E(0.014410,0.0170133,0.130073,0.546968,1.01037) = -0.9969760436
E(0.014391,0.0173132,0.129708,0.546214,1.00912) = -0.99697687152
E(0.015184,0.0184153,0.128838,0.546288,1.00755) = -0.996976515442
Energy at ADAPT iteration 5: -0.996977063016
Parameters at ADAPT iteration 5: 0.0143718942662 0.0176131432285 0.129343170927 0.545459362612 1.00787462638 
Ansatz at ADAPT iteration 5: 5 1 3 23 19 
Iteration: 6
Computing [H, A]
Printing commutators with absolute value above 0.000000
Number of instructions for commutator calculation: 688
E(0.014372,0.0176131,0.129343,0.545459,1.00787) = 1.13399608245e-06
[H,0] = 1.13399608245e-06
Number of instructions for commutator calculation: 684
E(0.014372,0.0176131,0.129343,0.545459,1.00787) = 0.000873801676249
[H,1] = 0.000873801676249
Number of instructions for commutator calculation: 700
E(0.014372,0.0176131,0.129343,0.545459,1.00787) = -1.61386462309e-05
[H,2] = -1.61386462309e-05
Number of instructions for commutator calculation: 696
E(0.014372,0.0176131,0.129343,0.545459,1.00787) = 0.000616553742336
[H,3] = 0.000616553742336
Number of instructions for commutator calculation: 2216
E(0.014372,0.0176131,0.129343,0.545459,1.00787) = -0.000110815094185
[H,5] = -0.000110815094185
Number of instructions for commutator calculation: 3796
E(0.014372,0.0176131,0.129343,0.545459,1.00787) = -1.20927264453e-06
[H,7] = -1.20927264453e-06
Number of instructions for commutator calculation: 3770
E(0.014372,0.0176131,0.129343,0.545459,1.00787) = 0.000374249183638
[H,9] = 0.000374249183638
Number of instructions for commutator calculation: 3722
E(0.014372,0.0176131,0.129343,0.545459,1.00787) = -1.08898871733e-05
[H,11] = -1.08898871733e-05
Number of instructions for commutator calculation: 2192
E(0.014372,0.0176131,0.129343,0.545459,1.00787) = 0.0115070129734
[H,13] = 0.0115070129734
Number of instructions for commutator calculation: 3796
E(0.014372,0.0176131,0.129343,0.545459,1.00787) = 9.74968939872e-06
[H,15] = 9.74968939872e-06
Number of instructions for commutator calculation: 3778
E(0.014372,0.0176131,0.129343,0.545459,1.00787) = -0.00896960567571
[H,17] = -0.00896960567571
Number of instructions for commutator calculation: 2160
E(0.014372,0.0176131,0.129343,0.545459,1.00787) = -0.000479151850186
[H,19] = -0.000479151850186
Number of instructions for commutator calculation: 3726
E(0.014372,0.0176131,0.129343,0.545459,1.00787) = -2.15327650172e-06
[H,21] = -2.15327650172e-06
Number of instructions for commutator calculation: 2160
E(0.014372,0.0176131,0.129343,0.545459,1.00787) = -0.000347834401717
[H,23] = -0.000347834401717
Max gradient component: [H, 13] = 0.0115070129734 a.u.
Norm of gradient vector: 0.0146462363979 a.u.
vqe optimization of current ansatz.
020-08-06 08:24:25.014] [xacc-logger] [info] Chosen optimizer does not support gradients. Using default.
E(0.000000,0,0,0,0,0) = -0.8339852511
E(1.570796,0,0,0,0,0) = -0.135749313751
E(0.000000,1.5708,0,0,0,0) = -0.0111723226592
E(0.000000,0,1.5708,0,0,0) = -0.670239759139
E(0.000000,0,0,1.5708,0,0) = -0.0339520709309
E(0.000000,0,0,0,1.5708,0) = -0.655638632025
E(0.000000,0,0,0,0,1.5708) = -0.913266706157
E(-0.802154,-0.945272,-0.188116,-0.919102,-0.20489,1.66188) = -0.745369048637
E(0.699847,-0.249496,-0.0496514,-0.242588,-0.0540788,1.59484) = -0.821782905276
E(0.000000,0.0396826,-0.265779,0,0,1.5708) = -0.899766982556
E(-0.045062,0.622546,0.137184,-0.44354,-0.0988758,1.61475) = -0.83960334246
E(0.000000,7.06357e-18,0,0.0804381,-0.0321179,1.5708) = -0.911268901339
E(-0.099779,0.0233605,0.101432,0.242221,0.726579,1.66812) = -0.888365042076
E(-0.087296,-0.153133,-0.0112977,-0.0329232,0.0414221,1.5708) = -0.913049006861
E(-0.267510,-0.0833866,0.149524,0.586989,-0.381466,1.73175) = -0.84384115556
E(0.052338,0.0599857,0.0119215,0.113317,4.14098e-06,1.33496) = -0.948661235667
E(-0.338885,-0.289359,0.0399514,-0.130211,0.0514306,0.806742) = -0.885291707432
E(0.274371,0.450027,-0.276295,0.508088,0.0823755,0.922989) = -0.791368307086
E(0.163354,0.255006,-0.132187,0.310703,0.0411898,1.12898) = -0.912452918899
E(-0.033945,0.20406,0.0261676,0.108126,-0.0022821,1.33559) = -0.943052079818
E(0.282652,0.123156,0.252854,-0.0785863,-0.0445515,1.35276) = -0.934469441351
E(0.034400,0.0302834,0.130456,0.18509,0.355255,1.42216) = -0.939416670226
E(0.016695,0.0128963,0.106528,0.236041,-0.0887385,1.39134) = -0.936472258765
E(-0.041834,-0.0219488,0.0470239,0.0416823,0.00921745,1.20642) = -0.971738662715
E(-0.134935,-0.122819,-0.00626731,-0.0861591,0.0144616,1.18407) = -0.961941232161
E(-0.049324,-0.0235066,0.0170421,0.0715633,0.0192759,1.19419) = -0.970555596442
E(0.036011,-0.00885177,0.113624,0.0301754,0.0169042,1.04) = -0.984872144326
E(-0.023230,-0.076224,0.236768,0.122153,-0.056752,1.00186) = -0.983241463828
E(0.030920,-0.0116558,0.150078,0.0288236,0.0700553,1.05413) = -0.986639771469
E(0.035504,-0.0328778,0.0948729,0.101576,0.174793,0.917118) = -0.982917801854
E(-0.023462,0.0644859,0.164839,0.0170724,0.0690129,1.03118) = -0.988106641674
E(-0.021843,0.0783054,0.165336,0.0216118,0.0688936,1.03146) = -0.987581171085
E(-0.016818,0.0562174,0.207485,-0.0650241,0.075335,1.00073) = -0.988337508398
E(-0.016562,0.0594554,0.17543,-0.0738688,0.0908834,1.00934) = -0.986611248542
E(-0.092105,0.0191443,0.254013,-0.0515143,0.0657768,1.01326) = -0.988677825919
E(-0.092645,0.0221996,0.246971,-0.0652218,0.0567606,1.01968) = -0.987648378381
E(-0.104373,-0.000534972,0.233584,-0.0325583,0.0367256,0.926776) = -0.986621526119
E(-0.078826,-0.00687292,0.248399,-0.0498869,0.0616037,1.02034) = -0.988911507214
E(-0.033494,-0.0133875,0.322554,-0.0188152,0.0943025,1.02303) = -0.993223755483
E(-0.027279,-0.0380296,0.337375,-0.00784288,0.187319,1.02256) = -0.993067976035
E(-0.036830,-0.00595996,0.31771,0.0145029,0.0948097,1.0313) = -0.993446195579
E(0.029193,-0.0331194,0.369513,0.0401791,0.0693064,1.05471) = -0.992777087078
E(-0.038940,-0.00897673,0.327486,0.0290223,0.0903261,0.985805) = -0.993885494542
E(-0.042187,-0.0141549,0.329198,0.0294148,0.0887148,0.986274) = -0.993718927866
E(-0.054412,0.0230203,0.36108,0.0274266,0.0940349,0.987037) = -0.994352596465
E(-0.055693,0.0279966,0.358743,0.0267184,0.0832292,0.987164) = -0.994204402478
E(-0.040910,0.0514305,0.358767,0.0361439,0.125926,0.9691) = -0.994269436687
E(-0.057165,0.0244255,0.355048,0.024263,0.0975654,0.985121) = -0.994186024555
E(-0.061023,0.0131165,0.403743,0.0447281,0.103691,0.994463) = -0.994512647599
E(-0.045173,-0.0136855,0.40164,0.0637949,0.0960965,0.962614) = -0.993887478595
E(-0.058428,0.0133028,0.404969,0.0436323,0.102749,0.985802) = -0.994609279324
E(-0.027158,0.011032,0.422646,0.0114878,0.104895,0.994535) = -0.995924384584
E(0.003954,0.0422891,0.426264,0.0268986,0.1193,0.997081) = -0.996021029788
E(0.001462,0.0490516,0.430426,0.0235031,0.121881,0.981058) = -0.995981042404
E(0.020638,0.0382898,0.442609,-0.010356,0.135354,1.01131) = -0.995930106561
E(0.010556,0.0571516,0.443563,0.0208863,0.0771045,1.00248) = -0.995678433508
E(0.019707,0.0269862,0.426484,0.031713,0.116893,0.98754) = -0.996083157454
E(0.020228,0.0270239,0.423756,0.030307,0.115896,0.987065) = -0.996058530428
E(0.019179,0.0185471,0.432013,0.047816,0.132205,0.990103) = -0.99592408024
E(0.025048,0.0284556,0.426058,0.0336193,0.11814,0.988575) = -0.995979353461
E(0.011821,0.0175114,0.439366,0.02978,0.10014,0.987887) = -0.996289148404
E(0.006389,0.0212455,0.449003,0.0250129,0.101364,0.966867) = -0.996330356652
E(0.007694,0.0197956,0.45084,0.0239099,0.103076,0.969546) = -0.996381339069
E(0.003643,0.00570184,0.455773,0.00511346,0.103825,0.972569) = -0.996351912291
E(0.014766,0.0225358,0.455346,0.0223754,0.103707,0.971492) = -0.996417004512
E(0.017799,0.0268829,0.468152,0.0231974,0.0841098,0.966433) = -0.99635001105
E(0.013716,0.0184453,0.463222,0.0287809,0.108929,0.97305) = -0.996468840201
E(0.021510,0.0130308,0.462718,0.0312227,0.112673,0.966703) = -0.996332546402
E(0.013801,0.0199127,0.462133,0.032268,0.1092,0.972564) = -0.996422884454
E(0.008919,0.0206201,0.469312,0.022173,0.113202,0.977934) = -0.996607391561
E(0.008563,0.0164579,0.470685,0.0199794,0.111721,0.989082) = -0.996668303503
E(0.004902,0.0166313,0.48004,0.0171107,0.105284,0.989073) = -0.99672119104
E(0.004069,0.0129644,0.486079,0.00907348,0.110981,0.990787) = -0.996752734139
E(0.000000,0.0206514,0.490677,0.00986495,0.113679,0.997562) = -0.996793106816
E(0.000951,0.0162101,0.498975,0.0167258,0.115334,1.00093) = -0.996849527989
E(-0.010145,0.0115978,0.498407,0.0187795,0.116322,1.00175) = -0.996758100229
E(0.001547,0.0152009,0.497466,0.0159953,0.113249,1.00558) = -0.996831783627
E(0.007713,0.0206038,0.508168,0.0168324,0.115895,1.00007) = -0.996898298587
E(0.012964,0.0215585,0.505895,0.0199219,0.126058,1.0021) = -0.996878794911
E(0.007422,0.0217203,0.507068,0.0191907,0.114581,1.00018) = -0.99688299385
E(0.014772,0.0127173,0.509244,0.0171945,0.113182,0.994601) = -0.996872683329
E(0.007078,0.0202752,0.50829,0.0124741,0.116141,1.00027) = -0.996900231608
E(0.001998,0.0216122,0.519188,0.0128522,0.118143,0.999979) = -0.99692707128
E(0.002492,0.0320145,0.522763,0.0109966,0.115865,0.995425) = -0.996857117442
E(0.002235,0.0227516,0.519288,0.0148721,0.115725,1.00181) = -0.996922265885
E(0.003733,0.0167479,0.523105,0.00692004,0.119528,1.00843) = -0.996928607773
E(-0.001340,0.0137954,0.522419,0.00823886,0.120347,1.00899) = -0.996908959027
E(0.003744,0.0157605,0.523419,0.00682499,0.118975,1.00722) = -0.996929853704
E(0.006937,0.0142328,0.52513,0.0104077,0.122023,1.00696) = -0.99695472993
E(0.010610,0.0149477,0.52896,0.0111384,0.124317,1.00517) = -0.996971137479
E(0.015822,0.0131831,0.526898,0.0118298,0.125779,1.00446) = -0.996950126144
E(0.010872,0.013981,0.529223,0.0102193,0.124023,1.0055) = -0.996966864785
E(0.011505,0.0154504,0.53155,0.0146781,0.120423,1.00665) = -0.996973044879
E(0.011455,0.0152172,0.531565,0.0148798,0.120157,1.00626) = -0.996973067809
E(0.008509,0.0146714,0.534765,0.0175138,0.123544,1.0061) = -0.996981523103
E(0.007436,0.0190519,0.537664,0.0165118,0.123392,1.0033) = -0.996989474881
E(0.009735,0.0216606,0.538187,0.0200637,0.126301,1.00125) = -0.996977686444
E(0.007211,0.0177386,0.537457,0.0168895,0.123228,1.00232) = -0.996988488115
E(0.002057,0.0208789,0.536139,0.0174002,0.122,1.00387) = -0.996966910377
E(0.008502,0.0173465,0.542621,0.0136056,0.123769,1.00396) = -0.996999305193
E(0.011519,0.017913,0.54356,0.0138479,0.118552,1.00369) = -0.996993553168
E(0.009013,0.017721,0.541677,0.0124572,0.123942,1.00395) = -0.996997954682
E(0.008474,0.013296,0.544653,0.0120992,0.124983,1.00031) = -0.996988978926
E(0.006299,0.0183379,0.543583,0.0127706,0.123323,1.00529) = -0.996996116012
E(0.008521,0.0180317,0.542986,0.0136222,0.123923,1.00391) = -0.996999628392
E(0.009961,0.0177915,0.543478,0.0145627,0.12532,1.00596) = -0.997001651599
E(0.009738,0.0186949,0.542067,0.0170021,0.126067,1.00575) = -0.996997287094
E(0.009685,0.0174296,0.543526,0.0144331,0.125958,1.00585) = -0.997002390542
E(0.011007,0.0164281,0.545769,0.0141381,0.126711,1.00487) = -0.99700442202
E(0.009762,0.0159764,0.547784,0.0132253,0.127212,1.00645) = -0.997005825512
E(0.010914,0.0163135,0.547534,0.0108489,0.128667,1.00683) = -0.997003260923
E(0.009622,0.0162922,0.547822,0.0134071,0.127532,1.00619) = -0.997006374979
E(0.008880,0.0157031,0.549136,0.0154987,0.129066,1.00594) = -0.997006128334
E(0.009464,0.0168167,0.547861,0.0132156,0.127729,1.00603) = -0.997006652699
E(0.007710,0.0160477,0.548569,0.0122758,0.126838,1.00414) = -0.997002668873
E(0.009519,0.0166828,0.548114,0.0132344,0.127518,1.00681) = -0.997006482583
E(0.010294,0.019391,0.549142,0.0138524,0.127652,1.00581) = -0.997006168172
E(0.008971,0.0170743,0.547422,0.0131859,0.12782,1.00601) = -0.997006253859
E(0.009108,0.0166305,0.548179,0.013889,0.125884,1.00833) = -0.997004358565
E(0.007833,0.018114,0.546133,0.0135542,0.129017,1.00658) = -0.997004734655
E(0.010320,0.0165454,0.548121,0.0125293,0.128622,1.00648) = -0.997006606081
E(0.009447,0.0165441,0.548111,0.0137986,0.128059,1.00598) = -0.997007010434
E(0.009528,0.0165463,0.547933,0.0138593,0.128042,1.00597) = -0.997006945375
E(0.009505,0.0162167,0.548377,0.0138255,0.128139,1.00534) = -0.997006932988
E(0.009537,0.0165338,0.548211,0.0138294,0.128004,1.00604) = -0.997007061633
E(0.009277,0.0162102,0.548558,0.0141588,0.128033,1.00647) = -0.997006889924
E(0.009494,0.0165948,0.548216,0.0139548,0.127955,1.00603) = -0.997007064325
E(0.009761,0.017031,0.548473,0.0140293,0.128461,1.00606) = -0.997007640792
E(0.010023,0.0176029,0.548858,0.0139111,0.128633,1.00607) = -0.997007940721
E(0.010093,0.0176067,0.549182,0.0141753,0.129191,1.00638) = -0.997008247784
E(0.010722,0.0177345,0.54894,0.0144339,0.129416,1.00637) = -0.997007968668
E(0.010139,0.0175604,0.549186,0.01418,0.129185,1.00624) = -0.997008291332
E(0.009749,0.0177987,0.549187,0.0141092,0.129689,1.00589) = -0.997008387179
E(0.009683,0.0179076,0.549214,0.0143784,0.129586,1.00584) = -0.99700825333
E(0.009802,0.0175794,0.549848,0.0138575,0.129845,1.00578) = -0.997008767907
E(0.009603,0.0168949,0.549901,0.0139167,0.130117,1.00576) = -0.997008756536
E(0.009880,0.0175761,0.5498,0.0138294,0.129759,1.00571) = -0.997008743484
E(0.009663,0.0176673,0.550268,0.0132508,0.12997,1.00581) = -0.997008744633
E(0.009827,0.0176484,0.549873,0.0138634,0.129947,1.00579) = -0.997008807221
E(0.010422,0.0175461,0.549935,0.0137812,0.13009,1.00535) = -0.997008851354
E(0.010559,0.0174502,0.549986,0.0137839,0.129844,1.00547) = -0.997008832632
E(0.010715,0.0175896,0.550097,0.0138847,0.130552,1.00585) = -0.99700903412
E(0.010701,0.0177161,0.550685,0.0143441,0.130627,1.00575) = -0.997009198392
E(0.010975,0.0179326,0.550997,0.0147568,0.13104,1.00592) = -0.997009055142
E(0.010778,0.0179976,0.550673,0.0143248,0.130571,1.00575) = -0.997009067132
E(0.010685,0.0171794,0.550918,0.0146417,0.131018,1.00582) = -0.997009265461
E(0.010977,0.0174999,0.551209,0.0150284,0.131388,1.00599) = -0.997009107539
E(0.010743,0.0172029,0.550823,0.0148407,0.131002,1.00581) = -0.997009127058
E(0.010666,0.0172371,0.551513,0.0142191,0.131227,1.00591) = -0.997009645871
E(0.010588,0.0167243,0.551694,0.0138137,0.13155,1.00604) = -0.997009659899
E(0.010875,0.0166994,0.551693,0.0137849,0.131551,1.00594) = -0.997009576583
E(0.010384,0.0171096,0.552251,0.0137246,0.131625,1.00631) = -0.997009930255
E(0.010100,0.0171781,0.552725,0.0141058,0.131815,1.00662) = -0.997010010255
E(0.009877,0.0171176,0.552887,0.0135473,0.13202,1.00702) = -0.99700992765
E(0.010078,0.0172867,0.552672,0.0141127,0.131828,1.00653) = -0.997010006949
E(0.009828,0.0170621,0.553139,0.0140082,0.131363,1.00629) = -0.997009925305
E(0.010130,0.0171685,0.552713,0.0141306,0.131717,1.00678) = -0.997009990748
E(0.009897,0.0179037,0.55261,0.0141813,0.131827,1.00658) = -0.997009821851
E(0.010132,0.017194,0.552832,0.0140532,0.131796,1.0066) = -0.997010039431
E(0.010494,0.0170334,0.553275,0.0143603,0.132171,1.0066) = -0.99701006491
E(0.010521,0.0171182,0.553274,0.014343,0.132125,1.0066) = -0.997010084414
E(0.011130,0.0170305,0.553098,0.0140055,0.132062,1.00635) = -0.997009977136
E(0.010541,0.0174664,0.553334,0.0142927,0.132107,1.0066) = -0.997010110244
E(0.010416,0.0177686,0.553338,0.0148102,0.132561,1.00651) = -0.997009824981
E(0.010447,0.0174599,0.553328,0.0141185,0.132154,1.00657) = -0.997010147015
E(0.010473,0.0174012,0.553751,0.013817,0.132132,1.00713) = -0.997010169957
E(0.010487,0.017498,0.553784,0.0138592,0.131872,1.00712) = -0.997010144367
E(0.010086,0.0171723,0.554117,0.0135271,0.132111,1.00672) = -0.997010148958
E(0.010390,0.0176454,0.553866,0.0138919,0.132376,1.00718) = -0.997010142249
E(0.010319,0.0174006,0.553671,0.0138179,0.132117,1.00713) = -0.997010152508
E(0.010647,0.0174396,0.553626,0.013509,0.132193,1.0071) = -0.997010107342
E(0.010556,0.0171205,0.553841,0.0140316,0.132189,1.00719) = -0.997010145163
E(0.010334,0.0173658,0.553656,0.0138133,0.13212,1.00721) = -0.997010133974
E(0.010465,0.0173816,0.553809,0.0137726,0.132125,1.00715) = -0.997010170727
E(0.010394,0.0173475,0.553842,0.0137697,0.132135,1.00698) = -0.997010197336
E(0.010488,0.0173291,0.553827,0.0136724,0.132179,1.00685) = -0.997010213442
E(0.010483,0.0174277,0.55392,0.0136958,0.132287,1.00677) = -0.997010226548
E(0.010547,0.0173134,0.553993,0.0137883,0.132323,1.0067) = -0.997010246793
E(0.010598,0.0173382,0.554072,0.0138231,0.13222,1.00658) = -0.99701024892
E(0.010589,0.0173239,0.554093,0.0137799,0.132218,1.0066) = -0.99701024986
E(0.010546,0.0172269,0.554132,0.0137704,0.132319,1.00648) = -0.997010236566
E(0.010661,0.017324,0.554079,0.0137778,0.13223,1.00659) = -0.99701024801
E(0.010611,0.0173278,0.554229,0.0138649,0.132226,1.0067) = -0.997010258758
E(0.010618,0.017193,0.554202,0.013909,0.132113,1.00675) = -0.997010246272
E(0.010572,0.0173297,0.554232,0.0138031,0.132195,1.00671) = -0.997010271058
E(0.010509,0.0174421,0.554296,0.0137052,0.13213,1.00676) = -0.997010247163
Energy at ADAPT iteration 6: -0.997010271058
Parameters at ADAPT iteration 6: 0.0105719656414 0.017329734756 0.55423229196 0.0138031480147 0.132195398729 1.0067078953 
Ansatz at ADAPT iteration 6: 5 1 3 23 19 13 
Iteration: 7
Computing [H, A]
Printing commutators with absolute value above 0.000000
Number of instructions for commutator calculation: 688
E(0.010572,0.0173297,0.554232,0.0138031,0.132195,1.00671) = 1.18001087615e-06
[H,0] = 1.18001087615e-06
Number of instructions for commutator calculation: 684
E(0.010572,0.0173297,0.554232,0.0138031,0.132195,1.00671) = 0.000109062020257
[H,1] = 0.000109062020257
Number of instructions for commutator calculation: 700
E(0.010572,0.0173297,0.554232,0.0138031,0.132195,1.00671) = -1.61856674247e-05
[H,2] = -1.61856674247e-05
Number of instructions for commutator calculation: 696
E(0.010572,0.0173297,0.554232,0.0138031,0.132195,1.00671) = 5.39418699722e-05
[H,3] = 5.39418699722e-05
Number of instructions for commutator calculation: 2216
E(0.010572,0.0173297,0.554232,0.0138031,0.132195,1.00671) = -4.40029011359e-05
[H,5] = -4.40029011359e-05
Number of instructions for commutator calculation: 3796
E(0.010572,0.0173297,0.554232,0.0138031,0.132195,1.00671) = -1.24183606901e-06
[H,7] = -1.24183606901e-06
Number of instructions for commutator calculation: 3770
E(0.010572,0.0173297,0.554232,0.0138031,0.132195,1.00671) = 0.000375922891
[H,9] = 0.000375922891
Number of instructions for commutator calculation: 3722
E(0.010572,0.0173297,0.554232,0.0138031,0.132195,1.00671) = -1.09323487453e-05
[H,11] = -1.09323487453e-05
Number of instructions for commutator calculation: 2192
E(0.010572,0.0173297,0.554232,0.0138031,0.132195,1.00671) = -3.81171146578e-05
[H,13] = -3.81171146578e-05
Number of instructions for commutator calculation: 3796
E(0.010572,0.0173297,0.554232,0.0138031,0.132195,1.00671) = 9.75026506157e-06
[H,15] = 9.75026506157e-06
Number of instructions for commutator calculation: 3778
E(0.010572,0.0173297,0.554232,0.0138031,0.132195,1.00671) = -0.00884288578518
[H,17] = -0.00884288578518
Number of instructions for commutator calculation: 2160
E(0.010572,0.0173297,0.554232,0.0138031,0.132195,1.00671) = 7.0745538469e-05
[H,19] = 7.0745538469e-05
Number of instructions for commutator calculation: 3726
E(0.010572,0.0173297,0.554232,0.0138031,0.132195,1.00671) = -2.17920906481e-06
[H,21] = -2.17920906481e-06
Number of instructions for commutator calculation: 2160
E(0.010572,0.0173297,0.554232,0.0138031,0.132195,1.00671) = -2.80557409248e-05
[H,23] = -2.80557409248e-05
Max gradient component: [H, 17] = -0.00884288578518 a.u.
Norm of gradient vector: 0.00885225489625 a.u.
ADAPT-vqe converged in 6 iterations.
ADAPT-vqe energy: -0.997010271058 a.u.
Operators in the ansatz
(0,-0.176777) X0 Y1 X5 X6 + (0,0.176777) X0 X1 Y5 X6 + (0,0.176777) Y0 X1 Y5 Y6 + (0,-0.176777) X0 Y1 Y5 Y6 + (0,-0.176777) X0 X1 X5 Y6 + (0,0.176777) Y0 Y1 Y5 X6 + (0,0.176777) Y0 X1 X5 X6 + (0,-0.176777) Y0 Y1 X5 Y6
(0,0.25) Y5 Z6 X7 + (0,-0.25) X5 Z6 Y7 + (0,0.25) Y0 Z1 X2 + (0,-0.25) X0 Z1 Y2
(0,-0.25) X5 Z6 Z7 Z8 Y9 + (0,0.25) Y0 Z1 Z2 Z3 X4 + (0,-0.25) X0 Z1 Z2 Z3 Y4 + (0,0.25) Y5 Z6 Z7 Z8 X9
(0,0.176777) Y0 Z1 Z2 Z3 X4 X5 Z6 Z7 Z8 X9 + (0,0.176777) Y0 Z1 Z2 Z3 Y4 Y5 Z6 Z7 Z8 X9 + (0,-0.176777) Y0 Z1 Z2 Z3 Y4 X5 Z6 Z7 Z8 Y9 + (0,-0.176777) X0 Z1 Z2 Z3 X4 X5 Z6 Z7 Z8 Y9 + (0,-0.176777) X0 Z1 Z2 Z3 Y4 Y5 Z6 Z7 Z8 Y9 + (0,-0.176777) X0 Z1 Z2 Z3 Y4 X5 Z6 Z7 Z8 X9 + (0,0.176777) Y0 Z1 Z2 Z3 X4 Y5 Z6 Z7 Z8 Y9 + (0,0.176777) X0 Z1 Z2 Z3 X4 Y5 Z6 Z7 Z8 X9
(0,0.176777) Y0 Z1 Z2 X3 X5 Z6 Z7 X8 + (0,-0.176777) X0 Z1 Z2 Y3 X5 Z6 Z7 X8 + (0,-0.176777) X0 Z1 Z2 Y3 Y5 Z6 Z7 Y8 + (0,0.176777) Y0 Z1 Z2 Y3 Y5 Z6 Z7 X8 + (0,0.176777) Y0 Z1 Z2 X3 Y5 Z6 Z7 Y8 + (0,0.176777) X0 Z1 Z2 X3 Y5 Z6 Z7 X8 + (0,-0.176777) X0 Z1 Z2 X3 X5 Z6 Z7 Y8 + (0,-0.176777) Y0 Z1 Z2 Y3 X5 Z6 Z7 Y8
(0,-0.176777) X0 Z1 Y2 Y5 Z6 Y7 + (0,-0.176777) Y0 Z1 Y2 X5 Z6 Y7 + (0,0.176777) Y0 Z1 X2 Y5 Z6 Y7 + (0,-0.176777) X0 Z1 Y2 X5 Z6 X7 + (0,0.176777) X0 Z1 X2 Y5 Z6 X7 + (0,-0.176777) X0 Z1 X2 X5 Z6 Y7 + (0,0.176777) Y0 Z1 Y2 Y5 Z6 X7 + (0,0.176777) Y0 Z1 X2 X5 Z6 X7
Optimal parameters: 0.0105719656414 0.017329734756 0.55423229196 0.0138031480147 0.132195398729 1.0067078953 
Final ADAPT-vqe circuit

X q0
X q5
H q0
H q1
H q5
Rx(1.57079) q6
CNOT q0,q1
CNOT q1,q5
CNOT q5,q6
Rz(-0.176777*x0) q6
CNOT q5,q6
CNOT q1,q5
CNOT q0,q1
H q0
H q1
H q5
Rx(-1.57079) q6
Rx(1.57079) q0
Rx(1.57079) q1
Rx(1.57079) q5
H q6
CNOT q0,q1
CNOT q1,q5
CNOT q5,q6
Rz(0.176777*x0) q6
CNOT q5,q6
CNOT q1,q5
CNOT q0,q1
Rx(-1.57079) q0
Rx(-1.57079) q1
Rx(-1.57079) q5
H q6
Rx(1.57079) q0
Rx(1.57079) q1
H q5
Rx(1.57079) q6
CNOT q0,q1
CNOT q1,q5
CNOT q5,q6
Rz(-0.176777*x0) q6
CNOT q5,q6
CNOT q1,q5
CNOT q0,q1
Rx(-1.57079) q0
Rx(-1.57079) q1
H q5
Rx(-1.57079) q6
Rx(1.57079) q0
H q1
Rx(1.57079) q5
Rx(1.57079) q6
CNOT q0,q1
CNOT q1,q5
CNOT q5,q6
Rz(0.176777*x0) q6
CNOT q5,q6
CNOT q1,q5
CNOT q0,q1
Rx(-1.57079) q0
H q1
Rx(-1.57079) q5
Rx(-1.57079) q6
H q0
Rx(1.57079) q1
Rx(1.57079) q5
Rx(1.57079) q6
CNOT q0,q1
CNOT q1,q5
CNOT q5,q6
Rz(-0.176777*x0) q6
CNOT q5,q6
CNOT q1,q5
CNOT q0,q1
H q0
Rx(-1.57079) q1
Rx(-1.57079) q5
Rx(-1.57079) q6
H q0
Rx(1.57079) q1
H q5
H q6
CNOT q0,q1
CNOT q1,q5
CNOT q5,q6
Rz(-0.176777*x0) q6
CNOT q5,q6
CNOT q1,q5
CNOT q0,q1
H q0
Rx(-1.57079) q1
H q5
H q6
Rx(1.57079) q0
H q1
H q5
H q6
CNOT q0,q1
CNOT q1,q5
CNOT q5,q6
Rz(0.176777*x0) q6
CNOT q5,q6
CNOT q1,q5
CNOT q0,q1
Rx(-1.57079) q0
H q1
H q5
H q6
H q0
H q1
Rx(1.57079) q5
H q6
CNOT q0,q1
CNOT q1,q5
CNOT q5,q6
Rz(0.176777*x0) q6
CNOT q5,q6
CNOT q1,q5
CNOT q0,q1
H q0
H q1
Rx(-1.57079) q5
H q6
Rx(1.57079) q0
H q2
CNOT q0,q1
CNOT q1,q2
Rz(0.250000*x1) q2
CNOT q1,q2
CNOT q0,q1
Rx(-1.57079) q0
H q2
H q5
Rx(1.57079) q7
CNOT q5,q6
CNOT q6,q7
Rz(-0.250000*x1) q7
CNOT q6,q7
CNOT q5,q6
H q5
Rx(-1.57079) q7
Rx(1.57079) q5
H q7
CNOT q5,q6
CNOT q6,q7
Rz(0.250000*x1) q7
CNOT q6,q7
CNOT q5,q6
Rx(-1.57079) q5
H q7
H q0
Rx(1.57079) q2
CNOT q0,q1
CNOT q1,q2
Rz(-0.250000*x1) q2
CNOT q1,q2
CNOT q0,q1
H q0
Rx(-1.57079) q2
Rx(1.57079) q0
H q4
CNOT q0,q1
CNOT q1,q2
CNOT q2,q3
CNOT q3,q4
Rz(0.250000*x2) q4
CNOT q3,q4
CNOT q2,q3
CNOT q1,q2
CNOT q0,q1
Rx(-1.57079) q0
H q4
H q5
Rx(1.57079) q9
CNOT q5,q6
CNOT q6,q7
CNOT q7,q8
CNOT q8,q9
Rz(-0.250000*x2) q9
CNOT q8,q9
CNOT q7,q8
CNOT q6,q7
CNOT q5,q6
H q5
Rx(-1.57079) q9
Rx(1.57079) q5
H q9
CNOT q5,q6
CNOT q6,q7
CNOT q7,q8
CNOT q8,q9
Rz(0.250000*x2) q9
CNOT q8,q9
CNOT q7,q8
CNOT q6,q7
CNOT q5,q6
Rx(-1.57079) q5
H q9
H q0
Rx(1.57079) q4
CNOT q0,q1
CNOT q1,q2
CNOT q2,q3
CNOT q3,q4
Rz(-0.250000*x2) q4
CNOT q3,q4
CNOT q2,q3
CNOT q1,q2
CNOT q0,q1
H q0
Rx(-1.57079) q4
H q0
Rx(1.57079) q4
Rx(1.57079) q5
Rx(1.57079) q9
CNOT q0,q1
CNOT q1,q2
CNOT q2,q3
CNOT q3,q4
CNOT q4,q5
CNOT q5,q6
CNOT q6,q7
CNOT q7,q8
CNOT q8,q9
Rz(-0.176777*x3) q9
CNOT q8,q9
CNOT q7,q8
CNOT q6,q7
CNOT q5,q6
CNOT q4,q5
CNOT q3,q4
CNOT q2,q3
CNOT q1,q2
CNOT q0,q1
H q0
Rx(-1.57079) q4
Rx(-1.57079) q5
Rx(-1.57079) q9
Rx(1.57079) q0
H q4
H q5
H q9
CNOT q0,q1
CNOT q1,q2
CNOT q2,q3
CNOT q3,q4
CNOT q4,q5
CNOT q5,q6
CNOT q6,q7
CNOT q7,q8
CNOT q8,q9
Rz(0.176777*x3) q9
CNOT q8,q9
CNOT q7,q8
CNOT q6,q7
CNOT q5,q6
CNOT q4,q5
CNOT q3,q4
CNOT q2,q3
CNOT q1,q2
CNOT q0,q1
Rx(-1.57079) q0
H q4
H q5
H q9
Rx(1.57079) q0
Rx(1.57079) q4
Rx(1.57079) q5
H q9
CNOT q0,q1
CNOT q1,q2
CNOT q2,q3
CNOT q3,q4
CNOT q4,q5
CNOT q5,q6
CNOT q6,q7
CNOT q7,q8
CNOT q8,q9
Rz(0.176777*x3) q9
CNOT q8,q9
CNOT q7,q8
CNOT q6,q7
CNOT q5,q6
CNOT q4,q5
CNOT q3,q4
CNOT q2,q3
CNOT q1,q2
CNOT q0,q1
Rx(-1.57079) q0
Rx(-1.57079) q4
Rx(-1.57079) q5
H q9
Rx(1.57079) q0
H q4
Rx(1.57079) q5
Rx(1.57079) q9
CNOT q0,q1
CNOT q1,q2
CNOT q2,q3
CNOT q3,q4
CNOT q4,q5
CNOT q5,q6
CNOT q6,q7
CNOT q7,q8
CNOT q8,q9
Rz(0.176777*x3) q9
CNOT q8,q9
CNOT q7,q8
CNOT q6,q7
CNOT q5,q6
CNOT q4,q5
CNOT q3,q4
CNOT q2,q3
CNOT q1,q2
CNOT q0,q1
Rx(-1.57079) q0
H q4
Rx(-1.57079) q5
Rx(-1.57079) q9
H q0
H q4
Rx(1.57079) q5
H q9
CNOT q0,q1
CNOT q1,q2
CNOT q2,q3
CNOT q3,q4
CNOT q4,q5
CNOT q5,q6
CNOT q6,q7
CNOT q7,q8
CNOT q8,q9
Rz(0.176777*x3) q9
CNOT q8,q9
CNOT q7,q8
CNOT q6,q7
CNOT q5,q6
CNOT q4,q5
CNOT q3,q4
CNOT q2,q3
CNOT q1,q2
CNOT q0,q1
H q0
H q4
Rx(-1.57079) q5
H q9
H q0
Rx(1.57079) q4
H q5
H q9
CNOT q0,q1
CNOT q1,q2
CNOT q2,q3
CNOT q3,q4
CNOT q4,q5
CNOT q5,q6
CNOT q6,q7
CNOT q7,q8
CNOT q8,q9
Rz(-0.176777*x3) q9
CNOT q8,q9
CNOT q7,q8
CNOT q6,q7
CNOT q5,q6
CNOT q4,q5
CNOT q3,q4
CNOT q2,q3
CNOT q1,q2
CNOT q0,q1
H q0
Rx(-1.57079) q4
H q5
H q9
Rx(1.57079) q0
Rx(1.57079) q4
H q5
Rx(1.57079) q9
CNOT q0,q1
CNOT q1,q2
CNOT q2,q3
CNOT q3,q4
CNOT q4,q5
CNOT q5,q6
CNOT q6,q7
CNOT q7,q8
CNOT q8,q9
Rz(-0.176777*x3) q9
CNOT q8,q9
CNOT q7,q8
CNOT q6,q7
CNOT q5,q6
CNOT q4,q5
CNOT q3,q4
CNOT q2,q3
CNOT q1,q2
CNOT q0,q1
Rx(-1.57079) q0
Rx(-1.57079) q4
H q5
Rx(-1.57079) q9
H q0
H q4
H q5
Rx(1.57079) q9
CNOT q0,q1
CNOT q1,q2
CNOT q2,q3
CNOT q3,q4
CNOT q4,q5
CNOT q5,q6
CNOT q6,q7
CNOT q7,q8
CNOT q8,q9
Rz(-0.176777*x3) q9
CNOT q8,q9
CNOT q7,q8
CNOT q6,q7
CNOT q5,q6
CNOT q4,q5
CNOT q3,q4
CNOT q2,q3
CNOT q1,q2
CNOT q0,q1
H q0
H q4
H q5
Rx(-1.57079) q9
Rx(1.57079) q0
H q3
Rx(1.57079) q5
Rx(1.57079) q8
CNOT q0,q1
CNOT q1,q2
CNOT q2,q3
CNOT q3,q5
CNOT q5,q6
CNOT q6,q7
CNOT q7,q8
Rz(0.176777*x4) q8
CNOT q7,q8
CNOT q6,q7
CNOT q5,q6
CNOT q3,q5
CNOT q2,q3
CNOT q1,q2
CNOT q0,q1
Rx(-1.57079) q0
H q3
Rx(-1.57079) q5
Rx(-1.57079) q8
Rx(1.57079) q0
Rx(1.57079) q3
H q5
Rx(1.57079) q8
CNOT q0,q1
CNOT q1,q2
CNOT q2,q3
CNOT q3,q5
CNOT q5,q6
CNOT q6,q7
CNOT q7,q8
Rz(-0.176777*x4) q8
CNOT q7,q8
CNOT q6,q7
CNOT q5,q6
CNOT q3,q5
CNOT q2,q3
CNOT q1,q2
CNOT q0,q1
Rx(-1.57079) q0
Rx(-1.57079) q3
H q5
Rx(-1.57079) q8
H q0
H q3
Rx(1.57079) q5
H q8
CNOT q0,q1
CNOT q1,q2
CNOT q2,q3
CNOT q3,q5
CNOT q5,q6
CNOT q6,q7
CNOT q7,q8
Rz(0.176777*x4) q8
CNOT q7,q8
CNOT q6,q7
CNOT q5,q6
CNOT q3,q5
CNOT q2,q3
CNOT q1,q2
CNOT q0,q1
H q0
H q3
Rx(-1.57079) q5
H q8
H q0
Rx(1.57079) q3
H q5
H q8
CNOT q0,q1
CNOT q1,q2
CNOT q2,q3
CNOT q3,q5
CNOT q5,q6
CNOT q6,q7
CNOT q7,q8
Rz(-0.176777*x4) q8
CNOT q7,q8
CNOT q6,q7
CNOT q5,q6
CNOT q3,q5
CNOT q2,q3
CNOT q1,q2
CNOT q0,q1
H q0
Rx(-1.57079) q3
H q5
H q8
Rx(1.57079) q0
H q3
H q5
H q8
CNOT q0,q1
CNOT q1,q2
CNOT q2,q3
CNOT q3,q5
CNOT q5,q6
CNOT q6,q7
CNOT q7,q8
Rz(0.176777*x4) q8
CNOT q7,q8
CNOT q6,q7
CNOT q5,q6
CNOT q3,q5
CNOT q2,q3
CNOT q1,q2
CNOT q0,q1
Rx(-1.57079) q0
H q3
H q5
H q8
Rx(1.57079) q0
Rx(1.57079) q3
Rx(1.57079) q5
H q8
CNOT q0,q1
CNOT q1,q2
CNOT q2,q3
CNOT q3,q5
CNOT q5,q6
CNOT q6,q7
CNOT q7,q8
Rz(0.176777*x4) q8
CNOT q7,q8
CNOT q6,q7
CNOT q5,q6
CNOT q3,q5
CNOT q2,q3
CNOT q1,q2
CNOT q0,q1
Rx(-1.57079) q0
Rx(-1.57079) q3
Rx(-1.57079) q5
H q8
H q0
Rx(1.57079) q3
Rx(1.57079) q5
Rx(1.57079) q8
CNOT q0,q1
CNOT q1,q2
CNOT q2,q3
CNOT q3,q5
CNOT q5,q6
CNOT q6,q7
CNOT q7,q8
Rz(-0.176777*x4) q8
CNOT q7,q8
CNOT q6,q7
CNOT q5,q6
CNOT q3,q5
CNOT q2,q3
CNOT q1,q2
CNOT q0,q1
H q0
Rx(-1.57079) q3
Rx(-1.57079) q5
Rx(-1.57079) q8
H q0
H q3
H q5
Rx(1.57079) q8
CNOT q0,q1
CNOT q1,q2
CNOT q2,q3
CNOT q3,q5
CNOT q5,q6
CNOT q6,q7
CNOT q7,q8
Rz(-0.176777*x4) q8
CNOT q7,q8
CNOT q6,q7
CNOT q5,q6
CNOT q3,q5
CNOT q2,q3
CNOT q1,q2
CNOT q0,q1
H q0
H q3
H q5
Rx(-1.57079) q8
H q0
Rx(1.57079) q2
H q5
H q7
CNOT q0,q1
CNOT q1,q2
CNOT q2,q5
CNOT q5,q6
CNOT q6,q7
Rz(-0.176777*x5) q7
CNOT q6,q7
CNOT q5,q6
CNOT q2,q5
CNOT q1,q2
CNOT q0,q1
H q0
Rx(-1.57079) q2
H q5
H q7
H q0
H q2
Rx(1.57079) q5
H q7
CNOT q0,q1
CNOT q1,q2
CNOT q2,q5
CNOT q5,q6
CNOT q6,q7
Rz(0.176777*x5) q7
CNOT q6,q7
CNOT q5,q6
CNOT q2,q5
CNOT q1,q2
CNOT q0,q1
H q0
H q2
Rx(-1.57079) q5
H q7
H q0
Rx(1.57079) q2
Rx(1.57079) q5
Rx(1.57079) q7
CNOT q0,q1
CNOT q1,q2
CNOT q2,q5
CNOT q5,q6
CNOT q6,q7
Rz(-0.176777*x5) q7
CNOT q6,q7
CNOT q5,q6
CNOT q2,q5
CNOT q1,q2
CNOT q0,q1
H q0
Rx(-1.57079) q2
Rx(-1.57079) q5
Rx(-1.57079) q7
Rx(1.57079) q0
Rx(1.57079) q2
Rx(1.57079) q5
H q7
CNOT q0,q1
CNOT q1,q2
CNOT q2,q5
CNOT q5,q6
CNOT q6,q7
Rz(0.176777*x5) q7
CNOT q6,q7
CNOT q5,q6
CNOT q2,q5
CNOT q1,q2
CNOT q0,q1
Rx(-1.57079) q0
Rx(-1.57079) q2
Rx(-1.57079) q5
H q7
Rx(1.57079) q0
H q2
H q5
H q7
CNOT q0,q1
CNOT q1,q2
CNOT q2,q5
CNOT q5,q6
CNOT q6,q7
Rz(0.176777*x5) q7
CNOT q6,q7
CNOT q5,q6
CNOT q2,q5
CNOT q1,q2
CNOT q0,q1
Rx(-1.57079) q0
H q2
H q5
H q7
Rx(1.57079) q0
Rx(1.57079) q2
H q5
Rx(1.57079) q7
CNOT q0,q1
CNOT q1,q2
CNOT q2,q5
CNOT q5,q6
CNOT q6,q7
Rz(-0.176777*x5) q7
CNOT q6,q7
CNOT q5,q6
CNOT q2,q5
CNOT q1,q2
CNOT q0,q1
Rx(-1.57079) q0
Rx(-1.57079) q2
H q5
Rx(-1.57079) q7
H q0
H q2
H q5
Rx(1.57079) q7
CNOT q0,q1
CNOT q1,q2
CNOT q2,q5
CNOT q5,q6
CNOT q6,q7
Rz(-0.176777*x5) q7
CNOT q6,q7
CNOT q5,q6
CNOT q2,q5
CNOT q1,q2
CNOT q0,q1
H q0
H q2
H q5
Rx(-1.57079) q7
Rx(1.57079) q0
H q2
Rx(1.57079) q5
Rx(1.57079) q7
CNOT q0,q1
CNOT q1,q2
CNOT q2,q5
CNOT q5,q6
CNOT q6,q7
Rz(0.176777*x5) q7
CNOT q6,q7
CNOT q5,q6
CNOT q2,q5
CNOT q1,q2
CNOT q0,q1
Rx(-1.57079) q0
H q2
Rx(-1.57079) q5
Rx(-1.57079) q7
[0m
-0.9970102710584617
[0.010571965641445889, 0.01732973475600192, 0.5542322919600833, 0.013803148014714575, 0.13219539872929123, 1.0067078953006363]
[5, 1, 3, 23, 19, 13]
