Operator pool: singlet-adapted-uccsd
Number of operators in the pool: 24
Iteration: 1
Computing [H, A]
Printing commutators with absolute value above 0.000000
Number of instructions for commutator calculation: 476
E() = 4.00000000001e-09
[H,0] = 4.00000000001e-09
Number of instructions for commutator calculation: 512
E() = -3.5500000034e-07
[H,1] = -3.5500000034e-07
Number of instructions for commutator calculation: 512
E() = -1.19999999716e-09
[H,2] = -1.19999999716e-09
Number of instructions for commutator calculation: 492
E() = 8.00000000085e-10
[H,3] = 8.00000000085e-10
Number of instructions for commutator calculation: 1392
E() = 0.454147708018
[H,5] = 0.454147708018
Number of instructions for commutator calculation: 2578
E() = 1.13318104326e-05
[H,7] = 1.13318104326e-05
Number of instructions for commutator calculation: 2626
E() = -6.65811745165e-06
[H,9] = -6.65811745165e-06
Number of instructions for commutator calculation: 2728
E() = -9.30268606342e-33
Number of instructions for commutator calculation: 1520
E() = 0.333001412325
[H,13] = 0.333001412325
Number of instructions for commutator calculation: 2658
E() = 0.000333976149407
[H,15] = 0.000333976149407
Number of instructions for commutator calculation: 2630
E() = -1.60088975261e-05
[H,17] = -1.60088975261e-05
Number of instructions for commutator calculation: 1504
E() = 0.300577282038
[H,19] = 0.300577282038
Number of instructions for commutator calculation: 2632
E() = -7.40640692083e-33
Number of instructions for commutator calculation: 1424
E() = 0.300574886926
[H,23] = 0.300574886926
Max gradient component: [H, 5] = 0.454147708018 a.u.
Norm of gradient vector: 0.705572220546 a.u.
vqe optimization of current ansatz.
020-08-04 04:13:39.857] [xacc-logger] [info] Chosen optimizer does not support gradients. Using default.
E(0.000000) = -1.1194062843
E(1.570796) = -0.316720462521
E(-1.570796) = -0.061199505898
E(-0.785398) = -0.653362912094
E(0.392699) = -1.11697690052
E(-0.196350) = -1.05319409813
E(0.098175) = -1.13605160375
E(0.196350) = -1.1412243977
E(0.294524) = -1.13482510874
E(0.147262) = -1.1400835067
E(0.220893) = -1.14070846059
E(0.184078) = -1.1412107461
E(0.202485) = -1.14116330813
E(0.193282) = -1.14123796317
E(0.190214) = -1.14124020828
E(0.187146) = -1.14123113802
E(0.188680) = -1.14123708221
E(0.190981) = -1.14124070923
E(0.191748) = -1.14124050055
E(0.191364) = -1.14124069492
Energy at ADAPT iteration 1: -1.14124070923
Parameters at ADAPT iteration 1: 0.190980604834 
Ansatz at ADAPT iteration 1: 5 
Iteration: 2
Computing [H, A]
Printing commutators with absolute value above 0.000000
Number of instructions for commutator calculation: 476
E(0.190981) = 8.62304654766e-07
[H,0] = 8.62304654766e-07
Number of instructions for commutator calculation: 512
E(0.190981) = -0.00598706090937
[H,1] = -0.00598706090937
Number of instructions for commutator calculation: 512
E(0.190981) = -4.58718823421e-05
[H,2] = -4.58718823421e-05
Number of instructions for commutator calculation: 492
E(0.190981) = 1.89027037237e-06
[H,3] = 1.89027037237e-06
Number of instructions for commutator calculation: 1392
E(0.190981) = 0.000380034748123
[H,5] = 0.000380034748123
Number of instructions for commutator calculation: 2578
E(0.190981) = 1.38042483027e-05
[H,7] = 1.38042483027e-05
Number of instructions for commutator calculation: 2626
E(0.190981) = -7.16244780586e-06
[H,9] = -7.16244780586e-06
Number of instructions for commutator calculation: 2728
E(0.190981) = 1.50732264699e-13
Number of instructions for commutator calculation: 1520
E(0.190981) = 0.312714323279
[H,13] = 0.312714323279
Number of instructions for commutator calculation: 2658
E(0.190981) = 0.000324440211343
[H,15] = 0.000324440211343
Number of instructions for commutator calculation: 2630
E(0.190981) = -1.57187159822e-05
[H,17] = -1.57187159822e-05
Number of instructions for commutator calculation: 1504
E(0.190981) = 0.280945745665
[H,19] = 0.280945745665
Number of instructions for commutator calculation: 2632
E(0.190981) = 5.23092256405e-16
Number of instructions for commutator calculation: 1424
E(0.190981) = 0.280943385201
[H,23] = 0.280943385201
Max gradient component: [H, 13] = 0.312714323279 a.u.
Norm of gradient vector: 0.505654074307 a.u.
vqe optimization of current ansatz.
020-08-04 04:21:21.793] [xacc-logger] [info] Chosen optimizer does not support gradients. Using default.
E(0.000000,0) = -1.1194062843
E(1.570796,0) = 0.356937397052
E(0.000000,1.5708) = -0.316720462521
E(-1.380013,-0.750311) = 0.36231042294
E(-0.690006,-0.375155) = -0.46801581819
E(0.362292,-0.151516) = -1.0080973279
E(0.070327,0.38635) = -1.12375209591
E(-0.121354,0.428911) = -1.07767696073
E(0.264941,0.360303) = -1.09613881559
E(0.167634,0.373327) = -1.11885619552
E(0.073884,0.40559) = -1.11900021488
E(0.037832,0.29371) = -1.1391835224
E(-0.005193,0.205464) = -1.14028447464
E(-0.050307,0.224811) = -1.13037635534
E(0.037674,0.181547) = -1.14571776635
E(0.079393,0.15568) = -1.14691642784
E(0.073220,0.106982) = -1.14355259295
E(0.115619,0.188804) = -1.14629703229
E(0.087333,0.132456) = -1.14567444464
E(0.069442,0.162862) = -1.14703472424
E(0.075277,0.173657) = -1.1473830469
E(0.078745,0.185429) = -1.14751889099
E(0.068756,0.192558) = -1.14738054043
E(0.090372,0.189356) = -1.14741994376
E(0.084558,0.187392) = -1.14750532008
E(0.079306,0.182413) = -1.14750773423
E(0.076477,0.187495) = -1.14750948938
E(0.080063,0.186213) = -1.1475226422
E(0.081549,0.185831) = -1.14752053923
E(0.080024,0.187747) = -1.14752328706
E(0.079288,0.187963) = -1.1475223062
E(0.080756,0.187976) = -1.14752292789
E(0.080080,0.187367) = -1.14752340858
E(0.079810,0.187095) = -1.147523207
E(0.080457,0.187294) = -1.14752340198
Energy at ADAPT iteration 2: -1.14752340858
Parameters at ADAPT iteration 2: 0.0800802942359 0.187367430421 
Ansatz at ADAPT iteration 2: 5 13 
Iteration: 3
Computing [H, A]
Printing commutators with absolute value above 0.000000
Number of instructions for commutator calculation: 476
E(0.080080,0.187367) = 3.76866604117e-07
[H,0] = 3.76866604117e-07
Number of instructions for commutator calculation: 512
E(0.080080,0.187367) = -0.00559826903497
[H,1] = -0.00559826903497
Number of instructions for commutator calculation: 512
E(0.080080,0.187367) = -6.9961754406e-05
[H,2] = -6.9961754406e-05
Number of instructions for commutator calculation: 492
E(0.080080,0.187367) = 3.04964062161e-06
[H,3] = 3.04964062161e-06
Number of instructions for commutator calculation: 1392
E(0.080080,0.187367) = -6.93458325142e-05
[H,5] = -6.93458325142e-05
Number of instructions for commutator calculation: 2578
E(0.080080,0.187367) = 1.46264053153e-05
[H,7] = 1.46264053153e-05
Number of instructions for commutator calculation: 2626
E(0.080080,0.187367) = -7.1334642875e-06
[H,9] = -7.1334642875e-06
Number of instructions for commutator calculation: 2728
E(0.080080,0.187367) = -5.24263261809e-15
Number of instructions for commutator calculation: 1520
E(0.080080,0.187367) = 0.000682345128878
[H,13] = 0.000682345128878
Number of instructions for commutator calculation: 2658
E(0.080080,0.187367) = 0.000255948739207
[H,15] = 0.000255948739207
Number of instructions for commutator calculation: 2630
E(0.080080,0.187367) = -1.23096336008e-05
[H,17] = -1.23096336008e-05
Number of instructions for commutator calculation: 1504
E(0.080080,0.187367) = 0.276352686497
[H,19] = 0.276352686497
Number of instructions for commutator calculation: 2632
E(0.080080,0.187367) = -4.09247223874e-19
Number of instructions for commutator calculation: 1424
E(0.080080,0.187367) = 0.276350338112
[H,23] = 0.276350338112
Max gradient component: [H, 19] = 0.276352686497 a.u.
Norm of gradient vector: 0.39086084296 a.u.
vqe optimization of current ansatz.
020-08-04 04:40:30.669] [xacc-logger] [info] Chosen optimizer does not support gradients. Using default.
E(0.000000,0,0) = -1.1194062843
E(1.570796,0,0) = 0.355256653386
E(0.000000,1.5708,0) = 0.356937397052
E(0.000000,0,1.5708) = -0.316720462521
E(-1.036076,-1.03726,-0.563955) = 0.439954074337
E(-0.518038,-0.518628,-0.281978) = -0.423037367668
E(0.362404,-0.132879,-0.0722459) = -0.992244021245
E(0.000000,0.0631684,-0.0307014) = -1.11857251014
E(0.030098,0.168045,0.353649) = -1.12580448133
E(0.011890,0.109992,0.36496) = -1.12883394926
E(-0.373865,0.174337,0.400531) = -0.944975092571
E(-0.009199,0.0872731,0.370982) = -1.12593790178
E(0.345998,-0.0935635,0.398866) = -1.02942366567
E(0.169862,0.467119,0.323511) = -0.987987324164
E(-0.164384,0.0274454,0.390779) = -1.07555989538
E(0.079016,0.038942,0.37414) = -1.12943976963
E(0.080565,0.0468259,0.396138) = -1.12461211018
E(0.130687,0.0758278,0.299255) = -1.14082415427
E(0.119005,0.0486476,0.205644) = -1.14911897602
E(0.161955,0.0711228,0.120271) = -1.1421981128
E(0.120655,-0.000410457,0.20604) = -1.14381706148
E(0.072498,0.0611855,0.196182) = -1.15207268687
E(0.055039,0.0973913,0.224358) = -1.15090395622
E(0.072831,0.0864514,0.154098) = -1.15187320503
E(0.052869,0.0480753,0.18946) = -1.15116520643
E(0.068109,0.070833,0.202367) = -1.15219535083
E(0.068302,0.0677486,0.206825) = -1.15203235041
E(0.075501,0.0799104,0.198685) = -1.1523166161
E(0.069071,0.0866209,0.190671) = -1.15237652042
E(0.073789,0.0808532,0.18092) = -1.15245018439
E(0.080346,0.0866945,0.172348) = -1.15225255109
E(0.069345,0.0768417,0.179574) = -1.1524416266
E(0.077030,0.076579,0.183899) = -1.1524285432
E(0.074754,0.0815474,0.178092) = -1.15242687844
E(0.072216,0.0824719,0.182999) = -1.15245194518
E(0.072825,0.0817024,0.184178) = -1.15245576367
E(0.071763,0.0806033,0.184309) = -1.15246210295
E(0.071063,0.0794187,0.184987) = -1.15246389228
E(0.069625,0.079874,0.18471) = -1.15246062123
E(0.071098,0.0791335,0.184834) = -1.15246416988
E(0.071327,0.0781993,0.186029) = -1.15246176705
E(0.071125,0.0796399,0.185125) = -1.15246357268
E(0.072224,0.079169,0.183794) = -1.15246387632
E(0.071661,0.0791512,0.184314) = -1.15246449416
E(0.071262,0.0791292,0.18366) = -1.15246437058
E(0.071978,0.0784552,0.184258) = -1.15246390701
Energy at ADAPT iteration 3: -1.15246449416
Parameters at ADAPT iteration 3: 0.0716609397069 0.0791512332944 0.18431417186 
Ansatz at ADAPT iteration 3: 5 13 19 
Iteration: 4
Computing [H, A]
Printing commutators with absolute value above 0.000000
Number of instructions for commutator calculation: 476
E(0.071661,0.0791512,0.184314) = 4.89485056988e-07
[H,0] = 4.89485056988e-07
Number of instructions for commutator calculation: 512
E(0.071661,0.0791512,0.184314) = -0.00653168652665
[H,1] = -0.00653168652665
Number of instructions for commutator calculation: 512
E(0.071661,0.0791512,0.184314) = -5.81038675026e-05
[H,2] = -5.81038675026e-05
Number of instructions for commutator calculation: 492
E(0.071661,0.0791512,0.184314) = 3.49178587348e-06
[H,3] = 3.49178587348e-06
Number of instructions for commutator calculation: 1392
E(0.071661,0.0791512,0.184314) = -0.00040997850298
[H,5] = -0.00040997850298
Number of instructions for commutator calculation: 2578
E(0.071661,0.0791512,0.184314) = 1.45488991182e-05
[H,7] = 1.45488991182e-05
Number of instructions for commutator calculation: 2626
E(0.071661,0.0791512,0.184314) = -7.41996851118e-06
[H,9] = -7.41996851118e-06
Number of instructions for commutator calculation: 2728
E(0.071661,0.0791512,0.184314) = -5.54792725399e-15
Number of instructions for commutator calculation: 1520
E(0.071661,0.0791512,0.184314) = -0.00035308736169
[H,13] = -0.00035308736169
Number of instructions for commutator calculation: 2658
E(0.071661,0.0791512,0.184314) = 0.000201047510638
[H,15] = 0.000201047510638
Number of instructions for commutator calculation: 2630
E(0.071661,0.0791512,0.184314) = -1.25814408206e-05
[H,17] = -1.25814408206e-05
Number of instructions for commutator calculation: 1504
E(0.071661,0.0791512,0.184314) = -0.000887686634226
[H,19] = -0.000887686634226
Number of instructions for commutator calculation: 2632
E(0.071661,0.0791512,0.184314) = -4.61498332642e-06
[H,21] = -4.61498332642e-06
Number of instructions for commutator calculation: 1424
E(0.071661,0.0791512,0.184314) = 0.271662365467
[H,23] = 0.271662365467
Max gradient component: [H, 23] = 0.271662365467 a.u.
Norm of gradient vector: 0.271742946064 a.u.
vqe optimization of current ansatz.
020-08-04 05:21:43.394] [xacc-logger] [info] Chosen optimizer does not support gradients. Using default.
E(0.000000,0,0,0) = -1.1194062847
E(1.570796,0,0,0) = 0.355256537171
E(0.000000,1.5708,0,0) = 0.355256653386
E(0.000000,0,1.5708,0) = 0.356937397052
E(0.000000,0,0,1.5708) = -0.316720462521
E(-0.864883,-0.864883,-0.865869,-0.470772) = 0.497207154307
E(-0.432442,-0.432442,-0.432934,-0.235386) = -0.38779260331
E(0.368331,-0.0898221,-0.0899244,-0.0488918) = -0.991153227172
E(0.000000,0.132194,-0.0941738,0) = -1.09832745625
E(0.013609,0.185215,0.31885,-0.134378) = -1.0305675759
E(0.010274,0.0305345,0.087298,0.381515) = -1.12884395432
E(-0.156548,-0.0606429,0.0488149,0.412002) = -1.06458103754
E(0.015236,-0.00347898,0.0510927,0.391664) = -1.12318500036
E(0.177476,0.0242986,0.188939,0.366455) = -1.11083742219
E(0.029833,0.0153635,0.0181618,0.39675) = -1.1227897075
E(0.004549,0.225362,0.0639041,0.377599) = -1.107149848
E(-0.064540,-0.0214605,0.122426,0.391698) = -1.10574275174
E(0.010330,0.0384111,0.0899905,0.422052) = -1.1187369745
E(-0.001665,0.106053,0.0703445,0.32231) = -1.13936679617
E(0.071558,0.108928,0.0973523,0.26282) = -1.15112785734
E(0.053827,0.0894973,0.10991,0.169072) = -1.15554656124
E(0.096617,0.154216,0.150573,0.124739) = -1.14267417388
E(0.055044,0.1051,0.0852048,0.16141) = -1.15557395368
E(0.106271,0.0324687,0.0455627,0.148477) = -1.15289882641
E(0.010013,0.0895719,0.0735113,0.159425) = -1.15303310806
E(0.061224,0.111816,0.0749774,0.208545) = -1.15499107179
E(0.067185,0.1215,0.09755,0.155613) = -1.15393659918
E(0.069992,0.0881808,0.0760511,0.158427) = -1.15662238472
E(0.062839,0.0683981,0.0637744,0.155401) = -1.15655113177
E(0.076042,0.0874206,0.068744,0.18105) = -1.15683599924
E(0.087894,0.0847326,0.0678265,0.179614) = -1.15662947945
E(0.076209,0.0875712,0.0643616,0.17959) = -1.15673313302
E(0.069829,0.085678,0.0756815,0.18885) = -1.15696031083
E(0.066889,0.0939865,0.083692,0.185891) = -1.15662273788
E(0.068792,0.0849047,0.0760182,0.188764) = -1.15698429057
E(0.065257,0.0773894,0.0723268,0.197011) = -1.15698484888
E(0.064223,0.0763699,0.0732085,0.193223) = -1.15706029013
E(0.071791,0.0687121,0.0790423,0.192409) = -1.15715640551
E(0.074437,0.0684298,0.0779782,0.191686) = -1.15715110266
E(0.068320,0.0602674,0.0809765,0.18444) = -1.15712766741
E(0.071800,0.0703941,0.0813892,0.190972) = -1.15716416544
E(0.075188,0.0678831,0.0906092,0.197886) = -1.1568700742
E(0.076813,0.0758334,0.080971,0.181189) = -1.15715437314
E(0.074770,0.0701577,0.0864541,0.192738) = -1.15705836887
E(0.069742,0.0717578,0.0795694,0.190902) = -1.15717514398
E(0.068220,0.0697919,0.0794355,0.18911) = -1.15719535872
E(0.069251,0.0710355,0.079101,0.186523) = -1.157218935
E(0.068865,0.071102,0.079152,0.186422) = -1.15721857728
E(0.069589,0.0703746,0.0769036,0.184515) = -1.15723165972
E(0.070460,0.0694041,0.0781962,0.182057) = -1.15723874376
E(0.071537,0.0713762,0.0773575,0.180144) = -1.15723585176
E(0.071350,0.0693309,0.078201,0.182417) = -1.15723693883
E(0.069814,0.0670798,0.0769664,0.180615) = -1.15722929291
E(0.070089,0.0697456,0.0796372,0.181906) = -1.15723648902
E(0.070585,0.0699718,0.0779681,0.181612) = -1.15723958728
E(0.070650,0.0699248,0.0780058,0.18147) = -1.15723958004
E(0.070176,0.0699802,0.0774068,0.181287) = -1.15723957555
E(0.070551,0.0700033,0.0778876,0.181894) = -1.1572394035
E(0.070182,0.0704686,0.0783628,0.181459) = -1.1572395144
E(0.070854,0.0701497,0.0778923,0.181419) = -1.15723943468
E(0.070478,0.0700914,0.0780681,0.181578) = -1.15723967291
E(0.070388,0.0700188,0.0781901,0.181487) = -1.15723969945
E(0.070434,0.0701362,0.0782408,0.181352) = -1.15723971089
E(0.070443,0.0701357,0.0782674,0.181375) = -1.15723968147
E(0.070283,0.0701842,0.0781502,0.181293) = -1.15723981292
E(0.070237,0.0701253,0.0780313,0.181162) = -1.15723986531
E(0.070280,0.0702274,0.0778794,0.1812) = -1.15723986832
E(0.070298,0.0702335,0.0778938,0.18116) = -1.15723986679
E(0.070112,0.0702791,0.0778429,0.181132) = -1.15723984525
E(0.070262,0.0702009,0.0778706,0.181255) = -1.15723986243
E(0.070367,0.0701124,0.0777938,0.181108) = -1.1572398502
Energy at ADAPT iteration 4: -1.15723986832
Parameters at ADAPT iteration 4: 0.0702797595083 0.0702274076679 0.0778793825578 0.181200474236 
Ansatz at ADAPT iteration 4: 5 13 19 23 
Iteration: 5
Computing [H, A]
Printing commutators with absolute value above 0.000000
Number of instructions for commutator calculation: 476
E(0.070280,0.0702274,0.0778794,0.1812) = 5.96835321138e-07
[H,0] = 5.96835321138e-07
Number of instructions for commutator calculation: 512
E(0.070280,0.0702274,0.0778794,0.1812) = -0.00742062663747
[H,1] = -0.00742062663747
Number of instructions for commutator calculation: 512
E(0.070280,0.0702274,0.0778794,0.1812) = -6.49471996831e-05
[H,2] = -6.49471996831e-05
Number of instructions for commutator calculation: 492
E(0.070280,0.0702274,0.0778794,0.1812) = 2.93549417877e-06
[H,3] = 2.93549417877e-06
Number of instructions for commutator calculation: 1392
E(0.070280,0.0702274,0.0778794,0.1812) = -0.000173307661829
[H,5] = -0.000173307661829
Number of instructions for commutator calculation: 2578
E(0.070280,0.0702274,0.0778794,0.1812) = 1.4469156371e-05
[H,7] = 1.4469156371e-05
Number of instructions for commutator calculation: 2626
E(0.070280,0.0702274,0.0778794,0.1812) = -7.39139566383e-06
[H,9] = -7.39139566383e-06
Number of instructions for commutator calculation: 2728
E(0.070280,0.0702274,0.0778794,0.1812) = 1.12357532018e-10
[H,11] = 1.12357532018e-10
Number of instructions for commutator calculation: 1520
E(0.070280,0.0702274,0.0778794,0.1812) = 0.000196018701181
[H,13] = 0.000196018701181
Number of instructions for commutator calculation: 2658
E(0.070280,0.0702274,0.0778794,0.1812) = 0.000208230502845
[H,15] = 0.000208230502845
Number of instructions for commutator calculation: 2630
E(0.070280,0.0702274,0.0778794,0.1812) = -9.91995021625e-06
[H,17] = -9.91995021625e-06
Number of instructions for commutator calculation: 1504
E(0.070280,0.0702274,0.0778794,0.1812) = -0.00037302786668
[H,19] = -0.00037302786668
Number of instructions for commutator calculation: 2632
E(0.070280,0.0702274,0.0778794,0.1812) = -3.680675771e-08
[H,21] = -3.680675771e-08
Number of instructions for commutator calculation: 1424
E(0.070280,0.0702274,0.0778794,0.1812) = -0.000244421636534
[H,23] = -0.000244421636534
Max gradient component: [H, 1] = -0.00742062663747 a.u.
Norm of gradient vector: 0.00744184115295 a.u.
ADAPT-vqe converged in 4 iterations.
ADAPT-vqe energy: -1.15723986832 a.u.
Operators in the ansatz
(0,-0.176777) X0 Y1 X5 X6 + (0,0.176777) X0 X1 Y5 X6 + (0,0.176777) Y0 X1 Y5 Y6 + (0,-0.176777) X0 Y1 Y5 Y6 + (0,-0.176777) X0 X1 X5 Y6 + (0,0.176777) Y0 Y1 Y5 X6 + (0,0.176777) Y0 X1 X5 X6 + (0,-0.176777) Y0 Y1 X5 Y6
(0,-0.176777) X0 Z1 Y2 Y5 Z6 Y7 + (0,-0.176777) Y0 Z1 Y2 X5 Z6 Y7 + (0,0.176777) Y0 Z1 X2 Y5 Z6 Y7 + (0,-0.176777) X0 Z1 Y2 X5 Z6 X7 + (0,0.176777) X0 Z1 X2 Y5 Z6 X7 + (0,-0.176777) X0 Z1 X2 X5 Z6 Y7 + (0,0.176777) Y0 Z1 Y2 Y5 Z6 X7 + (0,0.176777) Y0 Z1 X2 X5 Z6 X7
(0,0.176777) Y0 Z1 Z2 X3 X5 Z6 Z7 X8 + (0,-0.176777) X0 Z1 Z2 Y3 X5 Z6 Z7 X8 + (0,-0.176777) X0 Z1 Z2 Y3 Y5 Z6 Z7 Y8 + (0,0.176777) Y0 Z1 Z2 Y3 Y5 Z6 Z7 X8 + (0,0.176777) Y0 Z1 Z2 X3 Y5 Z6 Z7 Y8 + (0,0.176777) X0 Z1 Z2 X3 Y5 Z6 Z7 X8 + (0,-0.176777) X0 Z1 Z2 X3 X5 Z6 Z7 Y8 + (0,-0.176777) Y0 Z1 Z2 Y3 X5 Z6 Z7 Y8
(0,0.176777) Y0 Z1 Z2 Z3 X4 X5 Z6 Z7 Z8 X9 + (0,0.176777) Y0 Z1 Z2 Z3 Y4 Y5 Z6 Z7 Z8 X9 + (0,-0.176777) Y0 Z1 Z2 Z3 Y4 X5 Z6 Z7 Z8 Y9 + (0,-0.176777) X0 Z1 Z2 Z3 X4 X5 Z6 Z7 Z8 Y9 + (0,-0.176777) X0 Z1 Z2 Z3 Y4 Y5 Z6 Z7 Z8 Y9 + (0,-0.176777) X0 Z1 Z2 Z3 Y4 X5 Z6 Z7 Z8 X9 + (0,0.176777) Y0 Z1 Z2 Z3 X4 Y5 Z6 Z7 Z8 Y9 + (0,0.176777) X0 Z1 Z2 Z3 X4 Y5 Z6 Z7 Z8 X9
Optimal parameters: 0.0702797595083 0.0702274076679 0.0778793825578 0.181200474236 
Final ADAPT-vqe circuit
X q0
X q5
H q0
H q1
H q5
Rx(1.57079) q6
CNOT q0,q1
CNOT q1,q5
CNOT q5,q6
Rz(-0.176777*x0) q6
CNOT q5,q6
CNOT q1,q5
CNOT q0,q1
H q0
H q1
H q5
Rx(-1.57079) q6
Rx(1.57079) q0
Rx(1.57079) q1
Rx(1.57079) q5
H q6
CNOT q0,q1
CNOT q1,q5
CNOT q5,q6
Rz(0.176777*x0) q6
CNOT q5,q6
CNOT q1,q5
CNOT q0,q1
Rx(-1.57079) q0
Rx(-1.57079) q1
Rx(-1.57079) q5
H q6
Rx(1.57079) q0
Rx(1.57079) q1
H q5
Rx(1.57079) q6
CNOT q0,q1
CNOT q1,q5
CNOT q5,q6
Rz(-0.176777*x0) q6
CNOT q5,q6
CNOT q1,q5
CNOT q0,q1
Rx(-1.57079) q0
Rx(-1.57079) q1
H q5
Rx(-1.57079) q6
Rx(1.57079) q0
H q1
Rx(1.57079) q5
Rx(1.57079) q6
CNOT q0,q1
CNOT q1,q5
CNOT q5,q6
Rz(0.176777*x0) q6
CNOT q5,q6
CNOT q1,q5
CNOT q0,q1
Rx(-1.57079) q0
H q1
Rx(-1.57079) q5
Rx(-1.57079) q6
H q0
Rx(1.57079) q1
Rx(1.57079) q5
Rx(1.57079) q6
CNOT q0,q1
CNOT q1,q5
CNOT q5,q6
Rz(-0.176777*x0) q6
CNOT q5,q6
CNOT q1,q5
CNOT q0,q1
H q0
Rx(-1.57079) q1
Rx(-1.57079) q5
Rx(-1.57079) q6
H q0
Rx(1.57079) q1
H q5
H q6
CNOT q0,q1
CNOT q1,q5
CNOT q5,q6
Rz(-0.176777*x0) q6
CNOT q5,q6
CNOT q1,q5
CNOT q0,q1
H q0
Rx(-1.57079) q1
H q5
H q6
Rx(1.57079) q0
H q1
H q5
H q6
CNOT q0,q1
CNOT q1,q5
CNOT q5,q6
Rz(0.176777*x0) q6
CNOT q5,q6
CNOT q1,q5
CNOT q0,q1
Rx(-1.57079) q0
H q1
H q5
H q6
H q0
H q1
Rx(1.57079) q5
H q6
CNOT q0,q1
CNOT q1,q5
CNOT q5,q6
Rz(0.176777*x0) q6
CNOT q5,q6
CNOT q1,q5
CNOT q0,q1
H q0
H q1
Rx(-1.57079) q5
H q6
H q0
Rx(1.57079) q2
H q5
H q7
CNOT q0,q1
CNOT q1,q2
CNOT q2,q5
CNOT q5,q6
CNOT q6,q7
Rz(-0.176777*x1) q7
CNOT q6,q7
CNOT q5,q6
CNOT q2,q5
CNOT q1,q2
CNOT q0,q1
H q0
Rx(-1.57079) q2
H q5
H q7
H q0
H q2
Rx(1.57079) q5
H q7
CNOT q0,q1
CNOT q1,q2
CNOT q2,q5
CNOT q5,q6
CNOT q6,q7
Rz(0.176777*x1) q7
CNOT q6,q7
CNOT q5,q6
CNOT q2,q5
CNOT q1,q2
CNOT q0,q1
H q0
H q2
Rx(-1.57079) q5
H q7
H q0
Rx(1.57079) q2
Rx(1.57079) q5
Rx(1.57079) q7
CNOT q0,q1
CNOT q1,q2
CNOT q2,q5
CNOT q5,q6
CNOT q6,q7
Rz(-0.176777*x1) q7
CNOT q6,q7
CNOT q5,q6
CNOT q2,q5
CNOT q1,q2
CNOT q0,q1
H q0
Rx(-1.57079) q2
Rx(-1.57079) q5
Rx(-1.57079) q7
Rx(1.57079) q0
Rx(1.57079) q2
Rx(1.57079) q5
H q7
CNOT q0,q1
CNOT q1,q2
CNOT q2,q5
CNOT q5,q6
CNOT q6,q7
Rz(0.176777*x1) q7
CNOT q6,q7
CNOT q5,q6
CNOT q2,q5
CNOT q1,q2
CNOT q0,q1
Rx(-1.57079) q0
Rx(-1.57079) q2
Rx(-1.57079) q5
H q7
Rx(1.57079) q0
H q2
H q5
H q7
CNOT q0,q1
CNOT q1,q2
CNOT q2,q5
CNOT q5,q6
CNOT q6,q7
Rz(0.176777*x1) q7
CNOT q6,q7
CNOT q5,q6
CNOT q2,q5
CNOT q1,q2
CNOT q0,q1
Rx(-1.57079) q0
H q2
H q5
H q7
Rx(1.57079) q0
Rx(1.57079) q2
H q5
Rx(1.57079) q7
CNOT q0,q1
CNOT q1,q2
CNOT q2,q5
CNOT q5,q6
CNOT q6,q7
Rz(-0.176777*x1) q7
CNOT q6,q7
CNOT q5,q6
CNOT q2,q5
CNOT q1,q2
CNOT q0,q1
Rx(-1.57079) q0
Rx(-1.57079) q2
H q5
Rx(-1.57079) q7
H q0
H q2
H q5
Rx(1.57079) q7
CNOT q0,q1
CNOT q1,q2
CNOT q2,q5
CNOT q5,q6
CNOT q6,q7
Rz(-0.176777*x1) q7
CNOT q6,q7
CNOT q5,q6
CNOT q2,q5
CNOT q1,q2
CNOT q0,q1
H q0
H q2
H q5
Rx(-1.57079) q7
Rx(1.57079) q0
H q2
Rx(1.57079) q5
Rx(1.57079) q7
CNOT q0,q1
CNOT q1,q2
CNOT q2,q5
CNOT q5,q6
CNOT q6,q7
Rz(0.176777*x1) q7
CNOT q6,q7
CNOT q5,q6
CNOT q2,q5
CNOT q1,q2
CNOT q0,q1
Rx(-1.57079) q0
H q2
Rx(-1.57079) q5
Rx(-1.57079) q7
Rx(1.57079) q0
H q3
Rx(1.57079) q5
Rx(1.57079) q8
CNOT q0,q1
CNOT q1,q2
CNOT q2,q3
CNOT q3,q5
CNOT q5,q6
CNOT q6,q7
CNOT q7,q8
Rz(0.176777*x2) q8
CNOT q7,q8
CNOT q6,q7
CNOT q5,q6
CNOT q3,q5
CNOT q2,q3
CNOT q1,q2
CNOT q0,q1
Rx(-1.57079) q0
H q3
Rx(-1.57079) q5
Rx(-1.57079) q8
Rx(1.57079) q0
Rx(1.57079) q3
H q5
Rx(1.57079) q8
CNOT q0,q1
CNOT q1,q2
CNOT q2,q3
CNOT q3,q5
CNOT q5,q6
CNOT q6,q7
CNOT q7,q8
Rz(-0.176777*x2) q8
CNOT q7,q8
CNOT q6,q7
CNOT q5,q6
CNOT q3,q5
CNOT q2,q3
CNOT q1,q2
CNOT q0,q1
Rx(-1.57079) q0
Rx(-1.57079) q3
H q5
Rx(-1.57079) q8
H q0
H q3
Rx(1.57079) q5
H q8
CNOT q0,q1
CNOT q1,q2
CNOT q2,q3
CNOT q3,q5
CNOT q5,q6
CNOT q6,q7
CNOT q7,q8
Rz(0.176777*x2) q8
CNOT q7,q8
CNOT q6,q7
CNOT q5,q6
CNOT q3,q5
CNOT q2,q3
CNOT q1,q2
CNOT q0,q1
H q0
H q3
Rx(-1.57079) q5
H q8
H q0
Rx(1.57079) q3
H q5
H q8
CNOT q0,q1
CNOT q1,q2
CNOT q2,q3
CNOT q3,q5
CNOT q5,q6
CNOT q6,q7
CNOT q7,q8
Rz(-0.176777*x2) q8
CNOT q7,q8
CNOT q6,q7
CNOT q5,q6
CNOT q3,q5
CNOT q2,q3
CNOT q1,q2
CNOT q0,q1
H q0
Rx(-1.57079) q3
H q5
H q8
Rx(1.57079) q0
H q3
H q5
H q8
CNOT q0,q1
CNOT q1,q2
CNOT q2,q3
CNOT q3,q5
CNOT q5,q6
CNOT q6,q7
CNOT q7,q8
Rz(0.176777*x2) q8
CNOT q7,q8
CNOT q6,q7
CNOT q5,q6
CNOT q3,q5
CNOT q2,q3
CNOT q1,q2
CNOT q0,q1
Rx(-1.57079) q0
H q3
H q5
H q8
Rx(1.57079) q0
Rx(1.57079) q3
Rx(1.57079) q5
H q8
CNOT q0,q1
CNOT q1,q2
CNOT q2,q3
CNOT q3,q5
CNOT q5,q6
CNOT q6,q7
CNOT q7,q8
Rz(0.176777*x2) q8
CNOT q7,q8
CNOT q6,q7
CNOT q5,q6
CNOT q3,q5
CNOT q2,q3
CNOT q1,q2
CNOT q0,q1
Rx(-1.57079) q0
Rx(-1.57079) q3
Rx(-1.57079) q5
H q8
H q0
Rx(1.57079) q3
Rx(1.57079) q5
Rx(1.57079) q8
CNOT q0,q1
CNOT q1,q2
CNOT q2,q3
CNOT q3,q5
CNOT q5,q6
CNOT q6,q7
CNOT q7,q8
Rz(-0.176777*x2) q8
CNOT q7,q8
CNOT q6,q7
CNOT q5,q6
CNOT q3,q5
CNOT q2,q3
CNOT q1,q2
CNOT q0,q1
H q0
Rx(-1.57079) q3
Rx(-1.57079) q5
Rx(-1.57079) q8
H q0
H q3
H q5
Rx(1.57079) q8
CNOT q0,q1
CNOT q1,q2
CNOT q2,q3
CNOT q3,q5
CNOT q5,q6
CNOT q6,q7
CNOT q7,q8
Rz(-0.176777*x2) q8
CNOT q7,q8
CNOT q6,q7
CNOT q5,q6
CNOT q3,q5
CNOT q2,q3
CNOT q1,q2
CNOT q0,q1
H q0
H q3
H q5
Rx(-1.57079) q8
H q0
Rx(1.57079) q4
Rx(1.57079) q5
Rx(1.57079) q9
CNOT q0,q1
CNOT q1,q2
CNOT q2,q3
CNOT q3,q4
CNOT q4,q5
CNOT q5,q6
CNOT q6,q7
CNOT q7,q8
CNOT q8,q9
Rz(-0.176777*x3) q9
CNOT q8,q9
CNOT q7,q8
CNOT q6,q7
CNOT q5,q6
CNOT q4,q5
CNOT q3,q4
CNOT q2,q3
CNOT q1,q2
CNOT q0,q1
H q0
Rx(-1.57079) q4
Rx(-1.57079) q5
Rx(-1.57079) q9
Rx(1.57079) q0
H q4
H q5
H q9
CNOT q0,q1
CNOT q1,q2
CNOT q2,q3
CNOT q3,q4
CNOT q4,q5
CNOT q5,q6
CNOT q6,q7
CNOT q7,q8
CNOT q8,q9
Rz(0.176777*x3) q9
CNOT q8,q9
CNOT q7,q8
CNOT q6,q7
CNOT q5,q6
CNOT q4,q5
CNOT q3,q4
CNOT q2,q3
CNOT q1,q2
CNOT q0,q1
Rx(-1.57079) q0
H q4
H q5
H q9
Rx(1.57079) q0
Rx(1.57079) q4
Rx(1.57079) q5
H q9
CNOT q0,q1
CNOT q1,q2
CNOT q2,q3
CNOT q3,q4
CNOT q4,q5
CNOT q5,q6
CNOT q6,q7
CNOT q7,q8
CNOT q8,q9
Rz(0.176777*x3) q9
CNOT q8,q9
CNOT q7,q8
CNOT q6,q7
CNOT q5,q6
CNOT q4,q5
CNOT q3,q4
CNOT q2,q3
CNOT q1,q2
CNOT q0,q1
Rx(-1.57079) q0
Rx(-1.57079) q4
Rx(-1.57079) q5
H q9
Rx(1.57079) q0
H q4
Rx(1.57079) q5
Rx(1.57079) q9
CNOT q0,q1
CNOT q1,q2
CNOT q2,q3
CNOT q3,q4
CNOT q4,q5
CNOT q5,q6
CNOT q6,q7
CNOT q7,q8
CNOT q8,q9
Rz(0.176777*x3) q9
CNOT q8,q9
CNOT q7,q8
CNOT q6,q7
CNOT q5,q6
CNOT q4,q5
CNOT q3,q4
CNOT q2,q3
CNOT q1,q2
CNOT q0,q1
Rx(-1.57079) q0
H q4
Rx(-1.57079) q5
Rx(-1.57079) q9
H q0
H q4
Rx(1.57079) q5
H q9
CNOT q0,q1
CNOT q1,q2
CNOT q2,q3
CNOT q3,q4
CNOT q4,q5
CNOT q5,q6
CNOT q6,q7
CNOT q7,q8
CNOT q8,q9
Rz(0.176777*x3) q9
CNOT q8,q9
CNOT q7,q8
CNOT q6,q7
CNOT q5,q6
CNOT q4,q5
CNOT q3,q4
CNOT q2,q3
CNOT q1,q2
CNOT q0,q1
H q0
H q4
Rx(-1.57079) q5
H q9
H q0
Rx(1.57079) q4
H q5
H q9
CNOT q0,q1
CNOT q1,q2
CNOT q2,q3
CNOT q3,q4
CNOT q4,q5
CNOT q5,q6
CNOT q6,q7
CNOT q7,q8
CNOT q8,q9
Rz(-0.176777*x3) q9
CNOT q8,q9
CNOT q7,q8
CNOT q6,q7
CNOT q5,q6
CNOT q4,q5
CNOT q3,q4
CNOT q2,q3
CNOT q1,q2
CNOT q0,q1
H q0
Rx(-1.57079) q4
H q5
H q9
Rx(1.57079) q0
Rx(1.57079) q4
H q5
Rx(1.57079) q9
CNOT q0,q1
CNOT q1,q2
CNOT q2,q3
CNOT q3,q4
CNOT q4,q5
CNOT q5,q6
CNOT q6,q7
CNOT q7,q8
CNOT q8,q9
Rz(-0.176777*x3) q9
CNOT q8,q9
CNOT q7,q8
CNOT q6,q7
CNOT q5,q6
CNOT q4,q5
CNOT q3,q4
CNOT q2,q3
CNOT q1,q2
CNOT q0,q1
Rx(-1.57079) q0
Rx(-1.57079) q4
H q5
Rx(-1.57079) q9
H q0
H q4
H q5
Rx(1.57079) q9
CNOT q0,q1
CNOT q1,q2
CNOT q2,q3
CNOT q3,q4
CNOT q4,q5
CNOT q5,q6
CNOT q6,q7
CNOT q7,q8
CNOT q8,q9
Rz(-0.176777*x3) q9
CNOT q8,q9
CNOT q7,q8
CNOT q6,q7
CNOT q5,q6
CNOT q4,q5
CNOT q3,q4
CNOT q2,q3
CNOT q1,q2
CNOT q0,q1
H q0
H q4
H q5
Rx(-1.57079) q9
[0m
-1.1572398683203353
[0.07027975950827445, 0.07022740766787028, 0.07787938255776325, 0.1812004742361741]
[5, 13, 19, 23]
