Operator pool: singlet-adapted-uccsd
Number of operators in the pool: 24
Iteration: 1
Computing [H, A]
Printing commutators with absolute value above 0.000000
Number of instructions for commutator calculation: 424
E() = -1.19999999996e-09
[H,0] = -1.19999999996e-09
Number of instructions for commutator calculation: 472
E() = -4.46000001687e-08
[H,1] = -4.46000001687e-08
Number of instructions for commutator calculation: 444
E() = -2.0000000025e-09
[H,2] = -2.0000000025e-09
Number of instructions for commutator calculation: 436
E() = 7.99999998132e-10
[H,3] = 7.99999998132e-10
Number of instructions for commutator calculation: 1248
E() = 0.456075797009
[H,5] = 0.456075797009
Number of instructions for commutator calculation: 2310
E() = 1.20920916437e-05
[H,7] = 1.20920916437e-05
Number of instructions for commutator calculation: 2392
E() = -9.5761406067e-33
Number of instructions for commutator calculation: 2408
E() = -9.57789020916e-33
Number of instructions for commutator calculation: 1440
E() = 0.356297721791
[H,13] = 0.356297721791
Number of instructions for commutator calculation: 2374
E() = -0.000248580277656
[H,15] = -0.000248580277656
Number of instructions for commutator calculation: 2374
E() = 0.000165354375196
[H,17] = 0.000165354375196
Number of instructions for commutator calculation: 1328
E() = 0.320904815563
[H,19] = 0.320904815563
Number of instructions for commutator calculation: 2328
E() = -7.91167790219e-33
Number of instructions for commutator calculation: 1296
E() = 0.320902826613
[H,23] = 0.320902826613
Max gradient component: [H, 5] = 0.456075797009 a.u.
Norm of gradient vector: 0.73546707148 a.u.
vqe optimization of current ansatz.
020-08-03 18:05:17.806] [xacc-logger] [info] Chosen optimizer does not support gradients. Using default.
E(0.000000) = -1.1325062728
E(1.570796) = -0.163754538289
E(-1.570796) = 0.0928512354871
E(-0.785398) = -0.608162802634
E(0.392699) = -1.11484215743
E(-0.196350) = -1.06213255621
E(0.098175) = -1.14824748564
E(0.196350) = -1.1505365883
E(0.294524) = -1.13932959097
E(0.245437) = -1.14661269362
E(0.171806) = -1.15123229889
E(0.147262) = -1.15108239007
E(0.184078) = -1.1509901171
E(0.165670) = -1.15127410599
E(0.159534) = -1.15126305989
E(0.162602) = -1.15127519086
E(0.161068) = -1.15127077704
E(0.163369) = -1.15127615913
E(0.164136) = -1.15127630057
E(0.164903) = -1.15127561862
E(0.163752) = -1.15127633465
Energy at ADAPT iteration 1: -1.15127630057
Parameters at ADAPT iteration 1: 0.164135941504 
Ansatz at ADAPT iteration 1: 5 
Iteration: 2
Computing [H, A]
Printing commutators with absolute value above 0.000000
Number of instructions for commutator calculation: 424
E(0.164136) = 6.98310244218e-07
[H,0] = 6.98310244218e-07
Number of instructions for commutator calculation: 472
E(0.164136) = -0.00506693495036
[H,1] = -0.00506693495036
Number of instructions for commutator calculation: 444
E(0.164136) = 2.55858132915e-05
[H,2] = 2.55858132915e-05
Number of instructions for commutator calculation: 436
E(0.164136) = -1.68994949211e-05
[H,3] = -1.68994949211e-05
Number of instructions for commutator calculation: 1248
E(0.164136) = -0.000705913756609
[H,5] = -0.000705913756609
Number of instructions for commutator calculation: 2310
E(0.164136) = 1.42270107684e-05
[H,7] = 1.42270107684e-05
Number of instructions for commutator calculation: 2392
E(0.164136) = 7.48184937237e-15
Number of instructions for commutator calculation: 2408
E(0.164136) = -5.02889950337e-15
Number of instructions for commutator calculation: 1440
E(0.164136) = 0.339200464539
[H,13] = 0.339200464539
Number of instructions for commutator calculation: 2374
E(0.164136) = -0.000245608331646
[H,15] = -0.000245608331646
Number of instructions for commutator calculation: 2374
E(0.164136) = 0.000163136977103
[H,17] = 0.000163136977103
Number of instructions for commutator calculation: 1328
E(0.164136) = 0.30392133503
[H,19] = 0.30392133503
Number of instructions for commutator calculation: 2328
E(0.164136) = -6.2061545609e-26
Number of instructions for commutator calculation: 1296
E(0.164136) = 0.303919535939
[H,23] = 0.303919535939
Max gradient component: [H, 13] = 0.339200464539 a.u.
Norm of gradient vector: 0.547556825891 a.u.
vqe optimization of current ansatz.
020-08-03 18:12:33.440] [xacc-logger] [info] Chosen optimizer does not support gradients. Using default.
E(0.000000,0) = -1.13250627113
E(1.570796,0) = 0.446197523843
E(0.000000,1.5708) = -0.163754538289
E(-1.338825,-0.821553) = 0.439522995738
E(-0.669412,-0.410776) = -0.439410808192
E(0.359944,-0.157012) = -1.01315910063
E(0.070150,0.386383) = -1.12253220435
E(-0.195369,0.019595) = -1.06280726827
E(0.025979,0.0946752) = -1.15172393316
E(0.051834,0.0895386) = -1.15360298764
E(0.103407,0.173076) = -1.15753048394
E(0.201548,0.175644) = -1.14279265101
E(0.031261,0.239658) = -1.15137450962
E(0.152447,0.170918) = -1.15274482525
E(0.087084,0.191405) = -1.1574575886
E(0.085431,0.156365) = -1.15813904979
E(0.069178,0.137974) = -1.15764386771
E(0.077304,0.14717) = -1.15802398719
E(0.088499,0.15465) = -1.15809060203
E(0.081560,0.168011) = -1.158131414
E(0.091352,0.157975) = -1.15805772622
E(0.083679,0.158884) = -1.15816151679
E(0.080614,0.158765) = -1.15816719744
E(0.079764,0.161713) = -1.15816721129
E(0.078289,0.161291) = -1.15816109208
E(0.081237,0.162139) = -1.15816844812
E(0.082709,0.162573) = -1.15816480042
E(0.081114,0.162675) = -1.15816711764
E(0.082100,0.160871) = -1.15816910133
E(0.080901,0.159915) = -1.15816959145
E(0.080905,0.158381) = -1.1581663535
E(0.080361,0.160459) = -1.15816931676
E(0.081200,0.160154) = -1.15816988218
E(0.081564,0.160276) = -1.15816980455
E(0.081052,0.160508) = -1.15817001797
E(0.080762,0.160759) = -1.15816985909
Energy at ADAPT iteration 2: -1.15817001797
Parameters at ADAPT iteration 2: 0.0810524631847 0.160508197978 
Ansatz at ADAPT iteration 2: 5 13 
Iteration: 3
Computing [H, A]
Printing commutators with absolute value above 0.000000
Number of instructions for commutator calculation: 424
E(0.081052,0.160508) = 1.5121694084e-07
[H,0] = 1.5121694084e-07
Number of instructions for commutator calculation: 472
E(0.081052,0.160508) = -0.00445158560909
[H,1] = -0.00445158560909
Number of instructions for commutator calculation: 444
E(0.081052,0.160508) = 4.33440555762e-05
[H,2] = 4.33440555762e-05
Number of instructions for commutator calculation: 436
E(0.081052,0.160508) = -2.8721914735e-05
[H,3] = -2.8721914735e-05
Number of instructions for commutator calculation: 1248
E(0.081052,0.160508) = 0.000374525976642
[H,5] = 0.000374525976642
Number of instructions for commutator calculation: 2310
E(0.081052,0.160508) = 1.50554760273e-05
[H,7] = 1.50554760273e-05
Number of instructions for commutator calculation: 2392
E(0.081052,0.160508) = 5.27930280518e-15
Number of instructions for commutator calculation: 2408
E(0.081052,0.160508) = -3.55197550748e-15
Number of instructions for commutator calculation: 1440
E(0.081052,0.160508) = 0.000531071469951
[H,13] = 0.000531071469951
Number of instructions for commutator calculation: 2374
E(0.081052,0.160508) = -0.000208903297463
[H,15] = -0.000208903297463
Number of instructions for commutator calculation: 2374
E(0.081052,0.160508) = 0.000138423105822
[H,17] = 0.000138423105822
Number of instructions for commutator calculation: 1328
E(0.081052,0.160508) = 0.29886902938
[H,19] = 0.29886902938
Number of instructions for commutator calculation: 2328
E(0.081052,0.160508) = -8.49999153765e-26
Number of instructions for commutator calculation: 1296
E(0.081052,0.160508) = 0.298867291227
[H,23] = 0.298867291227
Max gradient component: [H, 19] = 0.29886902938 a.u.
Norm of gradient vector: 0.422687424868 a.u.
vqe optimization of current ansatz.
020-08-03 18:30:10.165] [xacc-logger] [info] Chosen optimizer does not support gradients. Using default.
E(0.000000,0,0) = -1.1325062728
E(1.570796,0,0) = 0.477419144157
E(0.000000,1.5708,0) = 0.446197523843
E(0.000000,0,1.5708) = -0.163754538289
E(-1.030462,-1.01048,-0.620067) = 0.53727893877
E(-0.515231,-0.505239,-0.310034) = -0.385421708909
E(0.362044,-0.129644,-0.0795547) = -0.993863600839
E(0.000000,0.0691663,-0.0297851) = -1.1324970091
E(0.029446,0.154851,0.359676) = -1.12728171124
E(-0.009624,-0.0598902,0.0168712) = -1.12014189282
E(-0.309556,0.225824,-0.0859735) = -0.952353210934
E(-0.161009,-0.325148,0.150224) = -0.939425038832
E(0.188460,0.0410184,-0.0367905) = -1.12136749552
E(0.017060,-0.0900919,0.0350811) = -1.11773686226
E(-0.003378,-0.00218369,-0.0114919) = -1.12884480848
E(-0.015112,0.0657507,0.0713216) = -1.14965114
E(0.071567,0.11031,0.0831345) = -1.15863824825
E(0.098345,0.0957948,0.176465) = -1.16208912913
E(0.097362,0.188297,0.209339) = -1.14819320401
E(0.175499,0.0370385,0.161189) = -1.15001676891
E(0.058742,0.0696394,0.188997) = -1.16253902221
E(0.048381,0.0882266,0.201227) = -1.16156994035
E(0.061785,0.0664484,0.193691) = -1.16230976197
E(0.053303,0.0604582,0.166895) = -1.16268280337
E(0.062882,0.0661821,0.161789) = -1.16318134744
E(0.065656,0.0762768,0.155386) = -1.1634088968
E(0.077064,0.0762523,0.150863) = -1.1633648723
E(0.064513,0.0736792,0.151015) = -1.16333500089
E(0.064339,0.0884051,0.156715) = -1.1633400807
E(0.063034,0.0759727,0.149847) = -1.16332568783
E(0.065774,0.079102,0.156576) = -1.16342823451
E(0.066151,0.0792761,0.159616) = -1.16343240091
E(0.067297,0.0792923,0.159575) = -1.16344207862
E(0.069716,0.081179,0.159565) = -1.16345204907
E(0.072268,0.0794865,0.159755) = -1.16345104929
E(0.070635,0.0831588,0.161721) = -1.16343509915
E(0.069996,0.0815138,0.158094) = -1.16345345715
E(0.070358,0.0821896,0.15811) = -1.16345116341
E(0.069961,0.0816692,0.158078) = -1.16345289046
E(0.070111,0.0808239,0.157779) = -1.16345532016
E(0.070121,0.0801346,0.158116) = -1.16345603122
E(0.069654,0.0797072,0.157682) = -1.16345513564
E(0.070826,0.079889,0.157939) = -1.16345639952
E(0.071181,0.0797593,0.158606) = -1.16345575838
E(0.070766,0.0795789,0.157721) = -1.16345619278
E(0.070973,0.0801603,0.157711) = -1.16345625081
Energy at ADAPT iteration 3: -1.16345639952
Parameters at ADAPT iteration 3: 0.070825521463 0.0798889727583 0.157938636541 
Ansatz at ADAPT iteration 3: 5 13 19 
Iteration: 4
Computing [H, A]
Printing commutators with absolute value above 0.000000
Number of instructions for commutator calculation: 424
E(0.070826,0.079889,0.157939) = 2.86912807037e-07
[H,0] = 2.86912807037e-07
Number of instructions for commutator calculation: 472
E(0.070826,0.079889,0.157939) = -0.00549470264279
[H,1] = -0.00549470264279
Number of instructions for commutator calculation: 444
E(0.070826,0.079889,0.157939) = 3.40598555263e-05
[H,2] = 3.40598555263e-05
Number of instructions for commutator calculation: 436
E(0.070826,0.079889,0.157939) = -3.18311701736e-05
[H,3] = -3.18311701736e-05
Number of instructions for commutator calculation: 1248
E(0.070826,0.079889,0.157939) = -3.17885127899e-05
[H,5] = -3.17885127899e-05
Number of instructions for commutator calculation: 2310
E(0.070826,0.079889,0.157939) = 1.48326214814e-05
[H,7] = 1.48326214814e-05
Number of instructions for commutator calculation: 2392
E(0.070826,0.079889,0.157939) = -8.95031085161e-11
Number of instructions for commutator calculation: 2408
E(0.070826,0.079889,0.157939) = -3.97716795513e-14
Number of instructions for commutator calculation: 1440
E(0.070826,0.079889,0.157939) = 0.000389109736515
[H,13] = 0.000389109736515
Number of instructions for commutator calculation: 2374
E(0.070826,0.079889,0.157939) = -0.000180590712238
[H,15] = -0.000180590712238
Number of instructions for commutator calculation: 2374
E(0.070826,0.079889,0.157939) = 0.000140973274753
[H,17] = 0.000140973274753
Number of instructions for commutator calculation: 1328
E(0.070826,0.079889,0.157939) = -0.000606686782395
[H,19] = -0.000606686782395
Number of instructions for commutator calculation: 2328
E(0.070826,0.079889,0.157939) = 3.50660608502e-06
[H,21] = 3.50660608502e-06
Number of instructions for commutator calculation: 1296
E(0.070826,0.079889,0.157939) = 0.293851213069
[H,23] = 0.293851213069
Max gradient component: [H, 23] = 0.293851213069 a.u.
Norm of gradient vector: 0.29390355996 a.u.
vqe optimization of current ansatz.
020-08-03 19:07:01.580] [xacc-logger] [info] Chosen optimizer does not support gradients. Using default.
E(0.000000,0,0,0) = -1.13250627377
E(1.570796,0,0,0) = 0.477402874315
E(0.000000,1.5708,0,0) = 0.477419144162
E(0.000000,0,1.5708,0) = 0.446197523822
E(0.000000,0,0,1.5708) = -0.163754538289
E(-0.861603,-0.861612,-0.844903,-0.518464) = 0.605332759693
E(-0.430802,-0.430806,-0.422451,-0.259232) = -0.345328523681
E(0.368153,-0.0896506,-0.087912,-0.0539461) = -0.992416887676
E(0.000000,0.130819,-0.0951455,0) = -1.10936598516
E(0.011962,0.187567,0.314037,-0.142369) = -1.03597468354
E(0.010248,0.031999,0.0920972,0.380265) = -1.1286321847
E(-0.166963,-0.0932591,-0.0404728,0.0184736) = -1.04738343462
E(0.011768,0.0130886,0.0250739,0.0932726) = -1.15500771183
E(0.014263,-0.00407994,0.00717371,0.0986136) = -1.15083240007
E(0.091416,0.0195043,0.0788015,0.112423) = -1.1640779204
E(0.060174,0.0232207,0.154936,0.165828) = -1.16016975805
E(0.088019,0.035864,0.0711617,0.115362) = -1.16578197737
E(0.157242,0.0615019,0.0406502,0.172443) = -1.15870217378
E(0.083223,0.0609452,0.0698698,0.119547) = -1.16729559809
E(0.112845,0.101377,0.108538,0.0445078) = -1.15625561478
E(0.004808,0.068052,0.0116284,0.126385) = -1.1584141243
E(0.044015,0.0644986,0.0407491,0.122966) = -1.16542417843
E(0.064441,0.0613447,0.105697,0.147351) = -1.16768038969
E(0.062240,0.0741158,0.118755,0.131105) = -1.16643501819
E(0.066341,0.063154,0.107711,0.149411) = -1.1676249058
E(0.051782,0.0692177,0.0912032,0.160393) = -1.16806436602
E(0.049188,0.0504814,0.0840343,0.174294) = -1.16748951135
E(0.054843,0.0690926,0.083487,0.1532) = -1.16831453095
E(0.071582,0.0819641,0.0756119,0.16292) = -1.16833987544
E(0.067233,0.0894837,0.0697674,0.156519) = -1.16805211344
E(0.069829,0.0816049,0.0748861,0.16299) = -1.16834948677
E(0.073452,0.0720472,0.0682881,0.1646) = -1.1683686874
E(0.073811,0.072777,0.067081,0.169114) = -1.16826026117
E(0.070086,0.06407,0.0765739,0.161958) = -1.16850197639
E(0.067669,0.0602812,0.0764712,0.150539) = -1.1684481714
E(0.075706,0.0641539,0.0768934,0.161373) = -1.16846871129
E(0.067124,0.0607116,0.0873213,0.165835) = -1.16833078232
E(0.069353,0.0615653,0.0714126,0.164007) = -1.16839450207
E(0.069069,0.0700155,0.0763152,0.160862) = -1.1685389085
E(0.067224,0.0718207,0.0817863,0.161889) = -1.16851529336
E(0.069057,0.0694252,0.0767108,0.159814) = -1.16854852606
E(0.069760,0.0729028,0.0755539,0.154944) = -1.16854302137
E(0.068441,0.0692134,0.0767614,0.158613) = -1.16855424857
E(0.063884,0.0689176,0.0726947,0.159117) = -1.16848438441
E(0.067506,0.0688345,0.0771185,0.157372) = -1.16855682807
E(0.071437,0.0648933,0.0787315,0.155355) = -1.16854183347
E(0.066771,0.0709989,0.0827372,0.158296) = -1.16853444019
E(0.065408,0.0677252,0.0751998,0.157685) = -1.16852865132
E(0.068526,0.0678652,0.0774475,0.156857) = -1.16856009837
E(0.068366,0.0678024,0.0778403,0.157064) = -1.16856009319
E(0.069138,0.068717,0.0782452,0.156071) = -1.16856584441
E(0.069761,0.0689813,0.0791037,0.154995) = -1.16856679303
E(0.070294,0.0686301,0.0779378,0.154229) = -1.16856411878
E(0.069979,0.06896,0.0791692,0.15538) = -1.16856664349
E(0.069658,0.0705084,0.0790337,0.155068) = -1.1685658117
E(0.069390,0.068783,0.0797439,0.154962) = -1.16856584584
Energy at ADAPT iteration 4: -1.16856679303
Parameters at ADAPT iteration 4: 0.0697612438267 0.0689812745521 0.0791037235658 0.154995104325 
Ansatz at ADAPT iteration 4: 5 13 19 23 
Iteration: 5
Computing [H, A]
Printing commutators with absolute value above 0.000000
Number of instructions for commutator calculation: 424
E(0.069761,0.0689813,0.0791037,0.154995) = 4.12455529143e-07
[H,0] = 4.12455529143e-07
Number of instructions for commutator calculation: 472
E(0.069761,0.0689813,0.0791037,0.154995) = -0.00647399335993
[H,1] = -0.00647399335993
Number of instructions for commutator calculation: 444
E(0.069761,0.0689813,0.0791037,0.154995) = 3.92407652857e-05
[H,2] = 3.92407652857e-05
Number of instructions for commutator calculation: 436
E(0.069761,0.0689813,0.0791037,0.154995) = -2.59333491111e-05
[H,3] = -2.59333491111e-05
Number of instructions for commutator calculation: 1248
E(0.069761,0.0689813,0.0791037,0.154995) = 0.00097215866647
[H,5] = 0.00097215866647
Number of instructions for commutator calculation: 2310
E(0.069761,0.0689813,0.0791037,0.154995) = 1.46173644248e-05
[H,7] = 1.46173644248e-05
Number of instructions for commutator calculation: 2392
E(0.069761,0.0689813,0.0791037,0.154995) = 5.20557491936e-11
Number of instructions for commutator calculation: 2408
E(0.069761,0.0689813,0.0791037,0.154995) = 1.16780657916e-11
Number of instructions for commutator calculation: 1440
E(0.069761,0.0689813,0.0791037,0.154995) = -0.00104821491809
[H,13] = -0.00104821491809
Number of instructions for commutator calculation: 2374
E(0.069761,0.0689813,0.0791037,0.154995) = -0.000184963729752
[H,15] = -0.000184963729752
Number of instructions for commutator calculation: 2374
E(0.069761,0.0689813,0.0791037,0.154995) = 0.000122035497208
[H,17] = 0.000122035497208
Number of instructions for commutator calculation: 1328
E(0.069761,0.0689813,0.0791037,0.154995) = 0.0018102312145
[H,19] = 0.0018102312145
Number of instructions for commutator calculation: 2328
E(0.069761,0.0689813,0.0791037,0.154995) = 2.46085972864e-06
[H,21] = 2.46085972864e-06
Number of instructions for commutator calculation: 1296
E(0.069761,0.0689813,0.0791037,0.154995) = -0.00108900547851
[H,23] = -0.00108900547851
Max gradient component: [H, 1] = -0.00647399335993 a.u.
Norm of gradient vector: 0.00696210050972 a.u.
ADAPT-vqe converged in 4 iterations.
ADAPT-vqe energy: -1.16856679303 a.u.
Operators in the ansatz
(0,-0.176777) X0 Y1 X5 X6 + (0,0.176777) X0 X1 Y5 X6 + (0,0.176777) Y0 X1 Y5 Y6 + (0,-0.176777) X0 Y1 Y5 Y6 + (0,-0.176777) X0 X1 X5 Y6 + (0,0.176777) Y0 Y1 Y5 X6 + (0,0.176777) Y0 X1 X5 X6 + (0,-0.176777) Y0 Y1 X5 Y6
(0,-0.176777) X0 Z1 Y2 Y5 Z6 Y7 + (0,-0.176777) Y0 Z1 Y2 X5 Z6 Y7 + (0,0.176777) Y0 Z1 X2 Y5 Z6 Y7 + (0,-0.176777) X0 Z1 Y2 X5 Z6 X7 + (0,0.176777) X0 Z1 X2 Y5 Z6 X7 + (0,-0.176777) X0 Z1 X2 X5 Z6 Y7 + (0,0.176777) Y0 Z1 Y2 Y5 Z6 X7 + (0,0.176777) Y0 Z1 X2 X5 Z6 X7
(0,0.176777) Y0 Z1 Z2 X3 X5 Z6 Z7 X8 + (0,-0.176777) X0 Z1 Z2 Y3 X5 Z6 Z7 X8 + (0,-0.176777) X0 Z1 Z2 Y3 Y5 Z6 Z7 Y8 + (0,0.176777) Y0 Z1 Z2 Y3 Y5 Z6 Z7 X8 + (0,0.176777) Y0 Z1 Z2 X3 Y5 Z6 Z7 Y8 + (0,0.176777) X0 Z1 Z2 X3 Y5 Z6 Z7 X8 + (0,-0.176777) X0 Z1 Z2 X3 X5 Z6 Z7 Y8 + (0,-0.176777) Y0 Z1 Z2 Y3 X5 Z6 Z7 Y8
(0,0.176777) Y0 Z1 Z2 Z3 X4 X5 Z6 Z7 Z8 X9 + (0,0.176777) Y0 Z1 Z2 Z3 Y4 Y5 Z6 Z7 Z8 X9 + (0,-0.176777) Y0 Z1 Z2 Z3 Y4 X5 Z6 Z7 Z8 Y9 + (0,-0.176777) X0 Z1 Z2 Z3 X4 X5 Z6 Z7 Z8 Y9 + (0,-0.176777) X0 Z1 Z2 Z3 Y4 Y5 Z6 Z7 Z8 Y9 + (0,-0.176777) X0 Z1 Z2 Z3 Y4 X5 Z6 Z7 Z8 X9 + (0,0.176777) Y0 Z1 Z2 Z3 X4 Y5 Z6 Z7 Z8 Y9 + (0,0.176777) X0 Z1 Z2 Z3 X4 Y5 Z6 Z7 Z8 X9
Optimal parameters: 0.0697612438267 0.0689812745521 0.0791037235658 0.154995104325 
Final ADAPT-vqe circuit

X q0
X q5
H q0
H q1
H q5
Rx(1.57079) q6
CNOT q0,q1
CNOT q1,q5
CNOT q5,q6
Rz(-0.176777*x0) q6
CNOT q5,q6
CNOT q1,q5
CNOT q0,q1
H q0
H q1
H q5
Rx(-1.57079) q6
Rx(1.57079) q0
Rx(1.57079) q1
Rx(1.57079) q5
H q6
CNOT q0,q1
CNOT q1,q5
CNOT q5,q6
Rz(0.176777*x0) q6
CNOT q5,q6
CNOT q1,q5
CNOT q0,q1
Rx(-1.57079) q0
Rx(-1.57079) q1
Rx(-1.57079) q5
H q6
Rx(1.57079) q0
Rx(1.57079) q1
H q5
Rx(1.57079) q6
CNOT q0,q1
CNOT q1,q5
CNOT q5,q6
Rz(-0.176777*x0) q6
CNOT q5,q6
CNOT q1,q5
CNOT q0,q1
Rx(-1.57079) q0
Rx(-1.57079) q1
H q5
Rx(-1.57079) q6
Rx(1.57079) q0
H q1
Rx(1.57079) q5
Rx(1.57079) q6
CNOT q0,q1
CNOT q1,q5
CNOT q5,q6
Rz(0.176777*x0) q6
CNOT q5,q6
CNOT q1,q5
CNOT q0,q1
Rx(-1.57079) q0
H q1
Rx(-1.57079) q5
Rx(-1.57079) q6
H q0
Rx(1.57079) q1
Rx(1.57079) q5
Rx(1.57079) q6
CNOT q0,q1
CNOT q1,q5
CNOT q5,q6
Rz(-0.176777*x0) q6
CNOT q5,q6
CNOT q1,q5
CNOT q0,q1
H q0
Rx(-1.57079) q1
Rx(-1.57079) q5
Rx(-1.57079) q6
H q0
Rx(1.57079) q1
H q5
H q6
CNOT q0,q1
CNOT q1,q5
CNOT q5,q6
Rz(-0.176777*x0) q6
CNOT q5,q6
CNOT q1,q5
CNOT q0,q1
H q0
Rx(-1.57079) q1
H q5
H q6
Rx(1.57079) q0
H q1
H q5
H q6
CNOT q0,q1
CNOT q1,q5
CNOT q5,q6
Rz(0.176777*x0) q6
CNOT q5,q6
CNOT q1,q5
CNOT q0,q1
Rx(-1.57079) q0
H q1
H q5
H q6
H q0
H q1
Rx(1.57079) q5
H q6
CNOT q0,q1
CNOT q1,q5
CNOT q5,q6
Rz(0.176777*x0) q6
CNOT q5,q6
CNOT q1,q5
CNOT q0,q1
H q0
H q1
Rx(-1.57079) q5
H q6
H q0
Rx(1.57079) q2
H q5
H q7
CNOT q0,q1
CNOT q1,q2
CNOT q2,q5
CNOT q5,q6
CNOT q6,q7
Rz(-0.176777*x1) q7
CNOT q6,q7
CNOT q5,q6
CNOT q2,q5
CNOT q1,q2
CNOT q0,q1
H q0
Rx(-1.57079) q2
H q5
H q7
H q0
H q2
Rx(1.57079) q5
H q7
CNOT q0,q1
CNOT q1,q2
CNOT q2,q5
CNOT q5,q6
CNOT q6,q7
Rz(0.176777*x1) q7
CNOT q6,q7
CNOT q5,q6
CNOT q2,q5
CNOT q1,q2
CNOT q0,q1
H q0
H q2
Rx(-1.57079) q5
H q7
H q0
Rx(1.57079) q2
Rx(1.57079) q5
Rx(1.57079) q7
CNOT q0,q1
CNOT q1,q2
CNOT q2,q5
CNOT q5,q6
CNOT q6,q7
Rz(-0.176777*x1) q7
CNOT q6,q7
CNOT q5,q6
CNOT q2,q5
CNOT q1,q2
CNOT q0,q1
H q0
Rx(-1.57079) q2
Rx(-1.57079) q5
Rx(-1.57079) q7
Rx(1.57079) q0
Rx(1.57079) q2
Rx(1.57079) q5
H q7
CNOT q0,q1
CNOT q1,q2
CNOT q2,q5
CNOT q5,q6
CNOT q6,q7
Rz(0.176777*x1) q7
CNOT q6,q7
CNOT q5,q6
CNOT q2,q5
CNOT q1,q2
CNOT q0,q1
Rx(-1.57079) q0
Rx(-1.57079) q2
Rx(-1.57079) q5
H q7
Rx(1.57079) q0
H q2
H q5
H q7
CNOT q0,q1
CNOT q1,q2
CNOT q2,q5
CNOT q5,q6
CNOT q6,q7
Rz(0.176777*x1) q7
CNOT q6,q7
CNOT q5,q6
CNOT q2,q5
CNOT q1,q2
CNOT q0,q1
Rx(-1.57079) q0
H q2
H q5
H q7
Rx(1.57079) q0
Rx(1.57079) q2
H q5
Rx(1.57079) q7
CNOT q0,q1
CNOT q1,q2
CNOT q2,q5
CNOT q5,q6
CNOT q6,q7
Rz(-0.176777*x1) q7
CNOT q6,q7
CNOT q5,q6
CNOT q2,q5
CNOT q1,q2
CNOT q0,q1
Rx(-1.57079) q0
Rx(-1.57079) q2
H q5
Rx(-1.57079) q7
H q0
H q2
H q5
Rx(1.57079) q7
CNOT q0,q1
CNOT q1,q2
CNOT q2,q5
CNOT q5,q6
CNOT q6,q7
Rz(-0.176777*x1) q7
CNOT q6,q7
CNOT q5,q6
CNOT q2,q5
CNOT q1,q2
CNOT q0,q1
H q0
H q2
H q5
Rx(-1.57079) q7
Rx(1.57079) q0
H q2
Rx(1.57079) q5
Rx(1.57079) q7
CNOT q0,q1
CNOT q1,q2
CNOT q2,q5
CNOT q5,q6
CNOT q6,q7
Rz(0.176777*x1) q7
CNOT q6,q7
CNOT q5,q6
CNOT q2,q5
CNOT q1,q2
CNOT q0,q1
Rx(-1.57079) q0
H q2
Rx(-1.57079) q5
Rx(-1.57079) q7
Rx(1.57079) q0
H q3
Rx(1.57079) q5
Rx(1.57079) q8
CNOT q0,q1
CNOT q1,q2
CNOT q2,q3
CNOT q3,q5
CNOT q5,q6
CNOT q6,q7
CNOT q7,q8
Rz(0.176777*x2) q8
CNOT q7,q8
CNOT q6,q7
CNOT q5,q6
CNOT q3,q5
CNOT q2,q3
CNOT q1,q2
CNOT q0,q1
Rx(-1.57079) q0
H q3
Rx(-1.57079) q5
Rx(-1.57079) q8
Rx(1.57079) q0
Rx(1.57079) q3
H q5
Rx(1.57079) q8
CNOT q0,q1
CNOT q1,q2
CNOT q2,q3
CNOT q3,q5
CNOT q5,q6
CNOT q6,q7
CNOT q7,q8
Rz(-0.176777*x2) q8
CNOT q7,q8
CNOT q6,q7
CNOT q5,q6
CNOT q3,q5
CNOT q2,q3
CNOT q1,q2
CNOT q0,q1
Rx(-1.57079) q0
Rx(-1.57079) q3
H q5
Rx(-1.57079) q8
H q0
H q3
Rx(1.57079) q5
H q8
CNOT q0,q1
CNOT q1,q2
CNOT q2,q3
CNOT q3,q5
CNOT q5,q6
CNOT q6,q7
CNOT q7,q8
Rz(0.176777*x2) q8
CNOT q7,q8
CNOT q6,q7
CNOT q5,q6
CNOT q3,q5
CNOT q2,q3
CNOT q1,q2
CNOT q0,q1
H q0
H q3
Rx(-1.57079) q5
H q8
H q0
Rx(1.57079) q3
H q5
H q8
CNOT q0,q1
CNOT q1,q2
CNOT q2,q3
CNOT q3,q5
CNOT q5,q6
CNOT q6,q7
CNOT q7,q8
Rz(-0.176777*x2) q8
CNOT q7,q8
CNOT q6,q7
CNOT q5,q6
CNOT q3,q5
CNOT q2,q3
CNOT q1,q2
CNOT q0,q1
H q0
Rx(-1.57079) q3
H q5
H q8
Rx(1.57079) q0
H q3
H q5
H q8
CNOT q0,q1
CNOT q1,q2
CNOT q2,q3
CNOT q3,q5
CNOT q5,q6
CNOT q6,q7
CNOT q7,q8
Rz(0.176777*x2) q8
CNOT q7,q8
CNOT q6,q7
CNOT q5,q6
CNOT q3,q5
CNOT q2,q3
CNOT q1,q2
CNOT q0,q1
Rx(-1.57079) q0
H q3
H q5
H q8
Rx(1.57079) q0
Rx(1.57079) q3
Rx(1.57079) q5
H q8
CNOT q0,q1
CNOT q1,q2
CNOT q2,q3
CNOT q3,q5
CNOT q5,q6
CNOT q6,q7
CNOT q7,q8
Rz(0.176777*x2) q8
CNOT q7,q8
CNOT q6,q7
CNOT q5,q6
CNOT q3,q5
CNOT q2,q3
CNOT q1,q2
CNOT q0,q1
Rx(-1.57079) q0
Rx(-1.57079) q3
Rx(-1.57079) q5
H q8
H q0
Rx(1.57079) q3
Rx(1.57079) q5
Rx(1.57079) q8
CNOT q0,q1
CNOT q1,q2
CNOT q2,q3
CNOT q3,q5
CNOT q5,q6
CNOT q6,q7
CNOT q7,q8
Rz(-0.176777*x2) q8
CNOT q7,q8
CNOT q6,q7
CNOT q5,q6
CNOT q3,q5
CNOT q2,q3
CNOT q1,q2
CNOT q0,q1
H q0
Rx(-1.57079) q3
Rx(-1.57079) q5
Rx(-1.57079) q8
H q0
H q3
H q5
Rx(1.57079) q8
CNOT q0,q1
CNOT q1,q2
CNOT q2,q3
CNOT q3,q5
CNOT q5,q6
CNOT q6,q7
CNOT q7,q8
Rz(-0.176777*x2) q8
CNOT q7,q8
CNOT q6,q7
CNOT q5,q6
CNOT q3,q5
CNOT q2,q3
CNOT q1,q2
CNOT q0,q1
H q0
H q3
H q5
Rx(-1.57079) q8
H q0
Rx(1.57079) q4
Rx(1.57079) q5
Rx(1.57079) q9
CNOT q0,q1
CNOT q1,q2
CNOT q2,q3
CNOT q3,q4
CNOT q4,q5
CNOT q5,q6
CNOT q6,q7
CNOT q7,q8
CNOT q8,q9
Rz(-0.176777*x3) q9
CNOT q8,q9
CNOT q7,q8
CNOT q6,q7
CNOT q5,q6
CNOT q4,q5
CNOT q3,q4
CNOT q2,q3
CNOT q1,q2
CNOT q0,q1
H q0
Rx(-1.57079) q4
Rx(-1.57079) q5
Rx(-1.57079) q9
Rx(1.57079) q0
H q4
H q5
H q9
CNOT q0,q1
CNOT q1,q2
CNOT q2,q3
CNOT q3,q4
CNOT q4,q5
CNOT q5,q6
CNOT q6,q7
CNOT q7,q8
CNOT q8,q9
Rz(0.176777*x3) q9
CNOT q8,q9
CNOT q7,q8
CNOT q6,q7
CNOT q5,q6
CNOT q4,q5
CNOT q3,q4
CNOT q2,q3
CNOT q1,q2
CNOT q0,q1
Rx(-1.57079) q0
H q4
H q5
H q9
Rx(1.57079) q0
Rx(1.57079) q4
Rx(1.57079) q5
H q9
CNOT q0,q1
CNOT q1,q2
CNOT q2,q3
CNOT q3,q4
CNOT q4,q5
CNOT q5,q6
CNOT q6,q7
CNOT q7,q8
CNOT q8,q9
Rz(0.176777*x3) q9
CNOT q8,q9
CNOT q7,q8
CNOT q6,q7
CNOT q5,q6
CNOT q4,q5
CNOT q3,q4
CNOT q2,q3
CNOT q1,q2
CNOT q0,q1
Rx(-1.57079) q0
Rx(-1.57079) q4
Rx(-1.57079) q5
H q9
Rx(1.57079) q0
H q4
Rx(1.57079) q5
Rx(1.57079) q9
CNOT q0,q1
CNOT q1,q2
CNOT q2,q3
CNOT q3,q4
CNOT q4,q5
CNOT q5,q6
CNOT q6,q7
CNOT q7,q8
CNOT q8,q9
Rz(0.176777*x3) q9
CNOT q8,q9
CNOT q7,q8
CNOT q6,q7
CNOT q5,q6
CNOT q4,q5
CNOT q3,q4
CNOT q2,q3
CNOT q1,q2
CNOT q0,q1
Rx(-1.57079) q0
H q4
Rx(-1.57079) q5
Rx(-1.57079) q9
H q0
H q4
Rx(1.57079) q5
H q9
CNOT q0,q1
CNOT q1,q2
CNOT q2,q3
CNOT q3,q4
CNOT q4,q5
CNOT q5,q6
CNOT q6,q7
CNOT q7,q8
CNOT q8,q9
Rz(0.176777*x3) q9
CNOT q8,q9
CNOT q7,q8
CNOT q6,q7
CNOT q5,q6
CNOT q4,q5
CNOT q3,q4
CNOT q2,q3
CNOT q1,q2
CNOT q0,q1
H q0
H q4
Rx(-1.57079) q5
H q9
H q0
Rx(1.57079) q4
H q5
H q9
CNOT q0,q1
CNOT q1,q2
CNOT q2,q3
CNOT q3,q4
CNOT q4,q5
CNOT q5,q6
CNOT q6,q7
CNOT q7,q8
CNOT q8,q9
Rz(-0.176777*x3) q9
CNOT q8,q9
CNOT q7,q8
CNOT q6,q7
CNOT q5,q6
CNOT q4,q5
CNOT q3,q4
CNOT q2,q3
CNOT q1,q2
CNOT q0,q1
H q0
Rx(-1.57079) q4
H q5
H q9
Rx(1.57079) q0
Rx(1.57079) q4
H q5
Rx(1.57079) q9
CNOT q0,q1
CNOT q1,q2
CNOT q2,q3
CNOT q3,q4
CNOT q4,q5
CNOT q5,q6
CNOT q6,q7
CNOT q7,q8
CNOT q8,q9
Rz(-0.176777*x3) q9
CNOT q8,q9
CNOT q7,q8
CNOT q6,q7
CNOT q5,q6
CNOT q4,q5
CNOT q3,q4
CNOT q2,q3
CNOT q1,q2
CNOT q0,q1
Rx(-1.57079) q0
Rx(-1.57079) q4
H q5
Rx(-1.57079) q9
H q0
H q4
H q5
Rx(1.57079) q9
CNOT q0,q1
CNOT q1,q2
CNOT q2,q3
CNOT q3,q4
CNOT q4,q5
CNOT q5,q6
CNOT q6,q7
CNOT q7,q8
CNOT q8,q9
Rz(-0.176777*x3) q9
CNOT q8,q9
CNOT q7,q8
CNOT q6,q7
CNOT q5,q6
CNOT q4,q5
CNOT q3,q4
CNOT q2,q3
CNOT q1,q2
CNOT q0,q1
H q0
H q4
H q5
Rx(-1.57079) q9
[0m
-1.1685667930254833
[0.0697612438266699, 0.06898127455211175, 0.07910372356579161, 0.15499510432458127]
[5, 13, 19, 23]
