Operator pool: singlet-adapted-uccsd
Number of operators in the pool: 24
Iteration: 1
Computing [H, A]
Printing commutators with absolute value above 0.000000
Number of instructions for commutator calculation: 692
E() = 3.1170812459e-19
Number of instructions for commutator calculation: 680
E() = -3.53319999994e-06
[H,1] = -3.53319999994e-06
Number of instructions for commutator calculation: 696
E() = -2.86080000001e-06
[H,2] = -2.86080000001e-06
Number of instructions for commutator calculation: 712
E() = -6.39999999994e-09
[H,3] = -6.39999999994e-09
Number of instructions for commutator calculation: 2248
E() = 0.595236340534
[H,5] = 0.595236340534
Number of instructions for commutator calculation: 3880
E() = -2.32923577803e-32
Number of instructions for commutator calculation: 3822
E() = 0.000101774727544
[H,9] = 0.000101774727544
Number of instructions for commutator calculation: 3846
E() = 0.162842077977
[H,11] = 0.162842077977
Number of instructions for commutator calculation: 2224
E() = 0.170526493605
[H,13] = 0.170526493605
Number of instructions for commutator calculation: 3778
E() = -0.00709883617801
[H,15] = -0.00709883617801
Number of instructions for commutator calculation: 3778
E() = -1.85952112889e-05
[H,17] = -1.85952112889e-05
Number of instructions for commutator calculation: 2192
E() = 0.132347631913
[H,19] = 0.132347631913
Number of instructions for commutator calculation: 3726
E() = -4.03899393414e-06
[H,21] = -4.03899393414e-06
Number of instructions for commutator calculation: 2224
E() = 0.14215871135
[H,23] = 0.14215871135
Max gradient component: [H, 5] = 0.595236340534 a.u.
Norm of gradient vector: 0.669087832481 a.u.
vqe optimization of current ansatz.
020-08-05 14:05:43.806] [xacc-logger] [info] Chosen optimizer does not support gradients. Using default.
E(0.000000) = -0.7799251794
E(1.570796) = -0.927175789716
E(3.141593) = -0.561143318142
E(2.356194) = -0.715127798417
E(1.178097) = -0.975640691066
E(0.785398) = -0.961495922577
E(0.981748) = -0.976583451132
E(0.883573) = -0.970999425926
E(1.030835) = -0.977869060908
E(1.079922) = -0.978140527873
E(1.129010) = -0.977396539741
E(1.104466) = -0.977895355772
E(1.067651) = -0.97816789215
E(1.055379) = -0.978131757636
E(1.061515) = -0.978157762226
E(1.070719) = -0.978167002601
E(1.066117) = -0.978166846736
E(1.068418) = -0.978168042141
E(1.069185) = -0.978167943722
E(1.068801) = -0.978168023731
Energy at ADAPT iteration 1: -0.978168042141
Parameters at ADAPT iteration 1: 1.06841760054 
Ansatz at ADAPT iteration 1: 5 
Iteration: 2
Computing [H, A]
Printing commutators with absolute value above 0.000000
Number of instructions for commutator calculation: 692
E(1.068418) = -1.5309799169e-10
[H,0] = -1.5309799169e-10
Number of instructions for commutator calculation: 680
E(1.068418) = -0.108143784542
[H,1] = -0.108143784542
Number of instructions for commutator calculation: 696
E(1.068418) = 0.012872098389
[H,2] = 0.012872098389
Number of instructions for commutator calculation: 712
E(1.068418) = -3.34947380139e-09
[H,3] = -3.34947380139e-09
Number of instructions for commutator calculation: 2248
E(1.068418) = 6.77818884656e-05
[H,5] = 6.77818884656e-05
Number of instructions for commutator calculation: 3880
E(1.068418) = -9.42611609424e-12
Number of instructions for commutator calculation: 3822
E(1.068418) = 9.37084347781e-08
[H,9] = 9.37084347781e-08
Number of instructions for commutator calculation: 3846
E(1.068418) = 0.000112576548849
[H,11] = 0.000112576548849
Number of instructions for commutator calculation: 2224
E(1.068418) = -0.0204136938602
[H,13] = -0.0204136938602
Number of instructions for commutator calculation: 3778
E(1.068418) = 0.00652415095073
[H,15] = 0.00652415095073
Number of instructions for commutator calculation: 3778
E(1.068418) = 5.19006948014e-07
[H,17] = 5.19006948014e-07
Number of instructions for commutator calculation: 2192
E(1.068418) = 0.0080826761732
[H,19] = 0.0080826761732
Number of instructions for commutator calculation: 3726
E(1.068418) = -1.01281044464e-05
[H,21] = -1.01281044464e-05
Number of instructions for commutator calculation: 2224
E(1.068418) = -0.0152784567632
[H,23] = -0.0152784567632
Max gradient component: [H, 1] = -0.108143784542 a.u.
Norm of gradient vector: 0.112333569161 a.u.
vqe optimization of current ansatz.
020-08-05 14:18:03.263] [xacc-logger] [info] Chosen optimizer does not support gradients. Using default.
E(0.000000,0) = -0.7799251794
E(1.570796,0) = -0.623617894119
E(0.000000,1.5708) = -0.927175789716
E(-1.143350,2.6479) = -0.602904988776
E(0.761580,1.76275) = -0.853330488596
E(-0.310040,1.81181) = -0.880218910575
E(-0.058161,1.18243) = -0.978440430599
E(0.060084,0.807954) = -0.960856825543
E(-0.250930,1.1451) = -0.987930702879
E(-0.423803,1.23821) = -0.988135903197
E(-0.519302,1.06665) = -0.994131434286
E(-0.618266,0.897061) = -0.983956933215
E(-0.568784,0.981854) = -0.991111022731
E(-0.542458,1.07643) = -0.994419786852
E(-0.536523,1.17443) = -0.993293305669
E(-0.539491,1.12543) = -0.994432381753
E(-0.563952,1.12743) = -0.994594532226
E(-0.588375,1.12987) = -0.994704525092
E(-0.611415,1.13833) = -0.99469187002
E(-0.587563,1.13502) = -0.994639521608
E(-0.599067,1.10777) = -0.994853777338
E(-0.580462,1.09177) = -0.994739135805
E(-0.622476,1.1004) = -0.994861521508
E(-0.626853,1.11186) = -0.994894408371
E(-0.631892,1.12305) = -0.99486999394
E(-0.630179,1.11027) = -0.994893880991
E(-0.631549,1.1232) = -0.994869057302
E(-0.623832,1.10652) = -0.994886194629
E(-0.627878,1.11475) = -0.994893344961
E(-0.625731,1.11082) = -0.99489360879
E(-0.628176,1.11108) = -0.994894448615
E(-0.628596,1.11173) = -0.994894826765
E(-0.629020,1.11236) = -0.994895025917
E(-0.629684,1.11275) = -0.994895125649
E(-0.629578,1.11351) = -0.994894890247
E(-0.630260,1.11224) = -0.994895166912
E(-0.630959,1.11256) = -0.994895239904
E(-0.631700,1.11275) = -0.994895252584
E(-0.631961,1.11203) = -0.994895091849
E(-0.631562,1.11351) = -0.99489512102
Energy at ADAPT iteration 2: -0.994895252584
Parameters at ADAPT iteration 2: -0.631700235577 1.11275451952 
Ansatz at ADAPT iteration 2: 5 1 
Iteration: 3
Computing [H, A]
Printing commutators with absolute value above 0.000000
Number of instructions for commutator calculation: 692
E(-0.631700,1.11275) = -7.29203914645e-10
[H,0] = -7.29203914645e-10
Number of instructions for commutator calculation: 680
E(-0.631700,1.11275) = 4.82423270969e-05
[H,1] = 4.82423270969e-05
Number of instructions for commutator calculation: 696
E(-0.631700,1.11275) = 0.00651354331994
[H,2] = 0.00651354331994
Number of instructions for commutator calculation: 712
E(-0.631700,1.11275) = -1.68394616478e-05
[H,3] = -1.68394616478e-05
Number of instructions for commutator calculation: 2248
E(-0.631700,1.11275) = 0.000141973933579
[H,5] = 0.000141973933579
Number of instructions for commutator calculation: 3880
E(-0.631700,1.11275) = -2.5792558151e-10
[H,7] = -2.5792558151e-10
Number of instructions for commutator calculation: 3822
E(-0.631700,1.11275) = 3.96494321202e-05
[H,9] = 3.96494321202e-05
Number of instructions for commutator calculation: 3846
E(-0.631700,1.11275) = 0.0420703417282
[H,11] = 0.0420703417282
Number of instructions for commutator calculation: 2224
E(-0.631700,1.11275) = 0.00505509712467
[H,13] = 0.00505509712467
Number of instructions for commutator calculation: 3778
E(-0.631700,1.11275) = 0.00281376986897
[H,15] = 0.00281376986897
Number of instructions for commutator calculation: 3778
E(-0.631700,1.11275) = -5.45243524634e-06
[H,17] = -5.45243524634e-06
Number of instructions for commutator calculation: 2192
E(-0.631700,1.11275) = 0.00343437090165
[H,19] = 0.00343437090165
Number of instructions for commutator calculation: 3726
E(-0.631700,1.11275) = 6.59260862009e-06
[H,21] = 6.59260862009e-06
Number of instructions for commutator calculation: 2224
E(-0.631700,1.11275) = 0.00570796767243
[H,23] = 0.00570796767243
Max gradient component: [H, 11] = 0.0420703417282 a.u.
Norm of gradient vector: 0.0434765617169 a.u.
vqe optimization of current ansatz.
020-08-05 14:35:44.840] [xacc-logger] [info] Chosen optimizer does not support gradients. Using default.
E(0.000000,0,0) = -0.7799251794
E(1.570796,0,0) = -0.493336633519
E(0.000000,1.5708,0) = -0.623617894119
E(0.000000,0,1.5708) = -0.927175789717
E(-1.257054,-0.685605,2.21668) = -0.756465305485
E(0.681210,-0.284528,1.83884) = -0.850026188183
E(-0.011453,0.758124,1.77566) = -0.851391571599
E(-0.006940,-0.0266144,1.17906) = -0.977034723914
E(-0.227411,-0.187142,0.896509) = -0.967685359244
E(0.027405,-0.137071,1.18071) = -0.982049937031
E(0.354872,-0.112621,0.965345) = -0.968123311887
E(0.024816,-0.374518,1.49348) = -0.954938167794
E(-0.001530,0.0511151,1.22868) = -0.969971647082
E(0.112187,-0.144279,1.13173) = -0.983002860787
E(0.117276,-0.146728,1.14081) = -0.982685498584
E(0.088827,-0.221653,1.076) = -0.987758360715
E(0.064171,-0.283711,1.00404) = -0.989176849908
E(0.092004,-0.364641,1.05214) = -0.992170699934
E(0.003389,-0.380207,1.09143) = -0.992379253015
E(0.020553,-0.47537,1.10839) = -0.99415737367
E(0.057911,-0.496626,1.19665) = -0.992074195206
E(-0.004255,-0.541588,1.04028) = -0.993554515085
E(0.008149,-0.508479,1.07433) = -0.994304477427
E(-0.007495,-0.508737,1.07693) = -0.994026948327
E(0.046182,-0.538773,1.08107) = -0.995140392624
E(0.090790,-0.55657,1.07092) = -0.995421292499
E(0.092985,-0.595653,1.10054) = -0.995765331888
E(0.092145,-0.640669,1.08099) = -0.995866763304
E(0.123215,-0.665985,1.10933) = -0.995885792668
E(0.113215,-0.671377,1.11612) = -0.995891150421
E(0.110414,-0.715806,1.09544) = -0.995856424782
E(0.112429,-0.663848,1.13947) = -0.995561811752
E(0.105093,-0.666804,1.10814) = -0.995954043938
E(0.102982,-0.674947,1.0992) = -0.995967475491
E(0.094245,-0.669374,1.09263) = -0.995943758426
E(0.099964,-0.679125,1.10253) = -0.995963906766
E(0.108034,-0.678039,1.0976) = -0.99596105843
E(0.103975,-0.673254,1.10156) = -0.995969152253
E(0.102827,-0.67041,1.10163) = -0.995970319957
E(0.104692,-0.668002,1.102) = -0.995969341171
E(0.100915,-0.670264,1.10403) = -0.995968212419
E(0.102249,-0.670176,1.10023) = -0.995970519585
E(0.101513,-0.670053,1.10041) = -0.995970523903
E(0.101473,-0.670415,1.10038) = -0.99597039476
E(0.101577,-0.669314,1.10021) = -0.995970681304
E(0.101785,-0.668869,1.1008) = -0.995970862758
E(0.101956,-0.668189,1.10111) = -0.995970898327
E(0.101509,-0.668294,1.10173) = -0.995970666949
E(0.102160,-0.668407,1.10115) = -0.995970855177
E(0.102249,-0.667604,1.10071) = -0.995970979881
E(0.101950,-0.667758,1.10002) = -0.995970932076
E(0.102141,-0.666863,1.10088) = -0.995970964277
Energy at ADAPT iteration 3: -0.995970979881
Parameters at ADAPT iteration 3: 0.102249109713 -0.667603524808 1.10071303426 
Ansatz at ADAPT iteration 3: 5 1 11 
Iteration: 4
Computing [H, A]
Printing commutators with absolute value above 0.000000
Number of instructions for commutator calculation: 692
E(0.102249,-0.667604,1.10071) = 1.06219535452e-07
[H,0] = 1.06219535452e-07
Number of instructions for commutator calculation: 680
E(0.102249,-0.667604,1.10071) = 7.59565583491e-05
[H,1] = 7.59565583491e-05
Number of instructions for commutator calculation: 696
E(0.102249,-0.667604,1.10071) = 0.00941723569529
[H,2] = 0.00941723569529
Number of instructions for commutator calculation: 712
E(0.102249,-0.667604,1.10071) = -1.80554119103e-05
[H,3] = -1.80554119103e-05
Number of instructions for commutator calculation: 2248
E(0.102249,-0.667604,1.10071) = -0.000195373139723
[H,5] = -0.000195373139723
Number of instructions for commutator calculation: 3880
E(0.102249,-0.667604,1.10071) = 5.37095974275e-06
[H,7] = 5.37095974275e-06
Number of instructions for commutator calculation: 3822
E(0.102249,-0.667604,1.10071) = 4.33239846579e-05
[H,9] = 4.33239846579e-05
Number of instructions for commutator calculation: 3846
E(0.102249,-0.667604,1.10071) = -0.000209956472123
[H,11] = -0.000209956472123
Number of instructions for commutator calculation: 2224
E(0.102249,-0.667604,1.10071) = 0.002090945844
[H,13] = 0.002090945844
Number of instructions for commutator calculation: 3778
E(0.102249,-0.667604,1.10071) = 0.00481958567368
[H,15] = 0.00481958567368
Number of instructions for commutator calculation: 3778
E(0.102249,-0.667604,1.10071) = -5.4259764725e-06
[H,17] = -5.4259764725e-06
Number of instructions for commutator calculation: 2192
E(0.102249,-0.667604,1.10071) = 0.00434684138937
[H,19] = 0.00434684138937
Number of instructions for commutator calculation: 3726
E(0.102249,-0.667604,1.10071) = 5.96284340123e-06
[H,21] = 5.96284340123e-06
Number of instructions for commutator calculation: 2224
E(0.102249,-0.667604,1.10071) = 0.00376945791677
[H,23] = 0.00376945791677
Max gradient component: [H, 2] = 0.00941723569529 a.u.
Norm of gradient vector: 0.0122261584475 a.u.
vqe optimization of current ansatz.
020-08-05 15:48:13.474] [xacc-logger] [info] Chosen optimizer does not support gradients. Using default.
E(0.000000,0,0,0) = -0.7799251794
E(1.570796,0,0,0) = -0.596574073352
E(0.000000,1.5708,0,0) = -0.493336633519
E(0.000000,0,1.5708,0) = -0.623617894119
E(0.000000,0,0,1.5708) = -0.927175789717
E(-0.715857,-1.11893,-0.61027,2.14571) = -0.779977532165
E(0.741247,-0.207766,-0.113317,1.67755) = -0.903020865429
E(0.000000,0.178929,-0.233977,1.5708) = -0.931684916819
E(0.015684,0.751102,0.120421,1.9753) = -0.807768467756
E(-0.166717,-0.0709322,-0.451572,1.69979) = -0.912676615996
E(-0.018288,0.208435,-0.216867,1.5256) = -0.93856981752
E(0.082648,0.148373,-0.29527,1.15917) = -0.987497502923
E(0.049854,0.197552,-0.311683,0.771296) = -0.970899003821
E(0.460471,0.124874,-0.399376,1.16766) = -0.983652856296
E(0.034067,0.0163081,-0.432152,1.1631) = -0.992346683317
E(0.040004,-0.00836888,-0.371433,1.15274) = -0.991170357465
E(-0.029315,-0.0347194,-0.493363,1.33099) = -0.981163745907
E(0.013668,0.0276778,-0.427393,1.14215) = -0.992899331974
E(0.084665,0.00489006,-0.513922,0.982439) = -0.991132197567
E(-0.151266,0.0223289,-0.371255,1.05176) = -0.990221838104
E(-0.007659,0.0165341,-0.503245,1.19964) = -0.991923999505
E(-0.031632,0.0251044,-0.420756,1.12463) = -0.992874022222
E(0.014528,0.0118487,-0.432977,1.13167) = -0.993124099949
E(0.026091,0.0297863,-0.453991,1.09277) = -0.994097081253
E(0.025901,0.0326409,-0.500584,1.07759) = -0.994694556743
E(0.041746,0.0350415,-0.515905,1.0338) = -0.994098459242
E(0.048269,0.0327408,-0.503215,1.0864) = -0.99478223342
E(0.044799,0.079746,-0.51092,1.09774) = -0.995133692448
E(0.034793,0.0790369,-0.545415,1.13119) = -0.995121302562
E(0.053832,0.0922695,-0.525355,1.08527) = -0.995322803946
E(0.064920,0.112785,-0.531895,1.08129) = -0.995309420928
E(0.046378,0.0933484,-0.525298,1.08521) = -0.995319265027
E(0.053331,0.0832772,-0.540764,1.06842) = -0.9953802225
E(0.055248,0.076647,-0.533318,1.04607) = -0.994954530637
E(0.058454,0.0815569,-0.538798,1.07204) = -0.995387460584
E(0.056410,0.0792741,-0.558308,1.08661) = -0.995620817839
E(0.056682,0.0735047,-0.578395,1.09947) = -0.995742507391
E(0.074433,0.0596743,-0.573115,1.10773) = -0.995568171687
E(0.064821,0.0752243,-0.579332,1.09757) = -0.995746902426
E(0.064521,0.0946603,-0.580918,1.11247) = -0.995704387621
E(0.059980,0.0784885,-0.599875,1.08547) = -0.995846265762
E(0.061891,0.0678151,-0.621893,1.08531) = -0.995829141851
E(0.057317,0.0829204,-0.600766,1.07438) = -0.995787276054
E(0.060045,0.079641,-0.600401,1.08537) = -0.995853074464
E(0.049316,0.0817929,-0.602166,1.09063) = -0.995899893999
E(0.049264,0.0820845,-0.601937,1.09104) = -0.995901067849
E(0.050219,0.0843368,-0.611727,1.09802) = -0.99595351351
E(0.045940,0.0931383,-0.618646,1.10066) = -0.995992717978
E(0.041330,0.093678,-0.625006,1.11007) = -0.995975909816
E(0.047609,0.0942345,-0.617841,1.10274) = -0.995985497086
E(0.051234,0.0952725,-0.627847,1.09489) = -0.996025141069
E(0.047708,0.103443,-0.630646,1.08691) = -0.996014200857
E(0.048888,0.0944256,-0.627449,1.0935) = -0.996021573378
E(0.058937,0.089049,-0.634085,1.0912) = -0.996007977797
E(0.050028,0.0946616,-0.627398,1.09212) = -0.996018535304
E(0.061976,0.0948642,-0.633761,1.09511) = -0.99602798357
E(0.061469,0.0945177,-0.635406,1.09679) = -0.996033350251
E(0.059244,0.0877416,-0.64525,1.09511) = -0.996027943523
E(0.059318,0.0946885,-0.636029,1.09993) = -0.996038065235
E(0.062162,0.0983485,-0.637535,1.11119) = -0.99600250814
E(0.057803,0.0900754,-0.632349,1.10066) = -0.996022667507
E(0.054706,0.0979839,-0.636452,1.09762) = -0.996047615605
E(0.053733,0.103244,-0.639014,1.09919) = -0.996054009212
E(0.048519,0.106154,-0.638291,1.10041) = -0.996049622479
E(0.052176,0.101362,-0.644528,1.09806) = -0.996065274076
E(0.053041,0.103339,-0.647662,1.09325) = -0.996062695655
E(0.053459,0.100459,-0.649082,1.10186) = -0.996068641864
E(0.051609,0.0948235,-0.650499,1.10119) = -0.996065674639
E(0.052061,0.100913,-0.649099,1.10223) = -0.996069010986
E(0.052681,0.103475,-0.654124,1.10457) = -0.996070177333
E(0.053073,0.105504,-0.652012,1.10995) = -0.996044683432
E(0.051772,0.10423,-0.653733,1.10438) = -0.996070263956
E(0.052919,0.105732,-0.656209,1.0991) = -0.996077756058
E(0.049126,0.102262,-0.658991,1.09723) = -0.996078693758
E(0.048123,0.10241,-0.658364,1.09717) = -0.996078680079
E(0.048872,0.105354,-0.660735,1.09223) = -0.996067950606
E(0.047851,0.102368,-0.658682,1.09726) = -0.996078891817
E(0.046934,0.102997,-0.662083,1.10224) = -0.996081011536
E(0.047391,0.101333,-0.662835,1.10217) = -0.996080592282
E(0.044283,0.101189,-0.65832,1.10587) = -0.996071401344
E(0.047064,0.104584,-0.664468,1.10115) = -0.996082347907
E(0.049908,0.105476,-0.664421,1.10188) = -0.996081551977
E(0.046775,0.104681,-0.664495,1.10221) = -0.99608164885
E(0.046399,0.105591,-0.664689,1.09834) = -0.996081563099
E(0.047333,0.103445,-0.665432,1.10092) = -0.996082265532
Energy at ADAPT iteration 4: -0.996082347907
Parameters at ADAPT iteration 4: 0.0470640339245 0.104583831 -0.664468411914 1.10115382738 
Ansatz at ADAPT iteration 4: 5 1 11 2 
Iteration: 5
Computing [H, A]
Printing commutators with absolute value above 0.000000
Number of instructions for commutator calculation: 692
E(0.047064,0.104584,-0.664468,1.10115) = -2.27328620202e-06
[H,0] = -2.27328620202e-06
Number of instructions for commutator calculation: 680
E(0.047064,0.104584,-0.664468,1.10115) = -0.000186015201716
[H,1] = -0.000186015201716
Number of instructions for commutator calculation: 696
E(0.047064,0.104584,-0.664468,1.10115) = 7.74243176523e-05
[H,2] = 7.74243176523e-05
Number of instructions for commutator calculation: 712
E(0.047064,0.104584,-0.664468,1.10115) = -1.81355051131e-05
[H,3] = -1.81355051131e-05
Number of instructions for commutator calculation: 2248
E(0.047064,0.104584,-0.664468,1.10115) = -0.000613712947346
[H,5] = -0.000613712947346
Number of instructions for commutator calculation: 3880
E(0.047064,0.104584,-0.664468,1.10115) = 2.05571234696e-06
[H,7] = 2.05571234696e-06
Number of instructions for commutator calculation: 3822
E(0.047064,0.104584,-0.664468,1.10115) = 3.08434972872e-05
[H,9] = 3.08434972872e-05
Number of instructions for commutator calculation: 3846
E(0.047064,0.104584,-0.664468,1.10115) = -2.53919034355e-05
[H,11] = -2.53919034355e-05
Number of instructions for commutator calculation: 2224
E(0.047064,0.104584,-0.664468,1.10115) = 0.00197458878609
[H,13] = 0.00197458878609
Number of instructions for commutator calculation: 3778
E(0.047064,0.104584,-0.664468,1.10115) = 0.00204283864938
[H,15] = 0.00204283864938
Number of instructions for commutator calculation: 3778
E(0.047064,0.104584,-0.664468,1.10115) = -6.29739583978e-06
[H,17] = -6.29739583978e-06
Number of instructions for commutator calculation: 2192
E(0.047064,0.104584,-0.664468,1.10115) = 0.00458425577342
[H,19] = 0.00458425577342
Number of instructions for commutator calculation: 3726
E(0.047064,0.104584,-0.664468,1.10115) = 4.00970330792e-06
[H,21] = 4.00970330792e-06
Number of instructions for commutator calculation: 2224
E(0.047064,0.104584,-0.664468,1.10115) = 0.00426033933491
[H,23] = 0.00426033933491
Max gradient component: [H, 19] = 0.00458425577342 a.u.
Norm of gradient vector: 0.00690342760689 a.u.
ADAPT-vqe converged in 4 iterations.
ADAPT-vqe energy: -0.996082347907 a.u.
Operators in the ansatz
(0,-0.176777) X0 Y1 X5 X6 + (0,0.176777) X0 X1 Y5 X6 + (0,0.176777) Y0 X1 Y5 Y6 + (0,-0.176777) X0 Y1 Y5 Y6 + (0,-0.176777) X0 X1 X5 Y6 + (0,0.176777) Y0 Y1 Y5 X6 + (0,0.176777) Y0 X1 X5 X6 + (0,-0.176777) Y0 Y1 X5 Y6
(0,0.25) Y5 Z6 X7 + (0,-0.25) X5 Z6 Y7 + (0,0.25) Y0 Z1 X2 + (0,-0.25) X0 Z1 Y2
(0,-0.0883883) Y0 Y1 X5 Z6 Z7 Z8 Y9 + (0,0.0883883) X0 X1 Y5 Z6 Z7 Z8 X9 + (0,-0.0883883) X0 X1 X5 Z6 Z7 Z8 Y9 + (0,0.0883883) Y0 Z1 Z2 Z3 Y4 Y5 X6 + (0,-0.0883883) X0 Z1 Z2 Z3 Y4 X5 X6 + (0,0.0883883) Y0 Z1 Z2 Z3 X4 X5 X6 + (0,-0.0883883) X0 Z1 Z2 Z3 X4 X5 Y6 + (0,-0.0883883) X0 Y1 Y5 Z6 Z7 Z8 Y9 + (0,0.0883883) X0 Z1 Z2 Z3 X4 Y5 X6 + (0,-0.0883883) X0 Z1 Z2 Z3 Y4 Y5 Y6 + (0,-0.0883883) Y0 Z1 Z2 Z3 Y4 X5 Y6 + (0,0.0883883) Y0 Y1 Y5 Z6 Z7 Z8 X9 + (0,0.0883883) Y0 X1 Y5 Z6 Z7 Z8 Y9 + (0,0.0883883) Y0 Z1 Z2 Z3 X4 Y5 Y6 + (0,0.0883883) Y0 X1 X5 Z6 Z7 Z8 X9 + (0,-0.0883883) X0 Y1 X5 Z6 Z7 Z8 X9
(0,-0.25) X0 Z1 Z2 Y3 + (0,0.25) Y5 Z6 Z7 X8 + (0,-0.25) X5 Z6 Z7 Y8 + (0,0.25) Y0 Z1 Z2 X3
Optimal parameters: 0.0470640339245 0.104583831 -0.664468411914 1.10115382738 
Final ADAPT-vqe circuit
X q0
X q5
H q0
H q1
H q5
Rx(1.57079) q6
CNOT q0,q1
CNOT q1,q5
CNOT q5,q6
Rz(-0.176777*x0) q6
CNOT q5,q6
CNOT q1,q5
CNOT q0,q1
H q0
H q1
H q5
Rx(-1.57079) q6
Rx(1.57079) q0
Rx(1.57079) q1
Rx(1.57079) q5
H q6
CNOT q0,q1
CNOT q1,q5
CNOT q5,q6
Rz(0.176777*x0) q6
CNOT q5,q6
CNOT q1,q5
CNOT q0,q1
Rx(-1.57079) q0
Rx(-1.57079) q1
Rx(-1.57079) q5
H q6
Rx(1.57079) q0
Rx(1.57079) q1
H q5
Rx(1.57079) q6
CNOT q0,q1
CNOT q1,q5
CNOT q5,q6
Rz(-0.176777*x0) q6
CNOT q5,q6
CNOT q1,q5
CNOT q0,q1
Rx(-1.57079) q0
Rx(-1.57079) q1
H q5
Rx(-1.57079) q6
Rx(1.57079) q0
H q1
Rx(1.57079) q5
Rx(1.57079) q6
CNOT q0,q1
CNOT q1,q5
CNOT q5,q6
Rz(0.176777*x0) q6
CNOT q5,q6
CNOT q1,q5
CNOT q0,q1
Rx(-1.57079) q0
H q1
Rx(-1.57079) q5
Rx(-1.57079) q6
H q0
Rx(1.57079) q1
Rx(1.57079) q5
Rx(1.57079) q6
CNOT q0,q1
CNOT q1,q5
CNOT q5,q6
Rz(-0.176777*x0) q6
CNOT q5,q6
CNOT q1,q5
CNOT q0,q1
H q0
Rx(-1.57079) q1
Rx(-1.57079) q5
Rx(-1.57079) q6
H q0
Rx(1.57079) q1
H q5
H q6
CNOT q0,q1
CNOT q1,q5
CNOT q5,q6
Rz(-0.176777*x0) q6
CNOT q5,q6
CNOT q1,q5
CNOT q0,q1
H q0
Rx(-1.57079) q1
H q5
H q6
Rx(1.57079) q0
H q1
H q5
H q6
CNOT q0,q1
CNOT q1,q5
CNOT q5,q6
Rz(0.176777*x0) q6
CNOT q5,q6
CNOT q1,q5
CNOT q0,q1
Rx(-1.57079) q0
H q1
H q5
H q6
H q0
H q1
Rx(1.57079) q5
H q6
CNOT q0,q1
CNOT q1,q5
CNOT q5,q6
Rz(0.176777*x0) q6
CNOT q5,q6
CNOT q1,q5
CNOT q0,q1
H q0
H q1
Rx(-1.57079) q5
H q6
Rx(1.57079) q0
H q2
CNOT q0,q1
CNOT q1,q2
Rz(0.250000*x1) q2
CNOT q1,q2
CNOT q0,q1
Rx(-1.57079) q0
H q2
H q5
Rx(1.57079) q7
CNOT q5,q6
CNOT q6,q7
Rz(-0.250000*x1) q7
CNOT q6,q7
CNOT q5,q6
H q5
Rx(-1.57079) q7
Rx(1.57079) q5
H q7
CNOT q5,q6
CNOT q6,q7
Rz(0.250000*x1) q7
CNOT q6,q7
CNOT q5,q6
Rx(-1.57079) q5
H q7
H q0
Rx(1.57079) q2
CNOT q0,q1
CNOT q1,q2
Rz(-0.250000*x1) q2
CNOT q1,q2
CNOT q0,q1
H q0
Rx(-1.57079) q2
Rx(1.57079) q0
Rx(1.57079) q4
H q5
Rx(1.57079) q6
CNOT q0,q1
CNOT q1,q2
CNOT q2,q3
CNOT q3,q4
CNOT q4,q5
CNOT q5,q6
Rz(-0.088388*x2) q6
CNOT q5,q6
CNOT q4,q5
CNOT q3,q4
CNOT q2,q3
CNOT q1,q2
CNOT q0,q1
Rx(-1.57079) q0
Rx(-1.57079) q4
H q5
Rx(-1.57079) q6
Rx(1.57079) q0
H q4
Rx(1.57079) q5
Rx(1.57079) q6
CNOT q0,q1
CNOT q1,q2
CNOT q2,q3
CNOT q3,q4
CNOT q4,q5
CNOT q5,q6
Rz(0.088388*x2) q6
CNOT q5,q6
CNOT q4,q5
CNOT q3,q4
CNOT q2,q3
CNOT q1,q2
CNOT q0,q1
Rx(-1.57079) q0
H q4
Rx(-1.57079) q5
Rx(-1.57079) q6
H q0
Rx(1.57079) q1
Rx(1.57079) q5
Rx(1.57079) q9
CNOT q0,q1
CNOT q1,q5
CNOT q5,q6
CNOT q6,q7
CNOT q7,q8
CNOT q8,q9
Rz(-0.088388*x2) q9
CNOT q8,q9
CNOT q7,q8
CNOT q6,q7
CNOT q5,q6
CNOT q1,q5
CNOT q0,q1
H q0
Rx(-1.57079) q1
Rx(-1.57079) q5
Rx(-1.57079) q9
H q0
H q4
H q5
Rx(1.57079) q6
CNOT q0,q1
CNOT q1,q2
CNOT q2,q3
CNOT q3,q4
CNOT q4,q5
CNOT q5,q6
Rz(-0.088388*x2) q6
CNOT q5,q6
CNOT q4,q5
CNOT q3,q4
CNOT q2,q3
CNOT q1,q2
CNOT q0,q1
H q0
H q4
H q5
Rx(-1.57079) q6
H q0
Rx(1.57079) q4
Rx(1.57079) q5
Rx(1.57079) q6
CNOT q0,q1
CNOT q1,q2
CNOT q2,q3
CNOT q3,q4
CNOT q4,q5
CNOT q5,q6
Rz(-0.088388*x2) q6
CNOT q5,q6
CNOT q4,q5
CNOT q3,q4
CNOT q2,q3
CNOT q1,q2
CNOT q0,q1
H q0
Rx(-1.57079) q4
Rx(-1.57079) q5
Rx(-1.57079) q6
Rx(1.57079) q0
Rx(1.57079) q4
Rx(1.57079) q5
H q6
CNOT q0,q1
CNOT q1,q2
CNOT q2,q3
CNOT q3,q4
CNOT q4,q5
CNOT q5,q6
Rz(0.088388*x2) q6
CNOT q5,q6
CNOT q4,q5
CNOT q3,q4
CNOT q2,q3
CNOT q1,q2
CNOT q0,q1
Rx(-1.57079) q0
Rx(-1.57079) q4
Rx(-1.57079) q5
H q6
Rx(1.57079) q0
Rx(1.57079) q1
Rx(1.57079) q5
H q9
CNOT q0,q1
CNOT q1,q5
CNOT q5,q6
CNOT q6,q7
CNOT q7,q8
CNOT q8,q9
Rz(0.088388*x2) q9
CNOT q8,q9
CNOT q7,q8
CNOT q6,q7
CNOT q5,q6
CNOT q1,q5
CNOT q0,q1
Rx(-1.57079) q0
Rx(-1.57079) q1
Rx(-1.57079) q5
H q9
Rx(1.57079) q0
H q1
H q5
H q9
CNOT q0,q1
CNOT q1,q5
CNOT q5,q6
CNOT q6,q7
CNOT q7,q8
CNOT q8,q9
Rz(0.088388*x2) q9
CNOT q8,q9
CNOT q7,q8
CNOT q6,q7
CNOT q5,q6
CNOT q1,q5
CNOT q0,q1
Rx(-1.57079) q0
H q1
H q5
H q9
H q0
Rx(1.57079) q1
H q5
H q9
CNOT q0,q1
CNOT q1,q5
CNOT q5,q6
CNOT q6,q7
CNOT q7,q8
CNOT q8,q9
Rz(-0.088388*x2) q9
CNOT q8,q9
CNOT q7,q8
CNOT q6,q7
CNOT q5,q6
CNOT q1,q5
CNOT q0,q1
H q0
Rx(-1.57079) q1
H q5
H q9
Rx(1.57079) q0
H q1
Rx(1.57079) q5
Rx(1.57079) q9
CNOT q0,q1
CNOT q1,q5
CNOT q5,q6
CNOT q6,q7
CNOT q7,q8
CNOT q8,q9
Rz(0.088388*x2) q9
CNOT q8,q9
CNOT q7,q8
CNOT q6,q7
CNOT q5,q6
CNOT q1,q5
CNOT q0,q1
Rx(-1.57079) q0
H q1
Rx(-1.57079) q5
Rx(-1.57079) q9
H q0
H q1
H q5
Rx(1.57079) q9
CNOT q0,q1
CNOT q1,q5
CNOT q5,q6
CNOT q6,q7
CNOT q7,q8
CNOT q8,q9
Rz(-0.088388*x2) q9
CNOT q8,q9
CNOT q7,q8
CNOT q6,q7
CNOT q5,q6
CNOT q1,q5
CNOT q0,q1
H q0
H q1
H q5
Rx(-1.57079) q9
H q0
H q4
Rx(1.57079) q5
H q6
CNOT q0,q1
CNOT q1,q2
CNOT q2,q3
CNOT q3,q4
CNOT q4,q5
CNOT q5,q6
Rz(0.088388*x2) q6
CNOT q5,q6
CNOT q4,q5
CNOT q3,q4
CNOT q2,q3
CNOT q1,q2
CNOT q0,q1
H q0
H q4
Rx(-1.57079) q5
H q6
H q0
H q1
Rx(1.57079) q5
H q9
CNOT q0,q1
CNOT q1,q5
CNOT q5,q6
CNOT q6,q7
CNOT q7,q8
CNOT q8,q9
Rz(0.088388*x2) q9
CNOT q8,q9
CNOT q7,q8
CNOT q6,q7
CNOT q5,q6
CNOT q1,q5
CNOT q0,q1
H q0
H q1
Rx(-1.57079) q5
H q9
Rx(1.57079) q0
Rx(1.57079) q1
H q5
Rx(1.57079) q9
CNOT q0,q1
CNOT q1,q5
CNOT q5,q6
CNOT q6,q7
CNOT q7,q8
CNOT q8,q9
Rz(-0.088388*x2) q9
CNOT q8,q9
CNOT q7,q8
CNOT q6,q7
CNOT q5,q6
CNOT q1,q5
CNOT q0,q1
Rx(-1.57079) q0
Rx(-1.57079) q1
H q5
Rx(-1.57079) q9
H q0
Rx(1.57079) q4
H q5
H q6
CNOT q0,q1
CNOT q1,q2
CNOT q2,q3
CNOT q3,q4
CNOT q4,q5
CNOT q5,q6
Rz(-0.088388*x2) q6
CNOT q5,q6
CNOT q4,q5
CNOT q3,q4
CNOT q2,q3
CNOT q1,q2
CNOT q0,q1
H q0
Rx(-1.57079) q4
H q5
H q6
Rx(1.57079) q0
H q4
H q5
H q6
CNOT q0,q1
CNOT q1,q2
CNOT q2,q3
CNOT q3,q4
CNOT q4,q5
CNOT q5,q6
Rz(0.088388*x2) q6
CNOT q5,q6
CNOT q4,q5
CNOT q3,q4
CNOT q2,q3
CNOT q1,q2
CNOT q0,q1
Rx(-1.57079) q0
H q4
H q5
H q6
Rx(1.57079) q5
H q8
CNOT q5,q6
CNOT q6,q7
CNOT q7,q8
Rz(0.250000*x3) q8
CNOT q7,q8
CNOT q6,q7
CNOT q5,q6
Rx(-1.57079) q5
H q8
H q5
Rx(1.57079) q8
CNOT q5,q6
CNOT q6,q7
CNOT q7,q8
Rz(-0.250000*x3) q8
CNOT q7,q8
CNOT q6,q7
CNOT q5,q6
H q5
Rx(-1.57079) q8
Rx(1.57079) q0
H q3
CNOT q0,q1
CNOT q1,q2
CNOT q2,q3
Rz(0.250000*x3) q3
CNOT q2,q3
CNOT q1,q2
CNOT q0,q1
Rx(-1.57079) q0
H q3
H q0
Rx(1.57079) q3
CNOT q0,q1
CNOT q1,q2
CNOT q2,q3
Rz(-0.250000*x3) q3
CNOT q2,q3
CNOT q1,q2
CNOT q0,q1
H q0
Rx(-1.57079) q3
[0m
-0.9960823479065637
[0.04706403392446682, 0.10458383099991128, -0.6644684119141508, 1.1011538273783728]
[5, 1, 11, 2]
