"(-.9161110557,0)0^ 0 + "
"(-.9161110557,0)5^ 5 + "
"(-.1188214639,0)0^ 5^ 0 5 + "
"(.1188214639,0)5^ 0^ 0 5 + "
"(.1188214639,0)0^ 5^ 5 0 + "
"(-.1188214639,0)5^ 0^ 5 0 + "
"(.0000003449,0)0^ 5^ 0 6 + "
"(-.0000003449,0)5^ 0^ 0 6 + "
"(-.0000003449,0)0^ 5^ 6 0 + "
"(.0000003449,0)5^ 0^ 6 0 + "
"(-.0000309056,0)0^ 5^ 0 7 + "
"(.0000309056,0)5^ 0^ 0 7 + "
"(.0000309056,0)0^ 5^ 7 0 + "
"(-.0000309056,0)5^ 0^ 7 0 + "
"(-.0000355585,0)0^ 5^ 0 8 + "
"(.0000355585,0)5^ 0^ 0 8 + "
"(.0000355585,0)0^ 5^ 8 0 + "
"(-.0000355585,0)5^ 0^ 8 0 + "
"(.0271668011,0)0^ 5^ 0 9 + "
"(-.0271668011,0)5^ 0^ 0 9 + "
"(-.0271668011,0)0^ 5^ 9 0 + "
"(.0271668011,0)5^ 0^ 9 0 + "
"(.0000003449,0)0^ 6^ 0 5 + "
"(-.0000003449,0)6^ 0^ 0 5 + "
"(-.0000003449,0)0^ 6^ 5 0 + "
"(.0000003449,0)6^ 0^ 5 0 + "
"(-.1205009065,0)0^ 6^ 0 6 + "
"(.1205009065,0)6^ 0^ 0 6 + "
"(.1205009065,0)0^ 6^ 6 0 + "
"(-.1205009065,0)6^ 0^ 6 0 + "
"(-.0801717307,0)0^ 1^ 0 1 + "
"(-.0801717307,0)5^ 6^ 5 6 + "
"(.0000000189,0)0^ 6^ 0 7 + "
"(-.0000000189,0)6^ 0^ 0 7 + "
"(-.0000000189,0)0^ 6^ 7 0 + "
"(.0000000189,0)6^ 0^ 7 0 + "
"(.0000000058,0)0^ 1^ 0 2 + "
"(.0000000058,0)5^ 6^ 5 7 + "
"(.0000000436,0)0^ 6^ 0 8 + "
"(-.0000000436,0)6^ 0^ 0 8 + "
"(-.0000000436,0)0^ 6^ 8 0 + "
"(.0000000436,0)6^ 0^ 8 0 + "
"(.0000000140,0)0^ 1^ 0 3 + "
"(.0000000140,0)5^ 6^ 5 8 + "
"(.0000005687,0)0^ 6^ 0 9 + "
"(-.0000005687,0)6^ 0^ 0 9 + "
"(-.0000005687,0)0^ 6^ 9 0 + "
"(.0000005687,0)6^ 0^ 9 0 + "
"(.0000002252,0)0^ 1^ 0 4 + "
"(.0000002252,0)5^ 6^ 5 9 + "
"(-.0000309056,0)0^ 7^ 0 5 + "
"(.0000309056,0)7^ 0^ 0 5 + "
"(.0000309056,0)0^ 7^ 5 0 + "
"(-.0000309056,0)7^ 0^ 5 0 + "
"(.0000000189,0)0^ 7^ 0 6 + "
"(-.0000000189,0)7^ 0^ 0 6 + "
"(-.0000000189,0)0^ 7^ 6 0 + "
"(.0000000189,0)7^ 0^ 6 0 + "
"(.0000000058,0)0^ 2^ 0 1 + "
"(.0000000058,0)5^ 7^ 5 6 + "
"(-.1103546058,0)0^ 7^ 0 7 + "
"(.1103546058,0)7^ 0^ 0 7 + "
"(.1103546058,0)0^ 7^ 7 0 + "
"(-.1103546058,0)7^ 0^ 7 0 + "
"(-.0913817798,0)0^ 2^ 0 2 + "
"(-.0913817798,0)5^ 7^ 5 7 + "
"(.0000000156,0)0^ 7^ 0 8 + "
"(-.0000000156,0)7^ 0^ 0 8 + "
"(-.0000000156,0)0^ 7^ 8 0 + "
"(.0000000156,0)7^ 0^ 8 0 + "
"(.0000000141,0)0^ 2^ 0 3 + "
"(.0000000141,0)5^ 7^ 5 8 + "
"(-.0000054905,0)0^ 7^ 0 9 + "
"(.0000054905,0)7^ 0^ 0 9 + "
"(.0000054905,0)0^ 7^ 9 0 + "
"(-.0000054905,0)7^ 0^ 9 0 + "
"(-.0000069566,0)0^ 2^ 0 4 + "
"(-.0000069566,0)5^ 7^ 5 9 + "
"(-.0000355585,0)0^ 8^ 0 5 + "
"(.0000355585,0)8^ 0^ 0 5 + "
"(.0000355585,0)0^ 8^ 5 0 + "
"(-.0000355585,0)8^ 0^ 5 0 + "
"(.0000000436,0)0^ 8^ 0 6 + "
"(-.0000000436,0)8^ 0^ 0 6 + "
"(-.0000000436,0)0^ 8^ 6 0 + "
"(.0000000436,0)8^ 0^ 6 0 + "
"(.0000000140,0)0^ 3^ 0 1 + "
"(.0000000140,0)5^ 8^ 5 6 + "
"(.0000000156,0)0^ 8^ 0 7 + "
"(-.0000000156,0)8^ 0^ 0 7 + "
"(-.0000000156,0)0^ 8^ 7 0 + "
"(.0000000156,0)8^ 0^ 7 0 + "
"(.0000000141,0)0^ 3^ 0 2 + "
"(.0000000141,0)5^ 8^ 5 7 + "
"(-.1103552659,0)0^ 8^ 0 8 + "
"(.1103552659,0)8^ 0^ 0 8 + "
"(.1103552659,0)0^ 8^ 8 0 + "
"(-.1103552659,0)8^ 0^ 8 0 + "
"(-.0913822810,0)0^ 3^ 0 3 + "
"(-.0913822810,0)5^ 8^ 5 8 + "
"(-.0000063517,0)0^ 8^ 0 9 + "
"(.0000063517,0)8^ 0^ 0 9 + "
"(.0000063517,0)0^ 8^ 9 0 + "
"(-.0000063517,0)8^ 0^ 9 0 + "
"(-.0000080282,0)0^ 3^ 0 4 + "
"(-.0000080282,0)5^ 8^ 5 9 + "
"(.0271668011,0)0^ 9^ 0 5 + "
"(-.0271668011,0)9^ 0^ 0 5 + "
"(-.0271668011,0)0^ 9^ 5 0 + "
"(.0271668011,0)9^ 0^ 5 0 + "
"(.0000005687,0)0^ 9^ 0 6 + "
"(-.0000005687,0)9^ 0^ 0 6 + "
"(-.0000005687,0)0^ 9^ 6 0 + "
"(.0000005687,0)9^ 0^ 6 0 + "
"(.0000002252,0)0^ 4^ 0 1 + "
"(.0000002252,0)5^ 9^ 5 6 + "
"(-.0000054905,0)0^ 9^ 0 7 + "
"(.0000054905,0)9^ 0^ 0 7 + "
"(.0000054905,0)0^ 9^ 7 0 + "
"(-.0000054905,0)9^ 0^ 7 0 + "
"(-.0000069566,0)0^ 4^ 0 2 + "
"(-.0000069566,0)5^ 9^ 5 7 + "
"(-.0000063517,0)0^ 9^ 0 8 + "
"(.0000063517,0)9^ 0^ 0 8 + "
"(.0000063517,0)0^ 9^ 8 0 + "
"(-.0000063517,0)9^ 0^ 8 0 + "
"(-.0000080282,0)0^ 4^ 0 3 + "
"(-.0000080282,0)5^ 9^ 5 8 + "
"(-.1080708874,0)0^ 9^ 0 9 + "
"(.1080708874,0)9^ 0^ 0 9 + "
"(.1080708874,0)0^ 9^ 9 0 + "
"(-.1080708874,0)9^ 0^ 9 0 + "
"(-.0872054594,0)0^ 4^ 0 4 + "
"(-.0872054594,0)5^ 9^ 5 9 + "
"(.0000013819,0)0^ 1 + "
"(.0000013819,0)5^ 6 + "
"(.0000003449,0)0^ 5^ 1 5 + "
"(-.0000003449,0)5^ 0^ 1 5 + "
"(-.0000003449,0)0^ 5^ 5 1 + "
"(.0000003449,0)5^ 0^ 5 1 + "
"(-.0403291758,0)0^ 5^ 1 6 + "
"(.0403291758,0)5^ 0^ 1 6 + "
"(.0403291758,0)0^ 5^ 6 1 + "
"(-.0403291758,0)5^ 0^ 6 1 + "
"(.0000000131,0)0^ 5^ 1 7 + "
"(-.0000000131,0)5^ 0^ 1 7 + "
"(-.0000000131,0)0^ 5^ 7 1 + "
"(.0000000131,0)5^ 0^ 7 1 + "
"(.0000000295,0)0^ 5^ 1 8 + "
"(-.0000000295,0)5^ 0^ 1 8 + "
"(-.0000000295,0)0^ 5^ 8 1 + "
"(.0000000295,0)5^ 0^ 8 1 + "
"(.0000003435,0)0^ 5^ 1 9 + "
"(-.0000003435,0)5^ 0^ 1 9 + "
"(-.0000003435,0)0^ 5^ 9 1 + "
"(.0000003435,0)5^ 0^ 9 1 + "
"(-.0403291758,0)0^ 6^ 1 5 + "
"(.0403291758,0)6^ 0^ 1 5 + "
"(.0403291758,0)0^ 6^ 5 1 + "
"(-.0403291758,0)6^ 0^ 5 1 + "
"(.0801717307,0)0^ 1^ 1 0 + "
"(.0801717307,0)5^ 6^ 6 5 + "
"(.0000006069,0)0^ 6^ 1 6 + "
"(-.0000006069,0)6^ 0^ 1 6 + "
"(-.0000006069,0)0^ 6^ 6 1 + "
"(.0000006069,0)6^ 0^ 6 1 + "
"(-.0000164300,0)0^ 6^ 1 7 + "
"(.0000164300,0)6^ 0^ 1 7 + "
"(.0000164300,0)0^ 6^ 7 1 + "
"(-.0000164300,0)6^ 0^ 7 1 + "
"(.0000149097,0)0^ 1^ 1 2 + "
"(.0000149097,0)5^ 6^ 6 7 + "
"(-.0000192923,0)0^ 6^ 1 8 + "
"(.0000192923,0)6^ 0^ 1 8 + "
"(.0000192923,0)0^ 6^ 8 1 + "
"(-.0000192923,0)6^ 0^ 8 1 + "
"(.0000169160,0)0^ 1^ 1 3 + "
"(.0000169160,0)5^ 6^ 6 8 + "
"(.0038249608,0)0^ 6^ 1 9 + "
"(-.0038249608,0)6^ 0^ 1 9 + "
"(-.0038249608,0)0^ 6^ 9 1 + "
"(.0038249608,0)6^ 0^ 9 1 + "
"(-.0195889034,0)0^ 1^ 1 4 + "
"(-.0195889034,0)5^ 6^ 6 9 + "
"(.0000000131,0)0^ 7^ 1 5 + "
"(-.0000000131,0)7^ 0^ 1 5 + "
"(-.0000000131,0)0^ 7^ 5 1 + "
"(.0000000131,0)7^ 0^ 5 1 + "
"(-.0000000058,0)0^ 2^ 1 0 + "
"(-.0000000058,0)5^ 7^ 6 5 + "
"(-.0000164300,0)0^ 7^ 1 6 + "
"(.0000164300,0)7^ 0^ 1 6 + "
"(.0000164300,0)0^ 7^ 6 1 + "
"(-.0000164300,0)7^ 0^ 6 1 + "
"(.0000002883,0)0^ 7^ 1 7 + "
"(-.0000002883,0)7^ 0^ 1 7 + "
"(-.0000002883,0)0^ 7^ 7 1 + "
"(.0000002883,0)7^ 0^ 7 1 + "
"(.0000002393,0)0^ 2^ 1 2 + "
"(.0000002393,0)5^ 7^ 6 7 + "
"(.0000000004,0)0^ 7^ 1 8 + "
"(-.0000000004,0)7^ 0^ 1 8 + "
"(-.0000000004,0)0^ 7^ 8 1 + "
"(.0000000004,0)7^ 0^ 8 1 + "
"(-.0000000658,0)0^ 7^ 1 9 + "
"(.0000000658,0)7^ 0^ 1 9 + "
"(.0000000658,0)0^ 7^ 9 1 + "
"(-.0000000658,0)7^ 0^ 9 1 + "
"(-.0000000381,0)0^ 2^ 1 4 + "
"(-.0000000381,0)5^ 7^ 6 9 + "
"(.0000000295,0)0^ 8^ 1 5 + "
"(-.0000000295,0)8^ 0^ 1 5 + "
"(-.0000000295,0)0^ 8^ 5 1 + "
"(.0000000295,0)8^ 0^ 5 1 + "
"(-.0000000140,0)0^ 3^ 1 0 + "
"(-.0000000140,0)5^ 8^ 6 5 + "
"(-.0000192923,0)0^ 8^ 1 6 + "
"(.0000192923,0)8^ 0^ 1 6 + "
"(.0000192923,0)0^ 8^ 6 1 + "
"(-.0000192923,0)8^ 0^ 6 1 + "
"(.0000000004,0)0^ 8^ 1 7 + "
"(-.0000000004,0)8^ 0^ 1 7 + "
"(-.0000000004,0)0^ 8^ 7 1 + "
"(.0000000004,0)8^ 0^ 7 1 + "
"(.0000002890,0)0^ 8^ 1 8 + "
"(-.0000002890,0)8^ 0^ 1 8 + "
"(-.0000002890,0)0^ 8^ 8 1 + "
"(.0000002890,0)8^ 0^ 8 1 + "
"(.0000002396,0)0^ 3^ 1 3 + "
"(.0000002396,0)5^ 8^ 6 8 + "
"(-.0000000008,0)0^ 8^ 1 9 + "
"(.0000000008,0)8^ 0^ 1 9 + "
"(.0000000008,0)0^ 8^ 9 1 + "
"(-.0000000008,0)8^ 0^ 9 1 + "
"(.0000000109,0)0^ 3^ 1 4 + "
"(.0000000109,0)5^ 8^ 6 9 + "
"(.0000003435,0)0^ 9^ 1 5 + "
"(-.0000003435,0)9^ 0^ 1 5 + "
"(-.0000003435,0)0^ 9^ 5 1 + "
"(.0000003435,0)9^ 0^ 5 1 + "
"(-.0000002252,0)0^ 4^ 1 0 + "
"(-.0000002252,0)5^ 9^ 6 5 + "
"(.0038249608,0)0^ 9^ 1 6 + "
"(-.0038249608,0)9^ 0^ 1 6 + "
"(-.0038249608,0)0^ 9^ 6 1 + "
"(.0038249608,0)9^ 0^ 6 1 + "
"(-.0000000658,0)0^ 9^ 1 7 + "
"(.0000000658,0)9^ 0^ 1 7 + "
"(.0000000658,0)0^ 9^ 7 1 + "
"(-.0000000658,0)9^ 0^ 7 1 + "
"(-.0000000292,0)0^ 4^ 1 2 + "
"(-.0000000292,0)5^ 9^ 6 7 + "
"(-.0000000008,0)0^ 9^ 1 8 + "
"(.0000000008,0)9^ 0^ 1 8 + "
"(.0000000008,0)0^ 9^ 8 1 + "
"(-.0000000008,0)9^ 0^ 8 1 + "
"(-.0000000047,0)0^ 4^ 1 3 + "
"(-.0000000047,0)5^ 9^ 6 8 + "
"(-.0000000424,0)0^ 9^ 1 9 + "
"(.0000000424,0)9^ 0^ 1 9 + "
"(.0000000424,0)0^ 9^ 9 1 + "
"(-.0000000424,0)9^ 0^ 9 1 + "
"(.0000002034,0)0^ 4^ 1 4 + "
"(.0000002034,0)5^ 9^ 6 9 + "
"(-.0001236252,0)0^ 2 + "
"(-.0001236252,0)5^ 7 + "
"(-.0000309056,0)0^ 5^ 2 5 + "
"(.0000309056,0)5^ 0^ 2 5 + "
"(.0000309056,0)0^ 5^ 5 2 + "
"(-.0000309056,0)5^ 0^ 5 2 + "
"(.0000000131,0)0^ 5^ 2 6 + "
"(-.0000000131,0)5^ 0^ 2 6 + "
"(-.0000000131,0)0^ 5^ 6 2 + "
"(.0000000131,0)5^ 0^ 6 2 + "
"(-.0189728260,0)0^ 5^ 2 7 + "
"(.0189728260,0)5^ 0^ 2 7 + "
"(.0189728260,0)0^ 5^ 7 2 + "
"(-.0189728260,0)5^ 0^ 7 2 + "
"(.0000000015,0)0^ 5^ 2 8 + "
"(-.0000000015,0)5^ 0^ 2 8 + "
"(-.0000000015,0)0^ 5^ 8 2 + "
"(.0000000015,0)5^ 0^ 8 2 + "
"(.0000014661,0)0^ 5^ 2 9 + "
"(-.0000014661,0)5^ 0^ 2 9 + "
"(-.0000014661,0)0^ 5^ 9 2 + "
"(.0000014661,0)5^ 0^ 9 2 + "
"(.0000000131,0)0^ 6^ 2 5 + "
"(-.0000000131,0)6^ 0^ 2 5 + "
"(-.0000000131,0)0^ 6^ 5 2 + "
"(.0000000131,0)6^ 0^ 5 2 + "
"(-.0000000058,0)0^ 1^ 2 0 + "
"(-.0000000058,0)5^ 6^ 7 5 + "
"(-.0000313396,0)0^ 6^ 2 6 + "
"(.0000313396,0)6^ 0^ 2 6 + "
"(.0000313396,0)0^ 6^ 6 2 + "
"(-.0000313396,0)6^ 0^ 6 2 + "
"(-.0000149097,0)0^ 1^ 2 1 + "
"(-.0000149097,0)5^ 6^ 7 6 + "
"(.0000000490,0)0^ 6^ 2 7 + "
"(-.0000000490,0)6^ 0^ 2 7 + "
"(-.0000000490,0)0^ 6^ 7 2 + "
"(.0000000490,0)6^ 0^ 7 2 + "
"(.0000000003,0)0^ 6^ 2 8 + "
"(-.0000000003,0)6^ 0^ 2 8 + "
"(-.0000000003,0)0^ 6^ 8 2 + "
"(.0000000003,0)6^ 0^ 8 2 + "
"(-.0000000365,0)0^ 6^ 2 9 + "
"(.0000000365,0)6^ 0^ 2 9 + "
"(.0000000365,0)0^ 6^ 9 2 + "
"(-.0000000365,0)6^ 0^ 9 2 + "
"(-.0000000089,0)0^ 1^ 2 4 + "
"(-.0000000089,0)5^ 6^ 7 9 + "
"(-.0189728260,0)0^ 7^ 2 5 + "
"(.0189728260,0)7^ 0^ 2 5 + "
"(.0189728260,0)0^ 7^ 5 2 + "
"(-.0189728260,0)7^ 0^ 5 2 + "
"(.0913817798,0)0^ 2^ 2 0 + "
"(.0913817798,0)5^ 7^ 7 5 + "
"(.0000000490,0)0^ 7^ 2 6 + "
"(-.0000000490,0)7^ 0^ 2 6 + "
"(-.0000000490,0)0^ 7^ 6 2 + "
"(.0000000490,0)7^ 0^ 6 2 + "
"(-.0000002393,0)0^ 2^ 2 1 + "
"(-.0000002393,0)5^ 7^ 7 6 + "
"(-.0000212023,0)0^ 7^ 2 7 + "
"(.0000212023,0)7^ 0^ 2 7 + "
"(.0000212023,0)0^ 7^ 7 2 + "
"(-.0000212023,0)7^ 0^ 7 2 + "
"(.0000021695,0)0^ 7^ 2 8 + "
"(-.0000021695,0)7^ 0^ 2 8 + "
"(-.0000021695,0)0^ 7^ 8 2 + "
"(.0000021695,0)7^ 0^ 8 2 + "
"(.0000278865,0)0^ 2^ 2 3 + "
"(.0000278865,0)5^ 7^ 7 8 + "
"(.0021187387,0)0^ 7^ 2 9 + "
"(-.0021187387,0)7^ 0^ 2 9 + "
"(-.0021187387,0)0^ 7^ 9 2 + "
"(.0021187387,0)7^ 0^ 9 2 + "
"(-.0203020780,0)0^ 2^ 2 4 + "
"(-.0203020780,0)5^ 7^ 7 9 + "
"(.0000000015,0)0^ 8^ 2 5 + "
"(-.0000000015,0)8^ 0^ 2 5 + "
"(-.0000000015,0)0^ 8^ 5 2 + "
"(.0000000015,0)8^ 0^ 5 2 + "
"(-.0000000141,0)0^ 3^ 2 0 + "
"(-.0000000141,0)5^ 8^ 7 5 + "
"(.0000000003,0)0^ 8^ 2 6 + "
"(-.0000000003,0)8^ 0^ 2 6 + "
"(-.0000000003,0)0^ 8^ 6 2 + "
"(.0000000003,0)8^ 0^ 6 2 + "
"(.0000021695,0)0^ 8^ 2 7 + "
"(-.0000021695,0)8^ 0^ 2 7 + "
"(-.0000021695,0)0^ 8^ 7 2 + "
"(.0000021695,0)8^ 0^ 7 2 + "
"(-.0000224297,0)0^ 8^ 2 8 + "
"(.0000224297,0)8^ 0^ 2 8 + "
"(.0000224297,0)0^ 8^ 8 2 + "
"(-.0000224297,0)8^ 0^ 8 2 + "
"(-.0000242380,0)0^ 3^ 2 3 + "
"(-.0000242380,0)5^ 8^ 7 8 + "
"(.0000000033,0)0^ 8^ 2 9 + "
"(-.0000000033,0)8^ 0^ 2 9 + "
"(-.0000000033,0)0^ 8^ 9 2 + "
"(.0000000033,0)8^ 0^ 9 2 + "
"(.0000000005,0)0^ 3^ 2 4 + "
"(.0000000005,0)5^ 8^ 7 9 + "
"(.0000014661,0)0^ 9^ 2 5 + "
"(-.0000014661,0)9^ 0^ 2 5 + "
"(-.0000014661,0)0^ 9^ 5 2 + "
"(.0000014661,0)9^ 0^ 5 2 + "
"(.0000069566,0)0^ 4^ 2 0 + "
"(.0000069566,0)5^ 9^ 7 5 + "
"(-.0000000365,0)0^ 9^ 2 6 + "
"(.0000000365,0)9^ 0^ 2 6 + "
"(.0000000365,0)0^ 9^ 6 2 + "
"(-.0000000365,0)9^ 0^ 6 2 + "
"(.0000000292,0)0^ 4^ 2 1 + "
"(.0000000292,0)5^ 9^ 7 6 + "
"(.0021187387,0)0^ 9^ 2 7 + "
"(-.0021187387,0)9^ 0^ 2 7 + "
"(-.0021187387,0)0^ 9^ 7 2 + "
"(.0021187387,0)9^ 0^ 7 2 + "
"(.0000000033,0)0^ 9^ 2 8 + "
"(-.0000000033,0)9^ 0^ 2 8 + "
"(-.0000000033,0)0^ 9^ 8 2 + "
"(.0000000033,0)9^ 0^ 8 2 + "
"(-.0000000004,0)0^ 4^ 2 3 + "
"(-.0000000004,0)5^ 9^ 7 8 + "
"(-.0000250473,0)0^ 9^ 2 9 + "
"(.0000250473,0)9^ 0^ 2 9 + "
"(.0000250473,0)0^ 9^ 9 2 + "
"(-.0000250473,0)9^ 0^ 9 2 + "
"(-.0000234535,0)0^ 4^ 2 4 + "
"(-.0000234535,0)5^ 9^ 7 9 + "
"(-.0001422373,0)0^ 3 + "
"(-.0001422373,0)5^ 8 + "
"(-.0000355585,0)0^ 5^ 3 5 + "
"(.0000355585,0)5^ 0^ 3 5 + "
"(.0000355585,0)0^ 5^ 5 3 + "
"(-.0000355585,0)5^ 0^ 5 3 + "
"(.0000000295,0)0^ 5^ 3 6 + "
"(-.0000000295,0)5^ 0^ 3 6 + "
"(-.0000000295,0)0^ 5^ 6 3 + "
"(.0000000295,0)5^ 0^ 6 3 + "
"(.0000000015,0)0^ 5^ 3 7 + "
"(-.0000000015,0)5^ 0^ 3 7 + "
"(-.0000000015,0)0^ 5^ 7 3 + "
"(.0000000015,0)5^ 0^ 7 3 + "
"(-.0189729849,0)0^ 5^ 3 8 + "
"(.0189729849,0)5^ 0^ 3 8 + "
"(.0189729849,0)0^ 5^ 8 3 + "
"(-.0189729849,0)5^ 0^ 8 3 + "
"(.0000016766,0)0^ 5^ 3 9 + "
"(-.0000016766,0)5^ 0^ 3 9 + "
"(-.0000016766,0)0^ 5^ 9 3 + "
"(.0000016766,0)5^ 0^ 9 3 + "
"(.0000000295,0)0^ 6^ 3 5 + "
"(-.0000000295,0)6^ 0^ 3 5 + "
"(-.0000000295,0)0^ 6^ 5 3 + "
"(.0000000295,0)6^ 0^ 5 3 + "
"(-.0000000140,0)0^ 1^ 3 0 + "
"(-.0000000140,0)5^ 6^ 8 5 + "
"(-.0000362083,0)0^ 6^ 3 6 + "
"(.0000362083,0)6^ 0^ 3 6 + "
"(.0000362083,0)0^ 6^ 6 3 + "
"(-.0000362083,0)6^ 0^ 6 3 + "
"(-.0000169160,0)0^ 1^ 3 1 + "
"(-.0000169160,0)5^ 6^ 8 6 + "
"(.0000000003,0)0^ 6^ 3 7 + "
"(-.0000000003,0)6^ 0^ 3 7 + "
"(-.0000000003,0)0^ 6^ 7 3 + "
"(.0000000003,0)6^ 0^ 7 3 + "
"(.0000000494,0)0^ 6^ 3 8 + "
"(-.0000000494,0)6^ 0^ 3 8 + "
"(-.0000000494,0)0^ 6^ 8 3 + "
"(.0000000494,0)6^ 0^ 8 3 + "
"(.0000000038,0)0^ 6^ 3 9 + "
"(-.0000000038,0)6^ 0^ 3 9 + "
"(-.0000000038,0)0^ 6^ 9 3 + "
"(.0000000038,0)6^ 0^ 9 3 + "
"(.0000000156,0)0^ 1^ 3 4 + "
"(.0000000156,0)5^ 6^ 8 9 + "
"(.0000000015,0)0^ 7^ 3 5 + "
"(-.0000000015,0)7^ 0^ 3 5 + "
"(-.0000000015,0)0^ 7^ 5 3 + "
"(.0000000015,0)7^ 0^ 5 3 + "
"(-.0000000141,0)0^ 2^ 3 0 + "
"(-.0000000141,0)5^ 7^ 8 5 + "
"(.0000000003,0)0^ 7^ 3 6 + "
"(-.0000000003,0)7^ 0^ 3 6 + "
"(-.0000000003,0)0^ 7^ 6 3 + "
"(.0000000003,0)7^ 0^ 6 3 + "
"(-.0000257171,0)0^ 7^ 3 7 + "
"(.0000257171,0)7^ 0^ 3 7 + "
"(.0000257171,0)0^ 7^ 7 3 + "
"(-.0000257171,0)7^ 0^ 7 3 + "
"(-.0000278865,0)0^ 2^ 3 2 + "
"(-.0000278865,0)5^ 7^ 8 7 + "
"(.0000018083,0)0^ 7^ 3 8 + "
"(-.0000018083,0)7^ 0^ 3 8 + "
"(-.0000018083,0)0^ 7^ 8 3 + "
"(.0000018083,0)7^ 0^ 8 3 + "
"(.0000000037,0)0^ 7^ 3 9 + "
"(-.0000000037,0)7^ 0^ 3 9 + "
"(-.0000000037,0)0^ 7^ 9 3 + "
"(.0000000037,0)7^ 0^ 9 3 + "
"(.0000000009,0)0^ 2^ 3 4 + "
"(.0000000009,0)5^ 7^ 8 9 + "
"(-.0189729849,0)0^ 8^ 3 5 + "
"(.0189729849,0)8^ 0^ 3 5 + "
"(.0189729849,0)0^ 8^ 5 3 + "
"(-.0189729849,0)8^ 0^ 5 3 + "
"(.0913822810,0)0^ 3^ 3 0 + "
"(.0913822810,0)5^ 8^ 8 5 + "
"(.0000000494,0)0^ 8^ 3 6 + "
"(-.0000000494,0)8^ 0^ 3 6 + "
"(-.0000000494,0)0^ 8^ 6 3 + "
"(.0000000494,0)8^ 0^ 6 3 + "
"(-.0000002396,0)0^ 3^ 3 1 + "
"(-.0000002396,0)5^ 8^ 8 6 + "
"(.0000018083,0)0^ 8^ 3 7 + "
"(-.0000018083,0)8^ 0^ 3 7 + "
"(-.0000018083,0)0^ 8^ 7 3 + "
"(.0000018083,0)8^ 0^ 7 3 + "
"(.0000242380,0)0^ 3^ 3 2 + "
"(.0000242380,0)5^ 8^ 8 7 + "
"(-.0000239556,0)0^ 8^ 3 8 + "
"(.0000239556,0)8^ 0^ 3 8 + "
"(.0000239556,0)0^ 8^ 8 3 + "
"(-.0000239556,0)8^ 0^ 8 3 + "
"(.0021189559,0)0^ 8^ 3 9 + "
"(-.0021189559,0)8^ 0^ 3 9 + "
"(-.0021189559,0)0^ 8^ 9 3 + "
"(.0021189559,0)8^ 0^ 9 3 + "
"(-.0203022158,0)0^ 3^ 3 4 + "
"(-.0203022158,0)5^ 8^ 8 9 + "
"(.0000016766,0)0^ 9^ 3 5 + "
"(-.0000016766,0)9^ 0^ 3 5 + "
"(-.0000016766,0)0^ 9^ 5 3 + "
"(.0000016766,0)9^ 0^ 5 3 + "
"(.0000080282,0)0^ 4^ 3 0 + "
"(.0000080282,0)5^ 9^ 8 5 + "
"(.0000000038,0)0^ 9^ 3 6 + "
"(-.0000000038,0)9^ 0^ 3 6 + "
"(-.0000000038,0)0^ 9^ 6 3 + "
"(.0000000038,0)9^ 0^ 6 3 + "
"(.0000000047,0)0^ 4^ 3 1 + "
"(.0000000047,0)5^ 9^ 8 6 + "
"(.0000000037,0)0^ 9^ 3 7 + "
"(-.0000000037,0)9^ 0^ 3 7 + "
"(-.0000000037,0)0^ 9^ 7 3 + "
"(.0000000037,0)9^ 0^ 7 3 + "
"(.0000000004,0)0^ 4^ 3 2 + "
"(.0000000004,0)5^ 9^ 8 7 + "
"(.0021189559,0)0^ 9^ 3 8 + "
"(-.0021189559,0)9^ 0^ 3 8 + "
"(-.0021189559,0)0^ 9^ 8 3 + "
"(.0021189559,0)9^ 0^ 8 3 + "
"(-.0000288281,0)0^ 9^ 3 9 + "
"(.0000288281,0)9^ 0^ 3 9 + "
"(.0000288281,0)0^ 9^ 9 3 + "
"(-.0000288281,0)9^ 0^ 9 3 + "
"(-.0000270000,0)0^ 4^ 3 4 + "
"(-.0000270000,0)5^ 9^ 8 9 + "
"(.1086699589,0)0^ 4 + "
"(.1086699589,0)5^ 9 + "
"(.0271668011,0)0^ 5^ 4 5 + "
"(-.0271668011,0)5^ 0^ 4 5 + "
"(-.0271668011,0)0^ 5^ 5 4 + "
"(.0271668011,0)5^ 0^ 5 4 + "
"(.0000003435,0)0^ 5^ 4 6 + "
"(-.0000003435,0)5^ 0^ 4 6 + "
"(-.0000003435,0)0^ 5^ 6 4 + "
"(.0000003435,0)5^ 0^ 6 4 + "
"(.0000014661,0)0^ 5^ 4 7 + "
"(-.0000014661,0)5^ 0^ 4 7 + "
"(-.0000014661,0)0^ 5^ 7 4 + "
"(.0000014661,0)5^ 0^ 7 4 + "
"(.0000016766,0)0^ 5^ 4 8 + "
"(-.0000016766,0)5^ 0^ 4 8 + "
"(-.0000016766,0)0^ 5^ 8 4 + "
"(.0000016766,0)5^ 0^ 8 4 + "
"(-.0208654280,0)0^ 5^ 4 9 + "
"(.0208654280,0)5^ 0^ 4 9 + "
"(.0208654280,0)0^ 5^ 9 4 + "
"(-.0208654280,0)5^ 0^ 9 4 + "
"(.0000003435,0)0^ 6^ 4 5 + "
"(-.0000003435,0)6^ 0^ 4 5 + "
"(-.0000003435,0)0^ 6^ 5 4 + "
"(.0000003435,0)6^ 0^ 5 4 + "
"(-.0000002252,0)0^ 1^ 4 0 + "
"(-.0000002252,0)5^ 6^ 9 5 + "
"(.0234138642,0)0^ 6^ 4 6 + "
"(-.0234138642,0)6^ 0^ 4 6 + "
"(-.0234138642,0)0^ 6^ 6 4 + "
"(.0234138642,0)6^ 0^ 6 4 + "
"(.0195889034,0)0^ 1^ 4 1 + "
"(.0195889034,0)5^ 6^ 9 6 + "
"(-.0000000277,0)0^ 6^ 4 7 + "
"(.0000000277,0)6^ 0^ 4 7 + "
"(.0000000277,0)0^ 6^ 7 4 + "
"(-.0000000277,0)6^ 0^ 7 4 + "
"(.0000000089,0)0^ 1^ 4 2 + "
"(.0000000089,0)5^ 6^ 9 7 + "
"(-.0000000118,0)0^ 6^ 4 8 + "
"(.0000000118,0)6^ 0^ 4 8 + "
"(.0000000118,0)0^ 6^ 8 4 + "
"(-.0000000118,0)6^ 0^ 8 4 + "
"(-.0000000156,0)0^ 1^ 4 3 + "
"(-.0000000156,0)5^ 6^ 9 8 + "
"(-.0000002459,0)0^ 6^ 4 9 + "
"(.0000002459,0)6^ 0^ 4 9 + "
"(.0000002459,0)0^ 6^ 9 4 + "
"(-.0000002459,0)6^ 0^ 9 4 + "
"(.0000014661,0)0^ 7^ 4 5 + "
"(-.0000014661,0)7^ 0^ 4 5 + "
"(-.0000014661,0)0^ 7^ 5 4 + "
"(.0000014661,0)7^ 0^ 5 4 + "
"(.0000069566,0)0^ 2^ 4 0 + "
"(.0000069566,0)5^ 7^ 9 5 + "
"(-.0000000277,0)0^ 7^ 4 6 + "
"(.0000000277,0)7^ 0^ 4 6 + "
"(.0000000277,0)0^ 7^ 6 4 + "
"(-.0000000277,0)7^ 0^ 6 4 + "
"(.0000000381,0)0^ 2^ 4 1 + "
"(.0000000381,0)5^ 7^ 9 6 + "
"(.0224208167,0)0^ 7^ 4 7 + "
"(-.0224208167,0)7^ 0^ 4 7 + "
"(-.0224208167,0)0^ 7^ 7 4 + "
"(.0224208167,0)7^ 0^ 7 4 + "
"(.0203020780,0)0^ 2^ 4 2 + "
"(.0203020780,0)5^ 7^ 9 7 + "
"(.0000000028,0)0^ 7^ 4 8 + "
"(-.0000000028,0)7^ 0^ 4 8 + "
"(-.0000000028,0)0^ 7^ 8 4 + "
"(.0000000028,0)7^ 0^ 8 4 + "
"(-.0000000009,0)0^ 2^ 4 3 + "
"(-.0000000009,0)5^ 7^ 9 8 + "
"(-.0000015938,0)0^ 7^ 4 9 + "
"(.0000015938,0)7^ 0^ 4 9 + "
"(.0000015938,0)0^ 7^ 9 4 + "
"(-.0000015938,0)7^ 0^ 9 4 + "
"(.0000016766,0)0^ 8^ 4 5 + "
"(-.0000016766,0)8^ 0^ 4 5 + "
"(-.0000016766,0)0^ 8^ 5 4 + "
"(.0000016766,0)8^ 0^ 5 4 + "
"(.0000080282,0)0^ 3^ 4 0 + "
"(.0000080282,0)5^ 8^ 9 5 + "
"(-.0000000118,0)0^ 8^ 4 6 + "
"(.0000000118,0)8^ 0^ 4 6 + "
"(.0000000118,0)0^ 8^ 6 4 + "
"(-.0000000118,0)8^ 0^ 6 4 + "
"(-.0000000109,0)0^ 3^ 4 1 + "
"(-.0000000109,0)5^ 8^ 9 6 + "
"(.0000000028,0)0^ 8^ 4 7 + "
"(-.0000000028,0)8^ 0^ 4 7 + "
"(-.0000000028,0)0^ 8^ 7 4 + "
"(.0000000028,0)8^ 0^ 7 4 + "
"(-.0000000005,0)0^ 3^ 4 2 + "
"(-.0000000005,0)5^ 8^ 9 7 + "
"(.0224211716,0)0^ 8^ 4 8 + "
"(-.0224211716,0)8^ 0^ 4 8 + "
"(-.0224211716,0)0^ 8^ 8 4 + "
"(.0224211716,0)8^ 0^ 8 4 + "
"(.0203022158,0)0^ 3^ 4 3 + "
"(.0203022158,0)5^ 8^ 9 8 + "
"(-.0000018282,0)0^ 8^ 4 9 + "
"(.0000018282,0)8^ 0^ 4 9 + "
"(.0000018282,0)0^ 8^ 9 4 + "
"(-.0000018282,0)8^ 0^ 9 4 + "
"(-.0208654280,0)0^ 9^ 4 5 + "
"(.0208654280,0)9^ 0^ 4 5 + "
"(.0208654280,0)0^ 9^ 5 4 + "
"(-.0208654280,0)9^ 0^ 5 4 + "
"(.0872054594,0)0^ 4^ 4 0 + "
"(.0872054594,0)5^ 9^ 9 5 + "
"(-.0000002459,0)0^ 9^ 4 6 + "
"(.0000002459,0)9^ 0^ 4 6 + "
"(.0000002459,0)0^ 9^ 6 4 + "
"(-.0000002459,0)9^ 0^ 6 4 + "
"(-.0000002034,0)0^ 4^ 4 1 + "
"(-.0000002034,0)5^ 9^ 9 6 + "
"(-.0000015938,0)0^ 9^ 4 7 + "
"(.0000015938,0)9^ 0^ 4 7 + "
"(.0000015938,0)0^ 9^ 7 4 + "
"(-.0000015938,0)9^ 0^ 7 4 + "
"(.0000234535,0)0^ 4^ 4 2 + "
"(.0000234535,0)5^ 9^ 9 7 + "
"(-.0000018282,0)0^ 9^ 4 8 + "
"(.0000018282,0)9^ 0^ 4 8 + "
"(.0000018282,0)0^ 9^ 8 4 + "
"(-.0000018282,0)9^ 0^ 8 4 + "
"(.0000270000,0)0^ 4^ 4 3 + "
"(.0000270000,0)5^ 9^ 9 8 + "
"(.0272781378,0)0^ 9^ 4 9 + "
"(-.0272781378,0)9^ 0^ 4 9 + "
"(-.0272781378,0)0^ 9^ 9 4 + "
"(.0272781378,0)9^ 0^ 9 4 + "
"(.0000013819,0)1^ 0 + "
"(.0000013819,0)6^ 5 + "
"(.0000003449,0)1^ 5^ 0 5 + "
"(-.0000003449,0)5^ 1^ 0 5 + "
"(-.0000003449,0)1^ 5^ 5 0 + "
"(.0000003449,0)5^ 1^ 5 0 + "
"(-.0403291758,0)1^ 5^ 0 6 + "
"(.0403291758,0)5^ 1^ 0 6 + "
"(.0403291758,0)1^ 5^ 6 0 + "
"(-.0403291758,0)5^ 1^ 6 0 + "
"(.0801717307,0)1^ 0^ 0 1 + "
"(.0801717307,0)6^ 5^ 5 6 + "
"(.0000000131,0)1^ 5^ 0 7 + "
"(-.0000000131,0)5^ 1^ 0 7 + "
"(-.0000000131,0)1^ 5^ 7 0 + "
"(.0000000131,0)5^ 1^ 7 0 + "
"(-.0000000058,0)1^ 0^ 0 2 + "
"(-.0000000058,0)6^ 5^ 5 7 + "
"(.0000000295,0)1^ 5^ 0 8 + "
"(-.0000000295,0)5^ 1^ 0 8 + "
"(-.0000000295,0)1^ 5^ 8 0 + "
"(.0000000295,0)5^ 1^ 8 0 + "
"(-.0000000140,0)1^ 0^ 0 3 + "
"(-.0000000140,0)6^ 5^ 5 8 + "
"(.0000003435,0)1^ 5^ 0 9 + "
"(-.0000003435,0)5^ 1^ 0 9 + "
"(-.0000003435,0)1^ 5^ 9 0 + "
"(.0000003435,0)5^ 1^ 9 0 + "
"(-.0000002252,0)1^ 0^ 0 4 + "
"(-.0000002252,0)6^ 5^ 5 9 + "
"(-.0403291758,0)1^ 6^ 0 5 + "
"(.0403291758,0)6^ 1^ 0 5 + "
"(.0403291758,0)1^ 6^ 5 0 + "
"(-.0403291758,0)6^ 1^ 5 0 + "
"(.0000006069,0)1^ 6^ 0 6 + "
"(-.0000006069,0)6^ 1^ 0 6 + "
"(-.0000006069,0)1^ 6^ 6 0 + "
"(.0000006069,0)6^ 1^ 6 0 + "
"(-.0000164300,0)1^ 6^ 0 7 + "
"(.0000164300,0)6^ 1^ 0 7 + "
"(.0000164300,0)1^ 6^ 7 0 + "
"(-.0000164300,0)6^ 1^ 7 0 + "
"(-.0000192923,0)1^ 6^ 0 8 + "
"(.0000192923,0)6^ 1^ 0 8 + "
"(.0000192923,0)1^ 6^ 8 0 + "
"(-.0000192923,0)6^ 1^ 8 0 + "
"(.0038249608,0)1^ 6^ 0 9 + "
"(-.0038249608,0)6^ 1^ 0 9 + "
"(-.0038249608,0)1^ 6^ 9 0 + "
"(.0038249608,0)6^ 1^ 9 0 + "
"(.0000000131,0)1^ 7^ 0 5 + "
"(-.0000000131,0)7^ 1^ 0 5 + "
"(-.0000000131,0)1^ 7^ 5 0 + "
"(.0000000131,0)7^ 1^ 5 0 + "
"(-.0000164300,0)1^ 7^ 0 6 + "
"(.0000164300,0)7^ 1^ 0 6 + "
"(.0000164300,0)1^ 7^ 6 0 + "
"(-.0000164300,0)7^ 1^ 6 0 + "
"(.0000149097,0)1^ 2^ 0 1 + "
"(.0000149097,0)6^ 7^ 5 6 + "
"(.0000002883,0)1^ 7^ 0 7 + "
"(-.0000002883,0)7^ 1^ 0 7 + "
"(-.0000002883,0)1^ 7^ 7 0 + "
"(.0000002883,0)7^ 1^ 7 0 + "
"(.0000002393,0)1^ 2^ 0 2 + "
"(.0000002393,0)6^ 7^ 5 7 + "
"(.0000000004,0)1^ 7^ 0 8 + "
"(-.0000000004,0)7^ 1^ 0 8 + "
"(-.0000000004,0)1^ 7^ 8 0 + "
"(.0000000004,0)7^ 1^ 8 0 + "
"(-.0000000658,0)1^ 7^ 0 9 + "
"(.0000000658,0)7^ 1^ 0 9 + "
"(.0000000658,0)1^ 7^ 9 0 + "
"(-.0000000658,0)7^ 1^ 9 0 + "
"(-.0000000292,0)1^ 2^ 0 4 + "
"(-.0000000292,0)6^ 7^ 5 9 + "
"(.0000000295,0)1^ 8^ 0 5 + "
"(-.0000000295,0)8^ 1^ 0 5 + "
"(-.0000000295,0)1^ 8^ 5 0 + "
"(.0000000295,0)8^ 1^ 5 0 + "
"(-.0000192923,0)1^ 8^ 0 6 + "
"(.0000192923,0)8^ 1^ 0 6 + "
"(.0000192923,0)1^ 8^ 6 0 + "
"(-.0000192923,0)8^ 1^ 6 0 + "
"(.0000169160,0)1^ 3^ 0 1 + "
"(.0000169160,0)6^ 8^ 5 6 + "
"(.0000000004,0)1^ 8^ 0 7 + "
"(-.0000000004,0)8^ 1^ 0 7 + "
"(-.0000000004,0)1^ 8^ 7 0 + "
"(.0000000004,0)8^ 1^ 7 0 + "
"(.0000002890,0)1^ 8^ 0 8 + "
"(-.0000002890,0)8^ 1^ 0 8 + "
"(-.0000002890,0)1^ 8^ 8 0 + "
"(.0000002890,0)8^ 1^ 8 0 + "
"(.0000002396,0)1^ 3^ 0 3 + "
"(.0000002396,0)6^ 8^ 5 8 + "
"(-.0000000008,0)1^ 8^ 0 9 + "
"(.0000000008,0)8^ 1^ 0 9 + "
"(.0000000008,0)1^ 8^ 9 0 + "
"(-.0000000008,0)8^ 1^ 9 0 + "
"(-.0000000047,0)1^ 3^ 0 4 + "
"(-.0000000047,0)6^ 8^ 5 9 + "
"(.0000003435,0)1^ 9^ 0 5 + "
"(-.0000003435,0)9^ 1^ 0 5 + "
"(-.0000003435,0)1^ 9^ 5 0 + "
"(.0000003435,0)9^ 1^ 5 0 + "
"(.0038249608,0)1^ 9^ 0 6 + "
"(-.0038249608,0)9^ 1^ 0 6 + "
"(-.0038249608,0)1^ 9^ 6 0 + "
"(.0038249608,0)9^ 1^ 6 0 + "
"(-.0195889034,0)1^ 4^ 0 1 + "
"(-.0195889034,0)6^ 9^ 5 6 + "
"(-.0000000658,0)1^ 9^ 0 7 + "
"(.0000000658,0)9^ 1^ 0 7 + "
"(.0000000658,0)1^ 9^ 7 0 + "
"(-.0000000658,0)9^ 1^ 7 0 + "
"(-.0000000381,0)1^ 4^ 0 2 + "
"(-.0000000381,0)6^ 9^ 5 7 + "
"(-.0000000008,0)1^ 9^ 0 8 + "
"(.0000000008,0)9^ 1^ 0 8 + "
"(.0000000008,0)1^ 9^ 8 0 + "
"(-.0000000008,0)9^ 1^ 8 0 + "
"(.0000000109,0)1^ 4^ 0 3 + "
"(.0000000109,0)6^ 9^ 5 8 + "
"(-.0000000424,0)1^ 9^ 0 9 + "
"(.0000000424,0)9^ 1^ 0 9 + "
"(.0000000424,0)1^ 9^ 9 0 + "
"(-.0000000424,0)9^ 1^ 9 0 + "
"(.0000002034,0)1^ 4^ 0 4 + "
"(.0000002034,0)6^ 9^ 5 9 + "
"(-.6963445571,0)1^ 1 + "
"(-.6963445571,0)6^ 6 + "
"(-.1205009065,0)1^ 5^ 1 5 + "
"(.1205009065,0)5^ 1^ 1 5 + "
"(.1205009065,0)1^ 5^ 5 1 + "
"(-.1205009065,0)5^ 1^ 5 1 + "
"(-.0801717307,0)1^ 0^ 1 0 + "
"(-.0801717307,0)6^ 5^ 6 5 + "
"(.0000006069,0)1^ 5^ 1 6 + "
"(-.0000006069,0)5^ 1^ 1 6 + "
"(-.0000006069,0)1^ 5^ 6 1 + "
"(.0000006069,0)5^ 1^ 6 1 + "
"(-.0000313396,0)1^ 5^ 1 7 + "
"(.0000313396,0)5^ 1^ 1 7 + "
"(.0000313396,0)1^ 5^ 7 1 + "
"(-.0000313396,0)5^ 1^ 7 1 + "
"(-.0000149097,0)1^ 0^ 1 2 + "
"(-.0000149097,0)6^ 5^ 6 7 + "
"(-.0000362083,0)1^ 5^ 1 8 + "
"(.0000362083,0)5^ 1^ 1 8 + "
"(.0000362083,0)1^ 5^ 8 1 + "
"(-.0000362083,0)5^ 1^ 8 1 + "
"(-.0000169160,0)1^ 0^ 1 3 + "
"(-.0000169160,0)6^ 5^ 6 8 + "
"(.0234138642,0)1^ 5^ 1 9 + "
"(-.0234138642,0)5^ 1^ 1 9 + "
"(-.0234138642,0)1^ 5^ 9 1 + "
"(.0234138642,0)5^ 1^ 9 1 + "
"(.0195889034,0)1^ 0^ 1 4 + "
"(.0195889034,0)6^ 5^ 6 9 + "
"(.0000006069,0)1^ 6^ 1 5 + "
"(-.0000006069,0)6^ 1^ 1 5 + "
"(-.0000006069,0)1^ 6^ 5 1 + "
"(.0000006069,0)6^ 1^ 5 1 + "
"(-.1295773132,0)1^ 6^ 1 6 + "
"(.1295773132,0)6^ 1^ 1 6 + "
"(.1295773132,0)1^ 6^ 6 1 + "
"(-.1295773132,0)6^ 1^ 6 1 + "
"(.0000000200,0)1^ 6^ 1 7 + "
"(-.0000000200,0)6^ 1^ 1 7 + "
"(-.0000000200,0)1^ 6^ 7 1 + "
"(.0000000200,0)6^ 1^ 7 1 + "
"(.0000000457,0)1^ 6^ 1 8 + "
"(-.0000000457,0)6^ 1^ 1 8 + "
"(-.0000000457,0)1^ 6^ 8 1 + "
"(.0000000457,0)6^ 1^ 8 1 + "
"(.0000005945,0)1^ 6^ 1 9 + "
"(-.0000005945,0)6^ 1^ 1 9 + "
"(-.0000005945,0)1^ 6^ 9 1 + "
"(.0000005945,0)6^ 1^ 9 1 + "
"(-.0000313396,0)1^ 7^ 1 5 + "
"(.0000313396,0)7^ 1^ 1 5 + "
"(.0000313396,0)1^ 7^ 5 1 + "
"(-.0000313396,0)7^ 1^ 5 1 + "
"(-.0000149097,0)1^ 2^ 1 0 + "
"(-.0000149097,0)6^ 7^ 6 5 + "
"(.0000000200,0)1^ 7^ 1 6 + "
"(-.0000000200,0)7^ 1^ 1 6 + "
"(-.0000000200,0)1^ 7^ 6 1 + "
"(.0000000200,0)7^ 1^ 6 1 + "
"(-.1072591788,0)1^ 7^ 1 7 + "
"(.1072591788,0)7^ 1^ 1 7 + "
"(.1072591788,0)1^ 7^ 7 1 + "
"(-.1072591788,0)7^ 1^ 7 1 + "
"(-.0990617522,0)1^ 2^ 1 2 + "
"(-.0990617522,0)6^ 7^ 6 7 + "
"(.0000000102,0)1^ 7^ 1 8 + "
"(-.0000000102,0)7^ 1^ 1 8 + "
"(-.0000000102,0)1^ 7^ 8 1 + "
"(.0000000102,0)7^ 1^ 8 1 + "
"(.0000000164,0)1^ 2^ 1 3 + "
"(.0000000164,0)6^ 7^ 6 8 + "
"(-.0000040158,0)1^ 7^ 1 9 + "
"(.0000040158,0)7^ 1^ 1 9 + "
"(.0000040158,0)1^ 7^ 9 1 + "
"(-.0000040158,0)7^ 1^ 9 1 + "
"(-.0000051928,0)1^ 2^ 1 4 + "
"(-.0000051928,0)6^ 7^ 6 9 + "
"(-.0000362083,0)1^ 8^ 1 5 + "
"(.0000362083,0)8^ 1^ 1 5 + "
"(.0000362083,0)1^ 8^ 5 1 + "
"(-.0000362083,0)8^ 1^ 5 1 + "
"(-.0000169160,0)1^ 3^ 1 0 + "
"(-.0000169160,0)6^ 8^ 6 5 + "
"(.0000000457,0)1^ 8^ 1 6 + "
"(-.0000000457,0)8^ 1^ 1 6 + "
"(-.0000000457,0)1^ 8^ 6 1 + "
"(.0000000457,0)8^ 1^ 6 1 + "
"(.0000000102,0)1^ 8^ 1 7 + "
"(-.0000000102,0)8^ 1^ 1 7 + "
"(-.0000000102,0)1^ 8^ 7 1 + "
"(.0000000102,0)8^ 1^ 7 1 + "
"(.0000000164,0)1^ 3^ 1 2 + "
"(.0000000164,0)6^ 8^ 6 7 + "
"(-.1072598493,0)1^ 8^ 1 8 + "
"(.1072598493,0)8^ 1^ 1 8 + "
"(.1072598493,0)1^ 8^ 8 1 + "
"(-.1072598493,0)8^ 1^ 8 1 + "
"(-.0990622853,0)1^ 3^ 1 3 + "
"(-.0990622853,0)6^ 8^ 6 8 + "
"(-.0000046569,0)1^ 8^ 1 9 + "
"(.0000046569,0)8^ 1^ 1 9 + "
"(.0000046569,0)1^ 8^ 9 1 + "
"(-.0000046569,0)8^ 1^ 9 1 + "
"(-.0000060248,0)1^ 3^ 1 4 + "
"(-.0000060248,0)6^ 8^ 6 9 + "
"(.0234138642,0)1^ 9^ 1 5 + "
"(-.0234138642,0)9^ 1^ 1 5 + "
"(-.0234138642,0)1^ 9^ 5 1 + "
"(.0234138642,0)9^ 1^ 5 1 + "
"(.0195889034,0)1^ 4^ 1 0 + "
"(.0195889034,0)6^ 9^ 6 5 + "
"(.0000005945,0)1^ 9^ 1 6 + "
"(-.0000005945,0)9^ 1^ 1 6 + "
"(-.0000005945,0)1^ 9^ 6 1 + "
"(.0000005945,0)9^ 1^ 6 1 + "
"(-.0000040158,0)1^ 9^ 1 7 + "
"(.0000040158,0)9^ 1^ 1 7 + "
"(.0000040158,0)1^ 9^ 7 1 + "
"(-.0000040158,0)9^ 1^ 7 1 + "
"(-.0000051928,0)1^ 4^ 1 2 + "
"(-.0000051928,0)6^ 9^ 6 7 + "
"(-.0000046569,0)1^ 9^ 1 8 + "
"(.0000046569,0)9^ 1^ 1 8 + "
"(.0000046569,0)1^ 9^ 8 1 + "
"(-.0000046569,0)9^ 1^ 8 1 + "
"(-.0000060248,0)1^ 4^ 1 3 + "
"(-.0000060248,0)6^ 9^ 6 8 + "
"(-.1059207205,0)1^ 9^ 1 9 + "
"(.1059207205,0)9^ 1^ 1 9 + "
"(.1059207205,0)1^ 9^ 9 1 + "
"(-.1059207205,0)9^ 1^ 9 1 + "
"(-.0971252221,0)1^ 4^ 1 4 + "
"(-.0971252221,0)6^ 9^ 6 9 + "
"(.0000000857,0)1^ 2 + "
"(.0000000857,0)6^ 7 + "
"(.0000000189,0)1^ 5^ 2 5 + "
"(-.0000000189,0)5^ 1^ 2 5 + "
"(-.0000000189,0)1^ 5^ 5 2 + "
"(.0000000189,0)5^ 1^ 5 2 + "
"(.0000000058,0)1^ 0^ 2 0 + "
"(.0000000058,0)6^ 5^ 7 5 + "
"(-.0000164300,0)1^ 5^ 2 6 + "
"(.0000164300,0)5^ 1^ 2 6 + "
"(.0000164300,0)1^ 5^ 6 2 + "
"(-.0000164300,0)5^ 1^ 6 2 + "
"(.0000149097,0)1^ 0^ 2 1 + "
"(.0000149097,0)6^ 5^ 7 6 + "
"(.0000000490,0)1^ 5^ 2 7 + "
"(-.0000000490,0)5^ 1^ 2 7 + "
"(-.0000000490,0)1^ 5^ 7 2 + "
"(.0000000490,0)5^ 1^ 7 2 + "
"(.0000000003,0)1^ 5^ 2 8 + "
"(-.0000000003,0)5^ 1^ 2 8 + "
"(-.0000000003,0)1^ 5^ 8 2 + "
"(.0000000003,0)5^ 1^ 8 2 + "
"(-.0000000277,0)1^ 5^ 2 9 + "
"(.0000000277,0)5^ 1^ 2 9 + "
"(.0000000277,0)1^ 5^ 9 2 + "
"(-.0000000277,0)5^ 1^ 9 2 + "
"(.0000000089,0)1^ 0^ 2 4 + "
"(.0000000089,0)6^ 5^ 7 9 + "
"(-.0000164300,0)1^ 6^ 2 5 + "
"(.0000164300,0)6^ 1^ 2 5 + "
"(.0000164300,0)1^ 6^ 5 2 + "
"(-.0000164300,0)6^ 1^ 5 2 + "
"(.0000000200,0)1^ 6^ 2 6 + "
"(-.0000000200,0)6^ 1^ 2 6 + "
"(-.0000000200,0)1^ 6^ 6 2 + "
"(.0000000200,0)6^ 1^ 6 2 + "
"(-.0081974266,0)1^ 6^ 2 7 + "
"(.0081974266,0)6^ 1^ 2 7 + "
"(.0081974266,0)1^ 6^ 7 2 + "
"(-.0081974266,0)6^ 1^ 7 2 + "
"(-.0000000062,0)1^ 6^ 2 8 + "
"(.0000000062,0)6^ 1^ 2 8 + "
"(.0000000062,0)1^ 6^ 8 2 + "
"(-.0000000062,0)6^ 1^ 8 2 + "
"(.0000011771,0)1^ 6^ 2 9 + "
"(-.0000011771,0)6^ 1^ 2 9 + "
"(-.0000011771,0)1^ 6^ 9 2 + "
"(.0000011771,0)6^ 1^ 9 2 + "
"(.0000000490,0)1^ 7^ 2 5 + "
"(-.0000000490,0)7^ 1^ 2 5 + "
"(-.0000000490,0)1^ 7^ 5 2 + "
"(.0000000490,0)7^ 1^ 5 2 + "
"(-.0000002393,0)1^ 2^ 2 0 + "
"(-.0000002393,0)6^ 7^ 7 5 + "
"(-.0081974266,0)1^ 7^ 2 6 + "
"(.0081974266,0)7^ 1^ 2 6 + "
"(.0081974266,0)1^ 7^ 6 2 + "
"(-.0081974266,0)7^ 1^ 6 2 + "
"(.0990617522,0)1^ 2^ 2 1 + "
"(.0990617522,0)6^ 7^ 7 6 + "
"(.0000000149,0)1^ 7^ 2 7 + "
"(-.0000000149,0)7^ 1^ 2 7 + "
"(-.0000000149,0)1^ 7^ 7 2 + "
"(.0000000149,0)7^ 1^ 7 2 + "
"(.0000000026,0)1^ 7^ 2 8 + "
"(-.0000000026,0)7^ 1^ 2 8 + "
"(-.0000000026,0)1^ 7^ 8 2 + "
"(.0000000026,0)7^ 1^ 8 2 + "
"(-.0000000271,0)1^ 2^ 2 3 + "
"(-.0000000271,0)6^ 7^ 7 8 + "
"(.0000000466,0)1^ 7^ 2 9 + "
"(-.0000000466,0)7^ 1^ 2 9 + "
"(-.0000000466,0)1^ 7^ 9 2 + "
"(.0000000466,0)7^ 1^ 9 2 + "
"(-.0000003696,0)1^ 2^ 2 4 + "
"(-.0000003696,0)6^ 7^ 7 9 + "
"(.0000000003,0)1^ 8^ 2 5 + "
"(-.0000000003,0)8^ 1^ 2 5 + "
"(-.0000000003,0)1^ 8^ 5 2 + "
"(.0000000003,0)8^ 1^ 5 2 + "
"(-.0000000062,0)1^ 8^ 2 6 + "
"(.0000000062,0)8^ 1^ 2 6 + "
"(.0000000062,0)1^ 8^ 6 2 + "
"(-.0000000062,0)8^ 1^ 6 2 + "
"(-.0000000164,0)1^ 3^ 2 1 + "
"(-.0000000164,0)6^ 8^ 7 6 + "
"(.0000000026,0)1^ 8^ 2 7 + "
"(-.0000000026,0)8^ 1^ 2 7 + "
"(-.0000000026,0)1^ 8^ 7 2 + "
"(.0000000026,0)8^ 1^ 7 2 + "
"(.0000000127,0)1^ 8^ 2 8 + "
"(-.0000000127,0)8^ 1^ 2 8 + "
"(-.0000000127,0)1^ 8^ 8 2 + "
"(.0000000127,0)8^ 1^ 8 2 + "
"(.0000000116,0)1^ 3^ 2 3 + "
"(.0000000116,0)6^ 8^ 7 8 + "
"(-.0000000277,0)1^ 9^ 2 5 + "
"(.0000000277,0)9^ 1^ 2 5 + "
"(.0000000277,0)1^ 9^ 5 2 + "
"(-.0000000277,0)9^ 1^ 5 2 + "
"(.0000000381,0)1^ 4^ 2 0 + "
"(.0000000381,0)6^ 9^ 7 5 + "
"(.0000011771,0)1^ 9^ 2 6 + "
"(-.0000011771,0)9^ 1^ 2 6 + "
"(-.0000011771,0)1^ 9^ 6 2 + "
"(.0000011771,0)9^ 1^ 6 2 + "
"(.0000051928,0)1^ 4^ 2 1 + "
"(.0000051928,0)6^ 9^ 7 6 + "
"(.0000000466,0)1^ 9^ 2 7 + "
"(-.0000000466,0)9^ 1^ 2 7 + "
"(-.0000000466,0)1^ 9^ 7 2 + "
"(.0000000466,0)9^ 1^ 7 2 + "
"(.0000000063,0)1^ 9^ 2 9 + "
"(-.0000000063,0)9^ 1^ 2 9 + "
"(-.0000000063,0)1^ 9^ 9 2 + "
"(.0000000063,0)9^ 1^ 9 2 + "
"(.0000000060,0)1^ 4^ 2 4 + "
"(.0000000060,0)6^ 9^ 7 9 + "
"(.0000001948,0)1^ 3 + "
"(.0000001948,0)6^ 8 + "
"(.0000000436,0)1^ 5^ 3 5 + "
"(-.0000000436,0)5^ 1^ 3 5 + "
"(-.0000000436,0)1^ 5^ 5 3 + "
"(.0000000436,0)5^ 1^ 5 3 + "
"(.0000000140,0)1^ 0^ 3 0 + "
"(.0000000140,0)6^ 5^ 8 5 + "
"(-.0000192923,0)1^ 5^ 3 6 + "
"(.0000192923,0)5^ 1^ 3 6 + "
"(.0000192923,0)1^ 5^ 6 3 + "
"(-.0000192923,0)5^ 1^ 6 3 + "
"(.0000169160,0)1^ 0^ 3 1 + "
"(.0000169160,0)6^ 5^ 8 6 + "
"(.0000000003,0)1^ 5^ 3 7 + "
"(-.0000000003,0)5^ 1^ 3 7 + "
"(-.0000000003,0)1^ 5^ 7 3 + "
"(.0000000003,0)5^ 1^ 7 3 + "
"(.0000000494,0)1^ 5^ 3 8 + "
"(-.0000000494,0)5^ 1^ 3 8 + "
"(-.0000000494,0)1^ 5^ 8 3 + "
"(.0000000494,0)5^ 1^ 8 3 + "
"(-.0000000118,0)1^ 5^ 3 9 + "
"(.0000000118,0)5^ 1^ 3 9 + "
"(.0000000118,0)1^ 5^ 9 3 + "
"(-.0000000118,0)5^ 1^ 9 3 + "
"(-.0000000156,0)1^ 0^ 3 4 + "
"(-.0000000156,0)6^ 5^ 8 9 + "
"(-.0000192923,0)1^ 6^ 3 5 + "
"(.0000192923,0)6^ 1^ 3 5 + "
"(.0000192923,0)1^ 6^ 5 3 + "
"(-.0000192923,0)6^ 1^ 5 3 + "
"(.0000000457,0)1^ 6^ 3 6 + "
"(-.0000000457,0)6^ 1^ 3 6 + "
"(-.0000000457,0)1^ 6^ 6 3 + "
"(.0000000457,0)6^ 1^ 6 3 + "
"(-.0000000062,0)1^ 6^ 3 7 + "
"(.0000000062,0)6^ 1^ 3 7 + "
"(.0000000062,0)1^ 6^ 7 3 + "
"(-.0000000062,0)6^ 1^ 7 3 + "
"(-.0081975640,0)1^ 6^ 3 8 + "
"(.0081975640,0)6^ 1^ 3 8 + "
"(.0081975640,0)1^ 6^ 8 3 + "
"(-.0081975640,0)6^ 1^ 8 3 + "
"(.0000013679,0)1^ 6^ 3 9 + "
"(-.0000013679,0)6^ 1^ 3 9 + "
"(-.0000013679,0)1^ 6^ 9 3 + "
"(.0000013679,0)6^ 1^ 9 3 + "
"(.0000000003,0)1^ 7^ 3 5 + "
"(-.0000000003,0)7^ 1^ 3 5 + "
"(-.0000000003,0)1^ 7^ 5 3 + "
"(.0000000003,0)7^ 1^ 5 3 + "
"(-.0000000062,0)1^ 7^ 3 6 + "
"(.0000000062,0)7^ 1^ 3 6 + "
"(.0000000062,0)1^ 7^ 6 3 + "
"(-.0000000062,0)7^ 1^ 6 3 + "
"(-.0000000164,0)1^ 2^ 3 1 + "
"(-.0000000164,0)6^ 7^ 8 6 + "
"(.0000000297,0)1^ 7^ 3 7 + "
"(-.0000000297,0)7^ 1^ 3 7 + "
"(-.0000000297,0)1^ 7^ 7 3 + "
"(.0000000297,0)7^ 1^ 7 3 + "
"(.0000000271,0)1^ 2^ 3 2 + "
"(.0000000271,0)6^ 7^ 8 7 + "
"(.0000000011,0)1^ 7^ 3 8 + "
"(-.0000000011,0)7^ 1^ 3 8 + "
"(-.0000000011,0)1^ 7^ 8 3 + "
"(.0000000011,0)7^ 1^ 8 3 + "
"(.0000000494,0)1^ 8^ 3 5 + "
"(-.0000000494,0)8^ 1^ 3 5 + "
"(-.0000000494,0)1^ 8^ 5 3 + "
"(.0000000494,0)8^ 1^ 5 3 + "
"(-.0000002396,0)1^ 3^ 3 0 + "
"(-.0000002396,0)6^ 8^ 8 5 + "
"(-.0081975640,0)1^ 8^ 3 6 + "
"(.0081975640,0)8^ 1^ 3 6 + "
"(.0081975640,0)1^ 8^ 6 3 + "
"(-.0081975640,0)8^ 1^ 6 3 + "
"(.0990622853,0)1^ 3^ 3 1 + "
"(.0990622853,0)6^ 8^ 8 6 + "
"(.0000000011,0)1^ 8^ 3 7 + "
"(-.0000000011,0)8^ 1^ 3 7 + "
"(-.0000000011,0)1^ 8^ 7 3 + "
"(.0000000011,0)8^ 1^ 7 3 + "
"(-.0000000116,0)1^ 3^ 3 2 + "
"(-.0000000116,0)6^ 8^ 8 7 + "
"(.0000000351,0)1^ 8^ 3 8 + "
"(-.0000000351,0)8^ 1^ 3 8 + "
"(-.0000000351,0)1^ 8^ 8 3 + "
"(.0000000351,0)8^ 1^ 8 3 + "
"(.0000000467,0)1^ 8^ 3 9 + "
"(-.0000000467,0)8^ 1^ 3 9 + "
"(-.0000000467,0)1^ 8^ 9 3 + "
"(.0000000467,0)8^ 1^ 9 3 + "
"(-.0000003695,0)1^ 3^ 3 4 + "
"(-.0000003695,0)6^ 8^ 8 9 + "
"(-.0000000118,0)1^ 9^ 3 5 + "
"(.0000000118,0)9^ 1^ 3 5 + "
"(.0000000118,0)1^ 9^ 5 3 + "
"(-.0000000118,0)9^ 1^ 5 3 + "
"(-.0000000109,0)1^ 4^ 3 0 + "
"(-.0000000109,0)6^ 9^ 8 5 + "
"(.0000013679,0)1^ 9^ 3 6 + "
"(-.0000013679,0)9^ 1^ 3 6 + "
"(-.0000013679,0)1^ 9^ 6 3 + "
"(.0000013679,0)9^ 1^ 6 3 + "
"(.0000060248,0)1^ 4^ 3 1 + "
"(.0000060248,0)6^ 9^ 8 6 + "
"(.0000000467,0)1^ 9^ 3 8 + "
"(-.0000000467,0)9^ 1^ 3 8 + "
"(-.0000000467,0)1^ 9^ 8 3 + "
"(.0000000467,0)9^ 1^ 8 3 + "
"(.0000000384,0)1^ 9^ 3 9 + "
"(-.0000000384,0)9^ 1^ 3 9 + "
"(-.0000000384,0)1^ 9^ 9 3 + "
"(.0000000384,0)9^ 1^ 9 3 + "
"(.0000000330,0)1^ 4^ 3 4 + "
"(.0000000330,0)6^ 9^ 8 9 + "
"(.0000031956,0)1^ 4 + "
"(.0000031956,0)6^ 9 + "
"(.0000005687,0)1^ 5^ 4 5 + "
"(-.0000005687,0)5^ 1^ 4 5 + "
"(-.0000005687,0)1^ 5^ 5 4 + "
"(.0000005687,0)5^ 1^ 5 4 + "
"(.0000002252,0)1^ 0^ 4 0 + "
"(.0000002252,0)6^ 5^ 9 5 + "
"(.0038249608,0)1^ 5^ 4 6 + "
"(-.0038249608,0)5^ 1^ 4 6 + "
"(-.0038249608,0)1^ 5^ 6 4 + "
"(.0038249608,0)5^ 1^ 6 4 + "
"(-.0195889034,0)1^ 0^ 4 1 + "
"(-.0195889034,0)6^ 5^ 9 6 + "
"(-.0000000365,0)1^ 5^ 4 7 + "
"(.0000000365,0)5^ 1^ 4 7 + "
"(.0000000365,0)1^ 5^ 7 4 + "
"(-.0000000365,0)5^ 1^ 7 4 + "
"(-.0000000089,0)1^ 0^ 4 2 + "
"(-.0000000089,0)6^ 5^ 9 7 + "
"(.0000000038,0)1^ 5^ 4 8 + "
"(-.0000000038,0)5^ 1^ 4 8 + "
"(-.0000000038,0)1^ 5^ 8 4 + "
"(.0000000038,0)5^ 1^ 8 4 + "
"(.0000000156,0)1^ 0^ 4 3 + "
"(.0000000156,0)6^ 5^ 9 8 + "
"(-.0000002459,0)1^ 5^ 4 9 + "
"(.0000002459,0)5^ 1^ 4 9 + "
"(.0000002459,0)1^ 5^ 9 4 + "
"(-.0000002459,0)5^ 1^ 9 4 + "
"(.0038249608,0)1^ 6^ 4 5 + "
"(-.0038249608,0)6^ 1^ 4 5 + "
"(-.0038249608,0)1^ 6^ 5 4 + "
"(.0038249608,0)6^ 1^ 5 4 + "
"(.0000005945,0)1^ 6^ 4 6 + "
"(-.0000005945,0)6^ 1^ 4 6 + "
"(-.0000005945,0)1^ 6^ 6 4 + "
"(.0000005945,0)6^ 1^ 6 4 + "
"(.0000011771,0)1^ 6^ 4 7 + "
"(-.0000011771,0)6^ 1^ 4 7 + "
"(-.0000011771,0)1^ 6^ 7 4 + "
"(.0000011771,0)6^ 1^ 7 4 + "
"(.0000013679,0)1^ 6^ 4 8 + "
"(-.0000013679,0)6^ 1^ 4 8 + "
"(-.0000013679,0)1^ 6^ 8 4 + "
"(.0000013679,0)6^ 1^ 8 4 + "
"(-.0087954984,0)1^ 6^ 4 9 + "
"(.0087954984,0)6^ 1^ 4 9 + "
"(.0087954984,0)1^ 6^ 9 4 + "
"(-.0087954984,0)6^ 1^ 9 4 + "
"(-.0000000365,0)1^ 7^ 4 5 + "
"(.0000000365,0)7^ 1^ 4 5 + "
"(.0000000365,0)1^ 7^ 5 4 + "
"(-.0000000365,0)7^ 1^ 5 4 + "
"(.0000000292,0)1^ 2^ 4 0 + "
"(.0000000292,0)6^ 7^ 9 5 + "
"(.0000011771,0)1^ 7^ 4 6 + "
"(-.0000011771,0)7^ 1^ 4 6 + "
"(-.0000011771,0)1^ 7^ 6 4 + "
"(.0000011771,0)7^ 1^ 6 4 + "
"(.0000051928,0)1^ 2^ 4 1 + "
"(.0000051928,0)6^ 7^ 9 6 + "
"(.0000004161,0)1^ 7^ 4 7 + "
"(-.0000004161,0)7^ 1^ 4 7 + "
"(-.0000004161,0)1^ 7^ 7 4 + "
"(.0000004161,0)7^ 1^ 7 4 + "
"(.0000003696,0)1^ 2^ 4 2 + "
"(.0000003696,0)6^ 7^ 9 7 + "
"(.0000000003,0)1^ 7^ 4 9 + "
"(-.0000000003,0)7^ 1^ 4 9 + "
"(-.0000000003,0)1^ 7^ 9 4 + "
"(.0000000003,0)7^ 1^ 9 4 + "
"(.0000000038,0)1^ 8^ 4 5 + "
"(-.0000000038,0)8^ 1^ 4 5 + "
"(-.0000000038,0)1^ 8^ 5 4 + "
"(.0000000038,0)8^ 1^ 5 4 + "
"(.0000000047,0)1^ 3^ 4 0 + "
"(.0000000047,0)6^ 8^ 9 5 + "
"(.0000013679,0)1^ 8^ 4 6 + "
"(-.0000013679,0)8^ 1^ 4 6 + "
"(-.0000013679,0)1^ 8^ 6 4 + "
"(.0000013679,0)8^ 1^ 6 4 + "
"(.0000060248,0)1^ 3^ 4 1 + "
"(.0000060248,0)6^ 8^ 9 6 + "
"(.0000004162,0)1^ 8^ 4 8 + "
"(-.0000004162,0)8^ 1^ 4 8 + "
"(-.0000004162,0)1^ 8^ 8 4 + "
"(.0000004162,0)8^ 1^ 8 4 + "
"(.0000003695,0)1^ 3^ 4 3 + "
"(.0000003695,0)6^ 8^ 9 8 + "
"(.0000000053,0)1^ 8^ 4 9 + "
"(-.0000000053,0)8^ 1^ 4 9 + "
"(-.0000000053,0)1^ 8^ 9 4 + "
"(.0000000053,0)8^ 1^ 9 4 + "
"(-.0000002459,0)1^ 9^ 4 5 + "
"(.0000002459,0)9^ 1^ 4 5 + "
"(.0000002459,0)1^ 9^ 5 4 + "
"(-.0000002459,0)9^ 1^ 5 4 + "
"(-.0000002034,0)1^ 4^ 4 0 + "
"(-.0000002034,0)6^ 9^ 9 5 + "
"(-.0087954984,0)1^ 9^ 4 6 + "
"(.0087954984,0)9^ 1^ 4 6 + "
"(.0087954984,0)1^ 9^ 6 4 + "
"(-.0087954984,0)9^ 1^ 6 4 + "
"(.0971252221,0)1^ 4^ 4 1 + "
"(.0971252221,0)6^ 9^ 9 6 + "
"(.0000000003,0)1^ 9^ 4 7 + "
"(-.0000000003,0)9^ 1^ 4 7 + "
"(-.0000000003,0)1^ 9^ 7 4 + "
"(.0000000003,0)9^ 1^ 7 4 + "
"(-.0000000060,0)1^ 4^ 4 2 + "
"(-.0000000060,0)6^ 9^ 9 7 + "
"(.0000000053,0)1^ 9^ 4 8 + "
"(-.0000000053,0)9^ 1^ 4 8 + "
"(-.0000000053,0)1^ 9^ 8 4 + "
"(.0000000053,0)9^ 1^ 8 4 + "
"(-.0000000330,0)1^ 4^ 4 3 + "
"(-.0000000330,0)6^ 9^ 9 8 + "
"(.0000006056,0)1^ 9^ 4 9 + "
"(-.0000006056,0)9^ 1^ 4 9 + "
"(-.0000006056,0)1^ 9^ 9 4 + "
"(.0000006056,0)9^ 1^ 9 4 + "
"(-.0001236252,0)2^ 0 + "
"(-.0001236252,0)7^ 5 + "
"(-.0000309056,0)2^ 5^ 0 5 + "
"(.0000309056,0)5^ 2^ 0 5 + "
"(.0000309056,0)2^ 5^ 5 0 + "
"(-.0000309056,0)5^ 2^ 5 0 + "
"(.0000000131,0)2^ 5^ 0 6 + "
"(-.0000000131,0)5^ 2^ 0 6 + "
"(-.0000000131,0)2^ 5^ 6 0 + "
"(.0000000131,0)5^ 2^ 6 0 + "
"(-.0000000058,0)2^ 0^ 0 1 + "
"(-.0000000058,0)7^ 5^ 5 6 + "
"(-.0189728260,0)2^ 5^ 0 7 + "
"(.0189728260,0)5^ 2^ 0 7 + "
"(.0189728260,0)2^ 5^ 7 0 + "
"(-.0189728260,0)5^ 2^ 7 0 + "
"(.0913817798,0)2^ 0^ 0 2 + "
"(.0913817798,0)7^ 5^ 5 7 + "
"(.0000000015,0)2^ 5^ 0 8 + "
"(-.0000000015,0)5^ 2^ 0 8 + "
"(-.0000000015,0)2^ 5^ 8 0 + "
"(.0000000015,0)5^ 2^ 8 0 + "
"(-.0000000141,0)2^ 0^ 0 3 + "
"(-.0000000141,0)7^ 5^ 5 8 + "
"(.0000014661,0)2^ 5^ 0 9 + "
"(-.0000014661,0)5^ 2^ 0 9 + "
"(-.0000014661,0)2^ 5^ 9 0 + "
"(.0000014661,0)5^ 2^ 9 0 + "
"(.0000069566,0)2^ 0^ 0 4 + "
"(.0000069566,0)7^ 5^ 5 9 + "
"(.0000000131,0)2^ 6^ 0 5 + "
"(-.0000000131,0)6^ 2^ 0 5 + "
"(-.0000000131,0)2^ 6^ 5 0 + "
"(.0000000131,0)6^ 2^ 5 0 + "
"(-.0000313396,0)2^ 6^ 0 6 + "
"(.0000313396,0)6^ 2^ 0 6 + "
"(.0000313396,0)2^ 6^ 6 0 + "
"(-.0000313396,0)6^ 2^ 6 0 + "
"(-.0000149097,0)2^ 1^ 0 1 + "
"(-.0000149097,0)7^ 6^ 5 6 + "
"(.0000000490,0)2^ 6^ 0 7 + "
"(-.0000000490,0)6^ 2^ 0 7 + "
"(-.0000000490,0)2^ 6^ 7 0 + "
"(.0000000490,0)6^ 2^ 7 0 + "
"(-.0000002393,0)2^ 1^ 0 2 + "
"(-.0000002393,0)7^ 6^ 5 7 + "
"(.0000000003,0)2^ 6^ 0 8 + "
"(-.0000000003,0)6^ 2^ 0 8 + "
"(-.0000000003,0)2^ 6^ 8 0 + "
"(.0000000003,0)6^ 2^ 8 0 + "
"(-.0000000365,0)2^ 6^ 0 9 + "
"(.0000000365,0)6^ 2^ 0 9 + "
"(.0000000365,0)2^ 6^ 9 0 + "
"(-.0000000365,0)6^ 2^ 9 0 + "
"(.0000000292,0)2^ 1^ 0 4 + "
"(.0000000292,0)7^ 6^ 5 9 + "
"(-.0189728260,0)2^ 7^ 0 5 + "
"(.0189728260,0)7^ 2^ 0 5 + "
"(.0189728260,0)2^ 7^ 5 0 + "
"(-.0189728260,0)7^ 2^ 5 0 + "
"(.0000000490,0)2^ 7^ 0 6 + "
"(-.0000000490,0)7^ 2^ 0 6 + "
"(-.0000000490,0)2^ 7^ 6 0 + "
"(.0000000490,0)7^ 2^ 6 0 + "
"(-.0000212023,0)2^ 7^ 0 7 + "
"(.0000212023,0)7^ 2^ 0 7 + "
"(.0000212023,0)2^ 7^ 7 0 + "
"(-.0000212023,0)7^ 2^ 7 0 + "
"(.0000021695,0)2^ 7^ 0 8 + "
"(-.0000021695,0)7^ 2^ 0 8 + "
"(-.0000021695,0)2^ 7^ 8 0 + "
"(.0000021695,0)7^ 2^ 8 0 + "
"(.0021187387,0)2^ 7^ 0 9 + "
"(-.0021187387,0)7^ 2^ 0 9 + "
"(-.0021187387,0)2^ 7^ 9 0 + "
"(.0021187387,0)7^ 2^ 9 0 + "
"(.0000000015,0)2^ 8^ 0 5 + "
"(-.0000000015,0)8^ 2^ 0 5 + "
"(-.0000000015,0)2^ 8^ 5 0 + "
"(.0000000015,0)8^ 2^ 5 0 + "
"(.0000000003,0)2^ 8^ 0 6 + "
"(-.0000000003,0)8^ 2^ 0 6 + "
"(-.0000000003,0)2^ 8^ 6 0 + "
"(.0000000003,0)8^ 2^ 6 0 + "
"(.0000021695,0)2^ 8^ 0 7 + "
"(-.0000021695,0)8^ 2^ 0 7 + "
"(-.0000021695,0)2^ 8^ 7 0 + "
"(.0000021695,0)8^ 2^ 7 0 + "
"(.0000278865,0)2^ 3^ 0 2 + "
"(.0000278865,0)7^ 8^ 5 7 + "
"(-.0000224297,0)2^ 8^ 0 8 + "
"(.0000224297,0)8^ 2^ 0 8 + "
"(.0000224297,0)2^ 8^ 8 0 + "
"(-.0000224297,0)8^ 2^ 8 0 + "
"(-.0000242380,0)2^ 3^ 0 3 + "
"(-.0000242380,0)7^ 8^ 5 8 + "
"(.0000000033,0)2^ 8^ 0 9 + "
"(-.0000000033,0)8^ 2^ 0 9 + "
"(-.0000000033,0)2^ 8^ 9 0 + "
"(.0000000033,0)8^ 2^ 9 0 + "
"(-.0000000004,0)2^ 3^ 0 4 + "
"(-.0000000004,0)7^ 8^ 5 9 + "
"(.0000014661,0)2^ 9^ 0 5 + "
"(-.0000014661,0)9^ 2^ 0 5 + "
"(-.0000014661,0)2^ 9^ 5 0 + "
"(.0000014661,0)9^ 2^ 5 0 + "
"(-.0000000365,0)2^ 9^ 0 6 + "
"(.0000000365,0)9^ 2^ 0 6 + "
"(.0000000365,0)2^ 9^ 6 0 + "
"(-.0000000365,0)9^ 2^ 6 0 + "
"(-.0000000089,0)2^ 4^ 0 1 + "
"(-.0000000089,0)7^ 9^ 5 6 + "
"(.0021187387,0)2^ 9^ 0 7 + "
"(-.0021187387,0)9^ 2^ 0 7 + "
"(-.0021187387,0)2^ 9^ 7 0 + "
"(.0021187387,0)9^ 2^ 7 0 + "
"(-.0203020780,0)2^ 4^ 0 2 + "
"(-.0203020780,0)7^ 9^ 5 7 + "
"(.0000000033,0)2^ 9^ 0 8 + "
"(-.0000000033,0)9^ 2^ 0 8 + "
"(-.0000000033,0)2^ 9^ 8 0 + "
"(.0000000033,0)9^ 2^ 8 0 + "
"(.0000000005,0)2^ 4^ 0 3 + "
"(.0000000005,0)7^ 9^ 5 8 + "
"(-.0000250473,0)2^ 9^ 0 9 + "
"(.0000250473,0)9^ 2^ 0 9 + "
"(.0000250473,0)2^ 9^ 9 0 + "
"(-.0000250473,0)9^ 2^ 9 0 + "
"(-.0000234535,0)2^ 4^ 0 4 + "
"(-.0000234535,0)7^ 9^ 5 9 + "
"(.0000000857,0)2^ 1 + "
"(.0000000857,0)7^ 6 + "
"(.0000000189,0)2^ 5^ 1 5 + "
"(-.0000000189,0)5^ 2^ 1 5 + "
"(-.0000000189,0)2^ 5^ 5 1 + "
"(.0000000189,0)5^ 2^ 5 1 + "
"(.0000000058,0)2^ 0^ 1 0 + "
"(.0000000058,0)7^ 5^ 6 5 + "
"(-.0000164300,0)2^ 5^ 1 6 + "
"(.0000164300,0)5^ 2^ 1 6 + "
"(.0000164300,0)2^ 5^ 6 1 + "
"(-.0000164300,0)5^ 2^ 6 1 + "
"(.0000000490,0)2^ 5^ 1 7 + "
"(-.0000000490,0)5^ 2^ 1 7 + "
"(-.0000000490,0)2^ 5^ 7 1 + "
"(.0000000490,0)5^ 2^ 7 1 + "
"(-.0000002393,0)2^ 0^ 1 2 + "
"(-.0000002393,0)7^ 5^ 6 7 + "
"(.0000000003,0)2^ 5^ 1 8 + "
"(-.0000000003,0)5^ 2^ 1 8 + "
"(-.0000000003,0)2^ 5^ 8 1 + "
"(.0000000003,0)5^ 2^ 8 1 + "
"(-.0000000277,0)2^ 5^ 1 9 + "
"(.0000000277,0)5^ 2^ 1 9 + "
"(.0000000277,0)2^ 5^ 9 1 + "
"(-.0000000277,0)5^ 2^ 9 1 + "
"(.0000000381,0)2^ 0^ 1 4 + "
"(.0000000381,0)7^ 5^ 6 9 + "
"(-.0000164300,0)2^ 6^ 1 5 + "
"(.0000164300,0)6^ 2^ 1 5 + "
"(.0000164300,0)2^ 6^ 5 1 + "
"(-.0000164300,0)6^ 2^ 5 1 + "
"(.0000149097,0)2^ 1^ 1 0 + "
"(.0000149097,0)7^ 6^ 6 5 + "
"(.0000000200,0)2^ 6^ 1 6 + "
"(-.0000000200,0)6^ 2^ 1 6 + "
"(-.0000000200,0)2^ 6^ 6 1 + "
"(.0000000200,0)6^ 2^ 6 1 + "
"(-.0081974266,0)2^ 6^ 1 7 + "
"(.0081974266,0)6^ 2^ 1 7 + "
"(.0081974266,0)2^ 6^ 7 1 + "
"(-.0081974266,0)6^ 2^ 7 1 + "
"(.0990617522,0)2^ 1^ 1 2 + "
"(.0990617522,0)7^ 6^ 6 7 + "
"(-.0000000062,0)2^ 6^ 1 8 + "
"(.0000000062,0)6^ 2^ 1 8 + "
"(.0000000062,0)2^ 6^ 8 1 + "
"(-.0000000062,0)6^ 2^ 8 1 + "
"(-.0000000164,0)2^ 1^ 1 3 + "
"(-.0000000164,0)7^ 6^ 6 8 + "
"(.0000011771,0)2^ 6^ 1 9 + "
"(-.0000011771,0)6^ 2^ 1 9 + "
"(-.0000011771,0)2^ 6^ 9 1 + "
"(.0000011771,0)6^ 2^ 9 1 + "
"(.0000051928,0)2^ 1^ 1 4 + "
"(.0000051928,0)7^ 6^ 6 9 + "
"(.0000000490,0)2^ 7^ 1 5 + "
"(-.0000000490,0)7^ 2^ 1 5 + "
"(-.0000000490,0)2^ 7^ 5 1 + "
"(.0000000490,0)7^ 2^ 5 1 + "
"(-.0081974266,0)2^ 7^ 1 6 + "
"(.0081974266,0)7^ 2^ 1 6 + "
"(.0081974266,0)2^ 7^ 6 1 + "
"(-.0081974266,0)7^ 2^ 6 1 + "
"(.0000000149,0)2^ 7^ 1 7 + "
"(-.0000000149,0)7^ 2^ 1 7 + "
"(-.0000000149,0)2^ 7^ 7 1 + "
"(.0000000149,0)7^ 2^ 7 1 + "
"(.0000000026,0)2^ 7^ 1 8 + "
"(-.0000000026,0)7^ 2^ 1 8 + "
"(-.0000000026,0)2^ 7^ 8 1 + "
"(.0000000026,0)7^ 2^ 8 1 + "
"(.0000000466,0)2^ 7^ 1 9 + "
"(-.0000000466,0)7^ 2^ 1 9 + "
"(-.0000000466,0)2^ 7^ 9 1 + "
"(.0000000466,0)7^ 2^ 9 1 + "
"(.0000000003,0)2^ 8^ 1 5 + "
"(-.0000000003,0)8^ 2^ 1 5 + "
"(-.0000000003,0)2^ 8^ 5 1 + "
"(.0000000003,0)8^ 2^ 5 1 + "
"(-.0000000062,0)2^ 8^ 1 6 + "
"(.0000000062,0)8^ 2^ 1 6 + "
"(.0000000062,0)2^ 8^ 6 1 + "
"(-.0000000062,0)8^ 2^ 6 1 + "
"(.0000000026,0)2^ 8^ 1 7 + "
"(-.0000000026,0)8^ 2^ 1 7 + "
"(-.0000000026,0)2^ 8^ 7 1 + "
"(.0000000026,0)8^ 2^ 7 1 + "
"(-.0000000271,0)2^ 3^ 1 2 + "
"(-.0000000271,0)7^ 8^ 6 7 + "
"(.0000000127,0)2^ 8^ 1 8 + "
"(-.0000000127,0)8^ 2^ 1 8 + "
"(-.0000000127,0)2^ 8^ 8 1 + "
"(.0000000127,0)8^ 2^ 8 1 + "
"(.0000000116,0)2^ 3^ 1 3 + "
"(.0000000116,0)7^ 8^ 6 8 + "
"(-.0000000277,0)2^ 9^ 1 5 + "
"(.0000000277,0)9^ 2^ 1 5 + "
"(.0000000277,0)2^ 9^ 5 1 + "
"(-.0000000277,0)9^ 2^ 5 1 + "
"(.0000000089,0)2^ 4^ 1 0 + "
"(.0000000089,0)7^ 9^ 6 5 + "
"(.0000011771,0)2^ 9^ 1 6 + "
"(-.0000011771,0)9^ 2^ 1 6 + "
"(-.0000011771,0)2^ 9^ 6 1 + "
"(.0000011771,0)9^ 2^ 6 1 + "
"(.0000000466,0)2^ 9^ 1 7 + "
"(-.0000000466,0)9^ 2^ 1 7 + "
"(-.0000000466,0)2^ 9^ 7 1 + "
"(.0000000466,0)9^ 2^ 7 1 + "
"(-.0000003696,0)2^ 4^ 1 2 + "
"(-.0000003696,0)7^ 9^ 6 7 + "
"(.0000000063,0)2^ 9^ 1 9 + "
"(-.0000000063,0)9^ 2^ 1 9 + "
"(-.0000000063,0)2^ 9^ 9 1 + "
"(.0000000063,0)9^ 2^ 9 1 + "
"(.0000000060,0)2^ 4^ 1 4 + "
"(.0000000060,0)7^ 9^ 6 9 + "
"(-.2383132993,0)2^ 2 + "
"(-.2383132993,0)7^ 7 + "
"(-.1103546058,0)2^ 5^ 2 5 + "
"(.1103546058,0)5^ 2^ 2 5 + "
"(.1103546058,0)2^ 5^ 5 2 + "
"(-.1103546058,0)5^ 2^ 5 2 + "
"(-.0913817798,0)2^ 0^ 2 0 + "
"(-.0913817798,0)7^ 5^ 7 5 + "
"(.0000002883,0)2^ 5^ 2 6 + "
"(-.0000002883,0)5^ 2^ 2 6 + "
"(-.0000002883,0)2^ 5^ 6 2 + "
"(.0000002883,0)5^ 2^ 6 2 + "
"(.0000002393,0)2^ 0^ 2 1 + "
"(.0000002393,0)7^ 5^ 7 6 + "
"(-.0000212023,0)2^ 5^ 2 7 + "
"(.0000212023,0)5^ 2^ 2 7 + "
"(.0000212023,0)2^ 5^ 7 2 + "
"(-.0000212023,0)5^ 2^ 7 2 + "
"(-.0000257171,0)2^ 5^ 2 8 + "
"(.0000257171,0)5^ 2^ 2 8 + "
"(.0000257171,0)2^ 5^ 8 2 + "
"(-.0000257171,0)5^ 2^ 8 2 + "
"(-.0000278865,0)2^ 0^ 2 3 + "
"(-.0000278865,0)7^ 5^ 7 8 + "
"(.0224208167,0)2^ 5^ 2 9 + "
"(-.0224208167,0)5^ 2^ 2 9 + "
"(-.0224208167,0)2^ 5^ 9 2 + "
"(.0224208167,0)5^ 2^ 9 2 + "
"(.0203020780,0)2^ 0^ 2 4 + "
"(.0203020780,0)7^ 5^ 7 9 + "
"(.0000002883,0)2^ 6^ 2 5 + "
"(-.0000002883,0)6^ 2^ 2 5 + "
"(-.0000002883,0)2^ 6^ 5 2 + "
"(.0000002883,0)6^ 2^ 5 2 + "
"(.0000002393,0)2^ 1^ 2 0 + "
"(.0000002393,0)7^ 6^ 7 5 + "
"(-.1072591788,0)2^ 6^ 2 6 + "
"(.1072591788,0)6^ 2^ 2 6 + "
"(.1072591788,0)2^ 6^ 6 2 + "
"(-.1072591788,0)6^ 2^ 6 2 + "
"(-.0990617522,0)2^ 1^ 2 1 + "
"(-.0990617522,0)7^ 6^ 7 6 + "
"(.0000000149,0)2^ 6^ 2 7 + "
"(-.0000000149,0)6^ 2^ 2 7 + "
"(-.0000000149,0)2^ 6^ 7 2 + "
"(.0000000149,0)6^ 2^ 7 2 + "
"(.0000000297,0)2^ 6^ 2 8 + "
"(-.0000000297,0)6^ 2^ 2 8 + "
"(-.0000000297,0)2^ 6^ 8 2 + "
"(.0000000297,0)6^ 2^ 8 2 + "
"(.0000000271,0)2^ 1^ 2 3 + "
"(.0000000271,0)7^ 6^ 7 8 + "
"(.0000004161,0)2^ 6^ 2 9 + "
"(-.0000004161,0)6^ 2^ 2 9 + "
"(-.0000004161,0)2^ 6^ 9 2 + "
"(.0000004161,0)6^ 2^ 9 2 + "
"(.0000003696,0)2^ 1^ 2 4 + "
"(.0000003696,0)7^ 6^ 7 9 + "
"(-.0000212023,0)2^ 7^ 2 5 + "
"(.0000212023,0)7^ 2^ 2 5 + "
"(.0000212023,0)2^ 7^ 5 2 + "
"(-.0000212023,0)7^ 2^ 5 2 + "
"(.0000000149,0)2^ 7^ 2 6 + "
"(-.0000000149,0)7^ 2^ 2 6 + "
"(-.0000000149,0)2^ 7^ 6 2 + "
"(.0000000149,0)7^ 2^ 6 2 + "
"(-.1141333492,0)2^ 7^ 2 7 + "
"(.1141333492,0)7^ 2^ 2 7 + "
"(.1141333492,0)2^ 7^ 7 2 + "
"(-.1141333492,0)7^ 2^ 7 2 + "
"(-.0000001678,0)2^ 7^ 2 8 + "
"(.0000001678,0)7^ 2^ 2 8 + "
"(.0000001678,0)2^ 7^ 8 2 + "
"(-.0000001678,0)7^ 2^ 8 2 + "
"(-.0000087743,0)2^ 7^ 2 9 + "
"(.0000087743,0)7^ 2^ 2 9 + "
"(.0000087743,0)2^ 7^ 9 2 + "
"(-.0000087743,0)7^ 2^ 9 2 + "
"(-.0000257171,0)2^ 8^ 2 5 + "
"(.0000257171,0)8^ 2^ 2 5 + "
"(.0000257171,0)2^ 8^ 5 2 + "
"(-.0000257171,0)8^ 2^ 5 2 + "
"(-.0000278865,0)2^ 3^ 2 0 + "
"(-.0000278865,0)7^ 8^ 7 5 + "
"(.0000000297,0)2^ 8^ 2 6 + "
"(-.0000000297,0)8^ 2^ 2 6 + "
"(-.0000000297,0)2^ 8^ 6 2 + "
"(.0000000297,0)8^ 2^ 6 2 + "
"(.0000000271,0)2^ 3^ 2 1 + "
"(.0000000271,0)7^ 8^ 7 6 + "
"(-.0000001678,0)2^ 8^ 2 7 + "
"(.0000001678,0)8^ 2^ 2 7 + "
"(.0000001678,0)2^ 8^ 7 2 + "
"(-.0000001678,0)8^ 2^ 7 2 + "
"(-.1036226862,0)2^ 8^ 2 8 + "
"(.1036226862,0)8^ 2^ 2 8 + "
"(.1036226862,0)2^ 8^ 8 2 + "
"(-.1036226862,0)8^ 2^ 8 2 + "
"(-.0979879598,0)2^ 3^ 2 3 + "
"(-.0979879598,0)7^ 8^ 7 8 + "
"(-.0000072610,0)2^ 8^ 2 9 + "
"(.0000072610,0)8^ 2^ 2 9 + "
"(.0000072610,0)2^ 8^ 9 2 + "
"(-.0000072610,0)8^ 2^ 9 2 + "
"(-.0000057918,0)2^ 3^ 2 4 + "
"(-.0000057918,0)7^ 8^ 7 9 + "
"(.0224208167,0)2^ 9^ 2 5 + "
"(-.0224208167,0)9^ 2^ 2 5 + "
"(-.0224208167,0)2^ 9^ 5 2 + "
"(.0224208167,0)9^ 2^ 5 2 + "
"(.0203020780,0)2^ 4^ 2 0 + "
"(.0203020780,0)7^ 9^ 7 5 + "
"(.0000004161,0)2^ 9^ 2 6 + "
"(-.0000004161,0)9^ 2^ 2 6 + "
"(-.0000004161,0)2^ 9^ 6 2 + "
"(.0000004161,0)9^ 2^ 6 2 + "
"(.0000003696,0)2^ 4^ 2 1 + "
"(.0000003696,0)7^ 9^ 7 6 + "
"(-.0000087743,0)2^ 9^ 2 7 + "
"(.0000087743,0)9^ 2^ 2 7 + "
"(.0000087743,0)2^ 9^ 7 2 + "
"(-.0000087743,0)9^ 2^ 7 2 + "
"(-.0000072610,0)2^ 9^ 2 8 + "
"(.0000072610,0)9^ 2^ 2 8 + "
"(.0000072610,0)2^ 9^ 8 2 + "
"(-.0000072610,0)9^ 2^ 8 2 + "
"(-.0000057918,0)2^ 4^ 2 3 + "
"(-.0000057918,0)7^ 9^ 7 8 + "
"(-.1001618617,0)2^ 9^ 2 9 + "
"(.1001618617,0)9^ 2^ 2 9 + "
"(.1001618617,0)2^ 9^ 9 2 + "
"(-.1001618617,0)9^ 2^ 9 2 + "
"(-.0953852614,0)2^ 4^ 2 4 + "
"(-.0953852614,0)7^ 9^ 7 9 + "
"(.0000001108,0)2^ 3 + "
"(.0000001108,0)7^ 8 + "
"(.0000000156,0)2^ 5^ 3 5 + "
"(-.0000000156,0)5^ 2^ 3 5 + "
"(-.0000000156,0)2^ 5^ 5 3 + "
"(.0000000156,0)5^ 2^ 5 3 + "
"(.0000000141,0)2^ 0^ 3 0 + "
"(.0000000141,0)7^ 5^ 8 5 + "
"(.0000000004,0)2^ 5^ 3 6 + "
"(-.0000000004,0)5^ 2^ 3 6 + "
"(-.0000000004,0)2^ 5^ 6 3 + "
"(.0000000004,0)5^ 2^ 6 3 + "
"(.0000021695,0)2^ 5^ 3 7 + "
"(-.0000021695,0)5^ 2^ 3 7 + "
"(-.0000021695,0)2^ 5^ 7 3 + "
"(.0000021695,0)5^ 2^ 7 3 + "
"(.0000278865,0)2^ 0^ 3 2 + "
"(.0000278865,0)7^ 5^ 8 7 + "
"(.0000018083,0)2^ 5^ 3 8 + "
"(-.0000018083,0)5^ 2^ 3 8 + "
"(-.0000018083,0)2^ 5^ 8 3 + "
"(.0000018083,0)5^ 2^ 8 3 + "
"(.0000000028,0)2^ 5^ 3 9 + "
"(-.0000000028,0)5^ 2^ 3 9 + "
"(-.0000000028,0)2^ 5^ 9 3 + "
"(.0000000028,0)5^ 2^ 9 3 + "
"(-.0000000009,0)2^ 0^ 3 4 + "
"(-.0000000009,0)7^ 5^ 8 9 + "
"(.0000000004,0)2^ 6^ 3 5 + "
"(-.0000000004,0)6^ 2^ 3 5 + "
"(-.0000000004,0)2^ 6^ 5 3 + "
"(.0000000004,0)6^ 2^ 5 3 + "
"(.0000000102,0)2^ 6^ 3 6 + "
"(-.0000000102,0)6^ 2^ 3 6 + "
"(-.0000000102,0)2^ 6^ 6 3 + "
"(.0000000102,0)6^ 2^ 6 3 + "
"(.0000000164,0)2^ 1^ 3 1 + "
"(.0000000164,0)7^ 6^ 8 6 + "
"(.0000000026,0)2^ 6^ 3 7 + "
"(-.0000000026,0)6^ 2^ 3 7 + "
"(-.0000000026,0)2^ 6^ 7 3 + "
"(.0000000026,0)6^ 2^ 7 3 + "
"(-.0000000271,0)2^ 1^ 3 2 + "
"(-.0000000271,0)7^ 6^ 8 7 + "
"(.0000000011,0)2^ 6^ 3 8 + "
"(-.0000000011,0)6^ 2^ 3 8 + "
"(-.0000000011,0)2^ 6^ 8 3 + "
"(.0000000011,0)6^ 2^ 8 3 + "
"(.0000021695,0)2^ 7^ 3 5 + "
"(-.0000021695,0)7^ 2^ 3 5 + "
"(-.0000021695,0)2^ 7^ 5 3 + "
"(.0000021695,0)7^ 2^ 5 3 + "
"(.0000000026,0)2^ 7^ 3 6 + "
"(-.0000000026,0)7^ 2^ 3 6 + "
"(-.0000000026,0)2^ 7^ 6 3 + "
"(.0000000026,0)7^ 2^ 6 3 + "
"(-.0000001678,0)2^ 7^ 3 7 + "
"(.0000001678,0)7^ 2^ 3 7 + "
"(.0000001678,0)2^ 7^ 7 3 + "
"(-.0000001678,0)7^ 2^ 7 3 + "
"(-.0056347264,0)2^ 7^ 3 8 + "
"(.0056347264,0)7^ 2^ 3 8 + "
"(.0056347264,0)2^ 7^ 8 3 + "
"(-.0056347264,0)7^ 2^ 8 3 + "
"(-.0000014692,0)2^ 7^ 3 9 + "
"(.0000014692,0)7^ 2^ 3 9 + "
"(.0000014692,0)2^ 7^ 9 3 + "
"(-.0000014692,0)7^ 2^ 9 3 + "
"(.0000018083,0)2^ 8^ 3 5 + "
"(-.0000018083,0)8^ 2^ 3 5 + "
"(-.0000018083,0)2^ 8^ 5 3 + "
"(.0000018083,0)8^ 2^ 5 3 + "
"(.0000242380,0)2^ 3^ 3 0 + "
"(.0000242380,0)7^ 8^ 8 5 + "
"(.0000000011,0)2^ 8^ 3 6 + "
"(-.0000000011,0)8^ 2^ 3 6 + "
"(-.0000000011,0)2^ 8^ 6 3 + "
"(.0000000011,0)8^ 2^ 6 3 + "
"(-.0000000116,0)2^ 3^ 3 1 + "
"(-.0000000116,0)7^ 8^ 8 6 + "
"(-.0056347264,0)2^ 8^ 3 7 + "
"(.0056347264,0)8^ 2^ 3 7 + "
"(.0056347264,0)2^ 8^ 7 3 + "
"(-.0056347264,0)8^ 2^ 7 3 + "
"(.0979879598,0)2^ 3^ 3 2 + "
"(.0979879598,0)7^ 8^ 8 7 + "
"(.0000001422,0)2^ 8^ 3 8 + "
"(-.0000001422,0)8^ 2^ 3 8 + "
"(-.0000001422,0)2^ 8^ 8 3 + "
"(.0000001422,0)8^ 2^ 8 3 + "
"(-.0000012727,0)2^ 8^ 3 9 + "
"(.0000012727,0)8^ 2^ 3 9 + "
"(.0000012727,0)2^ 8^ 9 3 + "
"(-.0000012727,0)8^ 2^ 9 3 + "
"(.0000050154,0)2^ 3^ 3 4 + "
"(.0000050154,0)7^ 8^ 8 9 + "
"(.0000000028,0)2^ 9^ 3 5 + "
"(-.0000000028,0)9^ 2^ 3 5 + "
"(-.0000000028,0)2^ 9^ 5 3 + "
"(.0000000028,0)9^ 2^ 5 3 + "
"(-.0000000005,0)2^ 4^ 3 0 + "
"(-.0000000005,0)7^ 9^ 8 5 + "
"(-.0000014692,0)2^ 9^ 3 7 + "
"(.0000014692,0)9^ 2^ 3 7 + "
"(.0000014692,0)2^ 9^ 7 3 + "
"(-.0000014692,0)9^ 2^ 7 3 + "
"(.0000057918,0)2^ 4^ 3 2 + "
"(.0000057918,0)7^ 9^ 8 7 + "
"(-.0000012727,0)2^ 9^ 3 8 + "
"(.0000012727,0)9^ 2^ 3 8 + "
"(.0000012727,0)2^ 9^ 8 3 + "
"(-.0000012727,0)9^ 2^ 8 3 + "
"(.0000000149,0)2^ 9^ 3 9 + "
"(-.0000000149,0)9^ 2^ 3 9 + "
"(-.0000000149,0)2^ 9^ 9 3 + "
"(.0000000149,0)9^ 2^ 9 3 + "
"(.0000000140,0)2^ 4^ 3 4 + "
"(.0000000140,0)7^ 9^ 8 9 + "
"(-.0000568838,0)2^ 4 + "
"(-.0000568838,0)7^ 9 + "
"(-.0000054905,0)2^ 5^ 4 5 + "
"(.0000054905,0)5^ 2^ 4 5 + "
"(.0000054905,0)2^ 5^ 5 4 + "
"(-.0000054905,0)5^ 2^ 5 4 + "
"(-.0000069566,0)2^ 0^ 4 0 + "
"(-.0000069566,0)7^ 5^ 9 5 + "
"(-.0000000658,0)2^ 5^ 4 6 + "
"(.0000000658,0)5^ 2^ 4 6 + "
"(.0000000658,0)2^ 5^ 6 4 + "
"(-.0000000658,0)5^ 2^ 6 4 + "
"(-.0000000381,0)2^ 0^ 4 1 + "
"(-.0000000381,0)7^ 5^ 9 6 + "
"(.0021187387,0)2^ 5^ 4 7 + "
"(-.0021187387,0)5^ 2^ 4 7 + "
"(-.0021187387,0)2^ 5^ 7 4 + "
"(.0021187387,0)5^ 2^ 7 4 + "
"(-.0203020780,0)2^ 0^ 4 2 + "
"(-.0203020780,0)7^ 5^ 9 7 + "
"(.0000000037,0)2^ 5^ 4 8 + "
"(-.0000000037,0)5^ 2^ 4 8 + "
"(-.0000000037,0)2^ 5^ 8 4 + "
"(.0000000037,0)5^ 2^ 8 4 + "
"(.0000000009,0)2^ 0^ 4 3 + "
"(.0000000009,0)7^ 5^ 9 8 + "
"(-.0000015938,0)2^ 5^ 4 9 + "
"(.0000015938,0)5^ 2^ 4 9 + "
"(.0000015938,0)2^ 5^ 9 4 + "
"(-.0000015938,0)5^ 2^ 9 4 + "
"(-.0000000658,0)2^ 6^ 4 5 + "
"(.0000000658,0)6^ 2^ 4 5 + "
"(.0000000658,0)2^ 6^ 5 4 + "
"(-.0000000658,0)6^ 2^ 5 4 + "
"(-.0000000292,0)2^ 1^ 4 0 + "
"(-.0000000292,0)7^ 6^ 9 5 + "
"(-.0000040158,0)2^ 6^ 4 6 + "
"(.0000040158,0)6^ 2^ 4 6 + "
"(.0000040158,0)2^ 6^ 6 4 + "
"(-.0000040158,0)6^ 2^ 6 4 + "
"(-.0000051928,0)2^ 1^ 4 1 + "
"(-.0000051928,0)7^ 6^ 9 6 + "
"(.0000000466,0)2^ 6^ 4 7 + "
"(-.0000000466,0)6^ 2^ 4 7 + "
"(-.0000000466,0)2^ 6^ 7 4 + "
"(.0000000466,0)6^ 2^ 7 4 + "
"(-.0000003696,0)2^ 1^ 4 2 + "
"(-.0000003696,0)7^ 6^ 9 7 + "
"(.0000000003,0)2^ 6^ 4 9 + "
"(-.0000000003,0)6^ 2^ 4 9 + "
"(-.0000000003,0)2^ 6^ 9 4 + "
"(.0000000003,0)6^ 2^ 9 4 + "
"(.0021187387,0)2^ 7^ 4 5 + "
"(-.0021187387,0)7^ 2^ 4 5 + "
"(-.0021187387,0)2^ 7^ 5 4 + "
"(.0021187387,0)7^ 2^ 5 4 + "
"(.0000000466,0)2^ 7^ 4 6 + "
"(-.0000000466,0)7^ 2^ 4 6 + "
"(-.0000000466,0)2^ 7^ 6 4 + "
"(.0000000466,0)7^ 2^ 6 4 + "
"(-.0000087743,0)2^ 7^ 4 7 + "
"(.0000087743,0)7^ 2^ 4 7 + "
"(.0000087743,0)2^ 7^ 7 4 + "
"(-.0000087743,0)7^ 2^ 7 4 + "
"(-.0000014692,0)2^ 7^ 4 8 + "
"(.0000014692,0)7^ 2^ 4 8 + "
"(.0000014692,0)2^ 7^ 8 4 + "
"(-.0000014692,0)7^ 2^ 8 4 + "
"(-.0047766003,0)2^ 7^ 4 9 + "
"(.0047766003,0)7^ 2^ 4 9 + "
"(.0047766003,0)2^ 7^ 9 4 + "
"(-.0047766003,0)7^ 2^ 9 4 + "
"(.0000000037,0)2^ 8^ 4 5 + "
"(-.0000000037,0)8^ 2^ 4 5 + "
"(-.0000000037,0)2^ 8^ 5 4 + "
"(.0000000037,0)8^ 2^ 5 4 + "
"(.0000000004,0)2^ 3^ 4 0 + "
"(.0000000004,0)7^ 8^ 9 5 + "
"(-.0000014692,0)2^ 8^ 4 7 + "
"(.0000014692,0)8^ 2^ 4 7 + "
"(.0000014692,0)2^ 8^ 7 4 + "
"(-.0000014692,0)8^ 2^ 7 4 + "
"(.0000057918,0)2^ 3^ 4 2 + "
"(.0000057918,0)7^ 8^ 9 7 + "
"(-.0000062881,0)2^ 8^ 4 8 + "
"(.0000062881,0)8^ 2^ 4 8 + "
"(.0000062881,0)2^ 8^ 8 4 + "
"(-.0000062881,0)8^ 2^ 8 4 + "
"(-.0000050154,0)2^ 3^ 4 3 + "
"(-.0000050154,0)7^ 8^ 9 8 + "
"(.0000000009,0)2^ 8^ 4 9 + "
"(-.0000000009,0)8^ 2^ 4 9 + "
"(-.0000000009,0)2^ 8^ 9 4 + "
"(.0000000009,0)8^ 2^ 9 4 + "
"(-.0000015938,0)2^ 9^ 4 5 + "
"(.0000015938,0)9^ 2^ 4 5 + "
"(.0000015938,0)2^ 9^ 5 4 + "
"(-.0000015938,0)9^ 2^ 5 4 + "
"(.0000234535,0)2^ 4^ 4 0 + "
"(.0000234535,0)7^ 9^ 9 5 + "
"(.0000000003,0)2^ 9^ 4 6 + "
"(-.0000000003,0)9^ 2^ 4 6 + "
"(-.0000000003,0)2^ 9^ 6 4 + "
"(.0000000003,0)9^ 2^ 6 4 + "
"(-.0000000060,0)2^ 4^ 4 1 + "
"(-.0000000060,0)7^ 9^ 9 6 + "
"(-.0047766003,0)2^ 9^ 4 7 + "
"(.0047766003,0)9^ 2^ 4 7 + "
"(.0047766003,0)2^ 9^ 7 4 + "
"(-.0047766003,0)9^ 2^ 7 4 + "
"(.0953852614,0)2^ 4^ 4 2 + "
"(.0953852614,0)7^ 9^ 9 7 + "
"(.0000000009,0)2^ 9^ 4 8 + "
"(-.0000000009,0)9^ 2^ 4 8 + "
"(-.0000000009,0)2^ 9^ 8 4 + "
"(.0000000009,0)9^ 2^ 8 4 + "
"(-.0000000140,0)2^ 4^ 4 3 + "
"(-.0000000140,0)7^ 9^ 9 8 + "
"(-.0000075963,0)2^ 9^ 4 9 + "
"(.0000075963,0)9^ 2^ 4 9 + "
"(.0000075963,0)2^ 9^ 9 4 + "
"(-.0000075963,0)9^ 2^ 9 4 + "
"(-.0001422373,0)3^ 0 + "
"(-.0001422373,0)8^ 5 + "
"(-.0000355585,0)3^ 5^ 0 5 + "
"(.0000355585,0)5^ 3^ 0 5 + "
"(.0000355585,0)3^ 5^ 5 0 + "
"(-.0000355585,0)5^ 3^ 5 0 + "
"(.0000000295,0)3^ 5^ 0 6 + "
"(-.0000000295,0)5^ 3^ 0 6 + "
"(-.0000000295,0)3^ 5^ 6 0 + "
"(.0000000295,0)5^ 3^ 6 0 + "
"(-.0000000140,0)3^ 0^ 0 1 + "
"(-.0000000140,0)8^ 5^ 5 6 + "
"(.0000000015,0)3^ 5^ 0 7 + "
"(-.0000000015,0)5^ 3^ 0 7 + "
"(-.0000000015,0)3^ 5^ 7 0 + "
"(.0000000015,0)5^ 3^ 7 0 + "
"(-.0000000141,0)3^ 0^ 0 2 + "
"(-.0000000141,0)8^ 5^ 5 7 + "
"(-.0189729849,0)3^ 5^ 0 8 + "
"(.0189729849,0)5^ 3^ 0 8 + "
"(.0189729849,0)3^ 5^ 8 0 + "
"(-.0189729849,0)5^ 3^ 8 0 + "
"(.0913822810,0)3^ 0^ 0 3 + "
"(.0913822810,0)8^ 5^ 5 8 + "
"(.0000016766,0)3^ 5^ 0 9 + "
"(-.0000016766,0)5^ 3^ 0 9 + "
"(-.0000016766,0)3^ 5^ 9 0 + "
"(.0000016766,0)5^ 3^ 9 0 + "
"(.0000080282,0)3^ 0^ 0 4 + "
"(.0000080282,0)8^ 5^ 5 9 + "
"(.0000000295,0)3^ 6^ 0 5 + "
"(-.0000000295,0)6^ 3^ 0 5 + "
"(-.0000000295,0)3^ 6^ 5 0 + "
"(.0000000295,0)6^ 3^ 5 0 + "
"(-.0000362083,0)3^ 6^ 0 6 + "
"(.0000362083,0)6^ 3^ 0 6 + "
"(.0000362083,0)3^ 6^ 6 0 + "
"(-.0000362083,0)6^ 3^ 6 0 + "
"(-.0000169160,0)3^ 1^ 0 1 + "
"(-.0000169160,0)8^ 6^ 5 6 + "
"(.0000000003,0)3^ 6^ 0 7 + "
"(-.0000000003,0)6^ 3^ 0 7 + "
"(-.0000000003,0)3^ 6^ 7 0 + "
"(.0000000003,0)6^ 3^ 7 0 + "
"(.0000000494,0)3^ 6^ 0 8 + "
"(-.0000000494,0)6^ 3^ 0 8 + "
"(-.0000000494,0)3^ 6^ 8 0 + "
"(.0000000494,0)6^ 3^ 8 0 + "
"(-.0000002396,0)3^ 1^ 0 3 + "
"(-.0000002396,0)8^ 6^ 5 8 + "
"(.0000000038,0)3^ 6^ 0 9 + "
"(-.0000000038,0)6^ 3^ 0 9 + "
"(-.0000000038,0)3^ 6^ 9 0 + "
"(.0000000038,0)6^ 3^ 9 0 + "
"(.0000000047,0)3^ 1^ 0 4 + "
"(.0000000047,0)8^ 6^ 5 9 + "
"(.0000000015,0)3^ 7^ 0 5 + "
"(-.0000000015,0)7^ 3^ 0 5 + "
"(-.0000000015,0)3^ 7^ 5 0 + "
"(.0000000015,0)7^ 3^ 5 0 + "
"(.0000000003,0)3^ 7^ 0 6 + "
"(-.0000000003,0)7^ 3^ 0 6 + "
"(-.0000000003,0)3^ 7^ 6 0 + "
"(.0000000003,0)7^ 3^ 6 0 + "
"(-.0000257171,0)3^ 7^ 0 7 + "
"(.0000257171,0)7^ 3^ 0 7 + "
"(.0000257171,0)3^ 7^ 7 0 + "
"(-.0000257171,0)7^ 3^ 7 0 + "
"(-.0000278865,0)3^ 2^ 0 2 + "
"(-.0000278865,0)8^ 7^ 5 7 + "
"(.0000018083,0)3^ 7^ 0 8 + "
"(-.0000018083,0)7^ 3^ 0 8 + "
"(-.0000018083,0)3^ 7^ 8 0 + "
"(.0000018083,0)7^ 3^ 8 0 + "
"(.0000242380,0)3^ 2^ 0 3 + "
"(.0000242380,0)8^ 7^ 5 8 + "
"(.0000000037,0)3^ 7^ 0 9 + "
"(-.0000000037,0)7^ 3^ 0 9 + "
"(-.0000000037,0)3^ 7^ 9 0 + "
"(.0000000037,0)7^ 3^ 9 0 + "
"(.0000000004,0)3^ 2^ 0 4 + "
"(.0000000004,0)8^ 7^ 5 9 + "
"(-.0189729849,0)3^ 8^ 0 5 + "
"(.0189729849,0)8^ 3^ 0 5 + "
"(.0189729849,0)3^ 8^ 5 0 + "
"(-.0189729849,0)8^ 3^ 5 0 + "
"(.0000000494,0)3^ 8^ 0 6 + "
"(-.0000000494,0)8^ 3^ 0 6 + "
"(-.0000000494,0)3^ 8^ 6 0 + "
"(.0000000494,0)8^ 3^ 6 0 + "
"(.0000018083,0)3^ 8^ 0 7 + "
"(-.0000018083,0)8^ 3^ 0 7 + "
"(-.0000018083,0)3^ 8^ 7 0 + "
"(.0000018083,0)8^ 3^ 7 0 + "
"(-.0000239556,0)3^ 8^ 0 8 + "
"(.0000239556,0)8^ 3^ 0 8 + "
"(.0000239556,0)3^ 8^ 8 0 + "
"(-.0000239556,0)8^ 3^ 8 0 + "
"(.0021189559,0)3^ 8^ 0 9 + "
"(-.0021189559,0)8^ 3^ 0 9 + "
"(-.0021189559,0)3^ 8^ 9 0 + "
"(.0021189559,0)8^ 3^ 9 0 + "
"(.0000016766,0)3^ 9^ 0 5 + "
"(-.0000016766,0)9^ 3^ 0 5 + "
"(-.0000016766,0)3^ 9^ 5 0 + "
"(.0000016766,0)9^ 3^ 5 0 + "
"(.0000000038,0)3^ 9^ 0 6 + "
"(-.0000000038,0)9^ 3^ 0 6 + "
"(-.0000000038,0)3^ 9^ 6 0 + "
"(.0000000038,0)9^ 3^ 6 0 + "
"(.0000000156,0)3^ 4^ 0 1 + "
"(.0000000156,0)8^ 9^ 5 6 + "
"(.0000000037,0)3^ 9^ 0 7 + "
"(-.0000000037,0)9^ 3^ 0 7 + "
"(-.0000000037,0)3^ 9^ 7 0 + "
"(.0000000037,0)9^ 3^ 7 0 + "
"(.0000000009,0)3^ 4^ 0 2 + "
"(.0000000009,0)8^ 9^ 5 7 + "
"(.0021189559,0)3^ 9^ 0 8 + "
"(-.0021189559,0)9^ 3^ 0 8 + "
"(-.0021189559,0)3^ 9^ 8 0 + "
"(.0021189559,0)9^ 3^ 8 0 + "
"(-.0203022158,0)3^ 4^ 0 3 + "
"(-.0203022158,0)8^ 9^ 5 8 + "
"(-.0000288281,0)3^ 9^ 0 9 + "
"(.0000288281,0)9^ 3^ 0 9 + "
"(.0000288281,0)3^ 9^ 9 0 + "
"(-.0000288281,0)9^ 3^ 9 0 + "
"(-.0000270000,0)3^ 4^ 0 4 + "
"(-.0000270000,0)8^ 9^ 5 9 + "
"(.0000001948,0)3^ 1 + "
"(.0000001948,0)8^ 6 + "
"(.0000000436,0)3^ 5^ 1 5 + "
"(-.0000000436,0)5^ 3^ 1 5 + "
"(-.0000000436,0)3^ 5^ 5 1 + "
"(.0000000436,0)5^ 3^ 5 1 + "
"(.0000000140,0)3^ 0^ 1 0 + "
"(.0000000140,0)8^ 5^ 6 5 + "
"(-.0000192923,0)3^ 5^ 1 6 + "
"(.0000192923,0)5^ 3^ 1 6 + "
"(.0000192923,0)3^ 5^ 6 1 + "
"(-.0000192923,0)5^ 3^ 6 1 + "
"(.0000000003,0)3^ 5^ 1 7 + "
"(-.0000000003,0)5^ 3^ 1 7 + "
"(-.0000000003,0)3^ 5^ 7 1 + "
"(.0000000003,0)5^ 3^ 7 1 + "
"(.0000000494,0)3^ 5^ 1 8 + "
"(-.0000000494,0)5^ 3^ 1 8 + "
"(-.0000000494,0)3^ 5^ 8 1 + "
"(.0000000494,0)5^ 3^ 8 1 + "
"(-.0000002396,0)3^ 0^ 1 3 + "
"(-.0000002396,0)8^ 5^ 6 8 + "
"(-.0000000118,0)3^ 5^ 1 9 + "
"(.0000000118,0)5^ 3^ 1 9 + "
"(.0000000118,0)3^ 5^ 9 1 + "
"(-.0000000118,0)5^ 3^ 9 1 + "
"(-.0000000109,0)3^ 0^ 1 4 + "
"(-.0000000109,0)8^ 5^ 6 9 + "
"(-.0000192923,0)3^ 6^ 1 5 + "
"(.0000192923,0)6^ 3^ 1 5 + "
"(.0000192923,0)3^ 6^ 5 1 + "
"(-.0000192923,0)6^ 3^ 5 1 + "
"(.0000169160,0)3^ 1^ 1 0 + "
"(.0000169160,0)8^ 6^ 6 5 + "
"(.0000000457,0)3^ 6^ 1 6 + "
"(-.0000000457,0)6^ 3^ 1 6 + "
"(-.0000000457,0)3^ 6^ 6 1 + "
"(.0000000457,0)6^ 3^ 6 1 + "
"(-.0000000062,0)3^ 6^ 1 7 + "
"(.0000000062,0)6^ 3^ 1 7 + "
"(.0000000062,0)3^ 6^ 7 1 + "
"(-.0000000062,0)6^ 3^ 7 1 + "
"(-.0000000164,0)3^ 1^ 1 2 + "
"(-.0000000164,0)8^ 6^ 6 7 + "
"(-.0081975640,0)3^ 6^ 1 8 + "
"(.0081975640,0)6^ 3^ 1 8 + "
"(.0081975640,0)3^ 6^ 8 1 + "
"(-.0081975640,0)6^ 3^ 8 1 + "
"(.0990622853,0)3^ 1^ 1 3 + "
"(.0990622853,0)8^ 6^ 6 8 + "
"(.0000013679,0)3^ 6^ 1 9 + "
"(-.0000013679,0)6^ 3^ 1 9 + "
"(-.0000013679,0)3^ 6^ 9 1 + "
"(.0000013679,0)6^ 3^ 9 1 + "
"(.0000060248,0)3^ 1^ 1 4 + "
"(.0000060248,0)8^ 6^ 6 9 + "
"(.0000000003,0)3^ 7^ 1 5 + "
"(-.0000000003,0)7^ 3^ 1 5 + "
"(-.0000000003,0)3^ 7^ 5 1 + "
"(.0000000003,0)7^ 3^ 5 1 + "
"(-.0000000062,0)3^ 7^ 1 6 + "
"(.0000000062,0)7^ 3^ 1 6 + "
"(.0000000062,0)3^ 7^ 6 1 + "
"(-.0000000062,0)7^ 3^ 6 1 + "
"(.0000000297,0)3^ 7^ 1 7 + "
"(-.0000000297,0)7^ 3^ 1 7 + "
"(-.0000000297,0)3^ 7^ 7 1 + "
"(.0000000297,0)7^ 3^ 7 1 + "
"(.0000000271,0)3^ 2^ 1 2 + "
"(.0000000271,0)8^ 7^ 6 7 + "
"(.0000000011,0)3^ 7^ 1 8 + "
"(-.0000000011,0)7^ 3^ 1 8 + "
"(-.0000000011,0)3^ 7^ 8 1 + "
"(.0000000011,0)7^ 3^ 8 1 + "
"(-.0000000116,0)3^ 2^ 1 3 + "
"(-.0000000116,0)8^ 7^ 6 8 + "
"(.0000000494,0)3^ 8^ 1 5 + "
"(-.0000000494,0)8^ 3^ 1 5 + "
"(-.0000000494,0)3^ 8^ 5 1 + "
"(.0000000494,0)8^ 3^ 5 1 + "
"(-.0081975640,0)3^ 8^ 1 6 + "
"(.0081975640,0)8^ 3^ 1 6 + "
"(.0081975640,0)3^ 8^ 6 1 + "
"(-.0081975640,0)8^ 3^ 6 1 + "
"(.0000000011,0)3^ 8^ 1 7 + "
"(-.0000000011,0)8^ 3^ 1 7 + "
"(-.0000000011,0)3^ 8^ 7 1 + "
"(.0000000011,0)8^ 3^ 7 1 + "
"(.0000000351,0)3^ 8^ 1 8 + "
"(-.0000000351,0)8^ 3^ 1 8 + "
"(-.0000000351,0)3^ 8^ 8 1 + "
"(.0000000351,0)8^ 3^ 8 1 + "
"(.0000000467,0)3^ 8^ 1 9 + "
"(-.0000000467,0)8^ 3^ 1 9 + "
"(-.0000000467,0)3^ 8^ 9 1 + "
"(.0000000467,0)8^ 3^ 9 1 + "
"(-.0000000118,0)3^ 9^ 1 5 + "
"(.0000000118,0)9^ 3^ 1 5 + "
"(.0000000118,0)3^ 9^ 5 1 + "
"(-.0000000118,0)9^ 3^ 5 1 + "
"(-.0000000156,0)3^ 4^ 1 0 + "
"(-.0000000156,0)8^ 9^ 6 5 + "
"(.0000013679,0)3^ 9^ 1 6 + "
"(-.0000013679,0)9^ 3^ 1 6 + "
"(-.0000013679,0)3^ 9^ 6 1 + "
"(.0000013679,0)9^ 3^ 6 1 + "
"(.0000000467,0)3^ 9^ 1 8 + "
"(-.0000000467,0)9^ 3^ 1 8 + "
"(-.0000000467,0)3^ 9^ 8 1 + "
"(.0000000467,0)9^ 3^ 8 1 + "
"(-.0000003695,0)3^ 4^ 1 3 + "
"(-.0000003695,0)8^ 9^ 6 8 + "
"(.0000000384,0)3^ 9^ 1 9 + "
"(-.0000000384,0)9^ 3^ 1 9 + "
"(-.0000000384,0)3^ 9^ 9 1 + "
"(.0000000384,0)9^ 3^ 9 1 + "
"(.0000000330,0)3^ 4^ 1 4 + "
"(.0000000330,0)8^ 9^ 6 9 + "
"(.0000001108,0)3^ 2 + "
"(.0000001108,0)8^ 7 + "
"(.0000000156,0)3^ 5^ 2 5 + "
"(-.0000000156,0)5^ 3^ 2 5 + "
"(-.0000000156,0)3^ 5^ 5 2 + "
"(.0000000156,0)5^ 3^ 5 2 + "
"(.0000000141,0)3^ 0^ 2 0 + "
"(.0000000141,0)8^ 5^ 7 5 + "
"(.0000000004,0)3^ 5^ 2 6 + "
"(-.0000000004,0)5^ 3^ 2 6 + "
"(-.0000000004,0)3^ 5^ 6 2 + "
"(.0000000004,0)5^ 3^ 6 2 + "
"(.0000021695,0)3^ 5^ 2 7 + "
"(-.0000021695,0)5^ 3^ 2 7 + "
"(-.0000021695,0)3^ 5^ 7 2 + "
"(.0000021695,0)5^ 3^ 7 2 + "
"(.0000018083,0)3^ 5^ 2 8 + "
"(-.0000018083,0)5^ 3^ 2 8 + "
"(-.0000018083,0)3^ 5^ 8 2 + "
"(.0000018083,0)5^ 3^ 8 2 + "
"(.0000242380,0)3^ 0^ 2 3 + "
"(.0000242380,0)8^ 5^ 7 8 + "
"(.0000000028,0)3^ 5^ 2 9 + "
"(-.0000000028,0)5^ 3^ 2 9 + "
"(-.0000000028,0)3^ 5^ 9 2 + "
"(.0000000028,0)5^ 3^ 9 2 + "
"(-.0000000005,0)3^ 0^ 2 4 + "
"(-.0000000005,0)8^ 5^ 7 9 + "
"(.0000000004,0)3^ 6^ 2 5 + "
"(-.0000000004,0)6^ 3^ 2 5 + "
"(-.0000000004,0)3^ 6^ 5 2 + "
"(.0000000004,0)6^ 3^ 5 2 + "
"(.0000000102,0)3^ 6^ 2 6 + "
"(-.0000000102,0)6^ 3^ 2 6 + "
"(-.0000000102,0)3^ 6^ 6 2 + "
"(.0000000102,0)6^ 3^ 6 2 + "
"(.0000000164,0)3^ 1^ 2 1 + "
"(.0000000164,0)8^ 6^ 7 6 + "
"(.0000000026,0)3^ 6^ 2 7 + "
"(-.0000000026,0)6^ 3^ 2 7 + "
"(-.0000000026,0)3^ 6^ 7 2 + "
"(.0000000026,0)6^ 3^ 7 2 + "
"(.0000000011,0)3^ 6^ 2 8 + "
"(-.0000000011,0)6^ 3^ 2 8 + "
"(-.0000000011,0)3^ 6^ 8 2 + "
"(.0000000011,0)6^ 3^ 8 2 + "
"(-.0000000116,0)3^ 1^ 2 3 + "
"(-.0000000116,0)8^ 6^ 7 8 + "
"(.0000021695,0)3^ 7^ 2 5 + "
"(-.0000021695,0)7^ 3^ 2 5 + "
"(-.0000021695,0)3^ 7^ 5 2 + "
"(.0000021695,0)7^ 3^ 5 2 + "
"(.0000278865,0)3^ 2^ 2 0 + "
"(.0000278865,0)8^ 7^ 7 5 + "
"(.0000000026,0)3^ 7^ 2 6 + "
"(-.0000000026,0)7^ 3^ 2 6 + "
"(-.0000000026,0)3^ 7^ 6 2 + "
"(.0000000026,0)7^ 3^ 6 2 + "
"(-.0000000271,0)3^ 2^ 2 1 + "
"(-.0000000271,0)8^ 7^ 7 6 + "
"(-.0000001678,0)3^ 7^ 2 7 + "
"(.0000001678,0)7^ 3^ 2 7 + "
"(.0000001678,0)3^ 7^ 7 2 + "
"(-.0000001678,0)7^ 3^ 7 2 + "
"(-.0056347264,0)3^ 7^ 2 8 + "
"(.0056347264,0)7^ 3^ 2 8 + "
"(.0056347264,0)3^ 7^ 8 2 + "
"(-.0056347264,0)7^ 3^ 8 2 + "
"(.0979879598,0)3^ 2^ 2 3 + "
"(.0979879598,0)8^ 7^ 7 8 + "
"(-.0000014692,0)3^ 7^ 2 9 + "
"(.0000014692,0)7^ 3^ 2 9 + "
"(.0000014692,0)3^ 7^ 9 2 + "
"(-.0000014692,0)7^ 3^ 9 2 + "
"(.0000057918,0)3^ 2^ 2 4 + "
"(.0000057918,0)8^ 7^ 7 9 + "
"(.0000018083,0)3^ 8^ 2 5 + "
"(-.0000018083,0)8^ 3^ 2 5 + "
"(-.0000018083,0)3^ 8^ 5 2 + "
"(.0000018083,0)8^ 3^ 5 2 + "
"(.0000000011,0)3^ 8^ 2 6 + "
"(-.0000000011,0)8^ 3^ 2 6 + "
"(-.0000000011,0)3^ 8^ 6 2 + "
"(.0000000011,0)8^ 3^ 6 2 + "
"(-.0056347264,0)3^ 8^ 2 7 + "
"(.0056347264,0)8^ 3^ 2 7 + "
"(.0056347264,0)3^ 8^ 7 2 + "
"(-.0056347264,0)8^ 3^ 7 2 + "
"(.0000001422,0)3^ 8^ 2 8 + "
"(-.0000001422,0)8^ 3^ 2 8 + "
"(-.0000001422,0)3^ 8^ 8 2 + "
"(.0000001422,0)8^ 3^ 8 2 + "
"(-.0000012727,0)3^ 8^ 2 9 + "
"(.0000012727,0)8^ 3^ 2 9 + "
"(.0000012727,0)3^ 8^ 9 2 + "
"(-.0000012727,0)8^ 3^ 9 2 + "
"(.0000000028,0)3^ 9^ 2 5 + "
"(-.0000000028,0)9^ 3^ 2 5 + "
"(-.0000000028,0)3^ 9^ 5 2 + "
"(.0000000028,0)9^ 3^ 5 2 + "
"(-.0000000009,0)3^ 4^ 2 0 + "
"(-.0000000009,0)8^ 9^ 7 5 + "
"(-.0000014692,0)3^ 9^ 2 7 + "
"(.0000014692,0)9^ 3^ 2 7 + "
"(.0000014692,0)3^ 9^ 7 2 + "
"(-.0000014692,0)9^ 3^ 7 2 + "
"(-.0000012727,0)3^ 9^ 2 8 + "
"(.0000012727,0)9^ 3^ 2 8 + "
"(.0000012727,0)3^ 9^ 8 2 + "
"(-.0000012727,0)9^ 3^ 8 2 + "
"(.0000050154,0)3^ 4^ 2 3 + "
"(.0000050154,0)8^ 9^ 7 8 + "
"(.0000000149,0)3^ 9^ 2 9 + "
"(-.0000000149,0)9^ 3^ 2 9 + "
"(-.0000000149,0)3^ 9^ 9 2 + "
"(.0000000149,0)9^ 3^ 9 2 + "
"(.0000000140,0)3^ 4^ 2 4 + "
"(.0000000140,0)8^ 9^ 7 9 + "
"(-.2383043291,0)3^ 3 + "
"(-.2383043291,0)8^ 8 + "
"(-.1103552659,0)3^ 5^ 3 5 + "
"(.1103552659,0)5^ 3^ 3 5 + "
"(.1103552659,0)3^ 5^ 5 3 + "
"(-.1103552659,0)5^ 3^ 5 3 + "
"(-.0913822810,0)3^ 0^ 3 0 + "
"(-.0913822810,0)8^ 5^ 8 5 + "
"(.0000002890,0)3^ 5^ 3 6 + "
"(-.0000002890,0)5^ 3^ 3 6 + "
"(-.0000002890,0)3^ 5^ 6 3 + "
"(.0000002890,0)5^ 3^ 6 3 + "
"(.0000002396,0)3^ 0^ 3 1 + "
"(.0000002396,0)8^ 5^ 8 6 + "
"(-.0000224297,0)3^ 5^ 3 7 + "
"(.0000224297,0)5^ 3^ 3 7 + "
"(.0000224297,0)3^ 5^ 7 3 + "
"(-.0000224297,0)5^ 3^ 7 3 + "
"(-.0000242380,0)3^ 0^ 3 2 + "
"(-.0000242380,0)8^ 5^ 8 7 + "
"(-.0000239556,0)3^ 5^ 3 8 + "
"(.0000239556,0)5^ 3^ 3 8 + "
"(.0000239556,0)3^ 5^ 8 3 + "
"(-.0000239556,0)5^ 3^ 8 3 + "
"(.0224211716,0)3^ 5^ 3 9 + "
"(-.0224211716,0)5^ 3^ 3 9 + "
"(-.0224211716,0)3^ 5^ 9 3 + "
"(.0224211716,0)5^ 3^ 9 3 + "
"(.0203022158,0)3^ 0^ 3 4 + "
"(.0203022158,0)8^ 5^ 8 9 + "
"(.0000002890,0)3^ 6^ 3 5 + "
"(-.0000002890,0)6^ 3^ 3 5 + "
"(-.0000002890,0)3^ 6^ 5 3 + "
"(.0000002890,0)6^ 3^ 5 3 + "
"(.0000002396,0)3^ 1^ 3 0 + "
"(.0000002396,0)8^ 6^ 8 5 + "
"(-.1072598493,0)3^ 6^ 3 6 + "
"(.1072598493,0)6^ 3^ 3 6 + "
"(.1072598493,0)3^ 6^ 6 3 + "
"(-.1072598493,0)6^ 3^ 6 3 + "
"(-.0990622853,0)3^ 1^ 3 1 + "
"(-.0990622853,0)8^ 6^ 8 6 + "
"(.0000000127,0)3^ 6^ 3 7 + "
"(-.0000000127,0)6^ 3^ 3 7 + "
"(-.0000000127,0)3^ 6^ 7 3 + "
"(.0000000127,0)6^ 3^ 7 3 + "
"(.0000000116,0)3^ 1^ 3 2 + "
"(.0000000116,0)8^ 6^ 8 7 + "
"(.0000000351,0)3^ 6^ 3 8 + "
"(-.0000000351,0)6^ 3^ 3 8 + "
"(-.0000000351,0)3^ 6^ 8 3 + "
"(.0000000351,0)6^ 3^ 8 3 + "
"(.0000004162,0)3^ 6^ 3 9 + "
"(-.0000004162,0)6^ 3^ 3 9 + "
"(-.0000004162,0)3^ 6^ 9 3 + "
"(.0000004162,0)6^ 3^ 9 3 + "
"(.0000003695,0)3^ 1^ 3 4 + "
"(.0000003695,0)8^ 6^ 8 9 + "
"(-.0000224297,0)3^ 7^ 3 5 + "
"(.0000224297,0)7^ 3^ 3 5 + "
"(.0000224297,0)3^ 7^ 5 3 + "
"(-.0000224297,0)7^ 3^ 5 3 + "
"(-.0000242380,0)3^ 2^ 3 0 + "
"(-.0000242380,0)8^ 7^ 8 5 + "
"(.0000000127,0)3^ 7^ 3 6 + "
"(-.0000000127,0)7^ 3^ 3 6 + "
"(-.0000000127,0)3^ 7^ 6 3 + "
"(.0000000127,0)7^ 3^ 6 3 + "
"(.0000000116,0)3^ 2^ 3 1 + "
"(.0000000116,0)8^ 7^ 8 6 + "
"(-.1036226862,0)3^ 7^ 3 7 + "
"(.1036226862,0)7^ 3^ 3 7 + "
"(.1036226862,0)3^ 7^ 7 3 + "
"(-.1036226862,0)7^ 3^ 7 3 + "
"(-.0979879598,0)3^ 2^ 3 2 + "
"(-.0979879598,0)8^ 7^ 8 7 + "
"(.0000001422,0)3^ 7^ 3 8 + "
"(-.0000001422,0)7^ 3^ 3 8 + "
"(-.0000001422,0)3^ 7^ 8 3 + "
"(.0000001422,0)7^ 3^ 8 3 + "
"(-.0000062881,0)3^ 7^ 3 9 + "
"(.0000062881,0)7^ 3^ 3 9 + "
"(.0000062881,0)3^ 7^ 9 3 + "
"(-.0000062881,0)7^ 3^ 9 3 + "
"(-.0000050154,0)3^ 2^ 3 4 + "
"(-.0000050154,0)8^ 7^ 8 9 + "
"(-.0000239556,0)3^ 8^ 3 5 + "
"(.0000239556,0)8^ 3^ 3 5 + "
"(.0000239556,0)3^ 8^ 5 3 + "
"(-.0000239556,0)8^ 3^ 5 3 + "
"(.0000000351,0)3^ 8^ 3 6 + "
"(-.0000000351,0)8^ 3^ 3 6 + "
"(-.0000000351,0)3^ 8^ 6 3 + "
"(.0000000351,0)8^ 3^ 6 3 + "
"(.0000001422,0)3^ 8^ 3 7 + "
"(-.0000001422,0)8^ 3^ 3 7 + "
"(-.0000001422,0)3^ 8^ 7 3 + "
"(.0000001422,0)8^ 3^ 7 3 + "
"(-.1141344818,0)3^ 8^ 3 8 + "
"(.1141344818,0)8^ 3^ 3 8 + "
"(.1141344818,0)3^ 8^ 8 3 + "
"(-.1141344818,0)8^ 3^ 8 3 + "
"(-.0000101100,0)3^ 8^ 3 9 + "
"(.0000101100,0)8^ 3^ 3 9 + "
"(.0000101100,0)3^ 8^ 9 3 + "
"(-.0000101100,0)8^ 3^ 9 3 + "
"(.0224211716,0)3^ 9^ 3 5 + "
"(-.0224211716,0)9^ 3^ 3 5 + "
"(-.0224211716,0)3^ 9^ 5 3 + "
"(.0224211716,0)9^ 3^ 5 3 + "
"(.0203022158,0)3^ 4^ 3 0 + "
"(.0203022158,0)8^ 9^ 8 5 + "
"(.0000004162,0)3^ 9^ 3 6 + "
"(-.0000004162,0)9^ 3^ 3 6 + "
"(-.0000004162,0)3^ 9^ 6 3 + "
"(.0000004162,0)9^ 3^ 6 3 + "
"(.0000003695,0)3^ 4^ 3 1 + "
"(.0000003695,0)8^ 9^ 8 6 + "
"(-.0000062881,0)3^ 9^ 3 7 + "
"(.0000062881,0)9^ 3^ 3 7 + "
"(.0000062881,0)3^ 9^ 7 3 + "
"(-.0000062881,0)9^ 3^ 7 3 + "
"(-.0000050154,0)3^ 4^ 3 2 + "
"(-.0000050154,0)8^ 9^ 8 7 + "
"(-.0000101100,0)3^ 9^ 3 8 + "
"(.0000101100,0)9^ 3^ 3 8 + "
"(.0000101100,0)3^ 9^ 8 3 + "
"(-.0000101100,0)9^ 3^ 8 3 + "
"(-.1001624290,0)3^ 9^ 3 9 + "
"(.1001624290,0)9^ 3^ 3 9 + "
"(.1001624290,0)3^ 9^ 9 3 + "
"(-.1001624290,0)9^ 3^ 9 3 + "
"(-.0953858010,0)3^ 4^ 3 4 + "
"(-.0953858010,0)8^ 9^ 8 9 + "
"(-.0000652796,0)3^ 4 + "
"(-.0000652796,0)8^ 9 + "
"(-.0000063517,0)3^ 5^ 4 5 + "
"(.0000063517,0)5^ 3^ 4 5 + "
"(.0000063517,0)3^ 5^ 5 4 + "
"(-.0000063517,0)5^ 3^ 5 4 + "
"(-.0000080282,0)3^ 0^ 4 0 + "
"(-.0000080282,0)8^ 5^ 9 5 + "
"(-.0000000008,0)3^ 5^ 4 6 + "
"(.0000000008,0)5^ 3^ 4 6 + "
"(.0000000008,0)3^ 5^ 6 4 + "
"(-.0000000008,0)5^ 3^ 6 4 + "
"(.0000000109,0)3^ 0^ 4 1 + "
"(.0000000109,0)8^ 5^ 9 6 + "
"(.0000000033,0)3^ 5^ 4 7 + "
"(-.0000000033,0)5^ 3^ 4 7 + "
"(-.0000000033,0)3^ 5^ 7 4 + "
"(.0000000033,0)5^ 3^ 7 4 + "
"(.0000000005,0)3^ 0^ 4 2 + "
"(.0000000005,0)8^ 5^ 9 7 + "
"(.0021189559,0)3^ 5^ 4 8 + "
"(-.0021189559,0)5^ 3^ 4 8 + "
"(-.0021189559,0)3^ 5^ 8 4 + "
"(.0021189559,0)5^ 3^ 8 4 + "
"(-.0203022158,0)3^ 0^ 4 3 + "
"(-.0203022158,0)8^ 5^ 9 8 + "
"(-.0000018282,0)3^ 5^ 4 9 + "
"(.0000018282,0)5^ 3^ 4 9 + "
"(.0000018282,0)3^ 5^ 9 4 + "
"(-.0000018282,0)5^ 3^ 9 4 + "
"(-.0000000008,0)3^ 6^ 4 5 + "
"(.0000000008,0)6^ 3^ 4 5 + "
"(.0000000008,0)3^ 6^ 5 4 + "
"(-.0000000008,0)6^ 3^ 5 4 + "
"(-.0000000047,0)3^ 1^ 4 0 + "
"(-.0000000047,0)8^ 6^ 9 5 + "
"(-.0000046569,0)3^ 6^ 4 6 + "
"(.0000046569,0)6^ 3^ 4 6 + "
"(.0000046569,0)3^ 6^ 6 4 + "
"(-.0000046569,0)6^ 3^ 6 4 + "
"(-.0000060248,0)3^ 1^ 4 1 + "
"(-.0000060248,0)8^ 6^ 9 6 + "
"(.0000000467,0)3^ 6^ 4 8 + "
"(-.0000000467,0)6^ 3^ 4 8 + "
"(-.0000000467,0)3^ 6^ 8 4 + "
"(.0000000467,0)6^ 3^ 8 4 + "
"(-.0000003695,0)3^ 1^ 4 3 + "
"(-.0000003695,0)8^ 6^ 9 8 + "
"(.0000000053,0)3^ 6^ 4 9 + "
"(-.0000000053,0)6^ 3^ 4 9 + "
"(-.0000000053,0)3^ 6^ 9 4 + "
"(.0000000053,0)6^ 3^ 9 4 + "
"(.0000000033,0)3^ 7^ 4 5 + "
"(-.0000000033,0)7^ 3^ 4 5 + "
"(-.0000000033,0)3^ 7^ 5 4 + "
"(.0000000033,0)7^ 3^ 5 4 + "
"(-.0000000004,0)3^ 2^ 4 0 + "
"(-.0000000004,0)8^ 7^ 9 5 + "
"(-.0000072610,0)3^ 7^ 4 7 + "
"(.0000072610,0)7^ 3^ 4 7 + "
"(.0000072610,0)3^ 7^ 7 4 + "
"(-.0000072610,0)7^ 3^ 7 4 + "
"(-.0000057918,0)3^ 2^ 4 2 + "
"(-.0000057918,0)8^ 7^ 9 7 + "
"(-.0000012727,0)3^ 7^ 4 8 + "
"(.0000012727,0)7^ 3^ 4 8 + "
"(.0000012727,0)3^ 7^ 8 4 + "
"(-.0000012727,0)7^ 3^ 8 4 + "
"(.0000050154,0)3^ 2^ 4 3 + "
"(.0000050154,0)8^ 7^ 9 8 + "
"(.0000000009,0)3^ 7^ 4 9 + "
"(-.0000000009,0)7^ 3^ 4 9 + "
"(-.0000000009,0)3^ 7^ 9 4 + "
"(.0000000009,0)7^ 3^ 9 4 + "
"(.0021189559,0)3^ 8^ 4 5 + "
"(-.0021189559,0)8^ 3^ 4 5 + "
"(-.0021189559,0)3^ 8^ 5 4 + "
"(.0021189559,0)8^ 3^ 5 4 + "
"(.0000000467,0)3^ 8^ 4 6 + "
"(-.0000000467,0)8^ 3^ 4 6 + "
"(-.0000000467,0)3^ 8^ 6 4 + "
"(.0000000467,0)8^ 3^ 6 4 + "
"(-.0000012727,0)3^ 8^ 4 7 + "
"(.0000012727,0)8^ 3^ 4 7 + "
"(.0000012727,0)3^ 8^ 7 4 + "
"(-.0000012727,0)8^ 3^ 7 4 + "
"(-.0000101100,0)3^ 8^ 4 8 + "
"(.0000101100,0)8^ 3^ 4 8 + "
"(.0000101100,0)3^ 8^ 8 4 + "
"(-.0000101100,0)8^ 3^ 8 4 + "
"(-.0047766280,0)3^ 8^ 4 9 + "
"(.0047766280,0)8^ 3^ 4 9 + "
"(.0047766280,0)3^ 8^ 9 4 + "
"(-.0047766280,0)8^ 3^ 9 4 + "
"(-.0000018282,0)3^ 9^ 4 5 + "
"(.0000018282,0)9^ 3^ 4 5 + "
"(.0000018282,0)3^ 9^ 5 4 + "
"(-.0000018282,0)9^ 3^ 5 4 + "
"(.0000270000,0)3^ 4^ 4 0 + "
"(.0000270000,0)8^ 9^ 9 5 + "
"(.0000000053,0)3^ 9^ 4 6 + "
"(-.0000000053,0)9^ 3^ 4 6 + "
"(-.0000000053,0)3^ 9^ 6 4 + "
"(.0000000053,0)9^ 3^ 6 4 + "
"(-.0000000330,0)3^ 4^ 4 1 + "
"(-.0000000330,0)8^ 9^ 9 6 + "
"(.0000000009,0)3^ 9^ 4 7 + "
"(-.0000000009,0)9^ 3^ 4 7 + "
"(-.0000000009,0)3^ 9^ 7 4 + "
"(.0000000009,0)9^ 3^ 7 4 + "
"(-.0000000140,0)3^ 4^ 4 2 + "
"(-.0000000140,0)8^ 9^ 9 7 + "
"(-.0047766280,0)3^ 9^ 4 8 + "
"(.0047766280,0)9^ 3^ 4 8 + "
"(.0047766280,0)3^ 9^ 8 4 + "
"(-.0047766280,0)9^ 3^ 8 4 + "
"(.0953858010,0)3^ 4^ 4 3 + "
"(.0953858010,0)8^ 9^ 9 8 + "
"(-.0000087928,0)3^ 9^ 4 9 + "
"(.0000087928,0)9^ 3^ 4 9 + "
"(.0000087928,0)3^ 9^ 9 4 + "
"(-.0000087928,0)9^ 3^ 9 4 + "
"(.1086699589,0)4^ 0 + "
"(.1086699589,0)9^ 5 + "
"(.0271668011,0)4^ 5^ 0 5 + "
"(-.0271668011,0)5^ 4^ 0 5 + "
"(-.0271668011,0)4^ 5^ 5 0 + "
"(.0271668011,0)5^ 4^ 5 0 + "
"(.0000003435,0)4^ 5^ 0 6 + "
"(-.0000003435,0)5^ 4^ 0 6 + "
"(-.0000003435,0)4^ 5^ 6 0 + "
"(.0000003435,0)5^ 4^ 6 0 + "
"(-.0000002252,0)4^ 0^ 0 1 + "
"(-.0000002252,0)9^ 5^ 5 6 + "
"(.0000014661,0)4^ 5^ 0 7 + "
"(-.0000014661,0)5^ 4^ 0 7 + "
"(-.0000014661,0)4^ 5^ 7 0 + "
"(.0000014661,0)5^ 4^ 7 0 + "
"(.0000069566,0)4^ 0^ 0 2 + "
"(.0000069566,0)9^ 5^ 5 7 + "
"(.0000016766,0)4^ 5^ 0 8 + "
"(-.0000016766,0)5^ 4^ 0 8 + "
"(-.0000016766,0)4^ 5^ 8 0 + "
"(.0000016766,0)5^ 4^ 8 0 + "
"(.0000080282,0)4^ 0^ 0 3 + "
"(.0000080282,0)9^ 5^ 5 8 + "
"(-.0208654280,0)4^ 5^ 0 9 + "
"(.0208654280,0)5^ 4^ 0 9 + "
"(.0208654280,0)4^ 5^ 9 0 + "
"(-.0208654280,0)5^ 4^ 9 0 + "
"(.0872054594,0)4^ 0^ 0 4 + "
"(.0872054594,0)9^ 5^ 5 9 + "
"(.0000003435,0)4^ 6^ 0 5 + "
"(-.0000003435,0)6^ 4^ 0 5 + "
"(-.0000003435,0)4^ 6^ 5 0 + "
"(.0000003435,0)6^ 4^ 5 0 + "
"(.0234138642,0)4^ 6^ 0 6 + "
"(-.0234138642,0)6^ 4^ 0 6 + "
"(-.0234138642,0)4^ 6^ 6 0 + "
"(.0234138642,0)6^ 4^ 6 0 + "
"(.0195889034,0)4^ 1^ 0 1 + "
"(.0195889034,0)9^ 6^ 5 6 + "
"(-.0000000277,0)4^ 6^ 0 7 + "
"(.0000000277,0)6^ 4^ 0 7 + "
"(.0000000277,0)4^ 6^ 7 0 + "
"(-.0000000277,0)6^ 4^ 7 0 + "
"(.0000000381,0)4^ 1^ 0 2 + "
"(.0000000381,0)9^ 6^ 5 7 + "
"(-.0000000118,0)4^ 6^ 0 8 + "
"(.0000000118,0)6^ 4^ 0 8 + "
"(.0000000118,0)4^ 6^ 8 0 + "
"(-.0000000118,0)6^ 4^ 8 0 + "
"(-.0000000109,0)4^ 1^ 0 3 + "
"(-.0000000109,0)9^ 6^ 5 8 + "
"(-.0000002459,0)4^ 6^ 0 9 + "
"(.0000002459,0)6^ 4^ 0 9 + "
"(.0000002459,0)4^ 6^ 9 0 + "
"(-.0000002459,0)6^ 4^ 9 0 + "
"(-.0000002034,0)4^ 1^ 0 4 + "
"(-.0000002034,0)9^ 6^ 5 9 + "
"(.0000014661,0)4^ 7^ 0 5 + "
"(-.0000014661,0)7^ 4^ 0 5 + "
"(-.0000014661,0)4^ 7^ 5 0 + "
"(.0000014661,0)7^ 4^ 5 0 + "
"(-.0000000277,0)4^ 7^ 0 6 + "
"(.0000000277,0)7^ 4^ 0 6 + "
"(.0000000277,0)4^ 7^ 6 0 + "
"(-.0000000277,0)7^ 4^ 6 0 + "
"(.0000000089,0)4^ 2^ 0 1 + "
"(.0000000089,0)9^ 7^ 5 6 + "
"(.0224208167,0)4^ 7^ 0 7 + "
"(-.0224208167,0)7^ 4^ 0 7 + "
"(-.0224208167,0)4^ 7^ 7 0 + "
"(.0224208167,0)7^ 4^ 7 0 + "
"(.0203020780,0)4^ 2^ 0 2 + "
"(.0203020780,0)9^ 7^ 5 7 + "
"(.0000000028,0)4^ 7^ 0 8 + "
"(-.0000000028,0)7^ 4^ 0 8 + "
"(-.0000000028,0)4^ 7^ 8 0 + "
"(.0000000028,0)7^ 4^ 8 0 + "
"(-.0000000005,0)4^ 2^ 0 3 + "
"(-.0000000005,0)9^ 7^ 5 8 + "
"(-.0000015938,0)4^ 7^ 0 9 + "
"(.0000015938,0)7^ 4^ 0 9 + "
"(.0000015938,0)4^ 7^ 9 0 + "
"(-.0000015938,0)7^ 4^ 9 0 + "
"(.0000234535,0)4^ 2^ 0 4 + "
"(.0000234535,0)9^ 7^ 5 9 + "
"(.0000016766,0)4^ 8^ 0 5 + "
"(-.0000016766,0)8^ 4^ 0 5 + "
"(-.0000016766,0)4^ 8^ 5 0 + "
"(.0000016766,0)8^ 4^ 5 0 + "
"(-.0000000118,0)4^ 8^ 0 6 + "
"(.0000000118,0)8^ 4^ 0 6 + "
"(.0000000118,0)4^ 8^ 6 0 + "
"(-.0000000118,0)8^ 4^ 6 0 + "
"(-.0000000156,0)4^ 3^ 0 1 + "
"(-.0000000156,0)9^ 8^ 5 6 + "
"(.0000000028,0)4^ 8^ 0 7 + "
"(-.0000000028,0)8^ 4^ 0 7 + "
"(-.0000000028,0)4^ 8^ 7 0 + "
"(.0000000028,0)8^ 4^ 7 0 + "
"(-.0000000009,0)4^ 3^ 0 2 + "
"(-.0000000009,0)9^ 8^ 5 7 + "
"(.0224211716,0)4^ 8^ 0 8 + "
"(-.0224211716,0)8^ 4^ 0 8 + "
"(-.0224211716,0)4^ 8^ 8 0 + "
"(.0224211716,0)8^ 4^ 8 0 + "
"(.0203022158,0)4^ 3^ 0 3 + "
"(.0203022158,0)9^ 8^ 5 8 + "
"(-.0000018282,0)4^ 8^ 0 9 + "
"(.0000018282,0)8^ 4^ 0 9 + "
"(.0000018282,0)4^ 8^ 9 0 + "
"(-.0000018282,0)8^ 4^ 9 0 + "
"(.0000270000,0)4^ 3^ 0 4 + "
"(.0000270000,0)9^ 8^ 5 9 + "
"(-.0208654280,0)4^ 9^ 0 5 + "
"(.0208654280,0)9^ 4^ 0 5 + "
"(.0208654280,0)4^ 9^ 5 0 + "
"(-.0208654280,0)9^ 4^ 5 0 + "
"(-.0000002459,0)4^ 9^ 0 6 + "
"(.0000002459,0)9^ 4^ 0 6 + "
"(.0000002459,0)4^ 9^ 6 0 + "
"(-.0000002459,0)9^ 4^ 6 0 + "
"(-.0000015938,0)4^ 9^ 0 7 + "
"(.0000015938,0)9^ 4^ 0 7 + "
"(.0000015938,0)4^ 9^ 7 0 + "
"(-.0000015938,0)9^ 4^ 7 0 + "
"(-.0000018282,0)4^ 9^ 0 8 + "
"(.0000018282,0)9^ 4^ 0 8 + "
"(.0000018282,0)4^ 9^ 8 0 + "
"(-.0000018282,0)9^ 4^ 8 0 + "
"(.0272781378,0)4^ 9^ 0 9 + "
"(-.0272781378,0)9^ 4^ 0 9 + "
"(-.0272781378,0)4^ 9^ 9 0 + "
"(.0272781378,0)9^ 4^ 9 0 + "
"(.0000031956,0)4^ 1 + "
"(.0000031956,0)9^ 6 + "
"(.0000005687,0)4^ 5^ 1 5 + "
"(-.0000005687,0)5^ 4^ 1 5 + "
"(-.0000005687,0)4^ 5^ 5 1 + "
"(.0000005687,0)5^ 4^ 5 1 + "
"(.0000002252,0)4^ 0^ 1 0 + "
"(.0000002252,0)9^ 5^ 6 5 + "
"(.0038249608,0)4^ 5^ 1 6 + "
"(-.0038249608,0)5^ 4^ 1 6 + "
"(-.0038249608,0)4^ 5^ 6 1 + "
"(.0038249608,0)5^ 4^ 6 1 + "
"(-.0000000365,0)4^ 5^ 1 7 + "
"(.0000000365,0)5^ 4^ 1 7 + "
"(.0000000365,0)4^ 5^ 7 1 + "
"(-.0000000365,0)5^ 4^ 7 1 + "
"(.0000000292,0)4^ 0^ 1 2 + "
"(.0000000292,0)9^ 5^ 6 7 + "
"(.0000000038,0)4^ 5^ 1 8 + "
"(-.0000000038,0)5^ 4^ 1 8 + "
"(-.0000000038,0)4^ 5^ 8 1 + "
"(.0000000038,0)5^ 4^ 8 1 + "
"(.0000000047,0)4^ 0^ 1 3 + "
"(.0000000047,0)9^ 5^ 6 8 + "
"(-.0000002459,0)4^ 5^ 1 9 + "
"(.0000002459,0)5^ 4^ 1 9 + "
"(.0000002459,0)4^ 5^ 9 1 + "
"(-.0000002459,0)5^ 4^ 9 1 + "
"(-.0000002034,0)4^ 0^ 1 4 + "
"(-.0000002034,0)9^ 5^ 6 9 + "
"(.0038249608,0)4^ 6^ 1 5 + "
"(-.0038249608,0)6^ 4^ 1 5 + "
"(-.0038249608,0)4^ 6^ 5 1 + "
"(.0038249608,0)6^ 4^ 5 1 + "
"(-.0195889034,0)4^ 1^ 1 0 + "
"(-.0195889034,0)9^ 6^ 6 5 + "
"(.0000005945,0)4^ 6^ 1 6 + "
"(-.0000005945,0)6^ 4^ 1 6 + "
"(-.0000005945,0)4^ 6^ 6 1 + "
"(.0000005945,0)6^ 4^ 6 1 + "
"(.0000011771,0)4^ 6^ 1 7 + "
"(-.0000011771,0)6^ 4^ 1 7 + "
"(-.0000011771,0)4^ 6^ 7 1 + "
"(.0000011771,0)6^ 4^ 7 1 + "
"(.0000051928,0)4^ 1^ 1 2 + "
"(.0000051928,0)9^ 6^ 6 7 + "
"(.0000013679,0)4^ 6^ 1 8 + "
"(-.0000013679,0)6^ 4^ 1 8 + "
"(-.0000013679,0)4^ 6^ 8 1 + "
"(.0000013679,0)6^ 4^ 8 1 + "
"(.0000060248,0)4^ 1^ 1 3 + "
"(.0000060248,0)9^ 6^ 6 8 + "
"(-.0087954984,0)4^ 6^ 1 9 + "
"(.0087954984,0)6^ 4^ 1 9 + "
"(.0087954984,0)4^ 6^ 9 1 + "
"(-.0087954984,0)6^ 4^ 9 1 + "
"(.0971252221,0)4^ 1^ 1 4 + "
"(.0971252221,0)9^ 6^ 6 9 + "
"(-.0000000365,0)4^ 7^ 1 5 + "
"(.0000000365,0)7^ 4^ 1 5 + "
"(.0000000365,0)4^ 7^ 5 1 + "
"(-.0000000365,0)7^ 4^ 5 1 + "
"(-.0000000089,0)4^ 2^ 1 0 + "
"(-.0000000089,0)9^ 7^ 6 5 + "
"(.0000011771,0)4^ 7^ 1 6 + "
"(-.0000011771,0)7^ 4^ 1 6 + "
"(-.0000011771,0)4^ 7^ 6 1 + "
"(.0000011771,0)7^ 4^ 6 1 + "
"(.0000004161,0)4^ 7^ 1 7 + "
"(-.0000004161,0)7^ 4^ 1 7 + "
"(-.0000004161,0)4^ 7^ 7 1 + "
"(.0000004161,0)7^ 4^ 7 1 + "
"(.0000003696,0)4^ 2^ 1 2 + "
"(.0000003696,0)9^ 7^ 6 7 + "
"(.0000000003,0)4^ 7^ 1 9 + "
"(-.0000000003,0)7^ 4^ 1 9 + "
"(-.0000000003,0)4^ 7^ 9 1 + "
"(.0000000003,0)7^ 4^ 9 1 + "
"(-.0000000060,0)4^ 2^ 1 4 + "
"(-.0000000060,0)9^ 7^ 6 9 + "
"(.0000000038,0)4^ 8^ 1 5 + "
"(-.0000000038,0)8^ 4^ 1 5 + "
"(-.0000000038,0)4^ 8^ 5 1 + "
"(.0000000038,0)8^ 4^ 5 1 + "
"(.0000000156,0)4^ 3^ 1 0 + "
"(.0000000156,0)9^ 8^ 6 5 + "
"(.0000013679,0)4^ 8^ 1 6 + "
"(-.0000013679,0)8^ 4^ 1 6 + "
"(-.0000013679,0)4^ 8^ 6 1 + "
"(.0000013679,0)8^ 4^ 6 1 + "
"(.0000004162,0)4^ 8^ 1 8 + "
"(-.0000004162,0)8^ 4^ 1 8 + "
"(-.0000004162,0)4^ 8^ 8 1 + "
"(.0000004162,0)8^ 4^ 8 1 + "
"(.0000003695,0)4^ 3^ 1 3 + "
"(.0000003695,0)9^ 8^ 6 8 + "
"(.0000000053,0)4^ 8^ 1 9 + "
"(-.0000000053,0)8^ 4^ 1 9 + "
"(-.0000000053,0)4^ 8^ 9 1 + "
"(.0000000053,0)8^ 4^ 9 1 + "
"(-.0000000330,0)4^ 3^ 1 4 + "
"(-.0000000330,0)9^ 8^ 6 9 + "
"(-.0000002459,0)4^ 9^ 1 5 + "
"(.0000002459,0)9^ 4^ 1 5 + "
"(.0000002459,0)4^ 9^ 5 1 + "
"(-.0000002459,0)9^ 4^ 5 1 + "
"(-.0087954984,0)4^ 9^ 1 6 + "
"(.0087954984,0)9^ 4^ 1 6 + "
"(.0087954984,0)4^ 9^ 6 1 + "
"(-.0087954984,0)9^ 4^ 6 1 + "
"(.0000000003,0)4^ 9^ 1 7 + "
"(-.0000000003,0)9^ 4^ 1 7 + "
"(-.0000000003,0)4^ 9^ 7 1 + "
"(.0000000003,0)9^ 4^ 7 1 + "
"(.0000000053,0)4^ 9^ 1 8 + "
"(-.0000000053,0)9^ 4^ 1 8 + "
"(-.0000000053,0)4^ 9^ 8 1 + "
"(.0000000053,0)9^ 4^ 8 1 + "
"(.0000006056,0)4^ 9^ 1 9 + "
"(-.0000006056,0)9^ 4^ 1 9 + "
"(-.0000006056,0)4^ 9^ 9 1 + "
"(.0000006056,0)9^ 4^ 9 1 + "
"(-.0000568838,0)4^ 2 + "
"(-.0000568838,0)9^ 7 + "
"(-.0000054905,0)4^ 5^ 2 5 + "
"(.0000054905,0)5^ 4^ 2 5 + "
"(.0000054905,0)4^ 5^ 5 2 + "
"(-.0000054905,0)5^ 4^ 5 2 + "
"(-.0000069566,0)4^ 0^ 2 0 + "
"(-.0000069566,0)9^ 5^ 7 5 + "
"(-.0000000658,0)4^ 5^ 2 6 + "
"(.0000000658,0)5^ 4^ 2 6 + "
"(.0000000658,0)4^ 5^ 6 2 + "
"(-.0000000658,0)5^ 4^ 6 2 + "
"(-.0000000292,0)4^ 0^ 2 1 + "
"(-.0000000292,0)9^ 5^ 7 6 + "
"(.0021187387,0)4^ 5^ 2 7 + "
"(-.0021187387,0)5^ 4^ 2 7 + "
"(-.0021187387,0)4^ 5^ 7 2 + "
"(.0021187387,0)5^ 4^ 7 2 + "
"(.0000000037,0)4^ 5^ 2 8 + "
"(-.0000000037,0)5^ 4^ 2 8 + "
"(-.0000000037,0)4^ 5^ 8 2 + "
"(.0000000037,0)5^ 4^ 8 2 + "
"(.0000000004,0)4^ 0^ 2 3 + "
"(.0000000004,0)9^ 5^ 7 8 + "
"(-.0000015938,0)4^ 5^ 2 9 + "
"(.0000015938,0)5^ 4^ 2 9 + "
"(.0000015938,0)4^ 5^ 9 2 + "
"(-.0000015938,0)5^ 4^ 9 2 + "
"(.0000234535,0)4^ 0^ 2 4 + "
"(.0000234535,0)9^ 5^ 7 9 + "
"(-.0000000658,0)4^ 6^ 2 5 + "
"(.0000000658,0)6^ 4^ 2 5 + "
"(.0000000658,0)4^ 6^ 5 2 + "
"(-.0000000658,0)6^ 4^ 5 2 + "
"(-.0000000381,0)4^ 1^ 2 0 + "
"(-.0000000381,0)9^ 6^ 7 5 + "
"(-.0000040158,0)4^ 6^ 2 6 + "
"(.0000040158,0)6^ 4^ 2 6 + "
"(.0000040158,0)4^ 6^ 6 2 + "
"(-.0000040158,0)6^ 4^ 6 2 + "
"(-.0000051928,0)4^ 1^ 2 1 + "
"(-.0000051928,0)9^ 6^ 7 6 + "
"(.0000000466,0)4^ 6^ 2 7 + "
"(-.0000000466,0)6^ 4^ 2 7 + "
"(-.0000000466,0)4^ 6^ 7 2 + "
"(.0000000466,0)6^ 4^ 7 2 + "
"(.0000000003,0)4^ 6^ 2 9 + "
"(-.0000000003,0)6^ 4^ 2 9 + "
"(-.0000000003,0)4^ 6^ 9 2 + "
"(.0000000003,0)6^ 4^ 9 2 + "
"(-.0000000060,0)4^ 1^ 2 4 + "
"(-.0000000060,0)9^ 6^ 7 9 + "
"(.0021187387,0)4^ 7^ 2 5 + "
"(-.0021187387,0)7^ 4^ 2 5 + "
"(-.0021187387,0)4^ 7^ 5 2 + "
"(.0021187387,0)7^ 4^ 5 2 + "
"(-.0203020780,0)4^ 2^ 2 0 + "
"(-.0203020780,0)9^ 7^ 7 5 + "
"(.0000000466,0)4^ 7^ 2 6 + "
"(-.0000000466,0)7^ 4^ 2 6 + "
"(-.0000000466,0)4^ 7^ 6 2 + "
"(.0000000466,0)7^ 4^ 6 2 + "
"(-.0000003696,0)4^ 2^ 2 1 + "
"(-.0000003696,0)9^ 7^ 7 6 + "
"(-.0000087743,0)4^ 7^ 2 7 + "
"(.0000087743,0)7^ 4^ 2 7 + "
"(.0000087743,0)4^ 7^ 7 2 + "
"(-.0000087743,0)7^ 4^ 7 2 + "
"(-.0000014692,0)4^ 7^ 2 8 + "
"(.0000014692,0)7^ 4^ 2 8 + "
"(.0000014692,0)4^ 7^ 8 2 + "
"(-.0000014692,0)7^ 4^ 8 2 + "
"(.0000057918,0)4^ 2^ 2 3 + "
"(.0000057918,0)9^ 7^ 7 8 + "
"(-.0047766003,0)4^ 7^ 2 9 + "
"(.0047766003,0)7^ 4^ 2 9 + "
"(.0047766003,0)4^ 7^ 9 2 + "
"(-.0047766003,0)7^ 4^ 9 2 + "
"(.0953852614,0)4^ 2^ 2 4 + "
"(.0953852614,0)9^ 7^ 7 9 + "
"(.0000000037,0)4^ 8^ 2 5 + "
"(-.0000000037,0)8^ 4^ 2 5 + "
"(-.0000000037,0)4^ 8^ 5 2 + "
"(.0000000037,0)8^ 4^ 5 2 + "
"(.0000000009,0)4^ 3^ 2 0 + "
"(.0000000009,0)9^ 8^ 7 5 + "
"(-.0000014692,0)4^ 8^ 2 7 + "
"(.0000014692,0)8^ 4^ 2 7 + "
"(.0000014692,0)4^ 8^ 7 2 + "
"(-.0000014692,0)8^ 4^ 7 2 + "
"(-.0000062881,0)4^ 8^ 2 8 + "
"(.0000062881,0)8^ 4^ 2 8 + "
"(.0000062881,0)4^ 8^ 8 2 + "
"(-.0000062881,0)8^ 4^ 8 2 + "
"(-.0000050154,0)4^ 3^ 2 3 + "
"(-.0000050154,0)9^ 8^ 7 8 + "
"(.0000000009,0)4^ 8^ 2 9 + "
"(-.0000000009,0)8^ 4^ 2 9 + "
"(-.0000000009,0)4^ 8^ 9 2 + "
"(.0000000009,0)8^ 4^ 9 2 + "
"(-.0000000140,0)4^ 3^ 2 4 + "
"(-.0000000140,0)9^ 8^ 7 9 + "
"(-.0000015938,0)4^ 9^ 2 5 + "
"(.0000015938,0)9^ 4^ 2 5 + "
"(.0000015938,0)4^ 9^ 5 2 + "
"(-.0000015938,0)9^ 4^ 5 2 + "
"(.0000000003,0)4^ 9^ 2 6 + "
"(-.0000000003,0)9^ 4^ 2 6 + "
"(-.0000000003,0)4^ 9^ 6 2 + "
"(.0000000003,0)9^ 4^ 6 2 + "
"(-.0047766003,0)4^ 9^ 2 7 + "
"(.0047766003,0)9^ 4^ 2 7 + "
"(.0047766003,0)4^ 9^ 7 2 + "
"(-.0047766003,0)9^ 4^ 7 2 + "
"(.0000000009,0)4^ 9^ 2 8 + "
"(-.0000000009,0)9^ 4^ 2 8 + "
"(-.0000000009,0)4^ 9^ 8 2 + "
"(.0000000009,0)9^ 4^ 8 2 + "
"(-.0000075963,0)4^ 9^ 2 9 + "
"(.0000075963,0)9^ 4^ 2 9 + "
"(.0000075963,0)4^ 9^ 9 2 + "
"(-.0000075963,0)9^ 4^ 9 2 + "
"(-.0000652796,0)4^ 3 + "
"(-.0000652796,0)9^ 8 + "
"(-.0000063517,0)4^ 5^ 3 5 + "
"(.0000063517,0)5^ 4^ 3 5 + "
"(.0000063517,0)4^ 5^ 5 3 + "
"(-.0000063517,0)5^ 4^ 5 3 + "
"(-.0000080282,0)4^ 0^ 3 0 + "
"(-.0000080282,0)9^ 5^ 8 5 + "
"(-.0000000008,0)4^ 5^ 3 6 + "
"(.0000000008,0)5^ 4^ 3 6 + "
"(.0000000008,0)4^ 5^ 6 3 + "
"(-.0000000008,0)5^ 4^ 6 3 + "
"(-.0000000047,0)4^ 0^ 3 1 + "
"(-.0000000047,0)9^ 5^ 8 6 + "
"(.0000000033,0)4^ 5^ 3 7 + "
"(-.0000000033,0)5^ 4^ 3 7 + "
"(-.0000000033,0)4^ 5^ 7 3 + "
"(.0000000033,0)5^ 4^ 7 3 + "
"(-.0000000004,0)4^ 0^ 3 2 + "
"(-.0000000004,0)9^ 5^ 8 7 + "
"(.0021189559,0)4^ 5^ 3 8 + "
"(-.0021189559,0)5^ 4^ 3 8 + "
"(-.0021189559,0)4^ 5^ 8 3 + "
"(.0021189559,0)5^ 4^ 8 3 + "
"(-.0000018282,0)4^ 5^ 3 9 + "
"(.0000018282,0)5^ 4^ 3 9 + "
"(.0000018282,0)4^ 5^ 9 3 + "
"(-.0000018282,0)5^ 4^ 9 3 + "
"(.0000270000,0)4^ 0^ 3 4 + "
"(.0000270000,0)9^ 5^ 8 9 + "
"(-.0000000008,0)4^ 6^ 3 5 + "
"(.0000000008,0)6^ 4^ 3 5 + "
"(.0000000008,0)4^ 6^ 5 3 + "
"(-.0000000008,0)6^ 4^ 5 3 + "
"(.0000000109,0)4^ 1^ 3 0 + "
"(.0000000109,0)9^ 6^ 8 5 + "
"(-.0000046569,0)4^ 6^ 3 6 + "
"(.0000046569,0)6^ 4^ 3 6 + "
"(.0000046569,0)4^ 6^ 6 3 + "
"(-.0000046569,0)6^ 4^ 6 3 + "
"(-.0000060248,0)4^ 1^ 3 1 + "
"(-.0000060248,0)9^ 6^ 8 6 + "
"(.0000000467,0)4^ 6^ 3 8 + "
"(-.0000000467,0)6^ 4^ 3 8 + "
"(-.0000000467,0)4^ 6^ 8 3 + "
"(.0000000467,0)6^ 4^ 8 3 + "
"(.0000000053,0)4^ 6^ 3 9 + "
"(-.0000000053,0)6^ 4^ 3 9 + "
"(-.0000000053,0)4^ 6^ 9 3 + "
"(.0000000053,0)6^ 4^ 9 3 + "
"(-.0000000330,0)4^ 1^ 3 4 + "
"(-.0000000330,0)9^ 6^ 8 9 + "
"(.0000000033,0)4^ 7^ 3 5 + "
"(-.0000000033,0)7^ 4^ 3 5 + "
"(-.0000000033,0)4^ 7^ 5 3 + "
"(.0000000033,0)7^ 4^ 5 3 + "
"(.0000000005,0)4^ 2^ 3 0 + "
"(.0000000005,0)9^ 7^ 8 5 + "
"(-.0000072610,0)4^ 7^ 3 7 + "
"(.0000072610,0)7^ 4^ 3 7 + "
"(.0000072610,0)4^ 7^ 7 3 + "
"(-.0000072610,0)7^ 4^ 7 3 + "
"(-.0000057918,0)4^ 2^ 3 2 + "
"(-.0000057918,0)9^ 7^ 8 7 + "
"(-.0000012727,0)4^ 7^ 3 8 + "
"(.0000012727,0)7^ 4^ 3 8 + "
"(.0000012727,0)4^ 7^ 8 3 + "
"(-.0000012727,0)7^ 4^ 8 3 + "
"(.0000000009,0)4^ 7^ 3 9 + "
"(-.0000000009,0)7^ 4^ 3 9 + "
"(-.0000000009,0)4^ 7^ 9 3 + "
"(.0000000009,0)7^ 4^ 9 3 + "
"(-.0000000140,0)4^ 2^ 3 4 + "
"(-.0000000140,0)9^ 7^ 8 9 + "
"(.0021189559,0)4^ 8^ 3 5 + "
"(-.0021189559,0)8^ 4^ 3 5 + "
"(-.0021189559,0)4^ 8^ 5 3 + "
"(.0021189559,0)8^ 4^ 5 3 + "
"(-.0203022158,0)4^ 3^ 3 0 + "
"(-.0203022158,0)9^ 8^ 8 5 + "
"(.0000000467,0)4^ 8^ 3 6 + "
"(-.0000000467,0)8^ 4^ 3 6 + "
"(-.0000000467,0)4^ 8^ 6 3 + "
"(.0000000467,0)8^ 4^ 6 3 + "
"(-.0000003695,0)4^ 3^ 3 1 + "
"(-.0000003695,0)9^ 8^ 8 6 + "
"(-.0000012727,0)4^ 8^ 3 7 + "
"(.0000012727,0)8^ 4^ 3 7 + "
"(.0000012727,0)4^ 8^ 7 3 + "
"(-.0000012727,0)8^ 4^ 7 3 + "
"(.0000050154,0)4^ 3^ 3 2 + "
"(.0000050154,0)9^ 8^ 8 7 + "
"(-.0000101100,0)4^ 8^ 3 8 + "
"(.0000101100,0)8^ 4^ 3 8 + "
"(.0000101100,0)4^ 8^ 8 3 + "
"(-.0000101100,0)8^ 4^ 8 3 + "
"(-.0047766280,0)4^ 8^ 3 9 + "
"(.0047766280,0)8^ 4^ 3 9 + "
"(.0047766280,0)4^ 8^ 9 3 + "
"(-.0047766280,0)8^ 4^ 9 3 + "
"(.0953858010,0)4^ 3^ 3 4 + "
"(.0953858010,0)9^ 8^ 8 9 + "
"(-.0000018282,0)4^ 9^ 3 5 + "
"(.0000018282,0)9^ 4^ 3 5 + "
"(.0000018282,0)4^ 9^ 5 3 + "
"(-.0000018282,0)9^ 4^ 5 3 + "
"(.0000000053,0)4^ 9^ 3 6 + "
"(-.0000000053,0)9^ 4^ 3 6 + "
"(-.0000000053,0)4^ 9^ 6 3 + "
"(.0000000053,0)9^ 4^ 6 3 + "
"(.0000000009,0)4^ 9^ 3 7 + "
"(-.0000000009,0)9^ 4^ 3 7 + "
"(-.0000000009,0)4^ 9^ 7 3 + "
"(.0000000009,0)9^ 4^ 7 3 + "
"(-.0047766280,0)4^ 9^ 3 8 + "
"(.0047766280,0)9^ 4^ 3 8 + "
"(.0047766280,0)4^ 9^ 8 3 + "
"(-.0047766280,0)9^ 4^ 8 3 + "
"(-.0000087928,0)4^ 9^ 3 9 + "
"(.0000087928,0)9^ 4^ 3 9 + "
"(.0000087928,0)4^ 9^ 9 3 + "
"(-.0000087928,0)9^ 4^ 9 3 + "
"(-.1668413670,0)4^ 4 + "
"(-.1668413670,0)9^ 9 + "
"(-.1080708874,0)4^ 5^ 4 5 + "
"(.1080708874,0)5^ 4^ 4 5 + "
"(.1080708874,0)4^ 5^ 5 4 + "
"(-.1080708874,0)5^ 4^ 5 4 + "
"(-.0872054594,0)4^ 0^ 4 0 + "
"(-.0872054594,0)9^ 5^ 9 5 + "
"(-.0000000424,0)4^ 5^ 4 6 + "
"(.0000000424,0)5^ 4^ 4 6 + "
"(.0000000424,0)4^ 5^ 6 4 + "
"(-.0000000424,0)5^ 4^ 6 4 + "
"(.0000002034,0)4^ 0^ 4 1 + "
"(.0000002034,0)9^ 5^ 9 6 + "
"(-.0000250473,0)4^ 5^ 4 7 + "
"(.0000250473,0)5^ 4^ 4 7 + "
"(.0000250473,0)4^ 5^ 7 4 + "
"(-.0000250473,0)5^ 4^ 7 4 + "
"(-.0000234535,0)4^ 0^ 4 2 + "
"(-.0000234535,0)9^ 5^ 9 7 + "
"(-.0000288281,0)4^ 5^ 4 8 + "
"(.0000288281,0)5^ 4^ 4 8 + "
"(.0000288281,0)4^ 5^ 8 4 + "
"(-.0000288281,0)5^ 4^ 8 4 + "
"(-.0000270000,0)4^ 0^ 4 3 + "
"(-.0000270000,0)9^ 5^ 9 8 + "
"(.0272781378,0)4^ 5^ 4 9 + "
"(-.0272781378,0)5^ 4^ 4 9 + "
"(-.0272781378,0)4^ 5^ 9 4 + "
"(.0272781378,0)5^ 4^ 9 4 + "
"(-.0000000424,0)4^ 6^ 4 5 + "
"(.0000000424,0)6^ 4^ 4 5 + "
"(.0000000424,0)4^ 6^ 5 4 + "
"(-.0000000424,0)6^ 4^ 5 4 + "
"(.0000002034,0)4^ 1^ 4 0 + "
"(.0000002034,0)9^ 6^ 9 5 + "
"(-.1059207205,0)4^ 6^ 4 6 + "
"(.1059207205,0)6^ 4^ 4 6 + "
"(.1059207205,0)4^ 6^ 6 4 + "
"(-.1059207205,0)6^ 4^ 6 4 + "
"(-.0971252221,0)4^ 1^ 4 1 + "
"(-.0971252221,0)9^ 6^ 9 6 + "
"(.0000000063,0)4^ 6^ 4 7 + "
"(-.0000000063,0)6^ 4^ 4 7 + "
"(-.0000000063,0)4^ 6^ 7 4 + "
"(.0000000063,0)6^ 4^ 7 4 + "
"(.0000000060,0)4^ 1^ 4 2 + "
"(.0000000060,0)9^ 6^ 9 7 + "
"(.0000000384,0)4^ 6^ 4 8 + "
"(-.0000000384,0)6^ 4^ 4 8 + "
"(-.0000000384,0)4^ 6^ 8 4 + "
"(.0000000384,0)6^ 4^ 8 4 + "
"(.0000000330,0)4^ 1^ 4 3 + "
"(.0000000330,0)9^ 6^ 9 8 + "
"(.0000006056,0)4^ 6^ 4 9 + "
"(-.0000006056,0)6^ 4^ 4 9 + "
"(-.0000006056,0)4^ 6^ 9 4 + "
"(.0000006056,0)6^ 4^ 9 4 + "
"(-.0000250473,0)4^ 7^ 4 5 + "
"(.0000250473,0)7^ 4^ 4 5 + "
"(.0000250473,0)4^ 7^ 5 4 + "
"(-.0000250473,0)7^ 4^ 5 4 + "
"(-.0000234535,0)4^ 2^ 4 0 + "
"(-.0000234535,0)9^ 7^ 9 5 + "
"(.0000000063,0)4^ 7^ 4 6 + "
"(-.0000000063,0)7^ 4^ 4 6 + "
"(-.0000000063,0)4^ 7^ 6 4 + "
"(.0000000063,0)7^ 4^ 6 4 + "
"(.0000000060,0)4^ 2^ 4 1 + "
"(.0000000060,0)9^ 7^ 9 6 + "
"(-.1001618617,0)4^ 7^ 4 7 + "
"(.1001618617,0)7^ 4^ 4 7 + "
"(.1001618617,0)4^ 7^ 7 4 + "
"(-.1001618617,0)7^ 4^ 7 4 + "
"(-.0953852614,0)4^ 2^ 4 2 + "
"(-.0953852614,0)9^ 7^ 9 7 + "
"(.0000000149,0)4^ 7^ 4 8 + "
"(-.0000000149,0)7^ 4^ 4 8 + "
"(-.0000000149,0)4^ 7^ 8 4 + "
"(.0000000149,0)7^ 4^ 8 4 + "
"(.0000000140,0)4^ 2^ 4 3 + "
"(.0000000140,0)9^ 7^ 9 8 + "
"(-.0000075963,0)4^ 7^ 4 9 + "
"(.0000075963,0)7^ 4^ 4 9 + "
"(.0000075963,0)4^ 7^ 9 4 + "
"(-.0000075963,0)7^ 4^ 9 4 + "
"(-.0000288281,0)4^ 8^ 4 5 + "
"(.0000288281,0)8^ 4^ 4 5 + "
"(.0000288281,0)4^ 8^ 5 4 + "
"(-.0000288281,0)8^ 4^ 5 4 + "
"(-.0000270000,0)4^ 3^ 4 0 + "
"(-.0000270000,0)9^ 8^ 9 5 + "
"(.0000000384,0)4^ 8^ 4 6 + "
"(-.0000000384,0)8^ 4^ 4 6 + "
"(-.0000000384,0)4^ 8^ 6 4 + "
"(.0000000384,0)8^ 4^ 6 4 + "
"(.0000000330,0)4^ 3^ 4 1 + "
"(.0000000330,0)9^ 8^ 9 6 + "
"(.0000000149,0)4^ 8^ 4 7 + "
"(-.0000000149,0)8^ 4^ 4 7 + "
"(-.0000000149,0)4^ 8^ 7 4 + "
"(.0000000149,0)8^ 4^ 7 4 + "
"(.0000000140,0)4^ 3^ 4 2 + "
"(.0000000140,0)9^ 8^ 9 7 + "
"(-.1001624290,0)4^ 8^ 4 8 + "
"(.1001624290,0)8^ 4^ 4 8 + "
"(.1001624290,0)4^ 8^ 8 4 + "
"(-.1001624290,0)8^ 4^ 8 4 + "
"(-.0953858010,0)4^ 3^ 4 3 + "
"(-.0953858010,0)9^ 8^ 9 8 + "
"(-.0000087928,0)4^ 8^ 4 9 + "
"(.0000087928,0)8^ 4^ 4 9 + "
"(.0000087928,0)4^ 8^ 9 4 + "
"(-.0000087928,0)8^ 4^ 9 4 + "
"(.0272781378,0)4^ 9^ 4 5 + "
"(-.0272781378,0)9^ 4^ 4 5 + "
"(-.0272781378,0)4^ 9^ 5 4 + "
"(.0272781378,0)9^ 4^ 5 4 + "
"(.0000006056,0)4^ 9^ 4 6 + "
"(-.0000006056,0)9^ 4^ 4 6 + "
"(-.0000006056,0)4^ 9^ 6 4 + "
"(.0000006056,0)9^ 4^ 6 4 + "
"(-.0000075963,0)4^ 9^ 4 7 + "
"(.0000075963,0)9^ 4^ 4 7 + "
"(.0000075963,0)4^ 9^ 7 4 + "
"(-.0000075963,0)9^ 4^ 7 4 + "
"(-.0000087928,0)4^ 9^ 4 8 + "
"(.0000087928,0)9^ 4^ 4 8 + "
"(.0000087928,0)4^ 9^ 8 4 + "
"(-.0000087928,0)9^ 4^ 8 4 + "
"(-.1054516089,0)4^ 9^ 4 9 + "
"(.1054516089,0)9^ 4^ 4 9 + "
"(.1054516089,0)4^ 9^ 9 4 + "
"(-.1054516089,0)9^ 4^ 9 4 + "
"(.3527848327,0)"
