"(-1.4429389163,0)0^ 0 + "
"(-1.4429389163,0)5^ 5 + "
"(-.1888842883,0)0^ 5^ 0 5 + "
"(.1888842883,0)5^ 0^ 0 5 + "
"(.1888842883,0)0^ 5^ 5 0 + "
"(-.1888842883,0)5^ 0^ 5 0 + "
"(.0000529883,0)0^ 5^ 0 6 + "
"(-.0000529883,0)5^ 0^ 0 6 + "
"(-.0000529883,0)0^ 5^ 6 0 + "
"(.0000529883,0)5^ 0^ 6 0 + "
"(-.0524247070,0)0^ 5^ 0 7 + "
"(.0524247070,0)5^ 0^ 0 7 + "
"(.0524247070,0)0^ 5^ 7 0 + "
"(-.0524247070,0)5^ 0^ 7 0 + "
"(-.0000095954,0)0^ 5^ 0 8 + "
"(.0000095954,0)5^ 0^ 0 8 + "
"(.0000095954,0)0^ 5^ 8 0 + "
"(-.0000095954,0)5^ 0^ 8 0 + "
"(.0000083065,0)0^ 5^ 0 9 + "
"(-.0000083065,0)5^ 0^ 0 9 + "
"(-.0000083065,0)0^ 5^ 9 0 + "
"(.0000083065,0)5^ 0^ 9 0 + "
"(.0000529883,0)0^ 6^ 0 5 + "
"(-.0000529883,0)6^ 0^ 0 5 + "
"(-.0000529883,0)0^ 6^ 5 0 + "
"(.0000529883,0)6^ 0^ 5 0 + "
"(-.1802676427,0)0^ 6^ 0 6 + "
"(.1802676427,0)6^ 0^ 0 6 + "
"(.1802676427,0)0^ 6^ 6 0 + "
"(-.1802676427,0)6^ 0^ 6 0 + "
"(-.1388015618,0)0^ 1^ 0 1 + "
"(-.1388015618,0)5^ 6^ 5 6 + "
"(-.0000196294,0)0^ 6^ 0 7 + "
"(.0000196294,0)6^ 0^ 0 7 + "
"(.0000196294,0)0^ 6^ 7 0 + "
"(-.0000196294,0)6^ 0^ 7 0 + "
"(-.0000148877,0)0^ 1^ 0 2 + "
"(-.0000148877,0)5^ 6^ 5 7 + "
"(-.0000000187,0)0^ 6^ 0 8 + "
"(.0000000187,0)6^ 0^ 0 8 + "
"(.0000000187,0)0^ 6^ 8 0 + "
"(-.0000000187,0)6^ 0^ 8 0 + "
"(-.0000000085,0)0^ 1^ 0 3 + "
"(-.0000000085,0)5^ 6^ 5 8 + "
"(.0000000105,0)0^ 6^ 0 9 + "
"(-.0000000105,0)6^ 0^ 0 9 + "
"(-.0000000105,0)0^ 6^ 9 0 + "
"(.0000000105,0)6^ 0^ 9 0 + "
"(.0000000051,0)0^ 1^ 0 4 + "
"(.0000000051,0)5^ 6^ 5 9 + "
"(-.0524247070,0)0^ 7^ 0 5 + "
"(.0524247070,0)7^ 0^ 0 5 + "
"(.0524247070,0)0^ 7^ 5 0 + "
"(-.0524247070,0)7^ 0^ 5 0 + "
"(-.0000196294,0)0^ 7^ 0 6 + "
"(.0000196294,0)7^ 0^ 0 6 + "
"(.0000196294,0)0^ 7^ 6 0 + "
"(-.0000196294,0)7^ 0^ 6 0 + "
"(-.0000148877,0)0^ 2^ 0 1 + "
"(-.0000148877,0)5^ 7^ 5 6 + "
"(-.1672108102,0)0^ 7^ 0 7 + "
"(.1672108102,0)7^ 0^ 0 7 + "
"(.1672108102,0)0^ 7^ 7 0 + "
"(-.1672108102,0)7^ 0^ 7 0 + "
"(-.1287332589,0)0^ 2^ 0 2 + "
"(-.1287332589,0)5^ 7^ 5 7 + "
"(.0000006970,0)0^ 7^ 0 8 + "
"(-.0000006970,0)7^ 0^ 0 8 + "
"(-.0000006970,0)0^ 7^ 8 0 + "
"(.0000006970,0)7^ 0^ 8 0 + "
"(.0000016058,0)0^ 2^ 0 3 + "
"(.0000016058,0)5^ 7^ 5 8 + "
"(-.0000006050,0)0^ 7^ 0 9 + "
"(.0000006050,0)7^ 0^ 0 9 + "
"(.0000006050,0)0^ 7^ 9 0 + "
"(-.0000006050,0)7^ 0^ 9 0 + "
"(-.0000013913,0)0^ 2^ 0 4 + "
"(-.0000013913,0)5^ 7^ 5 9 + "
"(-.0000095954,0)0^ 8^ 0 5 + "
"(.0000095954,0)8^ 0^ 0 5 + "
"(.0000095954,0)0^ 8^ 5 0 + "
"(-.0000095954,0)8^ 0^ 5 0 + "
"(-.0000000187,0)0^ 8^ 0 6 + "
"(.0000000187,0)8^ 0^ 0 6 + "
"(.0000000187,0)0^ 8^ 6 0 + "
"(-.0000000187,0)8^ 0^ 6 0 + "
"(-.0000000085,0)0^ 3^ 0 1 + "
"(-.0000000085,0)5^ 8^ 5 6 + "
"(.0000006970,0)0^ 8^ 0 7 + "
"(-.0000006970,0)8^ 0^ 0 7 + "
"(-.0000006970,0)0^ 8^ 7 0 + "
"(.0000006970,0)8^ 0^ 7 0 + "
"(.0000016058,0)0^ 3^ 0 2 + "
"(.0000016058,0)5^ 8^ 5 7 + "
"(-.1771773675,0)0^ 8^ 0 8 + "
"(.1771773675,0)8^ 0^ 0 8 + "
"(.1771773675,0)0^ 8^ 8 0 + "
"(-.1771773675,0)8^ 0^ 8 0 + "
"(-.1420019290,0)0^ 3^ 0 3 + "
"(-.1420019290,0)5^ 8^ 5 8 + "
"(-.0000000003,0)0^ 3^ 0 4 + "
"(-.0000000003,0)5^ 8^ 5 9 + "
"(.0000083065,0)0^ 9^ 0 5 + "
"(-.0000083065,0)9^ 0^ 0 5 + "
"(-.0000083065,0)0^ 9^ 5 0 + "
"(.0000083065,0)9^ 0^ 5 0 + "
"(.0000000105,0)0^ 9^ 0 6 + "
"(-.0000000105,0)9^ 0^ 0 6 + "
"(-.0000000105,0)0^ 9^ 6 0 + "
"(.0000000105,0)9^ 0^ 6 0 + "
"(.0000000051,0)0^ 4^ 0 1 + "
"(.0000000051,0)5^ 9^ 5 6 + "
"(-.0000006050,0)0^ 9^ 0 7 + "
"(.0000006050,0)9^ 0^ 0 7 + "
"(.0000006050,0)0^ 9^ 7 0 + "
"(-.0000006050,0)9^ 0^ 7 0 + "
"(-.0000013913,0)0^ 4^ 0 2 + "
"(-.0000013913,0)5^ 9^ 5 7 + "
"(-.0000000003,0)0^ 4^ 0 3 + "
"(-.0000000003,0)5^ 9^ 5 8 + "
"(-.1771774415,0)0^ 9^ 0 9 + "
"(.1771774415,0)9^ 0^ 0 9 + "
"(.1771774415,0)0^ 9^ 9 0 + "
"(-.1771774415,0)9^ 0^ 9 0 + "
"(-.1420019848,0)0^ 4^ 0 4 + "
"(-.1420019848,0)5^ 9^ 5 9 + "
"(.0002119546,0)0^ 1 + "
"(.0002119546,0)5^ 6 + "
"(.0000529883,0)0^ 5^ 1 5 + "
"(-.0000529883,0)5^ 0^ 1 5 + "
"(-.0000529883,0)0^ 5^ 5 1 + "
"(.0000529883,0)5^ 0^ 5 1 + "
"(-.0414660809,0)0^ 5^ 1 6 + "
"(.0414660809,0)5^ 0^ 1 6 + "
"(.0414660809,0)0^ 5^ 6 1 + "
"(-.0414660809,0)5^ 0^ 6 1 + "
"(-.0000047417,0)0^ 5^ 1 7 + "
"(.0000047417,0)5^ 0^ 1 7 + "
"(.0000047417,0)0^ 5^ 7 1 + "
"(-.0000047417,0)5^ 0^ 7 1 + "
"(-.0000000102,0)0^ 5^ 1 8 + "
"(.0000000102,0)5^ 0^ 1 8 + "
"(.0000000102,0)0^ 5^ 8 1 + "
"(-.0000000102,0)5^ 0^ 8 1 + "
"(.0000000054,0)0^ 5^ 1 9 + "
"(-.0000000054,0)5^ 0^ 1 9 + "
"(-.0000000054,0)0^ 5^ 9 1 + "
"(.0000000054,0)5^ 0^ 9 1 + "
"(-.0414660809,0)0^ 6^ 1 5 + "
"(.0414660809,0)6^ 0^ 1 5 + "
"(.0414660809,0)0^ 6^ 5 1 + "
"(-.0414660809,0)6^ 0^ 5 1 + "
"(.1388015618,0)0^ 1^ 1 0 + "
"(.1388015618,0)5^ 6^ 6 5 + "
"(.0000528905,0)0^ 6^ 1 6 + "
"(-.0000528905,0)6^ 0^ 1 6 + "
"(-.0000528905,0)0^ 6^ 6 1 + "
"(.0000528905,0)6^ 0^ 6 1 + "
"(-.0047106914,0)0^ 6^ 1 7 + "
"(.0047106914,0)6^ 0^ 1 7 + "
"(.0047106914,0)0^ 6^ 7 1 + "
"(-.0047106914,0)6^ 0^ 7 1 + "
"(.0365270650,0)0^ 1^ 1 2 + "
"(.0365270650,0)5^ 6^ 6 7 + "
"(-.0000006488,0)0^ 6^ 1 8 + "
"(.0000006488,0)6^ 0^ 1 8 + "
"(.0000006488,0)0^ 6^ 8 1 + "
"(-.0000006488,0)6^ 0^ 8 1 + "
"(.0000067824,0)0^ 1^ 1 3 + "
"(.0000067824,0)5^ 6^ 6 8 + "
"(.0000005672,0)0^ 6^ 1 9 + "
"(-.0000005672,0)6^ 0^ 1 9 + "
"(-.0000005672,0)0^ 6^ 9 1 + "
"(.0000005672,0)6^ 0^ 9 1 + "
"(-.0000058682,0)0^ 1^ 1 4 + "
"(-.0000058682,0)5^ 6^ 6 9 + "
"(-.0000047417,0)0^ 7^ 1 5 + "
"(.0000047417,0)7^ 0^ 1 5 + "
"(.0000047417,0)0^ 7^ 5 1 + "
"(-.0000047417,0)7^ 0^ 5 1 + "
"(.0000148877,0)0^ 2^ 1 0 + "
"(.0000148877,0)5^ 7^ 6 5 + "
"(-.0047106914,0)0^ 7^ 1 6 + "
"(.0047106914,0)7^ 0^ 1 6 + "
"(.0047106914,0)0^ 7^ 6 1 + "
"(-.0047106914,0)7^ 0^ 6 1 + "
"(.0000355046,0)0^ 7^ 1 7 + "
"(-.0000355046,0)7^ 0^ 1 7 + "
"(-.0000355046,0)0^ 7^ 7 1 + "
"(.0000355046,0)7^ 0^ 7 1 + "
"(.0000372112,0)0^ 2^ 1 2 + "
"(.0000372112,0)5^ 7^ 6 7 + "
"(-.0000000072,0)0^ 7^ 1 8 + "
"(.0000000072,0)7^ 0^ 1 8 + "
"(.0000000072,0)0^ 7^ 8 1 + "
"(-.0000000072,0)7^ 0^ 8 1 + "
"(-.0000000011,0)0^ 2^ 1 3 + "
"(-.0000000011,0)5^ 7^ 6 8 + "
"(.0000000038,0)0^ 7^ 1 9 + "
"(-.0000000038,0)7^ 0^ 1 9 + "
"(-.0000000038,0)0^ 7^ 9 1 + "
"(.0000000038,0)7^ 0^ 9 1 + "
"(.0000000004,0)0^ 2^ 1 4 + "
"(.0000000004,0)5^ 7^ 6 9 + "
"(-.0000000102,0)0^ 8^ 1 5 + "
"(.0000000102,0)8^ 0^ 1 5 + "
"(.0000000102,0)0^ 8^ 5 1 + "
"(-.0000000102,0)8^ 0^ 5 1 + "
"(.0000000085,0)0^ 3^ 1 0 + "
"(.0000000085,0)5^ 8^ 6 5 + "
"(-.0000006488,0)0^ 8^ 1 6 + "
"(.0000006488,0)8^ 0^ 1 6 + "
"(.0000006488,0)0^ 8^ 6 1 + "
"(-.0000006488,0)8^ 0^ 6 1 + "
"(-.0000000072,0)0^ 8^ 1 7 + "
"(.0000000072,0)8^ 0^ 1 7 + "
"(.0000000072,0)0^ 8^ 7 1 + "
"(-.0000000072,0)8^ 0^ 7 1 + "
"(.0000000017,0)0^ 3^ 1 2 + "
"(.0000000017,0)5^ 8^ 6 7 + "
"(.0000415564,0)0^ 8^ 1 8 + "
"(-.0000415564,0)8^ 0^ 1 8 + "
"(-.0000415564,0)0^ 8^ 8 1 + "
"(.0000415564,0)8^ 0^ 8 1 + "
"(.0000371046,0)0^ 3^ 1 3 + "
"(.0000371046,0)5^ 8^ 6 8 + "
"(.0000000054,0)0^ 9^ 1 5 + "
"(-.0000000054,0)9^ 0^ 1 5 + "
"(-.0000000054,0)0^ 9^ 5 1 + "
"(.0000000054,0)9^ 0^ 5 1 + "
"(-.0000000051,0)0^ 4^ 1 0 + "
"(-.0000000051,0)5^ 9^ 6 5 + "
"(.0000005672,0)0^ 9^ 1 6 + "
"(-.0000005672,0)9^ 0^ 1 6 + "
"(-.0000005672,0)0^ 9^ 6 1 + "
"(.0000005672,0)9^ 0^ 6 1 + "
"(.0000000038,0)0^ 9^ 1 7 + "
"(-.0000000038,0)9^ 0^ 1 7 + "
"(-.0000000038,0)0^ 9^ 7 1 + "
"(.0000000038,0)9^ 0^ 7 1 + "
"(-.0000000009,0)0^ 4^ 1 2 + "
"(-.0000000009,0)5^ 9^ 6 7 + "
"(.0000415565,0)0^ 9^ 1 9 + "
"(-.0000415565,0)9^ 0^ 1 9 + "
"(-.0000415565,0)0^ 9^ 9 1 + "
"(.0000415565,0)9^ 0^ 9 1 + "
"(.0000371046,0)0^ 4^ 1 4 + "
"(.0000371046,0)5^ 9^ 6 9 + "
"(-.2096993519,0)0^ 2 + "
"(-.2096993519,0)5^ 7 + "
"(-.0524247070,0)0^ 5^ 2 5 + "
"(.0524247070,0)5^ 0^ 2 5 + "
"(.0524247070,0)0^ 5^ 5 2 + "
"(-.0524247070,0)5^ 0^ 5 2 + "
"(-.0000047417,0)0^ 5^ 2 6 + "
"(.0000047417,0)5^ 0^ 2 6 + "
"(.0000047417,0)0^ 5^ 6 2 + "
"(-.0000047417,0)5^ 0^ 6 2 + "
"(-.0384775513,0)0^ 5^ 2 7 + "
"(.0384775513,0)5^ 0^ 2 7 + "
"(.0384775513,0)0^ 5^ 7 2 + "
"(-.0384775513,0)5^ 0^ 7 2 + "
"(-.0000009088,0)0^ 5^ 2 8 + "
"(.0000009088,0)5^ 0^ 2 8 + "
"(.0000009088,0)0^ 5^ 8 2 + "
"(-.0000009088,0)5^ 0^ 8 2 + "
"(.0000007863,0)0^ 5^ 2 9 + "
"(-.0000007863,0)5^ 0^ 2 9 + "
"(-.0000007863,0)0^ 5^ 9 2 + "
"(.0000007863,0)5^ 0^ 9 2 + "
"(-.0000047417,0)0^ 6^ 2 5 + "
"(.0000047417,0)6^ 0^ 2 5 + "
"(.0000047417,0)0^ 6^ 5 2 + "
"(-.0000047417,0)6^ 0^ 5 2 + "
"(.0000148877,0)0^ 1^ 2 0 + "
"(.0000148877,0)5^ 6^ 7 5 + "
"(-.0412377564,0)0^ 6^ 2 6 + "
"(.0412377564,0)6^ 0^ 2 6 + "
"(.0412377564,0)0^ 6^ 6 2 + "
"(-.0412377564,0)6^ 0^ 6 2 + "
"(-.0365270650,0)0^ 1^ 2 1 + "
"(-.0365270650,0)5^ 6^ 7 6 + "
"(-.0000017066,0)0^ 6^ 2 7 + "
"(.0000017066,0)6^ 0^ 2 7 + "
"(.0000017066,0)0^ 6^ 7 2 + "
"(-.0000017066,0)6^ 0^ 7 2 + "
"(-.0000000089,0)0^ 6^ 2 8 + "
"(.0000000089,0)6^ 0^ 2 8 + "
"(.0000000089,0)0^ 6^ 8 2 + "
"(-.0000000089,0)6^ 0^ 8 2 + "
"(-.0000000028,0)0^ 1^ 2 3 + "
"(-.0000000028,0)5^ 6^ 7 8 + "
"(.0000000047,0)0^ 6^ 2 9 + "
"(-.0000000047,0)6^ 0^ 2 9 + "
"(-.0000000047,0)0^ 6^ 9 2 + "
"(.0000000047,0)6^ 0^ 9 2 + "
"(.0000000013,0)0^ 1^ 2 4 + "
"(.0000000013,0)5^ 6^ 7 9 + "
"(-.0384775513,0)0^ 7^ 2 5 + "
"(.0384775513,0)7^ 0^ 2 5 + "
"(.0384775513,0)0^ 7^ 5 2 + "
"(-.0384775513,0)7^ 0^ 5 2 + "
"(.1287332589,0)0^ 2^ 2 0 + "
"(.1287332589,0)5^ 7^ 7 5 + "
"(-.0000017066,0)0^ 7^ 2 6 + "
"(.0000017066,0)7^ 0^ 2 6 + "
"(.0000017066,0)0^ 7^ 6 2 + "
"(-.0000017066,0)7^ 0^ 6 2 + "
"(-.0000372112,0)0^ 2^ 2 1 + "
"(-.0000372112,0)5^ 7^ 7 6 + "
"(-.0483319534,0)0^ 7^ 2 7 + "
"(.0483319534,0)7^ 0^ 2 7 + "
"(.0483319534,0)0^ 7^ 7 2 + "
"(-.0483319534,0)7^ 0^ 7 2 + "
"(-.0000015461,0)0^ 7^ 2 8 + "
"(.0000015461,0)7^ 0^ 2 8 + "
"(.0000015461,0)0^ 7^ 8 2 + "
"(-.0000015461,0)7^ 0^ 8 2 + "
"(.0000065874,0)0^ 2^ 2 3 + "
"(.0000065874,0)5^ 7^ 7 8 + "
"(.0000013381,0)0^ 7^ 2 9 + "
"(-.0000013381,0)7^ 0^ 2 9 + "
"(-.0000013381,0)0^ 7^ 9 2 + "
"(.0000013381,0)7^ 0^ 9 2 + "
"(-.0000057035,0)0^ 2^ 2 4 + "
"(-.0000057035,0)5^ 7^ 7 9 + "
"(-.0000009088,0)0^ 8^ 2 5 + "
"(.0000009088,0)8^ 0^ 2 5 + "
"(.0000009088,0)0^ 8^ 5 2 + "
"(-.0000009088,0)8^ 0^ 5 2 + "
"(-.0000016058,0)0^ 3^ 2 0 + "
"(-.0000016058,0)5^ 8^ 7 5 + "
"(-.0000000089,0)0^ 8^ 2 6 + "
"(.0000000089,0)8^ 0^ 2 6 + "
"(.0000000089,0)0^ 8^ 6 2 + "
"(-.0000000089,0)8^ 0^ 6 2 + "
"(-.0000000017,0)0^ 3^ 2 1 + "
"(-.0000000017,0)5^ 8^ 7 6 + "
"(-.0000015461,0)0^ 8^ 2 7 + "
"(.0000015461,0)8^ 0^ 2 7 + "
"(.0000015461,0)0^ 8^ 7 2 + "
"(-.0000015461,0)8^ 0^ 7 2 + "
"(-.0407591885,0)0^ 8^ 2 8 + "
"(.0407591885,0)8^ 0^ 2 8 + "
"(.0407591885,0)0^ 8^ 8 2 + "
"(-.0407591885,0)8^ 0^ 8 2 + "
"(-.0369160193,0)0^ 3^ 2 3 + "
"(-.0369160193,0)5^ 8^ 7 8 + "
"(.0000007863,0)0^ 9^ 2 5 + "
"(-.0000007863,0)9^ 0^ 2 5 + "
"(-.0000007863,0)0^ 9^ 5 2 + "
"(.0000007863,0)9^ 0^ 5 2 + "
"(.0000013913,0)0^ 4^ 2 0 + "
"(.0000013913,0)5^ 9^ 7 5 + "
"(.0000000047,0)0^ 9^ 2 6 + "
"(-.0000000047,0)9^ 0^ 2 6 + "
"(-.0000000047,0)0^ 9^ 6 2 + "
"(.0000000047,0)9^ 0^ 6 2 + "
"(.0000000009,0)0^ 4^ 2 1 + "
"(.0000000009,0)5^ 9^ 7 6 + "
"(.0000013381,0)0^ 9^ 2 7 + "
"(-.0000013381,0)9^ 0^ 2 7 + "
"(-.0000013381,0)0^ 9^ 7 2 + "
"(.0000013381,0)9^ 0^ 7 2 + "
"(-.0407592283,0)0^ 9^ 2 9 + "
"(.0407592283,0)9^ 0^ 2 9 + "
"(.0407592283,0)0^ 9^ 9 2 + "
"(-.0407592283,0)9^ 0^ 9 2 + "
"(-.0369160350,0)0^ 4^ 2 4 + "
"(-.0369160350,0)5^ 9^ 7 9 + "
"(-.0000383815,0)0^ 3 + "
"(-.0000383815,0)5^ 8 + "
"(-.0000095954,0)0^ 5^ 3 5 + "
"(.0000095954,0)5^ 0^ 3 5 + "
"(.0000095954,0)0^ 5^ 5 3 + "
"(-.0000095954,0)5^ 0^ 5 3 + "
"(-.0000000102,0)0^ 5^ 3 6 + "
"(.0000000102,0)5^ 0^ 3 6 + "
"(.0000000102,0)0^ 5^ 6 3 + "
"(-.0000000102,0)5^ 0^ 6 3 + "
"(-.0000009088,0)0^ 5^ 3 7 + "
"(.0000009088,0)5^ 0^ 3 7 + "
"(.0000009088,0)0^ 5^ 7 3 + "
"(-.0000009088,0)5^ 0^ 7 3 + "
"(-.0351754385,0)0^ 5^ 3 8 + "
"(.0351754385,0)5^ 0^ 3 8 + "
"(.0351754385,0)0^ 5^ 8 3 + "
"(-.0351754385,0)5^ 0^ 8 3 + "
"(-.0000000102,0)0^ 6^ 3 5 + "
"(.0000000102,0)6^ 0^ 3 5 + "
"(.0000000102,0)0^ 6^ 5 3 + "
"(-.0000000102,0)6^ 0^ 5 3 + "
"(.0000000085,0)0^ 1^ 3 0 + "
"(.0000000085,0)5^ 6^ 8 5 + "
"(-.0000074312,0)0^ 6^ 3 6 + "
"(.0000074312,0)6^ 0^ 3 6 + "
"(.0000074312,0)0^ 6^ 6 3 + "
"(-.0000074312,0)6^ 0^ 6 3 + "
"(-.0000067824,0)0^ 1^ 3 1 + "
"(-.0000067824,0)5^ 6^ 8 6 + "
"(-.0000000061,0)0^ 6^ 3 7 + "
"(.0000000061,0)6^ 0^ 3 7 + "
"(.0000000061,0)0^ 6^ 7 3 + "
"(-.0000000061,0)6^ 0^ 7 3 + "
"(.0000000028,0)0^ 1^ 3 2 + "
"(.0000000028,0)5^ 6^ 8 7 + "
"(.0000044519,0)0^ 6^ 3 8 + "
"(-.0000044519,0)6^ 0^ 3 8 + "
"(-.0000044519,0)0^ 6^ 8 3 + "
"(.0000044519,0)6^ 0^ 8 3 + "
"(-.0000009088,0)0^ 7^ 3 5 + "
"(.0000009088,0)7^ 0^ 3 5 + "
"(.0000009088,0)0^ 7^ 5 3 + "
"(-.0000009088,0)7^ 0^ 5 3 + "
"(-.0000016058,0)0^ 2^ 3 0 + "
"(-.0000016058,0)5^ 7^ 8 5 + "
"(-.0000000061,0)0^ 7^ 3 6 + "
"(.0000000061,0)7^ 0^ 3 6 + "
"(.0000000061,0)0^ 7^ 6 3 + "
"(-.0000000061,0)7^ 0^ 6 3 + "
"(.0000000011,0)0^ 2^ 3 1 + "
"(.0000000011,0)5^ 7^ 8 6 + "
"(-.0000081334,0)0^ 7^ 3 7 + "
"(.0000081334,0)7^ 0^ 3 7 + "
"(.0000081334,0)0^ 7^ 7 3 + "
"(-.0000081334,0)7^ 0^ 7 3 + "
"(-.0000065874,0)0^ 2^ 3 2 + "
"(-.0000065874,0)5^ 7^ 8 7 + "
"(-.0038431693,0)0^ 7^ 3 8 + "
"(.0038431693,0)7^ 0^ 3 8 + "
"(.0038431693,0)0^ 7^ 8 3 + "
"(-.0038431693,0)7^ 0^ 8 3 + "
"(-.0351754385,0)0^ 8^ 3 5 + "
"(.0351754385,0)8^ 0^ 3 5 + "
"(.0351754385,0)0^ 8^ 5 3 + "
"(-.0351754385,0)8^ 0^ 5 3 + "
"(.1420019290,0)0^ 3^ 3 0 + "
"(.1420019290,0)5^ 8^ 8 5 + "
"(.0000044519,0)0^ 8^ 3 6 + "
"(-.0000044519,0)8^ 0^ 3 6 + "
"(-.0000044519,0)0^ 8^ 6 3 + "
"(.0000044519,0)8^ 0^ 6 3 + "
"(-.0000371046,0)0^ 3^ 3 1 + "
"(-.0000371046,0)5^ 8^ 8 6 + "
"(-.0038431693,0)0^ 8^ 3 7 + "
"(.0038431693,0)8^ 0^ 3 7 + "
"(.0038431693,0)0^ 8^ 7 3 + "
"(-.0038431693,0)8^ 0^ 7 3 + "
"(.0369160193,0)0^ 3^ 3 2 + "
"(.0369160193,0)5^ 8^ 8 7 + "
"(-.0000086068,0)0^ 8^ 3 8 + "
"(.0000086068,0)8^ 0^ 3 8 + "
"(.0000086068,0)0^ 8^ 8 3 + "
"(-.0000086068,0)8^ 0^ 8 3 + "
"(.0000004973,0)0^ 8^ 3 9 + "
"(-.0000004973,0)8^ 0^ 3 9 + "
"(-.0000004973,0)0^ 8^ 9 3 + "
"(.0000004973,0)8^ 0^ 9 3 + "
"(-.0000058949,0)0^ 3^ 3 4 + "
"(-.0000058949,0)5^ 8^ 8 9 + "
"(.0000000003,0)0^ 4^ 3 0 + "
"(.0000000003,0)5^ 9^ 8 5 + "
"(.0000004973,0)0^ 9^ 3 8 + "
"(-.0000004973,0)9^ 0^ 3 8 + "
"(-.0000004973,0)0^ 9^ 8 3 + "
"(.0000004973,0)9^ 0^ 8 3 + "
"(-.0000073858,0)0^ 9^ 3 9 + "
"(.0000073858,0)9^ 0^ 3 9 + "
"(.0000073858,0)0^ 9^ 9 3 + "
"(-.0000073858,0)9^ 0^ 9 3 + "
"(-.0000068075,0)0^ 4^ 3 4 + "
"(-.0000068075,0)5^ 9^ 8 9 + "
"(.0000332259,0)0^ 4 + "
"(.0000332259,0)5^ 9 + "
"(.0000083065,0)0^ 5^ 4 5 + "
"(-.0000083065,0)5^ 0^ 4 5 + "
"(-.0000083065,0)0^ 5^ 5 4 + "
"(.0000083065,0)5^ 0^ 5 4 + "
"(.0000000054,0)0^ 5^ 4 6 + "
"(-.0000000054,0)5^ 0^ 4 6 + "
"(-.0000000054,0)0^ 5^ 6 4 + "
"(.0000000054,0)5^ 0^ 6 4 + "
"(.0000007863,0)0^ 5^ 4 7 + "
"(-.0000007863,0)5^ 0^ 4 7 + "
"(-.0000007863,0)0^ 5^ 7 4 + "
"(.0000007863,0)5^ 0^ 7 4 + "
"(-.0351754566,0)0^ 5^ 4 9 + "
"(.0351754566,0)5^ 0^ 4 9 + "
"(.0351754566,0)0^ 5^ 9 4 + "
"(-.0351754566,0)5^ 0^ 9 4 + "
"(.0000000054,0)0^ 6^ 4 5 + "
"(-.0000000054,0)6^ 0^ 4 5 + "
"(-.0000000054,0)0^ 6^ 5 4 + "
"(.0000000054,0)6^ 0^ 5 4 + "
"(-.0000000051,0)0^ 1^ 4 0 + "
"(-.0000000051,0)5^ 6^ 9 5 + "
"(.0000064354,0)0^ 6^ 4 6 + "
"(-.0000064354,0)6^ 0^ 4 6 + "
"(-.0000064354,0)0^ 6^ 6 4 + "
"(.0000064354,0)6^ 0^ 6 4 + "
"(.0000058682,0)0^ 1^ 4 1 + "
"(.0000058682,0)5^ 6^ 9 6 + "
"(.0000000034,0)0^ 6^ 4 7 + "
"(-.0000000034,0)6^ 0^ 4 7 + "
"(-.0000000034,0)0^ 6^ 7 4 + "
"(.0000000034,0)6^ 0^ 7 4 + "
"(-.0000000013,0)0^ 1^ 4 2 + "
"(-.0000000013,0)5^ 6^ 9 7 + "
"(.0000044520,0)0^ 6^ 4 9 + "
"(-.0000044520,0)6^ 0^ 4 9 + "
"(-.0000044520,0)0^ 6^ 9 4 + "
"(.0000044520,0)6^ 0^ 9 4 + "
"(.0000007863,0)0^ 7^ 4 5 + "
"(-.0000007863,0)7^ 0^ 4 5 + "
"(-.0000007863,0)0^ 7^ 5 4 + "
"(.0000007863,0)7^ 0^ 5 4 + "
"(.0000013913,0)0^ 2^ 4 0 + "
"(.0000013913,0)5^ 7^ 9 5 + "
"(.0000000034,0)0^ 7^ 4 6 + "
"(-.0000000034,0)7^ 0^ 4 6 + "
"(-.0000000034,0)0^ 7^ 6 4 + "
"(.0000000034,0)7^ 0^ 6 4 + "
"(-.0000000004,0)0^ 2^ 4 1 + "
"(-.0000000004,0)5^ 7^ 9 6 + "
"(.0000070416,0)0^ 7^ 4 7 + "
"(-.0000070416,0)7^ 0^ 4 7 + "
"(-.0000070416,0)0^ 7^ 7 4 + "
"(.0000070416,0)7^ 0^ 7 4 + "
"(.0000057035,0)0^ 2^ 4 2 + "
"(.0000057035,0)5^ 7^ 9 7 + "
"(.0000000003,0)0^ 7^ 4 8 + "
"(-.0000000003,0)7^ 0^ 4 8 + "
"(-.0000000003,0)0^ 7^ 8 4 + "
"(.0000000003,0)7^ 0^ 8 4 + "
"(-.0038431933,0)0^ 7^ 4 9 + "
"(.0038431933,0)7^ 0^ 4 9 + "
"(.0038431933,0)0^ 7^ 9 4 + "
"(-.0038431933,0)7^ 0^ 9 4 + "
"(.0000000003,0)0^ 3^ 4 0 + "
"(.0000000003,0)5^ 8^ 9 5 + "
"(.0000000003,0)0^ 8^ 4 7 + "
"(-.0000000003,0)8^ 0^ 4 7 + "
"(-.0000000003,0)0^ 8^ 7 4 + "
"(.0000000003,0)8^ 0^ 7 4 + "
"(.0000063922,0)0^ 8^ 4 8 + "
"(-.0000063922,0)8^ 0^ 4 8 + "
"(-.0000063922,0)0^ 8^ 8 4 + "
"(.0000063922,0)8^ 0^ 8 4 + "
"(.0000058949,0)0^ 3^ 4 3 + "
"(.0000058949,0)5^ 8^ 9 8 + "
"(-.0000005783,0)0^ 8^ 4 9 + "
"(.0000005783,0)8^ 0^ 4 9 + "
"(.0000005783,0)0^ 8^ 9 4 + "
"(-.0000005783,0)8^ 0^ 9 4 + "
"(-.0351754566,0)0^ 9^ 4 5 + "
"(.0351754566,0)9^ 0^ 4 5 + "
"(.0351754566,0)0^ 9^ 5 4 + "
"(-.0351754566,0)9^ 0^ 5 4 + "
"(.1420019848,0)0^ 4^ 4 0 + "
"(.1420019848,0)5^ 9^ 9 5 + "
"(.0000044520,0)0^ 9^ 4 6 + "
"(-.0000044520,0)9^ 0^ 4 6 + "
"(-.0000044520,0)0^ 9^ 6 4 + "
"(.0000044520,0)9^ 0^ 6 4 + "
"(-.0000371046,0)0^ 4^ 4 1 + "
"(-.0000371046,0)5^ 9^ 9 6 + "
"(-.0038431933,0)0^ 9^ 4 7 + "
"(.0038431933,0)9^ 0^ 4 7 + "
"(.0038431933,0)0^ 9^ 7 4 + "
"(-.0038431933,0)9^ 0^ 7 4 + "
"(.0369160350,0)0^ 4^ 4 2 + "
"(.0369160350,0)5^ 9^ 9 7 + "
"(-.0000005783,0)0^ 9^ 4 8 + "
"(.0000005783,0)9^ 0^ 4 8 + "
"(.0000005783,0)0^ 9^ 8 4 + "
"(-.0000005783,0)9^ 0^ 8 4 + "
"(.0000068075,0)0^ 4^ 4 3 + "
"(.0000068075,0)5^ 9^ 9 8 + "
"(.0000074480,0)0^ 9^ 4 9 + "
"(-.0000074480,0)9^ 0^ 4 9 + "
"(-.0000074480,0)0^ 9^ 9 4 + "
"(.0000074480,0)9^ 0^ 9 4 + "
"(.0002119546,0)1^ 0 + "
"(.0002119546,0)6^ 5 + "
"(.0000529883,0)1^ 5^ 0 5 + "
"(-.0000529883,0)5^ 1^ 0 5 + "
"(-.0000529883,0)1^ 5^ 5 0 + "
"(.0000529883,0)5^ 1^ 5 0 + "
"(-.0414660809,0)1^ 5^ 0 6 + "
"(.0414660809,0)5^ 1^ 0 6 + "
"(.0414660809,0)1^ 5^ 6 0 + "
"(-.0414660809,0)5^ 1^ 6 0 + "
"(.1388015618,0)1^ 0^ 0 1 + "
"(.1388015618,0)6^ 5^ 5 6 + "
"(-.0000047417,0)1^ 5^ 0 7 + "
"(.0000047417,0)5^ 1^ 0 7 + "
"(.0000047417,0)1^ 5^ 7 0 + "
"(-.0000047417,0)5^ 1^ 7 0 + "
"(.0000148877,0)1^ 0^ 0 2 + "
"(.0000148877,0)6^ 5^ 5 7 + "
"(-.0000000102,0)1^ 5^ 0 8 + "
"(.0000000102,0)5^ 1^ 0 8 + "
"(.0000000102,0)1^ 5^ 8 0 + "
"(-.0000000102,0)5^ 1^ 8 0 + "
"(.0000000085,0)1^ 0^ 0 3 + "
"(.0000000085,0)6^ 5^ 5 8 + "
"(.0000000054,0)1^ 5^ 0 9 + "
"(-.0000000054,0)5^ 1^ 0 9 + "
"(-.0000000054,0)1^ 5^ 9 0 + "
"(.0000000054,0)5^ 1^ 9 0 + "
"(-.0000000051,0)1^ 0^ 0 4 + "
"(-.0000000051,0)6^ 5^ 5 9 + "
"(-.0414660809,0)1^ 6^ 0 5 + "
"(.0414660809,0)6^ 1^ 0 5 + "
"(.0414660809,0)1^ 6^ 5 0 + "
"(-.0414660809,0)6^ 1^ 5 0 + "
"(.0000528905,0)1^ 6^ 0 6 + "
"(-.0000528905,0)6^ 1^ 0 6 + "
"(-.0000528905,0)1^ 6^ 6 0 + "
"(.0000528905,0)6^ 1^ 6 0 + "
"(-.0047106914,0)1^ 6^ 0 7 + "
"(.0047106914,0)6^ 1^ 0 7 + "
"(.0047106914,0)1^ 6^ 7 0 + "
"(-.0047106914,0)6^ 1^ 7 0 + "
"(-.0000006488,0)1^ 6^ 0 8 + "
"(.0000006488,0)6^ 1^ 0 8 + "
"(.0000006488,0)1^ 6^ 8 0 + "
"(-.0000006488,0)6^ 1^ 8 0 + "
"(.0000005672,0)1^ 6^ 0 9 + "
"(-.0000005672,0)6^ 1^ 0 9 + "
"(-.0000005672,0)1^ 6^ 9 0 + "
"(.0000005672,0)6^ 1^ 9 0 + "
"(-.0000047417,0)1^ 7^ 0 5 + "
"(.0000047417,0)7^ 1^ 0 5 + "
"(.0000047417,0)1^ 7^ 5 0 + "
"(-.0000047417,0)7^ 1^ 5 0 + "
"(-.0047106914,0)1^ 7^ 0 6 + "
"(.0047106914,0)7^ 1^ 0 6 + "
"(.0047106914,0)1^ 7^ 6 0 + "
"(-.0047106914,0)7^ 1^ 6 0 + "
"(.0365270650,0)1^ 2^ 0 1 + "
"(.0365270650,0)6^ 7^ 5 6 + "
"(.0000355046,0)1^ 7^ 0 7 + "
"(-.0000355046,0)7^ 1^ 0 7 + "
"(-.0000355046,0)1^ 7^ 7 0 + "
"(.0000355046,0)7^ 1^ 7 0 + "
"(.0000372112,0)1^ 2^ 0 2 + "
"(.0000372112,0)6^ 7^ 5 7 + "
"(-.0000000072,0)1^ 7^ 0 8 + "
"(.0000000072,0)7^ 1^ 0 8 + "
"(.0000000072,0)1^ 7^ 8 0 + "
"(-.0000000072,0)7^ 1^ 8 0 + "
"(.0000000017,0)1^ 2^ 0 3 + "
"(.0000000017,0)6^ 7^ 5 8 + "
"(.0000000038,0)1^ 7^ 0 9 + "
"(-.0000000038,0)7^ 1^ 0 9 + "
"(-.0000000038,0)1^ 7^ 9 0 + "
"(.0000000038,0)7^ 1^ 9 0 + "
"(-.0000000009,0)1^ 2^ 0 4 + "
"(-.0000000009,0)6^ 7^ 5 9 + "
"(-.0000000102,0)1^ 8^ 0 5 + "
"(.0000000102,0)8^ 1^ 0 5 + "
"(.0000000102,0)1^ 8^ 5 0 + "
"(-.0000000102,0)8^ 1^ 5 0 + "
"(-.0000006488,0)1^ 8^ 0 6 + "
"(.0000006488,0)8^ 1^ 0 6 + "
"(.0000006488,0)1^ 8^ 6 0 + "
"(-.0000006488,0)8^ 1^ 6 0 + "
"(.0000067824,0)1^ 3^ 0 1 + "
"(.0000067824,0)6^ 8^ 5 6 + "
"(-.0000000072,0)1^ 8^ 0 7 + "
"(.0000000072,0)8^ 1^ 0 7 + "
"(.0000000072,0)1^ 8^ 7 0 + "
"(-.0000000072,0)8^ 1^ 7 0 + "
"(-.0000000011,0)1^ 3^ 0 2 + "
"(-.0000000011,0)6^ 8^ 5 7 + "
"(.0000415564,0)1^ 8^ 0 8 + "
"(-.0000415564,0)8^ 1^ 0 8 + "
"(-.0000415564,0)1^ 8^ 8 0 + "
"(.0000415564,0)8^ 1^ 8 0 + "
"(.0000371046,0)1^ 3^ 0 3 + "
"(.0000371046,0)6^ 8^ 5 8 + "
"(.0000000054,0)1^ 9^ 0 5 + "
"(-.0000000054,0)9^ 1^ 0 5 + "
"(-.0000000054,0)1^ 9^ 5 0 + "
"(.0000000054,0)9^ 1^ 5 0 + "
"(.0000005672,0)1^ 9^ 0 6 + "
"(-.0000005672,0)9^ 1^ 0 6 + "
"(-.0000005672,0)1^ 9^ 6 0 + "
"(.0000005672,0)9^ 1^ 6 0 + "
"(-.0000058682,0)1^ 4^ 0 1 + "
"(-.0000058682,0)6^ 9^ 5 6 + "
"(.0000000038,0)1^ 9^ 0 7 + "
"(-.0000000038,0)9^ 1^ 0 7 + "
"(-.0000000038,0)1^ 9^ 7 0 + "
"(.0000000038,0)9^ 1^ 7 0 + "
"(.0000000004,0)1^ 4^ 0 2 + "
"(.0000000004,0)6^ 9^ 5 7 + "
"(.0000415565,0)1^ 9^ 0 9 + "
"(-.0000415565,0)9^ 1^ 0 9 + "
"(-.0000415565,0)1^ 9^ 9 0 + "
"(.0000415565,0)9^ 1^ 9 0 + "
"(.0000371046,0)1^ 4^ 0 4 + "
"(.0000371046,0)6^ 9^ 5 9 + "
"(-.2840789355,0)1^ 1 + "
"(-.2840789355,0)6^ 6 + "
"(-.1802676427,0)1^ 5^ 1 5 + "
"(.1802676427,0)5^ 1^ 1 5 + "
"(.1802676427,0)1^ 5^ 5 1 + "
"(-.1802676427,0)5^ 1^ 5 1 + "
"(-.1388015618,0)1^ 0^ 1 0 + "
"(-.1388015618,0)6^ 5^ 6 5 + "
"(.0000528905,0)1^ 5^ 1 6 + "
"(-.0000528905,0)5^ 1^ 1 6 + "
"(-.0000528905,0)1^ 5^ 6 1 + "
"(.0000528905,0)5^ 1^ 6 1 + "
"(-.0412377564,0)1^ 5^ 1 7 + "
"(.0412377564,0)5^ 1^ 1 7 + "
"(.0412377564,0)1^ 5^ 7 1 + "
"(-.0412377564,0)5^ 1^ 7 1 + "
"(-.0365270650,0)1^ 0^ 1 2 + "
"(-.0365270650,0)6^ 5^ 6 7 + "
"(-.0000074312,0)1^ 5^ 1 8 + "
"(.0000074312,0)5^ 1^ 1 8 + "
"(.0000074312,0)1^ 5^ 8 1 + "
"(-.0000074312,0)5^ 1^ 8 1 + "
"(-.0000067824,0)1^ 0^ 1 3 + "
"(-.0000067824,0)6^ 5^ 6 8 + "
"(.0000064354,0)1^ 5^ 1 9 + "
"(-.0000064354,0)5^ 1^ 1 9 + "
"(-.0000064354,0)1^ 5^ 9 1 + "
"(.0000064354,0)5^ 1^ 9 1 + "
"(.0000058682,0)1^ 0^ 1 4 + "
"(.0000058682,0)6^ 5^ 6 9 + "
"(.0000528905,0)1^ 6^ 1 5 + "
"(-.0000528905,0)6^ 1^ 1 5 + "
"(-.0000528905,0)1^ 6^ 5 1 + "
"(.0000528905,0)6^ 1^ 5 1 + "
"(-.1887951817,0)1^ 6^ 1 6 + "
"(.1887951817,0)6^ 1^ 1 6 + "
"(.1887951817,0)1^ 6^ 6 1 + "
"(-.1887951817,0)6^ 1^ 6 1 + "
"(-.0000218035,0)1^ 6^ 1 7 + "
"(.0000218035,0)6^ 1^ 1 7 + "
"(.0000218035,0)1^ 6^ 7 1 + "
"(-.0000218035,0)6^ 1^ 7 1 + "
"(-.0000000180,0)1^ 6^ 1 8 + "
"(.0000000180,0)6^ 1^ 1 8 + "
"(.0000000180,0)1^ 6^ 8 1 + "
"(-.0000000180,0)6^ 1^ 8 1 + "
"(.0000000104,0)1^ 6^ 1 9 + "
"(-.0000000104,0)6^ 1^ 1 9 + "
"(-.0000000104,0)1^ 6^ 9 1 + "
"(.0000000104,0)6^ 1^ 9 1 + "
"(-.0412377564,0)1^ 7^ 1 5 + "
"(.0412377564,0)7^ 1^ 1 5 + "
"(.0412377564,0)1^ 7^ 5 1 + "
"(-.0412377564,0)7^ 1^ 5 1 + "
"(-.0365270650,0)1^ 2^ 1 0 + "
"(-.0365270650,0)6^ 7^ 6 5 + "
"(-.0000218035,0)1^ 7^ 1 6 + "
"(.0000218035,0)7^ 1^ 1 6 + "
"(.0000218035,0)1^ 7^ 6 1 + "
"(-.0000218035,0)7^ 1^ 6 1 + "
"(-.1552784520,0)1^ 7^ 1 7 + "
"(.1552784520,0)7^ 1^ 1 7 + "
"(.1552784520,0)1^ 7^ 7 1 + "
"(-.1552784520,0)7^ 1^ 7 1 + "
"(-.1457532505,0)1^ 2^ 1 2 + "
"(-.1457532505,0)6^ 7^ 6 7 + "
"(.0000009772,0)1^ 7^ 1 8 + "
"(-.0000009772,0)7^ 1^ 1 8 + "
"(-.0000009772,0)1^ 7^ 8 1 + "
"(.0000009772,0)7^ 1^ 8 1 + "
"(.0000007699,0)1^ 2^ 1 3 + "
"(.0000007699,0)6^ 7^ 6 8 + "
"(-.0000008483,0)1^ 7^ 1 9 + "
"(.0000008483,0)7^ 1^ 1 9 + "
"(.0000008483,0)1^ 7^ 9 1 + "
"(-.0000008483,0)7^ 1^ 9 1 + "
"(-.0000006683,0)1^ 2^ 1 4 + "
"(-.0000006683,0)6^ 7^ 6 9 + "
"(-.0000074312,0)1^ 8^ 1 5 + "
"(.0000074312,0)8^ 1^ 1 5 + "
"(.0000074312,0)1^ 8^ 5 1 + "
"(-.0000074312,0)8^ 1^ 5 1 + "
"(-.0000067824,0)1^ 3^ 1 0 + "
"(-.0000067824,0)6^ 8^ 6 5 + "
"(-.0000000180,0)1^ 8^ 1 6 + "
"(.0000000180,0)8^ 1^ 1 6 + "
"(.0000000180,0)1^ 8^ 6 1 + "
"(-.0000000180,0)8^ 1^ 6 1 + "
"(.0000009772,0)1^ 8^ 1 7 + "
"(-.0000009772,0)8^ 1^ 1 7 + "
"(-.0000009772,0)1^ 8^ 7 1 + "
"(.0000009772,0)8^ 1^ 7 1 + "
"(.0000007699,0)1^ 3^ 1 2 + "
"(.0000007699,0)6^ 8^ 6 7 + "
"(-.1657000948,0)1^ 8^ 1 8 + "
"(.1657000948,0)8^ 1^ 1 8 + "
"(.1657000948,0)1^ 8^ 8 1 + "
"(-.1657000948,0)8^ 1^ 8 1 + "
"(-.1546250141,0)1^ 3^ 1 3 + "
"(-.1546250141,0)6^ 8^ 6 8 + "
"(.0000064354,0)1^ 9^ 1 5 + "
"(-.0000064354,0)9^ 1^ 1 5 + "
"(-.0000064354,0)1^ 9^ 5 1 + "
"(.0000064354,0)9^ 1^ 5 1 + "
"(.0000058682,0)1^ 4^ 1 0 + "
"(.0000058682,0)6^ 9^ 6 5 + "
"(.0000000104,0)1^ 9^ 1 6 + "
"(-.0000000104,0)9^ 1^ 1 6 + "
"(-.0000000104,0)1^ 9^ 6 1 + "
"(.0000000104,0)9^ 1^ 6 1 + "
"(-.0000008483,0)1^ 9^ 1 7 + "
"(.0000008483,0)9^ 1^ 1 7 + "
"(.0000008483,0)1^ 9^ 7 1 + "
"(-.0000008483,0)9^ 1^ 7 1 + "
"(-.0000006683,0)1^ 4^ 1 2 + "
"(-.0000006683,0)6^ 9^ 6 7 + "
"(-.1657001580,0)1^ 9^ 1 9 + "
"(.1657001580,0)9^ 1^ 1 9 + "
"(.1657001580,0)1^ 9^ 9 1 + "
"(-.1657001580,0)9^ 1^ 9 1 + "
"(-.1546250713,0)1^ 4^ 1 4 + "
"(-.1546250713,0)6^ 9^ 6 9 + "
"(-.0001435360,0)1^ 2 + "
"(-.0001435360,0)6^ 7 + "
"(-.0000196294,0)1^ 5^ 2 5 + "
"(.0000196294,0)5^ 1^ 2 5 + "
"(.0000196294,0)1^ 5^ 5 2 + "
"(-.0000196294,0)5^ 1^ 5 2 + "
"(-.0000148877,0)1^ 0^ 2 0 + "
"(-.0000148877,0)6^ 5^ 7 5 + "
"(-.0047106914,0)1^ 5^ 2 6 + "
"(.0047106914,0)5^ 1^ 2 6 + "
"(.0047106914,0)1^ 5^ 6 2 + "
"(-.0047106914,0)5^ 1^ 6 2 + "
"(.0365270650,0)1^ 0^ 2 1 + "
"(.0365270650,0)6^ 5^ 7 6 + "
"(-.0000017066,0)1^ 5^ 2 7 + "
"(.0000017066,0)5^ 1^ 2 7 + "
"(.0000017066,0)1^ 5^ 7 2 + "
"(-.0000017066,0)5^ 1^ 7 2 + "
"(-.0000000061,0)1^ 5^ 2 8 + "
"(.0000000061,0)5^ 1^ 2 8 + "
"(.0000000061,0)1^ 5^ 8 2 + "
"(-.0000000061,0)5^ 1^ 8 2 + "
"(.0000000028,0)1^ 0^ 2 3 + "
"(.0000000028,0)6^ 5^ 7 8 + "
"(.0000000034,0)1^ 5^ 2 9 + "
"(-.0000000034,0)5^ 1^ 2 9 + "
"(-.0000000034,0)1^ 5^ 9 2 + "
"(.0000000034,0)5^ 1^ 9 2 + "
"(-.0000000013,0)1^ 0^ 2 4 + "
"(-.0000000013,0)6^ 5^ 7 9 + "
"(-.0047106914,0)1^ 6^ 2 5 + "
"(.0047106914,0)6^ 1^ 2 5 + "
"(.0047106914,0)1^ 6^ 5 2 + "
"(-.0047106914,0)6^ 1^ 5 2 + "
"(-.0000218035,0)1^ 6^ 2 6 + "
"(.0000218035,0)6^ 1^ 2 6 + "
"(.0000218035,0)1^ 6^ 6 2 + "
"(-.0000218035,0)6^ 1^ 6 2 + "
"(-.0095252015,0)1^ 6^ 2 7 + "
"(.0095252015,0)6^ 1^ 2 7 + "
"(.0095252015,0)1^ 6^ 7 2 + "
"(-.0095252015,0)6^ 1^ 7 2 + "
"(.0000002073,0)1^ 6^ 2 8 + "
"(-.0000002073,0)6^ 1^ 2 8 + "
"(-.0000002073,0)1^ 6^ 8 2 + "
"(.0000002073,0)6^ 1^ 8 2 + "
"(-.0000001801,0)1^ 6^ 2 9 + "
"(.0000001801,0)6^ 1^ 2 9 + "
"(.0000001801,0)1^ 6^ 9 2 + "
"(-.0000001801,0)6^ 1^ 9 2 + "
"(-.0000017066,0)1^ 7^ 2 5 + "
"(.0000017066,0)7^ 1^ 2 5 + "
"(.0000017066,0)1^ 7^ 5 2 + "
"(-.0000017066,0)7^ 1^ 5 2 + "
"(-.0000372112,0)1^ 2^ 2 0 + "
"(-.0000372112,0)6^ 7^ 7 5 + "
"(-.0095252015,0)1^ 7^ 2 6 + "
"(.0095252015,0)7^ 1^ 2 6 + "
"(.0095252015,0)1^ 7^ 6 2 + "
"(-.0095252015,0)7^ 1^ 6 2 + "
"(.1457532505,0)1^ 2^ 2 1 + "
"(.1457532505,0)6^ 7^ 7 6 + "
"(-.0000230265,0)1^ 7^ 2 7 + "
"(.0000230265,0)7^ 1^ 2 7 + "
"(.0000230265,0)1^ 7^ 7 2 + "
"(-.0000230265,0)7^ 1^ 7 2 + "
"(-.0000000020,0)1^ 7^ 2 8 + "
"(.0000000020,0)7^ 1^ 2 8 + "
"(.0000000020,0)1^ 7^ 8 2 + "
"(-.0000000020,0)7^ 1^ 8 2 + "
"(.0000000124,0)1^ 2^ 2 3 + "
"(.0000000124,0)6^ 7^ 7 8 + "
"(.0000000013,0)1^ 7^ 2 9 + "
"(-.0000000013,0)7^ 1^ 2 9 + "
"(-.0000000013,0)1^ 7^ 9 2 + "
"(.0000000013,0)7^ 1^ 9 2 + "
"(-.0000000071,0)1^ 2^ 2 4 + "
"(-.0000000071,0)6^ 7^ 7 9 + "
"(-.0000000061,0)1^ 8^ 2 5 + "
"(.0000000061,0)8^ 1^ 2 5 + "
"(.0000000061,0)1^ 8^ 5 2 + "
"(-.0000000061,0)8^ 1^ 5 2 + "
"(.0000000011,0)1^ 3^ 2 0 + "
"(.0000000011,0)6^ 8^ 7 5 + "
"(.0000002073,0)1^ 8^ 2 6 + "
"(-.0000002073,0)8^ 1^ 2 6 + "
"(-.0000002073,0)1^ 8^ 6 2 + "
"(.0000002073,0)8^ 1^ 6 2 + "
"(-.0000007699,0)1^ 3^ 2 1 + "
"(-.0000007699,0)6^ 8^ 7 6 + "
"(-.0000000020,0)1^ 8^ 2 7 + "
"(.0000000020,0)8^ 1^ 2 7 + "
"(.0000000020,0)1^ 8^ 7 2 + "
"(-.0000000020,0)8^ 1^ 7 2 + "
"(-.0000170054,0)1^ 8^ 2 8 + "
"(.0000170054,0)8^ 1^ 2 8 + "
"(.0000170054,0)1^ 8^ 8 2 + "
"(-.0000170054,0)8^ 1^ 8 2 + "
"(-.0000143550,0)1^ 3^ 2 3 + "
"(-.0000143550,0)6^ 8^ 7 8 + "
"(.0000000034,0)1^ 9^ 2 5 + "
"(-.0000000034,0)9^ 1^ 2 5 + "
"(-.0000000034,0)1^ 9^ 5 2 + "
"(.0000000034,0)9^ 1^ 5 2 + "
"(-.0000000004,0)1^ 4^ 2 0 + "
"(-.0000000004,0)6^ 9^ 7 5 + "
"(-.0000001801,0)1^ 9^ 2 6 + "
"(.0000001801,0)9^ 1^ 2 6 + "
"(.0000001801,0)1^ 9^ 6 2 + "
"(-.0000001801,0)9^ 1^ 6 2 + "
"(.0000006683,0)1^ 4^ 2 1 + "
"(.0000006683,0)6^ 9^ 7 6 + "
"(.0000000013,0)1^ 9^ 2 7 + "
"(-.0000000013,0)9^ 1^ 2 7 + "
"(-.0000000013,0)1^ 9^ 7 2 + "
"(.0000000013,0)9^ 1^ 7 2 + "
"(-.0000170054,0)1^ 9^ 2 9 + "
"(.0000170054,0)9^ 1^ 2 9 + "
"(.0000170054,0)1^ 9^ 9 2 + "
"(-.0000170054,0)9^ 1^ 9 2 + "
"(-.0000143550,0)1^ 4^ 2 4 + "
"(-.0000143550,0)6^ 9^ 7 9 + "
"(-.0000001050,0)1^ 3 + "
"(-.0000001050,0)6^ 8 + "
"(-.0000000187,0)1^ 5^ 3 5 + "
"(.0000000187,0)5^ 1^ 3 5 + "
"(.0000000187,0)1^ 5^ 5 3 + "
"(-.0000000187,0)5^ 1^ 5 3 + "
"(-.0000000085,0)1^ 0^ 3 0 + "
"(-.0000000085,0)6^ 5^ 8 5 + "
"(-.0000006488,0)1^ 5^ 3 6 + "
"(.0000006488,0)5^ 1^ 3 6 + "
"(.0000006488,0)1^ 5^ 6 3 + "
"(-.0000006488,0)5^ 1^ 6 3 + "
"(.0000067824,0)1^ 0^ 3 1 + "
"(.0000067824,0)6^ 5^ 8 6 + "
"(-.0000000089,0)1^ 5^ 3 7 + "
"(.0000000089,0)5^ 1^ 3 7 + "
"(.0000000089,0)1^ 5^ 7 3 + "
"(-.0000000089,0)5^ 1^ 7 3 + "
"(-.0000000028,0)1^ 0^ 3 2 + "
"(-.0000000028,0)6^ 5^ 8 7 + "
"(.0000044519,0)1^ 5^ 3 8 + "
"(-.0000044519,0)5^ 1^ 3 8 + "
"(-.0000044519,0)1^ 5^ 8 3 + "
"(.0000044519,0)5^ 1^ 8 3 + "
"(-.0000006488,0)1^ 6^ 3 5 + "
"(.0000006488,0)6^ 1^ 3 5 + "
"(.0000006488,0)1^ 6^ 5 3 + "
"(-.0000006488,0)6^ 1^ 5 3 + "
"(-.0000000180,0)1^ 6^ 3 6 + "
"(.0000000180,0)6^ 1^ 3 6 + "
"(.0000000180,0)1^ 6^ 6 3 + "
"(-.0000000180,0)6^ 1^ 6 3 + "
"(.0000002073,0)1^ 6^ 3 7 + "
"(-.0000002073,0)6^ 1^ 3 7 + "
"(-.0000002073,0)1^ 6^ 7 3 + "
"(.0000002073,0)6^ 1^ 7 3 + "
"(-.0110750806,0)1^ 6^ 3 8 + "
"(.0110750806,0)6^ 1^ 3 8 + "
"(.0110750806,0)1^ 6^ 8 3 + "
"(-.0110750806,0)6^ 1^ 8 3 + "
"(-.0000000089,0)1^ 7^ 3 5 + "
"(.0000000089,0)7^ 1^ 3 5 + "
"(.0000000089,0)1^ 7^ 5 3 + "
"(-.0000000089,0)7^ 1^ 5 3 + "
"(-.0000000017,0)1^ 2^ 3 0 + "
"(-.0000000017,0)6^ 7^ 8 5 + "
"(.0000002073,0)1^ 7^ 3 6 + "
"(-.0000002073,0)7^ 1^ 3 6 + "
"(-.0000002073,0)1^ 7^ 6 3 + "
"(.0000002073,0)7^ 1^ 6 3 + "
"(-.0000007699,0)1^ 2^ 3 1 + "
"(-.0000007699,0)6^ 7^ 8 6 + "
"(-.0000000143,0)1^ 7^ 3 7 + "
"(.0000000143,0)7^ 1^ 3 7 + "
"(.0000000143,0)1^ 7^ 7 3 + "
"(-.0000000143,0)7^ 1^ 7 3 + "
"(-.0000000124,0)1^ 2^ 3 2 + "
"(-.0000000124,0)6^ 7^ 8 7 + "
"(-.0000026504,0)1^ 7^ 3 8 + "
"(.0000026504,0)7^ 1^ 3 8 + "
"(.0000026504,0)1^ 7^ 8 3 + "
"(-.0000026504,0)7^ 1^ 8 3 + "
"(.0000044519,0)1^ 8^ 3 5 + "
"(-.0000044519,0)8^ 1^ 3 5 + "
"(-.0000044519,0)1^ 8^ 5 3 + "
"(.0000044519,0)8^ 1^ 5 3 + "
"(-.0000371046,0)1^ 3^ 3 0 + "
"(-.0000371046,0)6^ 8^ 8 5 + "
"(-.0110750806,0)1^ 8^ 3 6 + "
"(.0110750806,0)8^ 1^ 3 6 + "
"(.0110750806,0)1^ 8^ 6 3 + "
"(-.0110750806,0)8^ 1^ 6 3 + "
"(.1546250141,0)1^ 3^ 3 1 + "
"(.1546250141,0)6^ 8^ 8 6 + "
"(-.0000026504,0)1^ 8^ 3 7 + "
"(.0000026504,0)8^ 1^ 3 7 + "
"(.0000026504,0)1^ 8^ 7 3 + "
"(-.0000026504,0)8^ 1^ 7 3 + "
"(.0000143550,0)1^ 3^ 3 2 + "
"(.0000143550,0)6^ 8^ 8 7 + "
"(-.0000000173,0)1^ 8^ 3 8 + "
"(.0000000173,0)8^ 1^ 3 8 + "
"(.0000000173,0)1^ 8^ 8 3 + "
"(-.0000000173,0)8^ 1^ 8 3 + "
"(.0000000011,0)1^ 8^ 3 9 + "
"(-.0000000011,0)8^ 1^ 3 9 + "
"(-.0000000011,0)1^ 8^ 9 3 + "
"(.0000000011,0)8^ 1^ 9 3 + "
"(-.0000000069,0)1^ 3^ 3 4 + "
"(-.0000000069,0)6^ 8^ 8 9 + "
"(.0000000011,0)1^ 9^ 3 8 + "
"(-.0000000011,0)9^ 1^ 3 8 + "
"(-.0000000011,0)1^ 9^ 8 3 + "
"(.0000000011,0)9^ 1^ 8 3 + "
"(-.0000000138,0)1^ 9^ 3 9 + "
"(.0000000138,0)9^ 1^ 3 9 + "
"(.0000000138,0)1^ 9^ 9 3 + "
"(-.0000000138,0)9^ 1^ 9 3 + "
"(-.0000000120,0)1^ 4^ 3 4 + "
"(-.0000000120,0)6^ 9^ 8 9 + "
"(.0000000627,0)1^ 4 + "
"(.0000000627,0)6^ 9 + "
"(.0000000105,0)1^ 5^ 4 5 + "
"(-.0000000105,0)5^ 1^ 4 5 + "
"(-.0000000105,0)1^ 5^ 5 4 + "
"(.0000000105,0)5^ 1^ 5 4 + "
"(.0000000051,0)1^ 0^ 4 0 + "
"(.0000000051,0)6^ 5^ 9 5 + "
"(.0000005672,0)1^ 5^ 4 6 + "
"(-.0000005672,0)5^ 1^ 4 6 + "
"(-.0000005672,0)1^ 5^ 6 4 + "
"(.0000005672,0)5^ 1^ 6 4 + "
"(-.0000058682,0)1^ 0^ 4 1 + "
"(-.0000058682,0)6^ 5^ 9 6 + "
"(.0000000047,0)1^ 5^ 4 7 + "
"(-.0000000047,0)5^ 1^ 4 7 + "
"(-.0000000047,0)1^ 5^ 7 4 + "
"(.0000000047,0)5^ 1^ 7 4 + "
"(.0000000013,0)1^ 0^ 4 2 + "
"(.0000000013,0)6^ 5^ 9 7 + "
"(.0000044520,0)1^ 5^ 4 9 + "
"(-.0000044520,0)5^ 1^ 4 9 + "
"(-.0000044520,0)1^ 5^ 9 4 + "
"(.0000044520,0)5^ 1^ 9 4 + "
"(.0000005672,0)1^ 6^ 4 5 + "
"(-.0000005672,0)6^ 1^ 4 5 + "
"(-.0000005672,0)1^ 6^ 5 4 + "
"(.0000005672,0)6^ 1^ 5 4 + "
"(.0000000104,0)1^ 6^ 4 6 + "
"(-.0000000104,0)6^ 1^ 4 6 + "
"(-.0000000104,0)1^ 6^ 6 4 + "
"(.0000000104,0)6^ 1^ 6 4 + "
"(-.0000001801,0)1^ 6^ 4 7 + "
"(.0000001801,0)6^ 1^ 4 7 + "
"(.0000001801,0)1^ 6^ 7 4 + "
"(-.0000001801,0)6^ 1^ 7 4 + "
"(-.0110750867,0)1^ 6^ 4 9 + "
"(.0110750867,0)6^ 1^ 4 9 + "
"(.0110750867,0)1^ 6^ 9 4 + "
"(-.0110750867,0)6^ 1^ 9 4 + "
"(.0000000047,0)1^ 7^ 4 5 + "
"(-.0000000047,0)7^ 1^ 4 5 + "
"(-.0000000047,0)1^ 7^ 5 4 + "
"(.0000000047,0)7^ 1^ 5 4 + "
"(.0000000009,0)1^ 2^ 4 0 + "
"(.0000000009,0)6^ 7^ 9 5 + "
"(-.0000001801,0)1^ 7^ 4 6 + "
"(.0000001801,0)7^ 1^ 4 6 + "
"(.0000001801,0)1^ 7^ 6 4 + "
"(-.0000001801,0)7^ 1^ 6 4 + "
"(.0000006683,0)1^ 2^ 4 1 + "
"(.0000006683,0)6^ 7^ 9 6 + "
"(.0000000083,0)1^ 7^ 4 7 + "
"(-.0000000083,0)7^ 1^ 4 7 + "
"(-.0000000083,0)1^ 7^ 7 4 + "
"(.0000000083,0)7^ 1^ 7 4 + "
"(.0000000071,0)1^ 2^ 4 2 + "
"(.0000000071,0)6^ 7^ 9 7 + "
"(-.0000026504,0)1^ 7^ 4 9 + "
"(.0000026504,0)7^ 1^ 4 9 + "
"(.0000026504,0)1^ 7^ 9 4 + "
"(-.0000026504,0)7^ 1^ 9 4 + "
"(.0000000080,0)1^ 8^ 4 8 + "
"(-.0000000080,0)8^ 1^ 4 8 + "
"(-.0000000080,0)1^ 8^ 8 4 + "
"(.0000000080,0)8^ 1^ 8 4 + "
"(.0000000069,0)1^ 3^ 4 3 + "
"(.0000000069,0)6^ 8^ 9 8 + "
"(-.0000000019,0)1^ 8^ 4 9 + "
"(.0000000019,0)8^ 1^ 4 9 + "
"(.0000000019,0)1^ 8^ 9 4 + "
"(-.0000000019,0)8^ 1^ 9 4 + "
"(.0000044520,0)1^ 9^ 4 5 + "
"(-.0000044520,0)9^ 1^ 4 5 + "
"(-.0000044520,0)1^ 9^ 5 4 + "
"(.0000044520,0)9^ 1^ 5 4 + "
"(-.0000371046,0)1^ 4^ 4 0 + "
"(-.0000371046,0)6^ 9^ 9 5 + "
"(-.0110750867,0)1^ 9^ 4 6 + "
"(.0110750867,0)9^ 1^ 4 6 + "
"(.0110750867,0)1^ 9^ 6 4 + "
"(-.0110750867,0)9^ 1^ 6 4 + "
"(.1546250713,0)1^ 4^ 4 1 + "
"(.1546250713,0)6^ 9^ 9 6 + "
"(-.0000026504,0)1^ 9^ 4 7 + "
"(.0000026504,0)9^ 1^ 4 7 + "
"(.0000026504,0)1^ 9^ 7 4 + "
"(-.0000026504,0)9^ 1^ 7 4 + "
"(.0000143550,0)1^ 4^ 4 2 + "
"(.0000143550,0)6^ 9^ 9 7 + "
"(-.0000000019,0)1^ 9^ 4 8 + "
"(.0000000019,0)9^ 1^ 4 8 + "
"(.0000000019,0)1^ 9^ 8 4 + "
"(-.0000000019,0)9^ 1^ 8 4 + "
"(.0000000120,0)1^ 4^ 4 3 + "
"(.0000000120,0)6^ 9^ 9 8 + "
"(.0000000100,0)1^ 9^ 4 9 + "
"(-.0000000100,0)9^ 1^ 4 9 + "
"(-.0000000100,0)1^ 9^ 9 4 + "
"(.0000000100,0)9^ 1^ 9 4 + "
"(-.2096993519,0)2^ 0 + "
"(-.2096993519,0)7^ 5 + "
"(-.0524247070,0)2^ 5^ 0 5 + "
"(.0524247070,0)5^ 2^ 0 5 + "
"(.0524247070,0)2^ 5^ 5 0 + "
"(-.0524247070,0)5^ 2^ 5 0 + "
"(-.0000047417,0)2^ 5^ 0 6 + "
"(.0000047417,0)5^ 2^ 0 6 + "
"(.0000047417,0)2^ 5^ 6 0 + "
"(-.0000047417,0)5^ 2^ 6 0 + "
"(.0000148877,0)2^ 0^ 0 1 + "
"(.0000148877,0)7^ 5^ 5 6 + "
"(-.0384775513,0)2^ 5^ 0 7 + "
"(.0384775513,0)5^ 2^ 0 7 + "
"(.0384775513,0)2^ 5^ 7 0 + "
"(-.0384775513,0)5^ 2^ 7 0 + "
"(.1287332589,0)2^ 0^ 0 2 + "
"(.1287332589,0)7^ 5^ 5 7 + "
"(-.0000009088,0)2^ 5^ 0 8 + "
"(.0000009088,0)5^ 2^ 0 8 + "
"(.0000009088,0)2^ 5^ 8 0 + "
"(-.0000009088,0)5^ 2^ 8 0 + "
"(-.0000016058,0)2^ 0^ 0 3 + "
"(-.0000016058,0)7^ 5^ 5 8 + "
"(.0000007863,0)2^ 5^ 0 9 + "
"(-.0000007863,0)5^ 2^ 0 9 + "
"(-.0000007863,0)2^ 5^ 9 0 + "
"(.0000007863,0)5^ 2^ 9 0 + "
"(.0000013913,0)2^ 0^ 0 4 + "
"(.0000013913,0)7^ 5^ 5 9 + "
"(-.0000047417,0)2^ 6^ 0 5 + "
"(.0000047417,0)6^ 2^ 0 5 + "
"(.0000047417,0)2^ 6^ 5 0 + "
"(-.0000047417,0)6^ 2^ 5 0 + "
"(-.0412377564,0)2^ 6^ 0 6 + "
"(.0412377564,0)6^ 2^ 0 6 + "
"(.0412377564,0)2^ 6^ 6 0 + "
"(-.0412377564,0)6^ 2^ 6 0 + "
"(-.0365270650,0)2^ 1^ 0 1 + "
"(-.0365270650,0)7^ 6^ 5 6 + "
"(-.0000017066,0)2^ 6^ 0 7 + "
"(.0000017066,0)6^ 2^ 0 7 + "
"(.0000017066,0)2^ 6^ 7 0 + "
"(-.0000017066,0)6^ 2^ 7 0 + "
"(-.0000372112,0)2^ 1^ 0 2 + "
"(-.0000372112,0)7^ 6^ 5 7 + "
"(-.0000000089,0)2^ 6^ 0 8 + "
"(.0000000089,0)6^ 2^ 0 8 + "
"(.0000000089,0)2^ 6^ 8 0 + "
"(-.0000000089,0)6^ 2^ 8 0 + "
"(-.0000000017,0)2^ 1^ 0 3 + "
"(-.0000000017,0)7^ 6^ 5 8 + "
"(.0000000047,0)2^ 6^ 0 9 + "
"(-.0000000047,0)6^ 2^ 0 9 + "
"(-.0000000047,0)2^ 6^ 9 0 + "
"(.0000000047,0)6^ 2^ 9 0 + "
"(.0000000009,0)2^ 1^ 0 4 + "
"(.0000000009,0)7^ 6^ 5 9 + "
"(-.0384775513,0)2^ 7^ 0 5 + "
"(.0384775513,0)7^ 2^ 0 5 + "
"(.0384775513,0)2^ 7^ 5 0 + "
"(-.0384775513,0)7^ 2^ 5 0 + "
"(-.0000017066,0)2^ 7^ 0 6 + "
"(.0000017066,0)7^ 2^ 0 6 + "
"(.0000017066,0)2^ 7^ 6 0 + "
"(-.0000017066,0)7^ 2^ 6 0 + "
"(-.0483319534,0)2^ 7^ 0 7 + "
"(.0483319534,0)7^ 2^ 0 7 + "
"(.0483319534,0)2^ 7^ 7 0 + "
"(-.0483319534,0)7^ 2^ 7 0 + "
"(-.0000015461,0)2^ 7^ 0 8 + "
"(.0000015461,0)7^ 2^ 0 8 + "
"(.0000015461,0)2^ 7^ 8 0 + "
"(-.0000015461,0)7^ 2^ 8 0 + "
"(.0000013381,0)2^ 7^ 0 9 + "
"(-.0000013381,0)7^ 2^ 0 9 + "
"(-.0000013381,0)2^ 7^ 9 0 + "
"(.0000013381,0)7^ 2^ 9 0 + "
"(-.0000009088,0)2^ 8^ 0 5 + "
"(.0000009088,0)8^ 2^ 0 5 + "
"(.0000009088,0)2^ 8^ 5 0 + "
"(-.0000009088,0)8^ 2^ 5 0 + "
"(-.0000000089,0)2^ 8^ 0 6 + "
"(.0000000089,0)8^ 2^ 0 6 + "
"(.0000000089,0)2^ 8^ 6 0 + "
"(-.0000000089,0)8^ 2^ 6 0 + "
"(-.0000000028,0)2^ 3^ 0 1 + "
"(-.0000000028,0)7^ 8^ 5 6 + "
"(-.0000015461,0)2^ 8^ 0 7 + "
"(.0000015461,0)8^ 2^ 0 7 + "
"(.0000015461,0)2^ 8^ 7 0 + "
"(-.0000015461,0)8^ 2^ 7 0 + "
"(.0000065874,0)2^ 3^ 0 2 + "
"(.0000065874,0)7^ 8^ 5 7 + "
"(-.0407591885,0)2^ 8^ 0 8 + "
"(.0407591885,0)8^ 2^ 0 8 + "
"(.0407591885,0)2^ 8^ 8 0 + "
"(-.0407591885,0)8^ 2^ 8 0 + "
"(-.0369160193,0)2^ 3^ 0 3 + "
"(-.0369160193,0)7^ 8^ 5 8 + "
"(.0000007863,0)2^ 9^ 0 5 + "
"(-.0000007863,0)9^ 2^ 0 5 + "
"(-.0000007863,0)2^ 9^ 5 0 + "
"(.0000007863,0)9^ 2^ 5 0 + "
"(.0000000047,0)2^ 9^ 0 6 + "
"(-.0000000047,0)9^ 2^ 0 6 + "
"(-.0000000047,0)2^ 9^ 6 0 + "
"(.0000000047,0)9^ 2^ 6 0 + "
"(.0000000013,0)2^ 4^ 0 1 + "
"(.0000000013,0)7^ 9^ 5 6 + "
"(.0000013381,0)2^ 9^ 0 7 + "
"(-.0000013381,0)9^ 2^ 0 7 + "
"(-.0000013381,0)2^ 9^ 7 0 + "
"(.0000013381,0)9^ 2^ 7 0 + "
"(-.0000057035,0)2^ 4^ 0 2 + "
"(-.0000057035,0)7^ 9^ 5 7 + "
"(-.0407592283,0)2^ 9^ 0 9 + "
"(.0407592283,0)9^ 2^ 0 9 + "
"(.0407592283,0)2^ 9^ 9 0 + "
"(-.0407592283,0)9^ 2^ 9 0 + "
"(-.0369160350,0)2^ 4^ 0 4 + "
"(-.0369160350,0)7^ 9^ 5 9 + "
"(-.0001435360,0)2^ 1 + "
"(-.0001435360,0)7^ 6 + "
"(-.0000196294,0)2^ 5^ 1 5 + "
"(.0000196294,0)5^ 2^ 1 5 + "
"(.0000196294,0)2^ 5^ 5 1 + "
"(-.0000196294,0)5^ 2^ 5 1 + "
"(-.0000148877,0)2^ 0^ 1 0 + "
"(-.0000148877,0)7^ 5^ 6 5 + "
"(-.0047106914,0)2^ 5^ 1 6 + "
"(.0047106914,0)5^ 2^ 1 6 + "
"(.0047106914,0)2^ 5^ 6 1 + "
"(-.0047106914,0)5^ 2^ 6 1 + "
"(-.0000017066,0)2^ 5^ 1 7 + "
"(.0000017066,0)5^ 2^ 1 7 + "
"(.0000017066,0)2^ 5^ 7 1 + "
"(-.0000017066,0)5^ 2^ 7 1 + "
"(-.0000372112,0)2^ 0^ 1 2 + "
"(-.0000372112,0)7^ 5^ 6 7 + "
"(-.0000000061,0)2^ 5^ 1 8 + "
"(.0000000061,0)5^ 2^ 1 8 + "
"(.0000000061,0)2^ 5^ 8 1 + "
"(-.0000000061,0)5^ 2^ 8 1 + "
"(.0000000011,0)2^ 0^ 1 3 + "
"(.0000000011,0)7^ 5^ 6 8 + "
"(.0000000034,0)2^ 5^ 1 9 + "
"(-.0000000034,0)5^ 2^ 1 9 + "
"(-.0000000034,0)2^ 5^ 9 1 + "
"(.0000000034,0)5^ 2^ 9 1 + "
"(-.0000000004,0)2^ 0^ 1 4 + "
"(-.0000000004,0)7^ 5^ 6 9 + "
"(-.0047106914,0)2^ 6^ 1 5 + "
"(.0047106914,0)6^ 2^ 1 5 + "
"(.0047106914,0)2^ 6^ 5 1 + "
"(-.0047106914,0)6^ 2^ 5 1 + "
"(.0365270650,0)2^ 1^ 1 0 + "
"(.0365270650,0)7^ 6^ 6 5 + "
"(-.0000218035,0)2^ 6^ 1 6 + "
"(.0000218035,0)6^ 2^ 1 6 + "
"(.0000218035,0)2^ 6^ 6 1 + "
"(-.0000218035,0)6^ 2^ 6 1 + "
"(-.0095252015,0)2^ 6^ 1 7 + "
"(.0095252015,0)6^ 2^ 1 7 + "
"(.0095252015,0)2^ 6^ 7 1 + "
"(-.0095252015,0)6^ 2^ 7 1 + "
"(.1457532505,0)2^ 1^ 1 2 + "
"(.1457532505,0)7^ 6^ 6 7 + "
"(.0000002073,0)2^ 6^ 1 8 + "
"(-.0000002073,0)6^ 2^ 1 8 + "
"(-.0000002073,0)2^ 6^ 8 1 + "
"(.0000002073,0)6^ 2^ 8 1 + "
"(-.0000007699,0)2^ 1^ 1 3 + "
"(-.0000007699,0)7^ 6^ 6 8 + "
"(-.0000001801,0)2^ 6^ 1 9 + "
"(.0000001801,0)6^ 2^ 1 9 + "
"(.0000001801,0)2^ 6^ 9 1 + "
"(-.0000001801,0)6^ 2^ 9 1 + "
"(.0000006683,0)2^ 1^ 1 4 + "
"(.0000006683,0)7^ 6^ 6 9 + "
"(-.0000017066,0)2^ 7^ 1 5 + "
"(.0000017066,0)7^ 2^ 1 5 + "
"(.0000017066,0)2^ 7^ 5 1 + "
"(-.0000017066,0)7^ 2^ 5 1 + "
"(-.0095252015,0)2^ 7^ 1 6 + "
"(.0095252015,0)7^ 2^ 1 6 + "
"(.0095252015,0)2^ 7^ 6 1 + "
"(-.0095252015,0)7^ 2^ 6 1 + "
"(-.0000230265,0)2^ 7^ 1 7 + "
"(.0000230265,0)7^ 2^ 1 7 + "
"(.0000230265,0)2^ 7^ 7 1 + "
"(-.0000230265,0)7^ 2^ 7 1 + "
"(-.0000000020,0)2^ 7^ 1 8 + "
"(.0000000020,0)7^ 2^ 1 8 + "
"(.0000000020,0)2^ 7^ 8 1 + "
"(-.0000000020,0)7^ 2^ 8 1 + "
"(.0000000013,0)2^ 7^ 1 9 + "
"(-.0000000013,0)7^ 2^ 1 9 + "
"(-.0000000013,0)2^ 7^ 9 1 + "
"(.0000000013,0)7^ 2^ 9 1 + "
"(-.0000000061,0)2^ 8^ 1 5 + "
"(.0000000061,0)8^ 2^ 1 5 + "
"(.0000000061,0)2^ 8^ 5 1 + "
"(-.0000000061,0)8^ 2^ 5 1 + "
"(.0000000028,0)2^ 3^ 1 0 + "
"(.0000000028,0)7^ 8^ 6 5 + "
"(.0000002073,0)2^ 8^ 1 6 + "
"(-.0000002073,0)8^ 2^ 1 6 + "
"(-.0000002073,0)2^ 8^ 6 1 + "
"(.0000002073,0)8^ 2^ 6 1 + "
"(-.0000000020,0)2^ 8^ 1 7 + "
"(.0000000020,0)8^ 2^ 1 7 + "
"(.0000000020,0)2^ 8^ 7 1 + "
"(-.0000000020,0)8^ 2^ 7 1 + "
"(.0000000124,0)2^ 3^ 1 2 + "
"(.0000000124,0)7^ 8^ 6 7 + "
"(-.0000170054,0)2^ 8^ 1 8 + "
"(.0000170054,0)8^ 2^ 1 8 + "
"(.0000170054,0)2^ 8^ 8 1 + "
"(-.0000170054,0)8^ 2^ 8 1 + "
"(-.0000143550,0)2^ 3^ 1 3 + "
"(-.0000143550,0)7^ 8^ 6 8 + "
"(.0000000034,0)2^ 9^ 1 5 + "
"(-.0000000034,0)9^ 2^ 1 5 + "
"(-.0000000034,0)2^ 9^ 5 1 + "
"(.0000000034,0)9^ 2^ 5 1 + "
"(-.0000000013,0)2^ 4^ 1 0 + "
"(-.0000000013,0)7^ 9^ 6 5 + "
"(-.0000001801,0)2^ 9^ 1 6 + "
"(.0000001801,0)9^ 2^ 1 6 + "
"(.0000001801,0)2^ 9^ 6 1 + "
"(-.0000001801,0)9^ 2^ 6 1 + "
"(.0000000013,0)2^ 9^ 1 7 + "
"(-.0000000013,0)9^ 2^ 1 7 + "
"(-.0000000013,0)2^ 9^ 7 1 + "
"(.0000000013,0)9^ 2^ 7 1 + "
"(-.0000000071,0)2^ 4^ 1 2 + "
"(-.0000000071,0)7^ 9^ 6 7 + "
"(-.0000170054,0)2^ 9^ 1 9 + "
"(.0000170054,0)9^ 2^ 1 9 + "
"(.0000170054,0)2^ 9^ 9 1 + "
"(-.0000170054,0)9^ 2^ 9 1 + "
"(-.0000143550,0)2^ 4^ 1 4 + "
"(-.0000143550,0)7^ 9^ 6 9 + "
"(-.0617773408,0)2^ 2 + "
"(-.0617773408,0)7^ 7 + "
"(-.1672108102,0)2^ 5^ 2 5 + "
"(.1672108102,0)5^ 2^ 2 5 + "
"(.1672108102,0)2^ 5^ 5 2 + "
"(-.1672108102,0)5^ 2^ 5 2 + "
"(-.1287332589,0)2^ 0^ 2 0 + "
"(-.1287332589,0)7^ 5^ 7 5 + "
"(.0000355046,0)2^ 5^ 2 6 + "
"(-.0000355046,0)5^ 2^ 2 6 + "
"(-.0000355046,0)2^ 5^ 6 2 + "
"(.0000355046,0)5^ 2^ 6 2 + "
"(.0000372112,0)2^ 0^ 2 1 + "
"(.0000372112,0)7^ 5^ 7 6 + "
"(-.0483319534,0)2^ 5^ 2 7 + "
"(.0483319534,0)5^ 2^ 2 7 + "
"(.0483319534,0)2^ 5^ 7 2 + "
"(-.0483319534,0)5^ 2^ 7 2 + "
"(-.0000081334,0)2^ 5^ 2 8 + "
"(.0000081334,0)5^ 2^ 2 8 + "
"(.0000081334,0)2^ 5^ 8 2 + "
"(-.0000081334,0)5^ 2^ 8 2 + "
"(-.0000065874,0)2^ 0^ 2 3 + "
"(-.0000065874,0)7^ 5^ 7 8 + "
"(.0000070416,0)2^ 5^ 2 9 + "
"(-.0000070416,0)5^ 2^ 2 9 + "
"(-.0000070416,0)2^ 5^ 9 2 + "
"(.0000070416,0)5^ 2^ 9 2 + "
"(.0000057035,0)2^ 0^ 2 4 + "
"(.0000057035,0)7^ 5^ 7 9 + "
"(.0000355046,0)2^ 6^ 2 5 + "
"(-.0000355046,0)6^ 2^ 2 5 + "
"(-.0000355046,0)2^ 6^ 5 2 + "
"(.0000355046,0)6^ 2^ 5 2 + "
"(.0000372112,0)2^ 1^ 2 0 + "
"(.0000372112,0)7^ 6^ 7 5 + "
"(-.1552784520,0)2^ 6^ 2 6 + "
"(.1552784520,0)6^ 2^ 2 6 + "
"(.1552784520,0)2^ 6^ 6 2 + "
"(-.1552784520,0)6^ 2^ 6 2 + "
"(-.1457532505,0)2^ 1^ 2 1 + "
"(-.1457532505,0)7^ 6^ 7 6 + "
"(-.0000230265,0)2^ 6^ 2 7 + "
"(.0000230265,0)6^ 2^ 2 7 + "
"(.0000230265,0)2^ 6^ 7 2 + "
"(-.0000230265,0)6^ 2^ 7 2 + "
"(-.0000000143,0)2^ 6^ 2 8 + "
"(.0000000143,0)6^ 2^ 2 8 + "
"(.0000000143,0)2^ 6^ 8 2 + "
"(-.0000000143,0)6^ 2^ 8 2 + "
"(-.0000000124,0)2^ 1^ 2 3 + "
"(-.0000000124,0)7^ 6^ 7 8 + "
"(.0000000083,0)2^ 6^ 2 9 + "
"(-.0000000083,0)6^ 2^ 2 9 + "
"(-.0000000083,0)2^ 6^ 9 2 + "
"(.0000000083,0)6^ 2^ 9 2 + "
"(.0000000071,0)2^ 1^ 2 4 + "
"(.0000000071,0)7^ 6^ 7 9 + "
"(-.0483319534,0)2^ 7^ 2 5 + "
"(.0483319534,0)7^ 2^ 2 5 + "
"(.0483319534,0)2^ 7^ 5 2 + "
"(-.0483319534,0)7^ 2^ 5 2 + "
"(-.0000230265,0)2^ 7^ 2 6 + "
"(.0000230265,0)7^ 2^ 2 6 + "
"(.0000230265,0)2^ 7^ 6 2 + "
"(-.0000230265,0)7^ 2^ 6 2 + "
"(-.1566907933,0)2^ 7^ 2 7 + "
"(.1566907933,0)7^ 2^ 2 7 + "
"(.1566907933,0)2^ 7^ 7 2 + "
"(-.1566907933,0)7^ 2^ 7 2 + "
"(.0000015423,0)2^ 7^ 2 8 + "
"(-.0000015423,0)7^ 2^ 2 8 + "
"(-.0000015423,0)2^ 7^ 8 2 + "
"(.0000015423,0)7^ 2^ 8 2 + "
"(-.0000013368,0)2^ 7^ 2 9 + "
"(.0000013368,0)7^ 2^ 2 9 + "
"(.0000013368,0)2^ 7^ 9 2 + "
"(-.0000013368,0)7^ 2^ 9 2 + "
"(-.0000081334,0)2^ 8^ 2 5 + "
"(.0000081334,0)8^ 2^ 2 5 + "
"(.0000081334,0)2^ 8^ 5 2 + "
"(-.0000081334,0)8^ 2^ 5 2 + "
"(-.0000065874,0)2^ 3^ 2 0 + "
"(-.0000065874,0)7^ 8^ 7 5 + "
"(-.0000000143,0)2^ 8^ 2 6 + "
"(.0000000143,0)8^ 2^ 2 6 + "
"(.0000000143,0)2^ 8^ 6 2 + "
"(-.0000000143,0)8^ 2^ 6 2 + "
"(-.0000000124,0)2^ 3^ 2 1 + "
"(-.0000000124,0)7^ 8^ 7 6 + "
"(.0000015423,0)2^ 8^ 2 7 + "
"(-.0000015423,0)8^ 2^ 2 7 + "
"(-.0000015423,0)2^ 8^ 7 2 + "
"(.0000015423,0)8^ 2^ 7 2 + "
"(-.1539834282,0)2^ 8^ 2 8 + "
"(.1539834282,0)8^ 2^ 2 8 + "
"(.1539834282,0)2^ 8^ 8 2 + "
"(-.1539834282,0)8^ 2^ 8 2 + "
"(-.1452617928,0)2^ 3^ 2 3 + "
"(-.1452617928,0)7^ 8^ 7 8 + "
"(.0000070416,0)2^ 9^ 2 5 + "
"(-.0000070416,0)9^ 2^ 2 5 + "
"(-.0000070416,0)2^ 9^ 5 2 + "
"(.0000070416,0)9^ 2^ 5 2 + "
"(.0000057035,0)2^ 4^ 2 0 + "
"(.0000057035,0)7^ 9^ 7 5 + "
"(.0000000083,0)2^ 9^ 2 6 + "
"(-.0000000083,0)9^ 2^ 2 6 + "
"(-.0000000083,0)2^ 9^ 6 2 + "
"(.0000000083,0)9^ 2^ 6 2 + "
"(.0000000071,0)2^ 4^ 2 1 + "
"(.0000000071,0)7^ 9^ 7 6 + "
"(-.0000013368,0)2^ 9^ 2 7 + "
"(.0000013368,0)9^ 2^ 2 7 + "
"(.0000013368,0)2^ 9^ 7 2 + "
"(-.0000013368,0)9^ 2^ 7 2 + "
"(-.1539834868,0)2^ 9^ 2 9 + "
"(.1539834868,0)9^ 2^ 2 9 + "
"(.1539834868,0)2^ 9^ 9 2 + "
"(-.1539834868,0)9^ 2^ 9 2 + "
"(-.1452618524,0)2^ 4^ 2 4 + "
"(-.1452618524,0)7^ 9^ 7 9 + "
"(.0000056232,0)2^ 3 + "
"(.0000056232,0)7^ 8 + "
"(.0000006970,0)2^ 5^ 3 5 + "
"(-.0000006970,0)5^ 2^ 3 5 + "
"(-.0000006970,0)2^ 5^ 5 3 + "
"(.0000006970,0)5^ 2^ 5 3 + "
"(.0000016058,0)2^ 0^ 3 0 + "
"(.0000016058,0)7^ 5^ 8 5 + "
"(-.0000000072,0)2^ 5^ 3 6 + "
"(.0000000072,0)5^ 2^ 3 6 + "
"(.0000000072,0)2^ 5^ 6 3 + "
"(-.0000000072,0)5^ 2^ 6 3 + "
"(-.0000000011,0)2^ 0^ 3 1 + "
"(-.0000000011,0)7^ 5^ 8 6 + "
"(-.0000015461,0)2^ 5^ 3 7 + "
"(.0000015461,0)5^ 2^ 3 7 + "
"(.0000015461,0)2^ 5^ 7 3 + "
"(-.0000015461,0)5^ 2^ 7 3 + "
"(.0000065874,0)2^ 0^ 3 2 + "
"(.0000065874,0)7^ 5^ 8 7 + "
"(-.0038431693,0)2^ 5^ 3 8 + "
"(.0038431693,0)5^ 2^ 3 8 + "
"(.0038431693,0)2^ 5^ 8 3 + "
"(-.0038431693,0)5^ 2^ 8 3 + "
"(.0000000003,0)2^ 5^ 3 9 + "
"(-.0000000003,0)5^ 2^ 3 9 + "
"(-.0000000003,0)2^ 5^ 9 3 + "
"(.0000000003,0)5^ 2^ 9 3 + "
"(-.0000000072,0)2^ 6^ 3 5 + "
"(.0000000072,0)6^ 2^ 3 5 + "
"(.0000000072,0)2^ 6^ 5 3 + "
"(-.0000000072,0)6^ 2^ 5 3 + "
"(.0000000017,0)2^ 1^ 3 0 + "
"(.0000000017,0)7^ 6^ 8 5 + "
"(.0000009772,0)2^ 6^ 3 6 + "
"(-.0000009772,0)6^ 2^ 3 6 + "
"(-.0000009772,0)2^ 6^ 6 3 + "
"(.0000009772,0)6^ 2^ 6 3 + "
"(.0000007699,0)2^ 1^ 3 1 + "
"(.0000007699,0)7^ 6^ 8 6 + "
"(-.0000000020,0)2^ 6^ 3 7 + "
"(.0000000020,0)6^ 2^ 3 7 + "
"(.0000000020,0)2^ 6^ 7 3 + "
"(-.0000000020,0)6^ 2^ 7 3 + "
"(.0000000124,0)2^ 1^ 3 2 + "
"(.0000000124,0)7^ 6^ 8 7 + "
"(-.0000026504,0)2^ 6^ 3 8 + "
"(.0000026504,0)6^ 2^ 3 8 + "
"(.0000026504,0)2^ 6^ 8 3 + "
"(-.0000026504,0)6^ 2^ 8 3 + "
"(-.0000015461,0)2^ 7^ 3 5 + "
"(.0000015461,0)7^ 2^ 3 5 + "
"(.0000015461,0)2^ 7^ 5 3 + "
"(-.0000015461,0)7^ 2^ 5 3 + "
"(-.0000000020,0)2^ 7^ 3 6 + "
"(.0000000020,0)7^ 2^ 3 6 + "
"(.0000000020,0)2^ 7^ 6 3 + "
"(-.0000000020,0)7^ 2^ 6 3 + "
"(.0000015423,0)2^ 7^ 3 7 + "
"(-.0000015423,0)7^ 2^ 3 7 + "
"(-.0000015423,0)2^ 7^ 7 3 + "
"(.0000015423,0)7^ 2^ 7 3 + "
"(-.0087216355,0)2^ 7^ 3 8 + "
"(.0087216355,0)7^ 2^ 3 8 + "
"(.0087216355,0)2^ 7^ 8 3 + "
"(-.0087216355,0)7^ 2^ 8 3 + "
"(-.0038431693,0)2^ 8^ 3 5 + "
"(.0038431693,0)8^ 2^ 3 5 + "
"(.0038431693,0)2^ 8^ 5 3 + "
"(-.0038431693,0)8^ 2^ 5 3 + "
"(.0369160193,0)2^ 3^ 3 0 + "
"(.0369160193,0)7^ 8^ 8 5 + "
"(-.0000026504,0)2^ 8^ 3 6 + "
"(.0000026504,0)8^ 2^ 3 6 + "
"(.0000026504,0)2^ 8^ 6 3 + "
"(-.0000026504,0)8^ 2^ 6 3 + "
"(.0000143550,0)2^ 3^ 3 1 + "
"(.0000143550,0)7^ 8^ 8 6 + "
"(-.0087216355,0)2^ 8^ 3 7 + "
"(.0087216355,0)8^ 2^ 3 7 + "
"(.0087216355,0)2^ 8^ 7 3 + "
"(-.0087216355,0)8^ 2^ 7 3 + "
"(.1452617928,0)2^ 3^ 3 2 + "
"(.1452617928,0)7^ 8^ 8 7 + "
"(.0000014463,0)2^ 8^ 3 8 + "
"(-.0000014463,0)8^ 2^ 3 8 + "
"(-.0000014463,0)2^ 8^ 8 3 + "
"(.0000014463,0)8^ 2^ 8 3 + "
"(-.0000001897,0)2^ 8^ 3 9 + "
"(.0000001897,0)8^ 2^ 3 9 + "
"(.0000001897,0)2^ 8^ 9 3 + "
"(-.0000001897,0)8^ 2^ 9 3 + "
"(.0000007016,0)2^ 3^ 3 4 + "
"(.0000007016,0)7^ 8^ 8 9 + "
"(.0000000003,0)2^ 9^ 3 5 + "
"(-.0000000003,0)9^ 2^ 3 5 + "
"(-.0000000003,0)2^ 9^ 5 3 + "
"(.0000000003,0)9^ 2^ 5 3 + "
"(-.0000001897,0)2^ 9^ 3 8 + "
"(.0000001897,0)9^ 2^ 3 8 + "
"(.0000001897,0)2^ 9^ 8 3 + "
"(-.0000001897,0)9^ 2^ 8 3 + "
"(.0000010288,0)2^ 9^ 3 9 + "
"(-.0000010288,0)9^ 2^ 3 9 + "
"(-.0000010288,0)2^ 9^ 9 3 + "
"(.0000010288,0)9^ 2^ 9 3 + "
"(.0000008094,0)2^ 4^ 3 4 + "
"(.0000008094,0)7^ 9^ 8 9 + "
"(-.0000048531,0)2^ 4 + "
"(-.0000048531,0)7^ 9 + "
"(-.0000006050,0)2^ 5^ 4 5 + "
"(.0000006050,0)5^ 2^ 4 5 + "
"(.0000006050,0)2^ 5^ 5 4 + "
"(-.0000006050,0)5^ 2^ 5 4 + "
"(-.0000013913,0)2^ 0^ 4 0 + "
"(-.0000013913,0)7^ 5^ 9 5 + "
"(.0000000038,0)2^ 5^ 4 6 + "
"(-.0000000038,0)5^ 2^ 4 6 + "
"(-.0000000038,0)2^ 5^ 6 4 + "
"(.0000000038,0)5^ 2^ 6 4 + "
"(.0000000004,0)2^ 0^ 4 1 + "
"(.0000000004,0)7^ 5^ 9 6 + "
"(.0000013381,0)2^ 5^ 4 7 + "
"(-.0000013381,0)5^ 2^ 4 7 + "
"(-.0000013381,0)2^ 5^ 7 4 + "
"(.0000013381,0)5^ 2^ 7 4 + "
"(-.0000057035,0)2^ 0^ 4 2 + "
"(-.0000057035,0)7^ 5^ 9 7 + "
"(-.0038431933,0)2^ 5^ 4 9 + "
"(.0038431933,0)5^ 2^ 4 9 + "
"(.0038431933,0)2^ 5^ 9 4 + "
"(-.0038431933,0)5^ 2^ 9 4 + "
"(.0000000038,0)2^ 6^ 4 5 + "
"(-.0000000038,0)6^ 2^ 4 5 + "
"(-.0000000038,0)2^ 6^ 5 4 + "
"(.0000000038,0)6^ 2^ 5 4 + "
"(-.0000000009,0)2^ 1^ 4 0 + "
"(-.0000000009,0)7^ 6^ 9 5 + "
"(-.0000008483,0)2^ 6^ 4 6 + "
"(.0000008483,0)6^ 2^ 4 6 + "
"(.0000008483,0)2^ 6^ 6 4 + "
"(-.0000008483,0)6^ 2^ 6 4 + "
"(-.0000006683,0)2^ 1^ 4 1 + "
"(-.0000006683,0)7^ 6^ 9 6 + "
"(.0000000013,0)2^ 6^ 4 7 + "
"(-.0000000013,0)6^ 2^ 4 7 + "
"(-.0000000013,0)2^ 6^ 7 4 + "
"(.0000000013,0)6^ 2^ 7 4 + "
"(-.0000000071,0)2^ 1^ 4 2 + "
"(-.0000000071,0)7^ 6^ 9 7 + "
"(-.0000026504,0)2^ 6^ 4 9 + "
"(.0000026504,0)6^ 2^ 4 9 + "
"(.0000026504,0)2^ 6^ 9 4 + "
"(-.0000026504,0)6^ 2^ 9 4 + "
"(.0000013381,0)2^ 7^ 4 5 + "
"(-.0000013381,0)7^ 2^ 4 5 + "
"(-.0000013381,0)2^ 7^ 5 4 + "
"(.0000013381,0)7^ 2^ 5 4 + "
"(.0000000013,0)2^ 7^ 4 6 + "
"(-.0000000013,0)7^ 2^ 4 6 + "
"(-.0000000013,0)2^ 7^ 6 4 + "
"(.0000000013,0)7^ 2^ 6 4 + "
"(-.0000013368,0)2^ 7^ 4 7 + "
"(.0000013368,0)7^ 2^ 4 7 + "
"(.0000013368,0)2^ 7^ 7 4 + "
"(-.0000013368,0)7^ 2^ 7 4 + "
"(-.0087216344,0)2^ 7^ 4 9 + "
"(.0087216344,0)7^ 2^ 4 9 + "
"(.0087216344,0)2^ 7^ 9 4 + "
"(-.0087216344,0)7^ 2^ 9 4 + "
"(-.0000008913,0)2^ 8^ 4 8 + "
"(.0000008913,0)8^ 2^ 4 8 + "
"(.0000008913,0)2^ 8^ 8 4 + "
"(-.0000008913,0)8^ 2^ 8 4 + "
"(-.0000007016,0)2^ 3^ 4 3 + "
"(-.0000007016,0)7^ 8^ 9 8 + "
"(.0000002194,0)2^ 8^ 4 9 + "
"(-.0000002194,0)8^ 2^ 4 9 + "
"(-.0000002194,0)2^ 8^ 9 4 + "
"(.0000002194,0)8^ 2^ 9 4 + "
"(-.0038431933,0)2^ 9^ 4 5 + "
"(.0038431933,0)9^ 2^ 4 5 + "
"(.0038431933,0)2^ 9^ 5 4 + "
"(-.0038431933,0)9^ 2^ 5 4 + "
"(.0369160350,0)2^ 4^ 4 0 + "
"(.0369160350,0)7^ 9^ 9 5 + "
"(-.0000026504,0)2^ 9^ 4 6 + "
"(.0000026504,0)9^ 2^ 4 6 + "
"(.0000026504,0)2^ 9^ 6 4 + "
"(-.0000026504,0)9^ 2^ 6 4 + "
"(.0000143550,0)2^ 4^ 4 1 + "
"(.0000143550,0)7^ 9^ 9 6 + "
"(-.0087216344,0)2^ 9^ 4 7 + "
"(.0087216344,0)9^ 2^ 4 7 + "
"(.0087216344,0)2^ 9^ 7 4 + "
"(-.0087216344,0)9^ 2^ 7 4 + "
"(.1452618524,0)2^ 4^ 4 2 + "
"(.1452618524,0)7^ 9^ 9 7 + "
"(.0000002194,0)2^ 9^ 4 8 + "
"(-.0000002194,0)9^ 2^ 4 8 + "
"(-.0000002194,0)2^ 9^ 8 4 + "
"(.0000002194,0)9^ 2^ 8 4 + "
"(-.0000008094,0)2^ 4^ 4 3 + "
"(-.0000008094,0)7^ 9^ 9 8 + "
"(-.0000012532,0)2^ 9^ 4 9 + "
"(.0000012532,0)9^ 2^ 4 9 + "
"(.0000012532,0)2^ 9^ 9 4 + "
"(-.0000012532,0)9^ 2^ 9 4 + "
"(-.0000383815,0)3^ 0 + "
"(-.0000383815,0)8^ 5 + "
"(-.0000095954,0)3^ 5^ 0 5 + "
"(.0000095954,0)5^ 3^ 0 5 + "
"(.0000095954,0)3^ 5^ 5 0 + "
"(-.0000095954,0)5^ 3^ 5 0 + "
"(-.0000000102,0)3^ 5^ 0 6 + "
"(.0000000102,0)5^ 3^ 0 6 + "
"(.0000000102,0)3^ 5^ 6 0 + "
"(-.0000000102,0)5^ 3^ 6 0 + "
"(.0000000085,0)3^ 0^ 0 1 + "
"(.0000000085,0)8^ 5^ 5 6 + "
"(-.0000009088,0)3^ 5^ 0 7 + "
"(.0000009088,0)5^ 3^ 0 7 + "
"(.0000009088,0)3^ 5^ 7 0 + "
"(-.0000009088,0)5^ 3^ 7 0 + "
"(-.0000016058,0)3^ 0^ 0 2 + "
"(-.0000016058,0)8^ 5^ 5 7 + "
"(-.0351754385,0)3^ 5^ 0 8 + "
"(.0351754385,0)5^ 3^ 0 8 + "
"(.0351754385,0)3^ 5^ 8 0 + "
"(-.0351754385,0)5^ 3^ 8 0 + "
"(.1420019290,0)3^ 0^ 0 3 + "
"(.1420019290,0)8^ 5^ 5 8 + "
"(.0000000003,0)3^ 0^ 0 4 + "
"(.0000000003,0)8^ 5^ 5 9 + "
"(-.0000000102,0)3^ 6^ 0 5 + "
"(.0000000102,0)6^ 3^ 0 5 + "
"(.0000000102,0)3^ 6^ 5 0 + "
"(-.0000000102,0)6^ 3^ 5 0 + "
"(-.0000074312,0)3^ 6^ 0 6 + "
"(.0000074312,0)6^ 3^ 0 6 + "
"(.0000074312,0)3^ 6^ 6 0 + "
"(-.0000074312,0)6^ 3^ 6 0 + "
"(-.0000067824,0)3^ 1^ 0 1 + "
"(-.0000067824,0)8^ 6^ 5 6 + "
"(-.0000000061,0)3^ 6^ 0 7 + "
"(.0000000061,0)6^ 3^ 0 7 + "
"(.0000000061,0)3^ 6^ 7 0 + "
"(-.0000000061,0)6^ 3^ 7 0 + "
"(.0000000011,0)3^ 1^ 0 2 + "
"(.0000000011,0)8^ 6^ 5 7 + "
"(.0000044519,0)3^ 6^ 0 8 + "
"(-.0000044519,0)6^ 3^ 0 8 + "
"(-.0000044519,0)3^ 6^ 8 0 + "
"(.0000044519,0)6^ 3^ 8 0 + "
"(-.0000371046,0)3^ 1^ 0 3 + "
"(-.0000371046,0)8^ 6^ 5 8 + "
"(-.0000009088,0)3^ 7^ 0 5 + "
"(.0000009088,0)7^ 3^ 0 5 + "
"(.0000009088,0)3^ 7^ 5 0 + "
"(-.0000009088,0)7^ 3^ 5 0 + "
"(-.0000000061,0)3^ 7^ 0 6 + "
"(.0000000061,0)7^ 3^ 0 6 + "
"(.0000000061,0)3^ 7^ 6 0 + "
"(-.0000000061,0)7^ 3^ 6 0 + "
"(.0000000028,0)3^ 2^ 0 1 + "
"(.0000000028,0)8^ 7^ 5 6 + "
"(-.0000081334,0)3^ 7^ 0 7 + "
"(.0000081334,0)7^ 3^ 0 7 + "
"(.0000081334,0)3^ 7^ 7 0 + "
"(-.0000081334,0)7^ 3^ 7 0 + "
"(-.0000065874,0)3^ 2^ 0 2 + "
"(-.0000065874,0)8^ 7^ 5 7 + "
"(-.0038431693,0)3^ 7^ 0 8 + "
"(.0038431693,0)7^ 3^ 0 8 + "
"(.0038431693,0)3^ 7^ 8 0 + "
"(-.0038431693,0)7^ 3^ 8 0 + "
"(.0369160193,0)3^ 2^ 0 3 + "
"(.0369160193,0)8^ 7^ 5 8 + "
"(-.0351754385,0)3^ 8^ 0 5 + "
"(.0351754385,0)8^ 3^ 0 5 + "
"(.0351754385,0)3^ 8^ 5 0 + "
"(-.0351754385,0)8^ 3^ 5 0 + "
"(.0000044519,0)3^ 8^ 0 6 + "
"(-.0000044519,0)8^ 3^ 0 6 + "
"(-.0000044519,0)3^ 8^ 6 0 + "
"(.0000044519,0)8^ 3^ 6 0 + "
"(-.0038431693,0)3^ 8^ 0 7 + "
"(.0038431693,0)8^ 3^ 0 7 + "
"(.0038431693,0)3^ 8^ 7 0 + "
"(-.0038431693,0)8^ 3^ 7 0 + "
"(-.0000086068,0)3^ 8^ 0 8 + "
"(.0000086068,0)8^ 3^ 0 8 + "
"(.0000086068,0)3^ 8^ 8 0 + "
"(-.0000086068,0)8^ 3^ 8 0 + "
"(.0000004973,0)3^ 8^ 0 9 + "
"(-.0000004973,0)8^ 3^ 0 9 + "
"(-.0000004973,0)3^ 8^ 9 0 + "
"(.0000004973,0)8^ 3^ 9 0 + "
"(.0000004973,0)3^ 9^ 0 8 + "
"(-.0000004973,0)9^ 3^ 0 8 + "
"(-.0000004973,0)3^ 9^ 8 0 + "
"(.0000004973,0)9^ 3^ 8 0 + "
"(-.0000058949,0)3^ 4^ 0 3 + "
"(-.0000058949,0)8^ 9^ 5 8 + "
"(-.0000073858,0)3^ 9^ 0 9 + "
"(.0000073858,0)9^ 3^ 0 9 + "
"(.0000073858,0)3^ 9^ 9 0 + "
"(-.0000073858,0)9^ 3^ 9 0 + "
"(-.0000068075,0)3^ 4^ 0 4 + "
"(-.0000068075,0)8^ 9^ 5 9 + "
"(-.0000001050,0)3^ 1 + "
"(-.0000001050,0)8^ 6 + "
"(-.0000000187,0)3^ 5^ 1 5 + "
"(.0000000187,0)5^ 3^ 1 5 + "
"(.0000000187,0)3^ 5^ 5 1 + "
"(-.0000000187,0)5^ 3^ 5 1 + "
"(-.0000000085,0)3^ 0^ 1 0 + "
"(-.0000000085,0)8^ 5^ 6 5 + "
"(-.0000006488,0)3^ 5^ 1 6 + "
"(.0000006488,0)5^ 3^ 1 6 + "
"(.0000006488,0)3^ 5^ 6 1 + "
"(-.0000006488,0)5^ 3^ 6 1 + "
"(-.0000000089,0)3^ 5^ 1 7 + "
"(.0000000089,0)5^ 3^ 1 7 + "
"(.0000000089,0)3^ 5^ 7 1 + "
"(-.0000000089,0)5^ 3^ 7 1 + "
"(-.0000000017,0)3^ 0^ 1 2 + "
"(-.0000000017,0)8^ 5^ 6 7 + "
"(.0000044519,0)3^ 5^ 1 8 + "
"(-.0000044519,0)5^ 3^ 1 8 + "
"(-.0000044519,0)3^ 5^ 8 1 + "
"(.0000044519,0)5^ 3^ 8 1 + "
"(-.0000371046,0)3^ 0^ 1 3 + "
"(-.0000371046,0)8^ 5^ 6 8 + "
"(-.0000006488,0)3^ 6^ 1 5 + "
"(.0000006488,0)6^ 3^ 1 5 + "
"(.0000006488,0)3^ 6^ 5 1 + "
"(-.0000006488,0)6^ 3^ 5 1 + "
"(.0000067824,0)3^ 1^ 1 0 + "
"(.0000067824,0)8^ 6^ 6 5 + "
"(-.0000000180,0)3^ 6^ 1 6 + "
"(.0000000180,0)6^ 3^ 1 6 + "
"(.0000000180,0)3^ 6^ 6 1 + "
"(-.0000000180,0)6^ 3^ 6 1 + "
"(.0000002073,0)3^ 6^ 1 7 + "
"(-.0000002073,0)6^ 3^ 1 7 + "
"(-.0000002073,0)3^ 6^ 7 1 + "
"(.0000002073,0)6^ 3^ 7 1 + "
"(-.0000007699,0)3^ 1^ 1 2 + "
"(-.0000007699,0)8^ 6^ 6 7 + "
"(-.0110750806,0)3^ 6^ 1 8 + "
"(.0110750806,0)6^ 3^ 1 8 + "
"(.0110750806,0)3^ 6^ 8 1 + "
"(-.0110750806,0)6^ 3^ 8 1 + "
"(.1546250141,0)3^ 1^ 1 3 + "
"(.1546250141,0)8^ 6^ 6 8 + "
"(-.0000000089,0)3^ 7^ 1 5 + "
"(.0000000089,0)7^ 3^ 1 5 + "
"(.0000000089,0)3^ 7^ 5 1 + "
"(-.0000000089,0)7^ 3^ 5 1 + "
"(-.0000000028,0)3^ 2^ 1 0 + "
"(-.0000000028,0)8^ 7^ 6 5 + "
"(.0000002073,0)3^ 7^ 1 6 + "
"(-.0000002073,0)7^ 3^ 1 6 + "
"(-.0000002073,0)3^ 7^ 6 1 + "
"(.0000002073,0)7^ 3^ 6 1 + "
"(-.0000000143,0)3^ 7^ 1 7 + "
"(.0000000143,0)7^ 3^ 1 7 + "
"(.0000000143,0)3^ 7^ 7 1 + "
"(-.0000000143,0)7^ 3^ 7 1 + "
"(-.0000000124,0)3^ 2^ 1 2 + "
"(-.0000000124,0)8^ 7^ 6 7 + "
"(-.0000026504,0)3^ 7^ 1 8 + "
"(.0000026504,0)7^ 3^ 1 8 + "
"(.0000026504,0)3^ 7^ 8 1 + "
"(-.0000026504,0)7^ 3^ 8 1 + "
"(.0000143550,0)3^ 2^ 1 3 + "
"(.0000143550,0)8^ 7^ 6 8 + "
"(.0000044519,0)3^ 8^ 1 5 + "
"(-.0000044519,0)8^ 3^ 1 5 + "
"(-.0000044519,0)3^ 8^ 5 1 + "
"(.0000044519,0)8^ 3^ 5 1 + "
"(-.0110750806,0)3^ 8^ 1 6 + "
"(.0110750806,0)8^ 3^ 1 6 + "
"(.0110750806,0)3^ 8^ 6 1 + "
"(-.0110750806,0)8^ 3^ 6 1 + "
"(-.0000026504,0)3^ 8^ 1 7 + "
"(.0000026504,0)8^ 3^ 1 7 + "
"(.0000026504,0)3^ 8^ 7 1 + "
"(-.0000026504,0)8^ 3^ 7 1 + "
"(-.0000000173,0)3^ 8^ 1 8 + "
"(.0000000173,0)8^ 3^ 1 8 + "
"(.0000000173,0)3^ 8^ 8 1 + "
"(-.0000000173,0)8^ 3^ 8 1 + "
"(.0000000011,0)3^ 8^ 1 9 + "
"(-.0000000011,0)8^ 3^ 1 9 + "
"(-.0000000011,0)3^ 8^ 9 1 + "
"(.0000000011,0)8^ 3^ 9 1 + "
"(.0000000011,0)3^ 9^ 1 8 + "
"(-.0000000011,0)9^ 3^ 1 8 + "
"(-.0000000011,0)3^ 9^ 8 1 + "
"(.0000000011,0)9^ 3^ 8 1 + "
"(-.0000000069,0)3^ 4^ 1 3 + "
"(-.0000000069,0)8^ 9^ 6 8 + "
"(-.0000000138,0)3^ 9^ 1 9 + "
"(.0000000138,0)9^ 3^ 1 9 + "
"(.0000000138,0)3^ 9^ 9 1 + "
"(-.0000000138,0)9^ 3^ 9 1 + "
"(-.0000000120,0)3^ 4^ 1 4 + "
"(-.0000000120,0)8^ 9^ 6 9 + "
"(.0000056232,0)3^ 2 + "
"(.0000056232,0)8^ 7 + "
"(.0000006970,0)3^ 5^ 2 5 + "
"(-.0000006970,0)5^ 3^ 2 5 + "
"(-.0000006970,0)3^ 5^ 5 2 + "
"(.0000006970,0)5^ 3^ 5 2 + "
"(.0000016058,0)3^ 0^ 2 0 + "
"(.0000016058,0)8^ 5^ 7 5 + "
"(-.0000000072,0)3^ 5^ 2 6 + "
"(.0000000072,0)5^ 3^ 2 6 + "
"(.0000000072,0)3^ 5^ 6 2 + "
"(-.0000000072,0)5^ 3^ 6 2 + "
"(.0000000017,0)3^ 0^ 2 1 + "
"(.0000000017,0)8^ 5^ 7 6 + "
"(-.0000015461,0)3^ 5^ 2 7 + "
"(.0000015461,0)5^ 3^ 2 7 + "
"(.0000015461,0)3^ 5^ 7 2 + "
"(-.0000015461,0)5^ 3^ 7 2 + "
"(-.0038431693,0)3^ 5^ 2 8 + "
"(.0038431693,0)5^ 3^ 2 8 + "
"(.0038431693,0)3^ 5^ 8 2 + "
"(-.0038431693,0)5^ 3^ 8 2 + "
"(.0369160193,0)3^ 0^ 2 3 + "
"(.0369160193,0)8^ 5^ 7 8 + "
"(.0000000003,0)3^ 5^ 2 9 + "
"(-.0000000003,0)5^ 3^ 2 9 + "
"(-.0000000003,0)3^ 5^ 9 2 + "
"(.0000000003,0)5^ 3^ 9 2 + "
"(-.0000000072,0)3^ 6^ 2 5 + "
"(.0000000072,0)6^ 3^ 2 5 + "
"(.0000000072,0)3^ 6^ 5 2 + "
"(-.0000000072,0)6^ 3^ 5 2 + "
"(-.0000000011,0)3^ 1^ 2 0 + "
"(-.0000000011,0)8^ 6^ 7 5 + "
"(.0000009772,0)3^ 6^ 2 6 + "
"(-.0000009772,0)6^ 3^ 2 6 + "
"(-.0000009772,0)3^ 6^ 6 2 + "
"(.0000009772,0)6^ 3^ 6 2 + "
"(.0000007699,0)3^ 1^ 2 1 + "
"(.0000007699,0)8^ 6^ 7 6 + "
"(-.0000000020,0)3^ 6^ 2 7 + "
"(.0000000020,0)6^ 3^ 2 7 + "
"(.0000000020,0)3^ 6^ 7 2 + "
"(-.0000000020,0)6^ 3^ 7 2 + "
"(-.0000026504,0)3^ 6^ 2 8 + "
"(.0000026504,0)6^ 3^ 2 8 + "
"(.0000026504,0)3^ 6^ 8 2 + "
"(-.0000026504,0)6^ 3^ 8 2 + "
"(.0000143550,0)3^ 1^ 2 3 + "
"(.0000143550,0)8^ 6^ 7 8 + "
"(-.0000015461,0)3^ 7^ 2 5 + "
"(.0000015461,0)7^ 3^ 2 5 + "
"(.0000015461,0)3^ 7^ 5 2 + "
"(-.0000015461,0)7^ 3^ 5 2 + "
"(.0000065874,0)3^ 2^ 2 0 + "
"(.0000065874,0)8^ 7^ 7 5 + "
"(-.0000000020,0)3^ 7^ 2 6 + "
"(.0000000020,0)7^ 3^ 2 6 + "
"(.0000000020,0)3^ 7^ 6 2 + "
"(-.0000000020,0)7^ 3^ 6 2 + "
"(.0000000124,0)3^ 2^ 2 1 + "
"(.0000000124,0)8^ 7^ 7 6 + "
"(.0000015423,0)3^ 7^ 2 7 + "
"(-.0000015423,0)7^ 3^ 2 7 + "
"(-.0000015423,0)3^ 7^ 7 2 + "
"(.0000015423,0)7^ 3^ 7 2 + "
"(-.0087216355,0)3^ 7^ 2 8 + "
"(.0087216355,0)7^ 3^ 2 8 + "
"(.0087216355,0)3^ 7^ 8 2 + "
"(-.0087216355,0)7^ 3^ 8 2 + "
"(.1452617928,0)3^ 2^ 2 3 + "
"(.1452617928,0)8^ 7^ 7 8 + "
"(-.0038431693,0)3^ 8^ 2 5 + "
"(.0038431693,0)8^ 3^ 2 5 + "
"(.0038431693,0)3^ 8^ 5 2 + "
"(-.0038431693,0)8^ 3^ 5 2 + "
"(-.0000026504,0)3^ 8^ 2 6 + "
"(.0000026504,0)8^ 3^ 2 6 + "
"(.0000026504,0)3^ 8^ 6 2 + "
"(-.0000026504,0)8^ 3^ 6 2 + "
"(-.0087216355,0)3^ 8^ 2 7 + "
"(.0087216355,0)8^ 3^ 2 7 + "
"(.0087216355,0)3^ 8^ 7 2 + "
"(-.0087216355,0)8^ 3^ 7 2 + "
"(.0000014463,0)3^ 8^ 2 8 + "
"(-.0000014463,0)8^ 3^ 2 8 + "
"(-.0000014463,0)3^ 8^ 8 2 + "
"(.0000014463,0)8^ 3^ 8 2 + "
"(-.0000001897,0)3^ 8^ 2 9 + "
"(.0000001897,0)8^ 3^ 2 9 + "
"(.0000001897,0)3^ 8^ 9 2 + "
"(-.0000001897,0)8^ 3^ 9 2 + "
"(.0000000003,0)3^ 9^ 2 5 + "
"(-.0000000003,0)9^ 3^ 2 5 + "
"(-.0000000003,0)3^ 9^ 5 2 + "
"(.0000000003,0)9^ 3^ 5 2 + "
"(-.0000001897,0)3^ 9^ 2 8 + "
"(.0000001897,0)9^ 3^ 2 8 + "
"(.0000001897,0)3^ 9^ 8 2 + "
"(-.0000001897,0)9^ 3^ 8 2 + "
"(.0000007016,0)3^ 4^ 2 3 + "
"(.0000007016,0)8^ 9^ 7 8 + "
"(.0000010288,0)3^ 9^ 2 9 + "
"(-.0000010288,0)9^ 3^ 2 9 + "
"(-.0000010288,0)3^ 9^ 9 2 + "
"(.0000010288,0)9^ 3^ 9 2 + "
"(.0000008094,0)3^ 4^ 2 4 + "
"(.0000008094,0)8^ 9^ 7 9 + "
"(.0102236719,0)3^ 3 + "
"(.0102236719,0)8^ 8 + "
"(-.1771773675,0)3^ 5^ 3 5 + "
"(.1771773675,0)5^ 3^ 3 5 + "
"(.1771773675,0)3^ 5^ 5 3 + "
"(-.1771773675,0)5^ 3^ 5 3 + "
"(-.1420019290,0)3^ 0^ 3 0 + "
"(-.1420019290,0)8^ 5^ 8 5 + "
"(.0000415564,0)3^ 5^ 3 6 + "
"(-.0000415564,0)5^ 3^ 3 6 + "
"(-.0000415564,0)3^ 5^ 6 3 + "
"(.0000415564,0)5^ 3^ 6 3 + "
"(.0000371046,0)3^ 0^ 3 1 + "
"(.0000371046,0)8^ 5^ 8 6 + "
"(-.0407591885,0)3^ 5^ 3 7 + "
"(.0407591885,0)5^ 3^ 3 7 + "
"(.0407591885,0)3^ 5^ 7 3 + "
"(-.0407591885,0)5^ 3^ 7 3 + "
"(-.0369160193,0)3^ 0^ 3 2 + "
"(-.0369160193,0)8^ 5^ 8 7 + "
"(-.0000086068,0)3^ 5^ 3 8 + "
"(.0000086068,0)5^ 3^ 3 8 + "
"(.0000086068,0)3^ 5^ 8 3 + "
"(-.0000086068,0)5^ 3^ 8 3 + "
"(.0000063922,0)3^ 5^ 3 9 + "
"(-.0000063922,0)5^ 3^ 3 9 + "
"(-.0000063922,0)3^ 5^ 9 3 + "
"(.0000063922,0)5^ 3^ 9 3 + "
"(.0000058949,0)3^ 0^ 3 4 + "
"(.0000058949,0)8^ 5^ 8 9 + "
"(.0000415564,0)3^ 6^ 3 5 + "
"(-.0000415564,0)6^ 3^ 3 5 + "
"(-.0000415564,0)3^ 6^ 5 3 + "
"(.0000415564,0)6^ 3^ 5 3 + "
"(.0000371046,0)3^ 1^ 3 0 + "
"(.0000371046,0)8^ 6^ 8 5 + "
"(-.1657000948,0)3^ 6^ 3 6 + "
"(.1657000948,0)6^ 3^ 3 6 + "
"(.1657000948,0)3^ 6^ 6 3 + "
"(-.1657000948,0)6^ 3^ 6 3 + "
"(-.1546250141,0)3^ 1^ 3 1 + "
"(-.1546250141,0)8^ 6^ 8 6 + "
"(-.0000170054,0)3^ 6^ 3 7 + "
"(.0000170054,0)6^ 3^ 3 7 + "
"(.0000170054,0)3^ 6^ 7 3 + "
"(-.0000170054,0)6^ 3^ 7 3 + "
"(-.0000143550,0)3^ 1^ 3 2 + "
"(-.0000143550,0)8^ 6^ 8 7 + "
"(-.0000000173,0)3^ 6^ 3 8 + "
"(.0000000173,0)6^ 3^ 3 8 + "
"(.0000000173,0)3^ 6^ 8 3 + "
"(-.0000000173,0)6^ 3^ 8 3 + "
"(.0000000080,0)3^ 6^ 3 9 + "
"(-.0000000080,0)6^ 3^ 3 9 + "
"(-.0000000080,0)3^ 6^ 9 3 + "
"(.0000000080,0)6^ 3^ 9 3 + "
"(.0000000069,0)3^ 1^ 3 4 + "
"(.0000000069,0)8^ 6^ 8 9 + "
"(-.0407591885,0)3^ 7^ 3 5 + "
"(.0407591885,0)7^ 3^ 3 5 + "
"(.0407591885,0)3^ 7^ 5 3 + "
"(-.0407591885,0)7^ 3^ 5 3 + "
"(-.0369160193,0)3^ 2^ 3 0 + "
"(-.0369160193,0)8^ 7^ 8 5 + "
"(-.0000170054,0)3^ 7^ 3 6 + "
"(.0000170054,0)7^ 3^ 3 6 + "
"(.0000170054,0)3^ 7^ 6 3 + "
"(-.0000170054,0)7^ 3^ 6 3 + "
"(-.0000143550,0)3^ 2^ 3 1 + "
"(-.0000143550,0)8^ 7^ 8 6 + "
"(-.1539834282,0)3^ 7^ 3 7 + "
"(.1539834282,0)7^ 3^ 3 7 + "
"(.1539834282,0)3^ 7^ 7 3 + "
"(-.1539834282,0)7^ 3^ 7 3 + "
"(-.1452617928,0)3^ 2^ 3 2 + "
"(-.1452617928,0)8^ 7^ 8 7 + "
"(.0000014463,0)3^ 7^ 3 8 + "
"(-.0000014463,0)7^ 3^ 3 8 + "
"(-.0000014463,0)3^ 7^ 8 3 + "
"(.0000014463,0)7^ 3^ 8 3 + "
"(-.0000008913,0)3^ 7^ 3 9 + "
"(.0000008913,0)7^ 3^ 3 9 + "
"(.0000008913,0)3^ 7^ 9 3 + "
"(-.0000008913,0)7^ 3^ 9 3 + "
"(-.0000007016,0)3^ 2^ 3 4 + "
"(-.0000007016,0)8^ 7^ 8 9 + "
"(-.0000086068,0)3^ 8^ 3 5 + "
"(.0000086068,0)8^ 3^ 3 5 + "
"(.0000086068,0)3^ 8^ 5 3 + "
"(-.0000086068,0)8^ 3^ 5 3 + "
"(-.0000000173,0)3^ 8^ 3 6 + "
"(.0000000173,0)8^ 3^ 3 6 + "
"(.0000000173,0)3^ 8^ 6 3 + "
"(-.0000000173,0)8^ 3^ 6 3 + "
"(.0000014463,0)3^ 8^ 3 7 + "
"(-.0000014463,0)8^ 3^ 3 7 + "
"(-.0000014463,0)3^ 8^ 7 3 + "
"(.0000014463,0)8^ 3^ 7 3 + "
"(-.1840207462,0)3^ 8^ 3 8 + "
"(.1840207462,0)8^ 3^ 3 8 + "
"(.1840207462,0)3^ 8^ 8 3 + "
"(-.1840207462,0)8^ 3^ 8 3 + "
"(.0000000598,0)3^ 8^ 3 9 + "
"(-.0000000598,0)8^ 3^ 3 9 + "
"(-.0000000598,0)3^ 8^ 9 3 + "
"(.0000000598,0)8^ 3^ 9 3 + "
"(.0000063922,0)3^ 9^ 3 5 + "
"(-.0000063922,0)9^ 3^ 3 5 + "
"(-.0000063922,0)3^ 9^ 5 3 + "
"(.0000063922,0)9^ 3^ 5 3 + "
"(.0000058949,0)3^ 4^ 3 0 + "
"(.0000058949,0)8^ 9^ 8 5 + "
"(.0000000080,0)3^ 9^ 3 6 + "
"(-.0000000080,0)9^ 3^ 3 6 + "
"(-.0000000080,0)3^ 9^ 6 3 + "
"(.0000000080,0)9^ 3^ 6 3 + "
"(.0000000069,0)3^ 4^ 3 1 + "
"(.0000000069,0)8^ 9^ 8 6 + "
"(-.0000008913,0)3^ 9^ 3 7 + "
"(.0000008913,0)9^ 3^ 3 7 + "
"(.0000008913,0)3^ 9^ 7 3 + "
"(-.0000008913,0)9^ 3^ 7 3 + "
"(-.0000007016,0)3^ 4^ 3 2 + "
"(-.0000007016,0)8^ 9^ 8 7 + "
"(.0000000598,0)3^ 9^ 3 8 + "
"(-.0000000598,0)9^ 3^ 3 8 + "
"(-.0000000598,0)3^ 9^ 8 3 + "
"(.0000000598,0)9^ 3^ 8 3 + "
"(-.1645906639,0)3^ 9^ 3 9 + "
"(.1645906639,0)9^ 3^ 3 9 + "
"(.1645906639,0)3^ 9^ 9 3 + "
"(-.1645906639,0)9^ 3^ 9 3 + "
"(-.1543011741,0)3^ 4^ 3 4 + "
"(-.1543011741,0)8^ 9^ 8 9 + "
"(-.0000000003,0)3^ 0^ 4 0 + "
"(-.0000000003,0)8^ 5^ 9 5 + "
"(.0000004973,0)3^ 5^ 4 8 + "
"(-.0000004973,0)5^ 3^ 4 8 + "
"(-.0000004973,0)3^ 5^ 8 4 + "
"(.0000004973,0)5^ 3^ 8 4 + "
"(-.0000058949,0)3^ 0^ 4 3 + "
"(-.0000058949,0)8^ 5^ 9 8 + "
"(-.0000005783,0)3^ 5^ 4 9 + "
"(.0000005783,0)5^ 3^ 4 9 + "
"(.0000005783,0)3^ 5^ 9 4 + "
"(-.0000005783,0)5^ 3^ 9 4 + "
"(.0000000011,0)3^ 6^ 4 8 + "
"(-.0000000011,0)6^ 3^ 4 8 + "
"(-.0000000011,0)3^ 6^ 8 4 + "
"(.0000000011,0)6^ 3^ 8 4 + "
"(-.0000000069,0)3^ 1^ 4 3 + "
"(-.0000000069,0)8^ 6^ 9 8 + "
"(-.0000000019,0)3^ 6^ 4 9 + "
"(.0000000019,0)6^ 3^ 4 9 + "
"(.0000000019,0)3^ 6^ 9 4 + "
"(-.0000000019,0)6^ 3^ 9 4 + "
"(-.0000001897,0)3^ 7^ 4 8 + "
"(.0000001897,0)7^ 3^ 4 8 + "
"(.0000001897,0)3^ 7^ 8 4 + "
"(-.0000001897,0)7^ 3^ 8 4 + "
"(.0000007016,0)3^ 2^ 4 3 + "
"(.0000007016,0)8^ 7^ 9 8 + "
"(.0000002194,0)3^ 7^ 4 9 + "
"(-.0000002194,0)7^ 3^ 4 9 + "
"(-.0000002194,0)3^ 7^ 9 4 + "
"(.0000002194,0)7^ 3^ 9 4 + "
"(.0000004973,0)3^ 8^ 4 5 + "
"(-.0000004973,0)8^ 3^ 4 5 + "
"(-.0000004973,0)3^ 8^ 5 4 + "
"(.0000004973,0)8^ 3^ 5 4 + "
"(.0000000011,0)3^ 8^ 4 6 + "
"(-.0000000011,0)8^ 3^ 4 6 + "
"(-.0000000011,0)3^ 8^ 6 4 + "
"(.0000000011,0)8^ 3^ 6 4 + "
"(-.0000001897,0)3^ 8^ 4 7 + "
"(.0000001897,0)8^ 3^ 4 7 + "
"(.0000001897,0)3^ 8^ 7 4 + "
"(-.0000001897,0)8^ 3^ 7 4 + "
"(.0000000598,0)3^ 8^ 4 8 + "
"(-.0000000598,0)8^ 3^ 4 8 + "
"(-.0000000598,0)3^ 8^ 8 4 + "
"(.0000000598,0)8^ 3^ 8 4 + "
"(-.0102894897,0)3^ 8^ 4 9 + "
"(.0102894897,0)8^ 3^ 4 9 + "
"(.0102894897,0)3^ 8^ 9 4 + "
"(-.0102894897,0)8^ 3^ 9 4 + "
"(-.0000005783,0)3^ 9^ 4 5 + "
"(.0000005783,0)9^ 3^ 4 5 + "
"(.0000005783,0)3^ 9^ 5 4 + "
"(-.0000005783,0)9^ 3^ 5 4 + "
"(.0000068075,0)3^ 4^ 4 0 + "
"(.0000068075,0)8^ 9^ 9 5 + "
"(-.0000000019,0)3^ 9^ 4 6 + "
"(.0000000019,0)9^ 3^ 4 6 + "
"(.0000000019,0)3^ 9^ 6 4 + "
"(-.0000000019,0)9^ 3^ 6 4 + "
"(.0000000120,0)3^ 4^ 4 1 + "
"(.0000000120,0)8^ 9^ 9 6 + "
"(.0000002194,0)3^ 9^ 4 7 + "
"(-.0000002194,0)9^ 3^ 4 7 + "
"(-.0000002194,0)3^ 9^ 7 4 + "
"(.0000002194,0)9^ 3^ 7 4 + "
"(-.0000008094,0)3^ 4^ 4 2 + "
"(-.0000008094,0)8^ 9^ 9 7 + "
"(-.0102894897,0)3^ 9^ 4 8 + "
"(.0102894897,0)9^ 3^ 4 8 + "
"(.0102894897,0)3^ 9^ 8 4 + "
"(-.0102894897,0)9^ 3^ 8 4 + "
"(.1543011741,0)3^ 4^ 4 3 + "
"(.1543011741,0)8^ 9^ 9 8 + "
"(-.0000000603,0)3^ 9^ 4 9 + "
"(.0000000603,0)9^ 3^ 4 9 + "
"(.0000000603,0)3^ 9^ 9 4 + "
"(-.0000000603,0)9^ 3^ 9 4 + "
"(.0000332259,0)4^ 0 + "
"(.0000332259,0)9^ 5 + "
"(.0000083065,0)4^ 5^ 0 5 + "
"(-.0000083065,0)5^ 4^ 0 5 + "
"(-.0000083065,0)4^ 5^ 5 0 + "
"(.0000083065,0)5^ 4^ 5 0 + "
"(.0000000054,0)4^ 5^ 0 6 + "
"(-.0000000054,0)5^ 4^ 0 6 + "
"(-.0000000054,0)4^ 5^ 6 0 + "
"(.0000000054,0)5^ 4^ 6 0 + "
"(-.0000000051,0)4^ 0^ 0 1 + "
"(-.0000000051,0)9^ 5^ 5 6 + "
"(.0000007863,0)4^ 5^ 0 7 + "
"(-.0000007863,0)5^ 4^ 0 7 + "
"(-.0000007863,0)4^ 5^ 7 0 + "
"(.0000007863,0)5^ 4^ 7 0 + "
"(.0000013913,0)4^ 0^ 0 2 + "
"(.0000013913,0)9^ 5^ 5 7 + "
"(.0000000003,0)4^ 0^ 0 3 + "
"(.0000000003,0)9^ 5^ 5 8 + "
"(-.0351754566,0)4^ 5^ 0 9 + "
"(.0351754566,0)5^ 4^ 0 9 + "
"(.0351754566,0)4^ 5^ 9 0 + "
"(-.0351754566,0)5^ 4^ 9 0 + "
"(.1420019848,0)4^ 0^ 0 4 + "
"(.1420019848,0)9^ 5^ 5 9 + "
"(.0000000054,0)4^ 6^ 0 5 + "
"(-.0000000054,0)6^ 4^ 0 5 + "
"(-.0000000054,0)4^ 6^ 5 0 + "
"(.0000000054,0)6^ 4^ 5 0 + "
"(.0000064354,0)4^ 6^ 0 6 + "
"(-.0000064354,0)6^ 4^ 0 6 + "
"(-.0000064354,0)4^ 6^ 6 0 + "
"(.0000064354,0)6^ 4^ 6 0 + "
"(.0000058682,0)4^ 1^ 0 1 + "
"(.0000058682,0)9^ 6^ 5 6 + "
"(.0000000034,0)4^ 6^ 0 7 + "
"(-.0000000034,0)6^ 4^ 0 7 + "
"(-.0000000034,0)4^ 6^ 7 0 + "
"(.0000000034,0)6^ 4^ 7 0 + "
"(-.0000000004,0)4^ 1^ 0 2 + "
"(-.0000000004,0)9^ 6^ 5 7 + "
"(.0000044520,0)4^ 6^ 0 9 + "
"(-.0000044520,0)6^ 4^ 0 9 + "
"(-.0000044520,0)4^ 6^ 9 0 + "
"(.0000044520,0)6^ 4^ 9 0 + "
"(-.0000371046,0)4^ 1^ 0 4 + "
"(-.0000371046,0)9^ 6^ 5 9 + "
"(.0000007863,0)4^ 7^ 0 5 + "
"(-.0000007863,0)7^ 4^ 0 5 + "
"(-.0000007863,0)4^ 7^ 5 0 + "
"(.0000007863,0)7^ 4^ 5 0 + "
"(.0000000034,0)4^ 7^ 0 6 + "
"(-.0000000034,0)7^ 4^ 0 6 + "
"(-.0000000034,0)4^ 7^ 6 0 + "
"(.0000000034,0)7^ 4^ 6 0 + "
"(-.0000000013,0)4^ 2^ 0 1 + "
"(-.0000000013,0)9^ 7^ 5 6 + "
"(.0000070416,0)4^ 7^ 0 7 + "
"(-.0000070416,0)7^ 4^ 0 7 + "
"(-.0000070416,0)4^ 7^ 7 0 + "
"(.0000070416,0)7^ 4^ 7 0 + "
"(.0000057035,0)4^ 2^ 0 2 + "
"(.0000057035,0)9^ 7^ 5 7 + "
"(.0000000003,0)4^ 7^ 0 8 + "
"(-.0000000003,0)7^ 4^ 0 8 + "
"(-.0000000003,0)4^ 7^ 8 0 + "
"(.0000000003,0)7^ 4^ 8 0 + "
"(-.0038431933,0)4^ 7^ 0 9 + "
"(.0038431933,0)7^ 4^ 0 9 + "
"(.0038431933,0)4^ 7^ 9 0 + "
"(-.0038431933,0)7^ 4^ 9 0 + "
"(.0369160350,0)4^ 2^ 0 4 + "
"(.0369160350,0)9^ 7^ 5 9 + "
"(.0000000003,0)4^ 8^ 0 7 + "
"(-.0000000003,0)8^ 4^ 0 7 + "
"(-.0000000003,0)4^ 8^ 7 0 + "
"(.0000000003,0)8^ 4^ 7 0 + "
"(.0000063922,0)4^ 8^ 0 8 + "
"(-.0000063922,0)8^ 4^ 0 8 + "
"(-.0000063922,0)4^ 8^ 8 0 + "
"(.0000063922,0)8^ 4^ 8 0 + "
"(.0000058949,0)4^ 3^ 0 3 + "
"(.0000058949,0)9^ 8^ 5 8 + "
"(-.0000005783,0)4^ 8^ 0 9 + "
"(.0000005783,0)8^ 4^ 0 9 + "
"(.0000005783,0)4^ 8^ 9 0 + "
"(-.0000005783,0)8^ 4^ 9 0 + "
"(.0000068075,0)4^ 3^ 0 4 + "
"(.0000068075,0)9^ 8^ 5 9 + "
"(-.0351754566,0)4^ 9^ 0 5 + "
"(.0351754566,0)9^ 4^ 0 5 + "
"(.0351754566,0)4^ 9^ 5 0 + "
"(-.0351754566,0)9^ 4^ 5 0 + "
"(.0000044520,0)4^ 9^ 0 6 + "
"(-.0000044520,0)9^ 4^ 0 6 + "
"(-.0000044520,0)4^ 9^ 6 0 + "
"(.0000044520,0)9^ 4^ 6 0 + "
"(-.0038431933,0)4^ 9^ 0 7 + "
"(.0038431933,0)9^ 4^ 0 7 + "
"(.0038431933,0)4^ 9^ 7 0 + "
"(-.0038431933,0)9^ 4^ 7 0 + "
"(-.0000005783,0)4^ 9^ 0 8 + "
"(.0000005783,0)9^ 4^ 0 8 + "
"(.0000005783,0)4^ 9^ 8 0 + "
"(-.0000005783,0)9^ 4^ 8 0 + "
"(.0000074480,0)4^ 9^ 0 9 + "
"(-.0000074480,0)9^ 4^ 0 9 + "
"(-.0000074480,0)4^ 9^ 9 0 + "
"(.0000074480,0)9^ 4^ 9 0 + "
"(.0000000627,0)4^ 1 + "
"(.0000000627,0)9^ 6 + "
"(.0000000105,0)4^ 5^ 1 5 + "
"(-.0000000105,0)5^ 4^ 1 5 + "
"(-.0000000105,0)4^ 5^ 5 1 + "
"(.0000000105,0)5^ 4^ 5 1 + "
"(.0000000051,0)4^ 0^ 1 0 + "
"(.0000000051,0)9^ 5^ 6 5 + "
"(.0000005672,0)4^ 5^ 1 6 + "
"(-.0000005672,0)5^ 4^ 1 6 + "
"(-.0000005672,0)4^ 5^ 6 1 + "
"(.0000005672,0)5^ 4^ 6 1 + "
"(.0000000047,0)4^ 5^ 1 7 + "
"(-.0000000047,0)5^ 4^ 1 7 + "
"(-.0000000047,0)4^ 5^ 7 1 + "
"(.0000000047,0)5^ 4^ 7 1 + "
"(.0000000009,0)4^ 0^ 1 2 + "
"(.0000000009,0)9^ 5^ 6 7 + "
"(.0000044520,0)4^ 5^ 1 9 + "
"(-.0000044520,0)5^ 4^ 1 9 + "
"(-.0000044520,0)4^ 5^ 9 1 + "
"(.0000044520,0)5^ 4^ 9 1 + "
"(-.0000371046,0)4^ 0^ 1 4 + "
"(-.0000371046,0)9^ 5^ 6 9 + "
"(.0000005672,0)4^ 6^ 1 5 + "
"(-.0000005672,0)6^ 4^ 1 5 + "
"(-.0000005672,0)4^ 6^ 5 1 + "
"(.0000005672,0)6^ 4^ 5 1 + "
"(-.0000058682,0)4^ 1^ 1 0 + "
"(-.0000058682,0)9^ 6^ 6 5 + "
"(.0000000104,0)4^ 6^ 1 6 + "
"(-.0000000104,0)6^ 4^ 1 6 + "
"(-.0000000104,0)4^ 6^ 6 1 + "
"(.0000000104,0)6^ 4^ 6 1 + "
"(-.0000001801,0)4^ 6^ 1 7 + "
"(.0000001801,0)6^ 4^ 1 7 + "
"(.0000001801,0)4^ 6^ 7 1 + "
"(-.0000001801,0)6^ 4^ 7 1 + "
"(.0000006683,0)4^ 1^ 1 2 + "
"(.0000006683,0)9^ 6^ 6 7 + "
"(-.0110750867,0)4^ 6^ 1 9 + "
"(.0110750867,0)6^ 4^ 1 9 + "
"(.0110750867,0)4^ 6^ 9 1 + "
"(-.0110750867,0)6^ 4^ 9 1 + "
"(.1546250713,0)4^ 1^ 1 4 + "
"(.1546250713,0)9^ 6^ 6 9 + "
"(.0000000047,0)4^ 7^ 1 5 + "
"(-.0000000047,0)7^ 4^ 1 5 + "
"(-.0000000047,0)4^ 7^ 5 1 + "
"(.0000000047,0)7^ 4^ 5 1 + "
"(.0000000013,0)4^ 2^ 1 0 + "
"(.0000000013,0)9^ 7^ 6 5 + "
"(-.0000001801,0)4^ 7^ 1 6 + "
"(.0000001801,0)7^ 4^ 1 6 + "
"(.0000001801,0)4^ 7^ 6 1 + "
"(-.0000001801,0)7^ 4^ 6 1 + "
"(.0000000083,0)4^ 7^ 1 7 + "
"(-.0000000083,0)7^ 4^ 1 7 + "
"(-.0000000083,0)4^ 7^ 7 1 + "
"(.0000000083,0)7^ 4^ 7 1 + "
"(.0000000071,0)4^ 2^ 1 2 + "
"(.0000000071,0)9^ 7^ 6 7 + "
"(-.0000026504,0)4^ 7^ 1 9 + "
"(.0000026504,0)7^ 4^ 1 9 + "
"(.0000026504,0)4^ 7^ 9 1 + "
"(-.0000026504,0)7^ 4^ 9 1 + "
"(.0000143550,0)4^ 2^ 1 4 + "
"(.0000143550,0)9^ 7^ 6 9 + "
"(.0000000080,0)4^ 8^ 1 8 + "
"(-.0000000080,0)8^ 4^ 1 8 + "
"(-.0000000080,0)4^ 8^ 8 1 + "
"(.0000000080,0)8^ 4^ 8 1 + "
"(.0000000069,0)4^ 3^ 1 3 + "
"(.0000000069,0)9^ 8^ 6 8 + "
"(-.0000000019,0)4^ 8^ 1 9 + "
"(.0000000019,0)8^ 4^ 1 9 + "
"(.0000000019,0)4^ 8^ 9 1 + "
"(-.0000000019,0)8^ 4^ 9 1 + "
"(.0000000120,0)4^ 3^ 1 4 + "
"(.0000000120,0)9^ 8^ 6 9 + "
"(.0000044520,0)4^ 9^ 1 5 + "
"(-.0000044520,0)9^ 4^ 1 5 + "
"(-.0000044520,0)4^ 9^ 5 1 + "
"(.0000044520,0)9^ 4^ 5 1 + "
"(-.0110750867,0)4^ 9^ 1 6 + "
"(.0110750867,0)9^ 4^ 1 6 + "
"(.0110750867,0)4^ 9^ 6 1 + "
"(-.0110750867,0)9^ 4^ 6 1 + "
"(-.0000026504,0)4^ 9^ 1 7 + "
"(.0000026504,0)9^ 4^ 1 7 + "
"(.0000026504,0)4^ 9^ 7 1 + "
"(-.0000026504,0)9^ 4^ 7 1 + "
"(-.0000000019,0)4^ 9^ 1 8 + "
"(.0000000019,0)9^ 4^ 1 8 + "
"(.0000000019,0)4^ 9^ 8 1 + "
"(-.0000000019,0)9^ 4^ 8 1 + "
"(.0000000100,0)4^ 9^ 1 9 + "
"(-.0000000100,0)9^ 4^ 1 9 + "
"(-.0000000100,0)4^ 9^ 9 1 + "
"(.0000000100,0)9^ 4^ 9 1 + "
"(-.0000048531,0)4^ 2 + "
"(-.0000048531,0)9^ 7 + "
"(-.0000006050,0)4^ 5^ 2 5 + "
"(.0000006050,0)5^ 4^ 2 5 + "
"(.0000006050,0)4^ 5^ 5 2 + "
"(-.0000006050,0)5^ 4^ 5 2 + "
"(-.0000013913,0)4^ 0^ 2 0 + "
"(-.0000013913,0)9^ 5^ 7 5 + "
"(.0000000038,0)4^ 5^ 2 6 + "
"(-.0000000038,0)5^ 4^ 2 6 + "
"(-.0000000038,0)4^ 5^ 6 2 + "
"(.0000000038,0)5^ 4^ 6 2 + "
"(-.0000000009,0)4^ 0^ 2 1 + "
"(-.0000000009,0)9^ 5^ 7 6 + "
"(.0000013381,0)4^ 5^ 2 7 + "
"(-.0000013381,0)5^ 4^ 2 7 + "
"(-.0000013381,0)4^ 5^ 7 2 + "
"(.0000013381,0)5^ 4^ 7 2 + "
"(-.0038431933,0)4^ 5^ 2 9 + "
"(.0038431933,0)5^ 4^ 2 9 + "
"(.0038431933,0)4^ 5^ 9 2 + "
"(-.0038431933,0)5^ 4^ 9 2 + "
"(.0369160350,0)4^ 0^ 2 4 + "
"(.0369160350,0)9^ 5^ 7 9 + "
"(.0000000038,0)4^ 6^ 2 5 + "
"(-.0000000038,0)6^ 4^ 2 5 + "
"(-.0000000038,0)4^ 6^ 5 2 + "
"(.0000000038,0)6^ 4^ 5 2 + "
"(.0000000004,0)4^ 1^ 2 0 + "
"(.0000000004,0)9^ 6^ 7 5 + "
"(-.0000008483,0)4^ 6^ 2 6 + "
"(.0000008483,0)6^ 4^ 2 6 + "
"(.0000008483,0)4^ 6^ 6 2 + "
"(-.0000008483,0)6^ 4^ 6 2 + "
"(-.0000006683,0)4^ 1^ 2 1 + "
"(-.0000006683,0)9^ 6^ 7 6 + "
"(.0000000013,0)4^ 6^ 2 7 + "
"(-.0000000013,0)6^ 4^ 2 7 + "
"(-.0000000013,0)4^ 6^ 7 2 + "
"(.0000000013,0)6^ 4^ 7 2 + "
"(-.0000026504,0)4^ 6^ 2 9 + "
"(.0000026504,0)6^ 4^ 2 9 + "
"(.0000026504,0)4^ 6^ 9 2 + "
"(-.0000026504,0)6^ 4^ 9 2 + "
"(.0000143550,0)4^ 1^ 2 4 + "
"(.0000143550,0)9^ 6^ 7 9 + "
"(.0000013381,0)4^ 7^ 2 5 + "
"(-.0000013381,0)7^ 4^ 2 5 + "
"(-.0000013381,0)4^ 7^ 5 2 + "
"(.0000013381,0)7^ 4^ 5 2 + "
"(-.0000057035,0)4^ 2^ 2 0 + "
"(-.0000057035,0)9^ 7^ 7 5 + "
"(.0000000013,0)4^ 7^ 2 6 + "
"(-.0000000013,0)7^ 4^ 2 6 + "
"(-.0000000013,0)4^ 7^ 6 2 + "
"(.0000000013,0)7^ 4^ 6 2 + "
"(-.0000000071,0)4^ 2^ 2 1 + "
"(-.0000000071,0)9^ 7^ 7 6 + "
"(-.0000013368,0)4^ 7^ 2 7 + "
"(.0000013368,0)7^ 4^ 2 7 + "
"(.0000013368,0)4^ 7^ 7 2 + "
"(-.0000013368,0)7^ 4^ 7 2 + "
"(-.0087216344,0)4^ 7^ 2 9 + "
"(.0087216344,0)7^ 4^ 2 9 + "
"(.0087216344,0)4^ 7^ 9 2 + "
"(-.0087216344,0)7^ 4^ 9 2 + "
"(.1452618524,0)4^ 2^ 2 4 + "
"(.1452618524,0)9^ 7^ 7 9 + "
"(-.0000008913,0)4^ 8^ 2 8 + "
"(.0000008913,0)8^ 4^ 2 8 + "
"(.0000008913,0)4^ 8^ 8 2 + "
"(-.0000008913,0)8^ 4^ 8 2 + "
"(-.0000007016,0)4^ 3^ 2 3 + "
"(-.0000007016,0)9^ 8^ 7 8 + "
"(.0000002194,0)4^ 8^ 2 9 + "
"(-.0000002194,0)8^ 4^ 2 9 + "
"(-.0000002194,0)4^ 8^ 9 2 + "
"(.0000002194,0)8^ 4^ 9 2 + "
"(-.0000008094,0)4^ 3^ 2 4 + "
"(-.0000008094,0)9^ 8^ 7 9 + "
"(-.0038431933,0)4^ 9^ 2 5 + "
"(.0038431933,0)9^ 4^ 2 5 + "
"(.0038431933,0)4^ 9^ 5 2 + "
"(-.0038431933,0)9^ 4^ 5 2 + "
"(-.0000026504,0)4^ 9^ 2 6 + "
"(.0000026504,0)9^ 4^ 2 6 + "
"(.0000026504,0)4^ 9^ 6 2 + "
"(-.0000026504,0)9^ 4^ 6 2 + "
"(-.0087216344,0)4^ 9^ 2 7 + "
"(.0087216344,0)9^ 4^ 2 7 + "
"(.0087216344,0)4^ 9^ 7 2 + "
"(-.0087216344,0)9^ 4^ 7 2 + "
"(.0000002194,0)4^ 9^ 2 8 + "
"(-.0000002194,0)9^ 4^ 2 8 + "
"(-.0000002194,0)4^ 9^ 8 2 + "
"(.0000002194,0)9^ 4^ 8 2 + "
"(-.0000012532,0)4^ 9^ 2 9 + "
"(.0000012532,0)9^ 4^ 2 9 + "
"(.0000012532,0)4^ 9^ 9 2 + "
"(-.0000012532,0)9^ 4^ 9 2 + "
"(-.0000000003,0)4^ 0^ 3 0 + "
"(-.0000000003,0)9^ 5^ 8 5 + "
"(.0000004973,0)4^ 5^ 3 8 + "
"(-.0000004973,0)5^ 4^ 3 8 + "
"(-.0000004973,0)4^ 5^ 8 3 + "
"(.0000004973,0)5^ 4^ 8 3 + "
"(-.0000005783,0)4^ 5^ 3 9 + "
"(.0000005783,0)5^ 4^ 3 9 + "
"(.0000005783,0)4^ 5^ 9 3 + "
"(-.0000005783,0)5^ 4^ 9 3 + "
"(.0000068075,0)4^ 0^ 3 4 + "
"(.0000068075,0)9^ 5^ 8 9 + "
"(.0000000011,0)4^ 6^ 3 8 + "
"(-.0000000011,0)6^ 4^ 3 8 + "
"(-.0000000011,0)4^ 6^ 8 3 + "
"(.0000000011,0)6^ 4^ 8 3 + "
"(-.0000000019,0)4^ 6^ 3 9 + "
"(.0000000019,0)6^ 4^ 3 9 + "
"(.0000000019,0)4^ 6^ 9 3 + "
"(-.0000000019,0)6^ 4^ 9 3 + "
"(.0000000120,0)4^ 1^ 3 4 + "
"(.0000000120,0)9^ 6^ 8 9 + "
"(-.0000001897,0)4^ 7^ 3 8 + "
"(.0000001897,0)7^ 4^ 3 8 + "
"(.0000001897,0)4^ 7^ 8 3 + "
"(-.0000001897,0)7^ 4^ 8 3 + "
"(.0000002194,0)4^ 7^ 3 9 + "
"(-.0000002194,0)7^ 4^ 3 9 + "
"(-.0000002194,0)4^ 7^ 9 3 + "
"(.0000002194,0)7^ 4^ 9 3 + "
"(-.0000008094,0)4^ 2^ 3 4 + "
"(-.0000008094,0)9^ 7^ 8 9 + "
"(.0000004973,0)4^ 8^ 3 5 + "
"(-.0000004973,0)8^ 4^ 3 5 + "
"(-.0000004973,0)4^ 8^ 5 3 + "
"(.0000004973,0)8^ 4^ 5 3 + "
"(-.0000058949,0)4^ 3^ 3 0 + "
"(-.0000058949,0)9^ 8^ 8 5 + "
"(.0000000011,0)4^ 8^ 3 6 + "
"(-.0000000011,0)8^ 4^ 3 6 + "
"(-.0000000011,0)4^ 8^ 6 3 + "
"(.0000000011,0)8^ 4^ 6 3 + "
"(-.0000000069,0)4^ 3^ 3 1 + "
"(-.0000000069,0)9^ 8^ 8 6 + "
"(-.0000001897,0)4^ 8^ 3 7 + "
"(.0000001897,0)8^ 4^ 3 7 + "
"(.0000001897,0)4^ 8^ 7 3 + "
"(-.0000001897,0)8^ 4^ 7 3 + "
"(.0000007016,0)4^ 3^ 3 2 + "
"(.0000007016,0)9^ 8^ 8 7 + "
"(.0000000598,0)4^ 8^ 3 8 + "
"(-.0000000598,0)8^ 4^ 3 8 + "
"(-.0000000598,0)4^ 8^ 8 3 + "
"(.0000000598,0)8^ 4^ 8 3 + "
"(-.0102894897,0)4^ 8^ 3 9 + "
"(.0102894897,0)8^ 4^ 3 9 + "
"(.0102894897,0)4^ 8^ 9 3 + "
"(-.0102894897,0)8^ 4^ 9 3 + "
"(.1543011741,0)4^ 3^ 3 4 + "
"(.1543011741,0)9^ 8^ 8 9 + "
"(-.0000005783,0)4^ 9^ 3 5 + "
"(.0000005783,0)9^ 4^ 3 5 + "
"(.0000005783,0)4^ 9^ 5 3 + "
"(-.0000005783,0)9^ 4^ 5 3 + "
"(-.0000000019,0)4^ 9^ 3 6 + "
"(.0000000019,0)9^ 4^ 3 6 + "
"(.0000000019,0)4^ 9^ 6 3 + "
"(-.0000000019,0)9^ 4^ 6 3 + "
"(.0000002194,0)4^ 9^ 3 7 + "
"(-.0000002194,0)9^ 4^ 3 7 + "
"(-.0000002194,0)4^ 9^ 7 3 + "
"(.0000002194,0)9^ 4^ 7 3 + "
"(-.0102894897,0)4^ 9^ 3 8 + "
"(.0102894897,0)9^ 4^ 3 8 + "
"(.0102894897,0)4^ 9^ 8 3 + "
"(-.0102894897,0)9^ 4^ 8 3 + "
"(-.0000000603,0)4^ 9^ 3 9 + "
"(.0000000603,0)9^ 4^ 3 9 + "
"(.0000000603,0)4^ 9^ 9 3 + "
"(-.0000000603,0)9^ 4^ 9 3 + "
"(.0102248790,0)4^ 4 + "
"(.0102248790,0)9^ 9 + "
"(-.1771774415,0)4^ 5^ 4 5 + "
"(.1771774415,0)5^ 4^ 4 5 + "
"(.1771774415,0)4^ 5^ 5 4 + "
"(-.1771774415,0)5^ 4^ 5 4 + "
"(-.1420019848,0)4^ 0^ 4 0 + "
"(-.1420019848,0)9^ 5^ 9 5 + "
"(.0000415565,0)4^ 5^ 4 6 + "
"(-.0000415565,0)5^ 4^ 4 6 + "
"(-.0000415565,0)4^ 5^ 6 4 + "
"(.0000415565,0)5^ 4^ 6 4 + "
"(.0000371046,0)4^ 0^ 4 1 + "
"(.0000371046,0)9^ 5^ 9 6 + "
"(-.0407592283,0)4^ 5^ 4 7 + "
"(.0407592283,0)5^ 4^ 4 7 + "
"(.0407592283,0)4^ 5^ 7 4 + "
"(-.0407592283,0)5^ 4^ 7 4 + "
"(-.0369160350,0)4^ 0^ 4 2 + "
"(-.0369160350,0)9^ 5^ 9 7 + "
"(-.0000073858,0)4^ 5^ 4 8 + "
"(.0000073858,0)5^ 4^ 4 8 + "
"(.0000073858,0)4^ 5^ 8 4 + "
"(-.0000073858,0)5^ 4^ 8 4 + "
"(-.0000068075,0)4^ 0^ 4 3 + "
"(-.0000068075,0)9^ 5^ 9 8 + "
"(.0000074480,0)4^ 5^ 4 9 + "
"(-.0000074480,0)5^ 4^ 4 9 + "
"(-.0000074480,0)4^ 5^ 9 4 + "
"(.0000074480,0)5^ 4^ 9 4 + "
"(.0000415565,0)4^ 6^ 4 5 + "
"(-.0000415565,0)6^ 4^ 4 5 + "
"(-.0000415565,0)4^ 6^ 5 4 + "
"(.0000415565,0)6^ 4^ 5 4 + "
"(.0000371046,0)4^ 1^ 4 0 + "
"(.0000371046,0)9^ 6^ 9 5 + "
"(-.1657001580,0)4^ 6^ 4 6 + "
"(.1657001580,0)6^ 4^ 4 6 + "
"(.1657001580,0)4^ 6^ 6 4 + "
"(-.1657001580,0)6^ 4^ 6 4 + "
"(-.1546250713,0)4^ 1^ 4 1 + "
"(-.1546250713,0)9^ 6^ 9 6 + "
"(-.0000170054,0)4^ 6^ 4 7 + "
"(.0000170054,0)6^ 4^ 4 7 + "
"(.0000170054,0)4^ 6^ 7 4 + "
"(-.0000170054,0)6^ 4^ 7 4 + "
"(-.0000143550,0)4^ 1^ 4 2 + "
"(-.0000143550,0)9^ 6^ 9 7 + "
"(-.0000000138,0)4^ 6^ 4 8 + "
"(.0000000138,0)6^ 4^ 4 8 + "
"(.0000000138,0)4^ 6^ 8 4 + "
"(-.0000000138,0)6^ 4^ 8 4 + "
"(-.0000000120,0)4^ 1^ 4 3 + "
"(-.0000000120,0)9^ 6^ 9 8 + "
"(.0000000100,0)4^ 6^ 4 9 + "
"(-.0000000100,0)6^ 4^ 4 9 + "
"(-.0000000100,0)4^ 6^ 9 4 + "
"(.0000000100,0)6^ 4^ 9 4 + "
"(-.0407592283,0)4^ 7^ 4 5 + "
"(.0407592283,0)7^ 4^ 4 5 + "
"(.0407592283,0)4^ 7^ 5 4 + "
"(-.0407592283,0)7^ 4^ 5 4 + "
"(-.0369160350,0)4^ 2^ 4 0 + "
"(-.0369160350,0)9^ 7^ 9 5 + "
"(-.0000170054,0)4^ 7^ 4 6 + "
"(.0000170054,0)7^ 4^ 4 6 + "
"(.0000170054,0)4^ 7^ 6 4 + "
"(-.0000170054,0)7^ 4^ 6 4 + "
"(-.0000143550,0)4^ 2^ 4 1 + "
"(-.0000143550,0)9^ 7^ 9 6 + "
"(-.1539834868,0)4^ 7^ 4 7 + "
"(.1539834868,0)7^ 4^ 4 7 + "
"(.1539834868,0)4^ 7^ 7 4 + "
"(-.1539834868,0)7^ 4^ 7 4 + "
"(-.1452618524,0)4^ 2^ 4 2 + "
"(-.1452618524,0)9^ 7^ 9 7 + "
"(.0000010288,0)4^ 7^ 4 8 + "
"(-.0000010288,0)7^ 4^ 4 8 + "
"(-.0000010288,0)4^ 7^ 8 4 + "
"(.0000010288,0)7^ 4^ 8 4 + "
"(.0000008094,0)4^ 2^ 4 3 + "
"(.0000008094,0)9^ 7^ 9 8 + "
"(-.0000012532,0)4^ 7^ 4 9 + "
"(.0000012532,0)7^ 4^ 4 9 + "
"(.0000012532,0)4^ 7^ 9 4 + "
"(-.0000012532,0)7^ 4^ 9 4 + "
"(-.0000073858,0)4^ 8^ 4 5 + "
"(.0000073858,0)8^ 4^ 4 5 + "
"(.0000073858,0)4^ 8^ 5 4 + "
"(-.0000073858,0)8^ 4^ 5 4 + "
"(-.0000068075,0)4^ 3^ 4 0 + "
"(-.0000068075,0)9^ 8^ 9 5 + "
"(-.0000000138,0)4^ 8^ 4 6 + "
"(.0000000138,0)8^ 4^ 4 6 + "
"(.0000000138,0)4^ 8^ 6 4 + "
"(-.0000000138,0)8^ 4^ 6 4 + "
"(-.0000000120,0)4^ 3^ 4 1 + "
"(-.0000000120,0)9^ 8^ 9 6 + "
"(.0000010288,0)4^ 8^ 4 7 + "
"(-.0000010288,0)8^ 4^ 4 7 + "
"(-.0000010288,0)4^ 8^ 7 4 + "
"(.0000010288,0)8^ 4^ 7 4 + "
"(.0000008094,0)4^ 3^ 4 2 + "
"(.0000008094,0)9^ 8^ 9 7 + "
"(-.1645906639,0)4^ 8^ 4 8 + "
"(.1645906639,0)8^ 4^ 4 8 + "
"(.1645906639,0)4^ 8^ 8 4 + "
"(-.1645906639,0)8^ 4^ 8 4 + "
"(-.1543011741,0)4^ 3^ 4 3 + "
"(-.1543011741,0)9^ 8^ 9 8 + "
"(-.0000000603,0)4^ 8^ 4 9 + "
"(.0000000603,0)8^ 4^ 4 9 + "
"(.0000000603,0)4^ 8^ 9 4 + "
"(-.0000000603,0)8^ 4^ 9 4 + "
"(.0000074480,0)4^ 9^ 4 5 + "
"(-.0000074480,0)9^ 4^ 4 5 + "
"(-.0000074480,0)4^ 9^ 5 4 + "
"(.0000074480,0)9^ 4^ 5 4 + "
"(.0000000100,0)4^ 9^ 4 6 + "
"(-.0000000100,0)9^ 4^ 4 6 + "
"(-.0000000100,0)4^ 9^ 6 4 + "
"(.0000000100,0)9^ 4^ 6 4 + "
"(-.0000012532,0)4^ 9^ 4 7 + "
"(.0000012532,0)9^ 4^ 4 7 + "
"(.0000012532,0)4^ 9^ 7 4 + "
"(-.0000012532,0)9^ 4^ 7 4 + "
"(-.0000000603,0)4^ 9^ 4 8 + "
"(.0000000603,0)9^ 4^ 4 8 + "
"(.0000000603,0)4^ 9^ 8 4 + "
"(-.0000000603,0)9^ 4^ 8 4 + "
"(-.1840208906,0)4^ 9^ 4 9 + "
"(.1840208906,0)9^ 4^ 4 9 + "
"(.1840208906,0)4^ 9^ 9 4 + "
"(-.1840208906,0)9^ 4^ 9 4 + "
"(1.0583544980,0)"
