"(-1.2828751447,0)0^ 0 + "
"(-1.2828751447,0)5^ 5 + "
"(-.1681632263,0)0^ 5^ 0 5 + "
"(.1681632263,0)5^ 0^ 0 5 + "
"(.1681632263,0)0^ 5^ 5 0 + "
"(-.1681632263,0)5^ 0^ 5 0 + "
"(.0000079525,0)0^ 5^ 0 6 + "
"(-.0000079525,0)5^ 0^ 0 6 + "
"(-.0000079525,0)0^ 5^ 6 0 + "
"(.0000079525,0)5^ 0^ 6 0 + "
"(-.0454550774,0)0^ 5^ 0 7 + "
"(.0454550774,0)5^ 0^ 0 7 + "
"(.0454550774,0)0^ 5^ 7 0 + "
"(-.0454550774,0)5^ 0^ 7 0 + "
"(-.0000389993,0)0^ 5^ 0 8 + "
"(.0000389993,0)5^ 0^ 0 8 + "
"(.0000389993,0)0^ 5^ 8 0 + "
"(-.0000389993,0)5^ 0^ 8 0 + "
"(.0000784600,0)0^ 5^ 0 9 + "
"(-.0000784600,0)5^ 0^ 0 9 + "
"(-.0000784600,0)0^ 5^ 9 0 + "
"(.0000784600,0)5^ 0^ 9 0 + "
"(.0000079525,0)0^ 6^ 0 5 + "
"(-.0000079525,0)6^ 0^ 0 5 + "
"(-.0000079525,0)0^ 6^ 5 0 + "
"(.0000079525,0)6^ 0^ 5 0 + "
"(-.1632790296,0)0^ 6^ 0 6 + "
"(.1632790296,0)6^ 0^ 0 6 + "
"(.1632790296,0)0^ 6^ 6 0 + "
"(-.1632790296,0)6^ 0^ 6 0 + "
"(-.1227013461,0)0^ 1^ 0 1 + "
"(-.1227013461,0)5^ 6^ 5 6 + "
"(-.0000051249,0)0^ 6^ 0 7 + "
"(.0000051249,0)6^ 0^ 0 7 + "
"(.0000051249,0)0^ 6^ 7 0 + "
"(-.0000051249,0)6^ 0^ 7 0 + "
"(-.0000031169,0)0^ 1^ 0 2 + "
"(-.0000031169,0)5^ 6^ 5 7 + "
"(-.0000000009,0)0^ 6^ 0 8 + "
"(.0000000009,0)6^ 0^ 0 8 + "
"(.0000000009,0)0^ 6^ 8 0 + "
"(-.0000000009,0)6^ 0^ 8 0 + "
"(-.0000000014,0)0^ 1^ 0 3 + "
"(-.0000000014,0)5^ 6^ 5 8 + "
"(.0000000087,0)0^ 6^ 0 9 + "
"(-.0000000087,0)6^ 0^ 0 9 + "
"(-.0000000087,0)0^ 6^ 9 0 + "
"(.0000000087,0)6^ 0^ 9 0 + "
"(.0000000051,0)0^ 1^ 0 4 + "
"(.0000000051,0)5^ 6^ 5 9 + "
"(-.0454550774,0)0^ 7^ 0 5 + "
"(.0454550774,0)7^ 0^ 0 5 + "
"(.0454550774,0)0^ 7^ 5 0 + "
"(-.0454550774,0)7^ 0^ 5 0 + "
"(-.0000051249,0)0^ 7^ 0 6 + "
"(.0000051249,0)7^ 0^ 0 6 + "
"(.0000051249,0)0^ 7^ 6 0 + "
"(-.0000051249,0)7^ 0^ 6 0 + "
"(-.0000031169,0)0^ 2^ 0 1 + "
"(-.0000031169,0)5^ 7^ 5 6 + "
"(-.1506428985,0)0^ 7^ 0 7 + "
"(.1506428985,0)7^ 0^ 0 7 + "
"(.1506428985,0)0^ 7^ 7 0 + "
"(-.1506428985,0)7^ 0^ 7 0 + "
"(-.1168929165,0)0^ 2^ 0 2 + "
"(-.1168929165,0)5^ 7^ 5 7 + "
"(.0000028792,0)0^ 7^ 0 8 + "
"(-.0000028792,0)7^ 0^ 0 8 + "
"(-.0000028792,0)0^ 7^ 8 0 + "
"(.0000028792,0)7^ 0^ 8 0 + "
"(.0000065891,0)0^ 2^ 0 3 + "
"(.0000065891,0)5^ 7^ 5 8 + "
"(-.0000057861,0)0^ 7^ 0 9 + "
"(.0000057861,0)7^ 0^ 0 9 + "
"(.0000057861,0)0^ 7^ 9 0 + "
"(-.0000057861,0)7^ 0^ 9 0 + "
"(-.0000132512,0)0^ 2^ 0 4 + "
"(-.0000132512,0)5^ 7^ 5 9 + "
"(-.0000389993,0)0^ 8^ 0 5 + "
"(.0000389993,0)8^ 0^ 0 5 + "
"(.0000389993,0)0^ 8^ 5 0 + "
"(-.0000389993,0)8^ 0^ 5 0 + "
"(-.0000000009,0)0^ 8^ 0 6 + "
"(.0000000009,0)8^ 0^ 0 6 + "
"(.0000000009,0)0^ 8^ 6 0 + "
"(-.0000000009,0)8^ 0^ 6 0 + "
"(-.0000000014,0)0^ 3^ 0 1 + "
"(-.0000000014,0)5^ 8^ 5 6 + "
"(.0000028792,0)0^ 8^ 0 7 + "
"(-.0000028792,0)8^ 0^ 0 7 + "
"(-.0000028792,0)0^ 8^ 7 0 + "
"(.0000028792,0)8^ 0^ 7 0 + "
"(.0000065891,0)0^ 3^ 0 2 + "
"(.0000065891,0)5^ 8^ 5 7 + "
"(-.1575544527,0)0^ 8^ 0 8 + "
"(.1575544527,0)8^ 0^ 0 8 + "
"(.1575544527,0)0^ 8^ 8 0 + "
"(-.1575544527,0)8^ 0^ 8 0 + "
"(-.1271652393,0)0^ 3^ 0 3 + "
"(-.1271652393,0)5^ 8^ 5 8 + "
"(.0000000097,0)0^ 8^ 0 9 + "
"(-.0000000097,0)8^ 0^ 0 9 + "
"(-.0000000097,0)0^ 8^ 9 0 + "
"(.0000000097,0)8^ 0^ 9 0 + "
"(-.0000000070,0)0^ 3^ 0 4 + "
"(-.0000000070,0)5^ 8^ 5 9 + "
"(.0000784600,0)0^ 9^ 0 5 + "
"(-.0000784600,0)9^ 0^ 0 5 + "
"(-.0000784600,0)0^ 9^ 5 0 + "
"(.0000784600,0)9^ 0^ 5 0 + "
"(.0000000087,0)0^ 9^ 0 6 + "
"(-.0000000087,0)9^ 0^ 0 6 + "
"(-.0000000087,0)0^ 9^ 6 0 + "
"(.0000000087,0)9^ 0^ 6 0 + "
"(.0000000051,0)0^ 4^ 0 1 + "
"(.0000000051,0)5^ 9^ 5 6 + "
"(-.0000057861,0)0^ 9^ 0 7 + "
"(.0000057861,0)9^ 0^ 0 7 + "
"(.0000057861,0)0^ 9^ 7 0 + "
"(-.0000057861,0)9^ 0^ 7 0 + "
"(-.0000132512,0)0^ 4^ 0 2 + "
"(-.0000132512,0)5^ 9^ 5 7 + "
"(.0000000097,0)0^ 9^ 0 8 + "
"(-.0000000097,0)9^ 0^ 0 8 + "
"(-.0000000097,0)0^ 9^ 8 0 + "
"(.0000000097,0)9^ 0^ 8 0 + "
"(-.0000000070,0)0^ 4^ 0 3 + "
"(-.0000000070,0)5^ 9^ 5 8 + "
"(-.1575546022,0)0^ 9^ 0 9 + "
"(.1575546022,0)9^ 0^ 0 9 + "
"(.1575546022,0)0^ 9^ 9 0 + "
"(-.1575546022,0)9^ 0^ 9 0 + "
"(-.1271653730,0)0^ 4^ 0 4 + "
"(-.1271653730,0)5^ 9^ 5 9 + "
"(.0000318101,0)0^ 1 + "
"(.0000318101,0)5^ 6 + "
"(.0000079525,0)0^ 5^ 1 5 + "
"(-.0000079525,0)5^ 0^ 1 5 + "
"(-.0000079525,0)0^ 5^ 5 1 + "
"(.0000079525,0)5^ 0^ 5 1 + "
"(-.0405776835,0)0^ 5^ 1 6 + "
"(.0405776835,0)5^ 0^ 1 6 + "
"(.0405776835,0)0^ 5^ 6 1 + "
"(-.0405776835,0)5^ 0^ 6 1 + "
"(-.0000020080,0)0^ 5^ 1 7 + "
"(.0000020080,0)5^ 0^ 1 7 + "
"(.0000020080,0)0^ 5^ 7 1 + "
"(-.0000020080,0)5^ 0^ 7 1 + "
"(.0000000005,0)0^ 5^ 1 8 + "
"(-.0000000005,0)5^ 0^ 1 8 + "
"(-.0000000005,0)0^ 5^ 8 1 + "
"(.0000000005,0)5^ 0^ 8 1 + "
"(.0000000037,0)0^ 5^ 1 9 + "
"(-.0000000037,0)5^ 0^ 1 9 + "
"(-.0000000037,0)0^ 5^ 9 1 + "
"(.0000000037,0)5^ 0^ 9 1 + "
"(-.0405776835,0)0^ 6^ 1 5 + "
"(.0405776835,0)6^ 0^ 1 5 + "
"(.0405776835,0)0^ 6^ 5 1 + "
"(-.0405776835,0)6^ 0^ 5 1 + "
"(.1227013461,0)0^ 1^ 1 0 + "
"(.1227013461,0)5^ 6^ 6 5 + "
"(.0000091022,0)0^ 6^ 1 6 + "
"(-.0000091022,0)6^ 0^ 1 6 + "
"(-.0000091022,0)0^ 6^ 6 1 + "
"(.0000091022,0)6^ 0^ 6 1 + "
"(-.0052871522,0)0^ 6^ 1 7 + "
"(.0052871522,0)6^ 0^ 1 7 + "
"(.0052871522,0)0^ 6^ 7 1 + "
"(-.0052871522,0)6^ 0^ 7 1 + "
"(.0318920175,0)0^ 1^ 1 2 + "
"(.0318920175,0)5^ 6^ 6 7 + "
"(-.0000038739,0)0^ 6^ 1 8 + "
"(.0000038739,0)6^ 0^ 1 8 + "
"(.0000038739,0)0^ 6^ 8 1 + "
"(-.0000038739,0)6^ 0^ 8 1 + "
"(.0000276864,0)0^ 1^ 1 3 + "
"(.0000276864,0)5^ 6^ 6 8 + "
"(.0000077883,0)0^ 6^ 1 9 + "
"(-.0000077883,0)6^ 0^ 1 9 + "
"(-.0000077883,0)0^ 6^ 9 1 + "
"(.0000077883,0)6^ 0^ 9 1 + "
"(-.0000557036,0)0^ 1^ 1 4 + "
"(-.0000557036,0)5^ 6^ 6 9 + "
"(-.0000020080,0)0^ 7^ 1 5 + "
"(.0000020080,0)7^ 0^ 1 5 + "
"(.0000020080,0)0^ 7^ 5 1 + "
"(-.0000020080,0)7^ 0^ 5 1 + "
"(.0000031169,0)0^ 2^ 1 0 + "
"(.0000031169,0)5^ 7^ 6 5 + "
"(-.0052871522,0)0^ 7^ 1 6 + "
"(.0052871522,0)7^ 0^ 1 6 + "
"(.0052871522,0)0^ 7^ 6 1 + "
"(-.0052871522,0)7^ 0^ 6 1 + "
"(.0000035964,0)0^ 7^ 1 7 + "
"(-.0000035964,0)7^ 0^ 1 7 + "
"(-.0000035964,0)0^ 7^ 7 1 + "
"(.0000035964,0)7^ 0^ 7 1 + "
"(.0000054729,0)0^ 2^ 1 2 + "
"(.0000054729,0)5^ 7^ 6 7 + "
"(-.0000000006,0)0^ 7^ 1 8 + "
"(.0000000006,0)7^ 0^ 1 8 + "
"(.0000000006,0)0^ 7^ 8 1 + "
"(-.0000000006,0)7^ 0^ 8 1 + "
"(.0000000004,0)0^ 2^ 1 3 + "
"(.0000000004,0)5^ 7^ 6 8 + "
"(.0000000047,0)0^ 7^ 1 9 + "
"(-.0000000047,0)7^ 0^ 1 9 + "
"(-.0000000047,0)0^ 7^ 9 1 + "
"(.0000000047,0)7^ 0^ 9 1 + "
"(.0000000005,0)0^ 8^ 1 5 + "
"(-.0000000005,0)8^ 0^ 1 5 + "
"(-.0000000005,0)0^ 8^ 5 1 + "
"(.0000000005,0)8^ 0^ 5 1 + "
"(.0000000014,0)0^ 3^ 1 0 + "
"(.0000000014,0)5^ 8^ 6 5 + "
"(-.0000038739,0)0^ 8^ 1 6 + "
"(.0000038739,0)8^ 0^ 1 6 + "
"(.0000038739,0)0^ 8^ 6 1 + "
"(-.0000038739,0)8^ 0^ 6 1 + "
"(-.0000000006,0)0^ 8^ 1 7 + "
"(.0000000006,0)8^ 0^ 1 7 + "
"(.0000000006,0)0^ 8^ 7 1 + "
"(-.0000000006,0)8^ 0^ 7 1 + "
"(-.0000000003,0)0^ 3^ 1 2 + "
"(-.0000000003,0)5^ 8^ 6 7 + "
"(.0000063412,0)0^ 8^ 1 8 + "
"(-.0000063412,0)8^ 0^ 1 8 + "
"(-.0000063412,0)0^ 8^ 8 1 + "
"(.0000063412,0)8^ 0^ 8 1 + "
"(.0000055833,0)0^ 3^ 1 3 + "
"(.0000055833,0)5^ 8^ 6 8 + "
"(.0000000037,0)0^ 9^ 1 5 + "
"(-.0000000037,0)9^ 0^ 1 5 + "
"(-.0000000037,0)0^ 9^ 5 1 + "
"(.0000000037,0)9^ 0^ 5 1 + "
"(-.0000000051,0)0^ 4^ 1 0 + "
"(-.0000000051,0)5^ 9^ 6 5 + "
"(.0000077883,0)0^ 9^ 1 6 + "
"(-.0000077883,0)9^ 0^ 1 6 + "
"(-.0000077883,0)0^ 9^ 6 1 + "
"(.0000077883,0)9^ 0^ 6 1 + "
"(.0000000047,0)0^ 9^ 1 7 + "
"(-.0000000047,0)9^ 0^ 1 7 + "
"(-.0000000047,0)0^ 9^ 7 1 + "
"(.0000000047,0)9^ 0^ 7 1 + "
"(.0000000003,0)0^ 4^ 1 2 + "
"(.0000000003,0)5^ 9^ 6 7 + "
"(.0000063412,0)0^ 9^ 1 9 + "
"(-.0000063412,0)9^ 0^ 1 9 + "
"(-.0000063412,0)0^ 9^ 9 1 + "
"(.0000063412,0)9^ 0^ 9 1 + "
"(.0000055834,0)0^ 4^ 1 4 + "
"(.0000055834,0)5^ 9^ 6 9 + "
"(-.1818201331,0)0^ 2 + "
"(-.1818201331,0)5^ 7 + "
"(-.0454550774,0)0^ 5^ 2 5 + "
"(.0454550774,0)5^ 0^ 2 5 + "
"(.0454550774,0)0^ 5^ 5 2 + "
"(-.0454550774,0)5^ 0^ 5 2 + "
"(-.0000020080,0)0^ 5^ 2 6 + "
"(.0000020080,0)5^ 0^ 2 6 + "
"(.0000020080,0)0^ 5^ 6 2 + "
"(-.0000020080,0)5^ 0^ 6 2 + "
"(-.0337499820,0)0^ 5^ 2 7 + "
"(.0337499820,0)5^ 0^ 2 7 + "
"(.0337499820,0)0^ 5^ 7 2 + "
"(-.0337499820,0)5^ 0^ 7 2 + "
"(-.0000037100,0)0^ 5^ 2 8 + "
"(.0000037100,0)5^ 0^ 2 8 + "
"(.0000037100,0)0^ 5^ 8 2 + "
"(-.0000037100,0)5^ 0^ 8 2 + "
"(.0000074651,0)0^ 5^ 2 9 + "
"(-.0000074651,0)5^ 0^ 2 9 + "
"(-.0000074651,0)0^ 5^ 9 2 + "
"(.0000074651,0)5^ 0^ 9 2 + "
"(-.0000020080,0)0^ 6^ 2 5 + "
"(.0000020080,0)6^ 0^ 2 5 + "
"(.0000020080,0)0^ 6^ 5 2 + "
"(-.0000020080,0)6^ 0^ 5 2 + "
"(.0000031169,0)0^ 1^ 2 0 + "
"(.0000031169,0)5^ 6^ 7 5 + "
"(-.0371791697,0)0^ 6^ 2 6 + "
"(.0371791697,0)6^ 0^ 2 6 + "
"(.0371791697,0)0^ 6^ 6 2 + "
"(-.0371791697,0)6^ 0^ 6 2 + "
"(-.0318920175,0)0^ 1^ 2 1 + "
"(-.0318920175,0)5^ 6^ 7 6 + "
"(-.0000018766,0)0^ 6^ 2 7 + "
"(.0000018766,0)6^ 0^ 2 7 + "
"(.0000018766,0)0^ 6^ 7 2 + "
"(-.0000018766,0)6^ 0^ 7 2 + "
"(-.0000000003,0)0^ 6^ 2 8 + "
"(.0000000003,0)6^ 0^ 2 8 + "
"(.0000000003,0)0^ 6^ 8 2 + "
"(-.0000000003,0)6^ 0^ 8 2 + "
"(.0000000008,0)0^ 1^ 2 3 + "
"(.0000000008,0)5^ 6^ 7 8 + "
"(.0000000044,0)0^ 6^ 2 9 + "
"(-.0000000044,0)6^ 0^ 2 9 + "
"(-.0000000044,0)0^ 6^ 9 2 + "
"(.0000000044,0)6^ 0^ 9 2 + "
"(-.0000000003,0)0^ 1^ 2 4 + "
"(-.0000000003,0)5^ 6^ 7 9 + "
"(-.0337499820,0)0^ 7^ 2 5 + "
"(.0337499820,0)7^ 0^ 2 5 + "
"(.0337499820,0)0^ 7^ 5 2 + "
"(-.0337499820,0)7^ 0^ 5 2 + "
"(.1168929165,0)0^ 2^ 2 0 + "
"(.1168929165,0)5^ 7^ 7 5 + "
"(-.0000018766,0)0^ 7^ 2 6 + "
"(.0000018766,0)7^ 0^ 2 6 + "
"(.0000018766,0)0^ 7^ 6 2 + "
"(-.0000018766,0)7^ 0^ 6 2 + "
"(-.0000054729,0)0^ 2^ 2 1 + "
"(-.0000054729,0)5^ 7^ 7 6 + "
"(-.0433027846,0)0^ 7^ 2 7 + "
"(.0433027846,0)7^ 0^ 2 7 + "
"(.0433027846,0)0^ 7^ 7 2 + "
"(-.0433027846,0)7^ 0^ 7 2 + "
"(-.0000066622,0)0^ 7^ 2 8 + "
"(.0000066622,0)7^ 0^ 2 8 + "
"(.0000066622,0)0^ 7^ 8 2 + "
"(-.0000066622,0)7^ 0^ 8 2 + "
"(.0000273356,0)0^ 2^ 2 3 + "
"(.0000273356,0)5^ 7^ 7 8 + "
"(.0000134071,0)0^ 7^ 2 9 + "
"(-.0000134071,0)7^ 0^ 2 9 + "
"(-.0000134071,0)0^ 7^ 9 2 + "
"(.0000134071,0)7^ 0^ 9 2 + "
"(-.0000549949,0)0^ 2^ 2 4 + "
"(-.0000549949,0)5^ 7^ 7 9 + "
"(-.0000037100,0)0^ 8^ 2 5 + "
"(.0000037100,0)8^ 0^ 2 5 + "
"(.0000037100,0)0^ 8^ 5 2 + "
"(-.0000037100,0)8^ 0^ 5 2 + "
"(-.0000065891,0)0^ 3^ 2 0 + "
"(-.0000065891,0)5^ 8^ 7 5 + "
"(-.0000000003,0)0^ 8^ 2 6 + "
"(.0000000003,0)8^ 0^ 2 6 + "
"(.0000000003,0)0^ 8^ 6 2 + "
"(-.0000000003,0)8^ 0^ 6 2 + "
"(.0000000003,0)0^ 3^ 2 1 + "
"(.0000000003,0)5^ 8^ 7 6 + "
"(-.0000066622,0)0^ 8^ 2 7 + "
"(.0000066622,0)8^ 0^ 2 7 + "
"(.0000066622,0)0^ 8^ 7 2 + "
"(-.0000066622,0)8^ 0^ 7 2 + "
"(-.0354371131,0)0^ 8^ 2 8 + "
"(.0354371131,0)8^ 0^ 2 8 + "
"(.0354371131,0)0^ 8^ 8 2 + "
"(-.0354371131,0)8^ 0^ 8 2 + "
"(-.0324376220,0)0^ 3^ 2 3 + "
"(-.0324376220,0)5^ 8^ 7 8 + "
"(.0000000131,0)0^ 8^ 2 9 + "
"(-.0000000131,0)8^ 0^ 2 9 + "
"(-.0000000131,0)0^ 8^ 9 2 + "
"(.0000000131,0)8^ 0^ 9 2 + "
"(.0000000234,0)0^ 3^ 2 4 + "
"(.0000000234,0)5^ 8^ 7 9 + "
"(.0000074651,0)0^ 9^ 2 5 + "
"(-.0000074651,0)9^ 0^ 2 5 + "
"(-.0000074651,0)0^ 9^ 5 2 + "
"(.0000074651,0)9^ 0^ 5 2 + "
"(.0000132512,0)0^ 4^ 2 0 + "
"(.0000132512,0)5^ 9^ 7 5 + "
"(.0000000044,0)0^ 9^ 2 6 + "
"(-.0000000044,0)9^ 0^ 2 6 + "
"(-.0000000044,0)0^ 9^ 6 2 + "
"(.0000000044,0)9^ 0^ 6 2 + "
"(-.0000000003,0)0^ 4^ 2 1 + "
"(-.0000000003,0)5^ 9^ 7 6 + "
"(.0000134071,0)0^ 9^ 2 7 + "
"(-.0000134071,0)9^ 0^ 2 7 + "
"(-.0000134071,0)0^ 9^ 7 2 + "
"(.0000134071,0)9^ 0^ 7 2 + "
"(.0000000131,0)0^ 9^ 2 8 + "
"(-.0000000131,0)9^ 0^ 2 8 + "
"(-.0000000131,0)0^ 9^ 8 2 + "
"(.0000000131,0)9^ 0^ 8 2 + "
"(-.0000000100,0)0^ 4^ 2 3 + "
"(-.0000000100,0)5^ 9^ 7 8 + "
"(-.0354371882,0)0^ 9^ 2 9 + "
"(.0354371882,0)9^ 0^ 2 9 + "
"(.0354371882,0)0^ 9^ 9 2 + "
"(-.0354371882,0)9^ 0^ 9 2 + "
"(-.0324376431,0)0^ 4^ 2 4 + "
"(-.0324376431,0)5^ 9^ 7 9 + "
"(-.0001559967,0)0^ 3 + "
"(-.0001559967,0)5^ 8 + "
"(-.0000389993,0)0^ 5^ 3 5 + "
"(.0000389993,0)5^ 0^ 3 5 + "
"(.0000389993,0)0^ 5^ 5 3 + "
"(-.0000389993,0)5^ 0^ 5 3 + "
"(.0000000005,0)0^ 5^ 3 6 + "
"(-.0000000005,0)5^ 0^ 3 6 + "
"(-.0000000005,0)0^ 5^ 6 3 + "
"(.0000000005,0)5^ 0^ 6 3 + "
"(-.0000037100,0)0^ 5^ 3 7 + "
"(.0000037100,0)5^ 0^ 3 7 + "
"(.0000037100,0)0^ 5^ 7 3 + "
"(-.0000037100,0)5^ 0^ 7 3 + "
"(-.0303892133,0)0^ 5^ 3 8 + "
"(.0303892133,0)5^ 0^ 3 8 + "
"(.0303892133,0)0^ 5^ 8 3 + "
"(-.0303892133,0)5^ 0^ 8 3 + "
"(.0000000167,0)0^ 5^ 3 9 + "
"(-.0000000167,0)5^ 0^ 3 9 + "
"(-.0000000167,0)0^ 5^ 9 3 + "
"(.0000000167,0)5^ 0^ 9 3 + "
"(.0000000005,0)0^ 6^ 3 5 + "
"(-.0000000005,0)6^ 0^ 3 5 + "
"(-.0000000005,0)0^ 6^ 5 3 + "
"(.0000000005,0)6^ 0^ 5 3 + "
"(.0000000014,0)0^ 1^ 3 0 + "
"(.0000000014,0)5^ 6^ 8 5 + "
"(-.0000315603,0)0^ 6^ 3 6 + "
"(.0000315603,0)6^ 0^ 3 6 + "
"(.0000315603,0)0^ 6^ 6 3 + "
"(-.0000315603,0)6^ 0^ 6 3 + "
"(-.0000276864,0)0^ 1^ 3 1 + "
"(-.0000276864,0)5^ 6^ 8 6 + "
"(-.0000000010,0)0^ 6^ 3 7 + "
"(.0000000010,0)6^ 0^ 3 7 + "
"(.0000000010,0)0^ 6^ 7 3 + "
"(-.0000000010,0)6^ 0^ 7 3 + "
"(-.0000000008,0)0^ 1^ 3 2 + "
"(-.0000000008,0)5^ 6^ 8 7 + "
"(.0000007579,0)0^ 6^ 3 8 + "
"(-.0000007579,0)6^ 0^ 3 8 + "
"(-.0000007579,0)0^ 6^ 8 3 + "
"(.0000007579,0)6^ 0^ 8 3 + "
"(-.0000037100,0)0^ 7^ 3 5 + "
"(.0000037100,0)7^ 0^ 3 5 + "
"(.0000037100,0)0^ 7^ 5 3 + "
"(-.0000037100,0)7^ 0^ 5 3 + "
"(-.0000065891,0)0^ 2^ 3 0 + "
"(-.0000065891,0)5^ 7^ 8 5 + "
"(-.0000000010,0)0^ 7^ 3 6 + "
"(.0000000010,0)7^ 0^ 3 6 + "
"(.0000000010,0)0^ 7^ 6 3 + "
"(-.0000000010,0)7^ 0^ 6 3 + "
"(-.0000000004,0)0^ 2^ 3 1 + "
"(-.0000000004,0)5^ 7^ 8 6 + "
"(-.0000339978,0)0^ 7^ 3 7 + "
"(.0000339978,0)7^ 0^ 3 7 + "
"(.0000339978,0)0^ 7^ 7 3 + "
"(-.0000339978,0)7^ 0^ 7 3 + "
"(-.0000273356,0)0^ 2^ 3 2 + "
"(-.0000273356,0)5^ 7^ 8 7 + "
"(-.0029994911,0)0^ 7^ 3 8 + "
"(.0029994911,0)7^ 0^ 3 8 + "
"(.0029994911,0)0^ 7^ 8 3 + "
"(-.0029994911,0)7^ 0^ 8 3 + "
"(.0000000231,0)0^ 7^ 3 9 + "
"(-.0000000231,0)7^ 0^ 3 9 + "
"(-.0000000231,0)0^ 7^ 9 3 + "
"(.0000000231,0)7^ 0^ 9 3 + "
"(.0000000334,0)0^ 2^ 3 4 + "
"(.0000000334,0)5^ 7^ 8 9 + "
"(-.0303892133,0)0^ 8^ 3 5 + "
"(.0303892133,0)8^ 0^ 3 5 + "
"(.0303892133,0)0^ 8^ 5 3 + "
"(-.0303892133,0)8^ 0^ 5 3 + "
"(.1271652393,0)0^ 3^ 3 0 + "
"(.1271652393,0)5^ 8^ 8 5 + "
"(.0000007579,0)0^ 8^ 3 6 + "
"(-.0000007579,0)8^ 0^ 3 6 + "
"(-.0000007579,0)0^ 8^ 6 3 + "
"(.0000007579,0)8^ 0^ 6 3 + "
"(-.0000055833,0)0^ 3^ 3 1 + "
"(-.0000055833,0)5^ 8^ 8 6 + "
"(-.0029994911,0)0^ 8^ 3 7 + "
"(.0029994911,0)8^ 0^ 3 7 + "
"(.0029994911,0)0^ 8^ 7 3 + "
"(-.0029994911,0)8^ 0^ 7 3 + "
"(.0324376220,0)0^ 3^ 3 2 + "
"(.0324376220,0)5^ 8^ 8 7 + "
"(-.0000347993,0)0^ 8^ 3 8 + "
"(.0000347993,0)8^ 0^ 3 8 + "
"(.0000347993,0)0^ 8^ 8 3 + "
"(-.0000347993,0)8^ 0^ 8 3 + "
"(.0000045800,0)0^ 8^ 3 9 + "
"(-.0000045800,0)8^ 0^ 3 9 + "
"(-.0000045800,0)0^ 8^ 9 3 + "
"(.0000045800,0)8^ 0^ 9 3 + "
"(-.0000562834,0)0^ 3^ 3 4 + "
"(-.0000562834,0)5^ 8^ 8 9 + "
"(.0000000167,0)0^ 9^ 3 5 + "
"(-.0000000167,0)9^ 0^ 3 5 + "
"(-.0000000167,0)0^ 9^ 5 3 + "
"(.0000000167,0)9^ 0^ 5 3 + "
"(.0000000070,0)0^ 4^ 3 0 + "
"(.0000000070,0)5^ 9^ 8 5 + "
"(.0000000231,0)0^ 9^ 3 7 + "
"(-.0000000231,0)9^ 0^ 3 7 + "
"(-.0000000231,0)0^ 9^ 7 3 + "
"(.0000000231,0)9^ 0^ 7 3 + "
"(.0000000100,0)0^ 4^ 3 2 + "
"(.0000000100,0)5^ 9^ 8 7 + "
"(.0000045800,0)0^ 9^ 3 8 + "
"(-.0000045800,0)9^ 0^ 3 8 + "
"(-.0000045800,0)0^ 9^ 8 3 + "
"(.0000045800,0)9^ 0^ 8 3 + "
"(-.0000302110,0)0^ 9^ 3 9 + "
"(.0000302110,0)9^ 0^ 3 9 + "
"(.0000302110,0)0^ 9^ 9 3 + "
"(-.0000302110,0)9^ 0^ 9 3 + "
"(-.0000279755,0)0^ 4^ 3 4 + "
"(-.0000279755,0)5^ 9^ 8 9 + "
"(.0003138396,0)0^ 4 + "
"(.0003138396,0)5^ 9 + "
"(.0000784600,0)0^ 5^ 4 5 + "
"(-.0000784600,0)5^ 0^ 4 5 + "
"(-.0000784600,0)0^ 5^ 5 4 + "
"(.0000784600,0)5^ 0^ 5 4 + "
"(.0000000037,0)0^ 5^ 4 6 + "
"(-.0000000037,0)5^ 0^ 4 6 + "
"(-.0000000037,0)0^ 5^ 6 4 + "
"(.0000000037,0)5^ 0^ 6 4 + "
"(.0000074651,0)0^ 5^ 4 7 + "
"(-.0000074651,0)5^ 0^ 4 7 + "
"(-.0000074651,0)0^ 5^ 7 4 + "
"(.0000074651,0)5^ 0^ 7 4 + "
"(.0000000167,0)0^ 5^ 4 8 + "
"(-.0000000167,0)5^ 0^ 4 8 + "
"(-.0000000167,0)0^ 5^ 8 4 + "
"(.0000000167,0)5^ 0^ 8 4 + "
"(-.0303892292,0)0^ 5^ 4 9 + "
"(.0303892292,0)5^ 0^ 4 9 + "
"(.0303892292,0)0^ 5^ 9 4 + "
"(-.0303892292,0)5^ 0^ 9 4 + "
"(.0000000037,0)0^ 6^ 4 5 + "
"(-.0000000037,0)6^ 0^ 4 5 + "
"(-.0000000037,0)0^ 6^ 5 4 + "
"(.0000000037,0)6^ 0^ 5 4 + "
"(-.0000000051,0)0^ 1^ 4 0 + "
"(-.0000000051,0)5^ 6^ 9 5 + "
"(.0000634919,0)0^ 6^ 4 6 + "
"(-.0000634919,0)6^ 0^ 4 6 + "
"(-.0000634919,0)0^ 6^ 6 4 + "
"(.0000634919,0)6^ 0^ 6 4 + "
"(.0000557036,0)0^ 1^ 4 1 + "
"(.0000557036,0)5^ 6^ 9 6 + "
"(.0000000047,0)0^ 6^ 4 7 + "
"(-.0000000047,0)6^ 0^ 4 7 + "
"(-.0000000047,0)0^ 6^ 7 4 + "
"(.0000000047,0)6^ 0^ 7 4 + "
"(.0000000003,0)0^ 1^ 4 2 + "
"(.0000000003,0)5^ 6^ 9 7 + "
"(.0000007578,0)0^ 6^ 4 9 + "
"(-.0000007578,0)6^ 0^ 4 9 + "
"(-.0000007578,0)0^ 6^ 9 4 + "
"(.0000007578,0)6^ 0^ 9 4 + "
"(.0000074651,0)0^ 7^ 4 5 + "
"(-.0000074651,0)7^ 0^ 4 5 + "
"(-.0000074651,0)0^ 7^ 5 4 + "
"(.0000074651,0)7^ 0^ 5 4 + "
"(.0000132512,0)0^ 2^ 4 0 + "
"(.0000132512,0)5^ 7^ 9 5 + "
"(.0000000047,0)0^ 7^ 4 6 + "
"(-.0000000047,0)7^ 0^ 4 6 + "
"(-.0000000047,0)0^ 7^ 6 4 + "
"(.0000000047,0)7^ 0^ 6 4 + "
"(.0000684019,0)0^ 7^ 4 7 + "
"(-.0000684019,0)7^ 0^ 4 7 + "
"(-.0000684019,0)0^ 7^ 7 4 + "
"(.0000684019,0)7^ 0^ 7 4 + "
"(.0000549949,0)0^ 2^ 4 2 + "
"(.0000549949,0)5^ 7^ 9 7 + "
"(-.0000000103,0)0^ 7^ 4 8 + "
"(.0000000103,0)7^ 0^ 4 8 + "
"(.0000000103,0)0^ 7^ 8 4 + "
"(-.0000000103,0)7^ 0^ 8 4 + "
"(-.0000000334,0)0^ 2^ 4 3 + "
"(-.0000000334,0)5^ 7^ 9 8 + "
"(-.0029995451,0)0^ 7^ 4 9 + "
"(.0029995451,0)7^ 0^ 4 9 + "
"(.0029995451,0)0^ 7^ 9 4 + "
"(-.0029995451,0)7^ 0^ 9 4 + "
"(.0000000167,0)0^ 8^ 4 5 + "
"(-.0000000167,0)8^ 0^ 4 5 + "
"(-.0000000167,0)0^ 8^ 5 4 + "
"(.0000000167,0)8^ 0^ 5 4 + "
"(.0000000070,0)0^ 3^ 4 0 + "
"(.0000000070,0)5^ 8^ 9 5 + "
"(-.0000000103,0)0^ 8^ 4 7 + "
"(.0000000103,0)8^ 0^ 4 7 + "
"(.0000000103,0)0^ 8^ 7 4 + "
"(-.0000000103,0)8^ 0^ 7 4 + "
"(-.0000000234,0)0^ 3^ 4 2 + "
"(-.0000000234,0)5^ 8^ 9 7 + "
"(.0000608633,0)0^ 8^ 4 8 + "
"(-.0000608633,0)8^ 0^ 4 8 + "
"(-.0000608633,0)0^ 8^ 8 4 + "
"(.0000608633,0)8^ 0^ 8 4 + "
"(.0000562834,0)0^ 3^ 4 3 + "
"(.0000562834,0)5^ 8^ 9 8 + "
"(-.0000022354,0)0^ 8^ 4 9 + "
"(.0000022354,0)8^ 0^ 4 9 + "
"(.0000022354,0)0^ 8^ 9 4 + "
"(-.0000022354,0)8^ 0^ 9 4 + "
"(-.0303892292,0)0^ 9^ 4 5 + "
"(.0303892292,0)9^ 0^ 4 5 + "
"(.0303892292,0)0^ 9^ 5 4 + "
"(-.0303892292,0)9^ 0^ 5 4 + "
"(.1271653730,0)0^ 4^ 4 0 + "
"(.1271653730,0)5^ 9^ 9 5 + "
"(.0000007578,0)0^ 9^ 4 6 + "
"(-.0000007578,0)9^ 0^ 4 6 + "
"(-.0000007578,0)0^ 9^ 6 4 + "
"(.0000007578,0)9^ 0^ 6 4 + "
"(-.0000055834,0)0^ 4^ 4 1 + "
"(-.0000055834,0)5^ 9^ 9 6 + "
"(-.0029995451,0)0^ 9^ 4 7 + "
"(.0029995451,0)9^ 0^ 4 7 + "
"(.0029995451,0)0^ 9^ 7 4 + "
"(-.0029995451,0)9^ 0^ 7 4 + "
"(.0324376431,0)0^ 4^ 4 2 + "
"(.0324376431,0)5^ 9^ 9 7 + "
"(-.0000022354,0)0^ 9^ 4 8 + "
"(.0000022354,0)9^ 0^ 4 8 + "
"(.0000022354,0)0^ 9^ 8 4 + "
"(-.0000022354,0)9^ 0^ 8 4 + "
"(.0000279755,0)0^ 4^ 4 3 + "
"(.0000279755,0)5^ 9^ 9 8 + "
"(.0000699397,0)0^ 9^ 4 9 + "
"(-.0000699397,0)9^ 0^ 4 9 + "
"(-.0000699397,0)0^ 9^ 9 4 + "
"(.0000699397,0)9^ 0^ 9 4 + "
"(.0000318101,0)1^ 0 + "
"(.0000318101,0)6^ 5 + "
"(.0000079525,0)1^ 5^ 0 5 + "
"(-.0000079525,0)5^ 1^ 0 5 + "
"(-.0000079525,0)1^ 5^ 5 0 + "
"(.0000079525,0)5^ 1^ 5 0 + "
"(-.0405776835,0)1^ 5^ 0 6 + "
"(.0405776835,0)5^ 1^ 0 6 + "
"(.0405776835,0)1^ 5^ 6 0 + "
"(-.0405776835,0)5^ 1^ 6 0 + "
"(.1227013461,0)1^ 0^ 0 1 + "
"(.1227013461,0)6^ 5^ 5 6 + "
"(-.0000020080,0)1^ 5^ 0 7 + "
"(.0000020080,0)5^ 1^ 0 7 + "
"(.0000020080,0)1^ 5^ 7 0 + "
"(-.0000020080,0)5^ 1^ 7 0 + "
"(.0000031169,0)1^ 0^ 0 2 + "
"(.0000031169,0)6^ 5^ 5 7 + "
"(.0000000005,0)1^ 5^ 0 8 + "
"(-.0000000005,0)5^ 1^ 0 8 + "
"(-.0000000005,0)1^ 5^ 8 0 + "
"(.0000000005,0)5^ 1^ 8 0 + "
"(.0000000014,0)1^ 0^ 0 3 + "
"(.0000000014,0)6^ 5^ 5 8 + "
"(.0000000037,0)1^ 5^ 0 9 + "
"(-.0000000037,0)5^ 1^ 0 9 + "
"(-.0000000037,0)1^ 5^ 9 0 + "
"(.0000000037,0)5^ 1^ 9 0 + "
"(-.0000000051,0)1^ 0^ 0 4 + "
"(-.0000000051,0)6^ 5^ 5 9 + "
"(-.0405776835,0)1^ 6^ 0 5 + "
"(.0405776835,0)6^ 1^ 0 5 + "
"(.0405776835,0)1^ 6^ 5 0 + "
"(-.0405776835,0)6^ 1^ 5 0 + "
"(.0000091022,0)1^ 6^ 0 6 + "
"(-.0000091022,0)6^ 1^ 0 6 + "
"(-.0000091022,0)1^ 6^ 6 0 + "
"(.0000091022,0)6^ 1^ 6 0 + "
"(-.0052871522,0)1^ 6^ 0 7 + "
"(.0052871522,0)6^ 1^ 0 7 + "
"(.0052871522,0)1^ 6^ 7 0 + "
"(-.0052871522,0)6^ 1^ 7 0 + "
"(-.0000038739,0)1^ 6^ 0 8 + "
"(.0000038739,0)6^ 1^ 0 8 + "
"(.0000038739,0)1^ 6^ 8 0 + "
"(-.0000038739,0)6^ 1^ 8 0 + "
"(.0000077883,0)1^ 6^ 0 9 + "
"(-.0000077883,0)6^ 1^ 0 9 + "
"(-.0000077883,0)1^ 6^ 9 0 + "
"(.0000077883,0)6^ 1^ 9 0 + "
"(-.0000020080,0)1^ 7^ 0 5 + "
"(.0000020080,0)7^ 1^ 0 5 + "
"(.0000020080,0)1^ 7^ 5 0 + "
"(-.0000020080,0)7^ 1^ 5 0 + "
"(-.0052871522,0)1^ 7^ 0 6 + "
"(.0052871522,0)7^ 1^ 0 6 + "
"(.0052871522,0)1^ 7^ 6 0 + "
"(-.0052871522,0)7^ 1^ 6 0 + "
"(.0318920175,0)1^ 2^ 0 1 + "
"(.0318920175,0)6^ 7^ 5 6 + "
"(.0000035964,0)1^ 7^ 0 7 + "
"(-.0000035964,0)7^ 1^ 0 7 + "
"(-.0000035964,0)1^ 7^ 7 0 + "
"(.0000035964,0)7^ 1^ 7 0 + "
"(.0000054729,0)1^ 2^ 0 2 + "
"(.0000054729,0)6^ 7^ 5 7 + "
"(-.0000000006,0)1^ 7^ 0 8 + "
"(.0000000006,0)7^ 1^ 0 8 + "
"(.0000000006,0)1^ 7^ 8 0 + "
"(-.0000000006,0)7^ 1^ 8 0 + "
"(-.0000000003,0)1^ 2^ 0 3 + "
"(-.0000000003,0)6^ 7^ 5 8 + "
"(.0000000047,0)1^ 7^ 0 9 + "
"(-.0000000047,0)7^ 1^ 0 9 + "
"(-.0000000047,0)1^ 7^ 9 0 + "
"(.0000000047,0)7^ 1^ 9 0 + "
"(.0000000003,0)1^ 2^ 0 4 + "
"(.0000000003,0)6^ 7^ 5 9 + "
"(.0000000005,0)1^ 8^ 0 5 + "
"(-.0000000005,0)8^ 1^ 0 5 + "
"(-.0000000005,0)1^ 8^ 5 0 + "
"(.0000000005,0)8^ 1^ 5 0 + "
"(-.0000038739,0)1^ 8^ 0 6 + "
"(.0000038739,0)8^ 1^ 0 6 + "
"(.0000038739,0)1^ 8^ 6 0 + "
"(-.0000038739,0)8^ 1^ 6 0 + "
"(.0000276864,0)1^ 3^ 0 1 + "
"(.0000276864,0)6^ 8^ 5 6 + "
"(-.0000000006,0)1^ 8^ 0 7 + "
"(.0000000006,0)8^ 1^ 0 7 + "
"(.0000000006,0)1^ 8^ 7 0 + "
"(-.0000000006,0)8^ 1^ 7 0 + "
"(.0000000004,0)1^ 3^ 0 2 + "
"(.0000000004,0)6^ 8^ 5 7 + "
"(.0000063412,0)1^ 8^ 0 8 + "
"(-.0000063412,0)8^ 1^ 0 8 + "
"(-.0000063412,0)1^ 8^ 8 0 + "
"(.0000063412,0)8^ 1^ 8 0 + "
"(.0000055833,0)1^ 3^ 0 3 + "
"(.0000055833,0)6^ 8^ 5 8 + "
"(.0000000037,0)1^ 9^ 0 5 + "
"(-.0000000037,0)9^ 1^ 0 5 + "
"(-.0000000037,0)1^ 9^ 5 0 + "
"(.0000000037,0)9^ 1^ 5 0 + "
"(.0000077883,0)1^ 9^ 0 6 + "
"(-.0000077883,0)9^ 1^ 0 6 + "
"(-.0000077883,0)1^ 9^ 6 0 + "
"(.0000077883,0)9^ 1^ 6 0 + "
"(-.0000557036,0)1^ 4^ 0 1 + "
"(-.0000557036,0)6^ 9^ 5 6 + "
"(.0000000047,0)1^ 9^ 0 7 + "
"(-.0000000047,0)9^ 1^ 0 7 + "
"(-.0000000047,0)1^ 9^ 7 0 + "
"(.0000000047,0)9^ 1^ 7 0 + "
"(.0000063412,0)1^ 9^ 0 9 + "
"(-.0000063412,0)9^ 1^ 0 9 + "
"(-.0000063412,0)1^ 9^ 9 0 + "
"(.0000063412,0)9^ 1^ 9 0 + "
"(.0000055834,0)1^ 4^ 0 4 + "
"(.0000055834,0)6^ 9^ 5 9 + "
"(-.4798681129,0)1^ 1 + "
"(-.4798681129,0)6^ 6 + "
"(-.1632790296,0)1^ 5^ 1 5 + "
"(.1632790296,0)5^ 1^ 1 5 + "
"(.1632790296,0)1^ 5^ 5 1 + "
"(-.1632790296,0)5^ 1^ 5 1 + "
"(-.1227013461,0)1^ 0^ 1 0 + "
"(-.1227013461,0)6^ 5^ 6 5 + "
"(.0000091022,0)1^ 5^ 1 6 + "
"(-.0000091022,0)5^ 1^ 1 6 + "
"(-.0000091022,0)1^ 5^ 6 1 + "
"(.0000091022,0)5^ 1^ 6 1 + "
"(-.0371791697,0)1^ 5^ 1 7 + "
"(.0371791697,0)5^ 1^ 1 7 + "
"(.0371791697,0)1^ 5^ 7 1 + "
"(-.0371791697,0)5^ 1^ 7 1 + "
"(-.0318920175,0)1^ 0^ 1 2 + "
"(-.0318920175,0)6^ 5^ 6 7 + "
"(-.0000315603,0)1^ 5^ 1 8 + "
"(.0000315603,0)5^ 1^ 1 8 + "
"(.0000315603,0)1^ 5^ 8 1 + "
"(-.0000315603,0)5^ 1^ 8 1 + "
"(-.0000276864,0)1^ 0^ 1 3 + "
"(-.0000276864,0)6^ 5^ 6 8 + "
"(.0000634919,0)1^ 5^ 1 9 + "
"(-.0000634919,0)5^ 1^ 1 9 + "
"(-.0000634919,0)1^ 5^ 9 1 + "
"(.0000634919,0)5^ 1^ 9 1 + "
"(.0000557036,0)1^ 0^ 1 4 + "
"(.0000557036,0)6^ 5^ 6 9 + "
"(.0000091022,0)1^ 6^ 1 5 + "
"(-.0000091022,0)6^ 1^ 1 5 + "
"(-.0000091022,0)1^ 6^ 5 1 + "
"(.0000091022,0)6^ 1^ 5 1 + "
"(-.1723304113,0)1^ 6^ 1 6 + "
"(.1723304113,0)6^ 1^ 1 6 + "
"(.1723304113,0)1^ 6^ 6 1 + "
"(-.1723304113,0)6^ 1^ 6 1 + "
"(-.0000051040,0)1^ 6^ 1 7 + "
"(.0000051040,0)6^ 1^ 1 7 + "
"(.0000051040,0)1^ 6^ 7 1 + "
"(-.0000051040,0)6^ 1^ 7 1 + "
"(-.0000000010,0)1^ 6^ 1 8 + "
"(.0000000010,0)6^ 1^ 1 8 + "
"(.0000000010,0)1^ 6^ 8 1 + "
"(-.0000000010,0)6^ 1^ 8 1 + "
"(.0000000086,0)1^ 6^ 1 9 + "
"(-.0000000086,0)6^ 1^ 1 9 + "
"(-.0000000086,0)1^ 6^ 9 1 + "
"(.0000000086,0)6^ 1^ 9 1 + "
"(-.0371791697,0)1^ 7^ 1 5 + "
"(.0371791697,0)7^ 1^ 1 5 + "
"(.0371791697,0)1^ 7^ 5 1 + "
"(-.0371791697,0)7^ 1^ 5 1 + "
"(-.0318920175,0)1^ 2^ 1 0 + "
"(-.0318920175,0)6^ 7^ 6 5 + "
"(-.0000051040,0)1^ 7^ 1 6 + "
"(.0000051040,0)7^ 1^ 1 6 + "
"(.0000051040,0)1^ 7^ 6 1 + "
"(-.0000051040,0)7^ 1^ 6 1 + "
"(-.1419881332,0)1^ 7^ 1 7 + "
"(.1419881332,0)7^ 1^ 1 7 + "
"(.1419881332,0)1^ 7^ 7 1 + "
"(-.1419881332,0)7^ 1^ 7 1 + "
"(-.1325188025,0)1^ 2^ 1 2 + "
"(-.1325188025,0)6^ 7^ 6 7 + "
"(.0000034532,0)1^ 7^ 1 8 + "
"(-.0000034532,0)7^ 1^ 1 8 + "
"(-.0000034532,0)1^ 7^ 8 1 + "
"(.0000034532,0)7^ 1^ 8 1 + "
"(.0000031087,0)1^ 2^ 1 3 + "
"(.0000031087,0)6^ 7^ 6 8 + "
"(-.0000069418,0)1^ 7^ 1 9 + "
"(.0000069418,0)7^ 1^ 1 9 + "
"(.0000069418,0)1^ 7^ 9 1 + "
"(-.0000069418,0)7^ 1^ 9 1 + "
"(-.0000062488,0)1^ 2^ 1 4 + "
"(-.0000062488,0)6^ 7^ 6 9 + "
"(-.0000315603,0)1^ 8^ 1 5 + "
"(.0000315603,0)8^ 1^ 1 5 + "
"(.0000315603,0)1^ 8^ 5 1 + "
"(-.0000315603,0)8^ 1^ 5 1 + "
"(-.0000276864,0)1^ 3^ 1 0 + "
"(-.0000276864,0)6^ 8^ 6 5 + "
"(-.0000000010,0)1^ 8^ 1 6 + "
"(.0000000010,0)8^ 1^ 1 6 + "
"(.0000000010,0)1^ 8^ 6 1 + "
"(-.0000000010,0)8^ 1^ 6 1 + "
"(.0000034532,0)1^ 8^ 1 7 + "
"(-.0000034532,0)8^ 1^ 1 7 + "
"(-.0000034532,0)1^ 8^ 7 1 + "
"(.0000034532,0)8^ 1^ 7 1 + "
"(.0000031087,0)1^ 3^ 1 2 + "
"(.0000031087,0)6^ 8^ 6 7 + "
"(-.1490314976,0)1^ 8^ 1 8 + "
"(.1490314976,0)8^ 1^ 1 8 + "
"(.1490314976,0)1^ 8^ 8 1 + "
"(-.1490314976,0)8^ 1^ 8 1 + "
"(-.1388892017,0)1^ 3^ 1 3 + "
"(-.1388892017,0)6^ 8^ 6 8 + "
"(-.0000000033,0)1^ 8^ 1 9 + "
"(.0000000033,0)8^ 1^ 1 9 + "
"(.0000000033,0)1^ 8^ 9 1 + "
"(-.0000000033,0)8^ 1^ 9 1 + "
"(.0000000058,0)1^ 3^ 1 4 + "
"(.0000000058,0)6^ 8^ 6 9 + "
"(.0000634919,0)1^ 9^ 1 5 + "
"(-.0000634919,0)9^ 1^ 1 5 + "
"(-.0000634919,0)1^ 9^ 5 1 + "
"(.0000634919,0)9^ 1^ 5 1 + "
"(.0000557036,0)1^ 4^ 1 0 + "
"(.0000557036,0)6^ 9^ 6 5 + "
"(.0000000086,0)1^ 9^ 1 6 + "
"(-.0000000086,0)9^ 1^ 1 6 + "
"(-.0000000086,0)1^ 9^ 6 1 + "
"(.0000000086,0)9^ 1^ 6 1 + "
"(-.0000069418,0)1^ 9^ 1 7 + "
"(.0000069418,0)9^ 1^ 1 7 + "
"(.0000069418,0)1^ 9^ 7 1 + "
"(-.0000069418,0)9^ 1^ 7 1 + "
"(-.0000062488,0)1^ 4^ 1 2 + "
"(-.0000062488,0)6^ 9^ 6 7 + "
"(-.0000000033,0)1^ 9^ 1 8 + "
"(.0000000033,0)9^ 1^ 1 8 + "
"(.0000000033,0)1^ 9^ 8 1 + "
"(-.0000000033,0)9^ 1^ 8 1 + "
"(.0000000058,0)1^ 4^ 1 3 + "
"(.0000000058,0)6^ 9^ 6 8 + "
"(-.1490315987,0)1^ 9^ 1 9 + "
"(.1490315987,0)9^ 1^ 1 9 + "
"(.1490315987,0)1^ 9^ 9 1 + "
"(-.1490315987,0)9^ 1^ 9 1 + "
"(-.1388893278,0)1^ 4^ 1 4 + "
"(-.1388893278,0)6^ 9^ 6 9 + "
"(-.0000349053,0)1^ 2 + "
"(-.0000349053,0)6^ 7 + "
"(-.0000051249,0)1^ 5^ 2 5 + "
"(.0000051249,0)5^ 1^ 2 5 + "
"(.0000051249,0)1^ 5^ 5 2 + "
"(-.0000051249,0)5^ 1^ 5 2 + "
"(-.0000031169,0)1^ 0^ 2 0 + "
"(-.0000031169,0)6^ 5^ 7 5 + "
"(-.0052871522,0)1^ 5^ 2 6 + "
"(.0052871522,0)5^ 1^ 2 6 + "
"(.0052871522,0)1^ 5^ 6 2 + "
"(-.0052871522,0)5^ 1^ 6 2 + "
"(.0318920175,0)1^ 0^ 2 1 + "
"(.0318920175,0)6^ 5^ 7 6 + "
"(-.0000018766,0)1^ 5^ 2 7 + "
"(.0000018766,0)5^ 1^ 2 7 + "
"(.0000018766,0)1^ 5^ 7 2 + "
"(-.0000018766,0)5^ 1^ 7 2 + "
"(-.0000000010,0)1^ 5^ 2 8 + "
"(.0000000010,0)5^ 1^ 2 8 + "
"(.0000000010,0)1^ 5^ 8 2 + "
"(-.0000000010,0)5^ 1^ 8 2 + "
"(-.0000000008,0)1^ 0^ 2 3 + "
"(-.0000000008,0)6^ 5^ 7 8 + "
"(.0000000047,0)1^ 5^ 2 9 + "
"(-.0000000047,0)5^ 1^ 2 9 + "
"(-.0000000047,0)1^ 5^ 9 2 + "
"(.0000000047,0)5^ 1^ 9 2 + "
"(.0000000003,0)1^ 0^ 2 4 + "
"(.0000000003,0)6^ 5^ 7 9 + "
"(-.0052871522,0)1^ 6^ 2 5 + "
"(.0052871522,0)6^ 1^ 2 5 + "
"(.0052871522,0)1^ 6^ 5 2 + "
"(-.0052871522,0)6^ 1^ 5 2 + "
"(-.0000051040,0)1^ 6^ 2 6 + "
"(.0000051040,0)6^ 1^ 2 6 + "
"(.0000051040,0)1^ 6^ 6 2 + "
"(-.0000051040,0)6^ 1^ 6 2 + "
"(-.0094693307,0)1^ 6^ 2 7 + "
"(.0094693307,0)6^ 1^ 2 7 + "
"(.0094693307,0)1^ 6^ 7 2 + "
"(-.0094693307,0)6^ 1^ 7 2 + "
"(.0000003445,0)1^ 6^ 2 8 + "
"(-.0000003445,0)6^ 1^ 2 8 + "
"(-.0000003445,0)1^ 6^ 8 2 + "
"(.0000003445,0)6^ 1^ 8 2 + "
"(-.0000006929,0)1^ 6^ 2 9 + "
"(.0000006929,0)6^ 1^ 2 9 + "
"(.0000006929,0)1^ 6^ 9 2 + "
"(-.0000006929,0)6^ 1^ 9 2 + "
"(-.0000018766,0)1^ 7^ 2 5 + "
"(.0000018766,0)7^ 1^ 2 5 + "
"(.0000018766,0)1^ 7^ 5 2 + "
"(-.0000018766,0)7^ 1^ 5 2 + "
"(-.0000054729,0)1^ 2^ 2 0 + "
"(-.0000054729,0)6^ 7^ 7 5 + "
"(-.0094693307,0)1^ 7^ 2 6 + "
"(.0094693307,0)7^ 1^ 2 6 + "
"(.0094693307,0)1^ 7^ 6 2 + "
"(-.0094693307,0)7^ 1^ 6 2 + "
"(.1325188025,0)1^ 2^ 2 1 + "
"(.1325188025,0)6^ 7^ 7 6 + "
"(-.0000056911,0)1^ 7^ 2 7 + "
"(.0000056911,0)7^ 1^ 2 7 + "
"(.0000056911,0)1^ 7^ 7 2 + "
"(-.0000056911,0)7^ 1^ 7 2 + "
"(-.0000000006,0)1^ 7^ 2 8 + "
"(.0000000006,0)7^ 1^ 2 8 + "
"(.0000000006,0)1^ 7^ 8 2 + "
"(-.0000000006,0)7^ 1^ 8 2 + "
"(.0000000006,0)1^ 2^ 2 3 + "
"(.0000000006,0)6^ 7^ 7 8 + "
"(.0000000021,0)1^ 7^ 2 9 + "
"(-.0000000021,0)7^ 1^ 2 9 + "
"(-.0000000021,0)1^ 7^ 9 2 + "
"(.0000000021,0)7^ 1^ 9 2 + "
"(-.0000000056,0)1^ 2^ 2 4 + "
"(-.0000000056,0)6^ 7^ 7 9 + "
"(-.0000000010,0)1^ 8^ 2 5 + "
"(.0000000010,0)8^ 1^ 2 5 + "
"(.0000000010,0)1^ 8^ 5 2 + "
"(-.0000000010,0)8^ 1^ 5 2 + "
"(-.0000000004,0)1^ 3^ 2 0 + "
"(-.0000000004,0)6^ 8^ 7 5 + "
"(.0000003445,0)1^ 8^ 2 6 + "
"(-.0000003445,0)8^ 1^ 2 6 + "
"(-.0000003445,0)1^ 8^ 6 2 + "
"(.0000003445,0)8^ 1^ 6 2 + "
"(-.0000031087,0)1^ 3^ 2 1 + "
"(-.0000031087,0)6^ 8^ 7 6 + "
"(-.0000000006,0)1^ 8^ 2 7 + "
"(.0000000006,0)8^ 1^ 2 7 + "
"(.0000000006,0)1^ 8^ 7 2 + "
"(-.0000000006,0)8^ 1^ 7 2 + "
"(-.0000041432,0)1^ 8^ 2 8 + "
"(.0000041432,0)8^ 1^ 2 8 + "
"(.0000041432,0)1^ 8^ 8 2 + "
"(-.0000041432,0)8^ 1^ 8 2 + "
"(-.0000035582,0)1^ 3^ 2 3 + "
"(-.0000035582,0)6^ 8^ 7 8 + "
"(.0000000047,0)1^ 9^ 2 5 + "
"(-.0000000047,0)9^ 1^ 2 5 + "
"(-.0000000047,0)1^ 9^ 5 2 + "
"(.0000000047,0)9^ 1^ 5 2 + "
"(-.0000006929,0)1^ 9^ 2 6 + "
"(.0000006929,0)9^ 1^ 2 6 + "
"(.0000006929,0)1^ 9^ 6 2 + "
"(-.0000006929,0)9^ 1^ 6 2 + "
"(.0000062488,0)1^ 4^ 2 1 + "
"(.0000062488,0)6^ 9^ 7 6 + "
"(.0000000021,0)1^ 9^ 2 7 + "
"(-.0000000021,0)9^ 1^ 2 7 + "
"(-.0000000021,0)1^ 9^ 7 2 + "
"(.0000000021,0)9^ 1^ 7 2 + "
"(-.0000041432,0)1^ 9^ 2 9 + "
"(.0000041432,0)9^ 1^ 2 9 + "
"(.0000041432,0)1^ 9^ 9 2 + "
"(-.0000041432,0)9^ 1^ 9 2 + "
"(-.0000035582,0)1^ 4^ 2 4 + "
"(-.0000035582,0)6^ 9^ 7 9 + "
"(-.0000000104,0)1^ 3 + "
"(-.0000000104,0)6^ 8 + "
"(-.0000000009,0)1^ 5^ 3 5 + "
"(.0000000009,0)5^ 1^ 3 5 + "
"(.0000000009,0)1^ 5^ 5 3 + "
"(-.0000000009,0)5^ 1^ 5 3 + "
"(-.0000000014,0)1^ 0^ 3 0 + "
"(-.0000000014,0)6^ 5^ 8 5 + "
"(-.0000038739,0)1^ 5^ 3 6 + "
"(.0000038739,0)5^ 1^ 3 6 + "
"(.0000038739,0)1^ 5^ 6 3 + "
"(-.0000038739,0)5^ 1^ 6 3 + "
"(.0000276864,0)1^ 0^ 3 1 + "
"(.0000276864,0)6^ 5^ 8 6 + "
"(-.0000000003,0)1^ 5^ 3 7 + "
"(.0000000003,0)5^ 1^ 3 7 + "
"(.0000000003,0)1^ 5^ 7 3 + "
"(-.0000000003,0)5^ 1^ 7 3 + "
"(.0000000008,0)1^ 0^ 3 2 + "
"(.0000000008,0)6^ 5^ 8 7 + "
"(.0000007579,0)1^ 5^ 3 8 + "
"(-.0000007579,0)5^ 1^ 3 8 + "
"(-.0000007579,0)1^ 5^ 8 3 + "
"(.0000007579,0)5^ 1^ 8 3 + "
"(-.0000038739,0)1^ 6^ 3 5 + "
"(.0000038739,0)6^ 1^ 3 5 + "
"(.0000038739,0)1^ 6^ 5 3 + "
"(-.0000038739,0)6^ 1^ 5 3 + "
"(-.0000000010,0)1^ 6^ 3 6 + "
"(.0000000010,0)6^ 1^ 3 6 + "
"(.0000000010,0)1^ 6^ 6 3 + "
"(-.0000000010,0)6^ 1^ 6 3 + "
"(.0000003445,0)1^ 6^ 3 7 + "
"(-.0000003445,0)6^ 1^ 3 7 + "
"(-.0000003445,0)1^ 6^ 7 3 + "
"(.0000003445,0)6^ 1^ 7 3 + "
"(-.0101422959,0)1^ 6^ 3 8 + "
"(.0101422959,0)6^ 1^ 3 8 + "
"(.0101422959,0)1^ 6^ 8 3 + "
"(-.0101422959,0)6^ 1^ 8 3 + "
"(-.0000000091,0)1^ 6^ 3 9 + "
"(.0000000091,0)6^ 1^ 3 9 + "
"(.0000000091,0)1^ 6^ 9 3 + "
"(-.0000000091,0)6^ 1^ 9 3 + "
"(-.0000000003,0)1^ 7^ 3 5 + "
"(.0000000003,0)7^ 1^ 3 5 + "
"(.0000000003,0)1^ 7^ 5 3 + "
"(-.0000000003,0)7^ 1^ 5 3 + "
"(.0000000003,0)1^ 2^ 3 0 + "
"(.0000000003,0)6^ 7^ 8 5 + "
"(.0000003445,0)1^ 7^ 3 6 + "
"(-.0000003445,0)7^ 1^ 3 6 + "
"(-.0000003445,0)1^ 7^ 6 3 + "
"(.0000003445,0)7^ 1^ 6 3 + "
"(-.0000031087,0)1^ 2^ 3 1 + "
"(-.0000031087,0)6^ 7^ 8 6 + "
"(-.0000000012,0)1^ 7^ 3 7 + "
"(.0000000012,0)7^ 1^ 3 7 + "
"(.0000000012,0)1^ 7^ 7 3 + "
"(-.0000000012,0)7^ 1^ 7 3 + "
"(-.0000000006,0)1^ 2^ 3 2 + "
"(-.0000000006,0)6^ 7^ 8 7 + "
"(-.0000005849,0)1^ 7^ 3 8 + "
"(.0000005849,0)7^ 1^ 3 8 + "
"(.0000005849,0)1^ 7^ 8 3 + "
"(-.0000005849,0)7^ 1^ 8 3 + "
"(.0000007579,0)1^ 8^ 3 5 + "
"(-.0000007579,0)8^ 1^ 3 5 + "
"(-.0000007579,0)1^ 8^ 5 3 + "
"(.0000007579,0)8^ 1^ 5 3 + "
"(-.0000055833,0)1^ 3^ 3 0 + "
"(-.0000055833,0)6^ 8^ 8 5 + "
"(-.0101422959,0)1^ 8^ 3 6 + "
"(.0101422959,0)8^ 1^ 3 6 + "
"(.0101422959,0)1^ 8^ 6 3 + "
"(-.0101422959,0)8^ 1^ 6 3 + "
"(.1388892017,0)1^ 3^ 3 1 + "
"(.1388892017,0)6^ 8^ 8 6 + "
"(-.0000005849,0)1^ 8^ 3 7 + "
"(.0000005849,0)8^ 1^ 3 7 + "
"(.0000005849,0)1^ 8^ 7 3 + "
"(-.0000005849,0)8^ 1^ 7 3 + "
"(.0000035582,0)1^ 3^ 3 2 + "
"(.0000035582,0)6^ 8^ 8 7 + "
"(-.0000000014,0)1^ 8^ 3 8 + "
"(.0000000014,0)8^ 1^ 3 8 + "
"(.0000000014,0)1^ 8^ 8 3 + "
"(-.0000000014,0)8^ 1^ 8 3 + "
"(.0000000010,0)1^ 8^ 3 9 + "
"(-.0000000010,0)8^ 1^ 3 9 + "
"(-.0000000010,0)1^ 8^ 9 3 + "
"(.0000000010,0)8^ 1^ 9 3 + "
"(-.0000000059,0)1^ 3^ 3 4 + "
"(-.0000000059,0)6^ 8^ 8 9 + "
"(-.0000000091,0)1^ 9^ 3 6 + "
"(.0000000091,0)9^ 1^ 3 6 + "
"(.0000000091,0)1^ 9^ 6 3 + "
"(-.0000000091,0)9^ 1^ 6 3 + "
"(-.0000000058,0)1^ 4^ 3 1 + "
"(-.0000000058,0)6^ 9^ 8 6 + "
"(.0000000010,0)1^ 9^ 3 8 + "
"(-.0000000010,0)9^ 1^ 3 8 + "
"(-.0000000010,0)1^ 9^ 8 3 + "
"(.0000000010,0)9^ 1^ 8 3 + "
"(-.0000000011,0)1^ 9^ 3 9 + "
"(.0000000011,0)9^ 1^ 3 9 + "
"(.0000000011,0)1^ 9^ 9 3 + "
"(-.0000000011,0)9^ 1^ 9 3 + "
"(-.0000000009,0)1^ 4^ 3 4 + "
"(-.0000000009,0)6^ 9^ 8 9 + "
"(.0000000701,0)1^ 4 + "
"(.0000000701,0)6^ 9 + "
"(.0000000087,0)1^ 5^ 4 5 + "
"(-.0000000087,0)5^ 1^ 4 5 + "
"(-.0000000087,0)1^ 5^ 5 4 + "
"(.0000000087,0)5^ 1^ 5 4 + "
"(.0000000051,0)1^ 0^ 4 0 + "
"(.0000000051,0)6^ 5^ 9 5 + "
"(.0000077883,0)1^ 5^ 4 6 + "
"(-.0000077883,0)5^ 1^ 4 6 + "
"(-.0000077883,0)1^ 5^ 6 4 + "
"(.0000077883,0)5^ 1^ 6 4 + "
"(-.0000557036,0)1^ 0^ 4 1 + "
"(-.0000557036,0)6^ 5^ 9 6 + "
"(.0000000044,0)1^ 5^ 4 7 + "
"(-.0000000044,0)5^ 1^ 4 7 + "
"(-.0000000044,0)1^ 5^ 7 4 + "
"(.0000000044,0)5^ 1^ 7 4 + "
"(-.0000000003,0)1^ 0^ 4 2 + "
"(-.0000000003,0)6^ 5^ 9 7 + "
"(.0000007578,0)1^ 5^ 4 9 + "
"(-.0000007578,0)5^ 1^ 4 9 + "
"(-.0000007578,0)1^ 5^ 9 4 + "
"(.0000007578,0)5^ 1^ 9 4 + "
"(.0000077883,0)1^ 6^ 4 5 + "
"(-.0000077883,0)6^ 1^ 4 5 + "
"(-.0000077883,0)1^ 6^ 5 4 + "
"(.0000077883,0)6^ 1^ 5 4 + "
"(.0000000086,0)1^ 6^ 4 6 + "
"(-.0000000086,0)6^ 1^ 4 6 + "
"(-.0000000086,0)1^ 6^ 6 4 + "
"(.0000000086,0)6^ 1^ 6 4 + "
"(-.0000006929,0)1^ 6^ 4 7 + "
"(.0000006929,0)6^ 1^ 4 7 + "
"(.0000006929,0)1^ 6^ 7 4 + "
"(-.0000006929,0)6^ 1^ 7 4 + "
"(-.0000000091,0)1^ 6^ 4 8 + "
"(.0000000091,0)6^ 1^ 4 8 + "
"(.0000000091,0)1^ 6^ 8 4 + "
"(-.0000000091,0)6^ 1^ 8 4 + "
"(-.0101422709,0)1^ 6^ 4 9 + "
"(.0101422709,0)6^ 1^ 4 9 + "
"(.0101422709,0)1^ 6^ 9 4 + "
"(-.0101422709,0)6^ 1^ 9 4 + "
"(.0000000044,0)1^ 7^ 4 5 + "
"(-.0000000044,0)7^ 1^ 4 5 + "
"(-.0000000044,0)1^ 7^ 5 4 + "
"(.0000000044,0)7^ 1^ 5 4 + "
"(-.0000000003,0)1^ 2^ 4 0 + "
"(-.0000000003,0)6^ 7^ 9 5 + "
"(-.0000006929,0)1^ 7^ 4 6 + "
"(.0000006929,0)7^ 1^ 4 6 + "
"(.0000006929,0)1^ 7^ 6 4 + "
"(-.0000006929,0)7^ 1^ 6 4 + "
"(.0000062488,0)1^ 2^ 4 1 + "
"(.0000062488,0)6^ 7^ 9 6 + "
"(.0000000077,0)1^ 7^ 4 7 + "
"(-.0000000077,0)7^ 1^ 4 7 + "
"(-.0000000077,0)1^ 7^ 7 4 + "
"(.0000000077,0)7^ 1^ 7 4 + "
"(.0000000056,0)1^ 2^ 4 2 + "
"(.0000000056,0)6^ 7^ 9 7 + "
"(-.0000005849,0)1^ 7^ 4 9 + "
"(.0000005849,0)7^ 1^ 4 9 + "
"(.0000005849,0)1^ 7^ 9 4 + "
"(-.0000005849,0)7^ 1^ 9 4 + "
"(-.0000000091,0)1^ 8^ 4 6 + "
"(.0000000091,0)8^ 1^ 4 6 + "
"(.0000000091,0)1^ 8^ 6 4 + "
"(-.0000000091,0)8^ 1^ 6 4 + "
"(-.0000000058,0)1^ 3^ 4 1 + "
"(-.0000000058,0)6^ 8^ 9 6 + "
"(.0000000069,0)1^ 8^ 4 8 + "
"(-.0000000069,0)8^ 1^ 4 8 + "
"(-.0000000069,0)1^ 8^ 8 4 + "
"(.0000000069,0)8^ 1^ 8 4 + "
"(.0000000059,0)1^ 3^ 4 3 + "
"(.0000000059,0)6^ 8^ 9 8 + "
"(.0000007578,0)1^ 9^ 4 5 + "
"(-.0000007578,0)9^ 1^ 4 5 + "
"(-.0000007578,0)1^ 9^ 5 4 + "
"(.0000007578,0)9^ 1^ 5 4 + "
"(-.0000055834,0)1^ 4^ 4 0 + "
"(-.0000055834,0)6^ 9^ 9 5 + "
"(-.0101422709,0)1^ 9^ 4 6 + "
"(.0101422709,0)9^ 1^ 4 6 + "
"(.0101422709,0)1^ 9^ 6 4 + "
"(-.0101422709,0)9^ 1^ 6 4 + "
"(.1388893278,0)1^ 4^ 4 1 + "
"(.1388893278,0)6^ 9^ 9 6 + "
"(-.0000005849,0)1^ 9^ 4 7 + "
"(.0000005849,0)9^ 1^ 4 7 + "
"(.0000005849,0)1^ 9^ 7 4 + "
"(-.0000005849,0)9^ 1^ 7 4 + "
"(.0000035582,0)1^ 4^ 4 2 + "
"(.0000035582,0)6^ 9^ 9 7 + "
"(.0000000009,0)1^ 4^ 4 3 + "
"(.0000000009,0)6^ 9^ 9 8 + "
"(.0000000088,0)1^ 9^ 4 9 + "
"(-.0000000088,0)9^ 1^ 4 9 + "
"(-.0000000088,0)1^ 9^ 9 4 + "
"(.0000000088,0)9^ 1^ 9 4 + "
"(-.1818201331,0)2^ 0 + "
"(-.1818201331,0)7^ 5 + "
"(-.0454550774,0)2^ 5^ 0 5 + "
"(.0454550774,0)5^ 2^ 0 5 + "
"(.0454550774,0)2^ 5^ 5 0 + "
"(-.0454550774,0)5^ 2^ 5 0 + "
"(-.0000020080,0)2^ 5^ 0 6 + "
"(.0000020080,0)5^ 2^ 0 6 + "
"(.0000020080,0)2^ 5^ 6 0 + "
"(-.0000020080,0)5^ 2^ 6 0 + "
"(.0000031169,0)2^ 0^ 0 1 + "
"(.0000031169,0)7^ 5^ 5 6 + "
"(-.0337499820,0)2^ 5^ 0 7 + "
"(.0337499820,0)5^ 2^ 0 7 + "
"(.0337499820,0)2^ 5^ 7 0 + "
"(-.0337499820,0)5^ 2^ 7 0 + "
"(.1168929165,0)2^ 0^ 0 2 + "
"(.1168929165,0)7^ 5^ 5 7 + "
"(-.0000037100,0)2^ 5^ 0 8 + "
"(.0000037100,0)5^ 2^ 0 8 + "
"(.0000037100,0)2^ 5^ 8 0 + "
"(-.0000037100,0)5^ 2^ 8 0 + "
"(-.0000065891,0)2^ 0^ 0 3 + "
"(-.0000065891,0)7^ 5^ 5 8 + "
"(.0000074651,0)2^ 5^ 0 9 + "
"(-.0000074651,0)5^ 2^ 0 9 + "
"(-.0000074651,0)2^ 5^ 9 0 + "
"(.0000074651,0)5^ 2^ 9 0 + "
"(.0000132512,0)2^ 0^ 0 4 + "
"(.0000132512,0)7^ 5^ 5 9 + "
"(-.0000020080,0)2^ 6^ 0 5 + "
"(.0000020080,0)6^ 2^ 0 5 + "
"(.0000020080,0)2^ 6^ 5 0 + "
"(-.0000020080,0)6^ 2^ 5 0 + "
"(-.0371791697,0)2^ 6^ 0 6 + "
"(.0371791697,0)6^ 2^ 0 6 + "
"(.0371791697,0)2^ 6^ 6 0 + "
"(-.0371791697,0)6^ 2^ 6 0 + "
"(-.0318920175,0)2^ 1^ 0 1 + "
"(-.0318920175,0)7^ 6^ 5 6 + "
"(-.0000018766,0)2^ 6^ 0 7 + "
"(.0000018766,0)6^ 2^ 0 7 + "
"(.0000018766,0)2^ 6^ 7 0 + "
"(-.0000018766,0)6^ 2^ 7 0 + "
"(-.0000054729,0)2^ 1^ 0 2 + "
"(-.0000054729,0)7^ 6^ 5 7 + "
"(-.0000000003,0)2^ 6^ 0 8 + "
"(.0000000003,0)6^ 2^ 0 8 + "
"(.0000000003,0)2^ 6^ 8 0 + "
"(-.0000000003,0)6^ 2^ 8 0 + "
"(.0000000003,0)2^ 1^ 0 3 + "
"(.0000000003,0)7^ 6^ 5 8 + "
"(.0000000044,0)2^ 6^ 0 9 + "
"(-.0000000044,0)6^ 2^ 0 9 + "
"(-.0000000044,0)2^ 6^ 9 0 + "
"(.0000000044,0)6^ 2^ 9 0 + "
"(-.0000000003,0)2^ 1^ 0 4 + "
"(-.0000000003,0)7^ 6^ 5 9 + "
"(-.0337499820,0)2^ 7^ 0 5 + "
"(.0337499820,0)7^ 2^ 0 5 + "
"(.0337499820,0)2^ 7^ 5 0 + "
"(-.0337499820,0)7^ 2^ 5 0 + "
"(-.0000018766,0)2^ 7^ 0 6 + "
"(.0000018766,0)7^ 2^ 0 6 + "
"(.0000018766,0)2^ 7^ 6 0 + "
"(-.0000018766,0)7^ 2^ 6 0 + "
"(-.0433027846,0)2^ 7^ 0 7 + "
"(.0433027846,0)7^ 2^ 0 7 + "
"(.0433027846,0)2^ 7^ 7 0 + "
"(-.0433027846,0)7^ 2^ 7 0 + "
"(-.0000066622,0)2^ 7^ 0 8 + "
"(.0000066622,0)7^ 2^ 0 8 + "
"(.0000066622,0)2^ 7^ 8 0 + "
"(-.0000066622,0)7^ 2^ 8 0 + "
"(.0000134071,0)2^ 7^ 0 9 + "
"(-.0000134071,0)7^ 2^ 0 9 + "
"(-.0000134071,0)2^ 7^ 9 0 + "
"(.0000134071,0)7^ 2^ 9 0 + "
"(-.0000037100,0)2^ 8^ 0 5 + "
"(.0000037100,0)8^ 2^ 0 5 + "
"(.0000037100,0)2^ 8^ 5 0 + "
"(-.0000037100,0)8^ 2^ 5 0 + "
"(-.0000000003,0)2^ 8^ 0 6 + "
"(.0000000003,0)8^ 2^ 0 6 + "
"(.0000000003,0)2^ 8^ 6 0 + "
"(-.0000000003,0)8^ 2^ 6 0 + "
"(.0000000008,0)2^ 3^ 0 1 + "
"(.0000000008,0)7^ 8^ 5 6 + "
"(-.0000066622,0)2^ 8^ 0 7 + "
"(.0000066622,0)8^ 2^ 0 7 + "
"(.0000066622,0)2^ 8^ 7 0 + "
"(-.0000066622,0)8^ 2^ 7 0 + "
"(.0000273356,0)2^ 3^ 0 2 + "
"(.0000273356,0)7^ 8^ 5 7 + "
"(-.0354371131,0)2^ 8^ 0 8 + "
"(.0354371131,0)8^ 2^ 0 8 + "
"(.0354371131,0)2^ 8^ 8 0 + "
"(-.0354371131,0)8^ 2^ 8 0 + "
"(-.0324376220,0)2^ 3^ 0 3 + "
"(-.0324376220,0)7^ 8^ 5 8 + "
"(.0000000131,0)2^ 8^ 0 9 + "
"(-.0000000131,0)8^ 2^ 0 9 + "
"(-.0000000131,0)2^ 8^ 9 0 + "
"(.0000000131,0)8^ 2^ 9 0 + "
"(-.0000000100,0)2^ 3^ 0 4 + "
"(-.0000000100,0)7^ 8^ 5 9 + "
"(.0000074651,0)2^ 9^ 0 5 + "
"(-.0000074651,0)9^ 2^ 0 5 + "
"(-.0000074651,0)2^ 9^ 5 0 + "
"(.0000074651,0)9^ 2^ 5 0 + "
"(.0000000044,0)2^ 9^ 0 6 + "
"(-.0000000044,0)9^ 2^ 0 6 + "
"(-.0000000044,0)2^ 9^ 6 0 + "
"(.0000000044,0)9^ 2^ 6 0 + "
"(-.0000000003,0)2^ 4^ 0 1 + "
"(-.0000000003,0)7^ 9^ 5 6 + "
"(.0000134071,0)2^ 9^ 0 7 + "
"(-.0000134071,0)9^ 2^ 0 7 + "
"(-.0000134071,0)2^ 9^ 7 0 + "
"(.0000134071,0)9^ 2^ 7 0 + "
"(-.0000549949,0)2^ 4^ 0 2 + "
"(-.0000549949,0)7^ 9^ 5 7 + "
"(.0000000131,0)2^ 9^ 0 8 + "
"(-.0000000131,0)9^ 2^ 0 8 + "
"(-.0000000131,0)2^ 9^ 8 0 + "
"(.0000000131,0)9^ 2^ 8 0 + "
"(.0000000234,0)2^ 4^ 0 3 + "
"(.0000000234,0)7^ 9^ 5 8 + "
"(-.0354371882,0)2^ 9^ 0 9 + "
"(.0354371882,0)9^ 2^ 0 9 + "
"(.0354371882,0)2^ 9^ 9 0 + "
"(-.0354371882,0)9^ 2^ 9 0 + "
"(-.0324376431,0)2^ 4^ 0 4 + "
"(-.0324376431,0)7^ 9^ 5 9 + "
"(-.0000349053,0)2^ 1 + "
"(-.0000349053,0)7^ 6 + "
"(-.0000051249,0)2^ 5^ 1 5 + "
"(.0000051249,0)5^ 2^ 1 5 + "
"(.0000051249,0)2^ 5^ 5 1 + "
"(-.0000051249,0)5^ 2^ 5 1 + "
"(-.0000031169,0)2^ 0^ 1 0 + "
"(-.0000031169,0)7^ 5^ 6 5 + "
"(-.0052871522,0)2^ 5^ 1 6 + "
"(.0052871522,0)5^ 2^ 1 6 + "
"(.0052871522,0)2^ 5^ 6 1 + "
"(-.0052871522,0)5^ 2^ 6 1 + "
"(-.0000018766,0)2^ 5^ 1 7 + "
"(.0000018766,0)5^ 2^ 1 7 + "
"(.0000018766,0)2^ 5^ 7 1 + "
"(-.0000018766,0)5^ 2^ 7 1 + "
"(-.0000054729,0)2^ 0^ 1 2 + "
"(-.0000054729,0)7^ 5^ 6 7 + "
"(-.0000000010,0)2^ 5^ 1 8 + "
"(.0000000010,0)5^ 2^ 1 8 + "
"(.0000000010,0)2^ 5^ 8 1 + "
"(-.0000000010,0)5^ 2^ 8 1 + "
"(-.0000000004,0)2^ 0^ 1 3 + "
"(-.0000000004,0)7^ 5^ 6 8 + "
"(.0000000047,0)2^ 5^ 1 9 + "
"(-.0000000047,0)5^ 2^ 1 9 + "
"(-.0000000047,0)2^ 5^ 9 1 + "
"(.0000000047,0)5^ 2^ 9 1 + "
"(-.0052871522,0)2^ 6^ 1 5 + "
"(.0052871522,0)6^ 2^ 1 5 + "
"(.0052871522,0)2^ 6^ 5 1 + "
"(-.0052871522,0)6^ 2^ 5 1 + "
"(.0318920175,0)2^ 1^ 1 0 + "
"(.0318920175,0)7^ 6^ 6 5 + "
"(-.0000051040,0)2^ 6^ 1 6 + "
"(.0000051040,0)6^ 2^ 1 6 + "
"(.0000051040,0)2^ 6^ 6 1 + "
"(-.0000051040,0)6^ 2^ 6 1 + "
"(-.0094693307,0)2^ 6^ 1 7 + "
"(.0094693307,0)6^ 2^ 1 7 + "
"(.0094693307,0)2^ 6^ 7 1 + "
"(-.0094693307,0)6^ 2^ 7 1 + "
"(.1325188025,0)2^ 1^ 1 2 + "
"(.1325188025,0)7^ 6^ 6 7 + "
"(.0000003445,0)2^ 6^ 1 8 + "
"(-.0000003445,0)6^ 2^ 1 8 + "
"(-.0000003445,0)2^ 6^ 8 1 + "
"(.0000003445,0)6^ 2^ 8 1 + "
"(-.0000031087,0)2^ 1^ 1 3 + "
"(-.0000031087,0)7^ 6^ 6 8 + "
"(-.0000006929,0)2^ 6^ 1 9 + "
"(.0000006929,0)6^ 2^ 1 9 + "
"(.0000006929,0)2^ 6^ 9 1 + "
"(-.0000006929,0)6^ 2^ 9 1 + "
"(.0000062488,0)2^ 1^ 1 4 + "
"(.0000062488,0)7^ 6^ 6 9 + "
"(-.0000018766,0)2^ 7^ 1 5 + "
"(.0000018766,0)7^ 2^ 1 5 + "
"(.0000018766,0)2^ 7^ 5 1 + "
"(-.0000018766,0)7^ 2^ 5 1 + "
"(-.0094693307,0)2^ 7^ 1 6 + "
"(.0094693307,0)7^ 2^ 1 6 + "
"(.0094693307,0)2^ 7^ 6 1 + "
"(-.0094693307,0)7^ 2^ 6 1 + "
"(-.0000056911,0)2^ 7^ 1 7 + "
"(.0000056911,0)7^ 2^ 1 7 + "
"(.0000056911,0)2^ 7^ 7 1 + "
"(-.0000056911,0)7^ 2^ 7 1 + "
"(-.0000000006,0)2^ 7^ 1 8 + "
"(.0000000006,0)7^ 2^ 1 8 + "
"(.0000000006,0)2^ 7^ 8 1 + "
"(-.0000000006,0)7^ 2^ 8 1 + "
"(.0000000021,0)2^ 7^ 1 9 + "
"(-.0000000021,0)7^ 2^ 1 9 + "
"(-.0000000021,0)2^ 7^ 9 1 + "
"(.0000000021,0)7^ 2^ 9 1 + "
"(-.0000000010,0)2^ 8^ 1 5 + "
"(.0000000010,0)8^ 2^ 1 5 + "
"(.0000000010,0)2^ 8^ 5 1 + "
"(-.0000000010,0)8^ 2^ 5 1 + "
"(-.0000000008,0)2^ 3^ 1 0 + "
"(-.0000000008,0)7^ 8^ 6 5 + "
"(.0000003445,0)2^ 8^ 1 6 + "
"(-.0000003445,0)8^ 2^ 1 6 + "
"(-.0000003445,0)2^ 8^ 6 1 + "
"(.0000003445,0)8^ 2^ 6 1 + "
"(-.0000000006,0)2^ 8^ 1 7 + "
"(.0000000006,0)8^ 2^ 1 7 + "
"(.0000000006,0)2^ 8^ 7 1 + "
"(-.0000000006,0)8^ 2^ 7 1 + "
"(.0000000006,0)2^ 3^ 1 2 + "
"(.0000000006,0)7^ 8^ 6 7 + "
"(-.0000041432,0)2^ 8^ 1 8 + "
"(.0000041432,0)8^ 2^ 1 8 + "
"(.0000041432,0)2^ 8^ 8 1 + "
"(-.0000041432,0)8^ 2^ 8 1 + "
"(-.0000035582,0)2^ 3^ 1 3 + "
"(-.0000035582,0)7^ 8^ 6 8 + "
"(.0000000047,0)2^ 9^ 1 5 + "
"(-.0000000047,0)9^ 2^ 1 5 + "
"(-.0000000047,0)2^ 9^ 5 1 + "
"(.0000000047,0)9^ 2^ 5 1 + "
"(.0000000003,0)2^ 4^ 1 0 + "
"(.0000000003,0)7^ 9^ 6 5 + "
"(-.0000006929,0)2^ 9^ 1 6 + "
"(.0000006929,0)9^ 2^ 1 6 + "
"(.0000006929,0)2^ 9^ 6 1 + "
"(-.0000006929,0)9^ 2^ 6 1 + "
"(.0000000021,0)2^ 9^ 1 7 + "
"(-.0000000021,0)9^ 2^ 1 7 + "
"(-.0000000021,0)2^ 9^ 7 1 + "
"(.0000000021,0)9^ 2^ 7 1 + "
"(-.0000000056,0)2^ 4^ 1 2 + "
"(-.0000000056,0)7^ 9^ 6 7 + "
"(-.0000041432,0)2^ 9^ 1 9 + "
"(.0000041432,0)9^ 2^ 1 9 + "
"(.0000041432,0)2^ 9^ 9 1 + "
"(-.0000041432,0)9^ 2^ 9 1 + "
"(-.0000035582,0)2^ 4^ 1 4 + "
"(-.0000035582,0)7^ 9^ 6 9 + "
"(-.1083206508,0)2^ 2 + "
"(-.1083206508,0)7^ 7 + "
"(-.1506428985,0)2^ 5^ 2 5 + "
"(.1506428985,0)5^ 2^ 2 5 + "
"(.1506428985,0)2^ 5^ 5 2 + "
"(-.1506428985,0)5^ 2^ 5 2 + "
"(-.1168929165,0)2^ 0^ 2 0 + "
"(-.1168929165,0)7^ 5^ 7 5 + "
"(.0000035964,0)2^ 5^ 2 6 + "
"(-.0000035964,0)5^ 2^ 2 6 + "
"(-.0000035964,0)2^ 5^ 6 2 + "
"(.0000035964,0)5^ 2^ 6 2 + "
"(.0000054729,0)2^ 0^ 2 1 + "
"(.0000054729,0)7^ 5^ 7 6 + "
"(-.0433027846,0)2^ 5^ 2 7 + "
"(.0433027846,0)5^ 2^ 2 7 + "
"(.0433027846,0)2^ 5^ 7 2 + "
"(-.0433027846,0)5^ 2^ 7 2 + "
"(-.0000339978,0)2^ 5^ 2 8 + "
"(.0000339978,0)5^ 2^ 2 8 + "
"(.0000339978,0)2^ 5^ 8 2 + "
"(-.0000339978,0)5^ 2^ 8 2 + "
"(-.0000273356,0)2^ 0^ 2 3 + "
"(-.0000273356,0)7^ 5^ 7 8 + "
"(.0000684019,0)2^ 5^ 2 9 + "
"(-.0000684019,0)5^ 2^ 2 9 + "
"(-.0000684019,0)2^ 5^ 9 2 + "
"(.0000684019,0)5^ 2^ 9 2 + "
"(.0000549949,0)2^ 0^ 2 4 + "
"(.0000549949,0)7^ 5^ 7 9 + "
"(.0000035964,0)2^ 6^ 2 5 + "
"(-.0000035964,0)6^ 2^ 2 5 + "
"(-.0000035964,0)2^ 6^ 5 2 + "
"(.0000035964,0)6^ 2^ 5 2 + "
"(.0000054729,0)2^ 1^ 2 0 + "
"(.0000054729,0)7^ 6^ 7 5 + "
"(-.1419881332,0)2^ 6^ 2 6 + "
"(.1419881332,0)6^ 2^ 2 6 + "
"(.1419881332,0)2^ 6^ 6 2 + "
"(-.1419881332,0)6^ 2^ 6 2 + "
"(-.1325188025,0)2^ 1^ 2 1 + "
"(-.1325188025,0)7^ 6^ 7 6 + "
"(-.0000056911,0)2^ 6^ 2 7 + "
"(.0000056911,0)6^ 2^ 2 7 + "
"(.0000056911,0)2^ 6^ 7 2 + "
"(-.0000056911,0)6^ 2^ 7 2 + "
"(-.0000000012,0)2^ 6^ 2 8 + "
"(.0000000012,0)6^ 2^ 2 8 + "
"(.0000000012,0)2^ 6^ 8 2 + "
"(-.0000000012,0)6^ 2^ 8 2 + "
"(-.0000000006,0)2^ 1^ 2 3 + "
"(-.0000000006,0)7^ 6^ 7 8 + "
"(.0000000077,0)2^ 6^ 2 9 + "
"(-.0000000077,0)6^ 2^ 2 9 + "
"(-.0000000077,0)2^ 6^ 9 2 + "
"(.0000000077,0)6^ 2^ 9 2 + "
"(.0000000056,0)2^ 1^ 2 4 + "
"(.0000000056,0)7^ 6^ 7 9 + "
"(-.0433027846,0)2^ 7^ 2 5 + "
"(.0433027846,0)7^ 2^ 2 5 + "
"(.0433027846,0)2^ 7^ 5 2 + "
"(-.0433027846,0)7^ 2^ 5 2 + "
"(-.0000056911,0)2^ 7^ 2 6 + "
"(.0000056911,0)7^ 2^ 2 6 + "
"(.0000056911,0)2^ 7^ 6 2 + "
"(-.0000056911,0)7^ 2^ 6 2 + "
"(-.1432005720,0)2^ 7^ 2 7 + "
"(.1432005720,0)7^ 2^ 2 7 + "
"(.1432005720,0)2^ 7^ 7 2 + "
"(-.1432005720,0)7^ 2^ 7 2 + "
"(.0000056957,0)2^ 7^ 2 8 + "
"(-.0000056957,0)7^ 2^ 2 8 + "
"(-.0000056957,0)2^ 7^ 8 2 + "
"(.0000056957,0)7^ 2^ 8 2 + "
"(-.0000114535,0)2^ 7^ 2 9 + "
"(.0000114535,0)7^ 2^ 2 9 + "
"(.0000114535,0)2^ 7^ 9 2 + "
"(-.0000114535,0)7^ 2^ 9 2 + "
"(-.0000339978,0)2^ 8^ 2 5 + "
"(.0000339978,0)8^ 2^ 2 5 + "
"(.0000339978,0)2^ 8^ 5 2 + "
"(-.0000339978,0)8^ 2^ 5 2 + "
"(-.0000273356,0)2^ 3^ 2 0 + "
"(-.0000273356,0)7^ 8^ 7 5 + "
"(-.0000000012,0)2^ 8^ 2 6 + "
"(.0000000012,0)8^ 2^ 2 6 + "
"(.0000000012,0)2^ 8^ 6 2 + "
"(-.0000000012,0)8^ 2^ 6 2 + "
"(-.0000000006,0)2^ 3^ 2 1 + "
"(-.0000000006,0)7^ 8^ 7 6 + "
"(.0000056957,0)2^ 8^ 2 7 + "
"(-.0000056957,0)8^ 2^ 2 7 + "
"(-.0000056957,0)2^ 8^ 7 2 + "
"(.0000056957,0)8^ 2^ 7 2 + "
"(-.1387111948,0)2^ 8^ 2 8 + "
"(.1387111948,0)8^ 2^ 2 8 + "
"(.1387111948,0)2^ 8^ 8 2 + "
"(-.1387111948,0)8^ 2^ 8 2 + "
"(-.1311573569,0)2^ 3^ 2 3 + "
"(-.1311573569,0)7^ 8^ 7 8 + "
"(.0000000035,0)2^ 8^ 2 9 + "
"(-.0000000035,0)8^ 2^ 2 9 + "
"(-.0000000035,0)2^ 8^ 9 2 + "
"(.0000000035,0)8^ 2^ 9 2 + "
"(.0000000059,0)2^ 3^ 2 4 + "
"(.0000000059,0)7^ 8^ 7 9 + "
"(.0000684019,0)2^ 9^ 2 5 + "
"(-.0000684019,0)9^ 2^ 2 5 + "
"(-.0000684019,0)2^ 9^ 5 2 + "
"(.0000684019,0)9^ 2^ 5 2 + "
"(.0000549949,0)2^ 4^ 2 0 + "
"(.0000549949,0)7^ 9^ 7 5 + "
"(.0000000077,0)2^ 9^ 2 6 + "
"(-.0000000077,0)9^ 2^ 2 6 + "
"(-.0000000077,0)2^ 9^ 6 2 + "
"(.0000000077,0)9^ 2^ 6 2 + "
"(.0000000056,0)2^ 4^ 2 1 + "
"(.0000000056,0)7^ 9^ 7 6 + "
"(-.0000114535,0)2^ 9^ 2 7 + "
"(.0000114535,0)9^ 2^ 2 7 + "
"(.0000114535,0)2^ 9^ 7 2 + "
"(-.0000114535,0)9^ 2^ 7 2 + "
"(.0000000035,0)2^ 9^ 2 8 + "
"(-.0000000035,0)9^ 2^ 2 8 + "
"(-.0000000035,0)2^ 9^ 8 2 + "
"(.0000000035,0)9^ 2^ 8 2 + "
"(.0000000059,0)2^ 4^ 2 3 + "
"(.0000000059,0)7^ 9^ 7 8 + "
"(-.1387113039,0)2^ 9^ 2 9 + "
"(.1387113039,0)9^ 2^ 2 9 + "
"(.1387113039,0)2^ 9^ 9 2 + "
"(-.1387113039,0)9^ 2^ 9 2 + "
"(-.1311574945,0)2^ 4^ 2 4 + "
"(-.1311574945,0)7^ 9^ 7 9 + "
"(.0000478180,0)2^ 3 + "
"(.0000478180,0)7^ 8 + "
"(.0000028792,0)2^ 5^ 3 5 + "
"(-.0000028792,0)5^ 2^ 3 5 + "
"(-.0000028792,0)2^ 5^ 5 3 + "
"(.0000028792,0)5^ 2^ 5 3 + "
"(.0000065891,0)2^ 0^ 3 0 + "
"(.0000065891,0)7^ 5^ 8 5 + "
"(-.0000000006,0)2^ 5^ 3 6 + "
"(.0000000006,0)5^ 2^ 3 6 + "
"(.0000000006,0)2^ 5^ 6 3 + "
"(-.0000000006,0)5^ 2^ 6 3 + "
"(.0000000004,0)2^ 0^ 3 1 + "
"(.0000000004,0)7^ 5^ 8 6 + "
"(-.0000066622,0)2^ 5^ 3 7 + "
"(.0000066622,0)5^ 2^ 3 7 + "
"(.0000066622,0)2^ 5^ 7 3 + "
"(-.0000066622,0)5^ 2^ 7 3 + "
"(.0000273356,0)2^ 0^ 3 2 + "
"(.0000273356,0)7^ 5^ 8 7 + "
"(-.0029994911,0)2^ 5^ 3 8 + "
"(.0029994911,0)5^ 2^ 3 8 + "
"(.0029994911,0)2^ 5^ 8 3 + "
"(-.0029994911,0)5^ 2^ 8 3 + "
"(-.0000000103,0)2^ 5^ 3 9 + "
"(.0000000103,0)5^ 2^ 3 9 + "
"(.0000000103,0)2^ 5^ 9 3 + "
"(-.0000000103,0)5^ 2^ 9 3 + "
"(-.0000000334,0)2^ 0^ 3 4 + "
"(-.0000000334,0)7^ 5^ 8 9 + "
"(-.0000000006,0)2^ 6^ 3 5 + "
"(.0000000006,0)6^ 2^ 3 5 + "
"(.0000000006,0)2^ 6^ 5 3 + "
"(-.0000000006,0)6^ 2^ 5 3 + "
"(-.0000000003,0)2^ 1^ 3 0 + "
"(-.0000000003,0)7^ 6^ 8 5 + "
"(.0000034532,0)2^ 6^ 3 6 + "
"(-.0000034532,0)6^ 2^ 3 6 + "
"(-.0000034532,0)2^ 6^ 6 3 + "
"(.0000034532,0)6^ 2^ 6 3 + "
"(.0000031087,0)2^ 1^ 3 1 + "
"(.0000031087,0)7^ 6^ 8 6 + "
"(-.0000000006,0)2^ 6^ 3 7 + "
"(.0000000006,0)6^ 2^ 3 7 + "
"(.0000000006,0)2^ 6^ 7 3 + "
"(-.0000000006,0)6^ 2^ 7 3 + "
"(.0000000006,0)2^ 1^ 3 2 + "
"(.0000000006,0)7^ 6^ 8 7 + "
"(-.0000005849,0)2^ 6^ 3 8 + "
"(.0000005849,0)6^ 2^ 3 8 + "
"(.0000005849,0)2^ 6^ 8 3 + "
"(-.0000005849,0)6^ 2^ 8 3 + "
"(-.0000066622,0)2^ 7^ 3 5 + "
"(.0000066622,0)7^ 2^ 3 5 + "
"(.0000066622,0)2^ 7^ 5 3 + "
"(-.0000066622,0)7^ 2^ 5 3 + "
"(-.0000000006,0)2^ 7^ 3 6 + "
"(.0000000006,0)7^ 2^ 3 6 + "
"(.0000000006,0)2^ 7^ 6 3 + "
"(-.0000000006,0)7^ 2^ 6 3 + "
"(.0000056957,0)2^ 7^ 3 7 + "
"(-.0000056957,0)7^ 2^ 3 7 + "
"(-.0000056957,0)2^ 7^ 7 3 + "
"(.0000056957,0)7^ 2^ 7 3 + "
"(-.0075538379,0)2^ 7^ 3 8 + "
"(.0075538379,0)7^ 2^ 3 8 + "
"(.0075538379,0)2^ 7^ 8 3 + "
"(-.0075538379,0)7^ 2^ 8 3 + "
"(-.0000000024,0)2^ 7^ 3 9 + "
"(.0000000024,0)7^ 2^ 3 9 + "
"(.0000000024,0)2^ 7^ 9 3 + "
"(-.0000000024,0)7^ 2^ 9 3 + "
"(-.0029994911,0)2^ 8^ 3 5 + "
"(.0029994911,0)8^ 2^ 3 5 + "
"(.0029994911,0)2^ 8^ 5 3 + "
"(-.0029994911,0)8^ 2^ 5 3 + "
"(.0324376220,0)2^ 3^ 3 0 + "
"(.0324376220,0)7^ 8^ 8 5 + "
"(-.0000005849,0)2^ 8^ 3 6 + "
"(.0000005849,0)8^ 2^ 3 6 + "
"(.0000005849,0)2^ 8^ 6 3 + "
"(-.0000005849,0)8^ 2^ 6 3 + "
"(.0000035582,0)2^ 3^ 3 1 + "
"(.0000035582,0)7^ 8^ 8 6 + "
"(-.0075538379,0)2^ 8^ 3 7 + "
"(.0075538379,0)8^ 2^ 3 7 + "
"(.0075538379,0)2^ 8^ 7 3 + "
"(-.0075538379,0)8^ 2^ 7 3 + "
"(.1311573569,0)2^ 3^ 3 2 + "
"(.1311573569,0)7^ 8^ 8 7 + "
"(.0000062865,0)2^ 8^ 3 8 + "
"(-.0000062865,0)8^ 2^ 3 8 + "
"(-.0000062865,0)2^ 8^ 8 3 + "
"(.0000062865,0)8^ 2^ 8 3 + "
"(-.0000020618,0)2^ 8^ 3 9 + "
"(.0000020618,0)8^ 2^ 3 9 + "
"(.0000020618,0)2^ 8^ 9 3 + "
"(-.0000020618,0)8^ 2^ 9 3 + "
"(.0000068139,0)2^ 3^ 3 4 + "
"(.0000068139,0)7^ 8^ 8 9 + "
"(-.0000000103,0)2^ 9^ 3 5 + "
"(.0000000103,0)9^ 2^ 3 5 + "
"(.0000000103,0)2^ 9^ 5 3 + "
"(-.0000000103,0)9^ 2^ 5 3 + "
"(-.0000000234,0)2^ 4^ 3 0 + "
"(-.0000000234,0)7^ 9^ 8 5 + "
"(-.0000000024,0)2^ 9^ 3 7 + "
"(.0000000024,0)9^ 2^ 3 7 + "
"(.0000000024,0)2^ 9^ 7 3 + "
"(-.0000000024,0)9^ 2^ 7 3 + "
"(-.0000000059,0)2^ 4^ 3 2 + "
"(-.0000000059,0)7^ 9^ 8 7 + "
"(-.0000020618,0)2^ 9^ 3 8 + "
"(.0000020618,0)9^ 2^ 3 8 + "
"(.0000020618,0)2^ 9^ 8 3 + "
"(-.0000020618,0)9^ 2^ 8 3 + "
"(.0000044194,0)2^ 9^ 3 9 + "
"(-.0000044194,0)9^ 2^ 3 9 + "
"(-.0000044194,0)2^ 9^ 9 3 + "
"(.0000044194,0)9^ 2^ 9 3 + "
"(.0000033894,0)2^ 4^ 3 4 + "
"(.0000033894,0)7^ 9^ 8 9 + "
"(-.0000963273,0)2^ 4 + "
"(-.0000963273,0)7^ 9 + "
"(-.0000057861,0)2^ 5^ 4 5 + "
"(.0000057861,0)5^ 2^ 4 5 + "
"(.0000057861,0)2^ 5^ 5 4 + "
"(-.0000057861,0)5^ 2^ 5 4 + "
"(-.0000132512,0)2^ 0^ 4 0 + "
"(-.0000132512,0)7^ 5^ 9 5 + "
"(.0000000047,0)2^ 5^ 4 6 + "
"(-.0000000047,0)5^ 2^ 4 6 + "
"(-.0000000047,0)2^ 5^ 6 4 + "
"(.0000000047,0)5^ 2^ 6 4 + "
"(.0000134071,0)2^ 5^ 4 7 + "
"(-.0000134071,0)5^ 2^ 4 7 + "
"(-.0000134071,0)2^ 5^ 7 4 + "
"(.0000134071,0)5^ 2^ 7 4 + "
"(-.0000549949,0)2^ 0^ 4 2 + "
"(-.0000549949,0)7^ 5^ 9 7 + "
"(.0000000231,0)2^ 5^ 4 8 + "
"(-.0000000231,0)5^ 2^ 4 8 + "
"(-.0000000231,0)2^ 5^ 8 4 + "
"(.0000000231,0)5^ 2^ 8 4 + "
"(.0000000334,0)2^ 0^ 4 3 + "
"(.0000000334,0)7^ 5^ 9 8 + "
"(-.0029995451,0)2^ 5^ 4 9 + "
"(.0029995451,0)5^ 2^ 4 9 + "
"(.0029995451,0)2^ 5^ 9 4 + "
"(-.0029995451,0)5^ 2^ 9 4 + "
"(.0000000047,0)2^ 6^ 4 5 + "
"(-.0000000047,0)6^ 2^ 4 5 + "
"(-.0000000047,0)2^ 6^ 5 4 + "
"(.0000000047,0)6^ 2^ 5 4 + "
"(.0000000003,0)2^ 1^ 4 0 + "
"(.0000000003,0)7^ 6^ 9 5 + "
"(-.0000069418,0)2^ 6^ 4 6 + "
"(.0000069418,0)6^ 2^ 4 6 + "
"(.0000069418,0)2^ 6^ 6 4 + "
"(-.0000069418,0)6^ 2^ 6 4 + "
"(-.0000062488,0)2^ 1^ 4 1 + "
"(-.0000062488,0)7^ 6^ 9 6 + "
"(.0000000021,0)2^ 6^ 4 7 + "
"(-.0000000021,0)6^ 2^ 4 7 + "
"(-.0000000021,0)2^ 6^ 7 4 + "
"(.0000000021,0)6^ 2^ 7 4 + "
"(-.0000000056,0)2^ 1^ 4 2 + "
"(-.0000000056,0)7^ 6^ 9 7 + "
"(-.0000005849,0)2^ 6^ 4 9 + "
"(.0000005849,0)6^ 2^ 4 9 + "
"(.0000005849,0)2^ 6^ 9 4 + "
"(-.0000005849,0)6^ 2^ 9 4 + "
"(.0000134071,0)2^ 7^ 4 5 + "
"(-.0000134071,0)7^ 2^ 4 5 + "
"(-.0000134071,0)2^ 7^ 5 4 + "
"(.0000134071,0)7^ 2^ 5 4 + "
"(.0000000021,0)2^ 7^ 4 6 + "
"(-.0000000021,0)7^ 2^ 4 6 + "
"(-.0000000021,0)2^ 7^ 6 4 + "
"(.0000000021,0)7^ 2^ 6 4 + "
"(-.0000114535,0)2^ 7^ 4 7 + "
"(.0000114535,0)7^ 2^ 4 7 + "
"(.0000114535,0)2^ 7^ 7 4 + "
"(-.0000114535,0)7^ 2^ 7 4 + "
"(-.0000000024,0)2^ 7^ 4 8 + "
"(.0000000024,0)7^ 2^ 4 8 + "
"(.0000000024,0)2^ 7^ 8 4 + "
"(-.0000000024,0)7^ 2^ 8 4 + "
"(-.0075538094,0)2^ 7^ 4 9 + "
"(.0075538094,0)7^ 2^ 4 9 + "
"(.0075538094,0)2^ 7^ 9 4 + "
"(-.0075538094,0)7^ 2^ 9 4 + "
"(.0000000231,0)2^ 8^ 4 5 + "
"(-.0000000231,0)8^ 2^ 4 5 + "
"(-.0000000231,0)2^ 8^ 5 4 + "
"(.0000000231,0)8^ 2^ 5 4 + "
"(.0000000100,0)2^ 3^ 4 0 + "
"(.0000000100,0)7^ 8^ 9 5 + "
"(-.0000000024,0)2^ 8^ 4 7 + "
"(.0000000024,0)8^ 2^ 4 7 + "
"(.0000000024,0)2^ 8^ 7 4 + "
"(-.0000000024,0)8^ 2^ 7 4 + "
"(-.0000000059,0)2^ 3^ 4 2 + "
"(-.0000000059,0)7^ 8^ 9 7 + "
"(-.0000088757,0)2^ 8^ 4 8 + "
"(.0000088757,0)8^ 2^ 4 8 + "
"(.0000088757,0)2^ 8^ 8 4 + "
"(-.0000088757,0)8^ 2^ 8 4 + "
"(-.0000068139,0)2^ 3^ 4 3 + "
"(-.0000068139,0)7^ 8^ 9 8 + "
"(.0000010300,0)2^ 8^ 4 9 + "
"(-.0000010300,0)8^ 2^ 4 9 + "
"(-.0000010300,0)2^ 8^ 9 4 + "
"(.0000010300,0)8^ 2^ 9 4 + "
"(-.0029995451,0)2^ 9^ 4 5 + "
"(.0029995451,0)9^ 2^ 4 5 + "
"(.0029995451,0)2^ 9^ 5 4 + "
"(-.0029995451,0)9^ 2^ 5 4 + "
"(.0324376431,0)2^ 4^ 4 0 + "
"(.0324376431,0)7^ 9^ 9 5 + "
"(-.0000005849,0)2^ 9^ 4 6 + "
"(.0000005849,0)9^ 2^ 4 6 + "
"(.0000005849,0)2^ 9^ 6 4 + "
"(-.0000005849,0)9^ 2^ 6 4 + "
"(.0000035582,0)2^ 4^ 4 1 + "
"(.0000035582,0)7^ 9^ 9 6 + "
"(-.0075538094,0)2^ 9^ 4 7 + "
"(.0075538094,0)9^ 2^ 4 7 + "
"(.0075538094,0)2^ 9^ 7 4 + "
"(-.0075538094,0)9^ 2^ 7 4 + "
"(.1311574945,0)2^ 4^ 4 2 + "
"(.1311574945,0)7^ 9^ 9 7 + "
"(.0000010300,0)2^ 9^ 4 8 + "
"(-.0000010300,0)9^ 2^ 4 8 + "
"(-.0000010300,0)2^ 9^ 8 4 + "
"(.0000010300,0)9^ 2^ 8 4 + "
"(-.0000033894,0)2^ 4^ 4 3 + "
"(-.0000033894,0)7^ 9^ 9 8 + "
"(-.0000126510,0)2^ 9^ 4 9 + "
"(.0000126510,0)9^ 2^ 4 9 + "
"(.0000126510,0)2^ 9^ 9 4 + "
"(-.0000126510,0)9^ 2^ 9 4 + "
"(-.0001559967,0)3^ 0 + "
"(-.0001559967,0)8^ 5 + "
"(-.0000389993,0)3^ 5^ 0 5 + "
"(.0000389993,0)5^ 3^ 0 5 + "
"(.0000389993,0)3^ 5^ 5 0 + "
"(-.0000389993,0)5^ 3^ 5 0 + "
"(.0000000005,0)3^ 5^ 0 6 + "
"(-.0000000005,0)5^ 3^ 0 6 + "
"(-.0000000005,0)3^ 5^ 6 0 + "
"(.0000000005,0)5^ 3^ 6 0 + "
"(.0000000014,0)3^ 0^ 0 1 + "
"(.0000000014,0)8^ 5^ 5 6 + "
"(-.0000037100,0)3^ 5^ 0 7 + "
"(.0000037100,0)5^ 3^ 0 7 + "
"(.0000037100,0)3^ 5^ 7 0 + "
"(-.0000037100,0)5^ 3^ 7 0 + "
"(-.0000065891,0)3^ 0^ 0 2 + "
"(-.0000065891,0)8^ 5^ 5 7 + "
"(-.0303892133,0)3^ 5^ 0 8 + "
"(.0303892133,0)5^ 3^ 0 8 + "
"(.0303892133,0)3^ 5^ 8 0 + "
"(-.0303892133,0)5^ 3^ 8 0 + "
"(.1271652393,0)3^ 0^ 0 3 + "
"(.1271652393,0)8^ 5^ 5 8 + "
"(.0000000167,0)3^ 5^ 0 9 + "
"(-.0000000167,0)5^ 3^ 0 9 + "
"(-.0000000167,0)3^ 5^ 9 0 + "
"(.0000000167,0)5^ 3^ 9 0 + "
"(.0000000070,0)3^ 0^ 0 4 + "
"(.0000000070,0)8^ 5^ 5 9 + "
"(.0000000005,0)3^ 6^ 0 5 + "
"(-.0000000005,0)6^ 3^ 0 5 + "
"(-.0000000005,0)3^ 6^ 5 0 + "
"(.0000000005,0)6^ 3^ 5 0 + "
"(-.0000315603,0)3^ 6^ 0 6 + "
"(.0000315603,0)6^ 3^ 0 6 + "
"(.0000315603,0)3^ 6^ 6 0 + "
"(-.0000315603,0)6^ 3^ 6 0 + "
"(-.0000276864,0)3^ 1^ 0 1 + "
"(-.0000276864,0)8^ 6^ 5 6 + "
"(-.0000000010,0)3^ 6^ 0 7 + "
"(.0000000010,0)6^ 3^ 0 7 + "
"(.0000000010,0)3^ 6^ 7 0 + "
"(-.0000000010,0)6^ 3^ 7 0 + "
"(-.0000000004,0)3^ 1^ 0 2 + "
"(-.0000000004,0)8^ 6^ 5 7 + "
"(.0000007579,0)3^ 6^ 0 8 + "
"(-.0000007579,0)6^ 3^ 0 8 + "
"(-.0000007579,0)3^ 6^ 8 0 + "
"(.0000007579,0)6^ 3^ 8 0 + "
"(-.0000055833,0)3^ 1^ 0 3 + "
"(-.0000055833,0)8^ 6^ 5 8 + "
"(-.0000037100,0)3^ 7^ 0 5 + "
"(.0000037100,0)7^ 3^ 0 5 + "
"(.0000037100,0)3^ 7^ 5 0 + "
"(-.0000037100,0)7^ 3^ 5 0 + "
"(-.0000000010,0)3^ 7^ 0 6 + "
"(.0000000010,0)7^ 3^ 0 6 + "
"(.0000000010,0)3^ 7^ 6 0 + "
"(-.0000000010,0)7^ 3^ 6 0 + "
"(-.0000000008,0)3^ 2^ 0 1 + "
"(-.0000000008,0)8^ 7^ 5 6 + "
"(-.0000339978,0)3^ 7^ 0 7 + "
"(.0000339978,0)7^ 3^ 0 7 + "
"(.0000339978,0)3^ 7^ 7 0 + "
"(-.0000339978,0)7^ 3^ 7 0 + "
"(-.0000273356,0)3^ 2^ 0 2 + "
"(-.0000273356,0)8^ 7^ 5 7 + "
"(-.0029994911,0)3^ 7^ 0 8 + "
"(.0029994911,0)7^ 3^ 0 8 + "
"(.0029994911,0)3^ 7^ 8 0 + "
"(-.0029994911,0)7^ 3^ 8 0 + "
"(.0324376220,0)3^ 2^ 0 3 + "
"(.0324376220,0)8^ 7^ 5 8 + "
"(.0000000231,0)3^ 7^ 0 9 + "
"(-.0000000231,0)7^ 3^ 0 9 + "
"(-.0000000231,0)3^ 7^ 9 0 + "
"(.0000000231,0)7^ 3^ 9 0 + "
"(.0000000100,0)3^ 2^ 0 4 + "
"(.0000000100,0)8^ 7^ 5 9 + "
"(-.0303892133,0)3^ 8^ 0 5 + "
"(.0303892133,0)8^ 3^ 0 5 + "
"(.0303892133,0)3^ 8^ 5 0 + "
"(-.0303892133,0)8^ 3^ 5 0 + "
"(.0000007579,0)3^ 8^ 0 6 + "
"(-.0000007579,0)8^ 3^ 0 6 + "
"(-.0000007579,0)3^ 8^ 6 0 + "
"(.0000007579,0)8^ 3^ 6 0 + "
"(-.0029994911,0)3^ 8^ 0 7 + "
"(.0029994911,0)8^ 3^ 0 7 + "
"(.0029994911,0)3^ 8^ 7 0 + "
"(-.0029994911,0)8^ 3^ 7 0 + "
"(-.0000347993,0)3^ 8^ 0 8 + "
"(.0000347993,0)8^ 3^ 0 8 + "
"(.0000347993,0)3^ 8^ 8 0 + "
"(-.0000347993,0)8^ 3^ 8 0 + "
"(.0000045800,0)3^ 8^ 0 9 + "
"(-.0000045800,0)8^ 3^ 0 9 + "
"(-.0000045800,0)3^ 8^ 9 0 + "
"(.0000045800,0)8^ 3^ 9 0 + "
"(.0000000167,0)3^ 9^ 0 5 + "
"(-.0000000167,0)9^ 3^ 0 5 + "
"(-.0000000167,0)3^ 9^ 5 0 + "
"(.0000000167,0)9^ 3^ 5 0 + "
"(.0000000231,0)3^ 9^ 0 7 + "
"(-.0000000231,0)9^ 3^ 0 7 + "
"(-.0000000231,0)3^ 9^ 7 0 + "
"(.0000000231,0)9^ 3^ 7 0 + "
"(.0000000334,0)3^ 4^ 0 2 + "
"(.0000000334,0)8^ 9^ 5 7 + "
"(.0000045800,0)3^ 9^ 0 8 + "
"(-.0000045800,0)9^ 3^ 0 8 + "
"(-.0000045800,0)3^ 9^ 8 0 + "
"(.0000045800,0)9^ 3^ 8 0 + "
"(-.0000562834,0)3^ 4^ 0 3 + "
"(-.0000562834,0)8^ 9^ 5 8 + "
"(-.0000302110,0)3^ 9^ 0 9 + "
"(.0000302110,0)9^ 3^ 0 9 + "
"(.0000302110,0)3^ 9^ 9 0 + "
"(-.0000302110,0)9^ 3^ 9 0 + "
"(-.0000279755,0)3^ 4^ 0 4 + "
"(-.0000279755,0)8^ 9^ 5 9 + "
"(-.0000000104,0)3^ 1 + "
"(-.0000000104,0)8^ 6 + "
"(-.0000000009,0)3^ 5^ 1 5 + "
"(.0000000009,0)5^ 3^ 1 5 + "
"(.0000000009,0)3^ 5^ 5 1 + "
"(-.0000000009,0)5^ 3^ 5 1 + "
"(-.0000000014,0)3^ 0^ 1 0 + "
"(-.0000000014,0)8^ 5^ 6 5 + "
"(-.0000038739,0)3^ 5^ 1 6 + "
"(.0000038739,0)5^ 3^ 1 6 + "
"(.0000038739,0)3^ 5^ 6 1 + "
"(-.0000038739,0)5^ 3^ 6 1 + "
"(-.0000000003,0)3^ 5^ 1 7 + "
"(.0000000003,0)5^ 3^ 1 7 + "
"(.0000000003,0)3^ 5^ 7 1 + "
"(-.0000000003,0)5^ 3^ 7 1 + "
"(.0000000003,0)3^ 0^ 1 2 + "
"(.0000000003,0)8^ 5^ 6 7 + "
"(.0000007579,0)3^ 5^ 1 8 + "
"(-.0000007579,0)5^ 3^ 1 8 + "
"(-.0000007579,0)3^ 5^ 8 1 + "
"(.0000007579,0)5^ 3^ 8 1 + "
"(-.0000055833,0)3^ 0^ 1 3 + "
"(-.0000055833,0)8^ 5^ 6 8 + "
"(-.0000038739,0)3^ 6^ 1 5 + "
"(.0000038739,0)6^ 3^ 1 5 + "
"(.0000038739,0)3^ 6^ 5 1 + "
"(-.0000038739,0)6^ 3^ 5 1 + "
"(.0000276864,0)3^ 1^ 1 0 + "
"(.0000276864,0)8^ 6^ 6 5 + "
"(-.0000000010,0)3^ 6^ 1 6 + "
"(.0000000010,0)6^ 3^ 1 6 + "
"(.0000000010,0)3^ 6^ 6 1 + "
"(-.0000000010,0)6^ 3^ 6 1 + "
"(.0000003445,0)3^ 6^ 1 7 + "
"(-.0000003445,0)6^ 3^ 1 7 + "
"(-.0000003445,0)3^ 6^ 7 1 + "
"(.0000003445,0)6^ 3^ 7 1 + "
"(-.0000031087,0)3^ 1^ 1 2 + "
"(-.0000031087,0)8^ 6^ 6 7 + "
"(-.0101422959,0)3^ 6^ 1 8 + "
"(.0101422959,0)6^ 3^ 1 8 + "
"(.0101422959,0)3^ 6^ 8 1 + "
"(-.0101422959,0)6^ 3^ 8 1 + "
"(.1388892017,0)3^ 1^ 1 3 + "
"(.1388892017,0)8^ 6^ 6 8 + "
"(-.0000000091,0)3^ 6^ 1 9 + "
"(.0000000091,0)6^ 3^ 1 9 + "
"(.0000000091,0)3^ 6^ 9 1 + "
"(-.0000000091,0)6^ 3^ 9 1 + "
"(-.0000000058,0)3^ 1^ 1 4 + "
"(-.0000000058,0)8^ 6^ 6 9 + "
"(-.0000000003,0)3^ 7^ 1 5 + "
"(.0000000003,0)7^ 3^ 1 5 + "
"(.0000000003,0)3^ 7^ 5 1 + "
"(-.0000000003,0)7^ 3^ 5 1 + "
"(.0000000008,0)3^ 2^ 1 0 + "
"(.0000000008,0)8^ 7^ 6 5 + "
"(.0000003445,0)3^ 7^ 1 6 + "
"(-.0000003445,0)7^ 3^ 1 6 + "
"(-.0000003445,0)3^ 7^ 6 1 + "
"(.0000003445,0)7^ 3^ 6 1 + "
"(-.0000000012,0)3^ 7^ 1 7 + "
"(.0000000012,0)7^ 3^ 1 7 + "
"(.0000000012,0)3^ 7^ 7 1 + "
"(-.0000000012,0)7^ 3^ 7 1 + "
"(-.0000000006,0)3^ 2^ 1 2 + "
"(-.0000000006,0)8^ 7^ 6 7 + "
"(-.0000005849,0)3^ 7^ 1 8 + "
"(.0000005849,0)7^ 3^ 1 8 + "
"(.0000005849,0)3^ 7^ 8 1 + "
"(-.0000005849,0)7^ 3^ 8 1 + "
"(.0000035582,0)3^ 2^ 1 3 + "
"(.0000035582,0)8^ 7^ 6 8 + "
"(.0000007579,0)3^ 8^ 1 5 + "
"(-.0000007579,0)8^ 3^ 1 5 + "
"(-.0000007579,0)3^ 8^ 5 1 + "
"(.0000007579,0)8^ 3^ 5 1 + "
"(-.0101422959,0)3^ 8^ 1 6 + "
"(.0101422959,0)8^ 3^ 1 6 + "
"(.0101422959,0)3^ 8^ 6 1 + "
"(-.0101422959,0)8^ 3^ 6 1 + "
"(-.0000005849,0)3^ 8^ 1 7 + "
"(.0000005849,0)8^ 3^ 1 7 + "
"(.0000005849,0)3^ 8^ 7 1 + "
"(-.0000005849,0)8^ 3^ 7 1 + "
"(-.0000000014,0)3^ 8^ 1 8 + "
"(.0000000014,0)8^ 3^ 1 8 + "
"(.0000000014,0)3^ 8^ 8 1 + "
"(-.0000000014,0)8^ 3^ 8 1 + "
"(.0000000010,0)3^ 8^ 1 9 + "
"(-.0000000010,0)8^ 3^ 1 9 + "
"(-.0000000010,0)3^ 8^ 9 1 + "
"(.0000000010,0)8^ 3^ 9 1 + "
"(-.0000000091,0)3^ 9^ 1 6 + "
"(.0000000091,0)9^ 3^ 1 6 + "
"(.0000000091,0)3^ 9^ 6 1 + "
"(-.0000000091,0)9^ 3^ 6 1 + "
"(.0000000010,0)3^ 9^ 1 8 + "
"(-.0000000010,0)9^ 3^ 1 8 + "
"(-.0000000010,0)3^ 9^ 8 1 + "
"(.0000000010,0)9^ 3^ 8 1 + "
"(-.0000000059,0)3^ 4^ 1 3 + "
"(-.0000000059,0)8^ 9^ 6 8 + "
"(-.0000000011,0)3^ 9^ 1 9 + "
"(.0000000011,0)9^ 3^ 1 9 + "
"(.0000000011,0)3^ 9^ 9 1 + "
"(-.0000000011,0)9^ 3^ 9 1 + "
"(-.0000000009,0)3^ 4^ 1 4 + "
"(-.0000000009,0)8^ 9^ 6 9 + "
"(.0000478180,0)3^ 2 + "
"(.0000478180,0)8^ 7 + "
"(.0000028792,0)3^ 5^ 2 5 + "
"(-.0000028792,0)5^ 3^ 2 5 + "
"(-.0000028792,0)3^ 5^ 5 2 + "
"(.0000028792,0)5^ 3^ 5 2 + "
"(.0000065891,0)3^ 0^ 2 0 + "
"(.0000065891,0)8^ 5^ 7 5 + "
"(-.0000000006,0)3^ 5^ 2 6 + "
"(.0000000006,0)5^ 3^ 2 6 + "
"(.0000000006,0)3^ 5^ 6 2 + "
"(-.0000000006,0)5^ 3^ 6 2 + "
"(-.0000000003,0)3^ 0^ 2 1 + "
"(-.0000000003,0)8^ 5^ 7 6 + "
"(-.0000066622,0)3^ 5^ 2 7 + "
"(.0000066622,0)5^ 3^ 2 7 + "
"(.0000066622,0)3^ 5^ 7 2 + "
"(-.0000066622,0)5^ 3^ 7 2 + "
"(-.0029994911,0)3^ 5^ 2 8 + "
"(.0029994911,0)5^ 3^ 2 8 + "
"(.0029994911,0)3^ 5^ 8 2 + "
"(-.0029994911,0)5^ 3^ 8 2 + "
"(.0324376220,0)3^ 0^ 2 3 + "
"(.0324376220,0)8^ 5^ 7 8 + "
"(-.0000000103,0)3^ 5^ 2 9 + "
"(.0000000103,0)5^ 3^ 2 9 + "
"(.0000000103,0)3^ 5^ 9 2 + "
"(-.0000000103,0)5^ 3^ 9 2 + "
"(-.0000000234,0)3^ 0^ 2 4 + "
"(-.0000000234,0)8^ 5^ 7 9 + "
"(-.0000000006,0)3^ 6^ 2 5 + "
"(.0000000006,0)6^ 3^ 2 5 + "
"(.0000000006,0)3^ 6^ 5 2 + "
"(-.0000000006,0)6^ 3^ 5 2 + "
"(.0000000004,0)3^ 1^ 2 0 + "
"(.0000000004,0)8^ 6^ 7 5 + "
"(.0000034532,0)3^ 6^ 2 6 + "
"(-.0000034532,0)6^ 3^ 2 6 + "
"(-.0000034532,0)3^ 6^ 6 2 + "
"(.0000034532,0)6^ 3^ 6 2 + "
"(.0000031087,0)3^ 1^ 2 1 + "
"(.0000031087,0)8^ 6^ 7 6 + "
"(-.0000000006,0)3^ 6^ 2 7 + "
"(.0000000006,0)6^ 3^ 2 7 + "
"(.0000000006,0)3^ 6^ 7 2 + "
"(-.0000000006,0)6^ 3^ 7 2 + "
"(-.0000005849,0)3^ 6^ 2 8 + "
"(.0000005849,0)6^ 3^ 2 8 + "
"(.0000005849,0)3^ 6^ 8 2 + "
"(-.0000005849,0)6^ 3^ 8 2 + "
"(.0000035582,0)3^ 1^ 2 3 + "
"(.0000035582,0)8^ 6^ 7 8 + "
"(-.0000066622,0)3^ 7^ 2 5 + "
"(.0000066622,0)7^ 3^ 2 5 + "
"(.0000066622,0)3^ 7^ 5 2 + "
"(-.0000066622,0)7^ 3^ 5 2 + "
"(.0000273356,0)3^ 2^ 2 0 + "
"(.0000273356,0)8^ 7^ 7 5 + "
"(-.0000000006,0)3^ 7^ 2 6 + "
"(.0000000006,0)7^ 3^ 2 6 + "
"(.0000000006,0)3^ 7^ 6 2 + "
"(-.0000000006,0)7^ 3^ 6 2 + "
"(.0000000006,0)3^ 2^ 2 1 + "
"(.0000000006,0)8^ 7^ 7 6 + "
"(.0000056957,0)3^ 7^ 2 7 + "
"(-.0000056957,0)7^ 3^ 2 7 + "
"(-.0000056957,0)3^ 7^ 7 2 + "
"(.0000056957,0)7^ 3^ 7 2 + "
"(-.0075538379,0)3^ 7^ 2 8 + "
"(.0075538379,0)7^ 3^ 2 8 + "
"(.0075538379,0)3^ 7^ 8 2 + "
"(-.0075538379,0)7^ 3^ 8 2 + "
"(.1311573569,0)3^ 2^ 2 3 + "
"(.1311573569,0)8^ 7^ 7 8 + "
"(-.0000000024,0)3^ 7^ 2 9 + "
"(.0000000024,0)7^ 3^ 2 9 + "
"(.0000000024,0)3^ 7^ 9 2 + "
"(-.0000000024,0)7^ 3^ 9 2 + "
"(-.0000000059,0)3^ 2^ 2 4 + "
"(-.0000000059,0)8^ 7^ 7 9 + "
"(-.0029994911,0)3^ 8^ 2 5 + "
"(.0029994911,0)8^ 3^ 2 5 + "
"(.0029994911,0)3^ 8^ 5 2 + "
"(-.0029994911,0)8^ 3^ 5 2 + "
"(-.0000005849,0)3^ 8^ 2 6 + "
"(.0000005849,0)8^ 3^ 2 6 + "
"(.0000005849,0)3^ 8^ 6 2 + "
"(-.0000005849,0)8^ 3^ 6 2 + "
"(-.0075538379,0)3^ 8^ 2 7 + "
"(.0075538379,0)8^ 3^ 2 7 + "
"(.0075538379,0)3^ 8^ 7 2 + "
"(-.0075538379,0)8^ 3^ 7 2 + "
"(.0000062865,0)3^ 8^ 2 8 + "
"(-.0000062865,0)8^ 3^ 2 8 + "
"(-.0000062865,0)3^ 8^ 8 2 + "
"(.0000062865,0)8^ 3^ 8 2 + "
"(-.0000020618,0)3^ 8^ 2 9 + "
"(.0000020618,0)8^ 3^ 2 9 + "
"(.0000020618,0)3^ 8^ 9 2 + "
"(-.0000020618,0)8^ 3^ 9 2 + "
"(-.0000000103,0)3^ 9^ 2 5 + "
"(.0000000103,0)9^ 3^ 2 5 + "
"(.0000000103,0)3^ 9^ 5 2 + "
"(-.0000000103,0)9^ 3^ 5 2 + "
"(-.0000000334,0)3^ 4^ 2 0 + "
"(-.0000000334,0)8^ 9^ 7 5 + "
"(-.0000000024,0)3^ 9^ 2 7 + "
"(.0000000024,0)9^ 3^ 2 7 + "
"(.0000000024,0)3^ 9^ 7 2 + "
"(-.0000000024,0)9^ 3^ 7 2 + "
"(-.0000020618,0)3^ 9^ 2 8 + "
"(.0000020618,0)9^ 3^ 2 8 + "
"(.0000020618,0)3^ 9^ 8 2 + "
"(-.0000020618,0)9^ 3^ 8 2 + "
"(.0000068139,0)3^ 4^ 2 3 + "
"(.0000068139,0)8^ 9^ 7 8 + "
"(.0000044194,0)3^ 9^ 2 9 + "
"(-.0000044194,0)9^ 3^ 2 9 + "
"(-.0000044194,0)3^ 9^ 9 2 + "
"(.0000044194,0)9^ 3^ 9 2 + "
"(.0000033894,0)3^ 4^ 2 4 + "
"(.0000033894,0)8^ 9^ 7 9 + "
"(-.1082651621,0)3^ 3 + "
"(-.1082651621,0)8^ 8 + "
"(-.1575544527,0)3^ 5^ 3 5 + "
"(.1575544527,0)5^ 3^ 3 5 + "
"(.1575544527,0)3^ 5^ 5 3 + "
"(-.1575544527,0)5^ 3^ 5 3 + "
"(-.1271652393,0)3^ 0^ 3 0 + "
"(-.1271652393,0)8^ 5^ 8 5 + "
"(.0000063412,0)3^ 5^ 3 6 + "
"(-.0000063412,0)5^ 3^ 3 6 + "
"(-.0000063412,0)3^ 5^ 6 3 + "
"(.0000063412,0)5^ 3^ 6 3 + "
"(.0000055833,0)3^ 0^ 3 1 + "
"(.0000055833,0)8^ 5^ 8 6 + "
"(-.0354371131,0)3^ 5^ 3 7 + "
"(.0354371131,0)5^ 3^ 3 7 + "
"(.0354371131,0)3^ 5^ 7 3 + "
"(-.0354371131,0)5^ 3^ 7 3 + "
"(-.0324376220,0)3^ 0^ 3 2 + "
"(-.0324376220,0)8^ 5^ 8 7 + "
"(-.0000347993,0)3^ 5^ 3 8 + "
"(.0000347993,0)5^ 3^ 3 8 + "
"(.0000347993,0)3^ 5^ 8 3 + "
"(-.0000347993,0)5^ 3^ 8 3 + "
"(.0000608633,0)3^ 5^ 3 9 + "
"(-.0000608633,0)5^ 3^ 3 9 + "
"(-.0000608633,0)3^ 5^ 9 3 + "
"(.0000608633,0)5^ 3^ 9 3 + "
"(.0000562834,0)3^ 0^ 3 4 + "
"(.0000562834,0)8^ 5^ 8 9 + "
"(.0000063412,0)3^ 6^ 3 5 + "
"(-.0000063412,0)6^ 3^ 3 5 + "
"(-.0000063412,0)3^ 6^ 5 3 + "
"(.0000063412,0)6^ 3^ 5 3 + "
"(.0000055833,0)3^ 1^ 3 0 + "
"(.0000055833,0)8^ 6^ 8 5 + "
"(-.1490314976,0)3^ 6^ 3 6 + "
"(.1490314976,0)6^ 3^ 3 6 + "
"(.1490314976,0)3^ 6^ 6 3 + "
"(-.1490314976,0)6^ 3^ 6 3 + "
"(-.1388892017,0)3^ 1^ 3 1 + "
"(-.1388892017,0)8^ 6^ 8 6 + "
"(-.0000041432,0)3^ 6^ 3 7 + "
"(.0000041432,0)6^ 3^ 3 7 + "
"(.0000041432,0)3^ 6^ 7 3 + "
"(-.0000041432,0)6^ 3^ 7 3 + "
"(-.0000035582,0)3^ 1^ 3 2 + "
"(-.0000035582,0)8^ 6^ 8 7 + "
"(-.0000000014,0)3^ 6^ 3 8 + "
"(.0000000014,0)6^ 3^ 3 8 + "
"(.0000000014,0)3^ 6^ 8 3 + "
"(-.0000000014,0)6^ 3^ 8 3 + "
"(.0000000069,0)3^ 6^ 3 9 + "
"(-.0000000069,0)6^ 3^ 3 9 + "
"(-.0000000069,0)3^ 6^ 9 3 + "
"(.0000000069,0)6^ 3^ 9 3 + "
"(.0000000059,0)3^ 1^ 3 4 + "
"(.0000000059,0)8^ 6^ 8 9 + "
"(-.0354371131,0)3^ 7^ 3 5 + "
"(.0354371131,0)7^ 3^ 3 5 + "
"(.0354371131,0)3^ 7^ 5 3 + "
"(-.0354371131,0)7^ 3^ 5 3 + "
"(-.0324376220,0)3^ 2^ 3 0 + "
"(-.0324376220,0)8^ 7^ 8 5 + "
"(-.0000041432,0)3^ 7^ 3 6 + "
"(.0000041432,0)7^ 3^ 3 6 + "
"(.0000041432,0)3^ 7^ 6 3 + "
"(-.0000041432,0)7^ 3^ 6 3 + "
"(-.0000035582,0)3^ 2^ 3 1 + "
"(-.0000035582,0)8^ 7^ 8 6 + "
"(-.1387111948,0)3^ 7^ 3 7 + "
"(.1387111948,0)7^ 3^ 3 7 + "
"(.1387111948,0)3^ 7^ 7 3 + "
"(-.1387111948,0)7^ 3^ 7 3 + "
"(-.1311573569,0)3^ 2^ 3 2 + "
"(-.1311573569,0)8^ 7^ 8 7 + "
"(.0000062865,0)3^ 7^ 3 8 + "
"(-.0000062865,0)7^ 3^ 3 8 + "
"(-.0000062865,0)3^ 7^ 8 3 + "
"(.0000062865,0)7^ 3^ 8 3 + "
"(-.0000088757,0)3^ 7^ 3 9 + "
"(.0000088757,0)7^ 3^ 3 9 + "
"(.0000088757,0)3^ 7^ 9 3 + "
"(-.0000088757,0)7^ 3^ 9 3 + "
"(-.0000068139,0)3^ 2^ 3 4 + "
"(-.0000068139,0)8^ 7^ 8 9 + "
"(-.0000347993,0)3^ 8^ 3 5 + "
"(.0000347993,0)8^ 3^ 3 5 + "
"(.0000347993,0)3^ 8^ 5 3 + "
"(-.0000347993,0)8^ 3^ 5 3 + "
"(-.0000000014,0)3^ 8^ 3 6 + "
"(.0000000014,0)8^ 3^ 3 6 + "
"(.0000000014,0)3^ 8^ 6 3 + "
"(-.0000000014,0)8^ 3^ 6 3 + "
"(.0000062865,0)3^ 8^ 3 7 + "
"(-.0000062865,0)8^ 3^ 3 7 + "
"(-.0000062865,0)3^ 8^ 7 3 + "
"(.0000062865,0)8^ 3^ 7 3 + "
"(-.1635336089,0)3^ 8^ 3 8 + "
"(.1635336089,0)8^ 3^ 3 8 + "
"(.1635336089,0)3^ 8^ 8 3 + "
"(-.1635336089,0)8^ 3^ 8 3 + "
"(-.0000034455,0)3^ 8^ 3 9 + "
"(.0000034455,0)8^ 3^ 3 9 + "
"(.0000034455,0)3^ 8^ 9 3 + "
"(-.0000034455,0)8^ 3^ 9 3 + "
"(.0000608633,0)3^ 9^ 3 5 + "
"(-.0000608633,0)9^ 3^ 3 5 + "
"(-.0000608633,0)3^ 9^ 5 3 + "
"(.0000608633,0)9^ 3^ 5 3 + "
"(.0000562834,0)3^ 4^ 3 0 + "
"(.0000562834,0)8^ 9^ 8 5 + "
"(.0000000069,0)3^ 9^ 3 6 + "
"(-.0000000069,0)9^ 3^ 3 6 + "
"(-.0000000069,0)3^ 9^ 6 3 + "
"(.0000000069,0)9^ 3^ 6 3 + "
"(.0000000059,0)3^ 4^ 3 1 + "
"(.0000000059,0)8^ 9^ 8 6 + "
"(-.0000088757,0)3^ 9^ 3 7 + "
"(.0000088757,0)9^ 3^ 3 7 + "
"(.0000088757,0)3^ 9^ 7 3 + "
"(-.0000088757,0)9^ 3^ 7 3 + "
"(-.0000068139,0)3^ 4^ 3 2 + "
"(-.0000068139,0)8^ 9^ 8 7 + "
"(-.0000034455,0)3^ 9^ 3 8 + "
"(.0000034455,0)9^ 3^ 3 8 + "
"(.0000034455,0)3^ 9^ 8 3 + "
"(-.0000034455,0)9^ 3^ 8 3 + "
"(-.1467009288,0)3^ 9^ 3 9 + "
"(.1467009288,0)9^ 3^ 3 9 + "
"(.1467009288,0)3^ 9^ 9 3 + "
"(-.1467009288,0)9^ 3^ 9 3 + "
"(-.1377573991,0)3^ 4^ 3 4 + "
"(-.1377573991,0)8^ 9^ 8 9 + "
"(.0000007691,0)3^ 4 + "
"(.0000007691,0)8^ 9 + "
"(.0000000097,0)3^ 5^ 4 5 + "
"(-.0000000097,0)5^ 3^ 4 5 + "
"(-.0000000097,0)3^ 5^ 5 4 + "
"(.0000000097,0)5^ 3^ 5 4 + "
"(-.0000000070,0)3^ 0^ 4 0 + "
"(-.0000000070,0)8^ 5^ 9 5 + "
"(.0000000131,0)3^ 5^ 4 7 + "
"(-.0000000131,0)5^ 3^ 4 7 + "
"(-.0000000131,0)3^ 5^ 7 4 + "
"(.0000000131,0)5^ 3^ 7 4 + "
"(.0000000234,0)3^ 0^ 4 2 + "
"(.0000000234,0)8^ 5^ 9 7 + "
"(.0000045800,0)3^ 5^ 4 8 + "
"(-.0000045800,0)5^ 3^ 4 8 + "
"(-.0000045800,0)3^ 5^ 8 4 + "
"(.0000045800,0)5^ 3^ 8 4 + "
"(-.0000562834,0)3^ 0^ 4 3 + "
"(-.0000562834,0)8^ 5^ 9 8 + "
"(-.0000022354,0)3^ 5^ 4 9 + "
"(.0000022354,0)5^ 3^ 4 9 + "
"(.0000022354,0)3^ 5^ 9 4 + "
"(-.0000022354,0)5^ 3^ 9 4 + "
"(-.0000000033,0)3^ 6^ 4 6 + "
"(.0000000033,0)6^ 3^ 4 6 + "
"(.0000000033,0)3^ 6^ 6 4 + "
"(-.0000000033,0)6^ 3^ 6 4 + "
"(.0000000058,0)3^ 1^ 4 1 + "
"(.0000000058,0)8^ 6^ 9 6 + "
"(.0000000010,0)3^ 6^ 4 8 + "
"(-.0000000010,0)6^ 3^ 4 8 + "
"(-.0000000010,0)3^ 6^ 8 4 + "
"(.0000000010,0)6^ 3^ 8 4 + "
"(-.0000000059,0)3^ 1^ 4 3 + "
"(-.0000000059,0)8^ 6^ 9 8 + "
"(.0000000131,0)3^ 7^ 4 5 + "
"(-.0000000131,0)7^ 3^ 4 5 + "
"(-.0000000131,0)3^ 7^ 5 4 + "
"(.0000000131,0)7^ 3^ 5 4 + "
"(-.0000000100,0)3^ 2^ 4 0 + "
"(-.0000000100,0)8^ 7^ 9 5 + "
"(.0000000035,0)3^ 7^ 4 7 + "
"(-.0000000035,0)7^ 3^ 4 7 + "
"(-.0000000035,0)3^ 7^ 7 4 + "
"(.0000000035,0)7^ 3^ 7 4 + "
"(.0000000059,0)3^ 2^ 4 2 + "
"(.0000000059,0)8^ 7^ 9 7 + "
"(-.0000020618,0)3^ 7^ 4 8 + "
"(.0000020618,0)7^ 3^ 4 8 + "
"(.0000020618,0)3^ 7^ 8 4 + "
"(-.0000020618,0)7^ 3^ 8 4 + "
"(.0000068139,0)3^ 2^ 4 3 + "
"(.0000068139,0)8^ 7^ 9 8 + "
"(.0000010300,0)3^ 7^ 4 9 + "
"(-.0000010300,0)7^ 3^ 4 9 + "
"(-.0000010300,0)3^ 7^ 9 4 + "
"(.0000010300,0)7^ 3^ 9 4 + "
"(.0000045800,0)3^ 8^ 4 5 + "
"(-.0000045800,0)8^ 3^ 4 5 + "
"(-.0000045800,0)3^ 8^ 5 4 + "
"(.0000045800,0)8^ 3^ 5 4 + "
"(.0000000010,0)3^ 8^ 4 6 + "
"(-.0000000010,0)8^ 3^ 4 6 + "
"(-.0000000010,0)3^ 8^ 6 4 + "
"(.0000000010,0)8^ 3^ 6 4 + "
"(-.0000020618,0)3^ 8^ 4 7 + "
"(.0000020618,0)8^ 3^ 4 7 + "
"(.0000020618,0)3^ 8^ 7 4 + "
"(-.0000020618,0)8^ 3^ 7 4 + "
"(-.0000034455,0)3^ 8^ 4 8 + "
"(.0000034455,0)8^ 3^ 4 8 + "
"(.0000034455,0)3^ 8^ 8 4 + "
"(-.0000034455,0)8^ 3^ 8 4 + "
"(-.0089435297,0)3^ 8^ 4 9 + "
"(.0089435297,0)8^ 3^ 4 9 + "
"(.0089435297,0)3^ 8^ 9 4 + "
"(-.0089435297,0)8^ 3^ 9 4 + "
"(-.0000022354,0)3^ 9^ 4 5 + "
"(.0000022354,0)9^ 3^ 4 5 + "
"(.0000022354,0)3^ 9^ 5 4 + "
"(-.0000022354,0)9^ 3^ 5 4 + "
"(.0000279755,0)3^ 4^ 4 0 + "
"(.0000279755,0)8^ 9^ 9 5 + "
"(.0000000009,0)3^ 4^ 4 1 + "
"(.0000000009,0)8^ 9^ 9 6 + "
"(.0000010300,0)3^ 9^ 4 7 + "
"(-.0000010300,0)9^ 3^ 4 7 + "
"(-.0000010300,0)3^ 9^ 7 4 + "
"(.0000010300,0)9^ 3^ 7 4 + "
"(-.0000033894,0)3^ 4^ 4 2 + "
"(-.0000033894,0)8^ 9^ 9 7 + "
"(-.0089435297,0)3^ 9^ 4 8 + "
"(.0089435297,0)9^ 3^ 4 8 + "
"(.0089435297,0)3^ 9^ 8 4 + "
"(-.0089435297,0)9^ 3^ 8 4 + "
"(.1377573991,0)3^ 4^ 4 3 + "
"(.1377573991,0)8^ 9^ 9 8 + "
"(.0000026910,0)3^ 9^ 4 9 + "
"(-.0000026910,0)9^ 3^ 4 9 + "
"(-.0000026910,0)3^ 9^ 9 4 + "
"(.0000026910,0)9^ 3^ 9 4 + "
"(.0003138396,0)4^ 0 + "
"(.0003138396,0)9^ 5 + "
"(.0000784600,0)4^ 5^ 0 5 + "
"(-.0000784600,0)5^ 4^ 0 5 + "
"(-.0000784600,0)4^ 5^ 5 0 + "
"(.0000784600,0)5^ 4^ 5 0 + "
"(.0000000037,0)4^ 5^ 0 6 + "
"(-.0000000037,0)5^ 4^ 0 6 + "
"(-.0000000037,0)4^ 5^ 6 0 + "
"(.0000000037,0)5^ 4^ 6 0 + "
"(-.0000000051,0)4^ 0^ 0 1 + "
"(-.0000000051,0)9^ 5^ 5 6 + "
"(.0000074651,0)4^ 5^ 0 7 + "
"(-.0000074651,0)5^ 4^ 0 7 + "
"(-.0000074651,0)4^ 5^ 7 0 + "
"(.0000074651,0)5^ 4^ 7 0 + "
"(.0000132512,0)4^ 0^ 0 2 + "
"(.0000132512,0)9^ 5^ 5 7 + "
"(.0000000167,0)4^ 5^ 0 8 + "
"(-.0000000167,0)5^ 4^ 0 8 + "
"(-.0000000167,0)4^ 5^ 8 0 + "
"(.0000000167,0)5^ 4^ 8 0 + "
"(.0000000070,0)4^ 0^ 0 3 + "
"(.0000000070,0)9^ 5^ 5 8 + "
"(-.0303892292,0)4^ 5^ 0 9 + "
"(.0303892292,0)5^ 4^ 0 9 + "
"(.0303892292,0)4^ 5^ 9 0 + "
"(-.0303892292,0)5^ 4^ 9 0 + "
"(.1271653730,0)4^ 0^ 0 4 + "
"(.1271653730,0)9^ 5^ 5 9 + "
"(.0000000037,0)4^ 6^ 0 5 + "
"(-.0000000037,0)6^ 4^ 0 5 + "
"(-.0000000037,0)4^ 6^ 5 0 + "
"(.0000000037,0)6^ 4^ 5 0 + "
"(.0000634919,0)4^ 6^ 0 6 + "
"(-.0000634919,0)6^ 4^ 0 6 + "
"(-.0000634919,0)4^ 6^ 6 0 + "
"(.0000634919,0)6^ 4^ 6 0 + "
"(.0000557036,0)4^ 1^ 0 1 + "
"(.0000557036,0)9^ 6^ 5 6 + "
"(.0000000047,0)4^ 6^ 0 7 + "
"(-.0000000047,0)6^ 4^ 0 7 + "
"(-.0000000047,0)4^ 6^ 7 0 + "
"(.0000000047,0)6^ 4^ 7 0 + "
"(.0000007578,0)4^ 6^ 0 9 + "
"(-.0000007578,0)6^ 4^ 0 9 + "
"(-.0000007578,0)4^ 6^ 9 0 + "
"(.0000007578,0)6^ 4^ 9 0 + "
"(-.0000055834,0)4^ 1^ 0 4 + "
"(-.0000055834,0)9^ 6^ 5 9 + "
"(.0000074651,0)4^ 7^ 0 5 + "
"(-.0000074651,0)7^ 4^ 0 5 + "
"(-.0000074651,0)4^ 7^ 5 0 + "
"(.0000074651,0)7^ 4^ 5 0 + "
"(.0000000047,0)4^ 7^ 0 6 + "
"(-.0000000047,0)7^ 4^ 0 6 + "
"(-.0000000047,0)4^ 7^ 6 0 + "
"(.0000000047,0)7^ 4^ 6 0 + "
"(.0000000003,0)4^ 2^ 0 1 + "
"(.0000000003,0)9^ 7^ 5 6 + "
"(.0000684019,0)4^ 7^ 0 7 + "
"(-.0000684019,0)7^ 4^ 0 7 + "
"(-.0000684019,0)4^ 7^ 7 0 + "
"(.0000684019,0)7^ 4^ 7 0 + "
"(.0000549949,0)4^ 2^ 0 2 + "
"(.0000549949,0)9^ 7^ 5 7 + "
"(-.0000000103,0)4^ 7^ 0 8 + "
"(.0000000103,0)7^ 4^ 0 8 + "
"(.0000000103,0)4^ 7^ 8 0 + "
"(-.0000000103,0)7^ 4^ 8 0 + "
"(-.0000000234,0)4^ 2^ 0 3 + "
"(-.0000000234,0)9^ 7^ 5 8 + "
"(-.0029995451,0)4^ 7^ 0 9 + "
"(.0029995451,0)7^ 4^ 0 9 + "
"(.0029995451,0)4^ 7^ 9 0 + "
"(-.0029995451,0)7^ 4^ 9 0 + "
"(.0324376431,0)4^ 2^ 0 4 + "
"(.0324376431,0)9^ 7^ 5 9 + "
"(.0000000167,0)4^ 8^ 0 5 + "
"(-.0000000167,0)8^ 4^ 0 5 + "
"(-.0000000167,0)4^ 8^ 5 0 + "
"(.0000000167,0)8^ 4^ 5 0 + "
"(-.0000000103,0)4^ 8^ 0 7 + "
"(.0000000103,0)8^ 4^ 0 7 + "
"(.0000000103,0)4^ 8^ 7 0 + "
"(-.0000000103,0)8^ 4^ 7 0 + "
"(-.0000000334,0)4^ 3^ 0 2 + "
"(-.0000000334,0)9^ 8^ 5 7 + "
"(.0000608633,0)4^ 8^ 0 8 + "
"(-.0000608633,0)8^ 4^ 0 8 + "
"(-.0000608633,0)4^ 8^ 8 0 + "
"(.0000608633,0)8^ 4^ 8 0 + "
"(.0000562834,0)4^ 3^ 0 3 + "
"(.0000562834,0)9^ 8^ 5 8 + "
"(-.0000022354,0)4^ 8^ 0 9 + "
"(.0000022354,0)8^ 4^ 0 9 + "
"(.0000022354,0)4^ 8^ 9 0 + "
"(-.0000022354,0)8^ 4^ 9 0 + "
"(.0000279755,0)4^ 3^ 0 4 + "
"(.0000279755,0)9^ 8^ 5 9 + "
"(-.0303892292,0)4^ 9^ 0 5 + "
"(.0303892292,0)9^ 4^ 0 5 + "
"(.0303892292,0)4^ 9^ 5 0 + "
"(-.0303892292,0)9^ 4^ 5 0 + "
"(.0000007578,0)4^ 9^ 0 6 + "
"(-.0000007578,0)9^ 4^ 0 6 + "
"(-.0000007578,0)4^ 9^ 6 0 + "
"(.0000007578,0)9^ 4^ 6 0 + "
"(-.0029995451,0)4^ 9^ 0 7 + "
"(.0029995451,0)9^ 4^ 0 7 + "
"(.0029995451,0)4^ 9^ 7 0 + "
"(-.0029995451,0)9^ 4^ 7 0 + "
"(-.0000022354,0)4^ 9^ 0 8 + "
"(.0000022354,0)9^ 4^ 0 8 + "
"(.0000022354,0)4^ 9^ 8 0 + "
"(-.0000022354,0)9^ 4^ 8 0 + "
"(.0000699397,0)4^ 9^ 0 9 + "
"(-.0000699397,0)9^ 4^ 0 9 + "
"(-.0000699397,0)4^ 9^ 9 0 + "
"(.0000699397,0)9^ 4^ 9 0 + "
"(.0000000701,0)4^ 1 + "
"(.0000000701,0)9^ 6 + "
"(.0000000087,0)4^ 5^ 1 5 + "
"(-.0000000087,0)5^ 4^ 1 5 + "
"(-.0000000087,0)4^ 5^ 5 1 + "
"(.0000000087,0)5^ 4^ 5 1 + "
"(.0000000051,0)4^ 0^ 1 0 + "
"(.0000000051,0)9^ 5^ 6 5 + "
"(.0000077883,0)4^ 5^ 1 6 + "
"(-.0000077883,0)5^ 4^ 1 6 + "
"(-.0000077883,0)4^ 5^ 6 1 + "
"(.0000077883,0)5^ 4^ 6 1 + "
"(.0000000044,0)4^ 5^ 1 7 + "
"(-.0000000044,0)5^ 4^ 1 7 + "
"(-.0000000044,0)4^ 5^ 7 1 + "
"(.0000000044,0)5^ 4^ 7 1 + "
"(-.0000000003,0)4^ 0^ 1 2 + "
"(-.0000000003,0)9^ 5^ 6 7 + "
"(.0000007578,0)4^ 5^ 1 9 + "
"(-.0000007578,0)5^ 4^ 1 9 + "
"(-.0000007578,0)4^ 5^ 9 1 + "
"(.0000007578,0)5^ 4^ 9 1 + "
"(-.0000055834,0)4^ 0^ 1 4 + "
"(-.0000055834,0)9^ 5^ 6 9 + "
"(.0000077883,0)4^ 6^ 1 5 + "
"(-.0000077883,0)6^ 4^ 1 5 + "
"(-.0000077883,0)4^ 6^ 5 1 + "
"(.0000077883,0)6^ 4^ 5 1 + "
"(-.0000557036,0)4^ 1^ 1 0 + "
"(-.0000557036,0)9^ 6^ 6 5 + "
"(.0000000086,0)4^ 6^ 1 6 + "
"(-.0000000086,0)6^ 4^ 1 6 + "
"(-.0000000086,0)4^ 6^ 6 1 + "
"(.0000000086,0)6^ 4^ 6 1 + "
"(-.0000006929,0)4^ 6^ 1 7 + "
"(.0000006929,0)6^ 4^ 1 7 + "
"(.0000006929,0)4^ 6^ 7 1 + "
"(-.0000006929,0)6^ 4^ 7 1 + "
"(.0000062488,0)4^ 1^ 1 2 + "
"(.0000062488,0)9^ 6^ 6 7 + "
"(-.0000000091,0)4^ 6^ 1 8 + "
"(.0000000091,0)6^ 4^ 1 8 + "
"(.0000000091,0)4^ 6^ 8 1 + "
"(-.0000000091,0)6^ 4^ 8 1 + "
"(-.0000000058,0)4^ 1^ 1 3 + "
"(-.0000000058,0)9^ 6^ 6 8 + "
"(-.0101422709,0)4^ 6^ 1 9 + "
"(.0101422709,0)6^ 4^ 1 9 + "
"(.0101422709,0)4^ 6^ 9 1 + "
"(-.0101422709,0)6^ 4^ 9 1 + "
"(.1388893278,0)4^ 1^ 1 4 + "
"(.1388893278,0)9^ 6^ 6 9 + "
"(.0000000044,0)4^ 7^ 1 5 + "
"(-.0000000044,0)7^ 4^ 1 5 + "
"(-.0000000044,0)4^ 7^ 5 1 + "
"(.0000000044,0)7^ 4^ 5 1 + "
"(-.0000000003,0)4^ 2^ 1 0 + "
"(-.0000000003,0)9^ 7^ 6 5 + "
"(-.0000006929,0)4^ 7^ 1 6 + "
"(.0000006929,0)7^ 4^ 1 6 + "
"(.0000006929,0)4^ 7^ 6 1 + "
"(-.0000006929,0)7^ 4^ 6 1 + "
"(.0000000077,0)4^ 7^ 1 7 + "
"(-.0000000077,0)7^ 4^ 1 7 + "
"(-.0000000077,0)4^ 7^ 7 1 + "
"(.0000000077,0)7^ 4^ 7 1 + "
"(.0000000056,0)4^ 2^ 1 2 + "
"(.0000000056,0)9^ 7^ 6 7 + "
"(-.0000005849,0)4^ 7^ 1 9 + "
"(.0000005849,0)7^ 4^ 1 9 + "
"(.0000005849,0)4^ 7^ 9 1 + "
"(-.0000005849,0)7^ 4^ 9 1 + "
"(.0000035582,0)4^ 2^ 1 4 + "
"(.0000035582,0)9^ 7^ 6 9 + "
"(-.0000000091,0)4^ 8^ 1 6 + "
"(.0000000091,0)8^ 4^ 1 6 + "
"(.0000000091,0)4^ 8^ 6 1 + "
"(-.0000000091,0)8^ 4^ 6 1 + "
"(.0000000069,0)4^ 8^ 1 8 + "
"(-.0000000069,0)8^ 4^ 1 8 + "
"(-.0000000069,0)4^ 8^ 8 1 + "
"(.0000000069,0)8^ 4^ 8 1 + "
"(.0000000059,0)4^ 3^ 1 3 + "
"(.0000000059,0)9^ 8^ 6 8 + "
"(.0000000009,0)4^ 3^ 1 4 + "
"(.0000000009,0)9^ 8^ 6 9 + "
"(.0000007578,0)4^ 9^ 1 5 + "
"(-.0000007578,0)9^ 4^ 1 5 + "
"(-.0000007578,0)4^ 9^ 5 1 + "
"(.0000007578,0)9^ 4^ 5 1 + "
"(-.0101422709,0)4^ 9^ 1 6 + "
"(.0101422709,0)9^ 4^ 1 6 + "
"(.0101422709,0)4^ 9^ 6 1 + "
"(-.0101422709,0)9^ 4^ 6 1 + "
"(-.0000005849,0)4^ 9^ 1 7 + "
"(.0000005849,0)9^ 4^ 1 7 + "
"(.0000005849,0)4^ 9^ 7 1 + "
"(-.0000005849,0)9^ 4^ 7 1 + "
"(.0000000088,0)4^ 9^ 1 9 + "
"(-.0000000088,0)9^ 4^ 1 9 + "
"(-.0000000088,0)4^ 9^ 9 1 + "
"(.0000000088,0)9^ 4^ 9 1 + "
"(-.0000963273,0)4^ 2 + "
"(-.0000963273,0)9^ 7 + "
"(-.0000057861,0)4^ 5^ 2 5 + "
"(.0000057861,0)5^ 4^ 2 5 + "
"(.0000057861,0)4^ 5^ 5 2 + "
"(-.0000057861,0)5^ 4^ 5 2 + "
"(-.0000132512,0)4^ 0^ 2 0 + "
"(-.0000132512,0)9^ 5^ 7 5 + "
"(.0000000047,0)4^ 5^ 2 6 + "
"(-.0000000047,0)5^ 4^ 2 6 + "
"(-.0000000047,0)4^ 5^ 6 2 + "
"(.0000000047,0)5^ 4^ 6 2 + "
"(.0000000003,0)4^ 0^ 2 1 + "
"(.0000000003,0)9^ 5^ 7 6 + "
"(.0000134071,0)4^ 5^ 2 7 + "
"(-.0000134071,0)5^ 4^ 2 7 + "
"(-.0000134071,0)4^ 5^ 7 2 + "
"(.0000134071,0)5^ 4^ 7 2 + "
"(.0000000231,0)4^ 5^ 2 8 + "
"(-.0000000231,0)5^ 4^ 2 8 + "
"(-.0000000231,0)4^ 5^ 8 2 + "
"(.0000000231,0)5^ 4^ 8 2 + "
"(.0000000100,0)4^ 0^ 2 3 + "
"(.0000000100,0)9^ 5^ 7 8 + "
"(-.0029995451,0)4^ 5^ 2 9 + "
"(.0029995451,0)5^ 4^ 2 9 + "
"(.0029995451,0)4^ 5^ 9 2 + "
"(-.0029995451,0)5^ 4^ 9 2 + "
"(.0324376431,0)4^ 0^ 2 4 + "
"(.0324376431,0)9^ 5^ 7 9 + "
"(.0000000047,0)4^ 6^ 2 5 + "
"(-.0000000047,0)6^ 4^ 2 5 + "
"(-.0000000047,0)4^ 6^ 5 2 + "
"(.0000000047,0)6^ 4^ 5 2 + "
"(-.0000069418,0)4^ 6^ 2 6 + "
"(.0000069418,0)6^ 4^ 2 6 + "
"(.0000069418,0)4^ 6^ 6 2 + "
"(-.0000069418,0)6^ 4^ 6 2 + "
"(-.0000062488,0)4^ 1^ 2 1 + "
"(-.0000062488,0)9^ 6^ 7 6 + "
"(.0000000021,0)4^ 6^ 2 7 + "
"(-.0000000021,0)6^ 4^ 2 7 + "
"(-.0000000021,0)4^ 6^ 7 2 + "
"(.0000000021,0)6^ 4^ 7 2 + "
"(-.0000005849,0)4^ 6^ 2 9 + "
"(.0000005849,0)6^ 4^ 2 9 + "
"(.0000005849,0)4^ 6^ 9 2 + "
"(-.0000005849,0)6^ 4^ 9 2 + "
"(.0000035582,0)4^ 1^ 2 4 + "
"(.0000035582,0)9^ 6^ 7 9 + "
"(.0000134071,0)4^ 7^ 2 5 + "
"(-.0000134071,0)7^ 4^ 2 5 + "
"(-.0000134071,0)4^ 7^ 5 2 + "
"(.0000134071,0)7^ 4^ 5 2 + "
"(-.0000549949,0)4^ 2^ 2 0 + "
"(-.0000549949,0)9^ 7^ 7 5 + "
"(.0000000021,0)4^ 7^ 2 6 + "
"(-.0000000021,0)7^ 4^ 2 6 + "
"(-.0000000021,0)4^ 7^ 6 2 + "
"(.0000000021,0)7^ 4^ 6 2 + "
"(-.0000000056,0)4^ 2^ 2 1 + "
"(-.0000000056,0)9^ 7^ 7 6 + "
"(-.0000114535,0)4^ 7^ 2 7 + "
"(.0000114535,0)7^ 4^ 2 7 + "
"(.0000114535,0)4^ 7^ 7 2 + "
"(-.0000114535,0)7^ 4^ 7 2 + "
"(-.0000000024,0)4^ 7^ 2 8 + "
"(.0000000024,0)7^ 4^ 2 8 + "
"(.0000000024,0)4^ 7^ 8 2 + "
"(-.0000000024,0)7^ 4^ 8 2 + "
"(-.0000000059,0)4^ 2^ 2 3 + "
"(-.0000000059,0)9^ 7^ 7 8 + "
"(-.0075538094,0)4^ 7^ 2 9 + "
"(.0075538094,0)7^ 4^ 2 9 + "
"(.0075538094,0)4^ 7^ 9 2 + "
"(-.0075538094,0)7^ 4^ 9 2 + "
"(.1311574945,0)4^ 2^ 2 4 + "
"(.1311574945,0)9^ 7^ 7 9 + "
"(.0000000231,0)4^ 8^ 2 5 + "
"(-.0000000231,0)8^ 4^ 2 5 + "
"(-.0000000231,0)4^ 8^ 5 2 + "
"(.0000000231,0)8^ 4^ 5 2 + "
"(.0000000334,0)4^ 3^ 2 0 + "
"(.0000000334,0)9^ 8^ 7 5 + "
"(-.0000000024,0)4^ 8^ 2 7 + "
"(.0000000024,0)8^ 4^ 2 7 + "
"(.0000000024,0)4^ 8^ 7 2 + "
"(-.0000000024,0)8^ 4^ 7 2 + "
"(-.0000088757,0)4^ 8^ 2 8 + "
"(.0000088757,0)8^ 4^ 2 8 + "
"(.0000088757,0)4^ 8^ 8 2 + "
"(-.0000088757,0)8^ 4^ 8 2 + "
"(-.0000068139,0)4^ 3^ 2 3 + "
"(-.0000068139,0)9^ 8^ 7 8 + "
"(.0000010300,0)4^ 8^ 2 9 + "
"(-.0000010300,0)8^ 4^ 2 9 + "
"(-.0000010300,0)4^ 8^ 9 2 + "
"(.0000010300,0)8^ 4^ 9 2 + "
"(-.0000033894,0)4^ 3^ 2 4 + "
"(-.0000033894,0)9^ 8^ 7 9 + "
"(-.0029995451,0)4^ 9^ 2 5 + "
"(.0029995451,0)9^ 4^ 2 5 + "
"(.0029995451,0)4^ 9^ 5 2 + "
"(-.0029995451,0)9^ 4^ 5 2 + "
"(-.0000005849,0)4^ 9^ 2 6 + "
"(.0000005849,0)9^ 4^ 2 6 + "
"(.0000005849,0)4^ 9^ 6 2 + "
"(-.0000005849,0)9^ 4^ 6 2 + "
"(-.0075538094,0)4^ 9^ 2 7 + "
"(.0075538094,0)9^ 4^ 2 7 + "
"(.0075538094,0)4^ 9^ 7 2 + "
"(-.0075538094,0)9^ 4^ 7 2 + "
"(.0000010300,0)4^ 9^ 2 8 + "
"(-.0000010300,0)9^ 4^ 2 8 + "
"(-.0000010300,0)4^ 9^ 8 2 + "
"(.0000010300,0)9^ 4^ 8 2 + "
"(-.0000126510,0)4^ 9^ 2 9 + "
"(.0000126510,0)9^ 4^ 2 9 + "
"(.0000126510,0)4^ 9^ 9 2 + "
"(-.0000126510,0)9^ 4^ 9 2 + "
"(.0000007691,0)4^ 3 + "
"(.0000007691,0)9^ 8 + "
"(.0000000097,0)4^ 5^ 3 5 + "
"(-.0000000097,0)5^ 4^ 3 5 + "
"(-.0000000097,0)4^ 5^ 5 3 + "
"(.0000000097,0)5^ 4^ 5 3 + "
"(-.0000000070,0)4^ 0^ 3 0 + "
"(-.0000000070,0)9^ 5^ 8 5 + "
"(.0000000131,0)4^ 5^ 3 7 + "
"(-.0000000131,0)5^ 4^ 3 7 + "
"(-.0000000131,0)4^ 5^ 7 3 + "
"(.0000000131,0)5^ 4^ 7 3 + "
"(-.0000000100,0)4^ 0^ 3 2 + "
"(-.0000000100,0)9^ 5^ 8 7 + "
"(.0000045800,0)4^ 5^ 3 8 + "
"(-.0000045800,0)5^ 4^ 3 8 + "
"(-.0000045800,0)4^ 5^ 8 3 + "
"(.0000045800,0)5^ 4^ 8 3 + "
"(-.0000022354,0)4^ 5^ 3 9 + "
"(.0000022354,0)5^ 4^ 3 9 + "
"(.0000022354,0)4^ 5^ 9 3 + "
"(-.0000022354,0)5^ 4^ 9 3 + "
"(.0000279755,0)4^ 0^ 3 4 + "
"(.0000279755,0)9^ 5^ 8 9 + "
"(-.0000000033,0)4^ 6^ 3 6 + "
"(.0000000033,0)6^ 4^ 3 6 + "
"(.0000000033,0)4^ 6^ 6 3 + "
"(-.0000000033,0)6^ 4^ 6 3 + "
"(.0000000058,0)4^ 1^ 3 1 + "
"(.0000000058,0)9^ 6^ 8 6 + "
"(.0000000010,0)4^ 6^ 3 8 + "
"(-.0000000010,0)6^ 4^ 3 8 + "
"(-.0000000010,0)4^ 6^ 8 3 + "
"(.0000000010,0)6^ 4^ 8 3 + "
"(.0000000009,0)4^ 1^ 3 4 + "
"(.0000000009,0)9^ 6^ 8 9 + "
"(.0000000131,0)4^ 7^ 3 5 + "
"(-.0000000131,0)7^ 4^ 3 5 + "
"(-.0000000131,0)4^ 7^ 5 3 + "
"(.0000000131,0)7^ 4^ 5 3 + "
"(.0000000234,0)4^ 2^ 3 0 + "
"(.0000000234,0)9^ 7^ 8 5 + "
"(.0000000035,0)4^ 7^ 3 7 + "
"(-.0000000035,0)7^ 4^ 3 7 + "
"(-.0000000035,0)4^ 7^ 7 3 + "
"(.0000000035,0)7^ 4^ 7 3 + "
"(.0000000059,0)4^ 2^ 3 2 + "
"(.0000000059,0)9^ 7^ 8 7 + "
"(-.0000020618,0)4^ 7^ 3 8 + "
"(.0000020618,0)7^ 4^ 3 8 + "
"(.0000020618,0)4^ 7^ 8 3 + "
"(-.0000020618,0)7^ 4^ 8 3 + "
"(.0000010300,0)4^ 7^ 3 9 + "
"(-.0000010300,0)7^ 4^ 3 9 + "
"(-.0000010300,0)4^ 7^ 9 3 + "
"(.0000010300,0)7^ 4^ 9 3 + "
"(-.0000033894,0)4^ 2^ 3 4 + "
"(-.0000033894,0)9^ 7^ 8 9 + "
"(.0000045800,0)4^ 8^ 3 5 + "
"(-.0000045800,0)8^ 4^ 3 5 + "
"(-.0000045800,0)4^ 8^ 5 3 + "
"(.0000045800,0)8^ 4^ 5 3 + "
"(-.0000562834,0)4^ 3^ 3 0 + "
"(-.0000562834,0)9^ 8^ 8 5 + "
"(.0000000010,0)4^ 8^ 3 6 + "
"(-.0000000010,0)8^ 4^ 3 6 + "
"(-.0000000010,0)4^ 8^ 6 3 + "
"(.0000000010,0)8^ 4^ 6 3 + "
"(-.0000000059,0)4^ 3^ 3 1 + "
"(-.0000000059,0)9^ 8^ 8 6 + "
"(-.0000020618,0)4^ 8^ 3 7 + "
"(.0000020618,0)8^ 4^ 3 7 + "
"(.0000020618,0)4^ 8^ 7 3 + "
"(-.0000020618,0)8^ 4^ 7 3 + "
"(.0000068139,0)4^ 3^ 3 2 + "
"(.0000068139,0)9^ 8^ 8 7 + "
"(-.0000034455,0)4^ 8^ 3 8 + "
"(.0000034455,0)8^ 4^ 3 8 + "
"(.0000034455,0)4^ 8^ 8 3 + "
"(-.0000034455,0)8^ 4^ 8 3 + "
"(-.0089435297,0)4^ 8^ 3 9 + "
"(.0089435297,0)8^ 4^ 3 9 + "
"(.0089435297,0)4^ 8^ 9 3 + "
"(-.0089435297,0)8^ 4^ 9 3 + "
"(.1377573991,0)4^ 3^ 3 4 + "
"(.1377573991,0)9^ 8^ 8 9 + "
"(-.0000022354,0)4^ 9^ 3 5 + "
"(.0000022354,0)9^ 4^ 3 5 + "
"(.0000022354,0)4^ 9^ 5 3 + "
"(-.0000022354,0)9^ 4^ 5 3 + "
"(.0000010300,0)4^ 9^ 3 7 + "
"(-.0000010300,0)9^ 4^ 3 7 + "
"(-.0000010300,0)4^ 9^ 7 3 + "
"(.0000010300,0)9^ 4^ 7 3 + "
"(-.0089435297,0)4^ 9^ 3 8 + "
"(.0089435297,0)9^ 4^ 3 8 + "
"(.0089435297,0)4^ 9^ 8 3 + "
"(-.0089435297,0)9^ 4^ 8 3 + "
"(.0000026910,0)4^ 9^ 3 9 + "
"(-.0000026910,0)9^ 4^ 3 9 + "
"(-.0000026910,0)4^ 9^ 9 3 + "
"(.0000026910,0)9^ 4^ 9 3 + "
"(-.1082617842,0)4^ 4 + "
"(-.1082617842,0)9^ 9 + "
"(-.1575546022,0)4^ 5^ 4 5 + "
"(.1575546022,0)5^ 4^ 4 5 + "
"(.1575546022,0)4^ 5^ 5 4 + "
"(-.1575546022,0)5^ 4^ 5 4 + "
"(-.1271653730,0)4^ 0^ 4 0 + "
"(-.1271653730,0)9^ 5^ 9 5 + "
"(.0000063412,0)4^ 5^ 4 6 + "
"(-.0000063412,0)5^ 4^ 4 6 + "
"(-.0000063412,0)4^ 5^ 6 4 + "
"(.0000063412,0)5^ 4^ 6 4 + "
"(.0000055834,0)4^ 0^ 4 1 + "
"(.0000055834,0)9^ 5^ 9 6 + "
"(-.0354371882,0)4^ 5^ 4 7 + "
"(.0354371882,0)5^ 4^ 4 7 + "
"(.0354371882,0)4^ 5^ 7 4 + "
"(-.0354371882,0)5^ 4^ 7 4 + "
"(-.0324376431,0)4^ 0^ 4 2 + "
"(-.0324376431,0)9^ 5^ 9 7 + "
"(-.0000302110,0)4^ 5^ 4 8 + "
"(.0000302110,0)5^ 4^ 4 8 + "
"(.0000302110,0)4^ 5^ 8 4 + "
"(-.0000302110,0)5^ 4^ 8 4 + "
"(-.0000279755,0)4^ 0^ 4 3 + "
"(-.0000279755,0)9^ 5^ 9 8 + "
"(.0000699397,0)4^ 5^ 4 9 + "
"(-.0000699397,0)5^ 4^ 4 9 + "
"(-.0000699397,0)4^ 5^ 9 4 + "
"(.0000699397,0)5^ 4^ 9 4 + "
"(.0000063412,0)4^ 6^ 4 5 + "
"(-.0000063412,0)6^ 4^ 4 5 + "
"(-.0000063412,0)4^ 6^ 5 4 + "
"(.0000063412,0)6^ 4^ 5 4 + "
"(.0000055834,0)4^ 1^ 4 0 + "
"(.0000055834,0)9^ 6^ 9 5 + "
"(-.1490315987,0)4^ 6^ 4 6 + "
"(.1490315987,0)6^ 4^ 4 6 + "
"(.1490315987,0)4^ 6^ 6 4 + "
"(-.1490315987,0)6^ 4^ 6 4 + "
"(-.1388893278,0)4^ 1^ 4 1 + "
"(-.1388893278,0)9^ 6^ 9 6 + "
"(-.0000041432,0)4^ 6^ 4 7 + "
"(.0000041432,0)6^ 4^ 4 7 + "
"(.0000041432,0)4^ 6^ 7 4 + "
"(-.0000041432,0)6^ 4^ 7 4 + "
"(-.0000035582,0)4^ 1^ 4 2 + "
"(-.0000035582,0)9^ 6^ 9 7 + "
"(-.0000000011,0)4^ 6^ 4 8 + "
"(.0000000011,0)6^ 4^ 4 8 + "
"(.0000000011,0)4^ 6^ 8 4 + "
"(-.0000000011,0)6^ 4^ 8 4 + "
"(-.0000000009,0)4^ 1^ 4 3 + "
"(-.0000000009,0)9^ 6^ 9 8 + "
"(.0000000088,0)4^ 6^ 4 9 + "
"(-.0000000088,0)6^ 4^ 4 9 + "
"(-.0000000088,0)4^ 6^ 9 4 + "
"(.0000000088,0)6^ 4^ 9 4 + "
"(-.0354371882,0)4^ 7^ 4 5 + "
"(.0354371882,0)7^ 4^ 4 5 + "
"(.0354371882,0)4^ 7^ 5 4 + "
"(-.0354371882,0)7^ 4^ 5 4 + "
"(-.0324376431,0)4^ 2^ 4 0 + "
"(-.0324376431,0)9^ 7^ 9 5 + "
"(-.0000041432,0)4^ 7^ 4 6 + "
"(.0000041432,0)7^ 4^ 4 6 + "
"(.0000041432,0)4^ 7^ 6 4 + "
"(-.0000041432,0)7^ 4^ 6 4 + "
"(-.0000035582,0)4^ 2^ 4 1 + "
"(-.0000035582,0)9^ 7^ 9 6 + "
"(-.1387113039,0)4^ 7^ 4 7 + "
"(.1387113039,0)7^ 4^ 4 7 + "
"(.1387113039,0)4^ 7^ 7 4 + "
"(-.1387113039,0)7^ 4^ 7 4 + "
"(-.1311574945,0)4^ 2^ 4 2 + "
"(-.1311574945,0)9^ 7^ 9 7 + "
"(.0000044194,0)4^ 7^ 4 8 + "
"(-.0000044194,0)7^ 4^ 4 8 + "
"(-.0000044194,0)4^ 7^ 8 4 + "
"(.0000044194,0)7^ 4^ 8 4 + "
"(.0000033894,0)4^ 2^ 4 3 + "
"(.0000033894,0)9^ 7^ 9 8 + "
"(-.0000126510,0)4^ 7^ 4 9 + "
"(.0000126510,0)7^ 4^ 4 9 + "
"(.0000126510,0)4^ 7^ 9 4 + "
"(-.0000126510,0)7^ 4^ 9 4 + "
"(-.0000302110,0)4^ 8^ 4 5 + "
"(.0000302110,0)8^ 4^ 4 5 + "
"(.0000302110,0)4^ 8^ 5 4 + "
"(-.0000302110,0)8^ 4^ 5 4 + "
"(-.0000279755,0)4^ 3^ 4 0 + "
"(-.0000279755,0)9^ 8^ 9 5 + "
"(-.0000000011,0)4^ 8^ 4 6 + "
"(.0000000011,0)8^ 4^ 4 6 + "
"(.0000000011,0)4^ 8^ 6 4 + "
"(-.0000000011,0)8^ 4^ 6 4 + "
"(-.0000000009,0)4^ 3^ 4 1 + "
"(-.0000000009,0)9^ 8^ 9 6 + "
"(.0000044194,0)4^ 8^ 4 7 + "
"(-.0000044194,0)8^ 4^ 4 7 + "
"(-.0000044194,0)4^ 8^ 7 4 + "
"(.0000044194,0)8^ 4^ 7 4 + "
"(.0000033894,0)4^ 3^ 4 2 + "
"(.0000033894,0)9^ 8^ 9 7 + "
"(-.1467009288,0)4^ 8^ 4 8 + "
"(.1467009288,0)8^ 4^ 4 8 + "
"(.1467009288,0)4^ 8^ 8 4 + "
"(-.1467009288,0)8^ 4^ 8 4 + "
"(-.1377573991,0)4^ 3^ 4 3 + "
"(-.1377573991,0)9^ 8^ 9 8 + "
"(.0000026910,0)4^ 8^ 4 9 + "
"(-.0000026910,0)8^ 4^ 4 9 + "
"(-.0000026910,0)4^ 8^ 9 4 + "
"(.0000026910,0)8^ 4^ 9 4 + "
"(.0000699397,0)4^ 9^ 4 5 + "
"(-.0000699397,0)9^ 4^ 4 5 + "
"(-.0000699397,0)4^ 9^ 5 4 + "
"(.0000699397,0)9^ 4^ 5 4 + "
"(.0000000088,0)4^ 9^ 4 6 + "
"(-.0000000088,0)9^ 4^ 4 6 + "
"(-.0000000088,0)4^ 9^ 6 4 + "
"(.0000000088,0)9^ 4^ 6 4 + "
"(-.0000126510,0)4^ 9^ 4 7 + "
"(.0000126510,0)9^ 4^ 4 7 + "
"(.0000126510,0)4^ 9^ 7 4 + "
"(-.0000126510,0)9^ 4^ 7 4 + "
"(.0000026910,0)4^ 9^ 4 8 + "
"(-.0000026910,0)9^ 4^ 4 8 + "
"(-.0000026910,0)4^ 9^ 8 4 + "
"(.0000026910,0)9^ 4^ 8 4 + "
"(-.1635318833,0)4^ 9^ 4 9 + "
"(.1635318833,0)9^ 4^ 4 9 + "
"(.1635318833,0)4^ 9^ 9 4 + "
"(-.1635318833,0)9^ 4^ 9 4 + "
"(.7559674986,0)"
