"(-1.3590526639,0)0^ 0 + "
"(-1.3590526639,0)5^ 5 + "
"(-.1781027586,0)0^ 5^ 0 5 + "
"(.1781027586,0)5^ 0^ 0 5 + "
"(.1781027586,0)0^ 5^ 5 0 + "
"(-.1781027586,0)5^ 0^ 5 0 + "
"(.0000130720,0)0^ 5^ 0 6 + "
"(-.0000130720,0)5^ 0^ 0 6 + "
"(-.0000130720,0)0^ 5^ 6 0 + "
"(.0000130720,0)5^ 0^ 6 0 + "
"(-.0488641081,0)0^ 5^ 0 7 + "
"(.0488641081,0)5^ 0^ 0 7 + "
"(.0488641081,0)0^ 5^ 7 0 + "
"(-.0488641081,0)5^ 0^ 7 0 + "
"(-.0000255616,0)0^ 5^ 0 8 + "
"(.0000255616,0)5^ 0^ 0 8 + "
"(.0000255616,0)0^ 5^ 8 0 + "
"(-.0000255616,0)5^ 0^ 8 0 + "
"(.0000198329,0)0^ 5^ 0 9 + "
"(-.0000198329,0)5^ 0^ 0 9 + "
"(-.0000198329,0)0^ 5^ 9 0 + "
"(.0000198329,0)5^ 0^ 9 0 + "
"(.0000130720,0)0^ 6^ 0 5 + "
"(-.0000130720,0)6^ 0^ 0 5 + "
"(-.0000130720,0)0^ 6^ 5 0 + "
"(.0000130720,0)6^ 0^ 5 0 + "
"(-.1714488125,0)0^ 6^ 0 6 + "
"(.1714488125,0)6^ 0^ 0 6 + "
"(.1714488125,0)0^ 6^ 6 0 + "
"(-.1714488125,0)6^ 0^ 6 0 + "
"(-.1304906560,0)0^ 1^ 0 1 + "
"(-.1304906560,0)5^ 6^ 5 6 + "
"(-.0000064249,0)0^ 6^ 0 7 + "
"(.0000064249,0)6^ 0^ 0 7 + "
"(.0000064249,0)0^ 6^ 7 0 + "
"(-.0000064249,0)6^ 0^ 7 0 + "
"(-.0000043029,0)0^ 1^ 0 2 + "
"(-.0000043029,0)5^ 6^ 5 7 + "
"(-.0000000091,0)0^ 6^ 0 8 + "
"(.0000000091,0)6^ 0^ 0 8 + "
"(.0000000091,0)0^ 6^ 8 0 + "
"(-.0000000091,0)6^ 0^ 8 0 + "
"(-.0000000044,0)0^ 1^ 0 3 + "
"(-.0000000044,0)5^ 6^ 5 8 + "
"(.0000000190,0)0^ 6^ 0 9 + "
"(-.0000000190,0)6^ 0^ 0 9 + "
"(-.0000000190,0)0^ 6^ 9 0 + "
"(.0000000190,0)6^ 0^ 9 0 + "
"(.0000000079,0)0^ 1^ 0 4 + "
"(.0000000079,0)5^ 6^ 5 9 + "
"(-.0488641081,0)0^ 7^ 0 5 + "
"(.0488641081,0)7^ 0^ 0 5 + "
"(.0488641081,0)0^ 7^ 5 0 + "
"(-.0488641081,0)7^ 0^ 5 0 + "
"(-.0000064249,0)0^ 7^ 0 6 + "
"(.0000064249,0)7^ 0^ 0 6 + "
"(.0000064249,0)0^ 7^ 6 0 + "
"(-.0000064249,0)7^ 0^ 6 0 + "
"(-.0000043029,0)0^ 2^ 0 1 + "
"(-.0000043029,0)5^ 7^ 5 6 + "
"(-.1587719746,0)0^ 7^ 0 7 + "
"(.1587719746,0)7^ 0^ 0 7 + "
"(.1587719746,0)0^ 7^ 7 0 + "
"(-.1587719746,0)7^ 0^ 7 0 + "
"(-.1226408892,0)0^ 2^ 0 2 + "
"(-.1226408892,0)5^ 7^ 5 7 + "
"(.0000017945,0)0^ 7^ 0 8 + "
"(-.0000017945,0)7^ 0^ 0 8 + "
"(-.0000017945,0)0^ 7^ 8 0 + "
"(.0000017945,0)7^ 0^ 8 0 + "
"(.0000042811,0)0^ 2^ 0 3 + "
"(.0000042811,0)5^ 7^ 5 8 + "
"(-.0000013924,0)0^ 7^ 0 9 + "
"(.0000013924,0)7^ 0^ 0 9 + "
"(.0000013924,0)0^ 7^ 9 0 + "
"(-.0000013924,0)7^ 0^ 9 0 + "
"(-.0000033218,0)0^ 2^ 0 4 + "
"(-.0000033218,0)5^ 7^ 5 9 + "
"(-.0000255616,0)0^ 8^ 0 5 + "
"(.0000255616,0)8^ 0^ 0 5 + "
"(.0000255616,0)0^ 8^ 5 0 + "
"(-.0000255616,0)8^ 0^ 5 0 + "
"(-.0000000091,0)0^ 8^ 0 6 + "
"(.0000000091,0)8^ 0^ 0 6 + "
"(.0000000091,0)0^ 8^ 6 0 + "
"(-.0000000091,0)8^ 0^ 6 0 + "
"(-.0000000044,0)0^ 3^ 0 1 + "
"(-.0000000044,0)5^ 8^ 5 6 + "
"(.0000017945,0)0^ 8^ 0 7 + "
"(-.0000017945,0)8^ 0^ 0 7 + "
"(-.0000017945,0)0^ 8^ 7 0 + "
"(.0000017945,0)8^ 0^ 7 0 + "
"(.0000042811,0)0^ 3^ 0 2 + "
"(.0000042811,0)5^ 8^ 5 7 + "
"(-.1669547932,0)0^ 8^ 0 8 + "
"(.1669547932,0)8^ 0^ 0 8 + "
"(.1669547932,0)0^ 8^ 8 0 + "
"(-.1669547932,0)8^ 0^ 8 0 + "
"(-.1342905468,0)0^ 3^ 0 3 + "
"(-.1342905468,0)5^ 8^ 5 8 + "
"(-.0000000007,0)0^ 8^ 0 9 + "
"(.0000000007,0)8^ 0^ 0 9 + "
"(.0000000007,0)0^ 8^ 9 0 + "
"(-.0000000007,0)8^ 0^ 9 0 + "
"(-.0000000017,0)0^ 3^ 0 4 + "
"(-.0000000017,0)5^ 8^ 5 9 + "
"(.0000198329,0)0^ 9^ 0 5 + "
"(-.0000198329,0)9^ 0^ 0 5 + "
"(-.0000198329,0)0^ 9^ 5 0 + "
"(.0000198329,0)9^ 0^ 5 0 + "
"(.0000000190,0)0^ 9^ 0 6 + "
"(-.0000000190,0)9^ 0^ 0 6 + "
"(-.0000000190,0)0^ 9^ 6 0 + "
"(.0000000190,0)9^ 0^ 6 0 + "
"(.0000000079,0)0^ 4^ 0 1 + "
"(.0000000079,0)5^ 9^ 5 6 + "
"(-.0000013924,0)0^ 9^ 0 7 + "
"(.0000013924,0)9^ 0^ 0 7 + "
"(.0000013924,0)0^ 9^ 7 0 + "
"(-.0000013924,0)9^ 0^ 7 0 + "
"(-.0000033218,0)0^ 4^ 0 2 + "
"(-.0000033218,0)5^ 9^ 5 7 + "
"(-.0000000007,0)0^ 9^ 0 8 + "
"(.0000000007,0)9^ 0^ 0 8 + "
"(.0000000007,0)0^ 9^ 8 0 + "
"(-.0000000007,0)9^ 0^ 8 0 + "
"(-.0000000017,0)0^ 4^ 0 3 + "
"(-.0000000017,0)5^ 9^ 5 8 + "
"(-.1669559662,0)0^ 9^ 0 9 + "
"(.1669559662,0)9^ 0^ 0 9 + "
"(.1669559662,0)0^ 9^ 9 0 + "
"(-.1669559662,0)9^ 0^ 9 0 + "
"(-.1342914270,0)0^ 4^ 0 4 + "
"(-.1342914270,0)5^ 9^ 5 9 + "
"(.0000522885,0)0^ 1 + "
"(.0000522885,0)5^ 6 + "
"(.0000130720,0)0^ 5^ 1 5 + "
"(-.0000130720,0)5^ 0^ 1 5 + "
"(-.0000130720,0)0^ 5^ 5 1 + "
"(.0000130720,0)5^ 0^ 5 1 + "
"(-.0409581565,0)0^ 5^ 1 6 + "
"(.0409581565,0)5^ 0^ 1 6 + "
"(.0409581565,0)0^ 5^ 6 1 + "
"(-.0409581565,0)5^ 0^ 6 1 + "
"(-.0000021221,0)0^ 5^ 1 7 + "
"(.0000021221,0)5^ 0^ 1 7 + "
"(.0000021221,0)0^ 5^ 7 1 + "
"(-.0000021221,0)5^ 0^ 7 1 + "
"(-.0000000047,0)0^ 5^ 1 8 + "
"(.0000000047,0)5^ 0^ 1 8 + "
"(.0000000047,0)0^ 5^ 8 1 + "
"(-.0000000047,0)5^ 0^ 8 1 + "
"(.0000000111,0)0^ 5^ 1 9 + "
"(-.0000000111,0)5^ 0^ 1 9 + "
"(-.0000000111,0)0^ 5^ 9 1 + "
"(.0000000111,0)5^ 0^ 9 1 + "
"(-.0409581565,0)0^ 6^ 1 5 + "
"(.0409581565,0)6^ 0^ 1 5 + "
"(.0409581565,0)0^ 6^ 5 1 + "
"(-.0409581565,0)6^ 0^ 5 1 + "
"(.1304906560,0)0^ 1^ 1 0 + "
"(.1304906560,0)5^ 6^ 6 5 + "
"(.0000139637,0)0^ 6^ 1 6 + "
"(-.0000139637,0)6^ 0^ 1 6 + "
"(-.0000139637,0)0^ 6^ 6 1 + "
"(.0000139637,0)6^ 0^ 6 1 + "
"(-.0049935592,0)0^ 6^ 1 7 + "
"(.0049935592,0)6^ 0^ 1 7 + "
"(.0049935592,0)0^ 6^ 7 1 + "
"(-.0049935592,0)6^ 0^ 7 1 + "
"(.0341811700,0)0^ 1^ 1 2 + "
"(.0341811700,0)5^ 6^ 6 7 + "
"(-.0000021150,0)0^ 6^ 1 8 + "
"(.0000021150,0)6^ 0^ 1 8 + "
"(.0000021150,0)0^ 6^ 8 1 + "
"(-.0000021150,0)6^ 0^ 8 1 + "
"(.0000181146,0)0^ 1^ 1 3 + "
"(.0000181146,0)5^ 6^ 6 8 + "
"(.0000016391,0)0^ 6^ 1 9 + "
"(-.0000016391,0)6^ 0^ 1 9 + "
"(-.0000016391,0)0^ 6^ 9 1 + "
"(.0000016391,0)6^ 0^ 9 1 + "
"(-.0000140559,0)0^ 1^ 1 4 + "
"(-.0000140559,0)5^ 6^ 6 9 + "
"(-.0000021221,0)0^ 7^ 1 5 + "
"(.0000021221,0)7^ 0^ 1 5 + "
"(.0000021221,0)0^ 7^ 5 1 + "
"(-.0000021221,0)7^ 0^ 5 1 + "
"(.0000043029,0)0^ 2^ 1 0 + "
"(.0000043029,0)5^ 7^ 6 5 + "
"(-.0049935592,0)0^ 7^ 1 6 + "
"(.0049935592,0)7^ 0^ 1 6 + "
"(.0049935592,0)0^ 7^ 6 1 + "
"(-.0049935592,0)7^ 0^ 6 1 + "
"(.0000075997,0)0^ 7^ 1 7 + "
"(-.0000075997,0)7^ 0^ 1 7 + "
"(-.0000075997,0)0^ 7^ 7 1 + "
"(.0000075997,0)7^ 0^ 7 1 + "
"(.0000091730,0)0^ 2^ 1 2 + "
"(.0000091730,0)5^ 7^ 6 7 + "
"(-.0000000039,0)0^ 7^ 1 8 + "
"(.0000000039,0)7^ 0^ 1 8 + "
"(.0000000039,0)0^ 7^ 8 1 + "
"(-.0000000039,0)7^ 0^ 8 1 + "
"(-.0000000007,0)0^ 2^ 1 3 + "
"(-.0000000007,0)5^ 7^ 6 8 + "
"(.0000000082,0)0^ 7^ 1 9 + "
"(-.0000000082,0)7^ 0^ 1 9 + "
"(-.0000000082,0)0^ 7^ 9 1 + "
"(.0000000082,0)7^ 0^ 9 1 + "
"(.0000000011,0)0^ 2^ 1 4 + "
"(.0000000011,0)5^ 7^ 6 9 + "
"(-.0000000047,0)0^ 8^ 1 5 + "
"(.0000000047,0)8^ 0^ 1 5 + "
"(.0000000047,0)0^ 8^ 5 1 + "
"(-.0000000047,0)8^ 0^ 5 1 + "
"(.0000000044,0)0^ 3^ 1 0 + "
"(.0000000044,0)5^ 8^ 6 5 + "
"(-.0000021150,0)0^ 8^ 1 6 + "
"(.0000021150,0)8^ 0^ 1 6 + "
"(.0000021150,0)0^ 8^ 6 1 + "
"(-.0000021150,0)8^ 0^ 6 1 + "
"(-.0000000039,0)0^ 8^ 1 7 + "
"(.0000000039,0)8^ 0^ 1 7 + "
"(.0000000039,0)0^ 8^ 7 1 + "
"(-.0000000039,0)8^ 0^ 7 1 + "
"(.0000000005,0)0^ 3^ 1 2 + "
"(.0000000005,0)5^ 8^ 6 7 + "
"(.0000103284,0)0^ 8^ 1 8 + "
"(-.0000103284,0)8^ 0^ 1 8 + "
"(-.0000103284,0)0^ 8^ 8 1 + "
"(.0000103284,0)8^ 0^ 8 1 + "
"(.0000091667,0)0^ 3^ 1 3 + "
"(.0000091667,0)5^ 8^ 6 8 + "
"(.0000000111,0)0^ 9^ 1 5 + "
"(-.0000000111,0)9^ 0^ 1 5 + "
"(-.0000000111,0)0^ 9^ 5 1 + "
"(.0000000111,0)9^ 0^ 5 1 + "
"(-.0000000079,0)0^ 4^ 1 0 + "
"(-.0000000079,0)5^ 9^ 6 5 + "
"(.0000016391,0)0^ 9^ 1 6 + "
"(-.0000016391,0)9^ 0^ 1 6 + "
"(-.0000016391,0)0^ 9^ 6 1 + "
"(.0000016391,0)9^ 0^ 6 1 + "
"(.0000000082,0)0^ 9^ 1 7 + "
"(-.0000000082,0)9^ 0^ 1 7 + "
"(-.0000000082,0)0^ 9^ 7 1 + "
"(.0000000082,0)9^ 0^ 7 1 + "
"(-.0000000017,0)0^ 4^ 1 2 + "
"(-.0000000017,0)5^ 9^ 6 7 + "
"(.0000103286,0)0^ 9^ 1 9 + "
"(-.0000103286,0)9^ 0^ 1 9 + "
"(-.0000103286,0)0^ 9^ 9 1 + "
"(.0000103286,0)9^ 0^ 9 1 + "
"(.0000091668,0)0^ 4^ 1 4 + "
"(.0000091668,0)5^ 9^ 6 9 + "
"(-.1954566893,0)0^ 2 + "
"(-.1954566893,0)5^ 7 + "
"(-.0488641081,0)0^ 5^ 2 5 + "
"(.0488641081,0)5^ 0^ 2 5 + "
"(.0488641081,0)0^ 5^ 5 2 + "
"(-.0488641081,0)5^ 0^ 5 2 + "
"(-.0000021221,0)0^ 5^ 2 6 + "
"(.0000021221,0)5^ 0^ 2 6 + "
"(.0000021221,0)0^ 5^ 6 2 + "
"(-.0000021221,0)5^ 0^ 6 2 + "
"(-.0361310854,0)0^ 5^ 2 7 + "
"(.0361310854,0)5^ 0^ 2 7 + "
"(.0361310854,0)0^ 5^ 7 2 + "
"(-.0361310854,0)5^ 0^ 7 2 + "
"(-.0000024867,0)0^ 5^ 2 8 + "
"(.0000024867,0)5^ 0^ 2 8 + "
"(.0000024867,0)0^ 5^ 8 2 + "
"(-.0000024867,0)5^ 0^ 8 2 + "
"(.0000019294,0)0^ 5^ 2 9 + "
"(-.0000019294,0)5^ 0^ 2 9 + "
"(-.0000019294,0)0^ 5^ 9 2 + "
"(.0000019294,0)5^ 0^ 9 2 + "
"(-.0000021221,0)0^ 6^ 2 5 + "
"(.0000021221,0)6^ 0^ 2 5 + "
"(.0000021221,0)0^ 6^ 5 2 + "
"(-.0000021221,0)6^ 0^ 5 2 + "
"(.0000043029,0)0^ 1^ 2 0 + "
"(.0000043029,0)5^ 6^ 7 5 + "
"(-.0391747292,0)0^ 6^ 2 6 + "
"(.0391747292,0)6^ 0^ 2 6 + "
"(.0391747292,0)0^ 6^ 6 2 + "
"(-.0391747292,0)6^ 0^ 6 2 + "
"(-.0341811700,0)0^ 1^ 2 1 + "
"(-.0341811700,0)5^ 6^ 7 6 + "
"(-.0000015733,0)0^ 6^ 2 7 + "
"(.0000015733,0)6^ 0^ 2 7 + "
"(.0000015733,0)0^ 6^ 7 2 + "
"(-.0000015733,0)6^ 0^ 7 2 + "
"(-.0000000044,0)0^ 6^ 2 8 + "
"(.0000000044,0)6^ 0^ 2 8 + "
"(.0000000044,0)0^ 6^ 8 2 + "
"(-.0000000044,0)6^ 0^ 8 2 + "
"(-.0000000012,0)0^ 1^ 2 3 + "
"(-.0000000012,0)5^ 6^ 7 8 + "
"(.0000000099,0)0^ 6^ 2 9 + "
"(-.0000000099,0)6^ 0^ 2 9 + "
"(-.0000000099,0)0^ 6^ 9 2 + "
"(.0000000099,0)6^ 0^ 9 2 + "
"(.0000000028,0)0^ 1^ 2 4 + "
"(.0000000028,0)5^ 6^ 7 9 + "
"(-.0361310854,0)0^ 7^ 2 5 + "
"(.0361310854,0)7^ 0^ 2 5 + "
"(.0361310854,0)0^ 7^ 5 2 + "
"(-.0361310854,0)7^ 0^ 5 2 + "
"(.1226408892,0)0^ 2^ 2 0 + "
"(.1226408892,0)5^ 7^ 7 5 + "
"(-.0000015733,0)0^ 7^ 2 6 + "
"(.0000015733,0)7^ 0^ 2 6 + "
"(.0000015733,0)0^ 7^ 6 2 + "
"(-.0000015733,0)7^ 0^ 6 2 + "
"(-.0000091730,0)0^ 2^ 2 1 + "
"(-.0000091730,0)5^ 7^ 7 6 + "
"(-.0459279347,0)0^ 7^ 2 7 + "
"(.0459279347,0)7^ 0^ 2 7 + "
"(.0459279347,0)0^ 7^ 7 2 + "
"(-.0459279347,0)7^ 0^ 7 2 + "
"(-.0000043449,0)0^ 7^ 2 8 + "
"(.0000043449,0)7^ 0^ 2 8 + "
"(.0000043449,0)0^ 7^ 8 2 + "
"(-.0000043449,0)7^ 0^ 8 2 + "
"(.0000177421,0)0^ 2^ 2 3 + "
"(.0000177421,0)5^ 7^ 7 8 + "
"(.0000033710,0)0^ 7^ 2 9 + "
"(-.0000033710,0)7^ 0^ 2 9 + "
"(-.0000033710,0)0^ 7^ 9 2 + "
"(.0000033710,0)7^ 0^ 9 2 + "
"(-.0000137662,0)0^ 2^ 2 4 + "
"(-.0000137662,0)5^ 7^ 7 9 + "
"(-.0000024867,0)0^ 8^ 2 5 + "
"(.0000024867,0)8^ 0^ 2 5 + "
"(.0000024867,0)0^ 8^ 5 2 + "
"(-.0000024867,0)8^ 0^ 5 2 + "
"(-.0000042811,0)0^ 3^ 2 0 + "
"(-.0000042811,0)5^ 8^ 7 5 + "
"(-.0000000044,0)0^ 8^ 2 6 + "
"(.0000000044,0)8^ 0^ 2 6 + "
"(.0000000044,0)0^ 8^ 6 2 + "
"(-.0000000044,0)8^ 0^ 6 2 + "
"(-.0000000005,0)0^ 3^ 2 1 + "
"(-.0000000005,0)5^ 8^ 7 6 + "
"(-.0000043449,0)0^ 8^ 2 7 + "
"(.0000043449,0)8^ 0^ 2 7 + "
"(.0000043449,0)0^ 8^ 7 2 + "
"(-.0000043449,0)8^ 0^ 7 2 + "
"(-.0380113174,0)0^ 8^ 2 8 + "
"(.0380113174,0)8^ 0^ 2 8 + "
"(.0380113174,0)0^ 8^ 8 2 + "
"(-.0380113174,0)8^ 0^ 8 2 + "
"(-.0346308112,0)0^ 3^ 2 3 + "
"(-.0346308112,0)5^ 8^ 7 8 + "
"(.0000000014,0)0^ 8^ 2 9 + "
"(-.0000000014,0)8^ 0^ 2 9 + "
"(-.0000000014,0)0^ 8^ 9 2 + "
"(.0000000014,0)8^ 0^ 9 2 + "
"(.0000019294,0)0^ 9^ 2 5 + "
"(-.0000019294,0)9^ 0^ 2 5 + "
"(-.0000019294,0)0^ 9^ 5 2 + "
"(.0000019294,0)9^ 0^ 5 2 + "
"(.0000033218,0)0^ 4^ 2 0 + "
"(.0000033218,0)5^ 9^ 7 5 + "
"(.0000000099,0)0^ 9^ 2 6 + "
"(-.0000000099,0)9^ 0^ 2 6 + "
"(-.0000000099,0)0^ 9^ 6 2 + "
"(.0000000099,0)9^ 0^ 6 2 + "
"(.0000000017,0)0^ 4^ 2 1 + "
"(.0000000017,0)5^ 9^ 7 6 + "
"(.0000033710,0)0^ 9^ 2 7 + "
"(-.0000033710,0)9^ 0^ 2 7 + "
"(-.0000033710,0)0^ 9^ 7 2 + "
"(.0000033710,0)9^ 0^ 7 2 + "
"(.0000000014,0)0^ 9^ 2 8 + "
"(-.0000000014,0)9^ 0^ 2 8 + "
"(-.0000000014,0)0^ 9^ 8 2 + "
"(.0000000014,0)9^ 0^ 8 2 + "
"(-.0380119853,0)0^ 9^ 2 9 + "
"(.0380119853,0)9^ 0^ 2 9 + "
"(.0380119853,0)0^ 9^ 9 2 + "
"(-.0380119853,0)9^ 0^ 9 2 + "
"(-.0346310731,0)0^ 4^ 2 4 + "
"(-.0346310731,0)5^ 9^ 7 9 + "
"(-.0001022466,0)0^ 3 + "
"(-.0001022466,0)5^ 8 + "
"(-.0000255616,0)0^ 5^ 3 5 + "
"(.0000255616,0)5^ 0^ 3 5 + "
"(.0000255616,0)0^ 5^ 5 3 + "
"(-.0000255616,0)5^ 0^ 5 3 + "
"(-.0000000047,0)0^ 5^ 3 6 + "
"(.0000000047,0)5^ 0^ 3 6 + "
"(.0000000047,0)0^ 5^ 6 3 + "
"(-.0000000047,0)5^ 0^ 6 3 + "
"(-.0000024867,0)0^ 5^ 3 7 + "
"(.0000024867,0)5^ 0^ 3 7 + "
"(.0000024867,0)0^ 5^ 7 3 + "
"(-.0000024867,0)5^ 0^ 7 3 + "
"(-.0326642465,0)0^ 5^ 3 8 + "
"(.0326642465,0)5^ 0^ 3 8 + "
"(.0326642465,0)0^ 5^ 8 3 + "
"(-.0326642465,0)5^ 0^ 8 3 + "
"(.0000000010,0)0^ 5^ 3 9 + "
"(-.0000000010,0)5^ 0^ 3 9 + "
"(-.0000000010,0)0^ 5^ 9 3 + "
"(.0000000010,0)5^ 0^ 9 3 + "
"(-.0000000047,0)0^ 6^ 3 5 + "
"(.0000000047,0)6^ 0^ 3 5 + "
"(.0000000047,0)0^ 6^ 5 3 + "
"(-.0000000047,0)6^ 0^ 5 3 + "
"(.0000000044,0)0^ 1^ 3 0 + "
"(.0000000044,0)5^ 6^ 8 5 + "
"(-.0000202297,0)0^ 6^ 3 6 + "
"(.0000202297,0)6^ 0^ 3 6 + "
"(.0000202297,0)0^ 6^ 6 3 + "
"(-.0000202297,0)6^ 0^ 6 3 + "
"(-.0000181146,0)0^ 1^ 3 1 + "
"(-.0000181146,0)5^ 6^ 8 6 + "
"(-.0000000032,0)0^ 6^ 3 7 + "
"(.0000000032,0)6^ 0^ 3 7 + "
"(.0000000032,0)0^ 6^ 7 3 + "
"(-.0000000032,0)6^ 0^ 7 3 + "
"(.0000000012,0)0^ 1^ 3 2 + "
"(.0000000012,0)5^ 6^ 8 7 + "
"(.0000011617,0)0^ 6^ 3 8 + "
"(-.0000011617,0)6^ 0^ 3 8 + "
"(-.0000011617,0)0^ 6^ 8 3 + "
"(.0000011617,0)6^ 0^ 8 3 + "
"(-.0000024867,0)0^ 7^ 3 5 + "
"(.0000024867,0)7^ 0^ 3 5 + "
"(.0000024867,0)0^ 7^ 5 3 + "
"(-.0000024867,0)7^ 0^ 5 3 + "
"(-.0000042811,0)0^ 2^ 3 0 + "
"(-.0000042811,0)5^ 7^ 8 5 + "
"(-.0000000032,0)0^ 7^ 3 6 + "
"(.0000000032,0)7^ 0^ 3 6 + "
"(.0000000032,0)0^ 7^ 6 3 + "
"(-.0000000032,0)7^ 0^ 6 3 + "
"(.0000000007,0)0^ 2^ 3 1 + "
"(.0000000007,0)5^ 7^ 8 6 + "
"(-.0000220870,0)0^ 7^ 3 7 + "
"(.0000220870,0)7^ 0^ 3 7 + "
"(.0000220870,0)0^ 7^ 7 3 + "
"(-.0000220870,0)7^ 0^ 7 3 + "
"(-.0000177421,0)0^ 2^ 3 2 + "
"(-.0000177421,0)5^ 7^ 8 7 + "
"(-.0033805063,0)0^ 7^ 3 8 + "
"(.0033805063,0)7^ 0^ 3 8 + "
"(.0033805063,0)0^ 7^ 8 3 + "
"(-.0033805063,0)7^ 0^ 8 3 + "
"(.0000000016,0)0^ 7^ 3 9 + "
"(-.0000000016,0)7^ 0^ 3 9 + "
"(-.0000000016,0)0^ 7^ 9 3 + "
"(.0000000016,0)7^ 0^ 9 3 + "
"(-.0326642465,0)0^ 8^ 3 5 + "
"(.0326642465,0)8^ 0^ 3 5 + "
"(.0326642465,0)0^ 8^ 5 3 + "
"(-.0326642465,0)8^ 0^ 5 3 + "
"(.1342905468,0)0^ 3^ 3 0 + "
"(.1342905468,0)5^ 8^ 8 5 + "
"(.0000011617,0)0^ 8^ 3 6 + "
"(-.0000011617,0)8^ 0^ 3 6 + "
"(-.0000011617,0)0^ 8^ 6 3 + "
"(.0000011617,0)8^ 0^ 6 3 + "
"(-.0000091667,0)0^ 3^ 3 1 + "
"(-.0000091667,0)5^ 8^ 8 6 + "
"(-.0033805063,0)0^ 8^ 3 7 + "
"(.0033805063,0)8^ 0^ 3 7 + "
"(.0033805063,0)0^ 8^ 7 3 + "
"(-.0033805063,0)8^ 0^ 7 3 + "
"(.0346308112,0)0^ 3^ 3 2 + "
"(.0346308112,0)5^ 8^ 8 7 + "
"(-.0000228288,0)0^ 8^ 3 8 + "
"(.0000228288,0)8^ 0^ 3 8 + "
"(.0000228288,0)0^ 8^ 8 3 + "
"(-.0000228288,0)8^ 0^ 8 3 + "
"(.0000011662,0)0^ 8^ 3 9 + "
"(-.0000011662,0)8^ 0^ 3 9 + "
"(-.0000011662,0)0^ 8^ 9 3 + "
"(.0000011662,0)8^ 0^ 9 3 + "
"(-.0000141414,0)0^ 3^ 3 4 + "
"(-.0000141414,0)5^ 8^ 8 9 + "
"(.0000000010,0)0^ 9^ 3 5 + "
"(-.0000000010,0)9^ 0^ 3 5 + "
"(-.0000000010,0)0^ 9^ 5 3 + "
"(.0000000010,0)9^ 0^ 5 3 + "
"(.0000000017,0)0^ 4^ 3 0 + "
"(.0000000017,0)5^ 9^ 8 5 + "
"(.0000000016,0)0^ 9^ 3 7 + "
"(-.0000000016,0)9^ 0^ 3 7 + "
"(-.0000000016,0)0^ 9^ 7 3 + "
"(.0000000016,0)9^ 0^ 7 3 + "
"(.0000011662,0)0^ 9^ 3 8 + "
"(-.0000011662,0)9^ 0^ 3 8 + "
"(-.0000011662,0)0^ 9^ 8 3 + "
"(.0000011662,0)9^ 0^ 8 3 + "
"(-.0000197286,0)0^ 9^ 3 9 + "
"(.0000197286,0)9^ 0^ 3 9 + "
"(.0000197286,0)0^ 9^ 9 3 + "
"(-.0000197286,0)9^ 0^ 9 3 + "
"(-.0000182275,0)0^ 4^ 3 4 + "
"(-.0000182275,0)5^ 9^ 8 9 + "
"(.0000793315,0)0^ 4 + "
"(.0000793315,0)5^ 9 + "
"(.0000198329,0)0^ 5^ 4 5 + "
"(-.0000198329,0)5^ 0^ 4 5 + "
"(-.0000198329,0)0^ 5^ 5 4 + "
"(.0000198329,0)5^ 0^ 5 4 + "
"(.0000000111,0)0^ 5^ 4 6 + "
"(-.0000000111,0)5^ 0^ 4 6 + "
"(-.0000000111,0)0^ 5^ 6 4 + "
"(.0000000111,0)5^ 0^ 6 4 + "
"(.0000019294,0)0^ 5^ 4 7 + "
"(-.0000019294,0)5^ 0^ 4 7 + "
"(-.0000019294,0)0^ 5^ 7 4 + "
"(.0000019294,0)5^ 0^ 7 4 + "
"(.0000000010,0)0^ 5^ 4 8 + "
"(-.0000000010,0)5^ 0^ 4 8 + "
"(-.0000000010,0)0^ 5^ 8 4 + "
"(.0000000010,0)5^ 0^ 8 4 + "
"(-.0326645392,0)0^ 5^ 4 9 + "
"(.0326645392,0)5^ 0^ 4 9 + "
"(.0326645392,0)0^ 5^ 9 4 + "
"(-.0326645392,0)5^ 0^ 9 4 + "
"(.0000000111,0)0^ 6^ 4 5 + "
"(-.0000000111,0)6^ 0^ 4 5 + "
"(-.0000000111,0)0^ 6^ 5 4 + "
"(.0000000111,0)6^ 0^ 5 4 + "
"(-.0000000079,0)0^ 1^ 4 0 + "
"(-.0000000079,0)5^ 6^ 9 5 + "
"(.0000156951,0)0^ 6^ 4 6 + "
"(-.0000156951,0)6^ 0^ 4 6 + "
"(-.0000156951,0)0^ 6^ 6 4 + "
"(.0000156951,0)6^ 0^ 6 4 + "
"(.0000140559,0)0^ 1^ 4 1 + "
"(.0000140559,0)5^ 6^ 9 6 + "
"(.0000000072,0)0^ 6^ 4 7 + "
"(-.0000000072,0)6^ 0^ 4 7 + "
"(-.0000000072,0)0^ 6^ 7 4 + "
"(.0000000072,0)6^ 0^ 7 4 + "
"(-.0000000028,0)0^ 1^ 4 2 + "
"(-.0000000028,0)5^ 6^ 9 7 + "
"(.0000011618,0)0^ 6^ 4 9 + "
"(-.0000011618,0)6^ 0^ 4 9 + "
"(-.0000011618,0)0^ 6^ 9 4 + "
"(.0000011618,0)6^ 0^ 9 4 + "
"(.0000019294,0)0^ 7^ 4 5 + "
"(-.0000019294,0)7^ 0^ 4 5 + "
"(-.0000019294,0)0^ 7^ 5 4 + "
"(.0000019294,0)7^ 0^ 5 4 + "
"(.0000033218,0)0^ 2^ 4 0 + "
"(.0000033218,0)5^ 7^ 9 5 + "
"(.0000000072,0)0^ 7^ 4 6 + "
"(-.0000000072,0)7^ 0^ 4 6 + "
"(-.0000000072,0)0^ 7^ 6 4 + "
"(.0000000072,0)7^ 0^ 6 4 + "
"(-.0000000011,0)0^ 2^ 4 1 + "
"(-.0000000011,0)5^ 7^ 9 6 + "
"(.0000171371,0)0^ 7^ 4 7 + "
"(-.0000171371,0)7^ 0^ 4 7 + "
"(-.0000171371,0)0^ 7^ 7 4 + "
"(.0000171371,0)7^ 0^ 7 4 + "
"(.0000137662,0)0^ 2^ 4 2 + "
"(.0000137662,0)5^ 7^ 9 7 + "
"(.0000000016,0)0^ 7^ 4 8 + "
"(-.0000000016,0)7^ 0^ 4 8 + "
"(-.0000000016,0)0^ 7^ 8 4 + "
"(.0000000016,0)7^ 0^ 8 4 + "
"(-.0033809122,0)0^ 7^ 4 9 + "
"(.0033809122,0)7^ 0^ 4 9 + "
"(.0033809122,0)0^ 7^ 9 4 + "
"(-.0033809122,0)7^ 0^ 9 4 + "
"(.0000000010,0)0^ 8^ 4 5 + "
"(-.0000000010,0)8^ 0^ 4 5 + "
"(-.0000000010,0)0^ 8^ 5 4 + "
"(.0000000010,0)8^ 0^ 5 4 + "
"(.0000000017,0)0^ 3^ 4 0 + "
"(.0000000017,0)5^ 8^ 9 5 + "
"(.0000000016,0)0^ 8^ 4 7 + "
"(-.0000000016,0)8^ 0^ 4 7 + "
"(-.0000000016,0)0^ 8^ 7 4 + "
"(.0000000016,0)8^ 0^ 7 4 + "
"(.0000153076,0)0^ 8^ 4 8 + "
"(-.0000153076,0)8^ 0^ 4 8 + "
"(-.0000153076,0)0^ 8^ 8 4 + "
"(.0000153076,0)8^ 0^ 8 4 + "
"(.0000141414,0)0^ 3^ 4 3 + "
"(.0000141414,0)5^ 8^ 9 8 + "
"(-.0000015011,0)0^ 8^ 4 9 + "
"(.0000015011,0)8^ 0^ 4 9 + "
"(.0000015011,0)0^ 8^ 9 4 + "
"(-.0000015011,0)8^ 0^ 9 4 + "
"(-.0326645392,0)0^ 9^ 4 5 + "
"(.0326645392,0)9^ 0^ 4 5 + "
"(.0326645392,0)0^ 9^ 5 4 + "
"(-.0326645392,0)9^ 0^ 5 4 + "
"(.1342914270,0)0^ 4^ 4 0 + "
"(.1342914270,0)5^ 9^ 9 5 + "
"(.0000011618,0)0^ 9^ 4 6 + "
"(-.0000011618,0)9^ 0^ 4 6 + "
"(-.0000011618,0)0^ 9^ 6 4 + "
"(.0000011618,0)9^ 0^ 6 4 + "
"(-.0000091668,0)0^ 4^ 4 1 + "
"(-.0000091668,0)5^ 9^ 9 6 + "
"(-.0033809122,0)0^ 9^ 4 7 + "
"(.0033809122,0)9^ 0^ 4 7 + "
"(.0033809122,0)0^ 9^ 7 4 + "
"(-.0033809122,0)9^ 0^ 7 4 + "
"(.0346310731,0)0^ 4^ 4 2 + "
"(.0346310731,0)5^ 9^ 9 7 + "
"(-.0000015011,0)0^ 9^ 4 8 + "
"(.0000015011,0)9^ 0^ 4 8 + "
"(.0000015011,0)0^ 9^ 8 4 + "
"(-.0000015011,0)9^ 0^ 8 4 + "
"(.0000182275,0)0^ 4^ 4 3 + "
"(.0000182275,0)5^ 9^ 9 8 + "
"(.0000177136,0)0^ 9^ 4 9 + "
"(-.0000177136,0)9^ 0^ 4 9 + "
"(-.0000177136,0)0^ 9^ 9 4 + "
"(.0000177136,0)9^ 0^ 9 4 + "
"(.0000522885,0)1^ 0 + "
"(.0000522885,0)6^ 5 + "
"(.0000130720,0)1^ 5^ 0 5 + "
"(-.0000130720,0)5^ 1^ 0 5 + "
"(-.0000130720,0)1^ 5^ 5 0 + "
"(.0000130720,0)5^ 1^ 5 0 + "
"(-.0409581565,0)1^ 5^ 0 6 + "
"(.0409581565,0)5^ 1^ 0 6 + "
"(.0409581565,0)1^ 5^ 6 0 + "
"(-.0409581565,0)5^ 1^ 6 0 + "
"(.1304906560,0)1^ 0^ 0 1 + "
"(.1304906560,0)6^ 5^ 5 6 + "
"(-.0000021221,0)1^ 5^ 0 7 + "
"(.0000021221,0)5^ 1^ 0 7 + "
"(.0000021221,0)1^ 5^ 7 0 + "
"(-.0000021221,0)5^ 1^ 7 0 + "
"(.0000043029,0)1^ 0^ 0 2 + "
"(.0000043029,0)6^ 5^ 5 7 + "
"(-.0000000047,0)1^ 5^ 0 8 + "
"(.0000000047,0)5^ 1^ 0 8 + "
"(.0000000047,0)1^ 5^ 8 0 + "
"(-.0000000047,0)5^ 1^ 8 0 + "
"(.0000000044,0)1^ 0^ 0 3 + "
"(.0000000044,0)6^ 5^ 5 8 + "
"(.0000000111,0)1^ 5^ 0 9 + "
"(-.0000000111,0)5^ 1^ 0 9 + "
"(-.0000000111,0)1^ 5^ 9 0 + "
"(.0000000111,0)5^ 1^ 9 0 + "
"(-.0000000079,0)1^ 0^ 0 4 + "
"(-.0000000079,0)6^ 5^ 5 9 + "
"(-.0409581565,0)1^ 6^ 0 5 + "
"(.0409581565,0)6^ 1^ 0 5 + "
"(.0409581565,0)1^ 6^ 5 0 + "
"(-.0409581565,0)6^ 1^ 5 0 + "
"(.0000139637,0)1^ 6^ 0 6 + "
"(-.0000139637,0)6^ 1^ 0 6 + "
"(-.0000139637,0)1^ 6^ 6 0 + "
"(.0000139637,0)6^ 1^ 6 0 + "
"(-.0049935592,0)1^ 6^ 0 7 + "
"(.0049935592,0)6^ 1^ 0 7 + "
"(.0049935592,0)1^ 6^ 7 0 + "
"(-.0049935592,0)6^ 1^ 7 0 + "
"(-.0000021150,0)1^ 6^ 0 8 + "
"(.0000021150,0)6^ 1^ 0 8 + "
"(.0000021150,0)1^ 6^ 8 0 + "
"(-.0000021150,0)6^ 1^ 8 0 + "
"(.0000016391,0)1^ 6^ 0 9 + "
"(-.0000016391,0)6^ 1^ 0 9 + "
"(-.0000016391,0)1^ 6^ 9 0 + "
"(.0000016391,0)6^ 1^ 9 0 + "
"(-.0000021221,0)1^ 7^ 0 5 + "
"(.0000021221,0)7^ 1^ 0 5 + "
"(.0000021221,0)1^ 7^ 5 0 + "
"(-.0000021221,0)7^ 1^ 5 0 + "
"(-.0049935592,0)1^ 7^ 0 6 + "
"(.0049935592,0)7^ 1^ 0 6 + "
"(.0049935592,0)1^ 7^ 6 0 + "
"(-.0049935592,0)7^ 1^ 6 0 + "
"(.0341811700,0)1^ 2^ 0 1 + "
"(.0341811700,0)6^ 7^ 5 6 + "
"(.0000075997,0)1^ 7^ 0 7 + "
"(-.0000075997,0)7^ 1^ 0 7 + "
"(-.0000075997,0)1^ 7^ 7 0 + "
"(.0000075997,0)7^ 1^ 7 0 + "
"(.0000091730,0)1^ 2^ 0 2 + "
"(.0000091730,0)6^ 7^ 5 7 + "
"(-.0000000039,0)1^ 7^ 0 8 + "
"(.0000000039,0)7^ 1^ 0 8 + "
"(.0000000039,0)1^ 7^ 8 0 + "
"(-.0000000039,0)7^ 1^ 8 0 + "
"(.0000000005,0)1^ 2^ 0 3 + "
"(.0000000005,0)6^ 7^ 5 8 + "
"(.0000000082,0)1^ 7^ 0 9 + "
"(-.0000000082,0)7^ 1^ 0 9 + "
"(-.0000000082,0)1^ 7^ 9 0 + "
"(.0000000082,0)7^ 1^ 9 0 + "
"(-.0000000017,0)1^ 2^ 0 4 + "
"(-.0000000017,0)6^ 7^ 5 9 + "
"(-.0000000047,0)1^ 8^ 0 5 + "
"(.0000000047,0)8^ 1^ 0 5 + "
"(.0000000047,0)1^ 8^ 5 0 + "
"(-.0000000047,0)8^ 1^ 5 0 + "
"(-.0000021150,0)1^ 8^ 0 6 + "
"(.0000021150,0)8^ 1^ 0 6 + "
"(.0000021150,0)1^ 8^ 6 0 + "
"(-.0000021150,0)8^ 1^ 6 0 + "
"(.0000181146,0)1^ 3^ 0 1 + "
"(.0000181146,0)6^ 8^ 5 6 + "
"(-.0000000039,0)1^ 8^ 0 7 + "
"(.0000000039,0)8^ 1^ 0 7 + "
"(.0000000039,0)1^ 8^ 7 0 + "
"(-.0000000039,0)8^ 1^ 7 0 + "
"(-.0000000007,0)1^ 3^ 0 2 + "
"(-.0000000007,0)6^ 8^ 5 7 + "
"(.0000103284,0)1^ 8^ 0 8 + "
"(-.0000103284,0)8^ 1^ 0 8 + "
"(-.0000103284,0)1^ 8^ 8 0 + "
"(.0000103284,0)8^ 1^ 8 0 + "
"(.0000091667,0)1^ 3^ 0 3 + "
"(.0000091667,0)6^ 8^ 5 8 + "
"(.0000000111,0)1^ 9^ 0 5 + "
"(-.0000000111,0)9^ 1^ 0 5 + "
"(-.0000000111,0)1^ 9^ 5 0 + "
"(.0000000111,0)9^ 1^ 5 0 + "
"(.0000016391,0)1^ 9^ 0 6 + "
"(-.0000016391,0)9^ 1^ 0 6 + "
"(-.0000016391,0)1^ 9^ 6 0 + "
"(.0000016391,0)9^ 1^ 6 0 + "
"(-.0000140559,0)1^ 4^ 0 1 + "
"(-.0000140559,0)6^ 9^ 5 6 + "
"(.0000000082,0)1^ 9^ 0 7 + "
"(-.0000000082,0)9^ 1^ 0 7 + "
"(-.0000000082,0)1^ 9^ 7 0 + "
"(.0000000082,0)9^ 1^ 7 0 + "
"(.0000000011,0)1^ 4^ 0 2 + "
"(.0000000011,0)6^ 9^ 5 7 + "
"(.0000103286,0)1^ 9^ 0 9 + "
"(-.0000103286,0)9^ 1^ 0 9 + "
"(-.0000103286,0)1^ 9^ 9 0 + "
"(.0000103286,0)9^ 1^ 9 0 + "
"(.0000091668,0)1^ 4^ 0 4 + "
"(.0000091668,0)6^ 9^ 5 9 + "
"(-.3944410181,0)1^ 1 + "
"(-.3944410181,0)6^ 6 + "
"(-.1714488125,0)1^ 5^ 1 5 + "
"(.1714488125,0)5^ 1^ 1 5 + "
"(.1714488125,0)1^ 5^ 5 1 + "
"(-.1714488125,0)5^ 1^ 5 1 + "
"(-.1304906560,0)1^ 0^ 1 0 + "
"(-.1304906560,0)6^ 5^ 6 5 + "
"(.0000139637,0)1^ 5^ 1 6 + "
"(-.0000139637,0)5^ 1^ 1 6 + "
"(-.0000139637,0)1^ 5^ 6 1 + "
"(.0000139637,0)5^ 1^ 6 1 + "
"(-.0391747292,0)1^ 5^ 1 7 + "
"(.0391747292,0)5^ 1^ 1 7 + "
"(.0391747292,0)1^ 5^ 7 1 + "
"(-.0391747292,0)5^ 1^ 7 1 + "
"(-.0341811700,0)1^ 0^ 1 2 + "
"(-.0341811700,0)6^ 5^ 6 7 + "
"(-.0000202297,0)1^ 5^ 1 8 + "
"(.0000202297,0)5^ 1^ 1 8 + "
"(.0000202297,0)1^ 5^ 8 1 + "
"(-.0000202297,0)5^ 1^ 8 1 + "
"(-.0000181146,0)1^ 0^ 1 3 + "
"(-.0000181146,0)6^ 5^ 6 8 + "
"(.0000156951,0)1^ 5^ 1 9 + "
"(-.0000156951,0)5^ 1^ 1 9 + "
"(-.0000156951,0)1^ 5^ 9 1 + "
"(.0000156951,0)5^ 1^ 9 1 + "
"(.0000140559,0)1^ 0^ 1 4 + "
"(.0000140559,0)6^ 5^ 6 9 + "
"(.0000139637,0)1^ 6^ 1 5 + "
"(-.0000139637,0)6^ 1^ 1 5 + "
"(-.0000139637,0)1^ 6^ 5 1 + "
"(.0000139637,0)6^ 1^ 5 1 + "
"(-.1802499515,0)1^ 6^ 1 6 + "
"(.1802499515,0)6^ 1^ 1 6 + "
"(.1802499515,0)1^ 6^ 6 1 + "
"(-.1802499515,0)6^ 1^ 6 1 + "
"(-.0000066800,0)1^ 6^ 1 7 + "
"(.0000066800,0)6^ 1^ 1 7 + "
"(.0000066800,0)1^ 6^ 7 1 + "
"(-.0000066800,0)6^ 1^ 7 1 + "
"(-.0000000089,0)1^ 6^ 1 8 + "
"(.0000000089,0)6^ 1^ 1 8 + "
"(.0000000089,0)1^ 6^ 8 1 + "
"(-.0000000089,0)6^ 1^ 8 1 + "
"(.0000000181,0)1^ 6^ 1 9 + "
"(-.0000000181,0)6^ 1^ 1 9 + "
"(-.0000000181,0)1^ 6^ 9 1 + "
"(.0000000181,0)6^ 1^ 9 1 + "
"(-.0391747292,0)1^ 7^ 1 5 + "
"(.0391747292,0)7^ 1^ 1 5 + "
"(.0391747292,0)1^ 7^ 5 1 + "
"(-.0391747292,0)7^ 1^ 5 1 + "
"(-.0341811700,0)1^ 2^ 1 0 + "
"(-.0341811700,0)6^ 7^ 6 5 + "
"(-.0000066800,0)1^ 7^ 1 6 + "
"(.0000066800,0)7^ 1^ 1 6 + "
"(.0000066800,0)1^ 7^ 6 1 + "
"(-.0000066800,0)7^ 1^ 6 1 + "
"(-.1484810153,0)1^ 7^ 1 7 + "
"(.1484810153,0)7^ 1^ 1 7 + "
"(.1484810153,0)1^ 7^ 7 1 + "
"(-.1484810153,0)7^ 1^ 7 1 + "
"(-.1390052318,0)1^ 2^ 1 2 + "
"(-.1390052318,0)6^ 7^ 6 7 + "
"(.0000024057,0)1^ 7^ 1 8 + "
"(-.0000024057,0)7^ 1^ 1 8 + "
"(-.0000024057,0)1^ 7^ 8 1 + "
"(.0000024057,0)7^ 1^ 8 1 + "
"(.0000019996,0)1^ 2^ 1 3 + "
"(.0000019996,0)6^ 7^ 6 8 + "
"(-.0000018664,0)1^ 7^ 1 9 + "
"(.0000018664,0)7^ 1^ 1 9 + "
"(.0000018664,0)1^ 7^ 9 1 + "
"(-.0000018664,0)7^ 1^ 9 1 + "
"(-.0000015514,0)1^ 2^ 1 4 + "
"(-.0000015514,0)6^ 7^ 6 9 + "
"(-.0000202297,0)1^ 8^ 1 5 + "
"(.0000202297,0)8^ 1^ 1 5 + "
"(.0000202297,0)1^ 8^ 5 1 + "
"(-.0000202297,0)8^ 1^ 5 1 + "
"(-.0000181146,0)1^ 3^ 1 0 + "
"(-.0000181146,0)6^ 8^ 6 5 + "
"(-.0000000089,0)1^ 8^ 1 6 + "
"(.0000000089,0)8^ 1^ 1 6 + "
"(.0000000089,0)1^ 8^ 6 1 + "
"(-.0000000089,0)8^ 1^ 6 1 + "
"(.0000024057,0)1^ 8^ 1 7 + "
"(-.0000024057,0)8^ 1^ 1 7 + "
"(-.0000024057,0)1^ 8^ 7 1 + "
"(.0000024057,0)8^ 1^ 7 1 + "
"(.0000019996,0)1^ 3^ 1 2 + "
"(.0000019996,0)6^ 8^ 6 7 + "
"(-.1570486216,0)1^ 8^ 1 8 + "
"(.1570486216,0)8^ 1^ 1 8 + "
"(.1570486216,0)1^ 8^ 8 1 + "
"(-.1570486216,0)8^ 1^ 8 1 + "
"(-.1464594273,0)1^ 3^ 1 3 + "
"(-.1464594273,0)6^ 8^ 6 8 + "
"(-.0000000010,0)1^ 8^ 1 9 + "
"(.0000000010,0)8^ 1^ 1 9 + "
"(.0000000010,0)1^ 8^ 9 1 + "
"(-.0000000010,0)8^ 1^ 9 1 + "
"(-.0000000008,0)1^ 3^ 1 4 + "
"(-.0000000008,0)6^ 8^ 6 9 + "
"(.0000156951,0)1^ 9^ 1 5 + "
"(-.0000156951,0)9^ 1^ 1 5 + "
"(-.0000156951,0)1^ 9^ 5 1 + "
"(.0000156951,0)9^ 1^ 5 1 + "
"(.0000140559,0)1^ 4^ 1 0 + "
"(.0000140559,0)6^ 9^ 6 5 + "
"(.0000000181,0)1^ 9^ 1 6 + "
"(-.0000000181,0)9^ 1^ 1 6 + "
"(-.0000000181,0)1^ 9^ 6 1 + "
"(.0000000181,0)9^ 1^ 6 1 + "
"(-.0000018664,0)1^ 9^ 1 7 + "
"(.0000018664,0)9^ 1^ 1 7 + "
"(.0000018664,0)1^ 9^ 7 1 + "
"(-.0000018664,0)9^ 1^ 7 1 + "
"(-.0000015514,0)1^ 4^ 1 2 + "
"(-.0000015514,0)6^ 9^ 6 7 + "
"(-.0000000010,0)1^ 9^ 1 8 + "
"(.0000000010,0)9^ 1^ 1 8 + "
"(.0000000010,0)1^ 9^ 8 1 + "
"(-.0000000010,0)9^ 1^ 8 1 + "
"(-.0000000008,0)1^ 4^ 1 3 + "
"(-.0000000008,0)6^ 9^ 6 8 + "
"(-.1570496296,0)1^ 9^ 1 9 + "
"(.1570496296,0)9^ 1^ 1 9 + "
"(.1570496296,0)1^ 9^ 9 1 + "
"(-.1570496296,0)9^ 1^ 9 1 + "
"(-.1464603358,0)1^ 4^ 1 4 + "
"(-.1464603358,0)6^ 9^ 6 9 + "
"(-.0000473618,0)1^ 2 + "
"(-.0000473618,0)6^ 7 + "
"(-.0000064249,0)1^ 5^ 2 5 + "
"(.0000064249,0)5^ 1^ 2 5 + "
"(.0000064249,0)1^ 5^ 5 2 + "
"(-.0000064249,0)5^ 1^ 5 2 + "
"(-.0000043029,0)1^ 0^ 2 0 + "
"(-.0000043029,0)6^ 5^ 7 5 + "
"(-.0049935592,0)1^ 5^ 2 6 + "
"(.0049935592,0)5^ 1^ 2 6 + "
"(.0049935592,0)1^ 5^ 6 2 + "
"(-.0049935592,0)5^ 1^ 6 2 + "
"(.0341811700,0)1^ 0^ 2 1 + "
"(.0341811700,0)6^ 5^ 7 6 + "
"(-.0000015733,0)1^ 5^ 2 7 + "
"(.0000015733,0)5^ 1^ 2 7 + "
"(.0000015733,0)1^ 5^ 7 2 + "
"(-.0000015733,0)5^ 1^ 7 2 + "
"(-.0000000032,0)1^ 5^ 2 8 + "
"(.0000000032,0)5^ 1^ 2 8 + "
"(.0000000032,0)1^ 5^ 8 2 + "
"(-.0000000032,0)5^ 1^ 8 2 + "
"(.0000000012,0)1^ 0^ 2 3 + "
"(.0000000012,0)6^ 5^ 7 8 + "
"(.0000000072,0)1^ 5^ 2 9 + "
"(-.0000000072,0)5^ 1^ 2 9 + "
"(-.0000000072,0)1^ 5^ 9 2 + "
"(.0000000072,0)5^ 1^ 9 2 + "
"(-.0000000028,0)1^ 0^ 2 4 + "
"(-.0000000028,0)6^ 5^ 7 9 + "
"(-.0049935592,0)1^ 6^ 2 5 + "
"(.0049935592,0)6^ 1^ 2 5 + "
"(.0049935592,0)1^ 6^ 5 2 + "
"(-.0049935592,0)6^ 1^ 5 2 + "
"(-.0000066800,0)1^ 6^ 2 6 + "
"(.0000066800,0)6^ 1^ 2 6 + "
"(.0000066800,0)1^ 6^ 6 2 + "
"(-.0000066800,0)6^ 1^ 6 2 + "
"(-.0094757836,0)1^ 6^ 2 7 + "
"(.0094757836,0)6^ 1^ 2 7 + "
"(.0094757836,0)1^ 6^ 7 2 + "
"(-.0094757836,0)6^ 1^ 7 2 + "
"(.0000004061,0)1^ 6^ 2 8 + "
"(-.0000004061,0)6^ 1^ 2 8 + "
"(-.0000004061,0)1^ 6^ 8 2 + "
"(.0000004061,0)6^ 1^ 8 2 + "
"(-.0000003150,0)1^ 6^ 2 9 + "
"(.0000003150,0)6^ 1^ 2 9 + "
"(.0000003150,0)1^ 6^ 9 2 + "
"(-.0000003150,0)6^ 1^ 9 2 + "
"(-.0000015733,0)1^ 7^ 2 5 + "
"(.0000015733,0)7^ 1^ 2 5 + "
"(.0000015733,0)1^ 7^ 5 2 + "
"(-.0000015733,0)7^ 1^ 5 2 + "
"(-.0000091730,0)1^ 2^ 2 0 + "
"(-.0000091730,0)6^ 7^ 7 5 + "
"(-.0094757836,0)1^ 7^ 2 6 + "
"(.0094757836,0)7^ 1^ 2 6 + "
"(.0094757836,0)1^ 7^ 6 2 + "
"(-.0094757836,0)7^ 1^ 6 2 + "
"(.1390052318,0)1^ 2^ 2 1 + "
"(.1390052318,0)6^ 7^ 7 6 + "
"(-.0000072660,0)1^ 7^ 2 7 + "
"(.0000072660,0)7^ 1^ 2 7 + "
"(.0000072660,0)1^ 7^ 7 2 + "
"(-.0000072660,0)7^ 1^ 7 2 + "
"(-.0000000013,0)1^ 7^ 2 8 + "
"(.0000000013,0)7^ 1^ 2 8 + "
"(.0000000013,0)1^ 7^ 8 2 + "
"(-.0000000013,0)7^ 1^ 8 2 + "
"(.0000000061,0)1^ 2^ 2 3 + "
"(.0000000061,0)6^ 7^ 7 8 + "
"(.0000000022,0)1^ 7^ 2 9 + "
"(-.0000000022,0)7^ 1^ 2 9 + "
"(-.0000000022,0)1^ 7^ 9 2 + "
"(.0000000022,0)7^ 1^ 9 2 + "
"(-.0000000125,0)1^ 2^ 2 4 + "
"(-.0000000125,0)6^ 7^ 7 9 + "
"(-.0000000032,0)1^ 8^ 2 5 + "
"(.0000000032,0)8^ 1^ 2 5 + "
"(.0000000032,0)1^ 8^ 5 2 + "
"(-.0000000032,0)8^ 1^ 5 2 + "
"(.0000000007,0)1^ 3^ 2 0 + "
"(.0000000007,0)6^ 8^ 7 5 + "
"(.0000004061,0)1^ 8^ 2 6 + "
"(-.0000004061,0)8^ 1^ 2 6 + "
"(-.0000004061,0)1^ 8^ 6 2 + "
"(.0000004061,0)8^ 1^ 6 2 + "
"(-.0000019996,0)1^ 3^ 2 1 + "
"(-.0000019996,0)6^ 8^ 7 6 + "
"(-.0000000013,0)1^ 8^ 2 7 + "
"(.0000000013,0)8^ 1^ 2 7 + "
"(.0000000013,0)1^ 8^ 7 2 + "
"(-.0000000013,0)8^ 1^ 7 2 + "
"(-.0000053520,0)1^ 8^ 2 8 + "
"(.0000053520,0)8^ 1^ 2 8 + "
"(.0000053520,0)1^ 8^ 8 2 + "
"(-.0000053520,0)8^ 1^ 8 2 + "
"(-.0000045546,0)1^ 3^ 2 3 + "
"(-.0000045546,0)6^ 8^ 7 8 + "
"(.0000000072,0)1^ 9^ 2 5 + "
"(-.0000000072,0)9^ 1^ 2 5 + "
"(-.0000000072,0)1^ 9^ 5 2 + "
"(.0000000072,0)9^ 1^ 5 2 + "
"(-.0000000011,0)1^ 4^ 2 0 + "
"(-.0000000011,0)6^ 9^ 7 5 + "
"(-.0000003150,0)1^ 9^ 2 6 + "
"(.0000003150,0)9^ 1^ 2 6 + "
"(.0000003150,0)1^ 9^ 6 2 + "
"(-.0000003150,0)9^ 1^ 6 2 + "
"(.0000015514,0)1^ 4^ 2 1 + "
"(.0000015514,0)6^ 9^ 7 6 + "
"(.0000000022,0)1^ 9^ 2 7 + "
"(-.0000000022,0)9^ 1^ 2 7 + "
"(-.0000000022,0)1^ 9^ 7 2 + "
"(.0000000022,0)9^ 1^ 7 2 + "
"(-.0000053521,0)1^ 9^ 2 9 + "
"(.0000053521,0)9^ 1^ 2 9 + "
"(.0000053521,0)1^ 9^ 9 2 + "
"(-.0000053521,0)9^ 1^ 9 2 + "
"(-.0000045546,0)1^ 4^ 2 4 + "
"(-.0000045546,0)6^ 9^ 7 9 + "
"(-.0000000534,0)1^ 3 + "
"(-.0000000534,0)6^ 8 + "
"(-.0000000091,0)1^ 5^ 3 5 + "
"(.0000000091,0)5^ 1^ 3 5 + "
"(.0000000091,0)1^ 5^ 5 3 + "
"(-.0000000091,0)5^ 1^ 5 3 + "
"(-.0000000044,0)1^ 0^ 3 0 + "
"(-.0000000044,0)6^ 5^ 8 5 + "
"(-.0000021150,0)1^ 5^ 3 6 + "
"(.0000021150,0)5^ 1^ 3 6 + "
"(.0000021150,0)1^ 5^ 6 3 + "
"(-.0000021150,0)5^ 1^ 6 3 + "
"(.0000181146,0)1^ 0^ 3 1 + "
"(.0000181146,0)6^ 5^ 8 6 + "
"(-.0000000044,0)1^ 5^ 3 7 + "
"(.0000000044,0)5^ 1^ 3 7 + "
"(.0000000044,0)1^ 5^ 7 3 + "
"(-.0000000044,0)5^ 1^ 7 3 + "
"(-.0000000012,0)1^ 0^ 3 2 + "
"(-.0000000012,0)6^ 5^ 8 7 + "
"(.0000011617,0)1^ 5^ 3 8 + "
"(-.0000011617,0)5^ 1^ 3 8 + "
"(-.0000011617,0)1^ 5^ 8 3 + "
"(.0000011617,0)5^ 1^ 8 3 + "
"(-.0000021150,0)1^ 6^ 3 5 + "
"(.0000021150,0)6^ 1^ 3 5 + "
"(.0000021150,0)1^ 6^ 5 3 + "
"(-.0000021150,0)6^ 1^ 5 3 + "
"(-.0000000089,0)1^ 6^ 3 6 + "
"(.0000000089,0)6^ 1^ 3 6 + "
"(.0000000089,0)1^ 6^ 6 3 + "
"(-.0000000089,0)6^ 1^ 6 3 + "
"(.0000004061,0)1^ 6^ 3 7 + "
"(-.0000004061,0)6^ 1^ 3 7 + "
"(-.0000004061,0)1^ 6^ 7 3 + "
"(.0000004061,0)6^ 1^ 7 3 + "
"(-.0105891943,0)1^ 6^ 3 8 + "
"(.0105891943,0)6^ 1^ 3 8 + "
"(.0105891943,0)1^ 6^ 8 3 + "
"(-.0105891943,0)6^ 1^ 8 3 + "
"(-.0000000044,0)1^ 7^ 3 5 + "
"(.0000000044,0)7^ 1^ 3 5 + "
"(.0000000044,0)1^ 7^ 5 3 + "
"(-.0000000044,0)7^ 1^ 5 3 + "
"(-.0000000005,0)1^ 2^ 3 0 + "
"(-.0000000005,0)6^ 7^ 8 5 + "
"(.0000004061,0)1^ 7^ 3 6 + "
"(-.0000004061,0)7^ 1^ 3 6 + "
"(-.0000004061,0)1^ 7^ 6 3 + "
"(.0000004061,0)7^ 1^ 6 3 + "
"(-.0000019996,0)1^ 2^ 3 1 + "
"(-.0000019996,0)6^ 7^ 8 6 + "
"(-.0000000074,0)1^ 7^ 3 7 + "
"(.0000000074,0)7^ 1^ 3 7 + "
"(.0000000074,0)1^ 7^ 7 3 + "
"(-.0000000074,0)7^ 1^ 7 3 + "
"(-.0000000061,0)1^ 2^ 3 2 + "
"(-.0000000061,0)6^ 7^ 8 7 + "
"(-.0000007974,0)1^ 7^ 3 8 + "
"(.0000007974,0)7^ 1^ 3 8 + "
"(.0000007974,0)1^ 7^ 8 3 + "
"(-.0000007974,0)7^ 1^ 8 3 + "
"(.0000011617,0)1^ 8^ 3 5 + "
"(-.0000011617,0)8^ 1^ 3 5 + "
"(-.0000011617,0)1^ 8^ 5 3 + "
"(.0000011617,0)8^ 1^ 5 3 + "
"(-.0000091667,0)1^ 3^ 3 0 + "
"(-.0000091667,0)6^ 8^ 8 5 + "
"(-.0105891943,0)1^ 8^ 3 6 + "
"(.0105891943,0)8^ 1^ 3 6 + "
"(.0105891943,0)1^ 8^ 6 3 + "
"(-.0105891943,0)8^ 1^ 6 3 + "
"(.1464594273,0)1^ 3^ 3 1 + "
"(.1464594273,0)6^ 8^ 8 6 + "
"(-.0000007974,0)1^ 8^ 3 7 + "
"(.0000007974,0)8^ 1^ 3 7 + "
"(.0000007974,0)1^ 8^ 7 3 + "
"(-.0000007974,0)8^ 1^ 7 3 + "
"(.0000045546,0)1^ 3^ 3 2 + "
"(.0000045546,0)6^ 8^ 8 7 + "
"(-.0000000085,0)1^ 8^ 3 8 + "
"(.0000000085,0)8^ 1^ 3 8 + "
"(.0000000085,0)1^ 8^ 8 3 + "
"(-.0000000085,0)8^ 1^ 8 3 + "
"(.0000000017,0)1^ 8^ 3 9 + "
"(-.0000000017,0)8^ 1^ 3 9 + "
"(-.0000000017,0)1^ 8^ 9 3 + "
"(.0000000017,0)8^ 1^ 9 3 + "
"(-.0000000119,0)1^ 3^ 3 4 + "
"(-.0000000119,0)6^ 8^ 8 9 + "
"(.0000000008,0)1^ 4^ 3 1 + "
"(.0000000008,0)6^ 9^ 8 6 + "
"(.0000000017,0)1^ 9^ 3 8 + "
"(-.0000000017,0)9^ 1^ 3 8 + "
"(-.0000000017,0)1^ 9^ 8 3 + "
"(.0000000017,0)9^ 1^ 8 3 + "
"(-.0000000069,0)1^ 9^ 3 9 + "
"(.0000000069,0)9^ 1^ 3 9 + "
"(.0000000069,0)1^ 9^ 9 3 + "
"(-.0000000069,0)9^ 1^ 9 3 + "
"(-.0000000060,0)1^ 4^ 3 4 + "
"(-.0000000060,0)6^ 9^ 8 9 + "
"(.0000001072,0)1^ 4 + "
"(.0000001072,0)6^ 9 + "
"(.0000000190,0)1^ 5^ 4 5 + "
"(-.0000000190,0)5^ 1^ 4 5 + "
"(-.0000000190,0)1^ 5^ 5 4 + "
"(.0000000190,0)5^ 1^ 5 4 + "
"(.0000000079,0)1^ 0^ 4 0 + "
"(.0000000079,0)6^ 5^ 9 5 + "
"(.0000016391,0)1^ 5^ 4 6 + "
"(-.0000016391,0)5^ 1^ 4 6 + "
"(-.0000016391,0)1^ 5^ 6 4 + "
"(.0000016391,0)5^ 1^ 6 4 + "
"(-.0000140559,0)1^ 0^ 4 1 + "
"(-.0000140559,0)6^ 5^ 9 6 + "
"(.0000000099,0)1^ 5^ 4 7 + "
"(-.0000000099,0)5^ 1^ 4 7 + "
"(-.0000000099,0)1^ 5^ 7 4 + "
"(.0000000099,0)5^ 1^ 7 4 + "
"(.0000000028,0)1^ 0^ 4 2 + "
"(.0000000028,0)6^ 5^ 9 7 + "
"(.0000011618,0)1^ 5^ 4 9 + "
"(-.0000011618,0)5^ 1^ 4 9 + "
"(-.0000011618,0)1^ 5^ 9 4 + "
"(.0000011618,0)5^ 1^ 9 4 + "
"(.0000016391,0)1^ 6^ 4 5 + "
"(-.0000016391,0)6^ 1^ 4 5 + "
"(-.0000016391,0)1^ 6^ 5 4 + "
"(.0000016391,0)6^ 1^ 5 4 + "
"(.0000000181,0)1^ 6^ 4 6 + "
"(-.0000000181,0)6^ 1^ 4 6 + "
"(-.0000000181,0)1^ 6^ 6 4 + "
"(.0000000181,0)6^ 1^ 6 4 + "
"(-.0000003150,0)1^ 6^ 4 7 + "
"(.0000003150,0)6^ 1^ 4 7 + "
"(.0000003150,0)1^ 6^ 7 4 + "
"(-.0000003150,0)6^ 1^ 7 4 + "
"(-.0105892939,0)1^ 6^ 4 9 + "
"(.0105892939,0)6^ 1^ 4 9 + "
"(.0105892939,0)1^ 6^ 9 4 + "
"(-.0105892939,0)6^ 1^ 9 4 + "
"(.0000000099,0)1^ 7^ 4 5 + "
"(-.0000000099,0)7^ 1^ 4 5 + "
"(-.0000000099,0)1^ 7^ 5 4 + "
"(.0000000099,0)7^ 1^ 5 4 + "
"(.0000000017,0)1^ 2^ 4 0 + "
"(.0000000017,0)6^ 7^ 9 5 + "
"(-.0000003150,0)1^ 7^ 4 6 + "
"(.0000003150,0)7^ 1^ 4 6 + "
"(.0000003150,0)1^ 7^ 6 4 + "
"(-.0000003150,0)7^ 1^ 6 4 + "
"(.0000015514,0)1^ 2^ 4 1 + "
"(.0000015514,0)6^ 7^ 9 6 + "
"(.0000000147,0)1^ 7^ 4 7 + "
"(-.0000000147,0)7^ 1^ 4 7 + "
"(-.0000000147,0)1^ 7^ 7 4 + "
"(.0000000147,0)7^ 1^ 7 4 + "
"(.0000000125,0)1^ 2^ 4 2 + "
"(.0000000125,0)6^ 7^ 9 7 + "
"(-.0000007974,0)1^ 7^ 4 9 + "
"(.0000007974,0)7^ 1^ 4 9 + "
"(.0000007974,0)1^ 7^ 9 4 + "
"(-.0000007974,0)7^ 1^ 9 4 + "
"(.0000000008,0)1^ 3^ 4 1 + "
"(.0000000008,0)6^ 8^ 9 6 + "
"(.0000000137,0)1^ 8^ 4 8 + "
"(-.0000000137,0)8^ 1^ 4 8 + "
"(-.0000000137,0)1^ 8^ 8 4 + "
"(.0000000137,0)8^ 1^ 8 4 + "
"(.0000000119,0)1^ 3^ 4 3 + "
"(.0000000119,0)6^ 8^ 9 8 + "
"(-.0000000009,0)1^ 8^ 4 9 + "
"(.0000000009,0)8^ 1^ 4 9 + "
"(.0000000009,0)1^ 8^ 9 4 + "
"(-.0000000009,0)8^ 1^ 9 4 + "
"(.0000011618,0)1^ 9^ 4 5 + "
"(-.0000011618,0)9^ 1^ 4 5 + "
"(-.0000011618,0)1^ 9^ 5 4 + "
"(.0000011618,0)9^ 1^ 5 4 + "
"(-.0000091668,0)1^ 4^ 4 0 + "
"(-.0000091668,0)6^ 9^ 9 5 + "
"(-.0105892939,0)1^ 9^ 4 6 + "
"(.0105892939,0)9^ 1^ 4 6 + "
"(.0105892939,0)1^ 9^ 6 4 + "
"(-.0105892939,0)9^ 1^ 6 4 + "
"(.1464603358,0)1^ 4^ 4 1 + "
"(.1464603358,0)6^ 9^ 9 6 + "
"(-.0000007974,0)1^ 9^ 4 7 + "
"(.0000007974,0)9^ 1^ 4 7 + "
"(.0000007974,0)1^ 9^ 7 4 + "
"(-.0000007974,0)9^ 1^ 7 4 + "
"(.0000045546,0)1^ 4^ 4 2 + "
"(.0000045546,0)6^ 9^ 9 7 + "
"(-.0000000009,0)1^ 9^ 4 8 + "
"(.0000000009,0)9^ 1^ 4 8 + "
"(.0000000009,0)1^ 9^ 8 4 + "
"(-.0000000009,0)9^ 1^ 8 4 + "
"(.0000000060,0)1^ 4^ 4 3 + "
"(.0000000060,0)6^ 9^ 9 8 + "
"(.0000000169,0)1^ 9^ 4 9 + "
"(-.0000000169,0)9^ 1^ 4 9 + "
"(-.0000000169,0)1^ 9^ 9 4 + "
"(.0000000169,0)9^ 1^ 9 4 + "
"(-.1954566893,0)2^ 0 + "
"(-.1954566893,0)7^ 5 + "
"(-.0488641081,0)2^ 5^ 0 5 + "
"(.0488641081,0)5^ 2^ 0 5 + "
"(.0488641081,0)2^ 5^ 5 0 + "
"(-.0488641081,0)5^ 2^ 5 0 + "
"(-.0000021221,0)2^ 5^ 0 6 + "
"(.0000021221,0)5^ 2^ 0 6 + "
"(.0000021221,0)2^ 5^ 6 0 + "
"(-.0000021221,0)5^ 2^ 6 0 + "
"(.0000043029,0)2^ 0^ 0 1 + "
"(.0000043029,0)7^ 5^ 5 6 + "
"(-.0361310854,0)2^ 5^ 0 7 + "
"(.0361310854,0)5^ 2^ 0 7 + "
"(.0361310854,0)2^ 5^ 7 0 + "
"(-.0361310854,0)5^ 2^ 7 0 + "
"(.1226408892,0)2^ 0^ 0 2 + "
"(.1226408892,0)7^ 5^ 5 7 + "
"(-.0000024867,0)2^ 5^ 0 8 + "
"(.0000024867,0)5^ 2^ 0 8 + "
"(.0000024867,0)2^ 5^ 8 0 + "
"(-.0000024867,0)5^ 2^ 8 0 + "
"(-.0000042811,0)2^ 0^ 0 3 + "
"(-.0000042811,0)7^ 5^ 5 8 + "
"(.0000019294,0)2^ 5^ 0 9 + "
"(-.0000019294,0)5^ 2^ 0 9 + "
"(-.0000019294,0)2^ 5^ 9 0 + "
"(.0000019294,0)5^ 2^ 9 0 + "
"(.0000033218,0)2^ 0^ 0 4 + "
"(.0000033218,0)7^ 5^ 5 9 + "
"(-.0000021221,0)2^ 6^ 0 5 + "
"(.0000021221,0)6^ 2^ 0 5 + "
"(.0000021221,0)2^ 6^ 5 0 + "
"(-.0000021221,0)6^ 2^ 5 0 + "
"(-.0391747292,0)2^ 6^ 0 6 + "
"(.0391747292,0)6^ 2^ 0 6 + "
"(.0391747292,0)2^ 6^ 6 0 + "
"(-.0391747292,0)6^ 2^ 6 0 + "
"(-.0341811700,0)2^ 1^ 0 1 + "
"(-.0341811700,0)7^ 6^ 5 6 + "
"(-.0000015733,0)2^ 6^ 0 7 + "
"(.0000015733,0)6^ 2^ 0 7 + "
"(.0000015733,0)2^ 6^ 7 0 + "
"(-.0000015733,0)6^ 2^ 7 0 + "
"(-.0000091730,0)2^ 1^ 0 2 + "
"(-.0000091730,0)7^ 6^ 5 7 + "
"(-.0000000044,0)2^ 6^ 0 8 + "
"(.0000000044,0)6^ 2^ 0 8 + "
"(.0000000044,0)2^ 6^ 8 0 + "
"(-.0000000044,0)6^ 2^ 8 0 + "
"(-.0000000005,0)2^ 1^ 0 3 + "
"(-.0000000005,0)7^ 6^ 5 8 + "
"(.0000000099,0)2^ 6^ 0 9 + "
"(-.0000000099,0)6^ 2^ 0 9 + "
"(-.0000000099,0)2^ 6^ 9 0 + "
"(.0000000099,0)6^ 2^ 9 0 + "
"(.0000000017,0)2^ 1^ 0 4 + "
"(.0000000017,0)7^ 6^ 5 9 + "
"(-.0361310854,0)2^ 7^ 0 5 + "
"(.0361310854,0)7^ 2^ 0 5 + "
"(.0361310854,0)2^ 7^ 5 0 + "
"(-.0361310854,0)7^ 2^ 5 0 + "
"(-.0000015733,0)2^ 7^ 0 6 + "
"(.0000015733,0)7^ 2^ 0 6 + "
"(.0000015733,0)2^ 7^ 6 0 + "
"(-.0000015733,0)7^ 2^ 6 0 + "
"(-.0459279347,0)2^ 7^ 0 7 + "
"(.0459279347,0)7^ 2^ 0 7 + "
"(.0459279347,0)2^ 7^ 7 0 + "
"(-.0459279347,0)7^ 2^ 7 0 + "
"(-.0000043449,0)2^ 7^ 0 8 + "
"(.0000043449,0)7^ 2^ 0 8 + "
"(.0000043449,0)2^ 7^ 8 0 + "
"(-.0000043449,0)7^ 2^ 8 0 + "
"(.0000033710,0)2^ 7^ 0 9 + "
"(-.0000033710,0)7^ 2^ 0 9 + "
"(-.0000033710,0)2^ 7^ 9 0 + "
"(.0000033710,0)7^ 2^ 9 0 + "
"(-.0000024867,0)2^ 8^ 0 5 + "
"(.0000024867,0)8^ 2^ 0 5 + "
"(.0000024867,0)2^ 8^ 5 0 + "
"(-.0000024867,0)8^ 2^ 5 0 + "
"(-.0000000044,0)2^ 8^ 0 6 + "
"(.0000000044,0)8^ 2^ 0 6 + "
"(.0000000044,0)2^ 8^ 6 0 + "
"(-.0000000044,0)8^ 2^ 6 0 + "
"(-.0000000012,0)2^ 3^ 0 1 + "
"(-.0000000012,0)7^ 8^ 5 6 + "
"(-.0000043449,0)2^ 8^ 0 7 + "
"(.0000043449,0)8^ 2^ 0 7 + "
"(.0000043449,0)2^ 8^ 7 0 + "
"(-.0000043449,0)8^ 2^ 7 0 + "
"(.0000177421,0)2^ 3^ 0 2 + "
"(.0000177421,0)7^ 8^ 5 7 + "
"(-.0380113174,0)2^ 8^ 0 8 + "
"(.0380113174,0)8^ 2^ 0 8 + "
"(.0380113174,0)2^ 8^ 8 0 + "
"(-.0380113174,0)8^ 2^ 8 0 + "
"(-.0346308112,0)2^ 3^ 0 3 + "
"(-.0346308112,0)7^ 8^ 5 8 + "
"(.0000000014,0)2^ 8^ 0 9 + "
"(-.0000000014,0)8^ 2^ 0 9 + "
"(-.0000000014,0)2^ 8^ 9 0 + "
"(.0000000014,0)8^ 2^ 9 0 + "
"(.0000019294,0)2^ 9^ 0 5 + "
"(-.0000019294,0)9^ 2^ 0 5 + "
"(-.0000019294,0)2^ 9^ 5 0 + "
"(.0000019294,0)9^ 2^ 5 0 + "
"(.0000000099,0)2^ 9^ 0 6 + "
"(-.0000000099,0)9^ 2^ 0 6 + "
"(-.0000000099,0)2^ 9^ 6 0 + "
"(.0000000099,0)9^ 2^ 6 0 + "
"(.0000000028,0)2^ 4^ 0 1 + "
"(.0000000028,0)7^ 9^ 5 6 + "
"(.0000033710,0)2^ 9^ 0 7 + "
"(-.0000033710,0)9^ 2^ 0 7 + "
"(-.0000033710,0)2^ 9^ 7 0 + "
"(.0000033710,0)9^ 2^ 7 0 + "
"(-.0000137662,0)2^ 4^ 0 2 + "
"(-.0000137662,0)7^ 9^ 5 7 + "
"(.0000000014,0)2^ 9^ 0 8 + "
"(-.0000000014,0)9^ 2^ 0 8 + "
"(-.0000000014,0)2^ 9^ 8 0 + "
"(.0000000014,0)9^ 2^ 8 0 + "
"(-.0380119853,0)2^ 9^ 0 9 + "
"(.0380119853,0)9^ 2^ 0 9 + "
"(.0380119853,0)2^ 9^ 9 0 + "
"(-.0380119853,0)9^ 2^ 9 0 + "
"(-.0346310731,0)2^ 4^ 0 4 + "
"(-.0346310731,0)7^ 9^ 5 9 + "
"(-.0000473618,0)2^ 1 + "
"(-.0000473618,0)7^ 6 + "
"(-.0000064249,0)2^ 5^ 1 5 + "
"(.0000064249,0)5^ 2^ 1 5 + "
"(.0000064249,0)2^ 5^ 5 1 + "
"(-.0000064249,0)5^ 2^ 5 1 + "
"(-.0000043029,0)2^ 0^ 1 0 + "
"(-.0000043029,0)7^ 5^ 6 5 + "
"(-.0049935592,0)2^ 5^ 1 6 + "
"(.0049935592,0)5^ 2^ 1 6 + "
"(.0049935592,0)2^ 5^ 6 1 + "
"(-.0049935592,0)5^ 2^ 6 1 + "
"(-.0000015733,0)2^ 5^ 1 7 + "
"(.0000015733,0)5^ 2^ 1 7 + "
"(.0000015733,0)2^ 5^ 7 1 + "
"(-.0000015733,0)5^ 2^ 7 1 + "
"(-.0000091730,0)2^ 0^ 1 2 + "
"(-.0000091730,0)7^ 5^ 6 7 + "
"(-.0000000032,0)2^ 5^ 1 8 + "
"(.0000000032,0)5^ 2^ 1 8 + "
"(.0000000032,0)2^ 5^ 8 1 + "
"(-.0000000032,0)5^ 2^ 8 1 + "
"(.0000000007,0)2^ 0^ 1 3 + "
"(.0000000007,0)7^ 5^ 6 8 + "
"(.0000000072,0)2^ 5^ 1 9 + "
"(-.0000000072,0)5^ 2^ 1 9 + "
"(-.0000000072,0)2^ 5^ 9 1 + "
"(.0000000072,0)5^ 2^ 9 1 + "
"(-.0000000011,0)2^ 0^ 1 4 + "
"(-.0000000011,0)7^ 5^ 6 9 + "
"(-.0049935592,0)2^ 6^ 1 5 + "
"(.0049935592,0)6^ 2^ 1 5 + "
"(.0049935592,0)2^ 6^ 5 1 + "
"(-.0049935592,0)6^ 2^ 5 1 + "
"(.0341811700,0)2^ 1^ 1 0 + "
"(.0341811700,0)7^ 6^ 6 5 + "
"(-.0000066800,0)2^ 6^ 1 6 + "
"(.0000066800,0)6^ 2^ 1 6 + "
"(.0000066800,0)2^ 6^ 6 1 + "
"(-.0000066800,0)6^ 2^ 6 1 + "
"(-.0094757836,0)2^ 6^ 1 7 + "
"(.0094757836,0)6^ 2^ 1 7 + "
"(.0094757836,0)2^ 6^ 7 1 + "
"(-.0094757836,0)6^ 2^ 7 1 + "
"(.1390052318,0)2^ 1^ 1 2 + "
"(.1390052318,0)7^ 6^ 6 7 + "
"(.0000004061,0)2^ 6^ 1 8 + "
"(-.0000004061,0)6^ 2^ 1 8 + "
"(-.0000004061,0)2^ 6^ 8 1 + "
"(.0000004061,0)6^ 2^ 8 1 + "
"(-.0000019996,0)2^ 1^ 1 3 + "
"(-.0000019996,0)7^ 6^ 6 8 + "
"(-.0000003150,0)2^ 6^ 1 9 + "
"(.0000003150,0)6^ 2^ 1 9 + "
"(.0000003150,0)2^ 6^ 9 1 + "
"(-.0000003150,0)6^ 2^ 9 1 + "
"(.0000015514,0)2^ 1^ 1 4 + "
"(.0000015514,0)7^ 6^ 6 9 + "
"(-.0000015733,0)2^ 7^ 1 5 + "
"(.0000015733,0)7^ 2^ 1 5 + "
"(.0000015733,0)2^ 7^ 5 1 + "
"(-.0000015733,0)7^ 2^ 5 1 + "
"(-.0094757836,0)2^ 7^ 1 6 + "
"(.0094757836,0)7^ 2^ 1 6 + "
"(.0094757836,0)2^ 7^ 6 1 + "
"(-.0094757836,0)7^ 2^ 6 1 + "
"(-.0000072660,0)2^ 7^ 1 7 + "
"(.0000072660,0)7^ 2^ 1 7 + "
"(.0000072660,0)2^ 7^ 7 1 + "
"(-.0000072660,0)7^ 2^ 7 1 + "
"(-.0000000013,0)2^ 7^ 1 8 + "
"(.0000000013,0)7^ 2^ 1 8 + "
"(.0000000013,0)2^ 7^ 8 1 + "
"(-.0000000013,0)7^ 2^ 8 1 + "
"(.0000000022,0)2^ 7^ 1 9 + "
"(-.0000000022,0)7^ 2^ 1 9 + "
"(-.0000000022,0)2^ 7^ 9 1 + "
"(.0000000022,0)7^ 2^ 9 1 + "
"(-.0000000032,0)2^ 8^ 1 5 + "
"(.0000000032,0)8^ 2^ 1 5 + "
"(.0000000032,0)2^ 8^ 5 1 + "
"(-.0000000032,0)8^ 2^ 5 1 + "
"(.0000000012,0)2^ 3^ 1 0 + "
"(.0000000012,0)7^ 8^ 6 5 + "
"(.0000004061,0)2^ 8^ 1 6 + "
"(-.0000004061,0)8^ 2^ 1 6 + "
"(-.0000004061,0)2^ 8^ 6 1 + "
"(.0000004061,0)8^ 2^ 6 1 + "
"(-.0000000013,0)2^ 8^ 1 7 + "
"(.0000000013,0)8^ 2^ 1 7 + "
"(.0000000013,0)2^ 8^ 7 1 + "
"(-.0000000013,0)8^ 2^ 7 1 + "
"(.0000000061,0)2^ 3^ 1 2 + "
"(.0000000061,0)7^ 8^ 6 7 + "
"(-.0000053520,0)2^ 8^ 1 8 + "
"(.0000053520,0)8^ 2^ 1 8 + "
"(.0000053520,0)2^ 8^ 8 1 + "
"(-.0000053520,0)8^ 2^ 8 1 + "
"(-.0000045546,0)2^ 3^ 1 3 + "
"(-.0000045546,0)7^ 8^ 6 8 + "
"(.0000000072,0)2^ 9^ 1 5 + "
"(-.0000000072,0)9^ 2^ 1 5 + "
"(-.0000000072,0)2^ 9^ 5 1 + "
"(.0000000072,0)9^ 2^ 5 1 + "
"(-.0000000028,0)2^ 4^ 1 0 + "
"(-.0000000028,0)7^ 9^ 6 5 + "
"(-.0000003150,0)2^ 9^ 1 6 + "
"(.0000003150,0)9^ 2^ 1 6 + "
"(.0000003150,0)2^ 9^ 6 1 + "
"(-.0000003150,0)9^ 2^ 6 1 + "
"(.0000000022,0)2^ 9^ 1 7 + "
"(-.0000000022,0)9^ 2^ 1 7 + "
"(-.0000000022,0)2^ 9^ 7 1 + "
"(.0000000022,0)9^ 2^ 7 1 + "
"(-.0000000125,0)2^ 4^ 1 2 + "
"(-.0000000125,0)7^ 9^ 6 7 + "
"(-.0000053521,0)2^ 9^ 1 9 + "
"(.0000053521,0)9^ 2^ 1 9 + "
"(.0000053521,0)2^ 9^ 9 1 + "
"(-.0000053521,0)9^ 2^ 9 1 + "
"(-.0000045546,0)2^ 4^ 1 4 + "
"(-.0000045546,0)7^ 9^ 6 9 + "
"(-.0873341296,0)2^ 2 + "
"(-.0873341296,0)7^ 7 + "
"(-.1587719746,0)2^ 5^ 2 5 + "
"(.1587719746,0)5^ 2^ 2 5 + "
"(.1587719746,0)2^ 5^ 5 2 + "
"(-.1587719746,0)5^ 2^ 5 2 + "
"(-.1226408892,0)2^ 0^ 2 0 + "
"(-.1226408892,0)7^ 5^ 7 5 + "
"(.0000075997,0)2^ 5^ 2 6 + "
"(-.0000075997,0)5^ 2^ 2 6 + "
"(-.0000075997,0)2^ 5^ 6 2 + "
"(.0000075997,0)5^ 2^ 6 2 + "
"(.0000091730,0)2^ 0^ 2 1 + "
"(.0000091730,0)7^ 5^ 7 6 + "
"(-.0459279347,0)2^ 5^ 2 7 + "
"(.0459279347,0)5^ 2^ 2 7 + "
"(.0459279347,0)2^ 5^ 7 2 + "
"(-.0459279347,0)5^ 2^ 7 2 + "
"(-.0000220870,0)2^ 5^ 2 8 + "
"(.0000220870,0)5^ 2^ 2 8 + "
"(.0000220870,0)2^ 5^ 8 2 + "
"(-.0000220870,0)5^ 2^ 8 2 + "
"(-.0000177421,0)2^ 0^ 2 3 + "
"(-.0000177421,0)7^ 5^ 7 8 + "
"(.0000171371,0)2^ 5^ 2 9 + "
"(-.0000171371,0)5^ 2^ 2 9 + "
"(-.0000171371,0)2^ 5^ 9 2 + "
"(.0000171371,0)5^ 2^ 9 2 + "
"(.0000137662,0)2^ 0^ 2 4 + "
"(.0000137662,0)7^ 5^ 7 9 + "
"(.0000075997,0)2^ 6^ 2 5 + "
"(-.0000075997,0)6^ 2^ 2 5 + "
"(-.0000075997,0)2^ 6^ 5 2 + "
"(.0000075997,0)6^ 2^ 5 2 + "
"(.0000091730,0)2^ 1^ 2 0 + "
"(.0000091730,0)7^ 6^ 7 5 + "
"(-.1484810153,0)2^ 6^ 2 6 + "
"(.1484810153,0)6^ 2^ 2 6 + "
"(.1484810153,0)2^ 6^ 6 2 + "
"(-.1484810153,0)6^ 2^ 6 2 + "
"(-.1390052318,0)2^ 1^ 2 1 + "
"(-.1390052318,0)7^ 6^ 7 6 + "
"(-.0000072660,0)2^ 6^ 2 7 + "
"(.0000072660,0)6^ 2^ 2 7 + "
"(.0000072660,0)2^ 6^ 7 2 + "
"(-.0000072660,0)6^ 2^ 7 2 + "
"(-.0000000074,0)2^ 6^ 2 8 + "
"(.0000000074,0)6^ 2^ 2 8 + "
"(.0000000074,0)2^ 6^ 8 2 + "
"(-.0000000074,0)6^ 2^ 8 2 + "
"(-.0000000061,0)2^ 1^ 2 3 + "
"(-.0000000061,0)7^ 6^ 7 8 + "
"(.0000000147,0)2^ 6^ 2 9 + "
"(-.0000000147,0)6^ 2^ 2 9 + "
"(-.0000000147,0)2^ 6^ 9 2 + "
"(.0000000147,0)6^ 2^ 9 2 + "
"(.0000000125,0)2^ 1^ 2 4 + "
"(.0000000125,0)7^ 6^ 7 9 + "
"(-.0459279347,0)2^ 7^ 2 5 + "
"(.0459279347,0)7^ 2^ 2 5 + "
"(.0459279347,0)2^ 7^ 5 2 + "
"(-.0459279347,0)7^ 2^ 5 2 + "
"(-.0000072660,0)2^ 7^ 2 6 + "
"(.0000072660,0)7^ 2^ 2 6 + "
"(.0000072660,0)2^ 7^ 6 2 + "
"(-.0000072660,0)7^ 2^ 6 2 + "
"(-.1500248848,0)2^ 7^ 2 7 + "
"(.1500248848,0)7^ 2^ 2 7 + "
"(.1500248848,0)2^ 7^ 7 2 + "
"(-.1500248848,0)7^ 2^ 7 2 + "
"(.0000038099,0)2^ 7^ 2 8 + "
"(-.0000038099,0)7^ 2^ 2 8 + "
"(-.0000038099,0)2^ 7^ 8 2 + "
"(.0000038099,0)7^ 2^ 8 2 + "
"(-.0000029561,0)2^ 7^ 2 9 + "
"(.0000029561,0)7^ 2^ 2 9 + "
"(.0000029561,0)2^ 7^ 9 2 + "
"(-.0000029561,0)7^ 2^ 9 2 + "
"(-.0000220870,0)2^ 8^ 2 5 + "
"(.0000220870,0)8^ 2^ 2 5 + "
"(.0000220870,0)2^ 8^ 5 2 + "
"(-.0000220870,0)8^ 2^ 5 2 + "
"(-.0000177421,0)2^ 3^ 2 0 + "
"(-.0000177421,0)7^ 8^ 7 5 + "
"(-.0000000074,0)2^ 8^ 2 6 + "
"(.0000000074,0)8^ 2^ 2 6 + "
"(.0000000074,0)2^ 8^ 6 2 + "
"(-.0000000074,0)8^ 2^ 6 2 + "
"(-.0000000061,0)2^ 3^ 2 1 + "
"(-.0000000061,0)7^ 8^ 7 6 + "
"(.0000038099,0)2^ 8^ 2 7 + "
"(-.0000038099,0)8^ 2^ 2 7 + "
"(-.0000038099,0)2^ 8^ 7 2 + "
"(.0000038099,0)8^ 2^ 7 2 + "
"(-.1461507682,0)2^ 8^ 2 8 + "
"(.1461507682,0)8^ 2^ 2 8 + "
"(.1461507682,0)2^ 8^ 8 2 + "
"(-.1461507682,0)8^ 2^ 8 2 + "
"(-.1380283624,0)2^ 3^ 2 3 + "
"(-.1380283624,0)7^ 8^ 7 8 + "
"(-.0000000011,0)2^ 8^ 2 9 + "
"(.0000000011,0)8^ 2^ 2 9 + "
"(.0000000011,0)2^ 8^ 9 2 + "
"(-.0000000011,0)8^ 2^ 9 2 + "
"(-.0000000009,0)2^ 3^ 2 4 + "
"(-.0000000009,0)7^ 8^ 7 9 + "
"(.0000171371,0)2^ 9^ 2 5 + "
"(-.0000171371,0)9^ 2^ 2 5 + "
"(-.0000171371,0)2^ 9^ 5 2 + "
"(.0000171371,0)9^ 2^ 5 2 + "
"(.0000137662,0)2^ 4^ 2 0 + "
"(.0000137662,0)7^ 9^ 7 5 + "
"(.0000000147,0)2^ 9^ 2 6 + "
"(-.0000000147,0)9^ 2^ 2 6 + "
"(-.0000000147,0)2^ 9^ 6 2 + "
"(.0000000147,0)9^ 2^ 6 2 + "
"(.0000000125,0)2^ 4^ 2 1 + "
"(.0000000125,0)7^ 9^ 7 6 + "
"(-.0000029561,0)2^ 9^ 2 7 + "
"(.0000029561,0)9^ 2^ 2 7 + "
"(.0000029561,0)2^ 9^ 7 2 + "
"(-.0000029561,0)9^ 2^ 7 2 + "
"(-.0000000011,0)2^ 9^ 2 8 + "
"(.0000000011,0)9^ 2^ 2 8 + "
"(.0000000011,0)2^ 9^ 8 2 + "
"(-.0000000011,0)9^ 2^ 8 2 + "
"(-.0000000009,0)2^ 4^ 2 3 + "
"(-.0000000009,0)7^ 9^ 7 8 + "
"(-.1461517149,0)2^ 9^ 2 9 + "
"(.1461517149,0)9^ 2^ 2 9 + "
"(.1461517149,0)2^ 9^ 9 2 + "
"(-.1461517149,0)9^ 2^ 9 2 + "
"(-.1380293111,0)2^ 4^ 2 4 + "
"(-.1380293111,0)7^ 9^ 7 9 + "
"(.0000238247,0)2^ 3 + "
"(.0000238247,0)7^ 8 + "
"(.0000017945,0)2^ 5^ 3 5 + "
"(-.0000017945,0)5^ 2^ 3 5 + "
"(-.0000017945,0)2^ 5^ 5 3 + "
"(.0000017945,0)5^ 2^ 5 3 + "
"(.0000042811,0)2^ 0^ 3 0 + "
"(.0000042811,0)7^ 5^ 8 5 + "
"(-.0000000039,0)2^ 5^ 3 6 + "
"(.0000000039,0)5^ 2^ 3 6 + "
"(.0000000039,0)2^ 5^ 6 3 + "
"(-.0000000039,0)5^ 2^ 6 3 + "
"(-.0000000007,0)2^ 0^ 3 1 + "
"(-.0000000007,0)7^ 5^ 8 6 + "
"(-.0000043449,0)2^ 5^ 3 7 + "
"(.0000043449,0)5^ 2^ 3 7 + "
"(.0000043449,0)2^ 5^ 7 3 + "
"(-.0000043449,0)5^ 2^ 7 3 + "
"(.0000177421,0)2^ 0^ 3 2 + "
"(.0000177421,0)7^ 5^ 8 7 + "
"(-.0033805063,0)2^ 5^ 3 8 + "
"(.0033805063,0)5^ 2^ 3 8 + "
"(.0033805063,0)2^ 5^ 8 3 + "
"(-.0033805063,0)5^ 2^ 8 3 + "
"(.0000000016,0)2^ 5^ 3 9 + "
"(-.0000000016,0)5^ 2^ 3 9 + "
"(-.0000000016,0)2^ 5^ 9 3 + "
"(.0000000016,0)5^ 2^ 9 3 + "
"(-.0000000039,0)2^ 6^ 3 5 + "
"(.0000000039,0)6^ 2^ 3 5 + "
"(.0000000039,0)2^ 6^ 5 3 + "
"(-.0000000039,0)6^ 2^ 5 3 + "
"(.0000000005,0)2^ 1^ 3 0 + "
"(.0000000005,0)7^ 6^ 8 5 + "
"(.0000024057,0)2^ 6^ 3 6 + "
"(-.0000024057,0)6^ 2^ 3 6 + "
"(-.0000024057,0)2^ 6^ 6 3 + "
"(.0000024057,0)6^ 2^ 6 3 + "
"(.0000019996,0)2^ 1^ 3 1 + "
"(.0000019996,0)7^ 6^ 8 6 + "
"(-.0000000013,0)2^ 6^ 3 7 + "
"(.0000000013,0)6^ 2^ 3 7 + "
"(.0000000013,0)2^ 6^ 7 3 + "
"(-.0000000013,0)6^ 2^ 7 3 + "
"(.0000000061,0)2^ 1^ 3 2 + "
"(.0000000061,0)7^ 6^ 8 7 + "
"(-.0000007974,0)2^ 6^ 3 8 + "
"(.0000007974,0)6^ 2^ 3 8 + "
"(.0000007974,0)2^ 6^ 8 3 + "
"(-.0000007974,0)6^ 2^ 8 3 + "
"(-.0000043449,0)2^ 7^ 3 5 + "
"(.0000043449,0)7^ 2^ 3 5 + "
"(.0000043449,0)2^ 7^ 5 3 + "
"(-.0000043449,0)7^ 2^ 5 3 + "
"(-.0000000013,0)2^ 7^ 3 6 + "
"(.0000000013,0)7^ 2^ 3 6 + "
"(.0000000013,0)2^ 7^ 6 3 + "
"(-.0000000013,0)7^ 2^ 6 3 + "
"(.0000038099,0)2^ 7^ 3 7 + "
"(-.0000038099,0)7^ 2^ 3 7 + "
"(-.0000038099,0)2^ 7^ 7 3 + "
"(.0000038099,0)7^ 2^ 7 3 + "
"(-.0081224058,0)2^ 7^ 3 8 + "
"(.0081224058,0)7^ 2^ 3 8 + "
"(.0081224058,0)2^ 7^ 8 3 + "
"(-.0081224058,0)7^ 2^ 8 3 + "
"(-.0033805063,0)2^ 8^ 3 5 + "
"(.0033805063,0)8^ 2^ 3 5 + "
"(.0033805063,0)2^ 8^ 5 3 + "
"(-.0033805063,0)8^ 2^ 5 3 + "
"(.0346308112,0)2^ 3^ 3 0 + "
"(.0346308112,0)7^ 8^ 8 5 + "
"(-.0000007974,0)2^ 8^ 3 6 + "
"(.0000007974,0)8^ 2^ 3 6 + "
"(.0000007974,0)2^ 8^ 6 3 + "
"(-.0000007974,0)8^ 2^ 6 3 + "
"(.0000045546,0)2^ 3^ 3 1 + "
"(.0000045546,0)7^ 8^ 8 6 + "
"(-.0081224058,0)2^ 8^ 3 7 + "
"(.0081224058,0)8^ 2^ 3 7 + "
"(.0081224058,0)2^ 8^ 7 3 + "
"(-.0081224058,0)8^ 2^ 7 3 + "
"(.1380283624,0)2^ 3^ 3 2 + "
"(.1380283624,0)7^ 8^ 8 7 + "
"(.0000039277,0)2^ 8^ 3 8 + "
"(-.0000039277,0)8^ 2^ 3 8 + "
"(-.0000039277,0)2^ 8^ 8 3 + "
"(.0000039277,0)8^ 2^ 8 3 + "
"(-.0000004841,0)2^ 8^ 3 9 + "
"(.0000004841,0)8^ 2^ 3 9 + "
"(.0000004841,0)2^ 8^ 9 3 + "
"(-.0000004841,0)8^ 2^ 9 3 + "
"(.0000016663,0)2^ 3^ 3 4 + "
"(.0000016663,0)7^ 8^ 8 9 + "
"(.0000000016,0)2^ 9^ 3 5 + "
"(-.0000000016,0)9^ 2^ 3 5 + "
"(-.0000000016,0)2^ 9^ 5 3 + "
"(.0000000016,0)9^ 2^ 5 3 + "
"(.0000000009,0)2^ 4^ 3 2 + "
"(.0000000009,0)7^ 9^ 8 7 + "
"(-.0000004841,0)2^ 9^ 3 8 + "
"(.0000004841,0)9^ 2^ 3 8 + "
"(.0000004841,0)2^ 9^ 8 3 + "
"(-.0000004841,0)9^ 2^ 8 3 + "
"(.0000027709,0)2^ 9^ 3 9 + "
"(-.0000027709,0)9^ 2^ 3 9 + "
"(-.0000027709,0)2^ 9^ 9 3 + "
"(.0000027709,0)9^ 2^ 9 3 + "
"(.0000021472,0)2^ 4^ 3 4 + "
"(.0000021472,0)7^ 9^ 8 9 + "
"(-.0000184852,0)2^ 4 + "
"(-.0000184852,0)7^ 9 + "
"(-.0000013924,0)2^ 5^ 4 5 + "
"(.0000013924,0)5^ 2^ 4 5 + "
"(.0000013924,0)2^ 5^ 5 4 + "
"(-.0000013924,0)5^ 2^ 5 4 + "
"(-.0000033218,0)2^ 0^ 4 0 + "
"(-.0000033218,0)7^ 5^ 9 5 + "
"(.0000000082,0)2^ 5^ 4 6 + "
"(-.0000000082,0)5^ 2^ 4 6 + "
"(-.0000000082,0)2^ 5^ 6 4 + "
"(.0000000082,0)5^ 2^ 6 4 + "
"(.0000000011,0)2^ 0^ 4 1 + "
"(.0000000011,0)7^ 5^ 9 6 + "
"(.0000033710,0)2^ 5^ 4 7 + "
"(-.0000033710,0)5^ 2^ 4 7 + "
"(-.0000033710,0)2^ 5^ 7 4 + "
"(.0000033710,0)5^ 2^ 7 4 + "
"(-.0000137662,0)2^ 0^ 4 2 + "
"(-.0000137662,0)7^ 5^ 9 7 + "
"(.0000000016,0)2^ 5^ 4 8 + "
"(-.0000000016,0)5^ 2^ 4 8 + "
"(-.0000000016,0)2^ 5^ 8 4 + "
"(.0000000016,0)5^ 2^ 8 4 + "
"(-.0033809122,0)2^ 5^ 4 9 + "
"(.0033809122,0)5^ 2^ 4 9 + "
"(.0033809122,0)2^ 5^ 9 4 + "
"(-.0033809122,0)5^ 2^ 9 4 + "
"(.0000000082,0)2^ 6^ 4 5 + "
"(-.0000000082,0)6^ 2^ 4 5 + "
"(-.0000000082,0)2^ 6^ 5 4 + "
"(.0000000082,0)6^ 2^ 5 4 + "
"(-.0000000017,0)2^ 1^ 4 0 + "
"(-.0000000017,0)7^ 6^ 9 5 + "
"(-.0000018664,0)2^ 6^ 4 6 + "
"(.0000018664,0)6^ 2^ 4 6 + "
"(.0000018664,0)2^ 6^ 6 4 + "
"(-.0000018664,0)6^ 2^ 6 4 + "
"(-.0000015514,0)2^ 1^ 4 1 + "
"(-.0000015514,0)7^ 6^ 9 6 + "
"(.0000000022,0)2^ 6^ 4 7 + "
"(-.0000000022,0)6^ 2^ 4 7 + "
"(-.0000000022,0)2^ 6^ 7 4 + "
"(.0000000022,0)6^ 2^ 7 4 + "
"(-.0000000125,0)2^ 1^ 4 2 + "
"(-.0000000125,0)7^ 6^ 9 7 + "
"(-.0000007974,0)2^ 6^ 4 9 + "
"(.0000007974,0)6^ 2^ 4 9 + "
"(.0000007974,0)2^ 6^ 9 4 + "
"(-.0000007974,0)6^ 2^ 9 4 + "
"(.0000033710,0)2^ 7^ 4 5 + "
"(-.0000033710,0)7^ 2^ 4 5 + "
"(-.0000033710,0)2^ 7^ 5 4 + "
"(.0000033710,0)7^ 2^ 5 4 + "
"(.0000000022,0)2^ 7^ 4 6 + "
"(-.0000000022,0)7^ 2^ 4 6 + "
"(-.0000000022,0)2^ 7^ 6 4 + "
"(.0000000022,0)7^ 2^ 6 4 + "
"(-.0000029561,0)2^ 7^ 4 7 + "
"(.0000029561,0)7^ 2^ 4 7 + "
"(.0000029561,0)2^ 7^ 7 4 + "
"(-.0000029561,0)7^ 2^ 7 4 + "
"(-.0081224038,0)2^ 7^ 4 9 + "
"(.0081224038,0)7^ 2^ 4 9 + "
"(.0081224038,0)2^ 7^ 9 4 + "
"(-.0081224038,0)7^ 2^ 9 4 + "
"(.0000000016,0)2^ 8^ 4 5 + "
"(-.0000000016,0)8^ 2^ 4 5 + "
"(-.0000000016,0)2^ 8^ 5 4 + "
"(.0000000016,0)8^ 2^ 5 4 + "
"(.0000000009,0)2^ 3^ 4 2 + "
"(.0000000009,0)7^ 8^ 9 7 + "
"(-.0000021504,0)2^ 8^ 4 8 + "
"(.0000021504,0)8^ 2^ 4 8 + "
"(.0000021504,0)2^ 8^ 8 4 + "
"(-.0000021504,0)8^ 2^ 8 4 + "
"(-.0000016663,0)2^ 3^ 4 3 + "
"(-.0000016663,0)7^ 8^ 9 8 + "
"(.0000006237,0)2^ 8^ 4 9 + "
"(-.0000006237,0)8^ 2^ 4 9 + "
"(-.0000006237,0)2^ 8^ 9 4 + "
"(.0000006237,0)8^ 2^ 9 4 + "
"(-.0033809122,0)2^ 9^ 4 5 + "
"(.0033809122,0)9^ 2^ 4 5 + "
"(.0033809122,0)2^ 9^ 5 4 + "
"(-.0033809122,0)9^ 2^ 5 4 + "
"(.0346310731,0)2^ 4^ 4 0 + "
"(.0346310731,0)7^ 9^ 9 5 + "
"(-.0000007974,0)2^ 9^ 4 6 + "
"(.0000007974,0)9^ 2^ 4 6 + "
"(.0000007974,0)2^ 9^ 6 4 + "
"(-.0000007974,0)9^ 2^ 6 4 + "
"(.0000045546,0)2^ 4^ 4 1 + "
"(.0000045546,0)7^ 9^ 9 6 + "
"(-.0081224038,0)2^ 9^ 4 7 + "
"(.0081224038,0)9^ 2^ 4 7 + "
"(.0081224038,0)2^ 9^ 7 4 + "
"(-.0081224038,0)9^ 2^ 7 4 + "
"(.1380293111,0)2^ 4^ 4 2 + "
"(.1380293111,0)7^ 9^ 9 7 + "
"(.0000006237,0)2^ 9^ 4 8 + "
"(-.0000006237,0)9^ 2^ 4 8 + "
"(-.0000006237,0)2^ 9^ 8 4 + "
"(.0000006237,0)9^ 2^ 8 4 + "
"(-.0000021472,0)2^ 4^ 4 3 + "
"(-.0000021472,0)7^ 9^ 9 8 + "
"(-.0000030477,0)2^ 9^ 4 9 + "
"(.0000030477,0)9^ 2^ 4 9 + "
"(.0000030477,0)2^ 9^ 9 4 + "
"(-.0000030477,0)9^ 2^ 9 4 + "
"(-.0001022466,0)3^ 0 + "
"(-.0001022466,0)8^ 5 + "
"(-.0000255616,0)3^ 5^ 0 5 + "
"(.0000255616,0)5^ 3^ 0 5 + "
"(.0000255616,0)3^ 5^ 5 0 + "
"(-.0000255616,0)5^ 3^ 5 0 + "
"(-.0000000047,0)3^ 5^ 0 6 + "
"(.0000000047,0)5^ 3^ 0 6 + "
"(.0000000047,0)3^ 5^ 6 0 + "
"(-.0000000047,0)5^ 3^ 6 0 + "
"(.0000000044,0)3^ 0^ 0 1 + "
"(.0000000044,0)8^ 5^ 5 6 + "
"(-.0000024867,0)3^ 5^ 0 7 + "
"(.0000024867,0)5^ 3^ 0 7 + "
"(.0000024867,0)3^ 5^ 7 0 + "
"(-.0000024867,0)5^ 3^ 7 0 + "
"(-.0000042811,0)3^ 0^ 0 2 + "
"(-.0000042811,0)8^ 5^ 5 7 + "
"(-.0326642465,0)3^ 5^ 0 8 + "
"(.0326642465,0)5^ 3^ 0 8 + "
"(.0326642465,0)3^ 5^ 8 0 + "
"(-.0326642465,0)5^ 3^ 8 0 + "
"(.1342905468,0)3^ 0^ 0 3 + "
"(.1342905468,0)8^ 5^ 5 8 + "
"(.0000000010,0)3^ 5^ 0 9 + "
"(-.0000000010,0)5^ 3^ 0 9 + "
"(-.0000000010,0)3^ 5^ 9 0 + "
"(.0000000010,0)5^ 3^ 9 0 + "
"(.0000000017,0)3^ 0^ 0 4 + "
"(.0000000017,0)8^ 5^ 5 9 + "
"(-.0000000047,0)3^ 6^ 0 5 + "
"(.0000000047,0)6^ 3^ 0 5 + "
"(.0000000047,0)3^ 6^ 5 0 + "
"(-.0000000047,0)6^ 3^ 5 0 + "
"(-.0000202297,0)3^ 6^ 0 6 + "
"(.0000202297,0)6^ 3^ 0 6 + "
"(.0000202297,0)3^ 6^ 6 0 + "
"(-.0000202297,0)6^ 3^ 6 0 + "
"(-.0000181146,0)3^ 1^ 0 1 + "
"(-.0000181146,0)8^ 6^ 5 6 + "
"(-.0000000032,0)3^ 6^ 0 7 + "
"(.0000000032,0)6^ 3^ 0 7 + "
"(.0000000032,0)3^ 6^ 7 0 + "
"(-.0000000032,0)6^ 3^ 7 0 + "
"(.0000000007,0)3^ 1^ 0 2 + "
"(.0000000007,0)8^ 6^ 5 7 + "
"(.0000011617,0)3^ 6^ 0 8 + "
"(-.0000011617,0)6^ 3^ 0 8 + "
"(-.0000011617,0)3^ 6^ 8 0 + "
"(.0000011617,0)6^ 3^ 8 0 + "
"(-.0000091667,0)3^ 1^ 0 3 + "
"(-.0000091667,0)8^ 6^ 5 8 + "
"(-.0000024867,0)3^ 7^ 0 5 + "
"(.0000024867,0)7^ 3^ 0 5 + "
"(.0000024867,0)3^ 7^ 5 0 + "
"(-.0000024867,0)7^ 3^ 5 0 + "
"(-.0000000032,0)3^ 7^ 0 6 + "
"(.0000000032,0)7^ 3^ 0 6 + "
"(.0000000032,0)3^ 7^ 6 0 + "
"(-.0000000032,0)7^ 3^ 6 0 + "
"(.0000000012,0)3^ 2^ 0 1 + "
"(.0000000012,0)8^ 7^ 5 6 + "
"(-.0000220870,0)3^ 7^ 0 7 + "
"(.0000220870,0)7^ 3^ 0 7 + "
"(.0000220870,0)3^ 7^ 7 0 + "
"(-.0000220870,0)7^ 3^ 7 0 + "
"(-.0000177421,0)3^ 2^ 0 2 + "
"(-.0000177421,0)8^ 7^ 5 7 + "
"(-.0033805063,0)3^ 7^ 0 8 + "
"(.0033805063,0)7^ 3^ 0 8 + "
"(.0033805063,0)3^ 7^ 8 0 + "
"(-.0033805063,0)7^ 3^ 8 0 + "
"(.0346308112,0)3^ 2^ 0 3 + "
"(.0346308112,0)8^ 7^ 5 8 + "
"(.0000000016,0)3^ 7^ 0 9 + "
"(-.0000000016,0)7^ 3^ 0 9 + "
"(-.0000000016,0)3^ 7^ 9 0 + "
"(.0000000016,0)7^ 3^ 9 0 + "
"(-.0326642465,0)3^ 8^ 0 5 + "
"(.0326642465,0)8^ 3^ 0 5 + "
"(.0326642465,0)3^ 8^ 5 0 + "
"(-.0326642465,0)8^ 3^ 5 0 + "
"(.0000011617,0)3^ 8^ 0 6 + "
"(-.0000011617,0)8^ 3^ 0 6 + "
"(-.0000011617,0)3^ 8^ 6 0 + "
"(.0000011617,0)8^ 3^ 6 0 + "
"(-.0033805063,0)3^ 8^ 0 7 + "
"(.0033805063,0)8^ 3^ 0 7 + "
"(.0033805063,0)3^ 8^ 7 0 + "
"(-.0033805063,0)8^ 3^ 7 0 + "
"(-.0000228288,0)3^ 8^ 0 8 + "
"(.0000228288,0)8^ 3^ 0 8 + "
"(.0000228288,0)3^ 8^ 8 0 + "
"(-.0000228288,0)8^ 3^ 8 0 + "
"(.0000011662,0)3^ 8^ 0 9 + "
"(-.0000011662,0)8^ 3^ 0 9 + "
"(-.0000011662,0)3^ 8^ 9 0 + "
"(.0000011662,0)8^ 3^ 9 0 + "
"(.0000000010,0)3^ 9^ 0 5 + "
"(-.0000000010,0)9^ 3^ 0 5 + "
"(-.0000000010,0)3^ 9^ 5 0 + "
"(.0000000010,0)9^ 3^ 5 0 + "
"(.0000000016,0)3^ 9^ 0 7 + "
"(-.0000000016,0)9^ 3^ 0 7 + "
"(-.0000000016,0)3^ 9^ 7 0 + "
"(.0000000016,0)9^ 3^ 7 0 + "
"(.0000011662,0)3^ 9^ 0 8 + "
"(-.0000011662,0)9^ 3^ 0 8 + "
"(-.0000011662,0)3^ 9^ 8 0 + "
"(.0000011662,0)9^ 3^ 8 0 + "
"(-.0000141414,0)3^ 4^ 0 3 + "
"(-.0000141414,0)8^ 9^ 5 8 + "
"(-.0000197286,0)3^ 9^ 0 9 + "
"(.0000197286,0)9^ 3^ 0 9 + "
"(.0000197286,0)3^ 9^ 9 0 + "
"(-.0000197286,0)9^ 3^ 9 0 + "
"(-.0000182275,0)3^ 4^ 0 4 + "
"(-.0000182275,0)8^ 9^ 5 9 + "
"(-.0000000534,0)3^ 1 + "
"(-.0000000534,0)8^ 6 + "
"(-.0000000091,0)3^ 5^ 1 5 + "
"(.0000000091,0)5^ 3^ 1 5 + "
"(.0000000091,0)3^ 5^ 5 1 + "
"(-.0000000091,0)5^ 3^ 5 1 + "
"(-.0000000044,0)3^ 0^ 1 0 + "
"(-.0000000044,0)8^ 5^ 6 5 + "
"(-.0000021150,0)3^ 5^ 1 6 + "
"(.0000021150,0)5^ 3^ 1 6 + "
"(.0000021150,0)3^ 5^ 6 1 + "
"(-.0000021150,0)5^ 3^ 6 1 + "
"(-.0000000044,0)3^ 5^ 1 7 + "
"(.0000000044,0)5^ 3^ 1 7 + "
"(.0000000044,0)3^ 5^ 7 1 + "
"(-.0000000044,0)5^ 3^ 7 1 + "
"(-.0000000005,0)3^ 0^ 1 2 + "
"(-.0000000005,0)8^ 5^ 6 7 + "
"(.0000011617,0)3^ 5^ 1 8 + "
"(-.0000011617,0)5^ 3^ 1 8 + "
"(-.0000011617,0)3^ 5^ 8 1 + "
"(.0000011617,0)5^ 3^ 8 1 + "
"(-.0000091667,0)3^ 0^ 1 3 + "
"(-.0000091667,0)8^ 5^ 6 8 + "
"(-.0000021150,0)3^ 6^ 1 5 + "
"(.0000021150,0)6^ 3^ 1 5 + "
"(.0000021150,0)3^ 6^ 5 1 + "
"(-.0000021150,0)6^ 3^ 5 1 + "
"(.0000181146,0)3^ 1^ 1 0 + "
"(.0000181146,0)8^ 6^ 6 5 + "
"(-.0000000089,0)3^ 6^ 1 6 + "
"(.0000000089,0)6^ 3^ 1 6 + "
"(.0000000089,0)3^ 6^ 6 1 + "
"(-.0000000089,0)6^ 3^ 6 1 + "
"(.0000004061,0)3^ 6^ 1 7 + "
"(-.0000004061,0)6^ 3^ 1 7 + "
"(-.0000004061,0)3^ 6^ 7 1 + "
"(.0000004061,0)6^ 3^ 7 1 + "
"(-.0000019996,0)3^ 1^ 1 2 + "
"(-.0000019996,0)8^ 6^ 6 7 + "
"(-.0105891943,0)3^ 6^ 1 8 + "
"(.0105891943,0)6^ 3^ 1 8 + "
"(.0105891943,0)3^ 6^ 8 1 + "
"(-.0105891943,0)6^ 3^ 8 1 + "
"(.1464594273,0)3^ 1^ 1 3 + "
"(.1464594273,0)8^ 6^ 6 8 + "
"(.0000000008,0)3^ 1^ 1 4 + "
"(.0000000008,0)8^ 6^ 6 9 + "
"(-.0000000044,0)3^ 7^ 1 5 + "
"(.0000000044,0)7^ 3^ 1 5 + "
"(.0000000044,0)3^ 7^ 5 1 + "
"(-.0000000044,0)7^ 3^ 5 1 + "
"(-.0000000012,0)3^ 2^ 1 0 + "
"(-.0000000012,0)8^ 7^ 6 5 + "
"(.0000004061,0)3^ 7^ 1 6 + "
"(-.0000004061,0)7^ 3^ 1 6 + "
"(-.0000004061,0)3^ 7^ 6 1 + "
"(.0000004061,0)7^ 3^ 6 1 + "
"(-.0000000074,0)3^ 7^ 1 7 + "
"(.0000000074,0)7^ 3^ 1 7 + "
"(.0000000074,0)3^ 7^ 7 1 + "
"(-.0000000074,0)7^ 3^ 7 1 + "
"(-.0000000061,0)3^ 2^ 1 2 + "
"(-.0000000061,0)8^ 7^ 6 7 + "
"(-.0000007974,0)3^ 7^ 1 8 + "
"(.0000007974,0)7^ 3^ 1 8 + "
"(.0000007974,0)3^ 7^ 8 1 + "
"(-.0000007974,0)7^ 3^ 8 1 + "
"(.0000045546,0)3^ 2^ 1 3 + "
"(.0000045546,0)8^ 7^ 6 8 + "
"(.0000011617,0)3^ 8^ 1 5 + "
"(-.0000011617,0)8^ 3^ 1 5 + "
"(-.0000011617,0)3^ 8^ 5 1 + "
"(.0000011617,0)8^ 3^ 5 1 + "
"(-.0105891943,0)3^ 8^ 1 6 + "
"(.0105891943,0)8^ 3^ 1 6 + "
"(.0105891943,0)3^ 8^ 6 1 + "
"(-.0105891943,0)8^ 3^ 6 1 + "
"(-.0000007974,0)3^ 8^ 1 7 + "
"(.0000007974,0)8^ 3^ 1 7 + "
"(.0000007974,0)3^ 8^ 7 1 + "
"(-.0000007974,0)8^ 3^ 7 1 + "
"(-.0000000085,0)3^ 8^ 1 8 + "
"(.0000000085,0)8^ 3^ 1 8 + "
"(.0000000085,0)3^ 8^ 8 1 + "
"(-.0000000085,0)8^ 3^ 8 1 + "
"(.0000000017,0)3^ 8^ 1 9 + "
"(-.0000000017,0)8^ 3^ 1 9 + "
"(-.0000000017,0)3^ 8^ 9 1 + "
"(.0000000017,0)8^ 3^ 9 1 + "
"(.0000000017,0)3^ 9^ 1 8 + "
"(-.0000000017,0)9^ 3^ 1 8 + "
"(-.0000000017,0)3^ 9^ 8 1 + "
"(.0000000017,0)9^ 3^ 8 1 + "
"(-.0000000119,0)3^ 4^ 1 3 + "
"(-.0000000119,0)8^ 9^ 6 8 + "
"(-.0000000069,0)3^ 9^ 1 9 + "
"(.0000000069,0)9^ 3^ 1 9 + "
"(.0000000069,0)3^ 9^ 9 1 + "
"(-.0000000069,0)9^ 3^ 9 1 + "
"(-.0000000060,0)3^ 4^ 1 4 + "
"(-.0000000060,0)8^ 9^ 6 9 + "
"(.0000238247,0)3^ 2 + "
"(.0000238247,0)8^ 7 + "
"(.0000017945,0)3^ 5^ 2 5 + "
"(-.0000017945,0)5^ 3^ 2 5 + "
"(-.0000017945,0)3^ 5^ 5 2 + "
"(.0000017945,0)5^ 3^ 5 2 + "
"(.0000042811,0)3^ 0^ 2 0 + "
"(.0000042811,0)8^ 5^ 7 5 + "
"(-.0000000039,0)3^ 5^ 2 6 + "
"(.0000000039,0)5^ 3^ 2 6 + "
"(.0000000039,0)3^ 5^ 6 2 + "
"(-.0000000039,0)5^ 3^ 6 2 + "
"(.0000000005,0)3^ 0^ 2 1 + "
"(.0000000005,0)8^ 5^ 7 6 + "
"(-.0000043449,0)3^ 5^ 2 7 + "
"(.0000043449,0)5^ 3^ 2 7 + "
"(.0000043449,0)3^ 5^ 7 2 + "
"(-.0000043449,0)5^ 3^ 7 2 + "
"(-.0033805063,0)3^ 5^ 2 8 + "
"(.0033805063,0)5^ 3^ 2 8 + "
"(.0033805063,0)3^ 5^ 8 2 + "
"(-.0033805063,0)5^ 3^ 8 2 + "
"(.0346308112,0)3^ 0^ 2 3 + "
"(.0346308112,0)8^ 5^ 7 8 + "
"(.0000000016,0)3^ 5^ 2 9 + "
"(-.0000000016,0)5^ 3^ 2 9 + "
"(-.0000000016,0)3^ 5^ 9 2 + "
"(.0000000016,0)5^ 3^ 9 2 + "
"(-.0000000039,0)3^ 6^ 2 5 + "
"(.0000000039,0)6^ 3^ 2 5 + "
"(.0000000039,0)3^ 6^ 5 2 + "
"(-.0000000039,0)6^ 3^ 5 2 + "
"(-.0000000007,0)3^ 1^ 2 0 + "
"(-.0000000007,0)8^ 6^ 7 5 + "
"(.0000024057,0)3^ 6^ 2 6 + "
"(-.0000024057,0)6^ 3^ 2 6 + "
"(-.0000024057,0)3^ 6^ 6 2 + "
"(.0000024057,0)6^ 3^ 6 2 + "
"(.0000019996,0)3^ 1^ 2 1 + "
"(.0000019996,0)8^ 6^ 7 6 + "
"(-.0000000013,0)3^ 6^ 2 7 + "
"(.0000000013,0)6^ 3^ 2 7 + "
"(.0000000013,0)3^ 6^ 7 2 + "
"(-.0000000013,0)6^ 3^ 7 2 + "
"(-.0000007974,0)3^ 6^ 2 8 + "
"(.0000007974,0)6^ 3^ 2 8 + "
"(.0000007974,0)3^ 6^ 8 2 + "
"(-.0000007974,0)6^ 3^ 8 2 + "
"(.0000045546,0)3^ 1^ 2 3 + "
"(.0000045546,0)8^ 6^ 7 8 + "
"(-.0000043449,0)3^ 7^ 2 5 + "
"(.0000043449,0)7^ 3^ 2 5 + "
"(.0000043449,0)3^ 7^ 5 2 + "
"(-.0000043449,0)7^ 3^ 5 2 + "
"(.0000177421,0)3^ 2^ 2 0 + "
"(.0000177421,0)8^ 7^ 7 5 + "
"(-.0000000013,0)3^ 7^ 2 6 + "
"(.0000000013,0)7^ 3^ 2 6 + "
"(.0000000013,0)3^ 7^ 6 2 + "
"(-.0000000013,0)7^ 3^ 6 2 + "
"(.0000000061,0)3^ 2^ 2 1 + "
"(.0000000061,0)8^ 7^ 7 6 + "
"(.0000038099,0)3^ 7^ 2 7 + "
"(-.0000038099,0)7^ 3^ 2 7 + "
"(-.0000038099,0)3^ 7^ 7 2 + "
"(.0000038099,0)7^ 3^ 7 2 + "
"(-.0081224058,0)3^ 7^ 2 8 + "
"(.0081224058,0)7^ 3^ 2 8 + "
"(.0081224058,0)3^ 7^ 8 2 + "
"(-.0081224058,0)7^ 3^ 8 2 + "
"(.1380283624,0)3^ 2^ 2 3 + "
"(.1380283624,0)8^ 7^ 7 8 + "
"(.0000000009,0)3^ 2^ 2 4 + "
"(.0000000009,0)8^ 7^ 7 9 + "
"(-.0033805063,0)3^ 8^ 2 5 + "
"(.0033805063,0)8^ 3^ 2 5 + "
"(.0033805063,0)3^ 8^ 5 2 + "
"(-.0033805063,0)8^ 3^ 5 2 + "
"(-.0000007974,0)3^ 8^ 2 6 + "
"(.0000007974,0)8^ 3^ 2 6 + "
"(.0000007974,0)3^ 8^ 6 2 + "
"(-.0000007974,0)8^ 3^ 6 2 + "
"(-.0081224058,0)3^ 8^ 2 7 + "
"(.0081224058,0)8^ 3^ 2 7 + "
"(.0081224058,0)3^ 8^ 7 2 + "
"(-.0081224058,0)8^ 3^ 7 2 + "
"(.0000039277,0)3^ 8^ 2 8 + "
"(-.0000039277,0)8^ 3^ 2 8 + "
"(-.0000039277,0)3^ 8^ 8 2 + "
"(.0000039277,0)8^ 3^ 8 2 + "
"(-.0000004841,0)3^ 8^ 2 9 + "
"(.0000004841,0)8^ 3^ 2 9 + "
"(.0000004841,0)3^ 8^ 9 2 + "
"(-.0000004841,0)8^ 3^ 9 2 + "
"(.0000000016,0)3^ 9^ 2 5 + "
"(-.0000000016,0)9^ 3^ 2 5 + "
"(-.0000000016,0)3^ 9^ 5 2 + "
"(.0000000016,0)9^ 3^ 5 2 + "
"(-.0000004841,0)3^ 9^ 2 8 + "
"(.0000004841,0)9^ 3^ 2 8 + "
"(.0000004841,0)3^ 9^ 8 2 + "
"(-.0000004841,0)9^ 3^ 8 2 + "
"(.0000016663,0)3^ 4^ 2 3 + "
"(.0000016663,0)8^ 9^ 7 8 + "
"(.0000027709,0)3^ 9^ 2 9 + "
"(-.0000027709,0)9^ 3^ 2 9 + "
"(-.0000027709,0)3^ 9^ 9 2 + "
"(.0000027709,0)9^ 3^ 9 2 + "
"(.0000021472,0)3^ 4^ 2 4 + "
"(.0000021472,0)8^ 9^ 7 9 + "
"(-.0560668488,0)3^ 3 + "
"(-.0560668488,0)8^ 8 + "
"(-.1669547932,0)3^ 5^ 3 5 + "
"(.1669547932,0)5^ 3^ 3 5 + "
"(.1669547932,0)3^ 5^ 5 3 + "
"(-.1669547932,0)5^ 3^ 5 3 + "
"(-.1342905468,0)3^ 0^ 3 0 + "
"(-.1342905468,0)8^ 5^ 8 5 + "
"(.0000103284,0)3^ 5^ 3 6 + "
"(-.0000103284,0)5^ 3^ 3 6 + "
"(-.0000103284,0)3^ 5^ 6 3 + "
"(.0000103284,0)5^ 3^ 6 3 + "
"(.0000091667,0)3^ 0^ 3 1 + "
"(.0000091667,0)8^ 5^ 8 6 + "
"(-.0380113174,0)3^ 5^ 3 7 + "
"(.0380113174,0)5^ 3^ 3 7 + "
"(.0380113174,0)3^ 5^ 7 3 + "
"(-.0380113174,0)5^ 3^ 7 3 + "
"(-.0346308112,0)3^ 0^ 3 2 + "
"(-.0346308112,0)8^ 5^ 8 7 + "
"(-.0000228288,0)3^ 5^ 3 8 + "
"(.0000228288,0)5^ 3^ 3 8 + "
"(.0000228288,0)3^ 5^ 8 3 + "
"(-.0000228288,0)5^ 3^ 8 3 + "
"(.0000153076,0)3^ 5^ 3 9 + "
"(-.0000153076,0)5^ 3^ 3 9 + "
"(-.0000153076,0)3^ 5^ 9 3 + "
"(.0000153076,0)5^ 3^ 9 3 + "
"(.0000141414,0)3^ 0^ 3 4 + "
"(.0000141414,0)8^ 5^ 8 9 + "
"(.0000103284,0)3^ 6^ 3 5 + "
"(-.0000103284,0)6^ 3^ 3 5 + "
"(-.0000103284,0)3^ 6^ 5 3 + "
"(.0000103284,0)6^ 3^ 5 3 + "
"(.0000091667,0)3^ 1^ 3 0 + "
"(.0000091667,0)8^ 6^ 8 5 + "
"(-.1570486216,0)3^ 6^ 3 6 + "
"(.1570486216,0)6^ 3^ 3 6 + "
"(.1570486216,0)3^ 6^ 6 3 + "
"(-.1570486216,0)6^ 3^ 6 3 + "
"(-.1464594273,0)3^ 1^ 3 1 + "
"(-.1464594273,0)8^ 6^ 8 6 + "
"(-.0000053520,0)3^ 6^ 3 7 + "
"(.0000053520,0)6^ 3^ 3 7 + "
"(.0000053520,0)3^ 6^ 7 3 + "
"(-.0000053520,0)6^ 3^ 7 3 + "
"(-.0000045546,0)3^ 1^ 3 2 + "
"(-.0000045546,0)8^ 6^ 8 7 + "
"(-.0000000085,0)3^ 6^ 3 8 + "
"(.0000000085,0)6^ 3^ 3 8 + "
"(.0000000085,0)3^ 6^ 8 3 + "
"(-.0000000085,0)6^ 3^ 8 3 + "
"(.0000000137,0)3^ 6^ 3 9 + "
"(-.0000000137,0)6^ 3^ 3 9 + "
"(-.0000000137,0)3^ 6^ 9 3 + "
"(.0000000137,0)6^ 3^ 9 3 + "
"(.0000000119,0)3^ 1^ 3 4 + "
"(.0000000119,0)8^ 6^ 8 9 + "
"(-.0380113174,0)3^ 7^ 3 5 + "
"(.0380113174,0)7^ 3^ 3 5 + "
"(.0380113174,0)3^ 7^ 5 3 + "
"(-.0380113174,0)7^ 3^ 5 3 + "
"(-.0346308112,0)3^ 2^ 3 0 + "
"(-.0346308112,0)8^ 7^ 8 5 + "
"(-.0000053520,0)3^ 7^ 3 6 + "
"(.0000053520,0)7^ 3^ 3 6 + "
"(.0000053520,0)3^ 7^ 6 3 + "
"(-.0000053520,0)7^ 3^ 6 3 + "
"(-.0000045546,0)3^ 2^ 3 1 + "
"(-.0000045546,0)8^ 7^ 8 6 + "
"(-.1461507682,0)3^ 7^ 3 7 + "
"(.1461507682,0)7^ 3^ 3 7 + "
"(.1461507682,0)3^ 7^ 7 3 + "
"(-.1461507682,0)7^ 3^ 7 3 + "
"(-.1380283624,0)3^ 2^ 3 2 + "
"(-.1380283624,0)8^ 7^ 8 7 + "
"(.0000039277,0)3^ 7^ 3 8 + "
"(-.0000039277,0)7^ 3^ 3 8 + "
"(-.0000039277,0)3^ 7^ 8 3 + "
"(.0000039277,0)7^ 3^ 8 3 + "
"(-.0000021504,0)3^ 7^ 3 9 + "
"(.0000021504,0)7^ 3^ 3 9 + "
"(.0000021504,0)3^ 7^ 9 3 + "
"(-.0000021504,0)7^ 3^ 9 3 + "
"(-.0000016663,0)3^ 2^ 3 4 + "
"(-.0000016663,0)8^ 7^ 8 9 + "
"(-.0000228288,0)3^ 8^ 3 5 + "
"(.0000228288,0)8^ 3^ 3 5 + "
"(.0000228288,0)3^ 8^ 5 3 + "
"(-.0000228288,0)8^ 3^ 5 3 + "
"(-.0000000085,0)3^ 8^ 3 6 + "
"(.0000000085,0)8^ 3^ 3 6 + "
"(.0000000085,0)3^ 8^ 6 3 + "
"(-.0000000085,0)8^ 3^ 6 3 + "
"(.0000039277,0)3^ 8^ 3 7 + "
"(-.0000039277,0)8^ 3^ 3 7 + "
"(-.0000039277,0)3^ 8^ 7 3 + "
"(.0000039277,0)8^ 3^ 7 3 + "
"(-.1733322018,0)3^ 8^ 3 8 + "
"(.1733322018,0)8^ 3^ 3 8 + "
"(.1733322018,0)3^ 8^ 8 3 + "
"(-.1733322018,0)8^ 3^ 8 3 + "
"(-.0000000015,0)3^ 8^ 3 9 + "
"(.0000000015,0)8^ 3^ 3 9 + "
"(.0000000015,0)3^ 8^ 9 3 + "
"(-.0000000015,0)8^ 3^ 9 3 + "
"(.0000153076,0)3^ 9^ 3 5 + "
"(-.0000153076,0)9^ 3^ 3 5 + "
"(-.0000153076,0)3^ 9^ 5 3 + "
"(.0000153076,0)9^ 3^ 5 3 + "
"(.0000141414,0)3^ 4^ 3 0 + "
"(.0000141414,0)8^ 9^ 8 5 + "
"(.0000000137,0)3^ 9^ 3 6 + "
"(-.0000000137,0)9^ 3^ 3 6 + "
"(-.0000000137,0)3^ 9^ 6 3 + "
"(.0000000137,0)9^ 3^ 6 3 + "
"(.0000000119,0)3^ 4^ 3 1 + "
"(.0000000119,0)8^ 9^ 8 6 + "
"(-.0000021504,0)3^ 9^ 3 7 + "
"(.0000021504,0)9^ 3^ 3 7 + "
"(.0000021504,0)3^ 9^ 7 3 + "
"(-.0000021504,0)9^ 3^ 7 3 + "
"(-.0000016663,0)3^ 4^ 3 2 + "
"(-.0000016663,0)8^ 9^ 8 7 + "
"(-.0000000015,0)3^ 9^ 3 8 + "
"(.0000000015,0)9^ 3^ 3 8 + "
"(.0000000015,0)3^ 9^ 8 3 + "
"(-.0000000015,0)9^ 3^ 8 3 + "
"(-.1552701392,0)3^ 9^ 3 9 + "
"(.1552701392,0)9^ 3^ 3 9 + "
"(.1552701392,0)3^ 9^ 9 3 + "
"(-.1552701392,0)9^ 3^ 9 3 + "
"(-.1456835621,0)3^ 4^ 3 4 + "
"(-.1456835621,0)8^ 9^ 8 9 + "
"(-.0000000093,0)3^ 4 + "
"(-.0000000093,0)8^ 9 + "
"(-.0000000007,0)3^ 5^ 4 5 + "
"(.0000000007,0)5^ 3^ 4 5 + "
"(.0000000007,0)3^ 5^ 5 4 + "
"(-.0000000007,0)5^ 3^ 5 4 + "
"(-.0000000017,0)3^ 0^ 4 0 + "
"(-.0000000017,0)8^ 5^ 9 5 + "
"(.0000000014,0)3^ 5^ 4 7 + "
"(-.0000000014,0)5^ 3^ 4 7 + "
"(-.0000000014,0)3^ 5^ 7 4 + "
"(.0000000014,0)5^ 3^ 7 4 + "
"(.0000011662,0)3^ 5^ 4 8 + "
"(-.0000011662,0)5^ 3^ 4 8 + "
"(-.0000011662,0)3^ 5^ 8 4 + "
"(.0000011662,0)5^ 3^ 8 4 + "
"(-.0000141414,0)3^ 0^ 4 3 + "
"(-.0000141414,0)8^ 5^ 9 8 + "
"(-.0000015011,0)3^ 5^ 4 9 + "
"(.0000015011,0)5^ 3^ 4 9 + "
"(.0000015011,0)3^ 5^ 9 4 + "
"(-.0000015011,0)5^ 3^ 9 4 + "
"(-.0000000010,0)3^ 6^ 4 6 + "
"(.0000000010,0)6^ 3^ 4 6 + "
"(.0000000010,0)3^ 6^ 6 4 + "
"(-.0000000010,0)6^ 3^ 6 4 + "
"(-.0000000008,0)3^ 1^ 4 1 + "
"(-.0000000008,0)8^ 6^ 9 6 + "
"(.0000000017,0)3^ 6^ 4 8 + "
"(-.0000000017,0)6^ 3^ 4 8 + "
"(-.0000000017,0)3^ 6^ 8 4 + "
"(.0000000017,0)6^ 3^ 8 4 + "
"(-.0000000119,0)3^ 1^ 4 3 + "
"(-.0000000119,0)8^ 6^ 9 8 + "
"(-.0000000009,0)3^ 6^ 4 9 + "
"(.0000000009,0)6^ 3^ 4 9 + "
"(.0000000009,0)3^ 6^ 9 4 + "
"(-.0000000009,0)6^ 3^ 9 4 + "
"(.0000000014,0)3^ 7^ 4 5 + "
"(-.0000000014,0)7^ 3^ 4 5 + "
"(-.0000000014,0)3^ 7^ 5 4 + "
"(.0000000014,0)7^ 3^ 5 4 + "
"(-.0000000011,0)3^ 7^ 4 7 + "
"(.0000000011,0)7^ 3^ 4 7 + "
"(.0000000011,0)3^ 7^ 7 4 + "
"(-.0000000011,0)7^ 3^ 7 4 + "
"(-.0000000009,0)3^ 2^ 4 2 + "
"(-.0000000009,0)8^ 7^ 9 7 + "
"(-.0000004841,0)3^ 7^ 4 8 + "
"(.0000004841,0)7^ 3^ 4 8 + "
"(.0000004841,0)3^ 7^ 8 4 + "
"(-.0000004841,0)7^ 3^ 8 4 + "
"(.0000016663,0)3^ 2^ 4 3 + "
"(.0000016663,0)8^ 7^ 9 8 + "
"(.0000006237,0)3^ 7^ 4 9 + "
"(-.0000006237,0)7^ 3^ 4 9 + "
"(-.0000006237,0)3^ 7^ 9 4 + "
"(.0000006237,0)7^ 3^ 9 4 + "
"(.0000011662,0)3^ 8^ 4 5 + "
"(-.0000011662,0)8^ 3^ 4 5 + "
"(-.0000011662,0)3^ 8^ 5 4 + "
"(.0000011662,0)8^ 3^ 5 4 + "
"(.0000000017,0)3^ 8^ 4 6 + "
"(-.0000000017,0)8^ 3^ 4 6 + "
"(-.0000000017,0)3^ 8^ 6 4 + "
"(.0000000017,0)8^ 3^ 6 4 + "
"(-.0000004841,0)3^ 8^ 4 7 + "
"(.0000004841,0)8^ 3^ 4 7 + "
"(.0000004841,0)3^ 8^ 7 4 + "
"(-.0000004841,0)8^ 3^ 7 4 + "
"(-.0000000015,0)3^ 8^ 4 8 + "
"(.0000000015,0)8^ 3^ 4 8 + "
"(.0000000015,0)3^ 8^ 8 4 + "
"(-.0000000015,0)8^ 3^ 8 4 + "
"(-.0095865770,0)3^ 8^ 4 9 + "
"(.0095865770,0)8^ 3^ 4 9 + "
"(.0095865770,0)3^ 8^ 9 4 + "
"(-.0095865770,0)8^ 3^ 9 4 + "
"(-.0000015011,0)3^ 9^ 4 5 + "
"(.0000015011,0)9^ 3^ 4 5 + "
"(.0000015011,0)3^ 9^ 5 4 + "
"(-.0000015011,0)9^ 3^ 5 4 + "
"(.0000182275,0)3^ 4^ 4 0 + "
"(.0000182275,0)8^ 9^ 9 5 + "
"(-.0000000009,0)3^ 9^ 4 6 + "
"(.0000000009,0)9^ 3^ 4 6 + "
"(.0000000009,0)3^ 9^ 6 4 + "
"(-.0000000009,0)9^ 3^ 6 4 + "
"(.0000000060,0)3^ 4^ 4 1 + "
"(.0000000060,0)8^ 9^ 9 6 + "
"(.0000006237,0)3^ 9^ 4 7 + "
"(-.0000006237,0)9^ 3^ 4 7 + "
"(-.0000006237,0)3^ 9^ 7 4 + "
"(.0000006237,0)9^ 3^ 7 4 + "
"(-.0000021472,0)3^ 4^ 4 2 + "
"(-.0000021472,0)8^ 9^ 9 7 + "
"(-.0095865770,0)3^ 9^ 4 8 + "
"(.0095865770,0)9^ 3^ 4 8 + "
"(.0095865770,0)3^ 9^ 8 4 + "
"(-.0095865770,0)9^ 3^ 8 4 + "
"(.1456835621,0)3^ 4^ 4 3 + "
"(.1456835621,0)8^ 9^ 9 8 + "
"(-.0000000017,0)3^ 9^ 4 9 + "
"(.0000000017,0)9^ 3^ 4 9 + "
"(.0000000017,0)3^ 9^ 9 4 + "
"(-.0000000017,0)9^ 3^ 9 4 + "
"(.0000793315,0)4^ 0 + "
"(.0000793315,0)9^ 5 + "
"(.0000198329,0)4^ 5^ 0 5 + "
"(-.0000198329,0)5^ 4^ 0 5 + "
"(-.0000198329,0)4^ 5^ 5 0 + "
"(.0000198329,0)5^ 4^ 5 0 + "
"(.0000000111,0)4^ 5^ 0 6 + "
"(-.0000000111,0)5^ 4^ 0 6 + "
"(-.0000000111,0)4^ 5^ 6 0 + "
"(.0000000111,0)5^ 4^ 6 0 + "
"(-.0000000079,0)4^ 0^ 0 1 + "
"(-.0000000079,0)9^ 5^ 5 6 + "
"(.0000019294,0)4^ 5^ 0 7 + "
"(-.0000019294,0)5^ 4^ 0 7 + "
"(-.0000019294,0)4^ 5^ 7 0 + "
"(.0000019294,0)5^ 4^ 7 0 + "
"(.0000033218,0)4^ 0^ 0 2 + "
"(.0000033218,0)9^ 5^ 5 7 + "
"(.0000000010,0)4^ 5^ 0 8 + "
"(-.0000000010,0)5^ 4^ 0 8 + "
"(-.0000000010,0)4^ 5^ 8 0 + "
"(.0000000010,0)5^ 4^ 8 0 + "
"(.0000000017,0)4^ 0^ 0 3 + "
"(.0000000017,0)9^ 5^ 5 8 + "
"(-.0326645392,0)4^ 5^ 0 9 + "
"(.0326645392,0)5^ 4^ 0 9 + "
"(.0326645392,0)4^ 5^ 9 0 + "
"(-.0326645392,0)5^ 4^ 9 0 + "
"(.1342914270,0)4^ 0^ 0 4 + "
"(.1342914270,0)9^ 5^ 5 9 + "
"(.0000000111,0)4^ 6^ 0 5 + "
"(-.0000000111,0)6^ 4^ 0 5 + "
"(-.0000000111,0)4^ 6^ 5 0 + "
"(.0000000111,0)6^ 4^ 5 0 + "
"(.0000156951,0)4^ 6^ 0 6 + "
"(-.0000156951,0)6^ 4^ 0 6 + "
"(-.0000156951,0)4^ 6^ 6 0 + "
"(.0000156951,0)6^ 4^ 6 0 + "
"(.0000140559,0)4^ 1^ 0 1 + "
"(.0000140559,0)9^ 6^ 5 6 + "
"(.0000000072,0)4^ 6^ 0 7 + "
"(-.0000000072,0)6^ 4^ 0 7 + "
"(-.0000000072,0)4^ 6^ 7 0 + "
"(.0000000072,0)6^ 4^ 7 0 + "
"(-.0000000011,0)4^ 1^ 0 2 + "
"(-.0000000011,0)9^ 6^ 5 7 + "
"(.0000011618,0)4^ 6^ 0 9 + "
"(-.0000011618,0)6^ 4^ 0 9 + "
"(-.0000011618,0)4^ 6^ 9 0 + "
"(.0000011618,0)6^ 4^ 9 0 + "
"(-.0000091668,0)4^ 1^ 0 4 + "
"(-.0000091668,0)9^ 6^ 5 9 + "
"(.0000019294,0)4^ 7^ 0 5 + "
"(-.0000019294,0)7^ 4^ 0 5 + "
"(-.0000019294,0)4^ 7^ 5 0 + "
"(.0000019294,0)7^ 4^ 5 0 + "
"(.0000000072,0)4^ 7^ 0 6 + "
"(-.0000000072,0)7^ 4^ 0 6 + "
"(-.0000000072,0)4^ 7^ 6 0 + "
"(.0000000072,0)7^ 4^ 6 0 + "
"(-.0000000028,0)4^ 2^ 0 1 + "
"(-.0000000028,0)9^ 7^ 5 6 + "
"(.0000171371,0)4^ 7^ 0 7 + "
"(-.0000171371,0)7^ 4^ 0 7 + "
"(-.0000171371,0)4^ 7^ 7 0 + "
"(.0000171371,0)7^ 4^ 7 0 + "
"(.0000137662,0)4^ 2^ 0 2 + "
"(.0000137662,0)9^ 7^ 5 7 + "
"(.0000000016,0)4^ 7^ 0 8 + "
"(-.0000000016,0)7^ 4^ 0 8 + "
"(-.0000000016,0)4^ 7^ 8 0 + "
"(.0000000016,0)7^ 4^ 8 0 + "
"(-.0033809122,0)4^ 7^ 0 9 + "
"(.0033809122,0)7^ 4^ 0 9 + "
"(.0033809122,0)4^ 7^ 9 0 + "
"(-.0033809122,0)7^ 4^ 9 0 + "
"(.0346310731,0)4^ 2^ 0 4 + "
"(.0346310731,0)9^ 7^ 5 9 + "
"(.0000000010,0)4^ 8^ 0 5 + "
"(-.0000000010,0)8^ 4^ 0 5 + "
"(-.0000000010,0)4^ 8^ 5 0 + "
"(.0000000010,0)8^ 4^ 5 0 + "
"(.0000000016,0)4^ 8^ 0 7 + "
"(-.0000000016,0)8^ 4^ 0 7 + "
"(-.0000000016,0)4^ 8^ 7 0 + "
"(.0000000016,0)8^ 4^ 7 0 + "
"(.0000153076,0)4^ 8^ 0 8 + "
"(-.0000153076,0)8^ 4^ 0 8 + "
"(-.0000153076,0)4^ 8^ 8 0 + "
"(.0000153076,0)8^ 4^ 8 0 + "
"(.0000141414,0)4^ 3^ 0 3 + "
"(.0000141414,0)9^ 8^ 5 8 + "
"(-.0000015011,0)4^ 8^ 0 9 + "
"(.0000015011,0)8^ 4^ 0 9 + "
"(.0000015011,0)4^ 8^ 9 0 + "
"(-.0000015011,0)8^ 4^ 9 0 + "
"(.0000182275,0)4^ 3^ 0 4 + "
"(.0000182275,0)9^ 8^ 5 9 + "
"(-.0326645392,0)4^ 9^ 0 5 + "
"(.0326645392,0)9^ 4^ 0 5 + "
"(.0326645392,0)4^ 9^ 5 0 + "
"(-.0326645392,0)9^ 4^ 5 0 + "
"(.0000011618,0)4^ 9^ 0 6 + "
"(-.0000011618,0)9^ 4^ 0 6 + "
"(-.0000011618,0)4^ 9^ 6 0 + "
"(.0000011618,0)9^ 4^ 6 0 + "
"(-.0033809122,0)4^ 9^ 0 7 + "
"(.0033809122,0)9^ 4^ 0 7 + "
"(.0033809122,0)4^ 9^ 7 0 + "
"(-.0033809122,0)9^ 4^ 7 0 + "
"(-.0000015011,0)4^ 9^ 0 8 + "
"(.0000015011,0)9^ 4^ 0 8 + "
"(.0000015011,0)4^ 9^ 8 0 + "
"(-.0000015011,0)9^ 4^ 8 0 + "
"(.0000177136,0)4^ 9^ 0 9 + "
"(-.0000177136,0)9^ 4^ 0 9 + "
"(-.0000177136,0)4^ 9^ 9 0 + "
"(.0000177136,0)9^ 4^ 9 0 + "
"(.0000001072,0)4^ 1 + "
"(.0000001072,0)9^ 6 + "
"(.0000000190,0)4^ 5^ 1 5 + "
"(-.0000000190,0)5^ 4^ 1 5 + "
"(-.0000000190,0)4^ 5^ 5 1 + "
"(.0000000190,0)5^ 4^ 5 1 + "
"(.0000000079,0)4^ 0^ 1 0 + "
"(.0000000079,0)9^ 5^ 6 5 + "
"(.0000016391,0)4^ 5^ 1 6 + "
"(-.0000016391,0)5^ 4^ 1 6 + "
"(-.0000016391,0)4^ 5^ 6 1 + "
"(.0000016391,0)5^ 4^ 6 1 + "
"(.0000000099,0)4^ 5^ 1 7 + "
"(-.0000000099,0)5^ 4^ 1 7 + "
"(-.0000000099,0)4^ 5^ 7 1 + "
"(.0000000099,0)5^ 4^ 7 1 + "
"(.0000000017,0)4^ 0^ 1 2 + "
"(.0000000017,0)9^ 5^ 6 7 + "
"(.0000011618,0)4^ 5^ 1 9 + "
"(-.0000011618,0)5^ 4^ 1 9 + "
"(-.0000011618,0)4^ 5^ 9 1 + "
"(.0000011618,0)5^ 4^ 9 1 + "
"(-.0000091668,0)4^ 0^ 1 4 + "
"(-.0000091668,0)9^ 5^ 6 9 + "
"(.0000016391,0)4^ 6^ 1 5 + "
"(-.0000016391,0)6^ 4^ 1 5 + "
"(-.0000016391,0)4^ 6^ 5 1 + "
"(.0000016391,0)6^ 4^ 5 1 + "
"(-.0000140559,0)4^ 1^ 1 0 + "
"(-.0000140559,0)9^ 6^ 6 5 + "
"(.0000000181,0)4^ 6^ 1 6 + "
"(-.0000000181,0)6^ 4^ 1 6 + "
"(-.0000000181,0)4^ 6^ 6 1 + "
"(.0000000181,0)6^ 4^ 6 1 + "
"(-.0000003150,0)4^ 6^ 1 7 + "
"(.0000003150,0)6^ 4^ 1 7 + "
"(.0000003150,0)4^ 6^ 7 1 + "
"(-.0000003150,0)6^ 4^ 7 1 + "
"(.0000015514,0)4^ 1^ 1 2 + "
"(.0000015514,0)9^ 6^ 6 7 + "
"(.0000000008,0)4^ 1^ 1 3 + "
"(.0000000008,0)9^ 6^ 6 8 + "
"(-.0105892939,0)4^ 6^ 1 9 + "
"(.0105892939,0)6^ 4^ 1 9 + "
"(.0105892939,0)4^ 6^ 9 1 + "
"(-.0105892939,0)6^ 4^ 9 1 + "
"(.1464603358,0)4^ 1^ 1 4 + "
"(.1464603358,0)9^ 6^ 6 9 + "
"(.0000000099,0)4^ 7^ 1 5 + "
"(-.0000000099,0)7^ 4^ 1 5 + "
"(-.0000000099,0)4^ 7^ 5 1 + "
"(.0000000099,0)7^ 4^ 5 1 + "
"(.0000000028,0)4^ 2^ 1 0 + "
"(.0000000028,0)9^ 7^ 6 5 + "
"(-.0000003150,0)4^ 7^ 1 6 + "
"(.0000003150,0)7^ 4^ 1 6 + "
"(.0000003150,0)4^ 7^ 6 1 + "
"(-.0000003150,0)7^ 4^ 6 1 + "
"(.0000000147,0)4^ 7^ 1 7 + "
"(-.0000000147,0)7^ 4^ 1 7 + "
"(-.0000000147,0)4^ 7^ 7 1 + "
"(.0000000147,0)7^ 4^ 7 1 + "
"(.0000000125,0)4^ 2^ 1 2 + "
"(.0000000125,0)9^ 7^ 6 7 + "
"(-.0000007974,0)4^ 7^ 1 9 + "
"(.0000007974,0)7^ 4^ 1 9 + "
"(.0000007974,0)4^ 7^ 9 1 + "
"(-.0000007974,0)7^ 4^ 9 1 + "
"(.0000045546,0)4^ 2^ 1 4 + "
"(.0000045546,0)9^ 7^ 6 9 + "
"(.0000000137,0)4^ 8^ 1 8 + "
"(-.0000000137,0)8^ 4^ 1 8 + "
"(-.0000000137,0)4^ 8^ 8 1 + "
"(.0000000137,0)8^ 4^ 8 1 + "
"(.0000000119,0)4^ 3^ 1 3 + "
"(.0000000119,0)9^ 8^ 6 8 + "
"(-.0000000009,0)4^ 8^ 1 9 + "
"(.0000000009,0)8^ 4^ 1 9 + "
"(.0000000009,0)4^ 8^ 9 1 + "
"(-.0000000009,0)8^ 4^ 9 1 + "
"(.0000000060,0)4^ 3^ 1 4 + "
"(.0000000060,0)9^ 8^ 6 9 + "
"(.0000011618,0)4^ 9^ 1 5 + "
"(-.0000011618,0)9^ 4^ 1 5 + "
"(-.0000011618,0)4^ 9^ 5 1 + "
"(.0000011618,0)9^ 4^ 5 1 + "
"(-.0105892939,0)4^ 9^ 1 6 + "
"(.0105892939,0)9^ 4^ 1 6 + "
"(.0105892939,0)4^ 9^ 6 1 + "
"(-.0105892939,0)9^ 4^ 6 1 + "
"(-.0000007974,0)4^ 9^ 1 7 + "
"(.0000007974,0)9^ 4^ 1 7 + "
"(.0000007974,0)4^ 9^ 7 1 + "
"(-.0000007974,0)9^ 4^ 7 1 + "
"(-.0000000009,0)4^ 9^ 1 8 + "
"(.0000000009,0)9^ 4^ 1 8 + "
"(.0000000009,0)4^ 9^ 8 1 + "
"(-.0000000009,0)9^ 4^ 8 1 + "
"(.0000000169,0)4^ 9^ 1 9 + "
"(-.0000000169,0)9^ 4^ 1 9 + "
"(-.0000000169,0)4^ 9^ 9 1 + "
"(.0000000169,0)9^ 4^ 9 1 + "
"(-.0000184852,0)4^ 2 + "
"(-.0000184852,0)9^ 7 + "
"(-.0000013924,0)4^ 5^ 2 5 + "
"(.0000013924,0)5^ 4^ 2 5 + "
"(.0000013924,0)4^ 5^ 5 2 + "
"(-.0000013924,0)5^ 4^ 5 2 + "
"(-.0000033218,0)4^ 0^ 2 0 + "
"(-.0000033218,0)9^ 5^ 7 5 + "
"(.0000000082,0)4^ 5^ 2 6 + "
"(-.0000000082,0)5^ 4^ 2 6 + "
"(-.0000000082,0)4^ 5^ 6 2 + "
"(.0000000082,0)5^ 4^ 6 2 + "
"(-.0000000017,0)4^ 0^ 2 1 + "
"(-.0000000017,0)9^ 5^ 7 6 + "
"(.0000033710,0)4^ 5^ 2 7 + "
"(-.0000033710,0)5^ 4^ 2 7 + "
"(-.0000033710,0)4^ 5^ 7 2 + "
"(.0000033710,0)5^ 4^ 7 2 + "
"(.0000000016,0)4^ 5^ 2 8 + "
"(-.0000000016,0)5^ 4^ 2 8 + "
"(-.0000000016,0)4^ 5^ 8 2 + "
"(.0000000016,0)5^ 4^ 8 2 + "
"(-.0033809122,0)4^ 5^ 2 9 + "
"(.0033809122,0)5^ 4^ 2 9 + "
"(.0033809122,0)4^ 5^ 9 2 + "
"(-.0033809122,0)5^ 4^ 9 2 + "
"(.0346310731,0)4^ 0^ 2 4 + "
"(.0346310731,0)9^ 5^ 7 9 + "
"(.0000000082,0)4^ 6^ 2 5 + "
"(-.0000000082,0)6^ 4^ 2 5 + "
"(-.0000000082,0)4^ 6^ 5 2 + "
"(.0000000082,0)6^ 4^ 5 2 + "
"(.0000000011,0)4^ 1^ 2 0 + "
"(.0000000011,0)9^ 6^ 7 5 + "
"(-.0000018664,0)4^ 6^ 2 6 + "
"(.0000018664,0)6^ 4^ 2 6 + "
"(.0000018664,0)4^ 6^ 6 2 + "
"(-.0000018664,0)6^ 4^ 6 2 + "
"(-.0000015514,0)4^ 1^ 2 1 + "
"(-.0000015514,0)9^ 6^ 7 6 + "
"(.0000000022,0)4^ 6^ 2 7 + "
"(-.0000000022,0)6^ 4^ 2 7 + "
"(-.0000000022,0)4^ 6^ 7 2 + "
"(.0000000022,0)6^ 4^ 7 2 + "
"(-.0000007974,0)4^ 6^ 2 9 + "
"(.0000007974,0)6^ 4^ 2 9 + "
"(.0000007974,0)4^ 6^ 9 2 + "
"(-.0000007974,0)6^ 4^ 9 2 + "
"(.0000045546,0)4^ 1^ 2 4 + "
"(.0000045546,0)9^ 6^ 7 9 + "
"(.0000033710,0)4^ 7^ 2 5 + "
"(-.0000033710,0)7^ 4^ 2 5 + "
"(-.0000033710,0)4^ 7^ 5 2 + "
"(.0000033710,0)7^ 4^ 5 2 + "
"(-.0000137662,0)4^ 2^ 2 0 + "
"(-.0000137662,0)9^ 7^ 7 5 + "
"(.0000000022,0)4^ 7^ 2 6 + "
"(-.0000000022,0)7^ 4^ 2 6 + "
"(-.0000000022,0)4^ 7^ 6 2 + "
"(.0000000022,0)7^ 4^ 6 2 + "
"(-.0000000125,0)4^ 2^ 2 1 + "
"(-.0000000125,0)9^ 7^ 7 6 + "
"(-.0000029561,0)4^ 7^ 2 7 + "
"(.0000029561,0)7^ 4^ 2 7 + "
"(.0000029561,0)4^ 7^ 7 2 + "
"(-.0000029561,0)7^ 4^ 7 2 + "
"(.0000000009,0)4^ 2^ 2 3 + "
"(.0000000009,0)9^ 7^ 7 8 + "
"(-.0081224038,0)4^ 7^ 2 9 + "
"(.0081224038,0)7^ 4^ 2 9 + "
"(.0081224038,0)4^ 7^ 9 2 + "
"(-.0081224038,0)7^ 4^ 9 2 + "
"(.1380293111,0)4^ 2^ 2 4 + "
"(.1380293111,0)9^ 7^ 7 9 + "
"(.0000000016,0)4^ 8^ 2 5 + "
"(-.0000000016,0)8^ 4^ 2 5 + "
"(-.0000000016,0)4^ 8^ 5 2 + "
"(.0000000016,0)8^ 4^ 5 2 + "
"(-.0000021504,0)4^ 8^ 2 8 + "
"(.0000021504,0)8^ 4^ 2 8 + "
"(.0000021504,0)4^ 8^ 8 2 + "
"(-.0000021504,0)8^ 4^ 8 2 + "
"(-.0000016663,0)4^ 3^ 2 3 + "
"(-.0000016663,0)9^ 8^ 7 8 + "
"(.0000006237,0)4^ 8^ 2 9 + "
"(-.0000006237,0)8^ 4^ 2 9 + "
"(-.0000006237,0)4^ 8^ 9 2 + "
"(.0000006237,0)8^ 4^ 9 2 + "
"(-.0000021472,0)4^ 3^ 2 4 + "
"(-.0000021472,0)9^ 8^ 7 9 + "
"(-.0033809122,0)4^ 9^ 2 5 + "
"(.0033809122,0)9^ 4^ 2 5 + "
"(.0033809122,0)4^ 9^ 5 2 + "
"(-.0033809122,0)9^ 4^ 5 2 + "
"(-.0000007974,0)4^ 9^ 2 6 + "
"(.0000007974,0)9^ 4^ 2 6 + "
"(.0000007974,0)4^ 9^ 6 2 + "
"(-.0000007974,0)9^ 4^ 6 2 + "
"(-.0081224038,0)4^ 9^ 2 7 + "
"(.0081224038,0)9^ 4^ 2 7 + "
"(.0081224038,0)4^ 9^ 7 2 + "
"(-.0081224038,0)9^ 4^ 7 2 + "
"(.0000006237,0)4^ 9^ 2 8 + "
"(-.0000006237,0)9^ 4^ 2 8 + "
"(-.0000006237,0)4^ 9^ 8 2 + "
"(.0000006237,0)9^ 4^ 8 2 + "
"(-.0000030477,0)4^ 9^ 2 9 + "
"(.0000030477,0)9^ 4^ 2 9 + "
"(.0000030477,0)4^ 9^ 9 2 + "
"(-.0000030477,0)9^ 4^ 9 2 + "
"(-.0000000093,0)4^ 3 + "
"(-.0000000093,0)9^ 8 + "
"(-.0000000007,0)4^ 5^ 3 5 + "
"(.0000000007,0)5^ 4^ 3 5 + "
"(.0000000007,0)4^ 5^ 5 3 + "
"(-.0000000007,0)5^ 4^ 5 3 + "
"(-.0000000017,0)4^ 0^ 3 0 + "
"(-.0000000017,0)9^ 5^ 8 5 + "
"(.0000000014,0)4^ 5^ 3 7 + "
"(-.0000000014,0)5^ 4^ 3 7 + "
"(-.0000000014,0)4^ 5^ 7 3 + "
"(.0000000014,0)5^ 4^ 7 3 + "
"(.0000011662,0)4^ 5^ 3 8 + "
"(-.0000011662,0)5^ 4^ 3 8 + "
"(-.0000011662,0)4^ 5^ 8 3 + "
"(.0000011662,0)5^ 4^ 8 3 + "
"(-.0000015011,0)4^ 5^ 3 9 + "
"(.0000015011,0)5^ 4^ 3 9 + "
"(.0000015011,0)4^ 5^ 9 3 + "
"(-.0000015011,0)5^ 4^ 9 3 + "
"(.0000182275,0)4^ 0^ 3 4 + "
"(.0000182275,0)9^ 5^ 8 9 + "
"(-.0000000010,0)4^ 6^ 3 6 + "
"(.0000000010,0)6^ 4^ 3 6 + "
"(.0000000010,0)4^ 6^ 6 3 + "
"(-.0000000010,0)6^ 4^ 6 3 + "
"(-.0000000008,0)4^ 1^ 3 1 + "
"(-.0000000008,0)9^ 6^ 8 6 + "
"(.0000000017,0)4^ 6^ 3 8 + "
"(-.0000000017,0)6^ 4^ 3 8 + "
"(-.0000000017,0)4^ 6^ 8 3 + "
"(.0000000017,0)6^ 4^ 8 3 + "
"(-.0000000009,0)4^ 6^ 3 9 + "
"(.0000000009,0)6^ 4^ 3 9 + "
"(.0000000009,0)4^ 6^ 9 3 + "
"(-.0000000009,0)6^ 4^ 9 3 + "
"(.0000000060,0)4^ 1^ 3 4 + "
"(.0000000060,0)9^ 6^ 8 9 + "
"(.0000000014,0)4^ 7^ 3 5 + "
"(-.0000000014,0)7^ 4^ 3 5 + "
"(-.0000000014,0)4^ 7^ 5 3 + "
"(.0000000014,0)7^ 4^ 5 3 + "
"(-.0000000011,0)4^ 7^ 3 7 + "
"(.0000000011,0)7^ 4^ 3 7 + "
"(.0000000011,0)4^ 7^ 7 3 + "
"(-.0000000011,0)7^ 4^ 7 3 + "
"(-.0000000009,0)4^ 2^ 3 2 + "
"(-.0000000009,0)9^ 7^ 8 7 + "
"(-.0000004841,0)4^ 7^ 3 8 + "
"(.0000004841,0)7^ 4^ 3 8 + "
"(.0000004841,0)4^ 7^ 8 3 + "
"(-.0000004841,0)7^ 4^ 8 3 + "
"(.0000006237,0)4^ 7^ 3 9 + "
"(-.0000006237,0)7^ 4^ 3 9 + "
"(-.0000006237,0)4^ 7^ 9 3 + "
"(.0000006237,0)7^ 4^ 9 3 + "
"(-.0000021472,0)4^ 2^ 3 4 + "
"(-.0000021472,0)9^ 7^ 8 9 + "
"(.0000011662,0)4^ 8^ 3 5 + "
"(-.0000011662,0)8^ 4^ 3 5 + "
"(-.0000011662,0)4^ 8^ 5 3 + "
"(.0000011662,0)8^ 4^ 5 3 + "
"(-.0000141414,0)4^ 3^ 3 0 + "
"(-.0000141414,0)9^ 8^ 8 5 + "
"(.0000000017,0)4^ 8^ 3 6 + "
"(-.0000000017,0)8^ 4^ 3 6 + "
"(-.0000000017,0)4^ 8^ 6 3 + "
"(.0000000017,0)8^ 4^ 6 3 + "
"(-.0000000119,0)4^ 3^ 3 1 + "
"(-.0000000119,0)9^ 8^ 8 6 + "
"(-.0000004841,0)4^ 8^ 3 7 + "
"(.0000004841,0)8^ 4^ 3 7 + "
"(.0000004841,0)4^ 8^ 7 3 + "
"(-.0000004841,0)8^ 4^ 7 3 + "
"(.0000016663,0)4^ 3^ 3 2 + "
"(.0000016663,0)9^ 8^ 8 7 + "
"(-.0000000015,0)4^ 8^ 3 8 + "
"(.0000000015,0)8^ 4^ 3 8 + "
"(.0000000015,0)4^ 8^ 8 3 + "
"(-.0000000015,0)8^ 4^ 8 3 + "
"(-.0095865770,0)4^ 8^ 3 9 + "
"(.0095865770,0)8^ 4^ 3 9 + "
"(.0095865770,0)4^ 8^ 9 3 + "
"(-.0095865770,0)8^ 4^ 9 3 + "
"(.1456835621,0)4^ 3^ 3 4 + "
"(.1456835621,0)9^ 8^ 8 9 + "
"(-.0000015011,0)4^ 9^ 3 5 + "
"(.0000015011,0)9^ 4^ 3 5 + "
"(.0000015011,0)4^ 9^ 5 3 + "
"(-.0000015011,0)9^ 4^ 5 3 + "
"(-.0000000009,0)4^ 9^ 3 6 + "
"(.0000000009,0)9^ 4^ 3 6 + "
"(.0000000009,0)4^ 9^ 6 3 + "
"(-.0000000009,0)9^ 4^ 6 3 + "
"(.0000006237,0)4^ 9^ 3 7 + "
"(-.0000006237,0)9^ 4^ 3 7 + "
"(-.0000006237,0)4^ 9^ 7 3 + "
"(.0000006237,0)9^ 4^ 7 3 + "
"(-.0095865770,0)4^ 9^ 3 8 + "
"(.0095865770,0)9^ 4^ 3 8 + "
"(.0095865770,0)4^ 9^ 8 3 + "
"(-.0095865770,0)9^ 4^ 8 3 + "
"(-.0000000017,0)4^ 9^ 3 9 + "
"(.0000000017,0)9^ 4^ 3 9 + "
"(.0000000017,0)4^ 9^ 9 3 + "
"(-.0000000017,0)9^ 4^ 9 3 + "
"(-.0560480839,0)4^ 4 + "
"(-.0560480839,0)9^ 9 + "
"(-.1669559662,0)4^ 5^ 4 5 + "
"(.1669559662,0)5^ 4^ 4 5 + "
"(.1669559662,0)4^ 5^ 5 4 + "
"(-.1669559662,0)5^ 4^ 5 4 + "
"(-.1342914270,0)4^ 0^ 4 0 + "
"(-.1342914270,0)9^ 5^ 9 5 + "
"(.0000103286,0)4^ 5^ 4 6 + "
"(-.0000103286,0)5^ 4^ 4 6 + "
"(-.0000103286,0)4^ 5^ 6 4 + "
"(.0000103286,0)5^ 4^ 6 4 + "
"(.0000091668,0)4^ 0^ 4 1 + "
"(.0000091668,0)9^ 5^ 9 6 + "
"(-.0380119853,0)4^ 5^ 4 7 + "
"(.0380119853,0)5^ 4^ 4 7 + "
"(.0380119853,0)4^ 5^ 7 4 + "
"(-.0380119853,0)5^ 4^ 7 4 + "
"(-.0346310731,0)4^ 0^ 4 2 + "
"(-.0346310731,0)9^ 5^ 9 7 + "
"(-.0000197286,0)4^ 5^ 4 8 + "
"(.0000197286,0)5^ 4^ 4 8 + "
"(.0000197286,0)4^ 5^ 8 4 + "
"(-.0000197286,0)5^ 4^ 8 4 + "
"(-.0000182275,0)4^ 0^ 4 3 + "
"(-.0000182275,0)9^ 5^ 9 8 + "
"(.0000177136,0)4^ 5^ 4 9 + "
"(-.0000177136,0)5^ 4^ 4 9 + "
"(-.0000177136,0)4^ 5^ 9 4 + "
"(.0000177136,0)5^ 4^ 9 4 + "
"(.0000103286,0)4^ 6^ 4 5 + "
"(-.0000103286,0)6^ 4^ 4 5 + "
"(-.0000103286,0)4^ 6^ 5 4 + "
"(.0000103286,0)6^ 4^ 5 4 + "
"(.0000091668,0)4^ 1^ 4 0 + "
"(.0000091668,0)9^ 6^ 9 5 + "
"(-.1570496296,0)4^ 6^ 4 6 + "
"(.1570496296,0)6^ 4^ 4 6 + "
"(.1570496296,0)4^ 6^ 6 4 + "
"(-.1570496296,0)6^ 4^ 6 4 + "
"(-.1464603358,0)4^ 1^ 4 1 + "
"(-.1464603358,0)9^ 6^ 9 6 + "
"(-.0000053521,0)4^ 6^ 4 7 + "
"(.0000053521,0)6^ 4^ 4 7 + "
"(.0000053521,0)4^ 6^ 7 4 + "
"(-.0000053521,0)6^ 4^ 7 4 + "
"(-.0000045546,0)4^ 1^ 4 2 + "
"(-.0000045546,0)9^ 6^ 9 7 + "
"(-.0000000069,0)4^ 6^ 4 8 + "
"(.0000000069,0)6^ 4^ 4 8 + "
"(.0000000069,0)4^ 6^ 8 4 + "
"(-.0000000069,0)6^ 4^ 8 4 + "
"(-.0000000060,0)4^ 1^ 4 3 + "
"(-.0000000060,0)9^ 6^ 9 8 + "
"(.0000000169,0)4^ 6^ 4 9 + "
"(-.0000000169,0)6^ 4^ 4 9 + "
"(-.0000000169,0)4^ 6^ 9 4 + "
"(.0000000169,0)6^ 4^ 9 4 + "
"(-.0380119853,0)4^ 7^ 4 5 + "
"(.0380119853,0)7^ 4^ 4 5 + "
"(.0380119853,0)4^ 7^ 5 4 + "
"(-.0380119853,0)7^ 4^ 5 4 + "
"(-.0346310731,0)4^ 2^ 4 0 + "
"(-.0346310731,0)9^ 7^ 9 5 + "
"(-.0000053521,0)4^ 7^ 4 6 + "
"(.0000053521,0)7^ 4^ 4 6 + "
"(.0000053521,0)4^ 7^ 6 4 + "
"(-.0000053521,0)7^ 4^ 6 4 + "
"(-.0000045546,0)4^ 2^ 4 1 + "
"(-.0000045546,0)9^ 7^ 9 6 + "
"(-.1461517149,0)4^ 7^ 4 7 + "
"(.1461517149,0)7^ 4^ 4 7 + "
"(.1461517149,0)4^ 7^ 7 4 + "
"(-.1461517149,0)7^ 4^ 7 4 + "
"(-.1380293111,0)4^ 2^ 4 2 + "
"(-.1380293111,0)9^ 7^ 9 7 + "
"(.0000027709,0)4^ 7^ 4 8 + "
"(-.0000027709,0)7^ 4^ 4 8 + "
"(-.0000027709,0)4^ 7^ 8 4 + "
"(.0000027709,0)7^ 4^ 8 4 + "
"(.0000021472,0)4^ 2^ 4 3 + "
"(.0000021472,0)9^ 7^ 9 8 + "
"(-.0000030477,0)4^ 7^ 4 9 + "
"(.0000030477,0)7^ 4^ 4 9 + "
"(.0000030477,0)4^ 7^ 9 4 + "
"(-.0000030477,0)7^ 4^ 9 4 + "
"(-.0000197286,0)4^ 8^ 4 5 + "
"(.0000197286,0)8^ 4^ 4 5 + "
"(.0000197286,0)4^ 8^ 5 4 + "
"(-.0000197286,0)8^ 4^ 5 4 + "
"(-.0000182275,0)4^ 3^ 4 0 + "
"(-.0000182275,0)9^ 8^ 9 5 + "
"(-.0000000069,0)4^ 8^ 4 6 + "
"(.0000000069,0)8^ 4^ 4 6 + "
"(.0000000069,0)4^ 8^ 6 4 + "
"(-.0000000069,0)8^ 4^ 6 4 + "
"(-.0000000060,0)4^ 3^ 4 1 + "
"(-.0000000060,0)9^ 8^ 9 6 + "
"(.0000027709,0)4^ 8^ 4 7 + "
"(-.0000027709,0)8^ 4^ 4 7 + "
"(-.0000027709,0)4^ 8^ 7 4 + "
"(.0000027709,0)8^ 4^ 7 4 + "
"(.0000021472,0)4^ 3^ 4 2 + "
"(.0000021472,0)9^ 8^ 9 7 + "
"(-.1552701392,0)4^ 8^ 4 8 + "
"(.1552701392,0)8^ 4^ 4 8 + "
"(.1552701392,0)4^ 8^ 8 4 + "
"(-.1552701392,0)8^ 4^ 8 4 + "
"(-.1456835621,0)4^ 3^ 4 3 + "
"(-.1456835621,0)9^ 8^ 9 8 + "
"(-.0000000017,0)4^ 8^ 4 9 + "
"(.0000000017,0)8^ 4^ 4 9 + "
"(.0000000017,0)4^ 8^ 9 4 + "
"(-.0000000017,0)8^ 4^ 9 4 + "
"(.0000177136,0)4^ 9^ 4 5 + "
"(-.0000177136,0)9^ 4^ 4 5 + "
"(-.0000177136,0)4^ 9^ 5 4 + "
"(.0000177136,0)9^ 4^ 5 4 + "
"(.0000000169,0)4^ 9^ 4 6 + "
"(-.0000000169,0)9^ 4^ 4 6 + "
"(-.0000000169,0)4^ 9^ 6 4 + "
"(.0000000169,0)9^ 4^ 6 4 + "
"(-.0000030477,0)4^ 9^ 4 7 + "
"(.0000030477,0)9^ 4^ 4 7 + "
"(.0000030477,0)4^ 9^ 7 4 + "
"(-.0000030477,0)9^ 4^ 7 4 + "
"(-.0000000017,0)4^ 9^ 4 8 + "
"(.0000000017,0)9^ 4^ 4 8 + "
"(.0000000017,0)4^ 9^ 8 4 + "
"(-.0000000017,0)9^ 4^ 8 4 + "
"(-.1733344540,0)4^ 9^ 4 9 + "
"(.1733344540,0)9^ 4^ 4 9 + "
"(.1733344540,0)4^ 9^ 9 4 + "
"(-.1733344540,0)9^ 4^ 9 4 + "
"(.8819620817,0)"
