"(-1.2155310826,0)0^ 0 + "
"(-1.2155310826,0)5^ 5 + "
"(-.1592710828,0)0^ 5^ 0 5 + "
"(.1592710828,0)5^ 0^ 0 5 + "
"(.1592710828,0)0^ 5^ 5 0 + "
"(-.1592710828,0)5^ 0^ 5 0 + "
"(.0000031028,0)0^ 5^ 0 6 + "
"(-.0000031028,0)5^ 0^ 0 6 + "
"(-.0000031028,0)0^ 5^ 6 0 + "
"(.0000031028,0)5^ 0^ 6 0 + "
"(-.0423264182,0)0^ 5^ 0 7 + "
"(.0423264182,0)5^ 0^ 0 7 + "
"(.0423264182,0)0^ 5^ 7 0 + "
"(-.0423264182,0)5^ 0^ 7 0 + "
"(.0002411200,0)0^ 5^ 0 8 + "
"(-.0002411200,0)5^ 0^ 0 8 + "
"(-.0002411200,0)0^ 5^ 8 0 + "
"(.0002411200,0)5^ 0^ 8 0 + "
"(-.0001599865,0)0^ 5^ 0 9 + "
"(.0001599865,0)5^ 0^ 0 9 + "
"(.0001599865,0)0^ 5^ 9 0 + "
"(-.0001599865,0)5^ 0^ 9 0 + "
"(.0000031028,0)0^ 6^ 0 5 + "
"(-.0000031028,0)6^ 0^ 0 5 + "
"(-.0000031028,0)0^ 6^ 5 0 + "
"(.0000031028,0)6^ 0^ 5 0 + "
"(-.1558685651,0)0^ 6^ 0 6 + "
"(.1558685651,0)6^ 0^ 0 6 + "
"(.1558685651,0)0^ 6^ 6 0 + "
"(-.1558685651,0)6^ 0^ 6 0 + "
"(-.1155567790,0)0^ 1^ 0 1 + "
"(-.1155567790,0)5^ 6^ 5 6 + "
"(-.0000024328,0)0^ 6^ 0 7 + "
"(.0000024328,0)6^ 0^ 0 7 + "
"(.0000024328,0)0^ 6^ 7 0 + "
"(-.0000024328,0)6^ 0^ 7 0 + "
"(-.0000013640,0)0^ 1^ 0 2 + "
"(-.0000013640,0)5^ 6^ 5 7 + "
"(.0000000179,0)0^ 6^ 0 8 + "
"(-.0000000179,0)6^ 0^ 0 8 + "
"(-.0000000179,0)0^ 6^ 8 0 + "
"(.0000000179,0)6^ 0^ 8 0 + "
"(.0000000088,0)0^ 1^ 0 3 + "
"(.0000000088,0)5^ 6^ 5 8 + "
"(-.0000000553,0)0^ 6^ 0 9 + "
"(.0000000553,0)6^ 0^ 0 9 + "
"(.0000000553,0)0^ 6^ 9 0 + "
"(-.0000000553,0)6^ 0^ 9 0 + "
"(-.0000000201,0)0^ 1^ 0 4 + "
"(-.0000000201,0)5^ 6^ 5 9 + "
"(-.0423264182,0)0^ 7^ 0 5 + "
"(.0423264182,0)7^ 0^ 0 5 + "
"(.0423264182,0)0^ 7^ 5 0 + "
"(-.0423264182,0)7^ 0^ 5 0 + "
"(-.0000024328,0)0^ 7^ 0 6 + "
"(.0000024328,0)7^ 0^ 0 6 + "
"(.0000024328,0)0^ 7^ 6 0 + "
"(-.0000024328,0)7^ 0^ 6 0 + "
"(-.0000013640,0)0^ 2^ 0 1 + "
"(-.0000013640,0)5^ 7^ 5 6 + "
"(-.1431501799,0)0^ 7^ 0 7 + "
"(.1431501799,0)7^ 0^ 0 7 + "
"(.1431501799,0)0^ 7^ 7 0 + "
"(-.1431501799,0)7^ 0^ 7 0 + "
"(-.1116576130,0)0^ 2^ 0 2 + "
"(-.1116576130,0)5^ 7^ 5 7 + "
"(-.0000187959,0)0^ 7^ 0 8 + "
"(.0000187959,0)7^ 0^ 0 8 + "
"(.0000187959,0)0^ 7^ 8 0 + "
"(-.0000187959,0)7^ 0^ 8 0 + "
"(-.0000407675,0)0^ 2^ 0 3 + "
"(-.0000407675,0)5^ 7^ 5 8 + "
"(.0000123214,0)0^ 7^ 0 9 + "
"(-.0000123214,0)7^ 0^ 0 9 + "
"(-.0000123214,0)0^ 7^ 9 0 + "
"(.0000123214,0)7^ 0^ 9 0 + "
"(.0000269367,0)0^ 2^ 0 4 + "
"(.0000269367,0)5^ 7^ 5 9 + "
"(.0002411200,0)0^ 8^ 0 5 + "
"(-.0002411200,0)8^ 0^ 0 5 + "
"(-.0002411200,0)0^ 8^ 5 0 + "
"(.0002411200,0)8^ 0^ 5 0 + "
"(.0000000179,0)0^ 8^ 0 6 + "
"(-.0000000179,0)8^ 0^ 0 6 + "
"(-.0000000179,0)0^ 8^ 6 0 + "
"(.0000000179,0)8^ 0^ 6 0 + "
"(.0000000088,0)0^ 3^ 0 1 + "
"(.0000000088,0)5^ 8^ 5 6 + "
"(-.0000187959,0)0^ 8^ 0 7 + "
"(.0000187959,0)8^ 0^ 0 7 + "
"(.0000187959,0)0^ 8^ 7 0 + "
"(-.0000187959,0)8^ 0^ 7 0 + "
"(-.0000407675,0)0^ 3^ 0 2 + "
"(-.0000407675,0)5^ 8^ 5 7 + "
"(-.1491373306,0)0^ 8^ 0 8 + "
"(.1491373306,0)8^ 0^ 0 8 + "
"(.1491373306,0)0^ 8^ 8 0 + "
"(-.1491373306,0)8^ 0^ 8 0 + "
"(-.1207730842,0)0^ 3^ 0 3 + "
"(-.1207730842,0)5^ 8^ 5 8 + "
"(-.0000001061,0)0^ 8^ 0 9 + "
"(.0000001061,0)8^ 0^ 0 9 + "
"(.0000001061,0)0^ 8^ 9 0 + "
"(-.0000001061,0)8^ 0^ 9 0 + "
"(-.0000001549,0)0^ 3^ 0 4 + "
"(-.0000001549,0)5^ 8^ 5 9 + "
"(-.0001599865,0)0^ 9^ 0 5 + "
"(.0001599865,0)9^ 0^ 0 5 + "
"(.0001599865,0)0^ 9^ 5 0 + "
"(-.0001599865,0)9^ 0^ 5 0 + "
"(-.0000000553,0)0^ 9^ 0 6 + "
"(.0000000553,0)9^ 0^ 0 6 + "
"(.0000000553,0)0^ 9^ 6 0 + "
"(-.0000000553,0)9^ 0^ 6 0 + "
"(-.0000000201,0)0^ 4^ 0 1 + "
"(-.0000000201,0)5^ 9^ 5 6 + "
"(.0000123214,0)0^ 9^ 0 7 + "
"(-.0000123214,0)9^ 0^ 0 7 + "
"(-.0000123214,0)0^ 9^ 7 0 + "
"(.0000123214,0)9^ 0^ 7 0 + "
"(.0000269367,0)0^ 4^ 0 2 + "
"(.0000269367,0)5^ 9^ 5 7 + "
"(-.0000001061,0)0^ 9^ 0 8 + "
"(.0000001061,0)9^ 0^ 0 8 + "
"(.0000001061,0)0^ 9^ 8 0 + "
"(-.0000001061,0)9^ 0^ 8 0 + "
"(-.0000001549,0)0^ 4^ 0 3 + "
"(-.0000001549,0)5^ 9^ 5 8 + "
"(-.1491373592,0)0^ 9^ 0 9 + "
"(.1491373592,0)9^ 0^ 0 9 + "
"(.1491373592,0)0^ 9^ 9 0 + "
"(-.1491373592,0)9^ 0^ 9 0 + "
"(-.1207732886,0)0^ 4^ 0 4 + "
"(-.1207732886,0)5^ 9^ 5 9 + "
"(.0000124106,0)0^ 1 + "
"(.0000124106,0)5^ 6 + "
"(.0000031028,0)0^ 5^ 1 5 + "
"(-.0000031028,0)5^ 0^ 1 5 + "
"(-.0000031028,0)0^ 5^ 5 1 + "
"(.0000031028,0)5^ 0^ 5 1 + "
"(-.0403117861,0)0^ 5^ 1 6 + "
"(.0403117861,0)5^ 0^ 1 6 + "
"(.0403117861,0)0^ 5^ 6 1 + "
"(-.0403117861,0)5^ 0^ 6 1 + "
"(-.0000010688,0)0^ 5^ 1 7 + "
"(.0000010688,0)5^ 0^ 1 7 + "
"(.0000010688,0)0^ 5^ 7 1 + "
"(-.0000010688,0)5^ 0^ 7 1 + "
"(.0000000090,0)0^ 5^ 1 8 + "
"(-.0000000090,0)5^ 0^ 1 8 + "
"(-.0000000090,0)0^ 5^ 8 1 + "
"(.0000000090,0)5^ 0^ 8 1 + "
"(-.0000000352,0)0^ 5^ 1 9 + "
"(.0000000352,0)5^ 0^ 1 9 + "
"(.0000000352,0)0^ 5^ 9 1 + "
"(-.0000000352,0)5^ 0^ 9 1 + "
"(-.0403117861,0)0^ 6^ 1 5 + "
"(.0403117861,0)6^ 0^ 1 5 + "
"(.0403117861,0)0^ 6^ 5 1 + "
"(-.0403117861,0)6^ 0^ 5 1 + "
"(.1155567790,0)0^ 1^ 1 0 + "
"(.1155567790,0)5^ 6^ 6 5 + "
"(.0000037835,0)0^ 6^ 1 6 + "
"(-.0000037835,0)6^ 0^ 1 6 + "
"(-.0000037835,0)0^ 6^ 6 1 + "
"(.0000037835,0)6^ 0^ 6 1 + "
"(-.0055064186,0)0^ 6^ 1 7 + "
"(.0055064186,0)6^ 0^ 1 7 + "
"(.0055064186,0)0^ 6^ 7 1 + "
"(-.0055064186,0)6^ 0^ 7 1 + "
"(.0297413669,0)0^ 1^ 1 2 + "
"(.0297413669,0)5^ 6^ 6 7 + "
"(.0000278074,0)0^ 6^ 1 8 + "
"(-.0000278074,0)6^ 0^ 1 8 + "
"(-.0000278074,0)0^ 6^ 8 1 + "
"(.0000278074,0)6^ 0^ 8 1 + "
"(-.0001712322,0)0^ 1^ 1 3 + "
"(-.0001712322,0)5^ 6^ 6 8 + "
"(-.0000183663,0)0^ 6^ 1 9 + "
"(.0000183663,0)6^ 0^ 1 9 + "
"(.0000183663,0)0^ 6^ 9 1 + "
"(-.0000183663,0)6^ 0^ 9 1 + "
"(.0001136606,0)0^ 1^ 1 4 + "
"(.0001136606,0)5^ 6^ 6 9 + "
"(-.0000010688,0)0^ 7^ 1 5 + "
"(.0000010688,0)7^ 0^ 1 5 + "
"(.0000010688,0)0^ 7^ 5 1 + "
"(-.0000010688,0)7^ 0^ 5 1 + "
"(.0000013640,0)0^ 2^ 1 0 + "
"(.0000013640,0)5^ 7^ 6 5 + "
"(-.0055064186,0)0^ 7^ 1 6 + "
"(.0055064186,0)7^ 0^ 1 6 + "
"(.0055064186,0)0^ 7^ 6 1 + "
"(-.0055064186,0)7^ 0^ 6 1 + "
"(.0000010455,0)0^ 7^ 1 7 + "
"(-.0000010455,0)7^ 0^ 1 7 + "
"(-.0000010455,0)0^ 7^ 7 1 + "
"(.0000010455,0)7^ 0^ 7 1 + "
"(.0000020974,0)0^ 2^ 1 2 + "
"(.0000020974,0)5^ 7^ 6 7 + "
"(.0000000106,0)0^ 7^ 1 8 + "
"(-.0000000106,0)7^ 0^ 1 8 + "
"(-.0000000106,0)0^ 7^ 8 1 + "
"(.0000000106,0)7^ 0^ 8 1 + "
"(.0000000008,0)0^ 2^ 1 3 + "
"(.0000000008,0)5^ 7^ 6 8 + "
"(-.0000000289,0)0^ 7^ 1 9 + "
"(.0000000289,0)7^ 0^ 1 9 + "
"(.0000000289,0)0^ 7^ 9 1 + "
"(-.0000000289,0)7^ 0^ 9 1 + "
"(-.0000000049,0)0^ 2^ 1 4 + "
"(-.0000000049,0)5^ 7^ 6 9 + "
"(.0000000090,0)0^ 8^ 1 5 + "
"(-.0000000090,0)8^ 0^ 1 5 + "
"(-.0000000090,0)0^ 8^ 5 1 + "
"(.0000000090,0)8^ 0^ 5 1 + "
"(-.0000000088,0)0^ 3^ 1 0 + "
"(-.0000000088,0)5^ 8^ 6 5 + "
"(.0000278074,0)0^ 8^ 1 6 + "
"(-.0000278074,0)8^ 0^ 1 6 + "
"(-.0000278074,0)0^ 8^ 6 1 + "
"(.0000278074,0)8^ 0^ 6 1 + "
"(.0000000106,0)0^ 8^ 1 7 + "
"(-.0000000106,0)8^ 0^ 1 7 + "
"(-.0000000106,0)0^ 8^ 7 1 + "
"(.0000000106,0)8^ 0^ 7 1 + "
"(.0000000005,0)0^ 3^ 1 2 + "
"(.0000000005,0)5^ 8^ 6 7 + "
"(.0000024991,0)0^ 8^ 1 8 + "
"(-.0000024991,0)8^ 0^ 1 8 + "
"(-.0000024991,0)0^ 8^ 8 1 + "
"(.0000024991,0)8^ 0^ 8 1 + "
"(.0000021804,0)0^ 3^ 1 3 + "
"(.0000021804,0)5^ 8^ 6 8 + "
"(-.0000000352,0)0^ 9^ 1 5 + "
"(.0000000352,0)9^ 0^ 1 5 + "
"(.0000000352,0)0^ 9^ 5 1 + "
"(-.0000000352,0)9^ 0^ 5 1 + "
"(.0000000201,0)0^ 4^ 1 0 + "
"(.0000000201,0)5^ 9^ 6 5 + "
"(-.0000183663,0)0^ 9^ 1 6 + "
"(.0000183663,0)9^ 0^ 1 6 + "
"(.0000183663,0)0^ 9^ 6 1 + "
"(-.0000183663,0)9^ 0^ 6 1 + "
"(-.0000000289,0)0^ 9^ 1 7 + "
"(.0000000289,0)9^ 0^ 1 7 + "
"(.0000000289,0)0^ 9^ 7 1 + "
"(-.0000000289,0)9^ 0^ 7 1 + "
"(.0000000019,0)0^ 4^ 1 2 + "
"(.0000000019,0)5^ 9^ 6 7 + "
"(.0000024985,0)0^ 9^ 1 9 + "
"(-.0000024985,0)9^ 0^ 1 9 + "
"(-.0000024985,0)0^ 9^ 9 1 + "
"(.0000024985,0)9^ 0^ 9 1 + "
"(.0000021802,0)0^ 4^ 1 4 + "
"(.0000021802,0)5^ 9^ 6 9 + "
"(-.1693056951,0)0^ 2 + "
"(-.1693056951,0)5^ 7 + "
"(-.0423264182,0)0^ 5^ 2 5 + "
"(.0423264182,0)5^ 0^ 2 5 + "
"(.0423264182,0)0^ 5^ 5 2 + "
"(-.0423264182,0)5^ 0^ 5 2 + "
"(-.0000010688,0)0^ 5^ 2 6 + "
"(.0000010688,0)5^ 0^ 2 6 + "
"(.0000010688,0)0^ 5^ 6 2 + "
"(-.0000010688,0)5^ 0^ 6 2 + "
"(-.0314925669,0)0^ 5^ 2 7 + "
"(.0314925669,0)5^ 0^ 2 7 + "
"(.0314925669,0)0^ 5^ 7 2 + "
"(-.0314925669,0)5^ 0^ 7 2 + "
"(.0000219716,0)0^ 5^ 2 8 + "
"(-.0000219716,0)5^ 0^ 2 8 + "
"(-.0000219716,0)0^ 5^ 8 2 + "
"(.0000219716,0)5^ 0^ 8 2 + "
"(-.0000146154,0)0^ 5^ 2 9 + "
"(.0000146154,0)5^ 0^ 2 9 + "
"(.0000146154,0)0^ 5^ 9 2 + "
"(-.0000146154,0)5^ 0^ 9 2 + "
"(-.0000010688,0)0^ 6^ 2 5 + "
"(.0000010688,0)6^ 0^ 2 5 + "
"(.0000010688,0)0^ 6^ 5 2 + "
"(-.0000010688,0)6^ 0^ 5 2 + "
"(.0000013640,0)0^ 1^ 2 0 + "
"(.0000013640,0)5^ 6^ 7 5 + "
"(-.0352477855,0)0^ 6^ 2 6 + "
"(.0352477855,0)6^ 0^ 2 6 + "
"(.0352477855,0)0^ 6^ 6 2 + "
"(-.0352477855,0)6^ 0^ 6 2 + "
"(-.0297413669,0)0^ 1^ 2 1 + "
"(-.0297413669,0)5^ 6^ 7 6 + "
"(-.0000010518,0)0^ 6^ 2 7 + "
"(.0000010518,0)6^ 0^ 2 7 + "
"(.0000010518,0)0^ 6^ 7 2 + "
"(-.0000010518,0)6^ 0^ 7 2 + "
"(.0000000101,0)0^ 6^ 2 8 + "
"(-.0000000101,0)6^ 0^ 2 8 + "
"(-.0000000101,0)0^ 6^ 8 2 + "
"(.0000000101,0)6^ 0^ 8 2 + "
"(.0000000003,0)0^ 1^ 2 3 + "
"(.0000000003,0)5^ 6^ 7 8 + "
"(-.0000000308,0)0^ 6^ 2 9 + "
"(.0000000308,0)6^ 0^ 2 9 + "
"(.0000000308,0)0^ 6^ 9 2 + "
"(-.0000000308,0)6^ 0^ 9 2 + "
"(-.0000000067,0)0^ 1^ 2 4 + "
"(-.0000000067,0)5^ 6^ 7 9 + "
"(-.0314925669,0)0^ 7^ 2 5 + "
"(.0314925669,0)7^ 0^ 2 5 + "
"(.0314925669,0)0^ 7^ 5 2 + "
"(-.0314925669,0)7^ 0^ 5 2 + "
"(.1116576130,0)0^ 2^ 2 0 + "
"(.1116576130,0)5^ 7^ 7 5 + "
"(-.0000010518,0)0^ 7^ 2 6 + "
"(.0000010518,0)7^ 0^ 2 6 + "
"(.0000010518,0)0^ 7^ 6 2 + "
"(-.0000010518,0)7^ 0^ 6 2 + "
"(-.0000020974,0)0^ 2^ 2 1 + "
"(-.0000020974,0)5^ 7^ 7 6 + "
"(-.0406907368,0)0^ 7^ 2 7 + "
"(.0406907368,0)7^ 0^ 2 7 + "
"(.0406907368,0)0^ 7^ 7 2 + "
"(-.0406907368,0)7^ 0^ 7 2 + "
"(.0000406416,0)0^ 7^ 2 8 + "
"(-.0000406416,0)7^ 0^ 2 8 + "
"(-.0000406416,0)0^ 7^ 8 2 + "
"(.0000406416,0)7^ 0^ 8 2 + "
"(-.0001706724,0)0^ 2^ 2 3 + "
"(-.0001706724,0)5^ 7^ 7 8 + "
"(-.0000270499,0)0^ 7^ 2 9 + "
"(.0000270499,0)7^ 0^ 2 9 + "
"(.0000270499,0)0^ 7^ 9 2 + "
"(-.0000270499,0)7^ 0^ 9 2 + "
"(.0001131847,0)0^ 2^ 2 4 + "
"(.0001131847,0)5^ 7^ 7 9 + "
"(.0000219716,0)0^ 8^ 2 5 + "
"(-.0000219716,0)8^ 0^ 2 5 + "
"(-.0000219716,0)0^ 8^ 5 2 + "
"(.0000219716,0)8^ 0^ 5 2 + "
"(.0000407675,0)0^ 3^ 2 0 + "
"(.0000407675,0)5^ 8^ 7 5 + "
"(.0000000101,0)0^ 8^ 2 6 + "
"(-.0000000101,0)8^ 0^ 2 6 + "
"(-.0000000101,0)0^ 8^ 6 2 + "
"(.0000000101,0)8^ 0^ 6 2 + "
"(-.0000000005,0)0^ 3^ 2 1 + "
"(-.0000000005,0)5^ 8^ 7 6 + "
"(.0000406416,0)0^ 8^ 2 7 + "
"(-.0000406416,0)8^ 0^ 2 7 + "
"(-.0000406416,0)0^ 8^ 7 2 + "
"(.0000406416,0)8^ 0^ 7 2 + "
"(-.0331114948,0)0^ 8^ 2 8 + "
"(.0331114948,0)8^ 0^ 2 8 + "
"(.0331114948,0)0^ 8^ 8 2 + "
"(-.0331114948,0)8^ 0^ 8 2 + "
"(-.0304122890,0)0^ 3^ 2 3 + "
"(-.0304122890,0)5^ 8^ 7 8 + "
"(.0000001040,0)0^ 8^ 2 9 + "
"(-.0000001040,0)8^ 0^ 2 9 + "
"(-.0000001040,0)0^ 8^ 9 2 + "
"(.0000001040,0)8^ 0^ 9 2 + "
"(-.0000000460,0)0^ 3^ 2 4 + "
"(-.0000000460,0)5^ 8^ 7 9 + "
"(-.0000146154,0)0^ 9^ 2 5 + "
"(.0000146154,0)9^ 0^ 2 5 + "
"(.0000146154,0)0^ 9^ 5 2 + "
"(-.0000146154,0)9^ 0^ 5 2 + "
"(-.0000269367,0)0^ 4^ 2 0 + "
"(-.0000269367,0)5^ 9^ 7 5 + "
"(-.0000000308,0)0^ 9^ 2 6 + "
"(.0000000308,0)9^ 0^ 2 6 + "
"(.0000000308,0)0^ 9^ 6 2 + "
"(-.0000000308,0)9^ 0^ 6 2 + "
"(-.0000000019,0)0^ 4^ 2 1 + "
"(-.0000000019,0)5^ 9^ 7 6 + "
"(-.0000270499,0)0^ 9^ 2 7 + "
"(.0000270499,0)9^ 0^ 2 7 + "
"(.0000270499,0)0^ 9^ 7 2 + "
"(-.0000270499,0)9^ 0^ 7 2 + "
"(.0000001040,0)0^ 9^ 2 8 + "
"(-.0000001040,0)9^ 0^ 2 8 + "
"(-.0000001040,0)0^ 9^ 8 2 + "
"(.0000001040,0)9^ 0^ 8 2 + "
"(-.0000000020,0)0^ 4^ 2 3 + "
"(-.0000000020,0)5^ 9^ 7 8 + "
"(-.0331112991,0)0^ 9^ 2 9 + "
"(.0331112991,0)9^ 0^ 2 9 + "
"(.0331112991,0)0^ 9^ 9 2 + "
"(-.0331112991,0)9^ 0^ 9 2 + "
"(-.0304122339,0)0^ 4^ 2 4 + "
"(-.0304122339,0)5^ 9^ 7 9 + "
"(.0009644790,0)0^ 3 + "
"(.0009644790,0)5^ 8 + "
"(.0002411200,0)0^ 5^ 3 5 + "
"(-.0002411200,0)5^ 0^ 3 5 + "
"(-.0002411200,0)0^ 5^ 5 3 + "
"(.0002411200,0)5^ 0^ 5 3 + "
"(.0000000090,0)0^ 5^ 3 6 + "
"(-.0000000090,0)5^ 0^ 3 6 + "
"(-.0000000090,0)0^ 5^ 6 3 + "
"(.0000000090,0)5^ 0^ 6 3 + "
"(.0000219716,0)0^ 5^ 3 7 + "
"(-.0000219716,0)5^ 0^ 3 7 + "
"(-.0000219716,0)0^ 5^ 7 3 + "
"(.0000219716,0)5^ 0^ 7 3 + "
"(-.0283642464,0)0^ 5^ 3 8 + "
"(.0283642464,0)5^ 0^ 3 8 + "
"(.0283642464,0)0^ 5^ 8 3 + "
"(-.0283642464,0)5^ 0^ 8 3 + "
"(.0000000488,0)0^ 5^ 3 9 + "
"(-.0000000488,0)5^ 0^ 3 9 + "
"(-.0000000488,0)0^ 5^ 9 3 + "
"(.0000000488,0)5^ 0^ 9 3 + "
"(.0000000090,0)0^ 6^ 3 5 + "
"(-.0000000090,0)6^ 0^ 3 5 + "
"(-.0000000090,0)0^ 6^ 5 3 + "
"(.0000000090,0)6^ 0^ 5 3 + "
"(-.0000000088,0)0^ 1^ 3 0 + "
"(-.0000000088,0)5^ 6^ 8 5 + "
"(.0001990396,0)0^ 6^ 3 6 + "
"(-.0001990396,0)6^ 0^ 3 6 + "
"(-.0001990396,0)0^ 6^ 6 3 + "
"(.0001990396,0)6^ 0^ 6 3 + "
"(.0001712322,0)0^ 1^ 3 1 + "
"(.0001712322,0)5^ 6^ 8 6 + "
"(.0000000098,0)0^ 6^ 3 7 + "
"(-.0000000098,0)6^ 0^ 3 7 + "
"(-.0000000098,0)0^ 6^ 7 3 + "
"(.0000000098,0)6^ 0^ 7 3 + "
"(-.0000000003,0)0^ 1^ 3 2 + "
"(-.0000000003,0)5^ 6^ 8 7 + "
"(.0000003187,0)0^ 6^ 3 8 + "
"(-.0000003187,0)6^ 0^ 3 8 + "
"(-.0000003187,0)0^ 6^ 8 3 + "
"(.0000003187,0)6^ 0^ 8 3 + "
"(.0000219716,0)0^ 7^ 3 5 + "
"(-.0000219716,0)7^ 0^ 3 5 + "
"(-.0000219716,0)0^ 7^ 5 3 + "
"(.0000219716,0)7^ 0^ 5 3 + "
"(.0000407675,0)0^ 2^ 3 0 + "
"(.0000407675,0)5^ 7^ 8 5 + "
"(.0000000098,0)0^ 7^ 3 6 + "
"(-.0000000098,0)7^ 0^ 3 6 + "
"(-.0000000098,0)0^ 7^ 6 3 + "
"(.0000000098,0)7^ 0^ 6 3 + "
"(-.0000000008,0)0^ 2^ 3 1 + "
"(-.0000000008,0)5^ 7^ 8 6 + "
"(.0002113139,0)0^ 7^ 3 7 + "
"(-.0002113139,0)7^ 0^ 3 7 + "
"(-.0002113139,0)0^ 7^ 7 3 + "
"(.0002113139,0)7^ 0^ 7 3 + "
"(.0001706724,0)0^ 2^ 3 2 + "
"(.0001706724,0)5^ 7^ 8 7 + "
"(-.0026992058,0)0^ 7^ 3 8 + "
"(.0026992058,0)7^ 0^ 3 8 + "
"(.0026992058,0)0^ 7^ 8 3 + "
"(-.0026992058,0)7^ 0^ 8 3 + "
"(.0000001059,0)0^ 7^ 3 9 + "
"(-.0000001059,0)7^ 0^ 3 9 + "
"(-.0000001059,0)0^ 7^ 9 3 + "
"(.0000001059,0)7^ 0^ 9 3 + "
"(-.0000000441,0)0^ 2^ 3 4 + "
"(-.0000000441,0)5^ 7^ 8 9 + "
"(-.0283642464,0)0^ 8^ 3 5 + "
"(.0283642464,0)8^ 0^ 3 5 + "
"(.0283642464,0)0^ 8^ 5 3 + "
"(-.0283642464,0)8^ 0^ 5 3 + "
"(.1207730842,0)0^ 3^ 3 0 + "
"(.1207730842,0)5^ 8^ 8 5 + "
"(.0000003187,0)0^ 8^ 3 6 + "
"(-.0000003187,0)8^ 0^ 3 6 + "
"(-.0000003187,0)0^ 8^ 6 3 + "
"(.0000003187,0)8^ 0^ 6 3 + "
"(-.0000021804,0)0^ 3^ 3 1 + "
"(-.0000021804,0)5^ 8^ 8 6 + "
"(-.0026992058,0)0^ 8^ 3 7 + "
"(.0026992058,0)8^ 0^ 3 7 + "
"(.0026992058,0)0^ 8^ 7 3 + "
"(-.0026992058,0)8^ 0^ 7 3 + "
"(.0304122890,0)0^ 3^ 3 2 + "
"(.0304122890,0)5^ 8^ 8 7 + "
"(.0002151917,0)0^ 8^ 3 8 + "
"(-.0002151917,0)8^ 0^ 3 8 + "
"(-.0002151917,0)0^ 8^ 8 3 + "
"(.0002151917,0)8^ 0^ 8 3 + "
"(-.0000090753,0)0^ 8^ 3 9 + "
"(.0000090753,0)8^ 0^ 3 9 + "
"(.0000090753,0)0^ 8^ 9 3 + "
"(-.0000090753,0)8^ 0^ 9 3 + "
"(.0001154769,0)0^ 3^ 3 4 + "
"(.0001154769,0)5^ 8^ 8 9 + "
"(.0000000488,0)0^ 9^ 3 5 + "
"(-.0000000488,0)9^ 0^ 3 5 + "
"(-.0000000488,0)0^ 9^ 5 3 + "
"(.0000000488,0)9^ 0^ 5 3 + "
"(.0000001549,0)0^ 4^ 3 0 + "
"(.0000001549,0)5^ 9^ 8 5 + "
"(.0000001059,0)0^ 9^ 3 7 + "
"(-.0000001059,0)9^ 0^ 3 7 + "
"(-.0000001059,0)0^ 9^ 7 3 + "
"(.0000001059,0)9^ 0^ 7 3 + "
"(.0000000020,0)0^ 4^ 3 2 + "
"(.0000000020,0)5^ 9^ 8 7 + "
"(-.0000090753,0)0^ 9^ 3 8 + "
"(.0000090753,0)9^ 0^ 3 8 + "
"(.0000090753,0)0^ 9^ 8 3 + "
"(-.0000090753,0)9^ 0^ 8 3 + "
"(.0001878745,0)0^ 9^ 3 9 + "
"(-.0001878745,0)9^ 0^ 3 9 + "
"(-.0001878745,0)0^ 9^ 9 3 + "
"(.0001878745,0)9^ 0^ 9 3 + "
"(.0001739948,0)0^ 4^ 3 4 + "
"(.0001739948,0)5^ 9^ 8 9 + "
"(-.0006399456,0)0^ 4 + "
"(-.0006399456,0)5^ 9 + "
"(-.0001599865,0)0^ 5^ 4 5 + "
"(.0001599865,0)5^ 0^ 4 5 + "
"(.0001599865,0)0^ 5^ 5 4 + "
"(-.0001599865,0)5^ 0^ 5 4 + "
"(-.0000000352,0)0^ 5^ 4 6 + "
"(.0000000352,0)5^ 0^ 4 6 + "
"(.0000000352,0)0^ 5^ 6 4 + "
"(-.0000000352,0)5^ 0^ 6 4 + "
"(-.0000146154,0)0^ 5^ 4 7 + "
"(.0000146154,0)5^ 0^ 4 7 + "
"(.0000146154,0)0^ 5^ 7 4 + "
"(-.0000146154,0)5^ 0^ 7 4 + "
"(.0000000488,0)0^ 5^ 4 8 + "
"(-.0000000488,0)5^ 0^ 4 8 + "
"(-.0000000488,0)0^ 5^ 8 4 + "
"(.0000000488,0)5^ 0^ 8 4 + "
"(-.0283640706,0)0^ 5^ 4 9 + "
"(.0283640706,0)5^ 0^ 4 9 + "
"(.0283640706,0)0^ 5^ 9 4 + "
"(-.0283640706,0)5^ 0^ 9 4 + "
"(-.0000000352,0)0^ 6^ 4 5 + "
"(.0000000352,0)6^ 0^ 4 5 + "
"(.0000000352,0)0^ 6^ 5 4 + "
"(-.0000000352,0)6^ 0^ 5 4 + "
"(.0000000201,0)0^ 1^ 4 0 + "
"(.0000000201,0)5^ 6^ 9 5 + "
"(-.0001320269,0)0^ 6^ 4 6 + "
"(.0001320269,0)6^ 0^ 4 6 + "
"(.0001320269,0)0^ 6^ 6 4 + "
"(-.0001320269,0)6^ 0^ 6 4 + "
"(-.0001136606,0)0^ 1^ 4 1 + "
"(-.0001136606,0)5^ 6^ 9 6 + "
"(-.0000000241,0)0^ 6^ 4 7 + "
"(.0000000241,0)6^ 0^ 4 7 + "
"(.0000000241,0)0^ 6^ 7 4 + "
"(-.0000000241,0)6^ 0^ 7 4 + "
"(.0000000067,0)0^ 1^ 4 2 + "
"(.0000000067,0)5^ 6^ 9 7 + "
"(.0000003183,0)0^ 6^ 4 9 + "
"(-.0000003183,0)6^ 0^ 4 9 + "
"(-.0000003183,0)0^ 6^ 9 4 + "
"(.0000003183,0)6^ 0^ 9 4 + "
"(-.0000146154,0)0^ 7^ 4 5 + "
"(.0000146154,0)7^ 0^ 4 5 + "
"(.0000146154,0)0^ 7^ 5 4 + "
"(-.0000146154,0)7^ 0^ 5 4 + "
"(-.0000269367,0)0^ 2^ 4 0 + "
"(-.0000269367,0)5^ 7^ 9 5 + "
"(-.0000000241,0)0^ 7^ 4 6 + "
"(.0000000241,0)7^ 0^ 4 6 + "
"(.0000000241,0)0^ 7^ 6 4 + "
"(-.0000000241,0)7^ 0^ 6 4 + "
"(.0000000049,0)0^ 2^ 4 1 + "
"(.0000000049,0)5^ 7^ 9 6 + "
"(-.0001402346,0)0^ 7^ 4 7 + "
"(.0001402346,0)7^ 0^ 4 7 + "
"(.0001402346,0)0^ 7^ 7 4 + "
"(-.0001402346,0)7^ 0^ 7 4 + "
"(-.0001131847,0)0^ 2^ 4 2 + "
"(-.0001131847,0)5^ 7^ 9 7 + "
"(.0000001500,0)0^ 7^ 4 8 + "
"(-.0000001500,0)7^ 0^ 4 8 + "
"(-.0000001500,0)0^ 7^ 8 4 + "
"(.0000001500,0)7^ 0^ 8 4 + "
"(.0000000441,0)0^ 2^ 4 3 + "
"(.0000000441,0)5^ 7^ 9 8 + "
"(-.0026990652,0)0^ 7^ 4 9 + "
"(.0026990652,0)7^ 0^ 4 9 + "
"(.0026990652,0)0^ 7^ 9 4 + "
"(-.0026990652,0)7^ 0^ 9 4 + "
"(.0000000488,0)0^ 8^ 4 5 + "
"(-.0000000488,0)8^ 0^ 4 5 + "
"(-.0000000488,0)0^ 8^ 5 4 + "
"(.0000000488,0)8^ 0^ 5 4 + "
"(.0000001549,0)0^ 3^ 4 0 + "
"(.0000001549,0)5^ 8^ 9 5 + "
"(.0000001500,0)0^ 8^ 4 7 + "
"(-.0000001500,0)8^ 0^ 4 7 + "
"(-.0000001500,0)0^ 8^ 7 4 + "
"(.0000001500,0)8^ 0^ 7 4 + "
"(.0000000460,0)0^ 3^ 4 2 + "
"(.0000000460,0)5^ 8^ 9 7 + "
"(-.0001245521,0)0^ 8^ 4 8 + "
"(.0001245521,0)8^ 0^ 4 8 + "
"(.0001245521,0)0^ 8^ 8 4 + "
"(-.0001245521,0)8^ 0^ 8 4 + "
"(-.0001154769,0)0^ 3^ 4 3 + "
"(-.0001154769,0)5^ 8^ 9 8 + "
"(.0000138798,0)0^ 8^ 4 9 + "
"(-.0000138798,0)8^ 0^ 4 9 + "
"(-.0000138798,0)0^ 8^ 9 4 + "
"(.0000138798,0)8^ 0^ 9 4 + "
"(-.0283640706,0)0^ 9^ 4 5 + "
"(.0283640706,0)9^ 0^ 4 5 + "
"(.0283640706,0)0^ 9^ 5 4 + "
"(-.0283640706,0)9^ 0^ 5 4 + "
"(.1207732886,0)0^ 4^ 4 0 + "
"(.1207732886,0)5^ 9^ 9 5 + "
"(.0000003183,0)0^ 9^ 4 6 + "
"(-.0000003183,0)9^ 0^ 4 6 + "
"(-.0000003183,0)0^ 9^ 6 4 + "
"(.0000003183,0)9^ 0^ 6 4 + "
"(-.0000021802,0)0^ 4^ 4 1 + "
"(-.0000021802,0)5^ 9^ 9 6 + "
"(-.0026990652,0)0^ 9^ 4 7 + "
"(.0026990652,0)9^ 0^ 4 7 + "
"(.0026990652,0)0^ 9^ 7 4 + "
"(-.0026990652,0)9^ 0^ 7 4 + "
"(.0304122339,0)0^ 4^ 4 2 + "
"(.0304122339,0)5^ 9^ 9 7 + "
"(.0000138798,0)0^ 9^ 4 8 + "
"(-.0000138798,0)9^ 0^ 4 8 + "
"(-.0000138798,0)0^ 9^ 8 4 + "
"(.0000138798,0)9^ 0^ 8 4 + "
"(-.0001739948,0)0^ 4^ 4 3 + "
"(-.0001739948,0)5^ 9^ 9 8 + "
"(-.0001429863,0)0^ 9^ 4 9 + "
"(.0001429863,0)9^ 0^ 4 9 + "
"(.0001429863,0)0^ 9^ 9 4 + "
"(-.0001429863,0)9^ 0^ 9 4 + "
"(.0000124106,0)1^ 0 + "
"(.0000124106,0)6^ 5 + "
"(.0000031028,0)1^ 5^ 0 5 + "
"(-.0000031028,0)5^ 1^ 0 5 + "
"(-.0000031028,0)1^ 5^ 5 0 + "
"(.0000031028,0)5^ 1^ 5 0 + "
"(-.0403117861,0)1^ 5^ 0 6 + "
"(.0403117861,0)5^ 1^ 0 6 + "
"(.0403117861,0)1^ 5^ 6 0 + "
"(-.0403117861,0)5^ 1^ 6 0 + "
"(.1155567790,0)1^ 0^ 0 1 + "
"(.1155567790,0)6^ 5^ 5 6 + "
"(-.0000010688,0)1^ 5^ 0 7 + "
"(.0000010688,0)5^ 1^ 0 7 + "
"(.0000010688,0)1^ 5^ 7 0 + "
"(-.0000010688,0)5^ 1^ 7 0 + "
"(.0000013640,0)1^ 0^ 0 2 + "
"(.0000013640,0)6^ 5^ 5 7 + "
"(.0000000090,0)1^ 5^ 0 8 + "
"(-.0000000090,0)5^ 1^ 0 8 + "
"(-.0000000090,0)1^ 5^ 8 0 + "
"(.0000000090,0)5^ 1^ 8 0 + "
"(-.0000000088,0)1^ 0^ 0 3 + "
"(-.0000000088,0)6^ 5^ 5 8 + "
"(-.0000000352,0)1^ 5^ 0 9 + "
"(.0000000352,0)5^ 1^ 0 9 + "
"(.0000000352,0)1^ 5^ 9 0 + "
"(-.0000000352,0)5^ 1^ 9 0 + "
"(.0000000201,0)1^ 0^ 0 4 + "
"(.0000000201,0)6^ 5^ 5 9 + "
"(-.0403117861,0)1^ 6^ 0 5 + "
"(.0403117861,0)6^ 1^ 0 5 + "
"(.0403117861,0)1^ 6^ 5 0 + "
"(-.0403117861,0)6^ 1^ 5 0 + "
"(.0000037835,0)1^ 6^ 0 6 + "
"(-.0000037835,0)6^ 1^ 0 6 + "
"(-.0000037835,0)1^ 6^ 6 0 + "
"(.0000037835,0)6^ 1^ 6 0 + "
"(-.0055064186,0)1^ 6^ 0 7 + "
"(.0055064186,0)6^ 1^ 0 7 + "
"(.0055064186,0)1^ 6^ 7 0 + "
"(-.0055064186,0)6^ 1^ 7 0 + "
"(.0000278074,0)1^ 6^ 0 8 + "
"(-.0000278074,0)6^ 1^ 0 8 + "
"(-.0000278074,0)1^ 6^ 8 0 + "
"(.0000278074,0)6^ 1^ 8 0 + "
"(-.0000183663,0)1^ 6^ 0 9 + "
"(.0000183663,0)6^ 1^ 0 9 + "
"(.0000183663,0)1^ 6^ 9 0 + "
"(-.0000183663,0)6^ 1^ 9 0 + "
"(-.0000010688,0)1^ 7^ 0 5 + "
"(.0000010688,0)7^ 1^ 0 5 + "
"(.0000010688,0)1^ 7^ 5 0 + "
"(-.0000010688,0)7^ 1^ 5 0 + "
"(-.0055064186,0)1^ 7^ 0 6 + "
"(.0055064186,0)7^ 1^ 0 6 + "
"(.0055064186,0)1^ 7^ 6 0 + "
"(-.0055064186,0)7^ 1^ 6 0 + "
"(.0297413669,0)1^ 2^ 0 1 + "
"(.0297413669,0)6^ 7^ 5 6 + "
"(.0000010455,0)1^ 7^ 0 7 + "
"(-.0000010455,0)7^ 1^ 0 7 + "
"(-.0000010455,0)1^ 7^ 7 0 + "
"(.0000010455,0)7^ 1^ 7 0 + "
"(.0000020974,0)1^ 2^ 0 2 + "
"(.0000020974,0)6^ 7^ 5 7 + "
"(.0000000106,0)1^ 7^ 0 8 + "
"(-.0000000106,0)7^ 1^ 0 8 + "
"(-.0000000106,0)1^ 7^ 8 0 + "
"(.0000000106,0)7^ 1^ 8 0 + "
"(.0000000005,0)1^ 2^ 0 3 + "
"(.0000000005,0)6^ 7^ 5 8 + "
"(-.0000000289,0)1^ 7^ 0 9 + "
"(.0000000289,0)7^ 1^ 0 9 + "
"(.0000000289,0)1^ 7^ 9 0 + "
"(-.0000000289,0)7^ 1^ 9 0 + "
"(.0000000019,0)1^ 2^ 0 4 + "
"(.0000000019,0)6^ 7^ 5 9 + "
"(.0000000090,0)1^ 8^ 0 5 + "
"(-.0000000090,0)8^ 1^ 0 5 + "
"(-.0000000090,0)1^ 8^ 5 0 + "
"(.0000000090,0)8^ 1^ 5 0 + "
"(.0000278074,0)1^ 8^ 0 6 + "
"(-.0000278074,0)8^ 1^ 0 6 + "
"(-.0000278074,0)1^ 8^ 6 0 + "
"(.0000278074,0)8^ 1^ 6 0 + "
"(-.0001712322,0)1^ 3^ 0 1 + "
"(-.0001712322,0)6^ 8^ 5 6 + "
"(.0000000106,0)1^ 8^ 0 7 + "
"(-.0000000106,0)8^ 1^ 0 7 + "
"(-.0000000106,0)1^ 8^ 7 0 + "
"(.0000000106,0)8^ 1^ 7 0 + "
"(.0000000008,0)1^ 3^ 0 2 + "
"(.0000000008,0)6^ 8^ 5 7 + "
"(.0000024991,0)1^ 8^ 0 8 + "
"(-.0000024991,0)8^ 1^ 0 8 + "
"(-.0000024991,0)1^ 8^ 8 0 + "
"(.0000024991,0)8^ 1^ 8 0 + "
"(.0000021804,0)1^ 3^ 0 3 + "
"(.0000021804,0)6^ 8^ 5 8 + "
"(-.0000000352,0)1^ 9^ 0 5 + "
"(.0000000352,0)9^ 1^ 0 5 + "
"(.0000000352,0)1^ 9^ 5 0 + "
"(-.0000000352,0)9^ 1^ 5 0 + "
"(-.0000183663,0)1^ 9^ 0 6 + "
"(.0000183663,0)9^ 1^ 0 6 + "
"(.0000183663,0)1^ 9^ 6 0 + "
"(-.0000183663,0)9^ 1^ 6 0 + "
"(.0001136606,0)1^ 4^ 0 1 + "
"(.0001136606,0)6^ 9^ 5 6 + "
"(-.0000000289,0)1^ 9^ 0 7 + "
"(.0000000289,0)9^ 1^ 0 7 + "
"(.0000000289,0)1^ 9^ 7 0 + "
"(-.0000000289,0)9^ 1^ 7 0 + "
"(-.0000000049,0)1^ 4^ 0 2 + "
"(-.0000000049,0)6^ 9^ 5 7 + "
"(.0000024985,0)1^ 9^ 0 9 + "
"(-.0000024985,0)9^ 1^ 0 9 + "
"(-.0000024985,0)1^ 9^ 9 0 + "
"(.0000024985,0)9^ 1^ 9 0 + "
"(.0000021802,0)1^ 4^ 0 4 + "
"(.0000021802,0)6^ 9^ 5 9 + "
"(-.5439835067,0)1^ 1 + "
"(-.5439835067,0)6^ 6 + "
"(-.1558685651,0)1^ 5^ 1 5 + "
"(.1558685651,0)5^ 1^ 1 5 + "
"(.1558685651,0)1^ 5^ 5 1 + "
"(-.1558685651,0)5^ 1^ 5 1 + "
"(-.1155567790,0)1^ 0^ 1 0 + "
"(-.1155567790,0)6^ 5^ 6 5 + "
"(.0000037835,0)1^ 5^ 1 6 + "
"(-.0000037835,0)5^ 1^ 1 6 + "
"(-.0000037835,0)1^ 5^ 6 1 + "
"(.0000037835,0)5^ 1^ 6 1 + "
"(-.0352477855,0)1^ 5^ 1 7 + "
"(.0352477855,0)5^ 1^ 1 7 + "
"(.0352477855,0)1^ 5^ 7 1 + "
"(-.0352477855,0)5^ 1^ 7 1 + "
"(-.0297413669,0)1^ 0^ 1 2 + "
"(-.0297413669,0)6^ 5^ 6 7 + "
"(.0001990396,0)1^ 5^ 1 8 + "
"(-.0001990396,0)5^ 1^ 1 8 + "
"(-.0001990396,0)1^ 5^ 8 1 + "
"(.0001990396,0)5^ 1^ 8 1 + "
"(.0001712322,0)1^ 0^ 1 3 + "
"(.0001712322,0)6^ 5^ 6 8 + "
"(-.0001320269,0)1^ 5^ 1 9 + "
"(.0001320269,0)5^ 1^ 1 9 + "
"(.0001320269,0)1^ 5^ 9 1 + "
"(-.0001320269,0)5^ 1^ 9 1 + "
"(-.0001136606,0)1^ 0^ 1 4 + "
"(-.0001136606,0)6^ 5^ 6 9 + "
"(.0000037835,0)1^ 6^ 1 5 + "
"(-.0000037835,0)6^ 1^ 1 5 + "
"(-.0000037835,0)1^ 6^ 5 1 + "
"(.0000037835,0)6^ 1^ 5 1 + "
"(-.1651092559,0)1^ 6^ 1 6 + "
"(.1651092559,0)6^ 1^ 1 6 + "
"(.1651092559,0)1^ 6^ 6 1 + "
"(-.1651092559,0)6^ 1^ 6 1 + "
"(-.0000023673,0)1^ 6^ 1 7 + "
"(.0000023673,0)6^ 1^ 1 7 + "
"(.0000023673,0)1^ 6^ 7 1 + "
"(-.0000023673,0)6^ 1^ 7 1 + "
"(.0000000173,0)1^ 6^ 1 8 + "
"(-.0000000173,0)6^ 1^ 1 8 + "
"(-.0000000173,0)1^ 6^ 8 1 + "
"(.0000000173,0)6^ 1^ 8 1 + "
"(-.0000000539,0)1^ 6^ 1 9 + "
"(.0000000539,0)6^ 1^ 1 9 + "
"(.0000000539,0)1^ 6^ 9 1 + "
"(-.0000000539,0)6^ 1^ 9 1 + "
"(-.0352477855,0)1^ 7^ 1 5 + "
"(.0352477855,0)7^ 1^ 1 5 + "
"(.0352477855,0)1^ 7^ 5 1 + "
"(-.0352477855,0)7^ 1^ 5 1 + "
"(-.0297413669,0)1^ 2^ 1 0 + "
"(-.0297413669,0)6^ 7^ 6 5 + "
"(-.0000023673,0)1^ 7^ 1 6 + "
"(.0000023673,0)7^ 1^ 1 6 + "
"(.0000023673,0)1^ 7^ 6 1 + "
"(-.0000023673,0)7^ 1^ 6 1 + "
"(-.1359485921,0)1^ 7^ 1 7 + "
"(.1359485921,0)7^ 1^ 1 7 + "
"(.1359485921,0)1^ 7^ 7 1 + "
"(-.1359485921,0)7^ 1^ 7 1 + "
"(-.1264818798,0)1^ 2^ 1 2 + "
"(-.1264818798,0)6^ 7^ 6 7 + "
"(-.0000198625,0)1^ 7^ 1 8 + "
"(.0000198625,0)7^ 1^ 1 8 + "
"(.0000198625,0)1^ 7^ 8 1 + "
"(-.0000198625,0)7^ 1^ 8 1 + "
"(-.0000195848,0)1^ 2^ 1 3 + "
"(-.0000195848,0)6^ 7^ 6 8 + "
"(.0000130407,0)1^ 7^ 1 9 + "
"(-.0000130407,0)7^ 1^ 1 9 + "
"(-.0000130407,0)1^ 7^ 9 1 + "
"(.0000130407,0)7^ 1^ 9 1 + "
"(.0000128687,0)1^ 2^ 1 4 + "
"(.0000128687,0)6^ 7^ 6 9 + "
"(.0001990396,0)1^ 8^ 1 5 + "
"(-.0001990396,0)8^ 1^ 1 5 + "
"(-.0001990396,0)1^ 8^ 5 1 + "
"(.0001990396,0)8^ 1^ 5 1 + "
"(.0001712322,0)1^ 3^ 1 0 + "
"(.0001712322,0)6^ 8^ 6 5 + "
"(.0000000173,0)1^ 8^ 1 6 + "
"(-.0000000173,0)8^ 1^ 1 6 + "
"(-.0000000173,0)1^ 8^ 6 1 + "
"(.0000000173,0)8^ 1^ 6 1 + "
"(-.0000198625,0)1^ 8^ 1 7 + "
"(.0000198625,0)8^ 1^ 1 7 + "
"(.0000198625,0)1^ 8^ 7 1 + "
"(-.0000198625,0)8^ 1^ 7 1 + "
"(-.0000195848,0)1^ 3^ 1 2 + "
"(-.0000195848,0)6^ 8^ 6 7 + "
"(-.1417613860,0)1^ 8^ 1 8 + "
"(.1417613860,0)8^ 1^ 1 8 + "
"(.1417613860,0)1^ 8^ 8 1 + "
"(-.1417613860,0)8^ 1^ 8 1 + "
"(-.1320173871,0)1^ 3^ 1 3 + "
"(-.1320173871,0)6^ 8^ 6 8 + "
"(-.0000000771,0)1^ 8^ 1 9 + "
"(.0000000771,0)8^ 1^ 1 9 + "
"(.0000000771,0)1^ 8^ 9 1 + "
"(-.0000000771,0)8^ 1^ 9 1 + "
"(-.0000000983,0)1^ 3^ 1 4 + "
"(-.0000000983,0)6^ 8^ 6 9 + "
"(-.0001320269,0)1^ 9^ 1 5 + "
"(.0001320269,0)9^ 1^ 1 5 + "
"(.0001320269,0)1^ 9^ 5 1 + "
"(-.0001320269,0)9^ 1^ 5 1 + "
"(-.0001136606,0)1^ 4^ 1 0 + "
"(-.0001136606,0)6^ 9^ 6 5 + "
"(-.0000000539,0)1^ 9^ 1 6 + "
"(.0000000539,0)9^ 1^ 1 6 + "
"(.0000000539,0)1^ 9^ 6 1 + "
"(-.0000000539,0)9^ 1^ 6 1 + "
"(.0000130407,0)1^ 9^ 1 7 + "
"(-.0000130407,0)9^ 1^ 1 7 + "
"(-.0000130407,0)1^ 9^ 7 1 + "
"(.0000130407,0)9^ 1^ 7 1 + "
"(.0000128687,0)1^ 4^ 1 2 + "
"(.0000128687,0)6^ 9^ 6 7 + "
"(-.0000000771,0)1^ 9^ 1 8 + "
"(.0000000771,0)9^ 1^ 1 8 + "
"(.0000000771,0)1^ 9^ 8 1 + "
"(-.0000000771,0)9^ 1^ 8 1 + "
"(-.0000000983,0)1^ 4^ 1 3 + "
"(-.0000000983,0)6^ 9^ 6 8 + "
"(-.1417613234,0)1^ 9^ 1 9 + "
"(.1417613234,0)9^ 1^ 1 9 + "
"(.1417613234,0)1^ 9^ 9 1 + "
"(-.1417613234,0)9^ 1^ 9 1 + "
"(-.1320174499,0)1^ 4^ 1 4 + "
"(-.1320174499,0)6^ 9^ 6 9 + "
"(-.0000165299,0)1^ 2 + "
"(-.0000165299,0)6^ 7 + "
"(-.0000024328,0)1^ 5^ 2 5 + "
"(.0000024328,0)5^ 1^ 2 5 + "
"(.0000024328,0)1^ 5^ 5 2 + "
"(-.0000024328,0)5^ 1^ 5 2 + "
"(-.0000013640,0)1^ 0^ 2 0 + "
"(-.0000013640,0)6^ 5^ 7 5 + "
"(-.0055064186,0)1^ 5^ 2 6 + "
"(.0055064186,0)5^ 1^ 2 6 + "
"(.0055064186,0)1^ 5^ 6 2 + "
"(-.0055064186,0)5^ 1^ 6 2 + "
"(.0297413669,0)1^ 0^ 2 1 + "
"(.0297413669,0)6^ 5^ 7 6 + "
"(-.0000010518,0)1^ 5^ 2 7 + "
"(.0000010518,0)5^ 1^ 2 7 + "
"(.0000010518,0)1^ 5^ 7 2 + "
"(-.0000010518,0)5^ 1^ 7 2 + "
"(.0000000098,0)1^ 5^ 2 8 + "
"(-.0000000098,0)5^ 1^ 2 8 + "
"(-.0000000098,0)1^ 5^ 8 2 + "
"(.0000000098,0)5^ 1^ 8 2 + "
"(-.0000000003,0)1^ 0^ 2 3 + "
"(-.0000000003,0)6^ 5^ 7 8 + "
"(-.0000000241,0)1^ 5^ 2 9 + "
"(.0000000241,0)5^ 1^ 2 9 + "
"(.0000000241,0)1^ 5^ 9 2 + "
"(-.0000000241,0)5^ 1^ 9 2 + "
"(.0000000067,0)1^ 0^ 2 4 + "
"(.0000000067,0)6^ 5^ 7 9 + "
"(-.0055064186,0)1^ 6^ 2 5 + "
"(.0055064186,0)6^ 1^ 2 5 + "
"(.0055064186,0)1^ 6^ 5 2 + "
"(-.0055064186,0)6^ 1^ 5 2 + "
"(-.0000023673,0)1^ 6^ 2 6 + "
"(.0000023673,0)6^ 1^ 2 6 + "
"(.0000023673,0)1^ 6^ 6 2 + "
"(-.0000023673,0)6^ 1^ 6 2 + "
"(-.0094667123,0)1^ 6^ 2 7 + "
"(.0094667123,0)6^ 1^ 2 7 + "
"(.0094667123,0)1^ 6^ 7 2 + "
"(-.0094667123,0)6^ 1^ 7 2 + "
"(-.0000002778,0)1^ 6^ 2 8 + "
"(.0000002778,0)6^ 1^ 2 8 + "
"(.0000002778,0)1^ 6^ 8 2 + "
"(-.0000002778,0)6^ 1^ 8 2 + "
"(.0000001720,0)1^ 6^ 2 9 + "
"(-.0000001720,0)6^ 1^ 2 9 + "
"(-.0000001720,0)1^ 6^ 9 2 + "
"(.0000001720,0)6^ 1^ 9 2 + "
"(-.0000010518,0)1^ 7^ 2 5 + "
"(.0000010518,0)7^ 1^ 2 5 + "
"(.0000010518,0)1^ 7^ 5 2 + "
"(-.0000010518,0)7^ 1^ 5 2 + "
"(-.0000020974,0)1^ 2^ 2 0 + "
"(-.0000020974,0)6^ 7^ 7 5 + "
"(-.0094667123,0)1^ 7^ 2 6 + "
"(.0094667123,0)7^ 1^ 2 6 + "
"(.0094667123,0)1^ 7^ 6 2 + "
"(-.0094667123,0)7^ 1^ 6 2 + "
"(.1264818798,0)1^ 2^ 2 1 + "
"(.1264818798,0)6^ 7^ 7 6 + "
"(-.0000027012,0)1^ 7^ 2 7 + "
"(.0000027012,0)7^ 1^ 2 7 + "
"(.0000027012,0)1^ 7^ 7 2 + "
"(-.0000027012,0)7^ 1^ 7 2 + "
"(.0000000041,0)1^ 7^ 2 8 + "
"(-.0000000041,0)7^ 1^ 2 8 + "
"(-.0000000041,0)1^ 7^ 8 2 + "
"(.0000000041,0)7^ 1^ 8 2 + "
"(-.0000000115,0)1^ 2^ 2 3 + "
"(-.0000000115,0)6^ 7^ 7 8 + "
"(-.0000000085,0)1^ 7^ 2 9 + "
"(.0000000085,0)7^ 1^ 2 9 + "
"(.0000000085,0)1^ 7^ 9 2 + "
"(-.0000000085,0)7^ 1^ 9 2 + "
"(.0000000354,0)1^ 2^ 2 4 + "
"(.0000000354,0)6^ 7^ 7 9 + "
"(.0000000098,0)1^ 8^ 2 5 + "
"(-.0000000098,0)8^ 1^ 2 5 + "
"(-.0000000098,0)1^ 8^ 5 2 + "
"(.0000000098,0)8^ 1^ 5 2 + "
"(-.0000000008,0)1^ 3^ 2 0 + "
"(-.0000000008,0)6^ 8^ 7 5 + "
"(-.0000002778,0)1^ 8^ 2 6 + "
"(.0000002778,0)8^ 1^ 2 6 + "
"(.0000002778,0)1^ 8^ 6 2 + "
"(-.0000002778,0)8^ 1^ 6 2 + "
"(.0000195848,0)1^ 3^ 2 1 + "
"(.0000195848,0)6^ 8^ 7 6 + "
"(.0000000041,0)1^ 8^ 2 7 + "
"(-.0000000041,0)8^ 1^ 2 7 + "
"(-.0000000041,0)1^ 8^ 7 2 + "
"(.0000000041,0)8^ 1^ 7 2 + "
"(-.0000019249,0)1^ 8^ 2 8 + "
"(.0000019249,0)8^ 1^ 2 8 + "
"(.0000019249,0)1^ 8^ 8 2 + "
"(-.0000019249,0)8^ 1^ 8 2 + "
"(-.0000016607,0)1^ 3^ 2 3 + "
"(-.0000016607,0)6^ 8^ 7 8 + "
"(-.0000000241,0)1^ 9^ 2 5 + "
"(.0000000241,0)9^ 1^ 2 5 + "
"(.0000000241,0)1^ 9^ 5 2 + "
"(-.0000000241,0)9^ 1^ 5 2 + "
"(.0000000049,0)1^ 4^ 2 0 + "
"(.0000000049,0)6^ 9^ 7 5 + "
"(.0000001720,0)1^ 9^ 2 6 + "
"(-.0000001720,0)9^ 1^ 2 6 + "
"(-.0000001720,0)1^ 9^ 6 2 + "
"(.0000001720,0)9^ 1^ 6 2 + "
"(-.0000128687,0)1^ 4^ 2 1 + "
"(-.0000128687,0)6^ 9^ 7 6 + "
"(-.0000000085,0)1^ 9^ 2 7 + "
"(.0000000085,0)9^ 1^ 2 7 + "
"(.0000000085,0)1^ 9^ 7 2 + "
"(-.0000000085,0)9^ 1^ 7 2 + "
"(-.0000019249,0)1^ 9^ 2 9 + "
"(.0000019249,0)9^ 1^ 2 9 + "
"(.0000019249,0)1^ 9^ 9 2 + "
"(-.0000019249,0)9^ 1^ 9 2 + "
"(-.0000016607,0)1^ 4^ 2 4 + "
"(-.0000016607,0)6^ 9^ 7 9 + "
"(.0000001284,0)1^ 3 + "
"(.0000001284,0)6^ 8 + "
"(.0000000179,0)1^ 5^ 3 5 + "
"(-.0000000179,0)5^ 1^ 3 5 + "
"(-.0000000179,0)1^ 5^ 5 3 + "
"(.0000000179,0)5^ 1^ 5 3 + "
"(.0000000088,0)1^ 0^ 3 0 + "
"(.0000000088,0)6^ 5^ 8 5 + "
"(.0000278074,0)1^ 5^ 3 6 + "
"(-.0000278074,0)5^ 1^ 3 6 + "
"(-.0000278074,0)1^ 5^ 6 3 + "
"(.0000278074,0)5^ 1^ 6 3 + "
"(-.0001712322,0)1^ 0^ 3 1 + "
"(-.0001712322,0)6^ 5^ 8 6 + "
"(.0000000101,0)1^ 5^ 3 7 + "
"(-.0000000101,0)5^ 1^ 3 7 + "
"(-.0000000101,0)1^ 5^ 7 3 + "
"(.0000000101,0)5^ 1^ 7 3 + "
"(.0000000003,0)1^ 0^ 3 2 + "
"(.0000000003,0)6^ 5^ 8 7 + "
"(.0000003187,0)1^ 5^ 3 8 + "
"(-.0000003187,0)5^ 1^ 3 8 + "
"(-.0000003187,0)1^ 5^ 8 3 + "
"(.0000003187,0)5^ 1^ 8 3 + "
"(.0000278074,0)1^ 6^ 3 5 + "
"(-.0000278074,0)6^ 1^ 3 5 + "
"(-.0000278074,0)1^ 6^ 5 3 + "
"(.0000278074,0)6^ 1^ 5 3 + "
"(.0000000173,0)1^ 6^ 3 6 + "
"(-.0000000173,0)6^ 1^ 3 6 + "
"(-.0000000173,0)1^ 6^ 6 3 + "
"(.0000000173,0)6^ 1^ 6 3 + "
"(-.0000002778,0)1^ 6^ 3 7 + "
"(.0000002778,0)6^ 1^ 3 7 + "
"(.0000002778,0)1^ 6^ 7 3 + "
"(-.0000002778,0)6^ 1^ 7 3 + "
"(-.0097439989,0)1^ 6^ 3 8 + "
"(.0097439989,0)6^ 1^ 3 8 + "
"(.0097439989,0)1^ 6^ 8 3 + "
"(-.0097439989,0)6^ 1^ 8 3 + "
"(.0000000212,0)1^ 6^ 3 9 + "
"(-.0000000212,0)6^ 1^ 3 9 + "
"(-.0000000212,0)1^ 6^ 9 3 + "
"(.0000000212,0)6^ 1^ 9 3 + "
"(.0000000101,0)1^ 7^ 3 5 + "
"(-.0000000101,0)7^ 1^ 3 5 + "
"(-.0000000101,0)1^ 7^ 5 3 + "
"(.0000000101,0)7^ 1^ 5 3 + "
"(-.0000000005,0)1^ 2^ 3 0 + "
"(-.0000000005,0)6^ 7^ 8 5 + "
"(-.0000002778,0)1^ 7^ 3 6 + "
"(.0000002778,0)7^ 1^ 3 6 + "
"(.0000002778,0)1^ 7^ 6 3 + "
"(-.0000002778,0)7^ 1^ 6 3 + "
"(.0000195848,0)1^ 2^ 3 1 + "
"(.0000195848,0)6^ 7^ 8 6 + "
"(.0000000156,0)1^ 7^ 3 7 + "
"(-.0000000156,0)7^ 1^ 3 7 + "
"(-.0000000156,0)1^ 7^ 7 3 + "
"(.0000000156,0)7^ 1^ 7 3 + "
"(.0000000115,0)1^ 2^ 3 2 + "
"(.0000000115,0)6^ 7^ 8 7 + "
"(-.0000002642,0)1^ 7^ 3 8 + "
"(.0000002642,0)7^ 1^ 3 8 + "
"(.0000002642,0)1^ 7^ 8 3 + "
"(-.0000002642,0)7^ 1^ 8 3 + "
"(.0000003187,0)1^ 8^ 3 5 + "
"(-.0000003187,0)8^ 1^ 3 5 + "
"(-.0000003187,0)1^ 8^ 5 3 + "
"(.0000003187,0)8^ 1^ 5 3 + "
"(-.0000021804,0)1^ 3^ 3 0 + "
"(-.0000021804,0)6^ 8^ 8 5 + "
"(-.0097439989,0)1^ 8^ 3 6 + "
"(.0097439989,0)8^ 1^ 3 6 + "
"(.0097439989,0)1^ 8^ 6 3 + "
"(-.0097439989,0)8^ 1^ 6 3 + "
"(.1320173871,0)1^ 3^ 3 1 + "
"(.1320173871,0)6^ 8^ 8 6 + "
"(-.0000002642,0)1^ 8^ 3 7 + "
"(.0000002642,0)8^ 1^ 3 7 + "
"(.0000002642,0)1^ 8^ 7 3 + "
"(-.0000002642,0)8^ 1^ 7 3 + "
"(.0000016607,0)1^ 3^ 3 2 + "
"(.0000016607,0)6^ 8^ 8 7 + "
"(.0000000170,0)1^ 8^ 3 8 + "
"(-.0000000170,0)8^ 1^ 3 8 + "
"(-.0000000170,0)1^ 8^ 8 3 + "
"(.0000000170,0)8^ 1^ 8 3 + "
"(-.0000000048,0)1^ 8^ 3 9 + "
"(.0000000048,0)8^ 1^ 3 9 + "
"(.0000000048,0)1^ 8^ 9 3 + "
"(-.0000000048,0)8^ 1^ 9 3 + "
"(.0000000341,0)1^ 3^ 3 4 + "
"(.0000000341,0)6^ 8^ 8 9 + "
"(.0000000212,0)1^ 9^ 3 6 + "
"(-.0000000212,0)9^ 1^ 3 6 + "
"(-.0000000212,0)1^ 9^ 6 3 + "
"(.0000000212,0)9^ 1^ 6 3 + "
"(.0000000983,0)1^ 4^ 3 1 + "
"(.0000000983,0)6^ 9^ 8 6 + "
"(-.0000000048,0)1^ 9^ 3 8 + "
"(.0000000048,0)9^ 1^ 3 8 + "
"(.0000000048,0)1^ 9^ 8 3 + "
"(-.0000000048,0)9^ 1^ 8 3 + "
"(.0000000136,0)1^ 9^ 3 9 + "
"(-.0000000136,0)9^ 1^ 3 9 + "
"(-.0000000136,0)1^ 9^ 9 3 + "
"(.0000000136,0)9^ 1^ 9 3 + "
"(.0000000118,0)1^ 4^ 3 4 + "
"(.0000000118,0)6^ 9^ 8 9 + "
"(-.0000003740,0)1^ 4 + "
"(-.0000003740,0)6^ 9 + "
"(-.0000000553,0)1^ 5^ 4 5 + "
"(.0000000553,0)5^ 1^ 4 5 + "
"(.0000000553,0)1^ 5^ 5 4 + "
"(-.0000000553,0)5^ 1^ 5 4 + "
"(-.0000000201,0)1^ 0^ 4 0 + "
"(-.0000000201,0)6^ 5^ 9 5 + "
"(-.0000183663,0)1^ 5^ 4 6 + "
"(.0000183663,0)5^ 1^ 4 6 + "
"(.0000183663,0)1^ 5^ 6 4 + "
"(-.0000183663,0)5^ 1^ 6 4 + "
"(.0001136606,0)1^ 0^ 4 1 + "
"(.0001136606,0)6^ 5^ 9 6 + "
"(-.0000000308,0)1^ 5^ 4 7 + "
"(.0000000308,0)5^ 1^ 4 7 + "
"(.0000000308,0)1^ 5^ 7 4 + "
"(-.0000000308,0)5^ 1^ 7 4 + "
"(-.0000000067,0)1^ 0^ 4 2 + "
"(-.0000000067,0)6^ 5^ 9 7 + "
"(.0000003183,0)1^ 5^ 4 9 + "
"(-.0000003183,0)5^ 1^ 4 9 + "
"(-.0000003183,0)1^ 5^ 9 4 + "
"(.0000003183,0)5^ 1^ 9 4 + "
"(-.0000183663,0)1^ 6^ 4 5 + "
"(.0000183663,0)6^ 1^ 4 5 + "
"(.0000183663,0)1^ 6^ 5 4 + "
"(-.0000183663,0)6^ 1^ 5 4 + "
"(-.0000000539,0)1^ 6^ 4 6 + "
"(.0000000539,0)6^ 1^ 4 6 + "
"(.0000000539,0)1^ 6^ 6 4 + "
"(-.0000000539,0)6^ 1^ 6 4 + "
"(.0000001720,0)1^ 6^ 4 7 + "
"(-.0000001720,0)6^ 1^ 4 7 + "
"(-.0000001720,0)1^ 6^ 7 4 + "
"(.0000001720,0)6^ 1^ 7 4 + "
"(.0000000212,0)1^ 6^ 4 8 + "
"(-.0000000212,0)6^ 1^ 4 8 + "
"(-.0000000212,0)1^ 6^ 8 4 + "
"(.0000000212,0)6^ 1^ 8 4 + "
"(-.0097438735,0)1^ 6^ 4 9 + "
"(.0097438735,0)6^ 1^ 4 9 + "
"(.0097438735,0)1^ 6^ 9 4 + "
"(-.0097438735,0)6^ 1^ 9 4 + "
"(-.0000000308,0)1^ 7^ 4 5 + "
"(.0000000308,0)7^ 1^ 4 5 + "
"(.0000000308,0)1^ 7^ 5 4 + "
"(-.0000000308,0)7^ 1^ 5 4 + "
"(-.0000000019,0)1^ 2^ 4 0 + "
"(-.0000000019,0)6^ 7^ 9 5 + "
"(.0000001720,0)1^ 7^ 4 6 + "
"(-.0000001720,0)7^ 1^ 4 6 + "
"(-.0000001720,0)1^ 7^ 6 4 + "
"(.0000001720,0)7^ 1^ 6 4 + "
"(-.0000128687,0)1^ 2^ 4 1 + "
"(-.0000128687,0)6^ 7^ 9 6 + "
"(-.0000000439,0)1^ 7^ 4 7 + "
"(.0000000439,0)7^ 1^ 4 7 + "
"(.0000000439,0)1^ 7^ 7 4 + "
"(-.0000000439,0)7^ 1^ 7 4 + "
"(-.0000000354,0)1^ 2^ 4 2 + "
"(-.0000000354,0)6^ 7^ 9 7 + "
"(-.0000002642,0)1^ 7^ 4 9 + "
"(.0000002642,0)7^ 1^ 4 9 + "
"(.0000002642,0)1^ 7^ 9 4 + "
"(-.0000002642,0)7^ 1^ 9 4 + "
"(.0000000212,0)1^ 8^ 4 6 + "
"(-.0000000212,0)8^ 1^ 4 6 + "
"(-.0000000212,0)1^ 8^ 6 4 + "
"(.0000000212,0)8^ 1^ 6 4 + "
"(.0000000983,0)1^ 3^ 4 1 + "
"(.0000000983,0)6^ 8^ 9 6 + "
"(-.0000000389,0)1^ 8^ 4 8 + "
"(.0000000389,0)8^ 1^ 4 8 + "
"(.0000000389,0)1^ 8^ 8 4 + "
"(-.0000000389,0)8^ 1^ 8 4 + "
"(-.0000000341,0)1^ 3^ 4 3 + "
"(-.0000000341,0)6^ 8^ 9 8 + "
"(.0000000018,0)1^ 8^ 4 9 + "
"(-.0000000018,0)8^ 1^ 4 9 + "
"(-.0000000018,0)1^ 8^ 9 4 + "
"(.0000000018,0)8^ 1^ 9 4 + "
"(.0000003183,0)1^ 9^ 4 5 + "
"(-.0000003183,0)9^ 1^ 4 5 + "
"(-.0000003183,0)1^ 9^ 5 4 + "
"(.0000003183,0)9^ 1^ 5 4 + "
"(-.0000021802,0)1^ 4^ 4 0 + "
"(-.0000021802,0)6^ 9^ 9 5 + "
"(-.0097438735,0)1^ 9^ 4 6 + "
"(.0097438735,0)9^ 1^ 4 6 + "
"(.0097438735,0)1^ 9^ 6 4 + "
"(-.0097438735,0)9^ 1^ 6 4 + "
"(.1320174499,0)1^ 4^ 4 1 + "
"(.1320174499,0)6^ 9^ 9 6 + "
"(-.0000002642,0)1^ 9^ 4 7 + "
"(.0000002642,0)9^ 1^ 4 7 + "
"(.0000002642,0)1^ 9^ 7 4 + "
"(-.0000002642,0)9^ 1^ 7 4 + "
"(.0000016607,0)1^ 4^ 4 2 + "
"(.0000016607,0)6^ 9^ 9 7 + "
"(.0000000018,0)1^ 9^ 4 8 + "
"(-.0000000018,0)9^ 1^ 4 8 + "
"(-.0000000018,0)1^ 9^ 8 4 + "
"(.0000000018,0)9^ 1^ 8 4 + "
"(-.0000000118,0)1^ 4^ 4 3 + "
"(-.0000000118,0)6^ 9^ 9 8 + "
"(-.0000000480,0)1^ 9^ 4 9 + "
"(.0000000480,0)9^ 1^ 4 9 + "
"(.0000000480,0)1^ 9^ 9 4 + "
"(-.0000000480,0)9^ 1^ 9 4 + "
"(-.1693056951,0)2^ 0 + "
"(-.1693056951,0)7^ 5 + "
"(-.0423264182,0)2^ 5^ 0 5 + "
"(.0423264182,0)5^ 2^ 0 5 + "
"(.0423264182,0)2^ 5^ 5 0 + "
"(-.0423264182,0)5^ 2^ 5 0 + "
"(-.0000010688,0)2^ 5^ 0 6 + "
"(.0000010688,0)5^ 2^ 0 6 + "
"(.0000010688,0)2^ 5^ 6 0 + "
"(-.0000010688,0)5^ 2^ 6 0 + "
"(.0000013640,0)2^ 0^ 0 1 + "
"(.0000013640,0)7^ 5^ 5 6 + "
"(-.0314925669,0)2^ 5^ 0 7 + "
"(.0314925669,0)5^ 2^ 0 7 + "
"(.0314925669,0)2^ 5^ 7 0 + "
"(-.0314925669,0)5^ 2^ 7 0 + "
"(.1116576130,0)2^ 0^ 0 2 + "
"(.1116576130,0)7^ 5^ 5 7 + "
"(.0000219716,0)2^ 5^ 0 8 + "
"(-.0000219716,0)5^ 2^ 0 8 + "
"(-.0000219716,0)2^ 5^ 8 0 + "
"(.0000219716,0)5^ 2^ 8 0 + "
"(.0000407675,0)2^ 0^ 0 3 + "
"(.0000407675,0)7^ 5^ 5 8 + "
"(-.0000146154,0)2^ 5^ 0 9 + "
"(.0000146154,0)5^ 2^ 0 9 + "
"(.0000146154,0)2^ 5^ 9 0 + "
"(-.0000146154,0)5^ 2^ 9 0 + "
"(-.0000269367,0)2^ 0^ 0 4 + "
"(-.0000269367,0)7^ 5^ 5 9 + "
"(-.0000010688,0)2^ 6^ 0 5 + "
"(.0000010688,0)6^ 2^ 0 5 + "
"(.0000010688,0)2^ 6^ 5 0 + "
"(-.0000010688,0)6^ 2^ 5 0 + "
"(-.0352477855,0)2^ 6^ 0 6 + "
"(.0352477855,0)6^ 2^ 0 6 + "
"(.0352477855,0)2^ 6^ 6 0 + "
"(-.0352477855,0)6^ 2^ 6 0 + "
"(-.0297413669,0)2^ 1^ 0 1 + "
"(-.0297413669,0)7^ 6^ 5 6 + "
"(-.0000010518,0)2^ 6^ 0 7 + "
"(.0000010518,0)6^ 2^ 0 7 + "
"(.0000010518,0)2^ 6^ 7 0 + "
"(-.0000010518,0)6^ 2^ 7 0 + "
"(-.0000020974,0)2^ 1^ 0 2 + "
"(-.0000020974,0)7^ 6^ 5 7 + "
"(.0000000101,0)2^ 6^ 0 8 + "
"(-.0000000101,0)6^ 2^ 0 8 + "
"(-.0000000101,0)2^ 6^ 8 0 + "
"(.0000000101,0)6^ 2^ 8 0 + "
"(-.0000000005,0)2^ 1^ 0 3 + "
"(-.0000000005,0)7^ 6^ 5 8 + "
"(-.0000000308,0)2^ 6^ 0 9 + "
"(.0000000308,0)6^ 2^ 0 9 + "
"(.0000000308,0)2^ 6^ 9 0 + "
"(-.0000000308,0)6^ 2^ 9 0 + "
"(-.0000000019,0)2^ 1^ 0 4 + "
"(-.0000000019,0)7^ 6^ 5 9 + "
"(-.0314925669,0)2^ 7^ 0 5 + "
"(.0314925669,0)7^ 2^ 0 5 + "
"(.0314925669,0)2^ 7^ 5 0 + "
"(-.0314925669,0)7^ 2^ 5 0 + "
"(-.0000010518,0)2^ 7^ 0 6 + "
"(.0000010518,0)7^ 2^ 0 6 + "
"(.0000010518,0)2^ 7^ 6 0 + "
"(-.0000010518,0)7^ 2^ 6 0 + "
"(-.0406907368,0)2^ 7^ 0 7 + "
"(.0406907368,0)7^ 2^ 0 7 + "
"(.0406907368,0)2^ 7^ 7 0 + "
"(-.0406907368,0)7^ 2^ 7 0 + "
"(.0000406416,0)2^ 7^ 0 8 + "
"(-.0000406416,0)7^ 2^ 0 8 + "
"(-.0000406416,0)2^ 7^ 8 0 + "
"(.0000406416,0)7^ 2^ 8 0 + "
"(-.0000270499,0)2^ 7^ 0 9 + "
"(.0000270499,0)7^ 2^ 0 9 + "
"(.0000270499,0)2^ 7^ 9 0 + "
"(-.0000270499,0)7^ 2^ 9 0 + "
"(.0000219716,0)2^ 8^ 0 5 + "
"(-.0000219716,0)8^ 2^ 0 5 + "
"(-.0000219716,0)2^ 8^ 5 0 + "
"(.0000219716,0)8^ 2^ 5 0 + "
"(.0000000101,0)2^ 8^ 0 6 + "
"(-.0000000101,0)8^ 2^ 0 6 + "
"(-.0000000101,0)2^ 8^ 6 0 + "
"(.0000000101,0)8^ 2^ 6 0 + "
"(.0000000003,0)2^ 3^ 0 1 + "
"(.0000000003,0)7^ 8^ 5 6 + "
"(.0000406416,0)2^ 8^ 0 7 + "
"(-.0000406416,0)8^ 2^ 0 7 + "
"(-.0000406416,0)2^ 8^ 7 0 + "
"(.0000406416,0)8^ 2^ 7 0 + "
"(-.0001706724,0)2^ 3^ 0 2 + "
"(-.0001706724,0)7^ 8^ 5 7 + "
"(-.0331114948,0)2^ 8^ 0 8 + "
"(.0331114948,0)8^ 2^ 0 8 + "
"(.0331114948,0)2^ 8^ 8 0 + "
"(-.0331114948,0)8^ 2^ 8 0 + "
"(-.0304122890,0)2^ 3^ 0 3 + "
"(-.0304122890,0)7^ 8^ 5 8 + "
"(.0000001040,0)2^ 8^ 0 9 + "
"(-.0000001040,0)8^ 2^ 0 9 + "
"(-.0000001040,0)2^ 8^ 9 0 + "
"(.0000001040,0)8^ 2^ 9 0 + "
"(-.0000000020,0)2^ 3^ 0 4 + "
"(-.0000000020,0)7^ 8^ 5 9 + "
"(-.0000146154,0)2^ 9^ 0 5 + "
"(.0000146154,0)9^ 2^ 0 5 + "
"(.0000146154,0)2^ 9^ 5 0 + "
"(-.0000146154,0)9^ 2^ 5 0 + "
"(-.0000000308,0)2^ 9^ 0 6 + "
"(.0000000308,0)9^ 2^ 0 6 + "
"(.0000000308,0)2^ 9^ 6 0 + "
"(-.0000000308,0)9^ 2^ 6 0 + "
"(-.0000000067,0)2^ 4^ 0 1 + "
"(-.0000000067,0)7^ 9^ 5 6 + "
"(-.0000270499,0)2^ 9^ 0 7 + "
"(.0000270499,0)9^ 2^ 0 7 + "
"(.0000270499,0)2^ 9^ 7 0 + "
"(-.0000270499,0)9^ 2^ 7 0 + "
"(.0001131847,0)2^ 4^ 0 2 + "
"(.0001131847,0)7^ 9^ 5 7 + "
"(.0000001040,0)2^ 9^ 0 8 + "
"(-.0000001040,0)9^ 2^ 0 8 + "
"(-.0000001040,0)2^ 9^ 8 0 + "
"(.0000001040,0)9^ 2^ 8 0 + "
"(-.0000000460,0)2^ 4^ 0 3 + "
"(-.0000000460,0)7^ 9^ 5 8 + "
"(-.0331112991,0)2^ 9^ 0 9 + "
"(.0331112991,0)9^ 2^ 0 9 + "
"(.0331112991,0)2^ 9^ 9 0 + "
"(-.0331112991,0)9^ 2^ 9 0 + "
"(-.0304122339,0)2^ 4^ 0 4 + "
"(-.0304122339,0)7^ 9^ 5 9 + "
"(-.0000165299,0)2^ 1 + "
"(-.0000165299,0)7^ 6 + "
"(-.0000024328,0)2^ 5^ 1 5 + "
"(.0000024328,0)5^ 2^ 1 5 + "
"(.0000024328,0)2^ 5^ 5 1 + "
"(-.0000024328,0)5^ 2^ 5 1 + "
"(-.0000013640,0)2^ 0^ 1 0 + "
"(-.0000013640,0)7^ 5^ 6 5 + "
"(-.0055064186,0)2^ 5^ 1 6 + "
"(.0055064186,0)5^ 2^ 1 6 + "
"(.0055064186,0)2^ 5^ 6 1 + "
"(-.0055064186,0)5^ 2^ 6 1 + "
"(-.0000010518,0)2^ 5^ 1 7 + "
"(.0000010518,0)5^ 2^ 1 7 + "
"(.0000010518,0)2^ 5^ 7 1 + "
"(-.0000010518,0)5^ 2^ 7 1 + "
"(-.0000020974,0)2^ 0^ 1 2 + "
"(-.0000020974,0)7^ 5^ 6 7 + "
"(.0000000098,0)2^ 5^ 1 8 + "
"(-.0000000098,0)5^ 2^ 1 8 + "
"(-.0000000098,0)2^ 5^ 8 1 + "
"(.0000000098,0)5^ 2^ 8 1 + "
"(-.0000000008,0)2^ 0^ 1 3 + "
"(-.0000000008,0)7^ 5^ 6 8 + "
"(-.0000000241,0)2^ 5^ 1 9 + "
"(.0000000241,0)5^ 2^ 1 9 + "
"(.0000000241,0)2^ 5^ 9 1 + "
"(-.0000000241,0)5^ 2^ 9 1 + "
"(.0000000049,0)2^ 0^ 1 4 + "
"(.0000000049,0)7^ 5^ 6 9 + "
"(-.0055064186,0)2^ 6^ 1 5 + "
"(.0055064186,0)6^ 2^ 1 5 + "
"(.0055064186,0)2^ 6^ 5 1 + "
"(-.0055064186,0)6^ 2^ 5 1 + "
"(.0297413669,0)2^ 1^ 1 0 + "
"(.0297413669,0)7^ 6^ 6 5 + "
"(-.0000023673,0)2^ 6^ 1 6 + "
"(.0000023673,0)6^ 2^ 1 6 + "
"(.0000023673,0)2^ 6^ 6 1 + "
"(-.0000023673,0)6^ 2^ 6 1 + "
"(-.0094667123,0)2^ 6^ 1 7 + "
"(.0094667123,0)6^ 2^ 1 7 + "
"(.0094667123,0)2^ 6^ 7 1 + "
"(-.0094667123,0)6^ 2^ 7 1 + "
"(.1264818798,0)2^ 1^ 1 2 + "
"(.1264818798,0)7^ 6^ 6 7 + "
"(-.0000002778,0)2^ 6^ 1 8 + "
"(.0000002778,0)6^ 2^ 1 8 + "
"(.0000002778,0)2^ 6^ 8 1 + "
"(-.0000002778,0)6^ 2^ 8 1 + "
"(.0000195848,0)2^ 1^ 1 3 + "
"(.0000195848,0)7^ 6^ 6 8 + "
"(.0000001720,0)2^ 6^ 1 9 + "
"(-.0000001720,0)6^ 2^ 1 9 + "
"(-.0000001720,0)2^ 6^ 9 1 + "
"(.0000001720,0)6^ 2^ 9 1 + "
"(-.0000128687,0)2^ 1^ 1 4 + "
"(-.0000128687,0)7^ 6^ 6 9 + "
"(-.0000010518,0)2^ 7^ 1 5 + "
"(.0000010518,0)7^ 2^ 1 5 + "
"(.0000010518,0)2^ 7^ 5 1 + "
"(-.0000010518,0)7^ 2^ 5 1 + "
"(-.0094667123,0)2^ 7^ 1 6 + "
"(.0094667123,0)7^ 2^ 1 6 + "
"(.0094667123,0)2^ 7^ 6 1 + "
"(-.0094667123,0)7^ 2^ 6 1 + "
"(-.0000027012,0)2^ 7^ 1 7 + "
"(.0000027012,0)7^ 2^ 1 7 + "
"(.0000027012,0)2^ 7^ 7 1 + "
"(-.0000027012,0)7^ 2^ 7 1 + "
"(.0000000041,0)2^ 7^ 1 8 + "
"(-.0000000041,0)7^ 2^ 1 8 + "
"(-.0000000041,0)2^ 7^ 8 1 + "
"(.0000000041,0)7^ 2^ 8 1 + "
"(-.0000000085,0)2^ 7^ 1 9 + "
"(.0000000085,0)7^ 2^ 1 9 + "
"(.0000000085,0)2^ 7^ 9 1 + "
"(-.0000000085,0)7^ 2^ 9 1 + "
"(.0000000098,0)2^ 8^ 1 5 + "
"(-.0000000098,0)8^ 2^ 1 5 + "
"(-.0000000098,0)2^ 8^ 5 1 + "
"(.0000000098,0)8^ 2^ 5 1 + "
"(-.0000000003,0)2^ 3^ 1 0 + "
"(-.0000000003,0)7^ 8^ 6 5 + "
"(-.0000002778,0)2^ 8^ 1 6 + "
"(.0000002778,0)8^ 2^ 1 6 + "
"(.0000002778,0)2^ 8^ 6 1 + "
"(-.0000002778,0)8^ 2^ 6 1 + "
"(.0000000041,0)2^ 8^ 1 7 + "
"(-.0000000041,0)8^ 2^ 1 7 + "
"(-.0000000041,0)2^ 8^ 7 1 + "
"(.0000000041,0)8^ 2^ 7 1 + "
"(-.0000000115,0)2^ 3^ 1 2 + "
"(-.0000000115,0)7^ 8^ 6 7 + "
"(-.0000019249,0)2^ 8^ 1 8 + "
"(.0000019249,0)8^ 2^ 1 8 + "
"(.0000019249,0)2^ 8^ 8 1 + "
"(-.0000019249,0)8^ 2^ 8 1 + "
"(-.0000016607,0)2^ 3^ 1 3 + "
"(-.0000016607,0)7^ 8^ 6 8 + "
"(-.0000000241,0)2^ 9^ 1 5 + "
"(.0000000241,0)9^ 2^ 1 5 + "
"(.0000000241,0)2^ 9^ 5 1 + "
"(-.0000000241,0)9^ 2^ 5 1 + "
"(.0000000067,0)2^ 4^ 1 0 + "
"(.0000000067,0)7^ 9^ 6 5 + "
"(.0000001720,0)2^ 9^ 1 6 + "
"(-.0000001720,0)9^ 2^ 1 6 + "
"(-.0000001720,0)2^ 9^ 6 1 + "
"(.0000001720,0)9^ 2^ 6 1 + "
"(-.0000000085,0)2^ 9^ 1 7 + "
"(.0000000085,0)9^ 2^ 1 7 + "
"(.0000000085,0)2^ 9^ 7 1 + "
"(-.0000000085,0)9^ 2^ 7 1 + "
"(.0000000354,0)2^ 4^ 1 2 + "
"(.0000000354,0)7^ 9^ 6 7 + "
"(-.0000019249,0)2^ 9^ 1 9 + "
"(.0000019249,0)9^ 2^ 1 9 + "
"(.0000019249,0)2^ 9^ 9 1 + "
"(-.0000019249,0)9^ 2^ 9 1 + "
"(-.0000016607,0)2^ 4^ 1 4 + "
"(-.0000016607,0)7^ 9^ 6 9 + "
"(-.1246896929,0)2^ 2 + "
"(-.1246896929,0)7^ 7 + "
"(-.1431501799,0)2^ 5^ 2 5 + "
"(.1431501799,0)5^ 2^ 2 5 + "
"(.1431501799,0)2^ 5^ 5 2 + "
"(-.1431501799,0)5^ 2^ 5 2 + "
"(-.1116576130,0)2^ 0^ 2 0 + "
"(-.1116576130,0)7^ 5^ 7 5 + "
"(.0000010455,0)2^ 5^ 2 6 + "
"(-.0000010455,0)5^ 2^ 2 6 + "
"(-.0000010455,0)2^ 5^ 6 2 + "
"(.0000010455,0)5^ 2^ 6 2 + "
"(.0000020974,0)2^ 0^ 2 1 + "
"(.0000020974,0)7^ 5^ 7 6 + "
"(-.0406907368,0)2^ 5^ 2 7 + "
"(.0406907368,0)5^ 2^ 2 7 + "
"(.0406907368,0)2^ 5^ 7 2 + "
"(-.0406907368,0)5^ 2^ 7 2 + "
"(.0002113139,0)2^ 5^ 2 8 + "
"(-.0002113139,0)5^ 2^ 2 8 + "
"(-.0002113139,0)2^ 5^ 8 2 + "
"(.0002113139,0)5^ 2^ 8 2 + "
"(.0001706724,0)2^ 0^ 2 3 + "
"(.0001706724,0)7^ 5^ 7 8 + "
"(-.0001402346,0)2^ 5^ 2 9 + "
"(.0001402346,0)5^ 2^ 2 9 + "
"(.0001402346,0)2^ 5^ 9 2 + "
"(-.0001402346,0)5^ 2^ 9 2 + "
"(-.0001131847,0)2^ 0^ 2 4 + "
"(-.0001131847,0)7^ 5^ 7 9 + "
"(.0000010455,0)2^ 6^ 2 5 + "
"(-.0000010455,0)6^ 2^ 2 5 + "
"(-.0000010455,0)2^ 6^ 5 2 + "
"(.0000010455,0)6^ 2^ 5 2 + "
"(.0000020974,0)2^ 1^ 2 0 + "
"(.0000020974,0)7^ 6^ 7 5 + "
"(-.1359485921,0)2^ 6^ 2 6 + "
"(.1359485921,0)6^ 2^ 2 6 + "
"(.1359485921,0)2^ 6^ 6 2 + "
"(-.1359485921,0)6^ 2^ 6 2 + "
"(-.1264818798,0)2^ 1^ 2 1 + "
"(-.1264818798,0)7^ 6^ 7 6 + "
"(-.0000027012,0)2^ 6^ 2 7 + "
"(.0000027012,0)6^ 2^ 2 7 + "
"(.0000027012,0)2^ 6^ 7 2 + "
"(-.0000027012,0)6^ 2^ 7 2 + "
"(.0000000156,0)2^ 6^ 2 8 + "
"(-.0000000156,0)6^ 2^ 2 8 + "
"(-.0000000156,0)2^ 6^ 8 2 + "
"(.0000000156,0)6^ 2^ 8 2 + "
"(.0000000115,0)2^ 1^ 2 3 + "
"(.0000000115,0)7^ 6^ 7 8 + "
"(-.0000000439,0)2^ 6^ 2 9 + "
"(.0000000439,0)6^ 2^ 2 9 + "
"(.0000000439,0)2^ 6^ 9 2 + "
"(-.0000000439,0)6^ 2^ 9 2 + "
"(-.0000000354,0)2^ 1^ 2 4 + "
"(-.0000000354,0)7^ 6^ 7 9 + "
"(-.0406907368,0)2^ 7^ 2 5 + "
"(.0406907368,0)7^ 2^ 2 5 + "
"(.0406907368,0)2^ 7^ 5 2 + "
"(-.0406907368,0)7^ 2^ 5 2 + "
"(-.0000027012,0)2^ 7^ 2 6 + "
"(.0000027012,0)7^ 2^ 2 6 + "
"(.0000027012,0)2^ 7^ 6 2 + "
"(-.0000027012,0)7^ 2^ 6 2 + "
"(-.1366548277,0)2^ 7^ 2 7 + "
"(.1366548277,0)7^ 2^ 2 7 + "
"(.1366548277,0)2^ 7^ 7 2 + "
"(-.1366548277,0)7^ 2^ 7 2 + "
"(-.0000352470,0)2^ 7^ 2 8 + "
"(.0000352470,0)7^ 2^ 2 8 + "
"(.0000352470,0)2^ 7^ 8 2 + "
"(-.0000352470,0)7^ 2^ 8 2 + "
"(.0000232435,0)2^ 7^ 2 9 + "
"(-.0000232435,0)7^ 2^ 2 9 + "
"(-.0000232435,0)2^ 7^ 9 2 + "
"(.0000232435,0)7^ 2^ 9 2 + "
"(.0002113139,0)2^ 8^ 2 5 + "
"(-.0002113139,0)8^ 2^ 2 5 + "
"(-.0002113139,0)2^ 8^ 5 2 + "
"(.0002113139,0)8^ 2^ 5 2 + "
"(.0001706724,0)2^ 3^ 2 0 + "
"(.0001706724,0)7^ 8^ 7 5 + "
"(.0000000156,0)2^ 8^ 2 6 + "
"(-.0000000156,0)8^ 2^ 2 6 + "
"(-.0000000156,0)2^ 8^ 6 2 + "
"(.0000000156,0)8^ 2^ 6 2 + "
"(.0000000115,0)2^ 3^ 2 1 + "
"(.0000000115,0)7^ 8^ 7 6 + "
"(-.0000352470,0)2^ 8^ 2 7 + "
"(.0000352470,0)8^ 2^ 2 7 + "
"(.0000352470,0)2^ 8^ 7 2 + "
"(-.0000352470,0)8^ 2^ 7 2 + "
"(-.1319078858,0)2^ 8^ 2 8 + "
"(.1319078858,0)8^ 2^ 2 8 + "
"(.1319078858,0)2^ 8^ 8 2 + "
"(-.1319078858,0)8^ 2^ 8 2 + "
"(-.1248687445,0)2^ 3^ 2 3 + "
"(-.1248687445,0)7^ 8^ 7 8 + "
"(-.0000001053,0)2^ 8^ 2 9 + "
"(.0000001053,0)8^ 2^ 2 9 + "
"(.0000001053,0)2^ 8^ 9 2 + "
"(-.0000001053,0)8^ 2^ 9 2 + "
"(-.0000001169,0)2^ 3^ 2 4 + "
"(-.0000001169,0)7^ 8^ 7 9 + "
"(-.0001402346,0)2^ 9^ 2 5 + "
"(.0001402346,0)9^ 2^ 2 5 + "
"(.0001402346,0)2^ 9^ 5 2 + "
"(-.0001402346,0)9^ 2^ 5 2 + "
"(-.0001131847,0)2^ 4^ 2 0 + "
"(-.0001131847,0)7^ 9^ 7 5 + "
"(-.0000000439,0)2^ 9^ 2 6 + "
"(.0000000439,0)9^ 2^ 2 6 + "
"(.0000000439,0)2^ 9^ 6 2 + "
"(-.0000000439,0)9^ 2^ 6 2 + "
"(-.0000000354,0)2^ 4^ 2 1 + "
"(-.0000000354,0)7^ 9^ 7 6 + "
"(.0000232435,0)2^ 9^ 2 7 + "
"(-.0000232435,0)9^ 2^ 2 7 + "
"(-.0000232435,0)2^ 9^ 7 2 + "
"(.0000232435,0)9^ 2^ 7 2 + "
"(-.0000001053,0)2^ 9^ 2 8 + "
"(.0000001053,0)9^ 2^ 2 8 + "
"(.0000001053,0)2^ 9^ 8 2 + "
"(-.0000001053,0)9^ 2^ 8 2 + "
"(-.0000001169,0)2^ 4^ 2 3 + "
"(-.0000001169,0)7^ 9^ 7 8 + "
"(-.1319078942,0)2^ 9^ 2 9 + "
"(.1319078942,0)9^ 2^ 2 9 + "
"(.1319078942,0)2^ 9^ 9 2 + "
"(-.1319078942,0)9^ 2^ 9 2 + "
"(-.1248688460,0)2^ 4^ 2 4 + "
"(-.1248688460,0)7^ 9^ 7 9 + "
"(-.0003666736,0)2^ 3 + "
"(-.0003666736,0)7^ 8 + "
"(-.0000187959,0)2^ 5^ 3 5 + "
"(.0000187959,0)5^ 2^ 3 5 + "
"(.0000187959,0)2^ 5^ 5 3 + "
"(-.0000187959,0)5^ 2^ 5 3 + "
"(-.0000407675,0)2^ 0^ 3 0 + "
"(-.0000407675,0)7^ 5^ 8 5 + "
"(.0000000106,0)2^ 5^ 3 6 + "
"(-.0000000106,0)5^ 2^ 3 6 + "
"(-.0000000106,0)2^ 5^ 6 3 + "
"(.0000000106,0)5^ 2^ 6 3 + "
"(.0000000008,0)2^ 0^ 3 1 + "
"(.0000000008,0)7^ 5^ 8 6 + "
"(.0000406416,0)2^ 5^ 3 7 + "
"(-.0000406416,0)5^ 2^ 3 7 + "
"(-.0000406416,0)2^ 5^ 7 3 + "
"(.0000406416,0)5^ 2^ 7 3 + "
"(-.0001706724,0)2^ 0^ 3 2 + "
"(-.0001706724,0)7^ 5^ 8 7 + "
"(-.0026992058,0)2^ 5^ 3 8 + "
"(.0026992058,0)5^ 2^ 3 8 + "
"(.0026992058,0)2^ 5^ 8 3 + "
"(-.0026992058,0)5^ 2^ 8 3 + "
"(.0000001500,0)2^ 5^ 3 9 + "
"(-.0000001500,0)5^ 2^ 3 9 + "
"(-.0000001500,0)2^ 5^ 9 3 + "
"(.0000001500,0)5^ 2^ 9 3 + "
"(.0000000441,0)2^ 0^ 3 4 + "
"(.0000000441,0)7^ 5^ 8 9 + "
"(.0000000106,0)2^ 6^ 3 5 + "
"(-.0000000106,0)6^ 2^ 3 5 + "
"(-.0000000106,0)2^ 6^ 5 3 + "
"(.0000000106,0)6^ 2^ 5 3 + "
"(.0000000005,0)2^ 1^ 3 0 + "
"(.0000000005,0)7^ 6^ 8 5 + "
"(-.0000198625,0)2^ 6^ 3 6 + "
"(.0000198625,0)6^ 2^ 3 6 + "
"(.0000198625,0)2^ 6^ 6 3 + "
"(-.0000198625,0)6^ 2^ 6 3 + "
"(-.0000195848,0)2^ 1^ 3 1 + "
"(-.0000195848,0)7^ 6^ 8 6 + "
"(.0000000041,0)2^ 6^ 3 7 + "
"(-.0000000041,0)6^ 2^ 3 7 + "
"(-.0000000041,0)2^ 6^ 7 3 + "
"(.0000000041,0)6^ 2^ 7 3 + "
"(-.0000000115,0)2^ 1^ 3 2 + "
"(-.0000000115,0)7^ 6^ 8 7 + "
"(-.0000002642,0)2^ 6^ 3 8 + "
"(.0000002642,0)6^ 2^ 3 8 + "
"(.0000002642,0)2^ 6^ 8 3 + "
"(-.0000002642,0)6^ 2^ 8 3 + "
"(.0000406416,0)2^ 7^ 3 5 + "
"(-.0000406416,0)7^ 2^ 3 5 + "
"(-.0000406416,0)2^ 7^ 5 3 + "
"(.0000406416,0)7^ 2^ 5 3 + "
"(.0000000041,0)2^ 7^ 3 6 + "
"(-.0000000041,0)7^ 2^ 3 6 + "
"(-.0000000041,0)2^ 7^ 6 3 + "
"(.0000000041,0)7^ 2^ 6 3 + "
"(-.0000352470,0)2^ 7^ 3 7 + "
"(.0000352470,0)7^ 2^ 3 7 + "
"(.0000352470,0)2^ 7^ 7 3 + "
"(-.0000352470,0)7^ 2^ 7 3 + "
"(-.0070391413,0)2^ 7^ 3 8 + "
"(.0070391413,0)7^ 2^ 3 8 + "
"(.0070391413,0)2^ 7^ 8 3 + "
"(-.0070391413,0)7^ 2^ 8 3 + "
"(.0000000116,0)2^ 7^ 3 9 + "
"(-.0000000116,0)7^ 2^ 3 9 + "
"(-.0000000116,0)2^ 7^ 9 3 + "
"(.0000000116,0)7^ 2^ 9 3 + "
"(-.0026992058,0)2^ 8^ 3 5 + "
"(.0026992058,0)8^ 2^ 3 5 + "
"(.0026992058,0)2^ 8^ 5 3 + "
"(-.0026992058,0)8^ 2^ 5 3 + "
"(.0304122890,0)2^ 3^ 3 0 + "
"(.0304122890,0)7^ 8^ 8 5 + "
"(-.0000002642,0)2^ 8^ 3 6 + "
"(.0000002642,0)8^ 2^ 3 6 + "
"(.0000002642,0)2^ 8^ 6 3 + "
"(-.0000002642,0)8^ 2^ 6 3 + "
"(.0000016607,0)2^ 3^ 3 1 + "
"(.0000016607,0)7^ 8^ 8 6 + "
"(-.0070391413,0)2^ 8^ 3 7 + "
"(.0070391413,0)8^ 2^ 3 7 + "
"(.0070391413,0)2^ 8^ 7 3 + "
"(-.0070391413,0)8^ 2^ 7 3 + "
"(.1248687445,0)2^ 3^ 3 2 + "
"(.1248687445,0)7^ 8^ 8 7 + "
"(-.0000407359,0)2^ 8^ 3 8 + "
"(.0000407359,0)8^ 2^ 3 8 + "
"(.0000407359,0)2^ 8^ 8 3 + "
"(-.0000407359,0)8^ 2^ 8 3 + "
"(.0000045054,0)2^ 8^ 3 9 + "
"(-.0000045054,0)8^ 2^ 3 9 + "
"(-.0000045054,0)2^ 8^ 9 3 + "
"(.0000045054,0)8^ 2^ 9 3 + "
"(-.0000142233,0)2^ 3^ 3 4 + "
"(-.0000142233,0)7^ 8^ 8 9 + "
"(.0000001500,0)2^ 9^ 3 5 + "
"(-.0000001500,0)9^ 2^ 3 5 + "
"(-.0000001500,0)2^ 9^ 5 3 + "
"(.0000001500,0)9^ 2^ 5 3 + "
"(.0000000460,0)2^ 4^ 3 0 + "
"(.0000000460,0)7^ 9^ 8 5 + "
"(.0000000116,0)2^ 9^ 3 7 + "
"(-.0000000116,0)9^ 2^ 3 7 + "
"(-.0000000116,0)2^ 9^ 7 3 + "
"(.0000000116,0)9^ 2^ 7 3 + "
"(.0000001169,0)2^ 4^ 3 2 + "
"(.0000001169,0)7^ 9^ 8 7 + "
"(.0000045054,0)2^ 9^ 3 8 + "
"(-.0000045054,0)9^ 2^ 3 8 + "
"(-.0000045054,0)2^ 9^ 8 3 + "
"(.0000045054,0)9^ 2^ 8 3 + "
"(-.0000283535,0)2^ 9^ 3 9 + "
"(.0000283535,0)9^ 2^ 3 9 + "
"(.0000283535,0)2^ 9^ 9 3 + "
"(-.0000283535,0)9^ 2^ 9 3 + "
"(-.0000216168,0)2^ 4^ 3 4 + "
"(-.0000216168,0)7^ 9^ 8 9 + "
"(.0002449995,0)2^ 4 + "
"(.0002449995,0)7^ 9 + "
"(.0000123214,0)2^ 5^ 4 5 + "
"(-.0000123214,0)5^ 2^ 4 5 + "
"(-.0000123214,0)2^ 5^ 5 4 + "
"(.0000123214,0)5^ 2^ 5 4 + "
"(.0000269367,0)2^ 0^ 4 0 + "
"(.0000269367,0)7^ 5^ 9 5 + "
"(-.0000000289,0)2^ 5^ 4 6 + "
"(.0000000289,0)5^ 2^ 4 6 + "
"(.0000000289,0)2^ 5^ 6 4 + "
"(-.0000000289,0)5^ 2^ 6 4 + "
"(-.0000000049,0)2^ 0^ 4 1 + "
"(-.0000000049,0)7^ 5^ 9 6 + "
"(-.0000270499,0)2^ 5^ 4 7 + "
"(.0000270499,0)5^ 2^ 4 7 + "
"(.0000270499,0)2^ 5^ 7 4 + "
"(-.0000270499,0)5^ 2^ 7 4 + "
"(.0001131847,0)2^ 0^ 4 2 + "
"(.0001131847,0)7^ 5^ 9 7 + "
"(.0000001059,0)2^ 5^ 4 8 + "
"(-.0000001059,0)5^ 2^ 4 8 + "
"(-.0000001059,0)2^ 5^ 8 4 + "
"(.0000001059,0)5^ 2^ 8 4 + "
"(-.0000000441,0)2^ 0^ 4 3 + "
"(-.0000000441,0)7^ 5^ 9 8 + "
"(-.0026990652,0)2^ 5^ 4 9 + "
"(.0026990652,0)5^ 2^ 4 9 + "
"(.0026990652,0)2^ 5^ 9 4 + "
"(-.0026990652,0)5^ 2^ 9 4 + "
"(-.0000000289,0)2^ 6^ 4 5 + "
"(.0000000289,0)6^ 2^ 4 5 + "
"(.0000000289,0)2^ 6^ 5 4 + "
"(-.0000000289,0)6^ 2^ 5 4 + "
"(.0000000019,0)2^ 1^ 4 0 + "
"(.0000000019,0)7^ 6^ 9 5 + "
"(.0000130407,0)2^ 6^ 4 6 + "
"(-.0000130407,0)6^ 2^ 4 6 + "
"(-.0000130407,0)2^ 6^ 6 4 + "
"(.0000130407,0)6^ 2^ 6 4 + "
"(.0000128687,0)2^ 1^ 4 1 + "
"(.0000128687,0)7^ 6^ 9 6 + "
"(-.0000000085,0)2^ 6^ 4 7 + "
"(.0000000085,0)6^ 2^ 4 7 + "
"(.0000000085,0)2^ 6^ 7 4 + "
"(-.0000000085,0)6^ 2^ 7 4 + "
"(.0000000354,0)2^ 1^ 4 2 + "
"(.0000000354,0)7^ 6^ 9 7 + "
"(-.0000002642,0)2^ 6^ 4 9 + "
"(.0000002642,0)6^ 2^ 4 9 + "
"(.0000002642,0)2^ 6^ 9 4 + "
"(-.0000002642,0)6^ 2^ 9 4 + "
"(-.0000270499,0)2^ 7^ 4 5 + "
"(.0000270499,0)7^ 2^ 4 5 + "
"(.0000270499,0)2^ 7^ 5 4 + "
"(-.0000270499,0)7^ 2^ 5 4 + "
"(-.0000000085,0)2^ 7^ 4 6 + "
"(.0000000085,0)7^ 2^ 4 6 + "
"(.0000000085,0)2^ 7^ 6 4 + "
"(-.0000000085,0)7^ 2^ 6 4 + "
"(.0000232435,0)2^ 7^ 4 7 + "
"(-.0000232435,0)7^ 2^ 4 7 + "
"(-.0000232435,0)2^ 7^ 7 4 + "
"(.0000232435,0)7^ 2^ 7 4 + "
"(.0000000116,0)2^ 7^ 4 8 + "
"(-.0000000116,0)7^ 2^ 4 8 + "
"(-.0000000116,0)2^ 7^ 8 4 + "
"(.0000000116,0)7^ 2^ 8 4 + "
"(-.0070390482,0)2^ 7^ 4 9 + "
"(.0070390482,0)7^ 2^ 4 9 + "
"(.0070390482,0)2^ 7^ 9 4 + "
"(-.0070390482,0)7^ 2^ 9 4 + "
"(.0000001059,0)2^ 8^ 4 5 + "
"(-.0000001059,0)8^ 2^ 4 5 + "
"(-.0000001059,0)2^ 8^ 5 4 + "
"(.0000001059,0)8^ 2^ 5 4 + "
"(.0000000020,0)2^ 3^ 4 0 + "
"(.0000000020,0)7^ 8^ 9 5 + "
"(.0000000116,0)2^ 8^ 4 7 + "
"(-.0000000116,0)8^ 2^ 4 7 + "
"(-.0000000116,0)2^ 8^ 7 4 + "
"(.0000000116,0)8^ 2^ 7 4 + "
"(.0000001169,0)2^ 3^ 4 2 + "
"(.0000001169,0)7^ 8^ 9 7 + "
"(.0000187288,0)2^ 8^ 4 8 + "
"(-.0000187288,0)8^ 2^ 4 8 + "
"(-.0000187288,0)2^ 8^ 8 4 + "
"(.0000187288,0)8^ 2^ 8 4 + "
"(.0000142233,0)2^ 3^ 4 3 + "
"(.0000142233,0)7^ 8^ 9 8 + "
"(-.0000067367,0)2^ 8^ 4 9 + "
"(.0000067367,0)8^ 2^ 4 9 + "
"(.0000067367,0)2^ 8^ 9 4 + "
"(-.0000067367,0)8^ 2^ 9 4 + "
"(-.0026990652,0)2^ 9^ 4 5 + "
"(.0026990652,0)9^ 2^ 4 5 + "
"(.0026990652,0)2^ 9^ 5 4 + "
"(-.0026990652,0)9^ 2^ 5 4 + "
"(.0304122339,0)2^ 4^ 4 0 + "
"(.0304122339,0)7^ 9^ 9 5 + "
"(-.0000002642,0)2^ 9^ 4 6 + "
"(.0000002642,0)9^ 2^ 4 6 + "
"(.0000002642,0)2^ 9^ 6 4 + "
"(-.0000002642,0)9^ 2^ 6 4 + "
"(.0000016607,0)2^ 4^ 4 1 + "
"(.0000016607,0)7^ 9^ 9 6 + "
"(-.0070390482,0)2^ 9^ 4 7 + "
"(.0070390482,0)9^ 2^ 4 7 + "
"(.0070390482,0)2^ 9^ 7 4 + "
"(-.0070390482,0)9^ 2^ 7 4 + "
"(.1248688460,0)2^ 4^ 4 2 + "
"(.1248688460,0)7^ 9^ 9 7 + "
"(-.0000067367,0)2^ 9^ 4 8 + "
"(.0000067367,0)9^ 2^ 4 8 + "
"(.0000067367,0)2^ 9^ 8 4 + "
"(-.0000067367,0)9^ 2^ 8 4 + "
"(.0000216168,0)2^ 4^ 4 3 + "
"(.0000216168,0)7^ 9^ 9 8 + "
"(.0000268523,0)2^ 9^ 4 9 + "
"(-.0000268523,0)9^ 2^ 4 9 + "
"(-.0000268523,0)2^ 9^ 9 4 + "
"(.0000268523,0)9^ 2^ 9 4 + "
"(.0009644790,0)3^ 0 + "
"(.0009644790,0)8^ 5 + "
"(.0002411200,0)3^ 5^ 0 5 + "
"(-.0002411200,0)5^ 3^ 0 5 + "
"(-.0002411200,0)3^ 5^ 5 0 + "
"(.0002411200,0)5^ 3^ 5 0 + "
"(.0000000090,0)3^ 5^ 0 6 + "
"(-.0000000090,0)5^ 3^ 0 6 + "
"(-.0000000090,0)3^ 5^ 6 0 + "
"(.0000000090,0)5^ 3^ 6 0 + "
"(-.0000000088,0)3^ 0^ 0 1 + "
"(-.0000000088,0)8^ 5^ 5 6 + "
"(.0000219716,0)3^ 5^ 0 7 + "
"(-.0000219716,0)5^ 3^ 0 7 + "
"(-.0000219716,0)3^ 5^ 7 0 + "
"(.0000219716,0)5^ 3^ 7 0 + "
"(.0000407675,0)3^ 0^ 0 2 + "
"(.0000407675,0)8^ 5^ 5 7 + "
"(-.0283642464,0)3^ 5^ 0 8 + "
"(.0283642464,0)5^ 3^ 0 8 + "
"(.0283642464,0)3^ 5^ 8 0 + "
"(-.0283642464,0)5^ 3^ 8 0 + "
"(.1207730842,0)3^ 0^ 0 3 + "
"(.1207730842,0)8^ 5^ 5 8 + "
"(.0000000488,0)3^ 5^ 0 9 + "
"(-.0000000488,0)5^ 3^ 0 9 + "
"(-.0000000488,0)3^ 5^ 9 0 + "
"(.0000000488,0)5^ 3^ 9 0 + "
"(.0000001549,0)3^ 0^ 0 4 + "
"(.0000001549,0)8^ 5^ 5 9 + "
"(.0000000090,0)3^ 6^ 0 5 + "
"(-.0000000090,0)6^ 3^ 0 5 + "
"(-.0000000090,0)3^ 6^ 5 0 + "
"(.0000000090,0)6^ 3^ 5 0 + "
"(.0001990396,0)3^ 6^ 0 6 + "
"(-.0001990396,0)6^ 3^ 0 6 + "
"(-.0001990396,0)3^ 6^ 6 0 + "
"(.0001990396,0)6^ 3^ 6 0 + "
"(.0001712322,0)3^ 1^ 0 1 + "
"(.0001712322,0)8^ 6^ 5 6 + "
"(.0000000098,0)3^ 6^ 0 7 + "
"(-.0000000098,0)6^ 3^ 0 7 + "
"(-.0000000098,0)3^ 6^ 7 0 + "
"(.0000000098,0)6^ 3^ 7 0 + "
"(-.0000000008,0)3^ 1^ 0 2 + "
"(-.0000000008,0)8^ 6^ 5 7 + "
"(.0000003187,0)3^ 6^ 0 8 + "
"(-.0000003187,0)6^ 3^ 0 8 + "
"(-.0000003187,0)3^ 6^ 8 0 + "
"(.0000003187,0)6^ 3^ 8 0 + "
"(-.0000021804,0)3^ 1^ 0 3 + "
"(-.0000021804,0)8^ 6^ 5 8 + "
"(.0000219716,0)3^ 7^ 0 5 + "
"(-.0000219716,0)7^ 3^ 0 5 + "
"(-.0000219716,0)3^ 7^ 5 0 + "
"(.0000219716,0)7^ 3^ 5 0 + "
"(.0000000098,0)3^ 7^ 0 6 + "
"(-.0000000098,0)7^ 3^ 0 6 + "
"(-.0000000098,0)3^ 7^ 6 0 + "
"(.0000000098,0)7^ 3^ 6 0 + "
"(-.0000000003,0)3^ 2^ 0 1 + "
"(-.0000000003,0)8^ 7^ 5 6 + "
"(.0002113139,0)3^ 7^ 0 7 + "
"(-.0002113139,0)7^ 3^ 0 7 + "
"(-.0002113139,0)3^ 7^ 7 0 + "
"(.0002113139,0)7^ 3^ 7 0 + "
"(.0001706724,0)3^ 2^ 0 2 + "
"(.0001706724,0)8^ 7^ 5 7 + "
"(-.0026992058,0)3^ 7^ 0 8 + "
"(.0026992058,0)7^ 3^ 0 8 + "
"(.0026992058,0)3^ 7^ 8 0 + "
"(-.0026992058,0)7^ 3^ 8 0 + "
"(.0304122890,0)3^ 2^ 0 3 + "
"(.0304122890,0)8^ 7^ 5 8 + "
"(.0000001059,0)3^ 7^ 0 9 + "
"(-.0000001059,0)7^ 3^ 0 9 + "
"(-.0000001059,0)3^ 7^ 9 0 + "
"(.0000001059,0)7^ 3^ 9 0 + "
"(.0000000020,0)3^ 2^ 0 4 + "
"(.0000000020,0)8^ 7^ 5 9 + "
"(-.0283642464,0)3^ 8^ 0 5 + "
"(.0283642464,0)8^ 3^ 0 5 + "
"(.0283642464,0)3^ 8^ 5 0 + "
"(-.0283642464,0)8^ 3^ 5 0 + "
"(.0000003187,0)3^ 8^ 0 6 + "
"(-.0000003187,0)8^ 3^ 0 6 + "
"(-.0000003187,0)3^ 8^ 6 0 + "
"(.0000003187,0)8^ 3^ 6 0 + "
"(-.0026992058,0)3^ 8^ 0 7 + "
"(.0026992058,0)8^ 3^ 0 7 + "
"(.0026992058,0)3^ 8^ 7 0 + "
"(-.0026992058,0)8^ 3^ 7 0 + "
"(.0002151917,0)3^ 8^ 0 8 + "
"(-.0002151917,0)8^ 3^ 0 8 + "
"(-.0002151917,0)3^ 8^ 8 0 + "
"(.0002151917,0)8^ 3^ 8 0 + "
"(-.0000090753,0)3^ 8^ 0 9 + "
"(.0000090753,0)8^ 3^ 0 9 + "
"(.0000090753,0)3^ 8^ 9 0 + "
"(-.0000090753,0)8^ 3^ 9 0 + "
"(.0000000488,0)3^ 9^ 0 5 + "
"(-.0000000488,0)9^ 3^ 0 5 + "
"(-.0000000488,0)3^ 9^ 5 0 + "
"(.0000000488,0)9^ 3^ 5 0 + "
"(.0000001059,0)3^ 9^ 0 7 + "
"(-.0000001059,0)9^ 3^ 0 7 + "
"(-.0000001059,0)3^ 9^ 7 0 + "
"(.0000001059,0)9^ 3^ 7 0 + "
"(-.0000000441,0)3^ 4^ 0 2 + "
"(-.0000000441,0)8^ 9^ 5 7 + "
"(-.0000090753,0)3^ 9^ 0 8 + "
"(.0000090753,0)9^ 3^ 0 8 + "
"(.0000090753,0)3^ 9^ 8 0 + "
"(-.0000090753,0)9^ 3^ 8 0 + "
"(.0001154769,0)3^ 4^ 0 3 + "
"(.0001154769,0)8^ 9^ 5 8 + "
"(.0001878745,0)3^ 9^ 0 9 + "
"(-.0001878745,0)9^ 3^ 0 9 + "
"(-.0001878745,0)3^ 9^ 9 0 + "
"(.0001878745,0)9^ 3^ 9 0 + "
"(.0001739948,0)3^ 4^ 0 4 + "
"(.0001739948,0)8^ 9^ 5 9 + "
"(.0000001284,0)3^ 1 + "
"(.0000001284,0)8^ 6 + "
"(.0000000179,0)3^ 5^ 1 5 + "
"(-.0000000179,0)5^ 3^ 1 5 + "
"(-.0000000179,0)3^ 5^ 5 1 + "
"(.0000000179,0)5^ 3^ 5 1 + "
"(.0000000088,0)3^ 0^ 1 0 + "
"(.0000000088,0)8^ 5^ 6 5 + "
"(.0000278074,0)3^ 5^ 1 6 + "
"(-.0000278074,0)5^ 3^ 1 6 + "
"(-.0000278074,0)3^ 5^ 6 1 + "
"(.0000278074,0)5^ 3^ 6 1 + "
"(.0000000101,0)3^ 5^ 1 7 + "
"(-.0000000101,0)5^ 3^ 1 7 + "
"(-.0000000101,0)3^ 5^ 7 1 + "
"(.0000000101,0)5^ 3^ 7 1 + "
"(-.0000000005,0)3^ 0^ 1 2 + "
"(-.0000000005,0)8^ 5^ 6 7 + "
"(.0000003187,0)3^ 5^ 1 8 + "
"(-.0000003187,0)5^ 3^ 1 8 + "
"(-.0000003187,0)3^ 5^ 8 1 + "
"(.0000003187,0)5^ 3^ 8 1 + "
"(-.0000021804,0)3^ 0^ 1 3 + "
"(-.0000021804,0)8^ 5^ 6 8 + "
"(.0000278074,0)3^ 6^ 1 5 + "
"(-.0000278074,0)6^ 3^ 1 5 + "
"(-.0000278074,0)3^ 6^ 5 1 + "
"(.0000278074,0)6^ 3^ 5 1 + "
"(-.0001712322,0)3^ 1^ 1 0 + "
"(-.0001712322,0)8^ 6^ 6 5 + "
"(.0000000173,0)3^ 6^ 1 6 + "
"(-.0000000173,0)6^ 3^ 1 6 + "
"(-.0000000173,0)3^ 6^ 6 1 + "
"(.0000000173,0)6^ 3^ 6 1 + "
"(-.0000002778,0)3^ 6^ 1 7 + "
"(.0000002778,0)6^ 3^ 1 7 + "
"(.0000002778,0)3^ 6^ 7 1 + "
"(-.0000002778,0)6^ 3^ 7 1 + "
"(.0000195848,0)3^ 1^ 1 2 + "
"(.0000195848,0)8^ 6^ 6 7 + "
"(-.0097439989,0)3^ 6^ 1 8 + "
"(.0097439989,0)6^ 3^ 1 8 + "
"(.0097439989,0)3^ 6^ 8 1 + "
"(-.0097439989,0)6^ 3^ 8 1 + "
"(.1320173871,0)3^ 1^ 1 3 + "
"(.1320173871,0)8^ 6^ 6 8 + "
"(.0000000212,0)3^ 6^ 1 9 + "
"(-.0000000212,0)6^ 3^ 1 9 + "
"(-.0000000212,0)3^ 6^ 9 1 + "
"(.0000000212,0)6^ 3^ 9 1 + "
"(.0000000983,0)3^ 1^ 1 4 + "
"(.0000000983,0)8^ 6^ 6 9 + "
"(.0000000101,0)3^ 7^ 1 5 + "
"(-.0000000101,0)7^ 3^ 1 5 + "
"(-.0000000101,0)3^ 7^ 5 1 + "
"(.0000000101,0)7^ 3^ 5 1 + "
"(.0000000003,0)3^ 2^ 1 0 + "
"(.0000000003,0)8^ 7^ 6 5 + "
"(-.0000002778,0)3^ 7^ 1 6 + "
"(.0000002778,0)7^ 3^ 1 6 + "
"(.0000002778,0)3^ 7^ 6 1 + "
"(-.0000002778,0)7^ 3^ 6 1 + "
"(.0000000156,0)3^ 7^ 1 7 + "
"(-.0000000156,0)7^ 3^ 1 7 + "
"(-.0000000156,0)3^ 7^ 7 1 + "
"(.0000000156,0)7^ 3^ 7 1 + "
"(.0000000115,0)3^ 2^ 1 2 + "
"(.0000000115,0)8^ 7^ 6 7 + "
"(-.0000002642,0)3^ 7^ 1 8 + "
"(.0000002642,0)7^ 3^ 1 8 + "
"(.0000002642,0)3^ 7^ 8 1 + "
"(-.0000002642,0)7^ 3^ 8 1 + "
"(.0000016607,0)3^ 2^ 1 3 + "
"(.0000016607,0)8^ 7^ 6 8 + "
"(.0000003187,0)3^ 8^ 1 5 + "
"(-.0000003187,0)8^ 3^ 1 5 + "
"(-.0000003187,0)3^ 8^ 5 1 + "
"(.0000003187,0)8^ 3^ 5 1 + "
"(-.0097439989,0)3^ 8^ 1 6 + "
"(.0097439989,0)8^ 3^ 1 6 + "
"(.0097439989,0)3^ 8^ 6 1 + "
"(-.0097439989,0)8^ 3^ 6 1 + "
"(-.0000002642,0)3^ 8^ 1 7 + "
"(.0000002642,0)8^ 3^ 1 7 + "
"(.0000002642,0)3^ 8^ 7 1 + "
"(-.0000002642,0)8^ 3^ 7 1 + "
"(.0000000170,0)3^ 8^ 1 8 + "
"(-.0000000170,0)8^ 3^ 1 8 + "
"(-.0000000170,0)3^ 8^ 8 1 + "
"(.0000000170,0)8^ 3^ 8 1 + "
"(-.0000000048,0)3^ 8^ 1 9 + "
"(.0000000048,0)8^ 3^ 1 9 + "
"(.0000000048,0)3^ 8^ 9 1 + "
"(-.0000000048,0)8^ 3^ 9 1 + "
"(.0000000212,0)3^ 9^ 1 6 + "
"(-.0000000212,0)9^ 3^ 1 6 + "
"(-.0000000212,0)3^ 9^ 6 1 + "
"(.0000000212,0)9^ 3^ 6 1 + "
"(-.0000000048,0)3^ 9^ 1 8 + "
"(.0000000048,0)9^ 3^ 1 8 + "
"(.0000000048,0)3^ 9^ 8 1 + "
"(-.0000000048,0)9^ 3^ 8 1 + "
"(.0000000341,0)3^ 4^ 1 3 + "
"(.0000000341,0)8^ 9^ 6 8 + "
"(.0000000136,0)3^ 9^ 1 9 + "
"(-.0000000136,0)9^ 3^ 1 9 + "
"(-.0000000136,0)3^ 9^ 9 1 + "
"(.0000000136,0)9^ 3^ 9 1 + "
"(.0000000118,0)3^ 4^ 1 4 + "
"(.0000000118,0)8^ 9^ 6 9 + "
"(-.0003666736,0)3^ 2 + "
"(-.0003666736,0)8^ 7 + "
"(-.0000187959,0)3^ 5^ 2 5 + "
"(.0000187959,0)5^ 3^ 2 5 + "
"(.0000187959,0)3^ 5^ 5 2 + "
"(-.0000187959,0)5^ 3^ 5 2 + "
"(-.0000407675,0)3^ 0^ 2 0 + "
"(-.0000407675,0)8^ 5^ 7 5 + "
"(.0000000106,0)3^ 5^ 2 6 + "
"(-.0000000106,0)5^ 3^ 2 6 + "
"(-.0000000106,0)3^ 5^ 6 2 + "
"(.0000000106,0)5^ 3^ 6 2 + "
"(.0000000005,0)3^ 0^ 2 1 + "
"(.0000000005,0)8^ 5^ 7 6 + "
"(.0000406416,0)3^ 5^ 2 7 + "
"(-.0000406416,0)5^ 3^ 2 7 + "
"(-.0000406416,0)3^ 5^ 7 2 + "
"(.0000406416,0)5^ 3^ 7 2 + "
"(-.0026992058,0)3^ 5^ 2 8 + "
"(.0026992058,0)5^ 3^ 2 8 + "
"(.0026992058,0)3^ 5^ 8 2 + "
"(-.0026992058,0)5^ 3^ 8 2 + "
"(.0304122890,0)3^ 0^ 2 3 + "
"(.0304122890,0)8^ 5^ 7 8 + "
"(.0000001500,0)3^ 5^ 2 9 + "
"(-.0000001500,0)5^ 3^ 2 9 + "
"(-.0000001500,0)3^ 5^ 9 2 + "
"(.0000001500,0)5^ 3^ 9 2 + "
"(.0000000460,0)3^ 0^ 2 4 + "
"(.0000000460,0)8^ 5^ 7 9 + "
"(.0000000106,0)3^ 6^ 2 5 + "
"(-.0000000106,0)6^ 3^ 2 5 + "
"(-.0000000106,0)3^ 6^ 5 2 + "
"(.0000000106,0)6^ 3^ 5 2 + "
"(.0000000008,0)3^ 1^ 2 0 + "
"(.0000000008,0)8^ 6^ 7 5 + "
"(-.0000198625,0)3^ 6^ 2 6 + "
"(.0000198625,0)6^ 3^ 2 6 + "
"(.0000198625,0)3^ 6^ 6 2 + "
"(-.0000198625,0)6^ 3^ 6 2 + "
"(-.0000195848,0)3^ 1^ 2 1 + "
"(-.0000195848,0)8^ 6^ 7 6 + "
"(.0000000041,0)3^ 6^ 2 7 + "
"(-.0000000041,0)6^ 3^ 2 7 + "
"(-.0000000041,0)3^ 6^ 7 2 + "
"(.0000000041,0)6^ 3^ 7 2 + "
"(-.0000002642,0)3^ 6^ 2 8 + "
"(.0000002642,0)6^ 3^ 2 8 + "
"(.0000002642,0)3^ 6^ 8 2 + "
"(-.0000002642,0)6^ 3^ 8 2 + "
"(.0000016607,0)3^ 1^ 2 3 + "
"(.0000016607,0)8^ 6^ 7 8 + "
"(.0000406416,0)3^ 7^ 2 5 + "
"(-.0000406416,0)7^ 3^ 2 5 + "
"(-.0000406416,0)3^ 7^ 5 2 + "
"(.0000406416,0)7^ 3^ 5 2 + "
"(-.0001706724,0)3^ 2^ 2 0 + "
"(-.0001706724,0)8^ 7^ 7 5 + "
"(.0000000041,0)3^ 7^ 2 6 + "
"(-.0000000041,0)7^ 3^ 2 6 + "
"(-.0000000041,0)3^ 7^ 6 2 + "
"(.0000000041,0)7^ 3^ 6 2 + "
"(-.0000000115,0)3^ 2^ 2 1 + "
"(-.0000000115,0)8^ 7^ 7 6 + "
"(-.0000352470,0)3^ 7^ 2 7 + "
"(.0000352470,0)7^ 3^ 2 7 + "
"(.0000352470,0)3^ 7^ 7 2 + "
"(-.0000352470,0)7^ 3^ 7 2 + "
"(-.0070391413,0)3^ 7^ 2 8 + "
"(.0070391413,0)7^ 3^ 2 8 + "
"(.0070391413,0)3^ 7^ 8 2 + "
"(-.0070391413,0)7^ 3^ 8 2 + "
"(.1248687445,0)3^ 2^ 2 3 + "
"(.1248687445,0)8^ 7^ 7 8 + "
"(.0000000116,0)3^ 7^ 2 9 + "
"(-.0000000116,0)7^ 3^ 2 9 + "
"(-.0000000116,0)3^ 7^ 9 2 + "
"(.0000000116,0)7^ 3^ 9 2 + "
"(.0000001169,0)3^ 2^ 2 4 + "
"(.0000001169,0)8^ 7^ 7 9 + "
"(-.0026992058,0)3^ 8^ 2 5 + "
"(.0026992058,0)8^ 3^ 2 5 + "
"(.0026992058,0)3^ 8^ 5 2 + "
"(-.0026992058,0)8^ 3^ 5 2 + "
"(-.0000002642,0)3^ 8^ 2 6 + "
"(.0000002642,0)8^ 3^ 2 6 + "
"(.0000002642,0)3^ 8^ 6 2 + "
"(-.0000002642,0)8^ 3^ 6 2 + "
"(-.0070391413,0)3^ 8^ 2 7 + "
"(.0070391413,0)8^ 3^ 2 7 + "
"(.0070391413,0)3^ 8^ 7 2 + "
"(-.0070391413,0)8^ 3^ 7 2 + "
"(-.0000407359,0)3^ 8^ 2 8 + "
"(.0000407359,0)8^ 3^ 2 8 + "
"(.0000407359,0)3^ 8^ 8 2 + "
"(-.0000407359,0)8^ 3^ 8 2 + "
"(.0000045054,0)3^ 8^ 2 9 + "
"(-.0000045054,0)8^ 3^ 2 9 + "
"(-.0000045054,0)3^ 8^ 9 2 + "
"(.0000045054,0)8^ 3^ 9 2 + "
"(.0000001500,0)3^ 9^ 2 5 + "
"(-.0000001500,0)9^ 3^ 2 5 + "
"(-.0000001500,0)3^ 9^ 5 2 + "
"(.0000001500,0)9^ 3^ 5 2 + "
"(.0000000441,0)3^ 4^ 2 0 + "
"(.0000000441,0)8^ 9^ 7 5 + "
"(.0000000116,0)3^ 9^ 2 7 + "
"(-.0000000116,0)9^ 3^ 2 7 + "
"(-.0000000116,0)3^ 9^ 7 2 + "
"(.0000000116,0)9^ 3^ 7 2 + "
"(.0000045054,0)3^ 9^ 2 8 + "
"(-.0000045054,0)9^ 3^ 2 8 + "
"(-.0000045054,0)3^ 9^ 8 2 + "
"(.0000045054,0)9^ 3^ 8 2 + "
"(-.0000142233,0)3^ 4^ 2 3 + "
"(-.0000142233,0)8^ 9^ 7 8 + "
"(-.0000283535,0)3^ 9^ 2 9 + "
"(.0000283535,0)9^ 3^ 2 9 + "
"(.0000283535,0)3^ 9^ 9 2 + "
"(-.0000283535,0)9^ 3^ 9 2 + "
"(-.0000216168,0)3^ 4^ 2 4 + "
"(-.0000216168,0)8^ 9^ 7 9 + "
"(-.1476662240,0)3^ 3 + "
"(-.1476662240,0)8^ 8 + "
"(-.1491373306,0)3^ 5^ 3 5 + "
"(.1491373306,0)5^ 3^ 3 5 + "
"(.1491373306,0)3^ 5^ 5 3 + "
"(-.1491373306,0)5^ 3^ 5 3 + "
"(-.1207730842,0)3^ 0^ 3 0 + "
"(-.1207730842,0)8^ 5^ 8 5 + "
"(.0000024991,0)3^ 5^ 3 6 + "
"(-.0000024991,0)5^ 3^ 3 6 + "
"(-.0000024991,0)3^ 5^ 6 3 + "
"(.0000024991,0)5^ 3^ 6 3 + "
"(.0000021804,0)3^ 0^ 3 1 + "
"(.0000021804,0)8^ 5^ 8 6 + "
"(-.0331114948,0)3^ 5^ 3 7 + "
"(.0331114948,0)5^ 3^ 3 7 + "
"(.0331114948,0)3^ 5^ 7 3 + "
"(-.0331114948,0)5^ 3^ 7 3 + "
"(-.0304122890,0)3^ 0^ 3 2 + "
"(-.0304122890,0)8^ 5^ 8 7 + "
"(.0002151917,0)3^ 5^ 3 8 + "
"(-.0002151917,0)5^ 3^ 3 8 + "
"(-.0002151917,0)3^ 5^ 8 3 + "
"(.0002151917,0)5^ 3^ 8 3 + "
"(-.0001245521,0)3^ 5^ 3 9 + "
"(.0001245521,0)5^ 3^ 3 9 + "
"(.0001245521,0)3^ 5^ 9 3 + "
"(-.0001245521,0)5^ 3^ 9 3 + "
"(-.0001154769,0)3^ 0^ 3 4 + "
"(-.0001154769,0)8^ 5^ 8 9 + "
"(.0000024991,0)3^ 6^ 3 5 + "
"(-.0000024991,0)6^ 3^ 3 5 + "
"(-.0000024991,0)3^ 6^ 5 3 + "
"(.0000024991,0)6^ 3^ 5 3 + "
"(.0000021804,0)3^ 1^ 3 0 + "
"(.0000021804,0)8^ 6^ 8 5 + "
"(-.1417613860,0)3^ 6^ 3 6 + "
"(.1417613860,0)6^ 3^ 3 6 + "
"(.1417613860,0)3^ 6^ 6 3 + "
"(-.1417613860,0)6^ 3^ 6 3 + "
"(-.1320173871,0)3^ 1^ 3 1 + "
"(-.1320173871,0)8^ 6^ 8 6 + "
"(-.0000019249,0)3^ 6^ 3 7 + "
"(.0000019249,0)6^ 3^ 3 7 + "
"(.0000019249,0)3^ 6^ 7 3 + "
"(-.0000019249,0)6^ 3^ 7 3 + "
"(-.0000016607,0)3^ 1^ 3 2 + "
"(-.0000016607,0)8^ 6^ 8 7 + "
"(.0000000170,0)3^ 6^ 3 8 + "
"(-.0000000170,0)6^ 3^ 3 8 + "
"(-.0000000170,0)3^ 6^ 8 3 + "
"(.0000000170,0)6^ 3^ 8 3 + "
"(-.0000000389,0)3^ 6^ 3 9 + "
"(.0000000389,0)6^ 3^ 3 9 + "
"(.0000000389,0)3^ 6^ 9 3 + "
"(-.0000000389,0)6^ 3^ 9 3 + "
"(-.0000000341,0)3^ 1^ 3 4 + "
"(-.0000000341,0)8^ 6^ 8 9 + "
"(-.0331114948,0)3^ 7^ 3 5 + "
"(.0331114948,0)7^ 3^ 3 5 + "
"(.0331114948,0)3^ 7^ 5 3 + "
"(-.0331114948,0)7^ 3^ 5 3 + "
"(-.0304122890,0)3^ 2^ 3 0 + "
"(-.0304122890,0)8^ 7^ 8 5 + "
"(-.0000019249,0)3^ 7^ 3 6 + "
"(.0000019249,0)7^ 3^ 3 6 + "
"(.0000019249,0)3^ 7^ 6 3 + "
"(-.0000019249,0)7^ 3^ 6 3 + "
"(-.0000016607,0)3^ 2^ 3 1 + "
"(-.0000016607,0)8^ 7^ 8 6 + "
"(-.1319078858,0)3^ 7^ 3 7 + "
"(.1319078858,0)7^ 3^ 3 7 + "
"(.1319078858,0)3^ 7^ 7 3 + "
"(-.1319078858,0)7^ 3^ 7 3 + "
"(-.1248687445,0)3^ 2^ 3 2 + "
"(-.1248687445,0)8^ 7^ 8 7 + "
"(-.0000407359,0)3^ 7^ 3 8 + "
"(.0000407359,0)7^ 3^ 3 8 + "
"(.0000407359,0)3^ 7^ 8 3 + "
"(-.0000407359,0)7^ 3^ 8 3 + "
"(.0000187288,0)3^ 7^ 3 9 + "
"(-.0000187288,0)7^ 3^ 3 9 + "
"(-.0000187288,0)3^ 7^ 9 3 + "
"(.0000187288,0)7^ 3^ 9 3 + "
"(.0000142233,0)3^ 2^ 3 4 + "
"(.0000142233,0)8^ 7^ 8 9 + "
"(.0002151917,0)3^ 8^ 3 5 + "
"(-.0002151917,0)8^ 3^ 3 5 + "
"(-.0002151917,0)3^ 8^ 5 3 + "
"(.0002151917,0)8^ 3^ 5 3 + "
"(.0000000170,0)3^ 8^ 3 6 + "
"(-.0000000170,0)8^ 3^ 3 6 + "
"(-.0000000170,0)3^ 8^ 6 3 + "
"(.0000000170,0)8^ 3^ 6 3 + "
"(-.0000407359,0)3^ 8^ 3 7 + "
"(.0000407359,0)8^ 3^ 3 7 + "
"(.0000407359,0)3^ 8^ 7 3 + "
"(-.0000407359,0)8^ 3^ 7 3 + "
"(-.1547647777,0)3^ 8^ 3 8 + "
"(.1547647777,0)8^ 3^ 3 8 + "
"(.1547647777,0)3^ 8^ 8 3 + "
"(-.1547647777,0)8^ 3^ 8 3 + "
"(.0000051716,0)3^ 8^ 3 9 + "
"(-.0000051716,0)8^ 3^ 3 9 + "
"(-.0000051716,0)3^ 8^ 9 3 + "
"(.0000051716,0)8^ 3^ 9 3 + "
"(-.0001245521,0)3^ 9^ 3 5 + "
"(.0001245521,0)9^ 3^ 3 5 + "
"(.0001245521,0)3^ 9^ 5 3 + "
"(-.0001245521,0)9^ 3^ 5 3 + "
"(-.0001154769,0)3^ 4^ 3 0 + "
"(-.0001154769,0)8^ 9^ 8 5 + "
"(-.0000000389,0)3^ 9^ 3 6 + "
"(.0000000389,0)9^ 3^ 3 6 + "
"(.0000000389,0)3^ 9^ 6 3 + "
"(-.0000000389,0)9^ 3^ 6 3 + "
"(-.0000000341,0)3^ 4^ 3 1 + "
"(-.0000000341,0)8^ 9^ 8 6 + "
"(.0000187288,0)3^ 9^ 3 7 + "
"(-.0000187288,0)9^ 3^ 3 7 + "
"(-.0000187288,0)3^ 9^ 7 3 + "
"(.0000187288,0)9^ 3^ 7 3 + "
"(.0000142233,0)3^ 4^ 3 2 + "
"(.0000142233,0)8^ 9^ 8 7 + "
"(.0000051716,0)3^ 9^ 3 8 + "
"(-.0000051716,0)9^ 3^ 3 8 + "
"(-.0000051716,0)3^ 9^ 8 3 + "
"(.0000051716,0)9^ 3^ 8 3 + "
"(-.1390315774,0)3^ 9^ 3 9 + "
"(.1390315774,0)9^ 3^ 3 9 + "
"(.1390315774,0)3^ 9^ 9 3 + "
"(-.1390315774,0)9^ 3^ 9 3 + "
"(-.1306605804,0)3^ 4^ 3 4 + "
"(-.1306605804,0)8^ 9^ 8 9 + "
"(-.0000045024,0)3^ 4 + "
"(-.0000045024,0)8^ 9 + "
"(-.0000001061,0)3^ 5^ 4 5 + "
"(.0000001061,0)5^ 3^ 4 5 + "
"(.0000001061,0)3^ 5^ 5 4 + "
"(-.0000001061,0)5^ 3^ 5 4 + "
"(-.0000001549,0)3^ 0^ 4 0 + "
"(-.0000001549,0)8^ 5^ 9 5 + "
"(.0000001040,0)3^ 5^ 4 7 + "
"(-.0000001040,0)5^ 3^ 4 7 + "
"(-.0000001040,0)3^ 5^ 7 4 + "
"(.0000001040,0)5^ 3^ 7 4 + "
"(-.0000000460,0)3^ 0^ 4 2 + "
"(-.0000000460,0)8^ 5^ 9 7 + "
"(-.0000090753,0)3^ 5^ 4 8 + "
"(.0000090753,0)5^ 3^ 4 8 + "
"(.0000090753,0)3^ 5^ 8 4 + "
"(-.0000090753,0)5^ 3^ 8 4 + "
"(.0001154769,0)3^ 0^ 4 3 + "
"(.0001154769,0)8^ 5^ 9 8 + "
"(.0000138798,0)3^ 5^ 4 9 + "
"(-.0000138798,0)5^ 3^ 4 9 + "
"(-.0000138798,0)3^ 5^ 9 4 + "
"(.0000138798,0)5^ 3^ 9 4 + "
"(-.0000000771,0)3^ 6^ 4 6 + "
"(.0000000771,0)6^ 3^ 4 6 + "
"(.0000000771,0)3^ 6^ 6 4 + "
"(-.0000000771,0)6^ 3^ 6 4 + "
"(-.0000000983,0)3^ 1^ 4 1 + "
"(-.0000000983,0)8^ 6^ 9 6 + "
"(-.0000000048,0)3^ 6^ 4 8 + "
"(.0000000048,0)6^ 3^ 4 8 + "
"(.0000000048,0)3^ 6^ 8 4 + "
"(-.0000000048,0)6^ 3^ 8 4 + "
"(.0000000341,0)3^ 1^ 4 3 + "
"(.0000000341,0)8^ 6^ 9 8 + "
"(.0000000018,0)3^ 6^ 4 9 + "
"(-.0000000018,0)6^ 3^ 4 9 + "
"(-.0000000018,0)3^ 6^ 9 4 + "
"(.0000000018,0)6^ 3^ 9 4 + "
"(.0000001040,0)3^ 7^ 4 5 + "
"(-.0000001040,0)7^ 3^ 4 5 + "
"(-.0000001040,0)3^ 7^ 5 4 + "
"(.0000001040,0)7^ 3^ 5 4 + "
"(-.0000000020,0)3^ 2^ 4 0 + "
"(-.0000000020,0)8^ 7^ 9 5 + "
"(-.0000001053,0)3^ 7^ 4 7 + "
"(.0000001053,0)7^ 3^ 4 7 + "
"(.0000001053,0)3^ 7^ 7 4 + "
"(-.0000001053,0)7^ 3^ 7 4 + "
"(-.0000001169,0)3^ 2^ 4 2 + "
"(-.0000001169,0)8^ 7^ 9 7 + "
"(.0000045054,0)3^ 7^ 4 8 + "
"(-.0000045054,0)7^ 3^ 4 8 + "
"(-.0000045054,0)3^ 7^ 8 4 + "
"(.0000045054,0)7^ 3^ 8 4 + "
"(-.0000142233,0)3^ 2^ 4 3 + "
"(-.0000142233,0)8^ 7^ 9 8 + "
"(-.0000067367,0)3^ 7^ 4 9 + "
"(.0000067367,0)7^ 3^ 4 9 + "
"(.0000067367,0)3^ 7^ 9 4 + "
"(-.0000067367,0)7^ 3^ 9 4 + "
"(-.0000090753,0)3^ 8^ 4 5 + "
"(.0000090753,0)8^ 3^ 4 5 + "
"(.0000090753,0)3^ 8^ 5 4 + "
"(-.0000090753,0)8^ 3^ 5 4 + "
"(-.0000000048,0)3^ 8^ 4 6 + "
"(.0000000048,0)8^ 3^ 4 6 + "
"(.0000000048,0)3^ 8^ 6 4 + "
"(-.0000000048,0)8^ 3^ 6 4 + "
"(.0000045054,0)3^ 8^ 4 7 + "
"(-.0000045054,0)8^ 3^ 4 7 + "
"(-.0000045054,0)3^ 8^ 7 4 + "
"(.0000045054,0)8^ 3^ 7 4 + "
"(.0000051716,0)3^ 8^ 4 8 + "
"(-.0000051716,0)8^ 3^ 4 8 + "
"(-.0000051716,0)3^ 8^ 8 4 + "
"(.0000051716,0)8^ 3^ 8 4 + "
"(-.0083709970,0)3^ 8^ 4 9 + "
"(.0083709970,0)8^ 3^ 4 9 + "
"(.0083709970,0)3^ 8^ 9 4 + "
"(-.0083709970,0)8^ 3^ 9 4 + "
"(.0000138798,0)3^ 9^ 4 5 + "
"(-.0000138798,0)9^ 3^ 4 5 + "
"(-.0000138798,0)3^ 9^ 5 4 + "
"(.0000138798,0)9^ 3^ 5 4 + "
"(-.0001739948,0)3^ 4^ 4 0 + "
"(-.0001739948,0)8^ 9^ 9 5 + "
"(.0000000018,0)3^ 9^ 4 6 + "
"(-.0000000018,0)9^ 3^ 4 6 + "
"(-.0000000018,0)3^ 9^ 6 4 + "
"(.0000000018,0)9^ 3^ 6 4 + "
"(-.0000000118,0)3^ 4^ 4 1 + "
"(-.0000000118,0)8^ 9^ 9 6 + "
"(-.0000067367,0)3^ 9^ 4 7 + "
"(.0000067367,0)9^ 3^ 4 7 + "
"(.0000067367,0)3^ 9^ 7 4 + "
"(-.0000067367,0)9^ 3^ 7 4 + "
"(.0000216168,0)3^ 4^ 4 2 + "
"(.0000216168,0)8^ 9^ 9 7 + "
"(-.0083709970,0)3^ 9^ 4 8 + "
"(.0083709970,0)9^ 3^ 4 8 + "
"(.0083709970,0)3^ 9^ 8 4 + "
"(-.0083709970,0)9^ 3^ 8 4 + "
"(.1306605804,0)3^ 4^ 4 3 + "
"(.1306605804,0)8^ 9^ 9 8 + "
"(-.0000028651,0)3^ 9^ 4 9 + "
"(.0000028651,0)9^ 3^ 4 9 + "
"(.0000028651,0)3^ 9^ 9 4 + "
"(-.0000028651,0)9^ 3^ 9 4 + "
"(-.0006399456,0)4^ 0 + "
"(-.0006399456,0)9^ 5 + "
"(-.0001599865,0)4^ 5^ 0 5 + "
"(.0001599865,0)5^ 4^ 0 5 + "
"(.0001599865,0)4^ 5^ 5 0 + "
"(-.0001599865,0)5^ 4^ 5 0 + "
"(-.0000000352,0)4^ 5^ 0 6 + "
"(.0000000352,0)5^ 4^ 0 6 + "
"(.0000000352,0)4^ 5^ 6 0 + "
"(-.0000000352,0)5^ 4^ 6 0 + "
"(.0000000201,0)4^ 0^ 0 1 + "
"(.0000000201,0)9^ 5^ 5 6 + "
"(-.0000146154,0)4^ 5^ 0 7 + "
"(.0000146154,0)5^ 4^ 0 7 + "
"(.0000146154,0)4^ 5^ 7 0 + "
"(-.0000146154,0)5^ 4^ 7 0 + "
"(-.0000269367,0)4^ 0^ 0 2 + "
"(-.0000269367,0)9^ 5^ 5 7 + "
"(.0000000488,0)4^ 5^ 0 8 + "
"(-.0000000488,0)5^ 4^ 0 8 + "
"(-.0000000488,0)4^ 5^ 8 0 + "
"(.0000000488,0)5^ 4^ 8 0 + "
"(.0000001549,0)4^ 0^ 0 3 + "
"(.0000001549,0)9^ 5^ 5 8 + "
"(-.0283640706,0)4^ 5^ 0 9 + "
"(.0283640706,0)5^ 4^ 0 9 + "
"(.0283640706,0)4^ 5^ 9 0 + "
"(-.0283640706,0)5^ 4^ 9 0 + "
"(.1207732886,0)4^ 0^ 0 4 + "
"(.1207732886,0)9^ 5^ 5 9 + "
"(-.0000000352,0)4^ 6^ 0 5 + "
"(.0000000352,0)6^ 4^ 0 5 + "
"(.0000000352,0)4^ 6^ 5 0 + "
"(-.0000000352,0)6^ 4^ 5 0 + "
"(-.0001320269,0)4^ 6^ 0 6 + "
"(.0001320269,0)6^ 4^ 0 6 + "
"(.0001320269,0)4^ 6^ 6 0 + "
"(-.0001320269,0)6^ 4^ 6 0 + "
"(-.0001136606,0)4^ 1^ 0 1 + "
"(-.0001136606,0)9^ 6^ 5 6 + "
"(-.0000000241,0)4^ 6^ 0 7 + "
"(.0000000241,0)6^ 4^ 0 7 + "
"(.0000000241,0)4^ 6^ 7 0 + "
"(-.0000000241,0)6^ 4^ 7 0 + "
"(.0000000049,0)4^ 1^ 0 2 + "
"(.0000000049,0)9^ 6^ 5 7 + "
"(.0000003183,0)4^ 6^ 0 9 + "
"(-.0000003183,0)6^ 4^ 0 9 + "
"(-.0000003183,0)4^ 6^ 9 0 + "
"(.0000003183,0)6^ 4^ 9 0 + "
"(-.0000021802,0)4^ 1^ 0 4 + "
"(-.0000021802,0)9^ 6^ 5 9 + "
"(-.0000146154,0)4^ 7^ 0 5 + "
"(.0000146154,0)7^ 4^ 0 5 + "
"(.0000146154,0)4^ 7^ 5 0 + "
"(-.0000146154,0)7^ 4^ 5 0 + "
"(-.0000000241,0)4^ 7^ 0 6 + "
"(.0000000241,0)7^ 4^ 0 6 + "
"(.0000000241,0)4^ 7^ 6 0 + "
"(-.0000000241,0)7^ 4^ 6 0 + "
"(.0000000067,0)4^ 2^ 0 1 + "
"(.0000000067,0)9^ 7^ 5 6 + "
"(-.0001402346,0)4^ 7^ 0 7 + "
"(.0001402346,0)7^ 4^ 0 7 + "
"(.0001402346,0)4^ 7^ 7 0 + "
"(-.0001402346,0)7^ 4^ 7 0 + "
"(-.0001131847,0)4^ 2^ 0 2 + "
"(-.0001131847,0)9^ 7^ 5 7 + "
"(.0000001500,0)4^ 7^ 0 8 + "
"(-.0000001500,0)7^ 4^ 0 8 + "
"(-.0000001500,0)4^ 7^ 8 0 + "
"(.0000001500,0)7^ 4^ 8 0 + "
"(.0000000460,0)4^ 2^ 0 3 + "
"(.0000000460,0)9^ 7^ 5 8 + "
"(-.0026990652,0)4^ 7^ 0 9 + "
"(.0026990652,0)7^ 4^ 0 9 + "
"(.0026990652,0)4^ 7^ 9 0 + "
"(-.0026990652,0)7^ 4^ 9 0 + "
"(.0304122339,0)4^ 2^ 0 4 + "
"(.0304122339,0)9^ 7^ 5 9 + "
"(.0000000488,0)4^ 8^ 0 5 + "
"(-.0000000488,0)8^ 4^ 0 5 + "
"(-.0000000488,0)4^ 8^ 5 0 + "
"(.0000000488,0)8^ 4^ 5 0 + "
"(.0000001500,0)4^ 8^ 0 7 + "
"(-.0000001500,0)8^ 4^ 0 7 + "
"(-.0000001500,0)4^ 8^ 7 0 + "
"(.0000001500,0)8^ 4^ 7 0 + "
"(.0000000441,0)4^ 3^ 0 2 + "
"(.0000000441,0)9^ 8^ 5 7 + "
"(-.0001245521,0)4^ 8^ 0 8 + "
"(.0001245521,0)8^ 4^ 0 8 + "
"(.0001245521,0)4^ 8^ 8 0 + "
"(-.0001245521,0)8^ 4^ 8 0 + "
"(-.0001154769,0)4^ 3^ 0 3 + "
"(-.0001154769,0)9^ 8^ 5 8 + "
"(.0000138798,0)4^ 8^ 0 9 + "
"(-.0000138798,0)8^ 4^ 0 9 + "
"(-.0000138798,0)4^ 8^ 9 0 + "
"(.0000138798,0)8^ 4^ 9 0 + "
"(-.0001739948,0)4^ 3^ 0 4 + "
"(-.0001739948,0)9^ 8^ 5 9 + "
"(-.0283640706,0)4^ 9^ 0 5 + "
"(.0283640706,0)9^ 4^ 0 5 + "
"(.0283640706,0)4^ 9^ 5 0 + "
"(-.0283640706,0)9^ 4^ 5 0 + "
"(.0000003183,0)4^ 9^ 0 6 + "
"(-.0000003183,0)9^ 4^ 0 6 + "
"(-.0000003183,0)4^ 9^ 6 0 + "
"(.0000003183,0)9^ 4^ 6 0 + "
"(-.0026990652,0)4^ 9^ 0 7 + "
"(.0026990652,0)9^ 4^ 0 7 + "
"(.0026990652,0)4^ 9^ 7 0 + "
"(-.0026990652,0)9^ 4^ 7 0 + "
"(.0000138798,0)4^ 9^ 0 8 + "
"(-.0000138798,0)9^ 4^ 0 8 + "
"(-.0000138798,0)4^ 9^ 8 0 + "
"(.0000138798,0)9^ 4^ 8 0 + "
"(-.0001429863,0)4^ 9^ 0 9 + "
"(.0001429863,0)9^ 4^ 0 9 + "
"(.0001429863,0)4^ 9^ 9 0 + "
"(-.0001429863,0)9^ 4^ 9 0 + "
"(-.0000003740,0)4^ 1 + "
"(-.0000003740,0)9^ 6 + "
"(-.0000000553,0)4^ 5^ 1 5 + "
"(.0000000553,0)5^ 4^ 1 5 + "
"(.0000000553,0)4^ 5^ 5 1 + "
"(-.0000000553,0)5^ 4^ 5 1 + "
"(-.0000000201,0)4^ 0^ 1 0 + "
"(-.0000000201,0)9^ 5^ 6 5 + "
"(-.0000183663,0)4^ 5^ 1 6 + "
"(.0000183663,0)5^ 4^ 1 6 + "
"(.0000183663,0)4^ 5^ 6 1 + "
"(-.0000183663,0)5^ 4^ 6 1 + "
"(-.0000000308,0)4^ 5^ 1 7 + "
"(.0000000308,0)5^ 4^ 1 7 + "
"(.0000000308,0)4^ 5^ 7 1 + "
"(-.0000000308,0)5^ 4^ 7 1 + "
"(-.0000000019,0)4^ 0^ 1 2 + "
"(-.0000000019,0)9^ 5^ 6 7 + "
"(.0000003183,0)4^ 5^ 1 9 + "
"(-.0000003183,0)5^ 4^ 1 9 + "
"(-.0000003183,0)4^ 5^ 9 1 + "
"(.0000003183,0)5^ 4^ 9 1 + "
"(-.0000021802,0)4^ 0^ 1 4 + "
"(-.0000021802,0)9^ 5^ 6 9 + "
"(-.0000183663,0)4^ 6^ 1 5 + "
"(.0000183663,0)6^ 4^ 1 5 + "
"(.0000183663,0)4^ 6^ 5 1 + "
"(-.0000183663,0)6^ 4^ 5 1 + "
"(.0001136606,0)4^ 1^ 1 0 + "
"(.0001136606,0)9^ 6^ 6 5 + "
"(-.0000000539,0)4^ 6^ 1 6 + "
"(.0000000539,0)6^ 4^ 1 6 + "
"(.0000000539,0)4^ 6^ 6 1 + "
"(-.0000000539,0)6^ 4^ 6 1 + "
"(.0000001720,0)4^ 6^ 1 7 + "
"(-.0000001720,0)6^ 4^ 1 7 + "
"(-.0000001720,0)4^ 6^ 7 1 + "
"(.0000001720,0)6^ 4^ 7 1 + "
"(-.0000128687,0)4^ 1^ 1 2 + "
"(-.0000128687,0)9^ 6^ 6 7 + "
"(.0000000212,0)4^ 6^ 1 8 + "
"(-.0000000212,0)6^ 4^ 1 8 + "
"(-.0000000212,0)4^ 6^ 8 1 + "
"(.0000000212,0)6^ 4^ 8 1 + "
"(.0000000983,0)4^ 1^ 1 3 + "
"(.0000000983,0)9^ 6^ 6 8 + "
"(-.0097438735,0)4^ 6^ 1 9 + "
"(.0097438735,0)6^ 4^ 1 9 + "
"(.0097438735,0)4^ 6^ 9 1 + "
"(-.0097438735,0)6^ 4^ 9 1 + "
"(.1320174499,0)4^ 1^ 1 4 + "
"(.1320174499,0)9^ 6^ 6 9 + "
"(-.0000000308,0)4^ 7^ 1 5 + "
"(.0000000308,0)7^ 4^ 1 5 + "
"(.0000000308,0)4^ 7^ 5 1 + "
"(-.0000000308,0)7^ 4^ 5 1 + "
"(-.0000000067,0)4^ 2^ 1 0 + "
"(-.0000000067,0)9^ 7^ 6 5 + "
"(.0000001720,0)4^ 7^ 1 6 + "
"(-.0000001720,0)7^ 4^ 1 6 + "
"(-.0000001720,0)4^ 7^ 6 1 + "
"(.0000001720,0)7^ 4^ 6 1 + "
"(-.0000000439,0)4^ 7^ 1 7 + "
"(.0000000439,0)7^ 4^ 1 7 + "
"(.0000000439,0)4^ 7^ 7 1 + "
"(-.0000000439,0)7^ 4^ 7 1 + "
"(-.0000000354,0)4^ 2^ 1 2 + "
"(-.0000000354,0)9^ 7^ 6 7 + "
"(-.0000002642,0)4^ 7^ 1 9 + "
"(.0000002642,0)7^ 4^ 1 9 + "
"(.0000002642,0)4^ 7^ 9 1 + "
"(-.0000002642,0)7^ 4^ 9 1 + "
"(.0000016607,0)4^ 2^ 1 4 + "
"(.0000016607,0)9^ 7^ 6 9 + "
"(.0000000212,0)4^ 8^ 1 6 + "
"(-.0000000212,0)8^ 4^ 1 6 + "
"(-.0000000212,0)4^ 8^ 6 1 + "
"(.0000000212,0)8^ 4^ 6 1 + "
"(-.0000000389,0)4^ 8^ 1 8 + "
"(.0000000389,0)8^ 4^ 1 8 + "
"(.0000000389,0)4^ 8^ 8 1 + "
"(-.0000000389,0)8^ 4^ 8 1 + "
"(-.0000000341,0)4^ 3^ 1 3 + "
"(-.0000000341,0)9^ 8^ 6 8 + "
"(.0000000018,0)4^ 8^ 1 9 + "
"(-.0000000018,0)8^ 4^ 1 9 + "
"(-.0000000018,0)4^ 8^ 9 1 + "
"(.0000000018,0)8^ 4^ 9 1 + "
"(-.0000000118,0)4^ 3^ 1 4 + "
"(-.0000000118,0)9^ 8^ 6 9 + "
"(.0000003183,0)4^ 9^ 1 5 + "
"(-.0000003183,0)9^ 4^ 1 5 + "
"(-.0000003183,0)4^ 9^ 5 1 + "
"(.0000003183,0)9^ 4^ 5 1 + "
"(-.0097438735,0)4^ 9^ 1 6 + "
"(.0097438735,0)9^ 4^ 1 6 + "
"(.0097438735,0)4^ 9^ 6 1 + "
"(-.0097438735,0)9^ 4^ 6 1 + "
"(-.0000002642,0)4^ 9^ 1 7 + "
"(.0000002642,0)9^ 4^ 1 7 + "
"(.0000002642,0)4^ 9^ 7 1 + "
"(-.0000002642,0)9^ 4^ 7 1 + "
"(.0000000018,0)4^ 9^ 1 8 + "
"(-.0000000018,0)9^ 4^ 1 8 + "
"(-.0000000018,0)4^ 9^ 8 1 + "
"(.0000000018,0)9^ 4^ 8 1 + "
"(-.0000000480,0)4^ 9^ 1 9 + "
"(.0000000480,0)9^ 4^ 1 9 + "
"(.0000000480,0)4^ 9^ 9 1 + "
"(-.0000000480,0)9^ 4^ 9 1 + "
"(.0002449995,0)4^ 2 + "
"(.0002449995,0)9^ 7 + "
"(.0000123214,0)4^ 5^ 2 5 + "
"(-.0000123214,0)5^ 4^ 2 5 + "
"(-.0000123214,0)4^ 5^ 5 2 + "
"(.0000123214,0)5^ 4^ 5 2 + "
"(.0000269367,0)4^ 0^ 2 0 + "
"(.0000269367,0)9^ 5^ 7 5 + "
"(-.0000000289,0)4^ 5^ 2 6 + "
"(.0000000289,0)5^ 4^ 2 6 + "
"(.0000000289,0)4^ 5^ 6 2 + "
"(-.0000000289,0)5^ 4^ 6 2 + "
"(.0000000019,0)4^ 0^ 2 1 + "
"(.0000000019,0)9^ 5^ 7 6 + "
"(-.0000270499,0)4^ 5^ 2 7 + "
"(.0000270499,0)5^ 4^ 2 7 + "
"(.0000270499,0)4^ 5^ 7 2 + "
"(-.0000270499,0)5^ 4^ 7 2 + "
"(.0000001059,0)4^ 5^ 2 8 + "
"(-.0000001059,0)5^ 4^ 2 8 + "
"(-.0000001059,0)4^ 5^ 8 2 + "
"(.0000001059,0)5^ 4^ 8 2 + "
"(.0000000020,0)4^ 0^ 2 3 + "
"(.0000000020,0)9^ 5^ 7 8 + "
"(-.0026990652,0)4^ 5^ 2 9 + "
"(.0026990652,0)5^ 4^ 2 9 + "
"(.0026990652,0)4^ 5^ 9 2 + "
"(-.0026990652,0)5^ 4^ 9 2 + "
"(.0304122339,0)4^ 0^ 2 4 + "
"(.0304122339,0)9^ 5^ 7 9 + "
"(-.0000000289,0)4^ 6^ 2 5 + "
"(.0000000289,0)6^ 4^ 2 5 + "
"(.0000000289,0)4^ 6^ 5 2 + "
"(-.0000000289,0)6^ 4^ 5 2 + "
"(-.0000000049,0)4^ 1^ 2 0 + "
"(-.0000000049,0)9^ 6^ 7 5 + "
"(.0000130407,0)4^ 6^ 2 6 + "
"(-.0000130407,0)6^ 4^ 2 6 + "
"(-.0000130407,0)4^ 6^ 6 2 + "
"(.0000130407,0)6^ 4^ 6 2 + "
"(.0000128687,0)4^ 1^ 2 1 + "
"(.0000128687,0)9^ 6^ 7 6 + "
"(-.0000000085,0)4^ 6^ 2 7 + "
"(.0000000085,0)6^ 4^ 2 7 + "
"(.0000000085,0)4^ 6^ 7 2 + "
"(-.0000000085,0)6^ 4^ 7 2 + "
"(-.0000002642,0)4^ 6^ 2 9 + "
"(.0000002642,0)6^ 4^ 2 9 + "
"(.0000002642,0)4^ 6^ 9 2 + "
"(-.0000002642,0)6^ 4^ 9 2 + "
"(.0000016607,0)4^ 1^ 2 4 + "
"(.0000016607,0)9^ 6^ 7 9 + "
"(-.0000270499,0)4^ 7^ 2 5 + "
"(.0000270499,0)7^ 4^ 2 5 + "
"(.0000270499,0)4^ 7^ 5 2 + "
"(-.0000270499,0)7^ 4^ 5 2 + "
"(.0001131847,0)4^ 2^ 2 0 + "
"(.0001131847,0)9^ 7^ 7 5 + "
"(-.0000000085,0)4^ 7^ 2 6 + "
"(.0000000085,0)7^ 4^ 2 6 + "
"(.0000000085,0)4^ 7^ 6 2 + "
"(-.0000000085,0)7^ 4^ 6 2 + "
"(.0000000354,0)4^ 2^ 2 1 + "
"(.0000000354,0)9^ 7^ 7 6 + "
"(.0000232435,0)4^ 7^ 2 7 + "
"(-.0000232435,0)7^ 4^ 2 7 + "
"(-.0000232435,0)4^ 7^ 7 2 + "
"(.0000232435,0)7^ 4^ 7 2 + "
"(.0000000116,0)4^ 7^ 2 8 + "
"(-.0000000116,0)7^ 4^ 2 8 + "
"(-.0000000116,0)4^ 7^ 8 2 + "
"(.0000000116,0)7^ 4^ 8 2 + "
"(.0000001169,0)4^ 2^ 2 3 + "
"(.0000001169,0)9^ 7^ 7 8 + "
"(-.0070390482,0)4^ 7^ 2 9 + "
"(.0070390482,0)7^ 4^ 2 9 + "
"(.0070390482,0)4^ 7^ 9 2 + "
"(-.0070390482,0)7^ 4^ 9 2 + "
"(.1248688460,0)4^ 2^ 2 4 + "
"(.1248688460,0)9^ 7^ 7 9 + "
"(.0000001059,0)4^ 8^ 2 5 + "
"(-.0000001059,0)8^ 4^ 2 5 + "
"(-.0000001059,0)4^ 8^ 5 2 + "
"(.0000001059,0)8^ 4^ 5 2 + "
"(-.0000000441,0)4^ 3^ 2 0 + "
"(-.0000000441,0)9^ 8^ 7 5 + "
"(.0000000116,0)4^ 8^ 2 7 + "
"(-.0000000116,0)8^ 4^ 2 7 + "
"(-.0000000116,0)4^ 8^ 7 2 + "
"(.0000000116,0)8^ 4^ 7 2 + "
"(.0000187288,0)4^ 8^ 2 8 + "
"(-.0000187288,0)8^ 4^ 2 8 + "
"(-.0000187288,0)4^ 8^ 8 2 + "
"(.0000187288,0)8^ 4^ 8 2 + "
"(.0000142233,0)4^ 3^ 2 3 + "
"(.0000142233,0)9^ 8^ 7 8 + "
"(-.0000067367,0)4^ 8^ 2 9 + "
"(.0000067367,0)8^ 4^ 2 9 + "
"(.0000067367,0)4^ 8^ 9 2 + "
"(-.0000067367,0)8^ 4^ 9 2 + "
"(.0000216168,0)4^ 3^ 2 4 + "
"(.0000216168,0)9^ 8^ 7 9 + "
"(-.0026990652,0)4^ 9^ 2 5 + "
"(.0026990652,0)9^ 4^ 2 5 + "
"(.0026990652,0)4^ 9^ 5 2 + "
"(-.0026990652,0)9^ 4^ 5 2 + "
"(-.0000002642,0)4^ 9^ 2 6 + "
"(.0000002642,0)9^ 4^ 2 6 + "
"(.0000002642,0)4^ 9^ 6 2 + "
"(-.0000002642,0)9^ 4^ 6 2 + "
"(-.0070390482,0)4^ 9^ 2 7 + "
"(.0070390482,0)9^ 4^ 2 7 + "
"(.0070390482,0)4^ 9^ 7 2 + "
"(-.0070390482,0)9^ 4^ 7 2 + "
"(-.0000067367,0)4^ 9^ 2 8 + "
"(.0000067367,0)9^ 4^ 2 8 + "
"(.0000067367,0)4^ 9^ 8 2 + "
"(-.0000067367,0)9^ 4^ 8 2 + "
"(.0000268523,0)4^ 9^ 2 9 + "
"(-.0000268523,0)9^ 4^ 2 9 + "
"(-.0000268523,0)4^ 9^ 9 2 + "
"(.0000268523,0)9^ 4^ 9 2 + "
"(-.0000045024,0)4^ 3 + "
"(-.0000045024,0)9^ 8 + "
"(-.0000001061,0)4^ 5^ 3 5 + "
"(.0000001061,0)5^ 4^ 3 5 + "
"(.0000001061,0)4^ 5^ 5 3 + "
"(-.0000001061,0)5^ 4^ 5 3 + "
"(-.0000001549,0)4^ 0^ 3 0 + "
"(-.0000001549,0)9^ 5^ 8 5 + "
"(.0000001040,0)4^ 5^ 3 7 + "
"(-.0000001040,0)5^ 4^ 3 7 + "
"(-.0000001040,0)4^ 5^ 7 3 + "
"(.0000001040,0)5^ 4^ 7 3 + "
"(-.0000000020,0)4^ 0^ 3 2 + "
"(-.0000000020,0)9^ 5^ 8 7 + "
"(-.0000090753,0)4^ 5^ 3 8 + "
"(.0000090753,0)5^ 4^ 3 8 + "
"(.0000090753,0)4^ 5^ 8 3 + "
"(-.0000090753,0)5^ 4^ 8 3 + "
"(.0000138798,0)4^ 5^ 3 9 + "
"(-.0000138798,0)5^ 4^ 3 9 + "
"(-.0000138798,0)4^ 5^ 9 3 + "
"(.0000138798,0)5^ 4^ 9 3 + "
"(-.0001739948,0)4^ 0^ 3 4 + "
"(-.0001739948,0)9^ 5^ 8 9 + "
"(-.0000000771,0)4^ 6^ 3 6 + "
"(.0000000771,0)6^ 4^ 3 6 + "
"(.0000000771,0)4^ 6^ 6 3 + "
"(-.0000000771,0)6^ 4^ 6 3 + "
"(-.0000000983,0)4^ 1^ 3 1 + "
"(-.0000000983,0)9^ 6^ 8 6 + "
"(-.0000000048,0)4^ 6^ 3 8 + "
"(.0000000048,0)6^ 4^ 3 8 + "
"(.0000000048,0)4^ 6^ 8 3 + "
"(-.0000000048,0)6^ 4^ 8 3 + "
"(.0000000018,0)4^ 6^ 3 9 + "
"(-.0000000018,0)6^ 4^ 3 9 + "
"(-.0000000018,0)4^ 6^ 9 3 + "
"(.0000000018,0)6^ 4^ 9 3 + "
"(-.0000000118,0)4^ 1^ 3 4 + "
"(-.0000000118,0)9^ 6^ 8 9 + "
"(.0000001040,0)4^ 7^ 3 5 + "
"(-.0000001040,0)7^ 4^ 3 5 + "
"(-.0000001040,0)4^ 7^ 5 3 + "
"(.0000001040,0)7^ 4^ 5 3 + "
"(-.0000000460,0)4^ 2^ 3 0 + "
"(-.0000000460,0)9^ 7^ 8 5 + "
"(-.0000001053,0)4^ 7^ 3 7 + "
"(.0000001053,0)7^ 4^ 3 7 + "
"(.0000001053,0)4^ 7^ 7 3 + "
"(-.0000001053,0)7^ 4^ 7 3 + "
"(-.0000001169,0)4^ 2^ 3 2 + "
"(-.0000001169,0)9^ 7^ 8 7 + "
"(.0000045054,0)4^ 7^ 3 8 + "
"(-.0000045054,0)7^ 4^ 3 8 + "
"(-.0000045054,0)4^ 7^ 8 3 + "
"(.0000045054,0)7^ 4^ 8 3 + "
"(-.0000067367,0)4^ 7^ 3 9 + "
"(.0000067367,0)7^ 4^ 3 9 + "
"(.0000067367,0)4^ 7^ 9 3 + "
"(-.0000067367,0)7^ 4^ 9 3 + "
"(.0000216168,0)4^ 2^ 3 4 + "
"(.0000216168,0)9^ 7^ 8 9 + "
"(-.0000090753,0)4^ 8^ 3 5 + "
"(.0000090753,0)8^ 4^ 3 5 + "
"(.0000090753,0)4^ 8^ 5 3 + "
"(-.0000090753,0)8^ 4^ 5 3 + "
"(.0001154769,0)4^ 3^ 3 0 + "
"(.0001154769,0)9^ 8^ 8 5 + "
"(-.0000000048,0)4^ 8^ 3 6 + "
"(.0000000048,0)8^ 4^ 3 6 + "
"(.0000000048,0)4^ 8^ 6 3 + "
"(-.0000000048,0)8^ 4^ 6 3 + "
"(.0000000341,0)4^ 3^ 3 1 + "
"(.0000000341,0)9^ 8^ 8 6 + "
"(.0000045054,0)4^ 8^ 3 7 + "
"(-.0000045054,0)8^ 4^ 3 7 + "
"(-.0000045054,0)4^ 8^ 7 3 + "
"(.0000045054,0)8^ 4^ 7 3 + "
"(-.0000142233,0)4^ 3^ 3 2 + "
"(-.0000142233,0)9^ 8^ 8 7 + "
"(.0000051716,0)4^ 8^ 3 8 + "
"(-.0000051716,0)8^ 4^ 3 8 + "
"(-.0000051716,0)4^ 8^ 8 3 + "
"(.0000051716,0)8^ 4^ 8 3 + "
"(-.0083709970,0)4^ 8^ 3 9 + "
"(.0083709970,0)8^ 4^ 3 9 + "
"(.0083709970,0)4^ 8^ 9 3 + "
"(-.0083709970,0)8^ 4^ 9 3 + "
"(.1306605804,0)4^ 3^ 3 4 + "
"(.1306605804,0)9^ 8^ 8 9 + "
"(.0000138798,0)4^ 9^ 3 5 + "
"(-.0000138798,0)9^ 4^ 3 5 + "
"(-.0000138798,0)4^ 9^ 5 3 + "
"(.0000138798,0)9^ 4^ 5 3 + "
"(.0000000018,0)4^ 9^ 3 6 + "
"(-.0000000018,0)9^ 4^ 3 6 + "
"(-.0000000018,0)4^ 9^ 6 3 + "
"(.0000000018,0)9^ 4^ 6 3 + "
"(-.0000067367,0)4^ 9^ 3 7 + "
"(.0000067367,0)9^ 4^ 3 7 + "
"(.0000067367,0)4^ 9^ 7 3 + "
"(-.0000067367,0)9^ 4^ 7 3 + "
"(-.0083709970,0)4^ 9^ 3 8 + "
"(.0083709970,0)9^ 4^ 3 8 + "
"(.0083709970,0)4^ 9^ 8 3 + "
"(-.0083709970,0)9^ 4^ 8 3 + "
"(-.0000028651,0)4^ 9^ 3 9 + "
"(.0000028651,0)9^ 4^ 3 9 + "
"(.0000028651,0)4^ 9^ 9 3 + "
"(-.0000028651,0)9^ 4^ 9 3 + "
"(-.1476629370,0)4^ 4 + "
"(-.1476629370,0)9^ 9 + "
"(-.1491373592,0)4^ 5^ 4 5 + "
"(.1491373592,0)5^ 4^ 4 5 + "
"(.1491373592,0)4^ 5^ 5 4 + "
"(-.1491373592,0)5^ 4^ 5 4 + "
"(-.1207732886,0)4^ 0^ 4 0 + "
"(-.1207732886,0)9^ 5^ 9 5 + "
"(.0000024985,0)4^ 5^ 4 6 + "
"(-.0000024985,0)5^ 4^ 4 6 + "
"(-.0000024985,0)4^ 5^ 6 4 + "
"(.0000024985,0)5^ 4^ 6 4 + "
"(.0000021802,0)4^ 0^ 4 1 + "
"(.0000021802,0)9^ 5^ 9 6 + "
"(-.0331112991,0)4^ 5^ 4 7 + "
"(.0331112991,0)5^ 4^ 4 7 + "
"(.0331112991,0)4^ 5^ 7 4 + "
"(-.0331112991,0)5^ 4^ 7 4 + "
"(-.0304122339,0)4^ 0^ 4 2 + "
"(-.0304122339,0)9^ 5^ 9 7 + "
"(.0001878745,0)4^ 5^ 4 8 + "
"(-.0001878745,0)5^ 4^ 4 8 + "
"(-.0001878745,0)4^ 5^ 8 4 + "
"(.0001878745,0)5^ 4^ 8 4 + "
"(.0001739948,0)4^ 0^ 4 3 + "
"(.0001739948,0)9^ 5^ 9 8 + "
"(-.0001429863,0)4^ 5^ 4 9 + "
"(.0001429863,0)5^ 4^ 4 9 + "
"(.0001429863,0)4^ 5^ 9 4 + "
"(-.0001429863,0)5^ 4^ 9 4 + "
"(.0000024985,0)4^ 6^ 4 5 + "
"(-.0000024985,0)6^ 4^ 4 5 + "
"(-.0000024985,0)4^ 6^ 5 4 + "
"(.0000024985,0)6^ 4^ 5 4 + "
"(.0000021802,0)4^ 1^ 4 0 + "
"(.0000021802,0)9^ 6^ 9 5 + "
"(-.1417613234,0)4^ 6^ 4 6 + "
"(.1417613234,0)6^ 4^ 4 6 + "
"(.1417613234,0)4^ 6^ 6 4 + "
"(-.1417613234,0)6^ 4^ 6 4 + "
"(-.1320174499,0)4^ 1^ 4 1 + "
"(-.1320174499,0)9^ 6^ 9 6 + "
"(-.0000019249,0)4^ 6^ 4 7 + "
"(.0000019249,0)6^ 4^ 4 7 + "
"(.0000019249,0)4^ 6^ 7 4 + "
"(-.0000019249,0)6^ 4^ 7 4 + "
"(-.0000016607,0)4^ 1^ 4 2 + "
"(-.0000016607,0)9^ 6^ 9 7 + "
"(.0000000136,0)4^ 6^ 4 8 + "
"(-.0000000136,0)6^ 4^ 4 8 + "
"(-.0000000136,0)4^ 6^ 8 4 + "
"(.0000000136,0)6^ 4^ 8 4 + "
"(.0000000118,0)4^ 1^ 4 3 + "
"(.0000000118,0)9^ 6^ 9 8 + "
"(-.0000000480,0)4^ 6^ 4 9 + "
"(.0000000480,0)6^ 4^ 4 9 + "
"(.0000000480,0)4^ 6^ 9 4 + "
"(-.0000000480,0)6^ 4^ 9 4 + "
"(-.0331112991,0)4^ 7^ 4 5 + "
"(.0331112991,0)7^ 4^ 4 5 + "
"(.0331112991,0)4^ 7^ 5 4 + "
"(-.0331112991,0)7^ 4^ 5 4 + "
"(-.0304122339,0)4^ 2^ 4 0 + "
"(-.0304122339,0)9^ 7^ 9 5 + "
"(-.0000019249,0)4^ 7^ 4 6 + "
"(.0000019249,0)7^ 4^ 4 6 + "
"(.0000019249,0)4^ 7^ 6 4 + "
"(-.0000019249,0)7^ 4^ 6 4 + "
"(-.0000016607,0)4^ 2^ 4 1 + "
"(-.0000016607,0)9^ 7^ 9 6 + "
"(-.1319078942,0)4^ 7^ 4 7 + "
"(.1319078942,0)7^ 4^ 4 7 + "
"(.1319078942,0)4^ 7^ 7 4 + "
"(-.1319078942,0)7^ 4^ 7 4 + "
"(-.1248688460,0)4^ 2^ 4 2 + "
"(-.1248688460,0)9^ 7^ 9 7 + "
"(-.0000283535,0)4^ 7^ 4 8 + "
"(.0000283535,0)7^ 4^ 4 8 + "
"(.0000283535,0)4^ 7^ 8 4 + "
"(-.0000283535,0)7^ 4^ 8 4 + "
"(-.0000216168,0)4^ 2^ 4 3 + "
"(-.0000216168,0)9^ 7^ 9 8 + "
"(.0000268523,0)4^ 7^ 4 9 + "
"(-.0000268523,0)7^ 4^ 4 9 + "
"(-.0000268523,0)4^ 7^ 9 4 + "
"(.0000268523,0)7^ 4^ 9 4 + "
"(.0001878745,0)4^ 8^ 4 5 + "
"(-.0001878745,0)8^ 4^ 4 5 + "
"(-.0001878745,0)4^ 8^ 5 4 + "
"(.0001878745,0)8^ 4^ 5 4 + "
"(.0001739948,0)4^ 3^ 4 0 + "
"(.0001739948,0)9^ 8^ 9 5 + "
"(.0000000136,0)4^ 8^ 4 6 + "
"(-.0000000136,0)8^ 4^ 4 6 + "
"(-.0000000136,0)4^ 8^ 6 4 + "
"(.0000000136,0)8^ 4^ 6 4 + "
"(.0000000118,0)4^ 3^ 4 1 + "
"(.0000000118,0)9^ 8^ 9 6 + "
"(-.0000283535,0)4^ 8^ 4 7 + "
"(.0000283535,0)8^ 4^ 4 7 + "
"(.0000283535,0)4^ 8^ 7 4 + "
"(-.0000283535,0)8^ 4^ 7 4 + "
"(-.0000216168,0)4^ 3^ 4 2 + "
"(-.0000216168,0)9^ 8^ 9 7 + "
"(-.1390315774,0)4^ 8^ 4 8 + "
"(.1390315774,0)8^ 4^ 4 8 + "
"(.1390315774,0)4^ 8^ 8 4 + "
"(-.1390315774,0)8^ 4^ 8 4 + "
"(-.1306605804,0)4^ 3^ 4 3 + "
"(-.1306605804,0)9^ 8^ 9 8 + "
"(-.0000028651,0)4^ 8^ 4 9 + "
"(.0000028651,0)8^ 4^ 4 9 + "
"(.0000028651,0)4^ 8^ 9 4 + "
"(-.0000028651,0)8^ 4^ 9 4 + "
"(-.0001429863,0)4^ 9^ 4 5 + "
"(.0001429863,0)9^ 4^ 4 5 + "
"(.0001429863,0)4^ 9^ 5 4 + "
"(-.0001429863,0)9^ 4^ 5 4 + "
"(-.0000000480,0)4^ 9^ 4 6 + "
"(.0000000480,0)9^ 4^ 4 6 + "
"(.0000000480,0)4^ 9^ 6 4 + "
"(-.0000000480,0)9^ 4^ 6 4 + "
"(.0000268523,0)4^ 9^ 4 7 + "
"(-.0000268523,0)9^ 4^ 4 7 + "
"(-.0000268523,0)4^ 9^ 7 4 + "
"(.0000268523,0)9^ 4^ 7 4 + "
"(-.0000028651,0)4^ 9^ 4 8 + "
"(.0000028651,0)9^ 4^ 4 8 + "
"(.0000028651,0)4^ 9^ 8 4 + "
"(-.0000028651,0)9^ 4^ 8 4 + "
"(-.1547578937,0)4^ 9^ 4 9 + "
"(.1547578937,0)9^ 4^ 4 9 + "
"(.1547578937,0)4^ 9^ 9 4 + "
"(-.1547578937,0)9^ 4^ 9 4 + "
"(.6614715612,0)"
