"(-1.5311595498,0)0^ 0 + "
"(-1.5311595498,0)5^ 5 + "
"(-.2000103870,0)0^ 5^ 0 5 + "
"(.2000103870,0)5^ 0^ 0 5 + "
"(.2000103870,0)0^ 5^ 5 0 + "
"(-.2000103870,0)5^ 0^ 5 0 + "
"(.0006588260,0)0^ 5^ 0 6 + "
"(-.0006588260,0)5^ 0^ 0 6 + "
"(-.0006588260,0)0^ 5^ 6 0 + "
"(.0006588260,0)5^ 0^ 6 0 + "
"(.0559029494,0)0^ 5^ 0 7 + "
"(-.0559029494,0)5^ 0^ 0 7 + "
"(-.0559029494,0)0^ 5^ 7 0 + "
"(.0559029494,0)5^ 0^ 7 0 + "
"(.0000029862,0)0^ 5^ 0 8 + "
"(-.0000029862,0)5^ 0^ 0 8 + "
"(-.0000029862,0)0^ 5^ 8 0 + "
"(.0000029862,0)5^ 0^ 8 0 + "
"(-.0000020001,0)0^ 5^ 0 9 + "
"(.0000020001,0)5^ 0^ 0 9 + "
"(.0000020001,0)0^ 5^ 9 0 + "
"(-.0000020001,0)5^ 0^ 9 0 + "
"(.0006588260,0)0^ 6^ 0 5 + "
"(-.0006588260,0)6^ 0^ 0 5 + "
"(-.0006588260,0)0^ 6^ 5 0 + "
"(.0006588260,0)6^ 0^ 5 0 + "
"(-.1894730572,0)0^ 6^ 0 6 + "
"(.1894730572,0)6^ 0^ 0 6 + "
"(.1894730572,0)0^ 6^ 6 0 + "
"(-.1894730572,0)6^ 0^ 6 0 + "
"(-.1473509448,0)0^ 1^ 0 1 + "
"(-.1473509448,0)5^ 6^ 5 6 + "
"(.0001977087,0)0^ 6^ 0 7 + "
"(-.0001977087,0)6^ 0^ 0 7 + "
"(-.0001977087,0)0^ 6^ 7 0 + "
"(.0001977087,0)6^ 0^ 7 0 + "
"(.0001713143,0)0^ 1^ 0 2 + "
"(.0001713143,0)5^ 6^ 5 7 + "
"(.0000000116,0)0^ 6^ 0 8 + "
"(-.0000000116,0)6^ 0^ 0 8 + "
"(-.0000000116,0)0^ 6^ 8 0 + "
"(.0000000116,0)6^ 0^ 8 0 + "
"(.0000000098,0)0^ 1^ 0 3 + "
"(.0000000098,0)5^ 6^ 5 8 + "
"(-.0000000065,0)0^ 6^ 0 9 + "
"(.0000000065,0)6^ 0^ 0 9 + "
"(.0000000065,0)0^ 6^ 9 0 + "
"(-.0000000065,0)6^ 0^ 9 0 + "
"(-.0000000057,0)0^ 1^ 0 4 + "
"(-.0000000057,0)5^ 6^ 5 9 + "
"(.0559029494,0)0^ 7^ 0 5 + "
"(-.0559029494,0)7^ 0^ 0 5 + "
"(-.0559029494,0)0^ 7^ 5 0 + "
"(.0559029494,0)7^ 0^ 5 0 + "
"(.0001977087,0)0^ 7^ 0 6 + "
"(-.0001977087,0)7^ 0^ 0 6 + "
"(-.0001977087,0)0^ 7^ 6 0 + "
"(.0001977087,0)7^ 0^ 6 0 + "
"(.0001713143,0)0^ 2^ 0 1 + "
"(.0001713143,0)5^ 7^ 5 6 + "
"(-.1754545546,0)0^ 7^ 0 7 + "
"(.1754545546,0)7^ 0^ 0 7 + "
"(.1754545546,0)0^ 7^ 7 0 + "
"(-.1754545546,0)7^ 0^ 7 0 + "
"(-.1348727525,0)0^ 2^ 0 2 + "
"(-.1348727525,0)5^ 7^ 5 7 + "
"(.0000002597,0)0^ 7^ 0 8 + "
"(-.0000002597,0)7^ 0^ 0 8 + "
"(-.0000002597,0)0^ 7^ 8 0 + "
"(.0000002597,0)7^ 0^ 8 0 + "
"(.0000005138,0)0^ 2^ 0 3 + "
"(.0000005138,0)5^ 7^ 5 8 + "
"(-.0000001735,0)0^ 7^ 0 9 + "
"(.0000001735,0)7^ 0^ 0 9 + "
"(.0000001735,0)0^ 7^ 9 0 + "
"(-.0000001735,0)7^ 0^ 9 0 + "
"(-.0000003438,0)0^ 2^ 0 4 + "
"(-.0000003438,0)5^ 7^ 5 9 + "
"(.0000029862,0)0^ 8^ 0 5 + "
"(-.0000029862,0)8^ 0^ 0 5 + "
"(-.0000029862,0)0^ 8^ 5 0 + "
"(.0000029862,0)8^ 0^ 5 0 + "
"(.0000000116,0)0^ 8^ 0 6 + "
"(-.0000000116,0)8^ 0^ 0 6 + "
"(-.0000000116,0)0^ 8^ 6 0 + "
"(.0000000116,0)8^ 0^ 6 0 + "
"(.0000000098,0)0^ 3^ 0 1 + "
"(.0000000098,0)5^ 8^ 5 6 + "
"(.0000002597,0)0^ 8^ 0 7 + "
"(-.0000002597,0)8^ 0^ 0 7 + "
"(-.0000002597,0)0^ 8^ 7 0 + "
"(.0000002597,0)8^ 0^ 7 0 + "
"(.0000005138,0)0^ 3^ 0 2 + "
"(.0000005138,0)5^ 8^ 5 7 + "
"(-.1877498560,0)0^ 8^ 0 8 + "
"(.1877498560,0)8^ 0^ 0 8 + "
"(.1877498560,0)0^ 8^ 8 0 + "
"(-.1877498560,0)8^ 0^ 8 0 + "
"(-.1499208210,0)0^ 3^ 0 3 + "
"(-.1499208210,0)5^ 8^ 5 8 + "
"(-.0000020001,0)0^ 9^ 0 5 + "
"(.0000020001,0)9^ 0^ 0 5 + "
"(.0000020001,0)0^ 9^ 5 0 + "
"(-.0000020001,0)9^ 0^ 5 0 + "
"(-.0000000065,0)0^ 9^ 0 6 + "
"(.0000000065,0)9^ 0^ 0 6 + "
"(.0000000065,0)0^ 9^ 6 0 + "
"(-.0000000065,0)9^ 0^ 6 0 + "
"(-.0000000057,0)0^ 4^ 0 1 + "
"(-.0000000057,0)5^ 9^ 5 6 + "
"(-.0000001735,0)0^ 9^ 0 7 + "
"(.0000001735,0)9^ 0^ 0 7 + "
"(.0000001735,0)0^ 9^ 7 0 + "
"(-.0000001735,0)9^ 0^ 7 0 + "
"(-.0000003438,0)0^ 4^ 0 2 + "
"(-.0000003438,0)5^ 9^ 5 7 + "
"(-.1877499016,0)0^ 9^ 0 9 + "
"(.1877499016,0)9^ 0^ 0 9 + "
"(.1877499016,0)0^ 9^ 9 0 + "
"(-.1877499016,0)9^ 0^ 9 0 + "
"(-.1499208551,0)0^ 4^ 0 4 + "
"(-.1499208551,0)5^ 9^ 5 9 + "
"(.0026353109,0)0^ 1 + "
"(.0026353109,0)5^ 6 + "
"(.0006588260,0)0^ 5^ 1 5 + "
"(-.0006588260,0)5^ 0^ 1 5 + "
"(-.0006588260,0)0^ 5^ 5 1 + "
"(.0006588260,0)5^ 0^ 5 1 + "
"(-.0421221124,0)0^ 5^ 1 6 + "
"(.0421221124,0)5^ 0^ 1 6 + "
"(.0421221124,0)0^ 5^ 6 1 + "
"(-.0421221124,0)5^ 0^ 6 1 + "
"(.0000263944,0)0^ 5^ 1 7 + "
"(-.0000263944,0)5^ 0^ 1 7 + "
"(-.0000263944,0)0^ 5^ 7 1 + "
"(.0000263944,0)5^ 0^ 7 1 + "
"(.0000000018,0)0^ 5^ 1 8 + "
"(-.0000000018,0)5^ 0^ 1 8 + "
"(-.0000000018,0)0^ 5^ 8 1 + "
"(.0000000018,0)5^ 0^ 8 1 + "
"(-.0000000009,0)0^ 5^ 1 9 + "
"(.0000000009,0)5^ 0^ 1 9 + "
"(.0000000009,0)0^ 5^ 9 1 + "
"(-.0000000009,0)5^ 0^ 9 1 + "
"(-.0421221124,0)0^ 6^ 1 5 + "
"(.0421221124,0)6^ 0^ 1 5 + "
"(.0421221124,0)0^ 6^ 5 1 + "
"(-.0421221124,0)6^ 0^ 5 1 + "
"(.1473509448,0)0^ 1^ 1 0 + "
"(.1473509448,0)5^ 6^ 6 5 + "
"(.0006238138,0)0^ 6^ 1 6 + "
"(-.0006238138,0)6^ 0^ 1 6 + "
"(-.0006238138,0)0^ 6^ 6 1 + "
"(.0006238138,0)6^ 0^ 6 1 + "
"(.0045617076,0)0^ 6^ 1 7 + "
"(-.0045617076,0)6^ 0^ 1 7 + "
"(-.0045617076,0)0^ 6^ 7 1 + "
"(.0045617076,0)6^ 0^ 7 1 + "
"(-.0388102918,0)0^ 1^ 1 2 + "
"(-.0388102918,0)5^ 6^ 6 7 + "
"(.0000001742,0)0^ 6^ 1 8 + "
"(-.0000001742,0)6^ 0^ 1 8 + "
"(-.0000001742,0)0^ 6^ 8 1 + "
"(.0000001742,0)6^ 0^ 8 1 + "
"(-.0000021036,0)0^ 1^ 1 3 + "
"(-.0000021036,0)5^ 6^ 6 8 + "
"(-.0000001160,0)0^ 6^ 1 9 + "
"(.0000001160,0)6^ 0^ 1 9 + "
"(.0000001160,0)0^ 6^ 9 1 + "
"(-.0000001160,0)6^ 0^ 9 1 + "
"(.0000014094,0)0^ 1^ 1 4 + "
"(.0000014094,0)5^ 6^ 6 9 + "
"(.0000263944,0)0^ 7^ 1 5 + "
"(-.0000263944,0)7^ 0^ 1 5 + "
"(-.0000263944,0)0^ 7^ 5 1 + "
"(.0000263944,0)7^ 0^ 5 1 + "
"(-.0001713143,0)0^ 2^ 1 0 + "
"(-.0001713143,0)5^ 7^ 6 5 + "
"(.0045617076,0)0^ 7^ 1 6 + "
"(-.0045617076,0)7^ 0^ 1 6 + "
"(-.0045617076,0)0^ 7^ 6 1 + "
"(.0045617076,0)7^ 0^ 6 1 + "
"(.0004671523,0)0^ 7^ 1 7 + "
"(-.0004671523,0)7^ 0^ 1 7 + "
"(-.0004671523,0)0^ 7^ 7 1 + "
"(.0004671523,0)7^ 0^ 7 1 + "
"(.0004576494,0)0^ 2^ 1 2 + "
"(.0004576494,0)5^ 7^ 6 7 + "
"(-.0000000008,0)0^ 7^ 1 8 + "
"(.0000000008,0)7^ 0^ 1 8 + "
"(.0000000008,0)0^ 7^ 8 1 + "
"(-.0000000008,0)7^ 0^ 8 1 + "
"(-.0000000004,0)0^ 2^ 1 4 + "
"(-.0000000004,0)5^ 7^ 6 9 + "
"(.0000000018,0)0^ 8^ 1 5 + "
"(-.0000000018,0)8^ 0^ 1 5 + "
"(-.0000000018,0)0^ 8^ 5 1 + "
"(.0000000018,0)8^ 0^ 5 1 + "
"(-.0000000098,0)0^ 3^ 1 0 + "
"(-.0000000098,0)5^ 8^ 6 5 + "
"(.0000001742,0)0^ 8^ 1 6 + "
"(-.0000001742,0)8^ 0^ 1 6 + "
"(-.0000001742,0)0^ 8^ 6 1 + "
"(.0000001742,0)8^ 0^ 6 1 + "
"(-.0000000008,0)0^ 8^ 1 7 + "
"(.0000000008,0)8^ 0^ 1 7 + "
"(.0000000008,0)0^ 8^ 7 1 + "
"(-.0000000008,0)8^ 0^ 7 1 + "
"(.0000000009,0)0^ 3^ 1 2 + "
"(.0000000009,0)5^ 8^ 6 7 + "
"(.0005141063,0)0^ 8^ 1 8 + "
"(-.0005141063,0)8^ 0^ 1 8 + "
"(-.0005141063,0)0^ 8^ 8 1 + "
"(.0005141063,0)8^ 0^ 8 1 + "
"(.0004605951,0)0^ 3^ 1 3 + "
"(.0004605951,0)5^ 8^ 6 8 + "
"(-.0000000009,0)0^ 9^ 1 5 + "
"(.0000000009,0)9^ 0^ 1 5 + "
"(.0000000009,0)0^ 9^ 5 1 + "
"(-.0000000009,0)9^ 0^ 5 1 + "
"(.0000000057,0)0^ 4^ 1 0 + "
"(.0000000057,0)5^ 9^ 6 5 + "
"(-.0000001160,0)0^ 9^ 1 6 + "
"(.0000001160,0)9^ 0^ 1 6 + "
"(.0000001160,0)0^ 9^ 6 1 + "
"(-.0000001160,0)9^ 0^ 6 1 + "
"(-.0000000006,0)0^ 4^ 1 2 + "
"(-.0000000006,0)5^ 9^ 6 7 + "
"(.0005141066,0)0^ 9^ 1 9 + "
"(-.0005141066,0)9^ 0^ 1 9 + "
"(-.0005141066,0)0^ 9^ 9 1 + "
"(.0005141066,0)9^ 0^ 9 1 + "
"(.0004605952,0)0^ 4^ 1 4 + "
"(.0004605952,0)5^ 9^ 6 9 + "
"(.2236121229,0)0^ 2 + "
"(.2236121229,0)5^ 7 + "
"(.0559029494,0)0^ 5^ 2 5 + "
"(-.0559029494,0)5^ 0^ 2 5 + "
"(-.0559029494,0)0^ 5^ 5 2 + "
"(.0559029494,0)5^ 0^ 5 2 + "
"(.0000263944,0)0^ 5^ 2 6 + "
"(-.0000263944,0)5^ 0^ 2 6 + "
"(-.0000263944,0)0^ 5^ 6 2 + "
"(.0000263944,0)5^ 0^ 6 2 + "
"(-.0405818022,0)0^ 5^ 2 7 + "
"(.0405818022,0)5^ 0^ 2 7 + "
"(.0405818022,0)0^ 5^ 7 2 + "
"(-.0405818022,0)5^ 0^ 7 2 + "
"(-.0000002541,0)0^ 5^ 2 8 + "
"(.0000002541,0)5^ 0^ 2 8 + "
"(.0000002541,0)0^ 5^ 8 2 + "
"(-.0000002541,0)5^ 0^ 8 2 + "
"(.0000001703,0)0^ 5^ 2 9 + "
"(-.0000001703,0)5^ 0^ 2 9 + "
"(-.0000001703,0)0^ 5^ 9 2 + "
"(.0000001703,0)5^ 0^ 9 2 + "
"(.0000263944,0)0^ 6^ 2 5 + "
"(-.0000263944,0)6^ 0^ 2 5 + "
"(-.0000263944,0)0^ 6^ 5 2 + "
"(.0000263944,0)6^ 0^ 5 2 + "
"(-.0001713143,0)0^ 1^ 2 0 + "
"(-.0001713143,0)5^ 6^ 7 5 + "
"(.0433719995,0)0^ 6^ 2 6 + "
"(-.0433719995,0)6^ 0^ 2 6 + "
"(-.0433719995,0)0^ 6^ 6 2 + "
"(.0433719995,0)6^ 0^ 6 2 + "
"(.0388102918,0)0^ 1^ 2 1 + "
"(.0388102918,0)5^ 6^ 7 6 + "
"(.0000095029,0)0^ 6^ 2 7 + "
"(-.0000095029,0)6^ 0^ 2 7 + "
"(-.0000095029,0)0^ 6^ 7 2 + "
"(.0000095029,0)6^ 0^ 7 2 + "
"(-.0000000017,0)0^ 6^ 2 8 + "
"(.0000000017,0)6^ 0^ 2 8 + "
"(.0000000017,0)0^ 6^ 8 2 + "
"(-.0000000017,0)6^ 0^ 8 2 + "
"(-.0000000009,0)0^ 1^ 2 3 + "
"(-.0000000009,0)5^ 6^ 7 8 + "
"(.0000000005,0)0^ 6^ 2 9 + "
"(-.0000000005,0)6^ 0^ 2 9 + "
"(-.0000000005,0)0^ 6^ 9 2 + "
"(.0000000005,0)6^ 0^ 9 2 + "
"(-.0405818022,0)0^ 7^ 2 5 + "
"(.0405818022,0)7^ 0^ 2 5 + "
"(.0405818022,0)0^ 7^ 5 2 + "
"(-.0405818022,0)7^ 0^ 5 2 + "
"(.1348727525,0)0^ 2^ 2 0 + "
"(.1348727525,0)5^ 7^ 7 5 + "
"(.0000095029,0)0^ 7^ 2 6 + "
"(-.0000095029,0)7^ 0^ 2 6 + "
"(-.0000095029,0)0^ 7^ 6 2 + "
"(.0000095029,0)7^ 0^ 6 2 + "
"(-.0004576494,0)0^ 2^ 2 1 + "
"(-.0004576494,0)5^ 7^ 7 6 + "
"(.0502641001,0)0^ 7^ 2 7 + "
"(-.0502641001,0)7^ 0^ 2 7 + "
"(-.0502641001,0)0^ 7^ 7 2 + "
"(.0502641001,0)7^ 0^ 7 2 + "
"(.0000004247,0)0^ 7^ 2 8 + "
"(-.0000004247,0)7^ 0^ 2 8 + "
"(-.0000004247,0)0^ 7^ 8 2 + "
"(.0000004247,0)7^ 0^ 8 2 + "
"(-.0000020339,0)0^ 2^ 2 3 + "
"(-.0000020339,0)5^ 7^ 7 8 + "
"(-.0000002846,0)0^ 7^ 2 9 + "
"(.0000002846,0)7^ 0^ 2 9 + "
"(.0000002846,0)0^ 7^ 9 2 + "
"(-.0000002846,0)7^ 0^ 9 2 + "
"(.0000013620,0)0^ 2^ 2 4 + "
"(.0000013620,0)5^ 7^ 7 9 + "
"(-.0000002541,0)0^ 8^ 2 5 + "
"(.0000002541,0)8^ 0^ 2 5 + "
"(.0000002541,0)0^ 8^ 5 2 + "
"(-.0000002541,0)8^ 0^ 5 2 + "
"(-.0000005138,0)0^ 3^ 2 0 + "
"(-.0000005138,0)5^ 8^ 7 5 + "
"(-.0000000017,0)0^ 8^ 2 6 + "
"(.0000000017,0)8^ 0^ 2 6 + "
"(.0000000017,0)0^ 8^ 6 2 + "
"(-.0000000017,0)8^ 0^ 6 2 + "
"(-.0000000009,0)0^ 3^ 2 1 + "
"(-.0000000009,0)5^ 8^ 7 6 + "
"(.0000004247,0)0^ 8^ 2 7 + "
"(-.0000004247,0)8^ 0^ 2 7 + "
"(-.0000004247,0)0^ 8^ 7 2 + "
"(.0000004247,0)8^ 0^ 7 2 + "
"(.0434949769,0)0^ 8^ 2 8 + "
"(-.0434949769,0)8^ 0^ 2 8 + "
"(-.0434949769,0)0^ 8^ 8 2 + "
"(.0434949769,0)8^ 0^ 8 2 + "
"(.0391472968,0)0^ 3^ 2 3 + "
"(.0391472968,0)5^ 8^ 7 8 + "
"(.0000001703,0)0^ 9^ 2 5 + "
"(-.0000001703,0)9^ 0^ 2 5 + "
"(-.0000001703,0)0^ 9^ 5 2 + "
"(.0000001703,0)9^ 0^ 5 2 + "
"(.0000003438,0)0^ 4^ 2 0 + "
"(.0000003438,0)5^ 9^ 7 5 + "
"(.0000000005,0)0^ 9^ 2 6 + "
"(-.0000000005,0)9^ 0^ 2 6 + "
"(-.0000000005,0)0^ 9^ 6 2 + "
"(.0000000005,0)9^ 0^ 6 2 + "
"(.0000000006,0)0^ 4^ 2 1 + "
"(.0000000006,0)5^ 9^ 7 6 + "
"(-.0000002846,0)0^ 9^ 2 7 + "
"(.0000002846,0)9^ 0^ 2 7 + "
"(.0000002846,0)0^ 9^ 7 2 + "
"(-.0000002846,0)9^ 0^ 7 2 + "
"(.0434950022,0)0^ 9^ 2 9 + "
"(-.0434950022,0)9^ 0^ 2 9 + "
"(-.0434950022,0)0^ 9^ 9 2 + "
"(.0434950022,0)9^ 0^ 9 2 + "
"(.0391473065,0)0^ 4^ 2 4 + "
"(.0391473065,0)5^ 9^ 7 9 + "
"(.0000119449,0)0^ 3 + "
"(.0000119449,0)5^ 8 + "
"(.0000029862,0)0^ 5^ 3 5 + "
"(-.0000029862,0)5^ 0^ 3 5 + "
"(-.0000029862,0)0^ 5^ 5 3 + "
"(.0000029862,0)5^ 0^ 5 3 + "
"(.0000000018,0)0^ 5^ 3 6 + "
"(-.0000000018,0)5^ 0^ 3 6 + "
"(-.0000000018,0)0^ 5^ 6 3 + "
"(.0000000018,0)5^ 0^ 6 3 + "
"(-.0000002541,0)0^ 5^ 3 7 + "
"(.0000002541,0)5^ 0^ 3 7 + "
"(.0000002541,0)0^ 5^ 7 3 + "
"(-.0000002541,0)5^ 0^ 7 3 + "
"(-.0378290349,0)0^ 5^ 3 8 + "
"(.0378290349,0)5^ 0^ 3 8 + "
"(.0378290349,0)0^ 5^ 8 3 + "
"(-.0378290349,0)5^ 0^ 8 3 + "
"(.0000000018,0)0^ 6^ 3 5 + "
"(-.0000000018,0)6^ 0^ 3 5 + "
"(-.0000000018,0)0^ 6^ 5 3 + "
"(.0000000018,0)6^ 0^ 5 3 + "
"(-.0000000098,0)0^ 1^ 3 0 + "
"(-.0000000098,0)5^ 6^ 8 5 + "
"(.0000022779,0)0^ 6^ 3 6 + "
"(-.0000022779,0)6^ 0^ 3 6 + "
"(-.0000022779,0)0^ 6^ 6 3 + "
"(.0000022779,0)6^ 0^ 6 3 + "
"(.0000021036,0)0^ 1^ 3 1 + "
"(.0000021036,0)5^ 6^ 8 6 + "
"(-.0000000008,0)0^ 6^ 3 7 + "
"(.0000000008,0)6^ 0^ 3 7 + "
"(.0000000008,0)0^ 6^ 7 3 + "
"(-.0000000008,0)6^ 0^ 7 3 + "
"(.0000000009,0)0^ 1^ 3 2 + "
"(.0000000009,0)5^ 6^ 8 7 + "
"(.0000535112,0)0^ 6^ 3 8 + "
"(-.0000535112,0)6^ 0^ 3 8 + "
"(-.0000535112,0)0^ 6^ 8 3 + "
"(.0000535112,0)6^ 0^ 8 3 + "
"(-.0000002541,0)0^ 7^ 3 5 + "
"(.0000002541,0)7^ 0^ 3 5 + "
"(.0000002541,0)0^ 7^ 5 3 + "
"(-.0000002541,0)7^ 0^ 5 3 + "
"(-.0000005138,0)0^ 2^ 3 0 + "
"(-.0000005138,0)5^ 7^ 8 5 + "
"(-.0000000008,0)0^ 7^ 3 6 + "
"(.0000000008,0)7^ 0^ 3 6 + "
"(.0000000008,0)0^ 7^ 6 3 + "
"(-.0000000008,0)7^ 0^ 6 3 + "
"(.0000024587,0)0^ 7^ 3 7 + "
"(-.0000024587,0)7^ 0^ 3 7 + "
"(-.0000024587,0)0^ 7^ 7 3 + "
"(.0000024587,0)7^ 0^ 7 3 + "
"(.0000020339,0)0^ 2^ 3 2 + "
"(.0000020339,0)5^ 7^ 8 7 + "
"(.0043476801,0)0^ 7^ 3 8 + "
"(-.0043476801,0)7^ 0^ 3 8 + "
"(-.0043476801,0)0^ 7^ 8 3 + "
"(.0043476801,0)7^ 0^ 8 3 + "
"(.0000000003,0)0^ 2^ 3 4 + "
"(.0000000003,0)5^ 7^ 8 9 + "
"(-.0378290349,0)0^ 8^ 3 5 + "
"(.0378290349,0)8^ 0^ 3 5 + "
"(.0378290349,0)0^ 8^ 5 3 + "
"(-.0378290349,0)8^ 0^ 5 3 + "
"(.1499208210,0)0^ 3^ 3 0 + "
"(.1499208210,0)5^ 8^ 8 5 + "
"(.0000535112,0)0^ 8^ 3 6 + "
"(-.0000535112,0)8^ 0^ 3 6 + "
"(-.0000535112,0)0^ 8^ 6 3 + "
"(.0000535112,0)8^ 0^ 6 3 + "
"(-.0004605951,0)0^ 3^ 3 1 + "
"(-.0004605951,0)5^ 8^ 8 6 + "
"(.0043476801,0)0^ 8^ 3 7 + "
"(-.0043476801,0)8^ 0^ 3 7 + "
"(-.0043476801,0)0^ 8^ 7 3 + "
"(.0043476801,0)8^ 0^ 7 3 + "
"(-.0391472968,0)0^ 3^ 3 2 + "
"(-.0391472968,0)5^ 8^ 8 7 + "
"(.0000026970,0)0^ 8^ 3 8 + "
"(-.0000026970,0)8^ 0^ 3 8 + "
"(-.0000026970,0)0^ 8^ 8 3 + "
"(.0000026970,0)8^ 0^ 8 3 + "
"(-.0000001251,0)0^ 8^ 3 9 + "
"(.0000001251,0)8^ 0^ 3 9 + "
"(.0000001251,0)0^ 8^ 9 3 + "
"(-.0000001251,0)8^ 0^ 9 3 + "
"(.0000014128,0)0^ 3^ 3 4 + "
"(.0000014128,0)5^ 8^ 8 9 + "
"(-.0000001251,0)0^ 9^ 3 8 + "
"(.0000001251,0)9^ 0^ 3 8 + "
"(.0000001251,0)0^ 9^ 8 3 + "
"(-.0000001251,0)9^ 0^ 8 3 + "
"(.0000022960,0)0^ 9^ 3 9 + "
"(-.0000022960,0)9^ 0^ 3 9 + "
"(-.0000022960,0)0^ 9^ 9 3 + "
"(.0000022960,0)9^ 0^ 9 3 + "
"(.0000021095,0)0^ 4^ 3 4 + "
"(.0000021095,0)5^ 9^ 8 9 + "
"(-.0000080006,0)0^ 4 + "
"(-.0000080006,0)5^ 9 + "
"(-.0000020001,0)0^ 5^ 4 5 + "
"(.0000020001,0)5^ 0^ 4 5 + "
"(.0000020001,0)0^ 5^ 5 4 + "
"(-.0000020001,0)5^ 0^ 5 4 + "
"(-.0000000009,0)0^ 5^ 4 6 + "
"(.0000000009,0)5^ 0^ 4 6 + "
"(.0000000009,0)0^ 5^ 6 4 + "
"(-.0000000009,0)5^ 0^ 6 4 + "
"(.0000001703,0)0^ 5^ 4 7 + "
"(-.0000001703,0)5^ 0^ 4 7 + "
"(-.0000001703,0)0^ 5^ 7 4 + "
"(.0000001703,0)5^ 0^ 7 4 + "
"(-.0378290465,0)0^ 5^ 4 9 + "
"(.0378290465,0)5^ 0^ 4 9 + "
"(.0378290465,0)0^ 5^ 9 4 + "
"(-.0378290465,0)5^ 0^ 9 4 + "
"(-.0000000009,0)0^ 6^ 4 5 + "
"(.0000000009,0)6^ 0^ 4 5 + "
"(.0000000009,0)0^ 6^ 5 4 + "
"(-.0000000009,0)6^ 0^ 5 4 + "
"(.0000000057,0)0^ 1^ 4 0 + "
"(.0000000057,0)5^ 6^ 9 5 + "
"(-.0000015254,0)0^ 6^ 4 6 + "
"(.0000015254,0)6^ 0^ 4 6 + "
"(.0000015254,0)0^ 6^ 6 4 + "
"(-.0000015254,0)6^ 0^ 6 4 + "
"(-.0000014094,0)0^ 1^ 4 1 + "
"(-.0000014094,0)5^ 6^ 9 6 + "
"(.0000000003,0)0^ 6^ 4 7 + "
"(-.0000000003,0)6^ 0^ 4 7 + "
"(-.0000000003,0)0^ 6^ 7 4 + "
"(.0000000003,0)6^ 0^ 7 4 + "
"(.0000535113,0)0^ 6^ 4 9 + "
"(-.0000535113,0)6^ 0^ 4 9 + "
"(-.0000535113,0)0^ 6^ 9 4 + "
"(.0000535113,0)6^ 0^ 9 4 + "
"(.0000001703,0)0^ 7^ 4 5 + "
"(-.0000001703,0)7^ 0^ 4 5 + "
"(-.0000001703,0)0^ 7^ 5 4 + "
"(.0000001703,0)7^ 0^ 5 4 + "
"(.0000003438,0)0^ 2^ 4 0 + "
"(.0000003438,0)5^ 7^ 9 5 + "
"(.0000000003,0)0^ 7^ 4 6 + "
"(-.0000000003,0)7^ 0^ 4 6 + "
"(-.0000000003,0)0^ 7^ 6 4 + "
"(.0000000003,0)7^ 0^ 6 4 + "
"(.0000000004,0)0^ 2^ 4 1 + "
"(.0000000004,0)5^ 7^ 9 6 + "
"(-.0000016466,0)0^ 7^ 4 7 + "
"(.0000016466,0)7^ 0^ 4 7 + "
"(.0000016466,0)0^ 7^ 7 4 + "
"(-.0000016466,0)7^ 0^ 7 4 + "
"(-.0000013620,0)0^ 2^ 4 2 + "
"(-.0000013620,0)5^ 7^ 9 7 + "
"(-.0000000003,0)0^ 2^ 4 3 + "
"(-.0000000003,0)5^ 7^ 9 8 + "
"(.0043476957,0)0^ 7^ 4 9 + "
"(-.0043476957,0)7^ 0^ 4 9 + "
"(-.0043476957,0)0^ 7^ 9 4 + "
"(.0043476957,0)7^ 0^ 9 4 + "
"(-.0000015379,0)0^ 8^ 4 8 + "
"(.0000015379,0)8^ 0^ 4 8 + "
"(.0000015379,0)0^ 8^ 8 4 + "
"(-.0000015379,0)8^ 0^ 8 4 + "
"(-.0000014128,0)0^ 3^ 4 3 + "
"(-.0000014128,0)5^ 8^ 9 8 + "
"(.0000001865,0)0^ 8^ 4 9 + "
"(-.0000001865,0)8^ 0^ 4 9 + "
"(-.0000001865,0)0^ 8^ 9 4 + "
"(.0000001865,0)8^ 0^ 9 4 + "
"(-.0378290465,0)0^ 9^ 4 5 + "
"(.0378290465,0)9^ 0^ 4 5 + "
"(.0378290465,0)0^ 9^ 5 4 + "
"(-.0378290465,0)9^ 0^ 5 4 + "
"(.1499208551,0)0^ 4^ 4 0 + "
"(.1499208551,0)5^ 9^ 9 5 + "
"(.0000535113,0)0^ 9^ 4 6 + "
"(-.0000535113,0)9^ 0^ 4 6 + "
"(-.0000535113,0)0^ 9^ 6 4 + "
"(.0000535113,0)9^ 0^ 6 4 + "
"(-.0004605952,0)0^ 4^ 4 1 + "
"(-.0004605952,0)5^ 9^ 9 6 + "
"(.0043476957,0)0^ 9^ 4 7 + "
"(-.0043476957,0)9^ 0^ 4 7 + "
"(-.0043476957,0)0^ 9^ 7 4 + "
"(.0043476957,0)9^ 0^ 7 4 + "
"(-.0391473065,0)0^ 4^ 4 2 + "
"(-.0391473065,0)5^ 9^ 9 7 + "
"(.0000001865,0)0^ 9^ 4 8 + "
"(-.0000001865,0)9^ 0^ 4 8 + "
"(-.0000001865,0)0^ 9^ 8 4 + "
"(.0000001865,0)9^ 0^ 8 4 + "
"(-.0000021095,0)0^ 4^ 4 3 + "
"(-.0000021095,0)5^ 9^ 9 8 + "
"(-.0000018069,0)0^ 9^ 4 9 + "
"(.0000018069,0)9^ 0^ 4 9 + "
"(.0000018069,0)0^ 9^ 9 4 + "
"(-.0000018069,0)9^ 0^ 9 4 + "
"(.0026353109,0)1^ 0 + "
"(.0026353109,0)6^ 5 + "
"(.0006588260,0)1^ 5^ 0 5 + "
"(-.0006588260,0)5^ 1^ 0 5 + "
"(-.0006588260,0)1^ 5^ 5 0 + "
"(.0006588260,0)5^ 1^ 5 0 + "
"(-.0421221124,0)1^ 5^ 0 6 + "
"(.0421221124,0)5^ 1^ 0 6 + "
"(.0421221124,0)1^ 5^ 6 0 + "
"(-.0421221124,0)5^ 1^ 6 0 + "
"(.1473509448,0)1^ 0^ 0 1 + "
"(.1473509448,0)6^ 5^ 5 6 + "
"(.0000263944,0)1^ 5^ 0 7 + "
"(-.0000263944,0)5^ 1^ 0 7 + "
"(-.0000263944,0)1^ 5^ 7 0 + "
"(.0000263944,0)5^ 1^ 7 0 + "
"(-.0001713143,0)1^ 0^ 0 2 + "
"(-.0001713143,0)6^ 5^ 5 7 + "
"(.0000000018,0)1^ 5^ 0 8 + "
"(-.0000000018,0)5^ 1^ 0 8 + "
"(-.0000000018,0)1^ 5^ 8 0 + "
"(.0000000018,0)5^ 1^ 8 0 + "
"(-.0000000098,0)1^ 0^ 0 3 + "
"(-.0000000098,0)6^ 5^ 5 8 + "
"(-.0000000009,0)1^ 5^ 0 9 + "
"(.0000000009,0)5^ 1^ 0 9 + "
"(.0000000009,0)1^ 5^ 9 0 + "
"(-.0000000009,0)5^ 1^ 9 0 + "
"(.0000000057,0)1^ 0^ 0 4 + "
"(.0000000057,0)6^ 5^ 5 9 + "
"(-.0421221124,0)1^ 6^ 0 5 + "
"(.0421221124,0)6^ 1^ 0 5 + "
"(.0421221124,0)1^ 6^ 5 0 + "
"(-.0421221124,0)6^ 1^ 5 0 + "
"(.0006238138,0)1^ 6^ 0 6 + "
"(-.0006238138,0)6^ 1^ 0 6 + "
"(-.0006238138,0)1^ 6^ 6 0 + "
"(.0006238138,0)6^ 1^ 6 0 + "
"(.0045617076,0)1^ 6^ 0 7 + "
"(-.0045617076,0)6^ 1^ 0 7 + "
"(-.0045617076,0)1^ 6^ 7 0 + "
"(.0045617076,0)6^ 1^ 7 0 + "
"(.0000001742,0)1^ 6^ 0 8 + "
"(-.0000001742,0)6^ 1^ 0 8 + "
"(-.0000001742,0)1^ 6^ 8 0 + "
"(.0000001742,0)6^ 1^ 8 0 + "
"(-.0000001160,0)1^ 6^ 0 9 + "
"(.0000001160,0)6^ 1^ 0 9 + "
"(.0000001160,0)1^ 6^ 9 0 + "
"(-.0000001160,0)6^ 1^ 9 0 + "
"(.0000263944,0)1^ 7^ 0 5 + "
"(-.0000263944,0)7^ 1^ 0 5 + "
"(-.0000263944,0)1^ 7^ 5 0 + "
"(.0000263944,0)7^ 1^ 5 0 + "
"(.0045617076,0)1^ 7^ 0 6 + "
"(-.0045617076,0)7^ 1^ 0 6 + "
"(-.0045617076,0)1^ 7^ 6 0 + "
"(.0045617076,0)7^ 1^ 6 0 + "
"(-.0388102918,0)1^ 2^ 0 1 + "
"(-.0388102918,0)6^ 7^ 5 6 + "
"(.0004671523,0)1^ 7^ 0 7 + "
"(-.0004671523,0)7^ 1^ 0 7 + "
"(-.0004671523,0)1^ 7^ 7 0 + "
"(.0004671523,0)7^ 1^ 7 0 + "
"(.0004576494,0)1^ 2^ 0 2 + "
"(.0004576494,0)6^ 7^ 5 7 + "
"(-.0000000008,0)1^ 7^ 0 8 + "
"(.0000000008,0)7^ 1^ 0 8 + "
"(.0000000008,0)1^ 7^ 8 0 + "
"(-.0000000008,0)7^ 1^ 8 0 + "
"(.0000000009,0)1^ 2^ 0 3 + "
"(.0000000009,0)6^ 7^ 5 8 + "
"(-.0000000006,0)1^ 2^ 0 4 + "
"(-.0000000006,0)6^ 7^ 5 9 + "
"(.0000000018,0)1^ 8^ 0 5 + "
"(-.0000000018,0)8^ 1^ 0 5 + "
"(-.0000000018,0)1^ 8^ 5 0 + "
"(.0000000018,0)8^ 1^ 5 0 + "
"(.0000001742,0)1^ 8^ 0 6 + "
"(-.0000001742,0)8^ 1^ 0 6 + "
"(-.0000001742,0)1^ 8^ 6 0 + "
"(.0000001742,0)8^ 1^ 6 0 + "
"(-.0000021036,0)1^ 3^ 0 1 + "
"(-.0000021036,0)6^ 8^ 5 6 + "
"(-.0000000008,0)1^ 8^ 0 7 + "
"(.0000000008,0)8^ 1^ 0 7 + "
"(.0000000008,0)1^ 8^ 7 0 + "
"(-.0000000008,0)8^ 1^ 7 0 + "
"(.0005141063,0)1^ 8^ 0 8 + "
"(-.0005141063,0)8^ 1^ 0 8 + "
"(-.0005141063,0)1^ 8^ 8 0 + "
"(.0005141063,0)8^ 1^ 8 0 + "
"(.0004605951,0)1^ 3^ 0 3 + "
"(.0004605951,0)6^ 8^ 5 8 + "
"(-.0000000009,0)1^ 9^ 0 5 + "
"(.0000000009,0)9^ 1^ 0 5 + "
"(.0000000009,0)1^ 9^ 5 0 + "
"(-.0000000009,0)9^ 1^ 5 0 + "
"(-.0000001160,0)1^ 9^ 0 6 + "
"(.0000001160,0)9^ 1^ 0 6 + "
"(.0000001160,0)1^ 9^ 6 0 + "
"(-.0000001160,0)9^ 1^ 6 0 + "
"(.0000014094,0)1^ 4^ 0 1 + "
"(.0000014094,0)6^ 9^ 5 6 + "
"(-.0000000004,0)1^ 4^ 0 2 + "
"(-.0000000004,0)6^ 9^ 5 7 + "
"(.0005141066,0)1^ 9^ 0 9 + "
"(-.0005141066,0)9^ 1^ 0 9 + "
"(-.0005141066,0)1^ 9^ 9 0 + "
"(.0005141066,0)9^ 1^ 9 0 + "
"(.0004605952,0)1^ 4^ 0 4 + "
"(.0004605952,0)6^ 9^ 5 9 + "
"(-.1479155742,0)1^ 1 + "
"(-.1479155742,0)6^ 6 + "
"(-.1894730572,0)1^ 5^ 1 5 + "
"(.1894730572,0)5^ 1^ 1 5 + "
"(.1894730572,0)1^ 5^ 5 1 + "
"(-.1894730572,0)5^ 1^ 5 1 + "
"(-.1473509448,0)1^ 0^ 1 0 + "
"(-.1473509448,0)6^ 5^ 6 5 + "
"(.0006238138,0)1^ 5^ 1 6 + "
"(-.0006238138,0)5^ 1^ 1 6 + "
"(-.0006238138,0)1^ 5^ 6 1 + "
"(.0006238138,0)5^ 1^ 6 1 + "
"(.0433719995,0)1^ 5^ 1 7 + "
"(-.0433719995,0)5^ 1^ 1 7 + "
"(-.0433719995,0)1^ 5^ 7 1 + "
"(.0433719995,0)5^ 1^ 7 1 + "
"(.0388102918,0)1^ 0^ 1 2 + "
"(.0388102918,0)6^ 5^ 6 7 + "
"(.0000022779,0)1^ 5^ 1 8 + "
"(-.0000022779,0)5^ 1^ 1 8 + "
"(-.0000022779,0)1^ 5^ 8 1 + "
"(.0000022779,0)5^ 1^ 8 1 + "
"(.0000021036,0)1^ 0^ 1 3 + "
"(.0000021036,0)6^ 5^ 6 8 + "
"(-.0000015254,0)1^ 5^ 1 9 + "
"(.0000015254,0)5^ 1^ 1 9 + "
"(.0000015254,0)1^ 5^ 9 1 + "
"(-.0000015254,0)5^ 1^ 9 1 + "
"(-.0000014094,0)1^ 0^ 1 4 + "
"(-.0000014094,0)6^ 5^ 6 9 + "
"(.0006238138,0)1^ 6^ 1 5 + "
"(-.0006238138,0)6^ 1^ 1 5 + "
"(-.0006238138,0)1^ 6^ 5 1 + "
"(.0006238138,0)6^ 1^ 5 1 + "
"(-.1977808447,0)1^ 6^ 1 6 + "
"(.1977808447,0)6^ 1^ 1 6 + "
"(.1977808447,0)1^ 6^ 6 1 + "
"(-.1977808447,0)6^ 1^ 6 1 + "
"(.0002348769,0)1^ 6^ 1 7 + "
"(-.0002348769,0)6^ 1^ 1 7 + "
"(-.0002348769,0)1^ 6^ 7 1 + "
"(.0002348769,0)6^ 1^ 7 1 + "
"(.0000000136,0)1^ 6^ 1 8 + "
"(-.0000000136,0)6^ 1^ 1 8 + "
"(-.0000000136,0)1^ 6^ 8 1 + "
"(.0000000136,0)6^ 1^ 8 1 + "
"(-.0000000079,0)1^ 6^ 1 9 + "
"(.0000000079,0)6^ 1^ 1 9 + "
"(.0000000079,0)1^ 6^ 9 1 + "
"(-.0000000079,0)6^ 1^ 9 1 + "
"(.0433719995,0)1^ 7^ 1 5 + "
"(-.0433719995,0)7^ 1^ 1 5 + "
"(-.0433719995,0)1^ 7^ 5 1 + "
"(.0433719995,0)7^ 1^ 5 1 + "
"(.0388102918,0)1^ 2^ 1 0 + "
"(.0388102918,0)6^ 7^ 6 5 + "
"(.0002348769,0)1^ 7^ 1 6 + "
"(-.0002348769,0)7^ 1^ 1 6 + "
"(-.0002348769,0)1^ 7^ 6 1 + "
"(.0002348769,0)7^ 1^ 6 1 + "
"(-.1621511094,0)1^ 7^ 1 7 + "
"(.1621511094,0)7^ 1^ 1 7 + "
"(.1621511094,0)1^ 7^ 7 1 + "
"(-.1621511094,0)7^ 1^ 7 1 + "
"(-.1524933713,0)1^ 2^ 1 2 + "
"(-.1524933713,0)6^ 7^ 6 7 + "
"(.0000003436,0)1^ 7^ 1 8 + "
"(-.0000003436,0)7^ 1^ 1 8 + "
"(-.0000003436,0)1^ 7^ 8 1 + "
"(.0000003436,0)7^ 1^ 8 1 + "
"(.0000002673,0)1^ 2^ 1 3 + "
"(.0000002673,0)6^ 7^ 6 8 + "
"(-.0000002296,0)1^ 7^ 1 9 + "
"(.0000002296,0)7^ 1^ 1 9 + "
"(.0000002296,0)1^ 7^ 9 1 + "
"(-.0000002296,0)7^ 1^ 9 1 + "
"(-.0000001786,0)1^ 2^ 1 4 + "
"(-.0000001786,0)6^ 7^ 6 9 + "
"(.0000022779,0)1^ 8^ 1 5 + "
"(-.0000022779,0)8^ 1^ 1 5 + "
"(-.0000022779,0)1^ 8^ 5 1 + "
"(.0000022779,0)8^ 1^ 5 1 + "
"(.0000021036,0)1^ 3^ 1 0 + "
"(.0000021036,0)6^ 8^ 6 5 + "
"(.0000000136,0)1^ 8^ 1 6 + "
"(-.0000000136,0)8^ 1^ 1 6 + "
"(-.0000000136,0)1^ 8^ 6 1 + "
"(.0000000136,0)8^ 1^ 6 1 + "
"(.0000003436,0)1^ 8^ 1 7 + "
"(-.0000003436,0)8^ 1^ 1 7 + "
"(-.0000003436,0)1^ 8^ 7 1 + "
"(.0000003436,0)8^ 1^ 7 1 + "
"(.0000002673,0)1^ 3^ 1 2 + "
"(.0000002673,0)6^ 8^ 6 7 + "
"(-.1746777627,0)1^ 8^ 1 8 + "
"(.1746777627,0)8^ 1^ 1 8 + "
"(.1746777627,0)1^ 8^ 8 1 + "
"(-.1746777627,0)8^ 1^ 8 1 + "
"(-.1630963082,0)1^ 3^ 1 3 + "
"(-.1630963082,0)6^ 8^ 6 8 + "
"(-.0000015254,0)1^ 9^ 1 5 + "
"(.0000015254,0)9^ 1^ 1 5 + "
"(.0000015254,0)1^ 9^ 5 1 + "
"(-.0000015254,0)9^ 1^ 5 1 + "
"(-.0000014094,0)1^ 4^ 1 0 + "
"(-.0000014094,0)6^ 9^ 6 5 + "
"(-.0000000079,0)1^ 9^ 1 6 + "
"(.0000000079,0)9^ 1^ 1 6 + "
"(.0000000079,0)1^ 9^ 6 1 + "
"(-.0000000079,0)9^ 1^ 6 1 + "
"(-.0000002296,0)1^ 9^ 1 7 + "
"(.0000002296,0)9^ 1^ 1 7 + "
"(.0000002296,0)1^ 9^ 7 1 + "
"(-.0000002296,0)9^ 1^ 7 1 + "
"(-.0000001786,0)1^ 4^ 1 2 + "
"(-.0000001786,0)6^ 9^ 6 7 + "
"(-.1746778010,0)1^ 9^ 1 9 + "
"(.1746778010,0)9^ 1^ 1 9 + "
"(.1746778010,0)1^ 9^ 9 1 + "
"(-.1746778010,0)9^ 1^ 9 1 + "
"(-.1630963431,0)1^ 4^ 1 4 + "
"(-.1630963431,0)6^ 9^ 6 9 + "
"(.0009374405,0)1^ 2 + "
"(.0009374405,0)6^ 7 + "
"(.0001977087,0)1^ 5^ 2 5 + "
"(-.0001977087,0)5^ 1^ 2 5 + "
"(-.0001977087,0)1^ 5^ 5 2 + "
"(.0001977087,0)5^ 1^ 5 2 + "
"(.0001713143,0)1^ 0^ 2 0 + "
"(.0001713143,0)6^ 5^ 7 5 + "
"(.0045617076,0)1^ 5^ 2 6 + "
"(-.0045617076,0)5^ 1^ 2 6 + "
"(-.0045617076,0)1^ 5^ 6 2 + "
"(.0045617076,0)5^ 1^ 6 2 + "
"(-.0388102918,0)1^ 0^ 2 1 + "
"(-.0388102918,0)6^ 5^ 7 6 + "
"(.0000095029,0)1^ 5^ 2 7 + "
"(-.0000095029,0)5^ 1^ 2 7 + "
"(-.0000095029,0)1^ 5^ 7 2 + "
"(.0000095029,0)5^ 1^ 7 2 + "
"(-.0000000008,0)1^ 5^ 2 8 + "
"(.0000000008,0)5^ 1^ 2 8 + "
"(.0000000008,0)1^ 5^ 8 2 + "
"(-.0000000008,0)5^ 1^ 8 2 + "
"(.0000000009,0)1^ 0^ 2 3 + "
"(.0000000009,0)6^ 5^ 7 8 + "
"(.0000000003,0)1^ 5^ 2 9 + "
"(-.0000000003,0)5^ 1^ 2 9 + "
"(-.0000000003,0)1^ 5^ 9 2 + "
"(.0000000003,0)5^ 1^ 9 2 + "
"(.0045617076,0)1^ 6^ 2 5 + "
"(-.0045617076,0)6^ 1^ 2 5 + "
"(-.0045617076,0)1^ 6^ 5 2 + "
"(.0045617076,0)6^ 1^ 5 2 + "
"(.0002348769,0)1^ 6^ 2 6 + "
"(-.0002348769,0)6^ 1^ 2 6 + "
"(-.0002348769,0)1^ 6^ 6 2 + "
"(.0002348769,0)6^ 1^ 6 2 + "
"(-.0096577381,0)1^ 6^ 2 7 + "
"(.0096577381,0)6^ 1^ 2 7 + "
"(.0096577381,0)1^ 6^ 7 2 + "
"(-.0096577381,0)6^ 1^ 7 2 + "
"(.0000000762,0)1^ 6^ 2 8 + "
"(-.0000000762,0)6^ 1^ 2 8 + "
"(-.0000000762,0)1^ 6^ 8 2 + "
"(.0000000762,0)6^ 1^ 8 2 + "
"(-.0000000510,0)1^ 6^ 2 9 + "
"(.0000000510,0)6^ 1^ 2 9 + "
"(.0000000510,0)1^ 6^ 9 2 + "
"(-.0000000510,0)6^ 1^ 9 2 + "
"(.0000095029,0)1^ 7^ 2 5 + "
"(-.0000095029,0)7^ 1^ 2 5 + "
"(-.0000095029,0)1^ 7^ 5 2 + "
"(.0000095029,0)7^ 1^ 5 2 + "
"(-.0004576494,0)1^ 2^ 2 0 + "
"(-.0004576494,0)6^ 7^ 7 5 + "
"(-.0096577381,0)1^ 7^ 2 6 + "
"(.0096577381,0)7^ 1^ 2 6 + "
"(.0096577381,0)1^ 7^ 6 2 + "
"(-.0096577381,0)7^ 1^ 6 2 + "
"(.1524933713,0)1^ 2^ 2 1 + "
"(.1524933713,0)6^ 7^ 7 6 + "
"(.0002420284,0)1^ 7^ 2 7 + "
"(-.0002420284,0)7^ 1^ 2 7 + "
"(-.0002420284,0)1^ 7^ 7 2 + "
"(.0002420284,0)7^ 1^ 7 2 + "
"(.0000000024,0)1^ 7^ 2 8 + "
"(-.0000000024,0)7^ 1^ 2 8 + "
"(-.0000000024,0)1^ 7^ 8 2 + "
"(.0000000024,0)7^ 1^ 8 2 + "
"(-.0000000088,0)1^ 2^ 2 3 + "
"(-.0000000088,0)6^ 7^ 7 8 + "
"(-.0000000017,0)1^ 7^ 2 9 + "
"(.0000000017,0)7^ 1^ 2 9 + "
"(.0000000017,0)1^ 7^ 9 2 + "
"(-.0000000017,0)7^ 1^ 9 2 + "
"(.0000000049,0)1^ 2^ 2 4 + "
"(.0000000049,0)6^ 7^ 7 9 + "
"(-.0000000008,0)1^ 8^ 2 5 + "
"(.0000000008,0)8^ 1^ 2 5 + "
"(.0000000008,0)1^ 8^ 5 2 + "
"(-.0000000008,0)8^ 1^ 5 2 + "
"(.0000000762,0)1^ 8^ 2 6 + "
"(-.0000000762,0)8^ 1^ 2 6 + "
"(-.0000000762,0)1^ 8^ 6 2 + "
"(.0000000762,0)8^ 1^ 6 2 + "
"(-.0000002673,0)1^ 3^ 2 1 + "
"(-.0000002673,0)6^ 8^ 7 6 + "
"(.0000000024,0)1^ 8^ 2 7 + "
"(-.0000000024,0)8^ 1^ 2 7 + "
"(-.0000000024,0)1^ 8^ 7 2 + "
"(.0000000024,0)8^ 1^ 7 2 + "
"(.0001783526,0)1^ 8^ 2 8 + "
"(-.0001783526,0)8^ 1^ 2 8 + "
"(-.0001783526,0)1^ 8^ 8 2 + "
"(.0001783526,0)8^ 1^ 8 2 + "
"(.0001504684,0)1^ 3^ 2 3 + "
"(.0001504684,0)6^ 8^ 7 8 + "
"(.0000000003,0)1^ 9^ 2 5 + "
"(-.0000000003,0)9^ 1^ 2 5 + "
"(-.0000000003,0)1^ 9^ 5 2 + "
"(.0000000003,0)9^ 1^ 5 2 + "
"(.0000000004,0)1^ 4^ 2 0 + "
"(.0000000004,0)6^ 9^ 7 5 + "
"(-.0000000510,0)1^ 9^ 2 6 + "
"(.0000000510,0)9^ 1^ 2 6 + "
"(.0000000510,0)1^ 9^ 6 2 + "
"(-.0000000510,0)9^ 1^ 6 2 + "
"(.0000001786,0)1^ 4^ 2 1 + "
"(.0000001786,0)6^ 9^ 7 6 + "
"(-.0000000017,0)1^ 9^ 2 7 + "
"(.0000000017,0)9^ 1^ 2 7 + "
"(.0000000017,0)1^ 9^ 7 2 + "
"(-.0000000017,0)9^ 1^ 7 2 + "
"(.0001783527,0)1^ 9^ 2 9 + "
"(-.0001783527,0)9^ 1^ 2 9 + "
"(-.0001783527,0)1^ 9^ 9 2 + "
"(.0001783527,0)9^ 1^ 9 2 + "
"(.0001504684,0)1^ 4^ 2 4 + "
"(.0001504684,0)6^ 9^ 7 9 + "
"(.0000000259,0)1^ 3 + "
"(.0000000259,0)6^ 8 + "
"(.0000000116,0)1^ 5^ 3 5 + "
"(-.0000000116,0)5^ 1^ 3 5 + "
"(-.0000000116,0)1^ 5^ 5 3 + "
"(.0000000116,0)5^ 1^ 5 3 + "
"(.0000000098,0)1^ 0^ 3 0 + "
"(.0000000098,0)6^ 5^ 8 5 + "
"(.0000001742,0)1^ 5^ 3 6 + "
"(-.0000001742,0)5^ 1^ 3 6 + "
"(-.0000001742,0)1^ 5^ 6 3 + "
"(.0000001742,0)5^ 1^ 6 3 + "
"(-.0000021036,0)1^ 0^ 3 1 + "
"(-.0000021036,0)6^ 5^ 8 6 + "
"(-.0000000017,0)1^ 5^ 3 7 + "
"(.0000000017,0)5^ 1^ 3 7 + "
"(.0000000017,0)1^ 5^ 7 3 + "
"(-.0000000017,0)5^ 1^ 7 3 + "
"(-.0000000009,0)1^ 0^ 3 2 + "
"(-.0000000009,0)6^ 5^ 8 7 + "
"(.0000535112,0)1^ 5^ 3 8 + "
"(-.0000535112,0)5^ 1^ 3 8 + "
"(-.0000535112,0)1^ 5^ 8 3 + "
"(.0000535112,0)5^ 1^ 8 3 + "
"(.0000001742,0)1^ 6^ 3 5 + "
"(-.0000001742,0)6^ 1^ 3 5 + "
"(-.0000001742,0)1^ 6^ 5 3 + "
"(.0000001742,0)6^ 1^ 5 3 + "
"(.0000000136,0)1^ 6^ 3 6 + "
"(-.0000000136,0)6^ 1^ 3 6 + "
"(-.0000000136,0)1^ 6^ 6 3 + "
"(.0000000136,0)6^ 1^ 6 3 + "
"(.0000000762,0)1^ 6^ 3 7 + "
"(-.0000000762,0)6^ 1^ 3 7 + "
"(-.0000000762,0)1^ 6^ 7 3 + "
"(.0000000762,0)6^ 1^ 7 3 + "
"(-.0115814544,0)1^ 6^ 3 8 + "
"(.0115814544,0)6^ 1^ 3 8 + "
"(.0115814544,0)1^ 6^ 8 3 + "
"(-.0115814544,0)6^ 1^ 8 3 + "
"(-.0000000017,0)1^ 7^ 3 5 + "
"(.0000000017,0)7^ 1^ 3 5 + "
"(.0000000017,0)1^ 7^ 5 3 + "
"(-.0000000017,0)7^ 1^ 5 3 + "
"(-.0000000009,0)1^ 2^ 3 0 + "
"(-.0000000009,0)6^ 7^ 8 5 + "
"(.0000000762,0)1^ 7^ 3 6 + "
"(-.0000000762,0)7^ 1^ 3 6 + "
"(-.0000000762,0)1^ 7^ 6 3 + "
"(.0000000762,0)7^ 1^ 6 3 + "
"(-.0000002673,0)1^ 2^ 3 1 + "
"(-.0000002673,0)6^ 7^ 8 6 + "
"(.0000000112,0)1^ 7^ 3 7 + "
"(-.0000000112,0)7^ 1^ 3 7 + "
"(-.0000000112,0)1^ 7^ 7 3 + "
"(.0000000112,0)7^ 1^ 7 3 + "
"(.0000000088,0)1^ 2^ 3 2 + "
"(.0000000088,0)6^ 7^ 8 7 + "
"(.0000278842,0)1^ 7^ 3 8 + "
"(-.0000278842,0)7^ 1^ 3 8 + "
"(-.0000278842,0)1^ 7^ 8 3 + "
"(.0000278842,0)7^ 1^ 8 3 + "
"(.0000535112,0)1^ 8^ 3 5 + "
"(-.0000535112,0)8^ 1^ 3 5 + "
"(-.0000535112,0)1^ 8^ 5 3 + "
"(.0000535112,0)8^ 1^ 5 3 + "
"(-.0004605951,0)1^ 3^ 3 0 + "
"(-.0004605951,0)6^ 8^ 8 5 + "
"(-.0115814544,0)1^ 8^ 3 6 + "
"(.0115814544,0)8^ 1^ 3 6 + "
"(.0115814544,0)1^ 8^ 6 3 + "
"(-.0115814544,0)8^ 1^ 6 3 + "
"(.1630963082,0)1^ 3^ 3 1 + "
"(.1630963082,0)6^ 8^ 8 6 + "
"(.0000278842,0)1^ 8^ 3 7 + "
"(-.0000278842,0)8^ 1^ 3 7 + "
"(-.0000278842,0)1^ 8^ 7 3 + "
"(.0000278842,0)8^ 1^ 7 3 + "
"(-.0001504684,0)1^ 3^ 3 2 + "
"(-.0001504684,0)6^ 8^ 8 7 + "
"(.0000000131,0)1^ 8^ 3 8 + "
"(-.0000000131,0)8^ 1^ 3 8 + "
"(-.0000000131,0)1^ 8^ 8 3 + "
"(.0000000131,0)8^ 1^ 8 3 + "
"(-.0000000010,0)1^ 8^ 3 9 + "
"(.0000000010,0)8^ 1^ 3 9 + "
"(.0000000010,0)1^ 8^ 9 3 + "
"(-.0000000010,0)8^ 1^ 9 3 + "
"(.0000000049,0)1^ 3^ 3 4 + "
"(.0000000049,0)6^ 8^ 8 9 + "
"(-.0000000010,0)1^ 9^ 3 8 + "
"(.0000000010,0)9^ 1^ 3 8 + "
"(.0000000010,0)1^ 9^ 8 3 + "
"(-.0000000010,0)9^ 1^ 8 3 + "
"(.0000000103,0)1^ 9^ 3 9 + "
"(-.0000000103,0)9^ 1^ 3 9 + "
"(-.0000000103,0)1^ 9^ 9 3 + "
"(.0000000103,0)9^ 1^ 9 3 + "
"(.0000000087,0)1^ 4^ 3 4 + "
"(.0000000087,0)6^ 9^ 8 9 + "
"(-.0000000344,0)1^ 4 + "
"(-.0000000344,0)6^ 9 + "
"(-.0000000065,0)1^ 5^ 4 5 + "
"(.0000000065,0)5^ 1^ 4 5 + "
"(.0000000065,0)1^ 5^ 5 4 + "
"(-.0000000065,0)5^ 1^ 5 4 + "
"(-.0000000057,0)1^ 0^ 4 0 + "
"(-.0000000057,0)6^ 5^ 9 5 + "
"(-.0000001160,0)1^ 5^ 4 6 + "
"(.0000001160,0)5^ 1^ 4 6 + "
"(.0000001160,0)1^ 5^ 6 4 + "
"(-.0000001160,0)5^ 1^ 6 4 + "
"(.0000014094,0)1^ 0^ 4 1 + "
"(.0000014094,0)6^ 5^ 9 6 + "
"(.0000000005,0)1^ 5^ 4 7 + "
"(-.0000000005,0)5^ 1^ 4 7 + "
"(-.0000000005,0)1^ 5^ 7 4 + "
"(.0000000005,0)5^ 1^ 7 4 + "
"(.0000535113,0)1^ 5^ 4 9 + "
"(-.0000535113,0)5^ 1^ 4 9 + "
"(-.0000535113,0)1^ 5^ 9 4 + "
"(.0000535113,0)5^ 1^ 9 4 + "
"(-.0000001160,0)1^ 6^ 4 5 + "
"(.0000001160,0)6^ 1^ 4 5 + "
"(.0000001160,0)1^ 6^ 5 4 + "
"(-.0000001160,0)6^ 1^ 5 4 + "
"(-.0000000079,0)1^ 6^ 4 6 + "
"(.0000000079,0)6^ 1^ 4 6 + "
"(.0000000079,0)1^ 6^ 6 4 + "
"(-.0000000079,0)6^ 1^ 6 4 + "
"(-.0000000510,0)1^ 6^ 4 7 + "
"(.0000000510,0)6^ 1^ 4 7 + "
"(.0000000510,0)1^ 6^ 7 4 + "
"(-.0000000510,0)6^ 1^ 7 4 + "
"(-.0115814579,0)1^ 6^ 4 9 + "
"(.0115814579,0)6^ 1^ 4 9 + "
"(.0115814579,0)1^ 6^ 9 4 + "
"(-.0115814579,0)6^ 1^ 9 4 + "
"(.0000000005,0)1^ 7^ 4 5 + "
"(-.0000000005,0)7^ 1^ 4 5 + "
"(-.0000000005,0)1^ 7^ 5 4 + "
"(.0000000005,0)7^ 1^ 5 4 + "
"(.0000000006,0)1^ 2^ 4 0 + "
"(.0000000006,0)6^ 7^ 9 5 + "
"(-.0000000510,0)1^ 7^ 4 6 + "
"(.0000000510,0)7^ 1^ 4 6 + "
"(.0000000510,0)1^ 7^ 6 4 + "
"(-.0000000510,0)7^ 1^ 6 4 + "
"(.0000001786,0)1^ 2^ 4 1 + "
"(.0000001786,0)6^ 7^ 9 6 + "
"(-.0000000066,0)1^ 7^ 4 7 + "
"(.0000000066,0)7^ 1^ 4 7 + "
"(.0000000066,0)1^ 7^ 7 4 + "
"(-.0000000066,0)7^ 1^ 7 4 + "
"(-.0000000049,0)1^ 2^ 4 2 + "
"(-.0000000049,0)6^ 7^ 9 7 + "
"(.0000278842,0)1^ 7^ 4 9 + "
"(-.0000278842,0)7^ 1^ 4 9 + "
"(-.0000278842,0)1^ 7^ 9 4 + "
"(.0000278842,0)7^ 1^ 9 4 + "
"(-.0000000059,0)1^ 8^ 4 8 + "
"(.0000000059,0)8^ 1^ 4 8 + "
"(.0000000059,0)1^ 8^ 8 4 + "
"(-.0000000059,0)8^ 1^ 8 4 + "
"(-.0000000049,0)1^ 3^ 4 3 + "
"(-.0000000049,0)6^ 8^ 9 8 + "
"(.0000000016,0)1^ 8^ 4 9 + "
"(-.0000000016,0)8^ 1^ 4 9 + "
"(-.0000000016,0)1^ 8^ 9 4 + "
"(.0000000016,0)8^ 1^ 9 4 + "
"(.0000535113,0)1^ 9^ 4 5 + "
"(-.0000535113,0)9^ 1^ 4 5 + "
"(-.0000535113,0)1^ 9^ 5 4 + "
"(.0000535113,0)9^ 1^ 5 4 + "
"(-.0004605952,0)1^ 4^ 4 0 + "
"(-.0004605952,0)6^ 9^ 9 5 + "
"(-.0115814579,0)1^ 9^ 4 6 + "
"(.0115814579,0)9^ 1^ 4 6 + "
"(.0115814579,0)1^ 9^ 6 4 + "
"(-.0115814579,0)9^ 1^ 6 4 + "
"(.1630963431,0)1^ 4^ 4 1 + "
"(.1630963431,0)6^ 9^ 9 6 + "
"(.0000278842,0)1^ 9^ 4 7 + "
"(-.0000278842,0)9^ 1^ 4 7 + "
"(-.0000278842,0)1^ 9^ 7 4 + "
"(.0000278842,0)9^ 1^ 7 4 + "
"(-.0001504684,0)1^ 4^ 4 2 + "
"(-.0001504684,0)6^ 9^ 9 7 + "
"(.0000000016,0)1^ 9^ 4 8 + "
"(-.0000000016,0)9^ 1^ 4 8 + "
"(-.0000000016,0)1^ 9^ 8 4 + "
"(.0000000016,0)9^ 1^ 8 4 + "
"(-.0000000087,0)1^ 4^ 4 3 + "
"(-.0000000087,0)6^ 9^ 9 8 + "
"(-.0000000076,0)1^ 9^ 4 9 + "
"(.0000000076,0)9^ 1^ 4 9 + "
"(.0000000076,0)1^ 9^ 9 4 + "
"(-.0000000076,0)9^ 1^ 9 4 + "
"(.2236121229,0)2^ 0 + "
"(.2236121229,0)7^ 5 + "
"(.0559029494,0)2^ 5^ 0 5 + "
"(-.0559029494,0)5^ 2^ 0 5 + "
"(-.0559029494,0)2^ 5^ 5 0 + "
"(.0559029494,0)5^ 2^ 5 0 + "
"(.0000263944,0)2^ 5^ 0 6 + "
"(-.0000263944,0)5^ 2^ 0 6 + "
"(-.0000263944,0)2^ 5^ 6 0 + "
"(.0000263944,0)5^ 2^ 6 0 + "
"(-.0001713143,0)2^ 0^ 0 1 + "
"(-.0001713143,0)7^ 5^ 5 6 + "
"(-.0405818022,0)2^ 5^ 0 7 + "
"(.0405818022,0)5^ 2^ 0 7 + "
"(.0405818022,0)2^ 5^ 7 0 + "
"(-.0405818022,0)5^ 2^ 7 0 + "
"(.1348727525,0)2^ 0^ 0 2 + "
"(.1348727525,0)7^ 5^ 5 7 + "
"(-.0000002541,0)2^ 5^ 0 8 + "
"(.0000002541,0)5^ 2^ 0 8 + "
"(.0000002541,0)2^ 5^ 8 0 + "
"(-.0000002541,0)5^ 2^ 8 0 + "
"(-.0000005138,0)2^ 0^ 0 3 + "
"(-.0000005138,0)7^ 5^ 5 8 + "
"(.0000001703,0)2^ 5^ 0 9 + "
"(-.0000001703,0)5^ 2^ 0 9 + "
"(-.0000001703,0)2^ 5^ 9 0 + "
"(.0000001703,0)5^ 2^ 9 0 + "
"(.0000003438,0)2^ 0^ 0 4 + "
"(.0000003438,0)7^ 5^ 5 9 + "
"(.0000263944,0)2^ 6^ 0 5 + "
"(-.0000263944,0)6^ 2^ 0 5 + "
"(-.0000263944,0)2^ 6^ 5 0 + "
"(.0000263944,0)6^ 2^ 5 0 + "
"(.0433719995,0)2^ 6^ 0 6 + "
"(-.0433719995,0)6^ 2^ 0 6 + "
"(-.0433719995,0)2^ 6^ 6 0 + "
"(.0433719995,0)6^ 2^ 6 0 + "
"(.0388102918,0)2^ 1^ 0 1 + "
"(.0388102918,0)7^ 6^ 5 6 + "
"(.0000095029,0)2^ 6^ 0 7 + "
"(-.0000095029,0)6^ 2^ 0 7 + "
"(-.0000095029,0)2^ 6^ 7 0 + "
"(.0000095029,0)6^ 2^ 7 0 + "
"(-.0004576494,0)2^ 1^ 0 2 + "
"(-.0004576494,0)7^ 6^ 5 7 + "
"(-.0000000017,0)2^ 6^ 0 8 + "
"(.0000000017,0)6^ 2^ 0 8 + "
"(.0000000017,0)2^ 6^ 8 0 + "
"(-.0000000017,0)6^ 2^ 8 0 + "
"(-.0000000009,0)2^ 1^ 0 3 + "
"(-.0000000009,0)7^ 6^ 5 8 + "
"(.0000000005,0)2^ 6^ 0 9 + "
"(-.0000000005,0)6^ 2^ 0 9 + "
"(-.0000000005,0)2^ 6^ 9 0 + "
"(.0000000005,0)6^ 2^ 9 0 + "
"(.0000000006,0)2^ 1^ 0 4 + "
"(.0000000006,0)7^ 6^ 5 9 + "
"(-.0405818022,0)2^ 7^ 0 5 + "
"(.0405818022,0)7^ 2^ 0 5 + "
"(.0405818022,0)2^ 7^ 5 0 + "
"(-.0405818022,0)7^ 2^ 5 0 + "
"(.0000095029,0)2^ 7^ 0 6 + "
"(-.0000095029,0)7^ 2^ 0 6 + "
"(-.0000095029,0)2^ 7^ 6 0 + "
"(.0000095029,0)7^ 2^ 6 0 + "
"(.0502641001,0)2^ 7^ 0 7 + "
"(-.0502641001,0)7^ 2^ 0 7 + "
"(-.0502641001,0)2^ 7^ 7 0 + "
"(.0502641001,0)7^ 2^ 7 0 + "
"(.0000004247,0)2^ 7^ 0 8 + "
"(-.0000004247,0)7^ 2^ 0 8 + "
"(-.0000004247,0)2^ 7^ 8 0 + "
"(.0000004247,0)7^ 2^ 8 0 + "
"(-.0000002846,0)2^ 7^ 0 9 + "
"(.0000002846,0)7^ 2^ 0 9 + "
"(.0000002846,0)2^ 7^ 9 0 + "
"(-.0000002846,0)7^ 2^ 9 0 + "
"(-.0000002541,0)2^ 8^ 0 5 + "
"(.0000002541,0)8^ 2^ 0 5 + "
"(.0000002541,0)2^ 8^ 5 0 + "
"(-.0000002541,0)8^ 2^ 5 0 + "
"(-.0000000017,0)2^ 8^ 0 6 + "
"(.0000000017,0)8^ 2^ 0 6 + "
"(.0000000017,0)2^ 8^ 6 0 + "
"(-.0000000017,0)8^ 2^ 6 0 + "
"(-.0000000009,0)2^ 3^ 0 1 + "
"(-.0000000009,0)7^ 8^ 5 6 + "
"(.0000004247,0)2^ 8^ 0 7 + "
"(-.0000004247,0)8^ 2^ 0 7 + "
"(-.0000004247,0)2^ 8^ 7 0 + "
"(.0000004247,0)8^ 2^ 7 0 + "
"(-.0000020339,0)2^ 3^ 0 2 + "
"(-.0000020339,0)7^ 8^ 5 7 + "
"(.0434949769,0)2^ 8^ 0 8 + "
"(-.0434949769,0)8^ 2^ 0 8 + "
"(-.0434949769,0)2^ 8^ 8 0 + "
"(.0434949769,0)8^ 2^ 8 0 + "
"(.0391472968,0)2^ 3^ 0 3 + "
"(.0391472968,0)7^ 8^ 5 8 + "
"(.0000001703,0)2^ 9^ 0 5 + "
"(-.0000001703,0)9^ 2^ 0 5 + "
"(-.0000001703,0)2^ 9^ 5 0 + "
"(.0000001703,0)9^ 2^ 5 0 + "
"(.0000000005,0)2^ 9^ 0 6 + "
"(-.0000000005,0)9^ 2^ 0 6 + "
"(-.0000000005,0)2^ 9^ 6 0 + "
"(.0000000005,0)9^ 2^ 6 0 + "
"(-.0000002846,0)2^ 9^ 0 7 + "
"(.0000002846,0)9^ 2^ 0 7 + "
"(.0000002846,0)2^ 9^ 7 0 + "
"(-.0000002846,0)9^ 2^ 7 0 + "
"(.0000013620,0)2^ 4^ 0 2 + "
"(.0000013620,0)7^ 9^ 5 7 + "
"(.0434950022,0)2^ 9^ 0 9 + "
"(-.0434950022,0)9^ 2^ 0 9 + "
"(-.0434950022,0)2^ 9^ 9 0 + "
"(.0434950022,0)9^ 2^ 9 0 + "
"(.0391473065,0)2^ 4^ 0 4 + "
"(.0391473065,0)7^ 9^ 5 9 + "
"(.0009374405,0)2^ 1 + "
"(.0009374405,0)7^ 6 + "
"(.0001977087,0)2^ 5^ 1 5 + "
"(-.0001977087,0)5^ 2^ 1 5 + "
"(-.0001977087,0)2^ 5^ 5 1 + "
"(.0001977087,0)5^ 2^ 5 1 + "
"(.0001713143,0)2^ 0^ 1 0 + "
"(.0001713143,0)7^ 5^ 6 5 + "
"(.0045617076,0)2^ 5^ 1 6 + "
"(-.0045617076,0)5^ 2^ 1 6 + "
"(-.0045617076,0)2^ 5^ 6 1 + "
"(.0045617076,0)5^ 2^ 6 1 + "
"(.0000095029,0)2^ 5^ 1 7 + "
"(-.0000095029,0)5^ 2^ 1 7 + "
"(-.0000095029,0)2^ 5^ 7 1 + "
"(.0000095029,0)5^ 2^ 7 1 + "
"(-.0004576494,0)2^ 0^ 1 2 + "
"(-.0004576494,0)7^ 5^ 6 7 + "
"(-.0000000008,0)2^ 5^ 1 8 + "
"(.0000000008,0)5^ 2^ 1 8 + "
"(.0000000008,0)2^ 5^ 8 1 + "
"(-.0000000008,0)5^ 2^ 8 1 + "
"(.0000000003,0)2^ 5^ 1 9 + "
"(-.0000000003,0)5^ 2^ 1 9 + "
"(-.0000000003,0)2^ 5^ 9 1 + "
"(.0000000003,0)5^ 2^ 9 1 + "
"(.0000000004,0)2^ 0^ 1 4 + "
"(.0000000004,0)7^ 5^ 6 9 + "
"(.0045617076,0)2^ 6^ 1 5 + "
"(-.0045617076,0)6^ 2^ 1 5 + "
"(-.0045617076,0)2^ 6^ 5 1 + "
"(.0045617076,0)6^ 2^ 5 1 + "
"(-.0388102918,0)2^ 1^ 1 0 + "
"(-.0388102918,0)7^ 6^ 6 5 + "
"(.0002348769,0)2^ 6^ 1 6 + "
"(-.0002348769,0)6^ 2^ 1 6 + "
"(-.0002348769,0)2^ 6^ 6 1 + "
"(.0002348769,0)6^ 2^ 6 1 + "
"(-.0096577381,0)2^ 6^ 1 7 + "
"(.0096577381,0)6^ 2^ 1 7 + "
"(.0096577381,0)2^ 6^ 7 1 + "
"(-.0096577381,0)6^ 2^ 7 1 + "
"(.1524933713,0)2^ 1^ 1 2 + "
"(.1524933713,0)7^ 6^ 6 7 + "
"(.0000000762,0)2^ 6^ 1 8 + "
"(-.0000000762,0)6^ 2^ 1 8 + "
"(-.0000000762,0)2^ 6^ 8 1 + "
"(.0000000762,0)6^ 2^ 8 1 + "
"(-.0000002673,0)2^ 1^ 1 3 + "
"(-.0000002673,0)7^ 6^ 6 8 + "
"(-.0000000510,0)2^ 6^ 1 9 + "
"(.0000000510,0)6^ 2^ 1 9 + "
"(.0000000510,0)2^ 6^ 9 1 + "
"(-.0000000510,0)6^ 2^ 9 1 + "
"(.0000001786,0)2^ 1^ 1 4 + "
"(.0000001786,0)7^ 6^ 6 9 + "
"(.0000095029,0)2^ 7^ 1 5 + "
"(-.0000095029,0)7^ 2^ 1 5 + "
"(-.0000095029,0)2^ 7^ 5 1 + "
"(.0000095029,0)7^ 2^ 5 1 + "
"(-.0096577381,0)2^ 7^ 1 6 + "
"(.0096577381,0)7^ 2^ 1 6 + "
"(.0096577381,0)2^ 7^ 6 1 + "
"(-.0096577381,0)7^ 2^ 6 1 + "
"(.0002420284,0)2^ 7^ 1 7 + "
"(-.0002420284,0)7^ 2^ 1 7 + "
"(-.0002420284,0)2^ 7^ 7 1 + "
"(.0002420284,0)7^ 2^ 7 1 + "
"(.0000000024,0)2^ 7^ 1 8 + "
"(-.0000000024,0)7^ 2^ 1 8 + "
"(-.0000000024,0)2^ 7^ 8 1 + "
"(.0000000024,0)7^ 2^ 8 1 + "
"(-.0000000017,0)2^ 7^ 1 9 + "
"(.0000000017,0)7^ 2^ 1 9 + "
"(.0000000017,0)2^ 7^ 9 1 + "
"(-.0000000017,0)7^ 2^ 9 1 + "
"(-.0000000008,0)2^ 8^ 1 5 + "
"(.0000000008,0)8^ 2^ 1 5 + "
"(.0000000008,0)2^ 8^ 5 1 + "
"(-.0000000008,0)8^ 2^ 5 1 + "
"(.0000000009,0)2^ 3^ 1 0 + "
"(.0000000009,0)7^ 8^ 6 5 + "
"(.0000000762,0)2^ 8^ 1 6 + "
"(-.0000000762,0)8^ 2^ 1 6 + "
"(-.0000000762,0)2^ 8^ 6 1 + "
"(.0000000762,0)8^ 2^ 6 1 + "
"(.0000000024,0)2^ 8^ 1 7 + "
"(-.0000000024,0)8^ 2^ 1 7 + "
"(-.0000000024,0)2^ 8^ 7 1 + "
"(.0000000024,0)8^ 2^ 7 1 + "
"(-.0000000088,0)2^ 3^ 1 2 + "
"(-.0000000088,0)7^ 8^ 6 7 + "
"(.0001783526,0)2^ 8^ 1 8 + "
"(-.0001783526,0)8^ 2^ 1 8 + "
"(-.0001783526,0)2^ 8^ 8 1 + "
"(.0001783526,0)8^ 2^ 8 1 + "
"(.0001504684,0)2^ 3^ 1 3 + "
"(.0001504684,0)7^ 8^ 6 8 + "
"(.0000000003,0)2^ 9^ 1 5 + "
"(-.0000000003,0)9^ 2^ 1 5 + "
"(-.0000000003,0)2^ 9^ 5 1 + "
"(.0000000003,0)9^ 2^ 5 1 + "
"(-.0000000510,0)2^ 9^ 1 6 + "
"(.0000000510,0)9^ 2^ 1 6 + "
"(.0000000510,0)2^ 9^ 6 1 + "
"(-.0000000510,0)9^ 2^ 6 1 + "
"(-.0000000017,0)2^ 9^ 1 7 + "
"(.0000000017,0)9^ 2^ 1 7 + "
"(.0000000017,0)2^ 9^ 7 1 + "
"(-.0000000017,0)9^ 2^ 7 1 + "
"(.0000000049,0)2^ 4^ 1 2 + "
"(.0000000049,0)7^ 9^ 6 7 + "
"(.0001783527,0)2^ 9^ 1 9 + "
"(-.0001783527,0)9^ 2^ 1 9 + "
"(-.0001783527,0)2^ 9^ 9 1 + "
"(.0001783527,0)9^ 2^ 9 1 + "
"(.0001504684,0)2^ 4^ 1 4 + "
"(.0001504684,0)7^ 9^ 6 9 + "
"(-.0324022103,0)2^ 2 + "
"(-.0324022103,0)7^ 7 + "
"(-.1754545546,0)2^ 5^ 2 5 + "
"(.1754545546,0)5^ 2^ 2 5 + "
"(.1754545546,0)2^ 5^ 5 2 + "
"(-.1754545546,0)5^ 2^ 5 2 + "
"(-.1348727525,0)2^ 0^ 2 0 + "
"(-.1348727525,0)7^ 5^ 7 5 + "
"(.0004671523,0)2^ 5^ 2 6 + "
"(-.0004671523,0)5^ 2^ 2 6 + "
"(-.0004671523,0)2^ 5^ 6 2 + "
"(.0004671523,0)5^ 2^ 6 2 + "
"(.0004576494,0)2^ 0^ 2 1 + "
"(.0004576494,0)7^ 5^ 7 6 + "
"(.0502641001,0)2^ 5^ 2 7 + "
"(-.0502641001,0)5^ 2^ 2 7 + "
"(-.0502641001,0)2^ 5^ 7 2 + "
"(.0502641001,0)5^ 2^ 7 2 + "
"(.0000024587,0)2^ 5^ 2 8 + "
"(-.0000024587,0)5^ 2^ 2 8 + "
"(-.0000024587,0)2^ 5^ 8 2 + "
"(.0000024587,0)5^ 2^ 8 2 + "
"(.0000020339,0)2^ 0^ 2 3 + "
"(.0000020339,0)7^ 5^ 7 8 + "
"(-.0000016466,0)2^ 5^ 2 9 + "
"(.0000016466,0)5^ 2^ 2 9 + "
"(.0000016466,0)2^ 5^ 9 2 + "
"(-.0000016466,0)5^ 2^ 9 2 + "
"(-.0000013620,0)2^ 0^ 2 4 + "
"(-.0000013620,0)7^ 5^ 7 9 + "
"(.0004671523,0)2^ 6^ 2 5 + "
"(-.0004671523,0)6^ 2^ 2 5 + "
"(-.0004671523,0)2^ 6^ 5 2 + "
"(.0004671523,0)6^ 2^ 5 2 + "
"(.0004576494,0)2^ 1^ 2 0 + "
"(.0004576494,0)7^ 6^ 7 5 + "
"(-.1621511094,0)2^ 6^ 2 6 + "
"(.1621511094,0)6^ 2^ 2 6 + "
"(.1621511094,0)2^ 6^ 6 2 + "
"(-.1621511094,0)6^ 2^ 6 2 + "
"(-.1524933713,0)2^ 1^ 2 1 + "
"(-.1524933713,0)7^ 6^ 7 6 + "
"(.0002420284,0)2^ 6^ 2 7 + "
"(-.0002420284,0)6^ 2^ 2 7 + "
"(-.0002420284,0)2^ 6^ 7 2 + "
"(.0002420284,0)6^ 2^ 7 2 + "
"(.0000000112,0)2^ 6^ 2 8 + "
"(-.0000000112,0)6^ 2^ 2 8 + "
"(-.0000000112,0)2^ 6^ 8 2 + "
"(.0000000112,0)6^ 2^ 8 2 + "
"(.0000000088,0)2^ 1^ 2 3 + "
"(.0000000088,0)7^ 6^ 7 8 + "
"(-.0000000066,0)2^ 6^ 2 9 + "
"(.0000000066,0)6^ 2^ 2 9 + "
"(.0000000066,0)2^ 6^ 9 2 + "
"(-.0000000066,0)6^ 2^ 9 2 + "
"(-.0000000049,0)2^ 1^ 2 4 + "
"(-.0000000049,0)7^ 6^ 7 9 + "
"(.0502641001,0)2^ 7^ 2 5 + "
"(-.0502641001,0)7^ 2^ 2 5 + "
"(-.0502641001,0)2^ 7^ 5 2 + "
"(.0502641001,0)7^ 2^ 5 2 + "
"(.0002420284,0)2^ 7^ 2 6 + "
"(-.0002420284,0)7^ 2^ 2 6 + "
"(-.0002420284,0)2^ 7^ 6 2 + "
"(.0002420284,0)7^ 2^ 6 2 + "
"(-.1627194235,0)2^ 7^ 2 7 + "
"(.1627194235,0)7^ 2^ 2 7 + "
"(.1627194235,0)2^ 7^ 7 2 + "
"(-.1627194235,0)7^ 2^ 7 2 + "
"(.0000005520,0)2^ 7^ 2 8 + "
"(-.0000005520,0)7^ 2^ 2 8 + "
"(-.0000005520,0)2^ 7^ 8 2 + "
"(.0000005520,0)7^ 2^ 8 2 + "
"(-.0000003693,0)2^ 7^ 2 9 + "
"(.0000003693,0)7^ 2^ 2 9 + "
"(.0000003693,0)2^ 7^ 9 2 + "
"(-.0000003693,0)7^ 2^ 9 2 + "
"(.0000024587,0)2^ 8^ 2 5 + "
"(-.0000024587,0)8^ 2^ 2 5 + "
"(-.0000024587,0)2^ 8^ 5 2 + "
"(.0000024587,0)8^ 2^ 5 2 + "
"(.0000020339,0)2^ 3^ 2 0 + "
"(.0000020339,0)7^ 8^ 7 5 + "
"(.0000000112,0)2^ 8^ 2 6 + "
"(-.0000000112,0)8^ 2^ 2 6 + "
"(-.0000000112,0)2^ 8^ 6 2 + "
"(.0000000112,0)8^ 2^ 6 2 + "
"(.0000000088,0)2^ 3^ 2 1 + "
"(.0000000088,0)7^ 8^ 7 6 + "
"(.0000005520,0)2^ 8^ 2 7 + "
"(-.0000005520,0)8^ 2^ 2 7 + "
"(-.0000005520,0)2^ 8^ 7 2 + "
"(.0000005520,0)8^ 2^ 7 2 + "
"(-.1617580226,0)2^ 8^ 2 8 + "
"(.1617580226,0)8^ 2^ 2 8 + "
"(.1617580226,0)2^ 8^ 8 2 + "
"(-.1617580226,0)8^ 2^ 8 2 + "
"(-.1524514282,0)2^ 3^ 2 3 + "
"(-.1524514282,0)7^ 8^ 7 8 + "
"(-.0000016466,0)2^ 9^ 2 5 + "
"(.0000016466,0)9^ 2^ 2 5 + "
"(.0000016466,0)2^ 9^ 5 2 + "
"(-.0000016466,0)9^ 2^ 5 2 + "
"(-.0000013620,0)2^ 4^ 2 0 + "
"(-.0000013620,0)7^ 9^ 7 5 + "
"(-.0000000066,0)2^ 9^ 2 6 + "
"(.0000000066,0)9^ 2^ 2 6 + "
"(.0000000066,0)2^ 9^ 6 2 + "
"(-.0000000066,0)9^ 2^ 6 2 + "
"(-.0000000049,0)2^ 4^ 2 1 + "
"(-.0000000049,0)7^ 9^ 7 6 + "
"(-.0000003693,0)2^ 9^ 2 7 + "
"(.0000003693,0)9^ 2^ 2 7 + "
"(.0000003693,0)2^ 9^ 7 2 + "
"(-.0000003693,0)9^ 2^ 7 2 + "
"(-.1617580581,0)2^ 9^ 2 9 + "
"(.1617580581,0)9^ 2^ 2 9 + "
"(.1617580581,0)2^ 9^ 9 2 + "
"(-.1617580581,0)9^ 2^ 9 2 + "
"(-.1524514641,0)2^ 4^ 2 4 + "
"(-.1524514641,0)7^ 9^ 7 9 + "
"(.0000004236,0)2^ 3 + "
"(.0000004236,0)7^ 8 + "
"(.0000002597,0)2^ 5^ 3 5 + "
"(-.0000002597,0)5^ 2^ 3 5 + "
"(-.0000002597,0)2^ 5^ 5 3 + "
"(.0000002597,0)5^ 2^ 5 3 + "
"(.0000005138,0)2^ 0^ 3 0 + "
"(.0000005138,0)7^ 5^ 8 5 + "
"(-.0000000008,0)2^ 5^ 3 6 + "
"(.0000000008,0)5^ 2^ 3 6 + "
"(.0000000008,0)2^ 5^ 6 3 + "
"(-.0000000008,0)5^ 2^ 6 3 + "
"(.0000004247,0)2^ 5^ 3 7 + "
"(-.0000004247,0)5^ 2^ 3 7 + "
"(-.0000004247,0)2^ 5^ 7 3 + "
"(.0000004247,0)5^ 2^ 7 3 + "
"(-.0000020339,0)2^ 0^ 3 2 + "
"(-.0000020339,0)7^ 5^ 8 7 + "
"(.0043476801,0)2^ 5^ 3 8 + "
"(-.0043476801,0)5^ 2^ 3 8 + "
"(-.0043476801,0)2^ 5^ 8 3 + "
"(.0043476801,0)5^ 2^ 8 3 + "
"(-.0000000003,0)2^ 0^ 3 4 + "
"(-.0000000003,0)7^ 5^ 8 9 + "
"(-.0000000008,0)2^ 6^ 3 5 + "
"(.0000000008,0)6^ 2^ 3 5 + "
"(.0000000008,0)2^ 6^ 5 3 + "
"(-.0000000008,0)6^ 2^ 5 3 + "
"(.0000000009,0)2^ 1^ 3 0 + "
"(.0000000009,0)7^ 6^ 8 5 + "
"(.0000003436,0)2^ 6^ 3 6 + "
"(-.0000003436,0)6^ 2^ 3 6 + "
"(-.0000003436,0)2^ 6^ 6 3 + "
"(.0000003436,0)6^ 2^ 6 3 + "
"(.0000002673,0)2^ 1^ 3 1 + "
"(.0000002673,0)7^ 6^ 8 6 + "
"(.0000000024,0)2^ 6^ 3 7 + "
"(-.0000000024,0)6^ 2^ 3 7 + "
"(-.0000000024,0)2^ 6^ 7 3 + "
"(.0000000024,0)6^ 2^ 7 3 + "
"(-.0000000088,0)2^ 1^ 3 2 + "
"(-.0000000088,0)7^ 6^ 8 7 + "
"(.0000278842,0)2^ 6^ 3 8 + "
"(-.0000278842,0)6^ 2^ 3 8 + "
"(-.0000278842,0)2^ 6^ 8 3 + "
"(.0000278842,0)6^ 2^ 8 3 + "
"(.0000004247,0)2^ 7^ 3 5 + "
"(-.0000004247,0)7^ 2^ 3 5 + "
"(-.0000004247,0)2^ 7^ 5 3 + "
"(.0000004247,0)7^ 2^ 5 3 + "
"(.0000000024,0)2^ 7^ 3 6 + "
"(-.0000000024,0)7^ 2^ 3 6 + "
"(-.0000000024,0)2^ 7^ 6 3 + "
"(.0000000024,0)7^ 2^ 6 3 + "
"(.0000005520,0)2^ 7^ 3 7 + "
"(-.0000005520,0)7^ 2^ 3 7 + "
"(-.0000005520,0)2^ 7^ 7 3 + "
"(.0000005520,0)7^ 2^ 7 3 + "
"(-.0093065944,0)2^ 7^ 3 8 + "
"(.0093065944,0)7^ 2^ 3 8 + "
"(.0093065944,0)2^ 7^ 8 3 + "
"(-.0093065944,0)7^ 2^ 8 3 + "
"(.0043476801,0)2^ 8^ 3 5 + "
"(-.0043476801,0)8^ 2^ 3 5 + "
"(-.0043476801,0)2^ 8^ 5 3 + "
"(.0043476801,0)8^ 2^ 5 3 + "
"(-.0391472968,0)2^ 3^ 3 0 + "
"(-.0391472968,0)7^ 8^ 8 5 + "
"(.0000278842,0)2^ 8^ 3 6 + "
"(-.0000278842,0)8^ 2^ 3 6 + "
"(-.0000278842,0)2^ 8^ 6 3 + "
"(.0000278842,0)8^ 2^ 6 3 + "
"(-.0001504684,0)2^ 3^ 3 1 + "
"(-.0001504684,0)7^ 8^ 8 6 + "
"(-.0093065944,0)2^ 8^ 3 7 + "
"(.0093065944,0)8^ 2^ 3 7 + "
"(.0093065944,0)2^ 8^ 7 3 + "
"(-.0093065944,0)8^ 2^ 7 3 + "
"(.1524514282,0)2^ 3^ 3 2 + "
"(.1524514282,0)7^ 8^ 8 7 + "
"(.0000004730,0)2^ 8^ 3 8 + "
"(-.0000004730,0)8^ 2^ 3 8 + "
"(-.0000004730,0)2^ 8^ 8 3 + "
"(.0000004730,0)8^ 2^ 8 3 + "
"(-.0000000450,0)2^ 8^ 3 9 + "
"(.0000000450,0)8^ 2^ 3 9 + "
"(.0000000450,0)2^ 8^ 9 3 + "
"(-.0000000450,0)8^ 2^ 9 3 + "
"(.0000001838,0)2^ 3^ 3 4 + "
"(.0000001838,0)7^ 8^ 8 9 + "
"(-.0000000450,0)2^ 9^ 3 8 + "
"(.0000000450,0)9^ 2^ 3 8 + "
"(.0000000450,0)2^ 9^ 8 3 + "
"(-.0000000450,0)9^ 2^ 8 3 + "
"(.0000003421,0)2^ 9^ 3 9 + "
"(-.0000003421,0)9^ 2^ 3 9 + "
"(-.0000003421,0)2^ 9^ 9 3 + "
"(.0000003421,0)9^ 2^ 9 3 + "
"(.0000002749,0)2^ 4^ 3 4 + "
"(.0000002749,0)7^ 9^ 8 9 + "
"(-.0000002883,0)2^ 4 + "
"(-.0000002883,0)7^ 9 + "
"(-.0000001735,0)2^ 5^ 4 5 + "
"(.0000001735,0)5^ 2^ 4 5 + "
"(.0000001735,0)2^ 5^ 5 4 + "
"(-.0000001735,0)5^ 2^ 5 4 + "
"(-.0000003438,0)2^ 0^ 4 0 + "
"(-.0000003438,0)7^ 5^ 9 5 + "
"(-.0000000004,0)2^ 0^ 4 1 + "
"(-.0000000004,0)7^ 5^ 9 6 + "
"(-.0000002846,0)2^ 5^ 4 7 + "
"(.0000002846,0)5^ 2^ 4 7 + "
"(.0000002846,0)2^ 5^ 7 4 + "
"(-.0000002846,0)5^ 2^ 7 4 + "
"(.0000013620,0)2^ 0^ 4 2 + "
"(.0000013620,0)7^ 5^ 9 7 + "
"(.0000000003,0)2^ 0^ 4 3 + "
"(.0000000003,0)7^ 5^ 9 8 + "
"(.0043476957,0)2^ 5^ 4 9 + "
"(-.0043476957,0)5^ 2^ 4 9 + "
"(-.0043476957,0)2^ 5^ 9 4 + "
"(.0043476957,0)5^ 2^ 9 4 + "
"(-.0000000006,0)2^ 1^ 4 0 + "
"(-.0000000006,0)7^ 6^ 9 5 + "
"(-.0000002296,0)2^ 6^ 4 6 + "
"(.0000002296,0)6^ 2^ 4 6 + "
"(.0000002296,0)2^ 6^ 6 4 + "
"(-.0000002296,0)6^ 2^ 6 4 + "
"(-.0000001786,0)2^ 1^ 4 1 + "
"(-.0000001786,0)7^ 6^ 9 6 + "
"(-.0000000017,0)2^ 6^ 4 7 + "
"(.0000000017,0)6^ 2^ 4 7 + "
"(.0000000017,0)2^ 6^ 7 4 + "
"(-.0000000017,0)6^ 2^ 7 4 + "
"(.0000000049,0)2^ 1^ 4 2 + "
"(.0000000049,0)7^ 6^ 9 7 + "
"(.0000278842,0)2^ 6^ 4 9 + "
"(-.0000278842,0)6^ 2^ 4 9 + "
"(-.0000278842,0)2^ 6^ 9 4 + "
"(.0000278842,0)6^ 2^ 9 4 + "
"(-.0000002846,0)2^ 7^ 4 5 + "
"(.0000002846,0)7^ 2^ 4 5 + "
"(.0000002846,0)2^ 7^ 5 4 + "
"(-.0000002846,0)7^ 2^ 5 4 + "
"(-.0000000017,0)2^ 7^ 4 6 + "
"(.0000000017,0)7^ 2^ 4 6 + "
"(.0000000017,0)2^ 7^ 6 4 + "
"(-.0000000017,0)7^ 2^ 6 4 + "
"(-.0000003693,0)2^ 7^ 4 7 + "
"(.0000003693,0)7^ 2^ 4 7 + "
"(.0000003693,0)2^ 7^ 7 4 + "
"(-.0000003693,0)7^ 2^ 7 4 + "
"(-.0093065940,0)2^ 7^ 4 9 + "
"(.0093065940,0)7^ 2^ 4 9 + "
"(.0093065940,0)2^ 7^ 9 4 + "
"(-.0093065940,0)7^ 2^ 9 4 + "
"(-.0000002288,0)2^ 8^ 4 8 + "
"(.0000002288,0)8^ 2^ 4 8 + "
"(.0000002288,0)2^ 8^ 8 4 + "
"(-.0000002288,0)8^ 2^ 8 4 + "
"(-.0000001838,0)2^ 3^ 4 3 + "
"(-.0000001838,0)7^ 8^ 9 8 + "
"(.0000000671,0)2^ 8^ 4 9 + "
"(-.0000000671,0)8^ 2^ 4 9 + "
"(-.0000000671,0)2^ 8^ 9 4 + "
"(.0000000671,0)8^ 2^ 9 4 + "
"(.0043476957,0)2^ 9^ 4 5 + "
"(-.0043476957,0)9^ 2^ 4 5 + "
"(-.0043476957,0)2^ 9^ 5 4 + "
"(.0043476957,0)9^ 2^ 5 4 + "
"(-.0391473065,0)2^ 4^ 4 0 + "
"(-.0391473065,0)7^ 9^ 9 5 + "
"(.0000278842,0)2^ 9^ 4 6 + "
"(-.0000278842,0)9^ 2^ 4 6 + "
"(-.0000278842,0)2^ 9^ 6 4 + "
"(.0000278842,0)9^ 2^ 6 4 + "
"(-.0001504684,0)2^ 4^ 4 1 + "
"(-.0001504684,0)7^ 9^ 9 6 + "
"(-.0093065940,0)2^ 9^ 4 7 + "
"(.0093065940,0)9^ 2^ 4 7 + "
"(.0093065940,0)2^ 9^ 7 4 + "
"(-.0093065940,0)9^ 2^ 7 4 + "
"(.1524514641,0)2^ 4^ 4 2 + "
"(.1524514641,0)7^ 9^ 9 7 + "
"(.0000000671,0)2^ 9^ 4 8 + "
"(-.0000000671,0)9^ 2^ 4 8 + "
"(-.0000000671,0)2^ 9^ 8 4 + "
"(.0000000671,0)9^ 2^ 8 4 + "
"(-.0000002749,0)2^ 4^ 4 3 + "
"(-.0000002749,0)7^ 9^ 9 8 + "
"(-.0000003164,0)2^ 9^ 4 9 + "
"(.0000003164,0)9^ 2^ 4 9 + "
"(.0000003164,0)2^ 9^ 9 4 + "
"(-.0000003164,0)9^ 2^ 9 4 + "
"(.0000119449,0)3^ 0 + "
"(.0000119449,0)8^ 5 + "
"(.0000029862,0)3^ 5^ 0 5 + "
"(-.0000029862,0)5^ 3^ 0 5 + "
"(-.0000029862,0)3^ 5^ 5 0 + "
"(.0000029862,0)5^ 3^ 5 0 + "
"(.0000000018,0)3^ 5^ 0 6 + "
"(-.0000000018,0)5^ 3^ 0 6 + "
"(-.0000000018,0)3^ 5^ 6 0 + "
"(.0000000018,0)5^ 3^ 6 0 + "
"(-.0000000098,0)3^ 0^ 0 1 + "
"(-.0000000098,0)8^ 5^ 5 6 + "
"(-.0000002541,0)3^ 5^ 0 7 + "
"(.0000002541,0)5^ 3^ 0 7 + "
"(.0000002541,0)3^ 5^ 7 0 + "
"(-.0000002541,0)5^ 3^ 7 0 + "
"(-.0000005138,0)3^ 0^ 0 2 + "
"(-.0000005138,0)8^ 5^ 5 7 + "
"(-.0378290349,0)3^ 5^ 0 8 + "
"(.0378290349,0)5^ 3^ 0 8 + "
"(.0378290349,0)3^ 5^ 8 0 + "
"(-.0378290349,0)5^ 3^ 8 0 + "
"(.1499208210,0)3^ 0^ 0 3 + "
"(.1499208210,0)8^ 5^ 5 8 + "
"(.0000000018,0)3^ 6^ 0 5 + "
"(-.0000000018,0)6^ 3^ 0 5 + "
"(-.0000000018,0)3^ 6^ 5 0 + "
"(.0000000018,0)6^ 3^ 5 0 + "
"(.0000022779,0)3^ 6^ 0 6 + "
"(-.0000022779,0)6^ 3^ 0 6 + "
"(-.0000022779,0)3^ 6^ 6 0 + "
"(.0000022779,0)6^ 3^ 6 0 + "
"(.0000021036,0)3^ 1^ 0 1 + "
"(.0000021036,0)8^ 6^ 5 6 + "
"(-.0000000008,0)3^ 6^ 0 7 + "
"(.0000000008,0)6^ 3^ 0 7 + "
"(.0000000008,0)3^ 6^ 7 0 + "
"(-.0000000008,0)6^ 3^ 7 0 + "
"(.0000535112,0)3^ 6^ 0 8 + "
"(-.0000535112,0)6^ 3^ 0 8 + "
"(-.0000535112,0)3^ 6^ 8 0 + "
"(.0000535112,0)6^ 3^ 8 0 + "
"(-.0004605951,0)3^ 1^ 0 3 + "
"(-.0004605951,0)8^ 6^ 5 8 + "
"(-.0000002541,0)3^ 7^ 0 5 + "
"(.0000002541,0)7^ 3^ 0 5 + "
"(.0000002541,0)3^ 7^ 5 0 + "
"(-.0000002541,0)7^ 3^ 5 0 + "
"(-.0000000008,0)3^ 7^ 0 6 + "
"(.0000000008,0)7^ 3^ 0 6 + "
"(.0000000008,0)3^ 7^ 6 0 + "
"(-.0000000008,0)7^ 3^ 6 0 + "
"(.0000000009,0)3^ 2^ 0 1 + "
"(.0000000009,0)8^ 7^ 5 6 + "
"(.0000024587,0)3^ 7^ 0 7 + "
"(-.0000024587,0)7^ 3^ 0 7 + "
"(-.0000024587,0)3^ 7^ 7 0 + "
"(.0000024587,0)7^ 3^ 7 0 + "
"(.0000020339,0)3^ 2^ 0 2 + "
"(.0000020339,0)8^ 7^ 5 7 + "
"(.0043476801,0)3^ 7^ 0 8 + "
"(-.0043476801,0)7^ 3^ 0 8 + "
"(-.0043476801,0)3^ 7^ 8 0 + "
"(.0043476801,0)7^ 3^ 8 0 + "
"(-.0391472968,0)3^ 2^ 0 3 + "
"(-.0391472968,0)8^ 7^ 5 8 + "
"(-.0378290349,0)3^ 8^ 0 5 + "
"(.0378290349,0)8^ 3^ 0 5 + "
"(.0378290349,0)3^ 8^ 5 0 + "
"(-.0378290349,0)8^ 3^ 5 0 + "
"(.0000535112,0)3^ 8^ 0 6 + "
"(-.0000535112,0)8^ 3^ 0 6 + "
"(-.0000535112,0)3^ 8^ 6 0 + "
"(.0000535112,0)8^ 3^ 6 0 + "
"(.0043476801,0)3^ 8^ 0 7 + "
"(-.0043476801,0)8^ 3^ 0 7 + "
"(-.0043476801,0)3^ 8^ 7 0 + "
"(.0043476801,0)8^ 3^ 7 0 + "
"(.0000026970,0)3^ 8^ 0 8 + "
"(-.0000026970,0)8^ 3^ 0 8 + "
"(-.0000026970,0)3^ 8^ 8 0 + "
"(.0000026970,0)8^ 3^ 8 0 + "
"(-.0000001251,0)3^ 8^ 0 9 + "
"(.0000001251,0)8^ 3^ 0 9 + "
"(.0000001251,0)3^ 8^ 9 0 + "
"(-.0000001251,0)8^ 3^ 9 0 + "
"(.0000000003,0)3^ 4^ 0 2 + "
"(.0000000003,0)8^ 9^ 5 7 + "
"(-.0000001251,0)3^ 9^ 0 8 + "
"(.0000001251,0)9^ 3^ 0 8 + "
"(.0000001251,0)3^ 9^ 8 0 + "
"(-.0000001251,0)9^ 3^ 8 0 + "
"(.0000014128,0)3^ 4^ 0 3 + "
"(.0000014128,0)8^ 9^ 5 8 + "
"(.0000022960,0)3^ 9^ 0 9 + "
"(-.0000022960,0)9^ 3^ 0 9 + "
"(-.0000022960,0)3^ 9^ 9 0 + "
"(.0000022960,0)9^ 3^ 9 0 + "
"(.0000021095,0)3^ 4^ 0 4 + "
"(.0000021095,0)8^ 9^ 5 9 + "
"(.0000000259,0)3^ 1 + "
"(.0000000259,0)8^ 6 + "
"(.0000000116,0)3^ 5^ 1 5 + "
"(-.0000000116,0)5^ 3^ 1 5 + "
"(-.0000000116,0)3^ 5^ 5 1 + "
"(.0000000116,0)5^ 3^ 5 1 + "
"(.0000000098,0)3^ 0^ 1 0 + "
"(.0000000098,0)8^ 5^ 6 5 + "
"(.0000001742,0)3^ 5^ 1 6 + "
"(-.0000001742,0)5^ 3^ 1 6 + "
"(-.0000001742,0)3^ 5^ 6 1 + "
"(.0000001742,0)5^ 3^ 6 1 + "
"(-.0000000017,0)3^ 5^ 1 7 + "
"(.0000000017,0)5^ 3^ 1 7 + "
"(.0000000017,0)3^ 5^ 7 1 + "
"(-.0000000017,0)5^ 3^ 7 1 + "
"(-.0000000009,0)3^ 0^ 1 2 + "
"(-.0000000009,0)8^ 5^ 6 7 + "
"(.0000535112,0)3^ 5^ 1 8 + "
"(-.0000535112,0)5^ 3^ 1 8 + "
"(-.0000535112,0)3^ 5^ 8 1 + "
"(.0000535112,0)5^ 3^ 8 1 + "
"(-.0004605951,0)3^ 0^ 1 3 + "
"(-.0004605951,0)8^ 5^ 6 8 + "
"(.0000001742,0)3^ 6^ 1 5 + "
"(-.0000001742,0)6^ 3^ 1 5 + "
"(-.0000001742,0)3^ 6^ 5 1 + "
"(.0000001742,0)6^ 3^ 5 1 + "
"(-.0000021036,0)3^ 1^ 1 0 + "
"(-.0000021036,0)8^ 6^ 6 5 + "
"(.0000000136,0)3^ 6^ 1 6 + "
"(-.0000000136,0)6^ 3^ 1 6 + "
"(-.0000000136,0)3^ 6^ 6 1 + "
"(.0000000136,0)6^ 3^ 6 1 + "
"(.0000000762,0)3^ 6^ 1 7 + "
"(-.0000000762,0)6^ 3^ 1 7 + "
"(-.0000000762,0)3^ 6^ 7 1 + "
"(.0000000762,0)6^ 3^ 7 1 + "
"(-.0000002673,0)3^ 1^ 1 2 + "
"(-.0000002673,0)8^ 6^ 6 7 + "
"(-.0115814544,0)3^ 6^ 1 8 + "
"(.0115814544,0)6^ 3^ 1 8 + "
"(.0115814544,0)3^ 6^ 8 1 + "
"(-.0115814544,0)6^ 3^ 8 1 + "
"(.1630963082,0)3^ 1^ 1 3 + "
"(.1630963082,0)8^ 6^ 6 8 + "
"(-.0000000017,0)3^ 7^ 1 5 + "
"(.0000000017,0)7^ 3^ 1 5 + "
"(.0000000017,0)3^ 7^ 5 1 + "
"(-.0000000017,0)7^ 3^ 5 1 + "
"(-.0000000009,0)3^ 2^ 1 0 + "
"(-.0000000009,0)8^ 7^ 6 5 + "
"(.0000000762,0)3^ 7^ 1 6 + "
"(-.0000000762,0)7^ 3^ 1 6 + "
"(-.0000000762,0)3^ 7^ 6 1 + "
"(.0000000762,0)7^ 3^ 6 1 + "
"(.0000000112,0)3^ 7^ 1 7 + "
"(-.0000000112,0)7^ 3^ 1 7 + "
"(-.0000000112,0)3^ 7^ 7 1 + "
"(.0000000112,0)7^ 3^ 7 1 + "
"(.0000000088,0)3^ 2^ 1 2 + "
"(.0000000088,0)8^ 7^ 6 7 + "
"(.0000278842,0)3^ 7^ 1 8 + "
"(-.0000278842,0)7^ 3^ 1 8 + "
"(-.0000278842,0)3^ 7^ 8 1 + "
"(.0000278842,0)7^ 3^ 8 1 + "
"(-.0001504684,0)3^ 2^ 1 3 + "
"(-.0001504684,0)8^ 7^ 6 8 + "
"(.0000535112,0)3^ 8^ 1 5 + "
"(-.0000535112,0)8^ 3^ 1 5 + "
"(-.0000535112,0)3^ 8^ 5 1 + "
"(.0000535112,0)8^ 3^ 5 1 + "
"(-.0115814544,0)3^ 8^ 1 6 + "
"(.0115814544,0)8^ 3^ 1 6 + "
"(.0115814544,0)3^ 8^ 6 1 + "
"(-.0115814544,0)8^ 3^ 6 1 + "
"(.0000278842,0)3^ 8^ 1 7 + "
"(-.0000278842,0)8^ 3^ 1 7 + "
"(-.0000278842,0)3^ 8^ 7 1 + "
"(.0000278842,0)8^ 3^ 7 1 + "
"(.0000000131,0)3^ 8^ 1 8 + "
"(-.0000000131,0)8^ 3^ 1 8 + "
"(-.0000000131,0)3^ 8^ 8 1 + "
"(.0000000131,0)8^ 3^ 8 1 + "
"(-.0000000010,0)3^ 8^ 1 9 + "
"(.0000000010,0)8^ 3^ 1 9 + "
"(.0000000010,0)3^ 8^ 9 1 + "
"(-.0000000010,0)8^ 3^ 9 1 + "
"(-.0000000010,0)3^ 9^ 1 8 + "
"(.0000000010,0)9^ 3^ 1 8 + "
"(.0000000010,0)3^ 9^ 8 1 + "
"(-.0000000010,0)9^ 3^ 8 1 + "
"(.0000000049,0)3^ 4^ 1 3 + "
"(.0000000049,0)8^ 9^ 6 8 + "
"(.0000000103,0)3^ 9^ 1 9 + "
"(-.0000000103,0)9^ 3^ 1 9 + "
"(-.0000000103,0)3^ 9^ 9 1 + "
"(.0000000103,0)9^ 3^ 9 1 + "
"(.0000000087,0)3^ 4^ 1 4 + "
"(.0000000087,0)8^ 9^ 6 9 + "
"(.0000004236,0)3^ 2 + "
"(.0000004236,0)8^ 7 + "
"(.0000002597,0)3^ 5^ 2 5 + "
"(-.0000002597,0)5^ 3^ 2 5 + "
"(-.0000002597,0)3^ 5^ 5 2 + "
"(.0000002597,0)5^ 3^ 5 2 + "
"(.0000005138,0)3^ 0^ 2 0 + "
"(.0000005138,0)8^ 5^ 7 5 + "
"(-.0000000008,0)3^ 5^ 2 6 + "
"(.0000000008,0)5^ 3^ 2 6 + "
"(.0000000008,0)3^ 5^ 6 2 + "
"(-.0000000008,0)5^ 3^ 6 2 + "
"(.0000000009,0)3^ 0^ 2 1 + "
"(.0000000009,0)8^ 5^ 7 6 + "
"(.0000004247,0)3^ 5^ 2 7 + "
"(-.0000004247,0)5^ 3^ 2 7 + "
"(-.0000004247,0)3^ 5^ 7 2 + "
"(.0000004247,0)5^ 3^ 7 2 + "
"(.0043476801,0)3^ 5^ 2 8 + "
"(-.0043476801,0)5^ 3^ 2 8 + "
"(-.0043476801,0)3^ 5^ 8 2 + "
"(.0043476801,0)5^ 3^ 8 2 + "
"(-.0391472968,0)3^ 0^ 2 3 + "
"(-.0391472968,0)8^ 5^ 7 8 + "
"(-.0000000008,0)3^ 6^ 2 5 + "
"(.0000000008,0)6^ 3^ 2 5 + "
"(.0000000008,0)3^ 6^ 5 2 + "
"(-.0000000008,0)6^ 3^ 5 2 + "
"(.0000003436,0)3^ 6^ 2 6 + "
"(-.0000003436,0)6^ 3^ 2 6 + "
"(-.0000003436,0)3^ 6^ 6 2 + "
"(.0000003436,0)6^ 3^ 6 2 + "
"(.0000002673,0)3^ 1^ 2 1 + "
"(.0000002673,0)8^ 6^ 7 6 + "
"(.0000000024,0)3^ 6^ 2 7 + "
"(-.0000000024,0)6^ 3^ 2 7 + "
"(-.0000000024,0)3^ 6^ 7 2 + "
"(.0000000024,0)6^ 3^ 7 2 + "
"(.0000278842,0)3^ 6^ 2 8 + "
"(-.0000278842,0)6^ 3^ 2 8 + "
"(-.0000278842,0)3^ 6^ 8 2 + "
"(.0000278842,0)6^ 3^ 8 2 + "
"(-.0001504684,0)3^ 1^ 2 3 + "
"(-.0001504684,0)8^ 6^ 7 8 + "
"(.0000004247,0)3^ 7^ 2 5 + "
"(-.0000004247,0)7^ 3^ 2 5 + "
"(-.0000004247,0)3^ 7^ 5 2 + "
"(.0000004247,0)7^ 3^ 5 2 + "
"(-.0000020339,0)3^ 2^ 2 0 + "
"(-.0000020339,0)8^ 7^ 7 5 + "
"(.0000000024,0)3^ 7^ 2 6 + "
"(-.0000000024,0)7^ 3^ 2 6 + "
"(-.0000000024,0)3^ 7^ 6 2 + "
"(.0000000024,0)7^ 3^ 6 2 + "
"(-.0000000088,0)3^ 2^ 2 1 + "
"(-.0000000088,0)8^ 7^ 7 6 + "
"(.0000005520,0)3^ 7^ 2 7 + "
"(-.0000005520,0)7^ 3^ 2 7 + "
"(-.0000005520,0)3^ 7^ 7 2 + "
"(.0000005520,0)7^ 3^ 7 2 + "
"(-.0093065944,0)3^ 7^ 2 8 + "
"(.0093065944,0)7^ 3^ 2 8 + "
"(.0093065944,0)3^ 7^ 8 2 + "
"(-.0093065944,0)7^ 3^ 8 2 + "
"(.1524514282,0)3^ 2^ 2 3 + "
"(.1524514282,0)8^ 7^ 7 8 + "
"(.0043476801,0)3^ 8^ 2 5 + "
"(-.0043476801,0)8^ 3^ 2 5 + "
"(-.0043476801,0)3^ 8^ 5 2 + "
"(.0043476801,0)8^ 3^ 5 2 + "
"(.0000278842,0)3^ 8^ 2 6 + "
"(-.0000278842,0)8^ 3^ 2 6 + "
"(-.0000278842,0)3^ 8^ 6 2 + "
"(.0000278842,0)8^ 3^ 6 2 + "
"(-.0093065944,0)3^ 8^ 2 7 + "
"(.0093065944,0)8^ 3^ 2 7 + "
"(.0093065944,0)3^ 8^ 7 2 + "
"(-.0093065944,0)8^ 3^ 7 2 + "
"(.0000004730,0)3^ 8^ 2 8 + "
"(-.0000004730,0)8^ 3^ 2 8 + "
"(-.0000004730,0)3^ 8^ 8 2 + "
"(.0000004730,0)8^ 3^ 8 2 + "
"(-.0000000450,0)3^ 8^ 2 9 + "
"(.0000000450,0)8^ 3^ 2 9 + "
"(.0000000450,0)3^ 8^ 9 2 + "
"(-.0000000450,0)8^ 3^ 9 2 + "
"(-.0000000003,0)3^ 4^ 2 0 + "
"(-.0000000003,0)8^ 9^ 7 5 + "
"(-.0000000450,0)3^ 9^ 2 8 + "
"(.0000000450,0)9^ 3^ 2 8 + "
"(.0000000450,0)3^ 9^ 8 2 + "
"(-.0000000450,0)9^ 3^ 8 2 + "
"(.0000001838,0)3^ 4^ 2 3 + "
"(.0000001838,0)8^ 9^ 7 8 + "
"(.0000003421,0)3^ 9^ 2 9 + "
"(-.0000003421,0)9^ 3^ 2 9 + "
"(-.0000003421,0)3^ 9^ 9 2 + "
"(.0000003421,0)9^ 3^ 9 2 + "
"(.0000002749,0)3^ 4^ 2 4 + "
"(.0000002749,0)8^ 9^ 7 9 + "
"(.0887264716,0)3^ 3 + "
"(.0887264716,0)8^ 8 + "
"(-.1877498560,0)3^ 5^ 3 5 + "
"(.1877498560,0)5^ 3^ 3 5 + "
"(.1877498560,0)3^ 5^ 5 3 + "
"(-.1877498560,0)5^ 3^ 5 3 + "
"(-.1499208210,0)3^ 0^ 3 0 + "
"(-.1499208210,0)8^ 5^ 8 5 + "
"(.0005141063,0)3^ 5^ 3 6 + "
"(-.0005141063,0)5^ 3^ 3 6 + "
"(-.0005141063,0)3^ 5^ 6 3 + "
"(.0005141063,0)5^ 3^ 6 3 + "
"(.0004605951,0)3^ 0^ 3 1 + "
"(.0004605951,0)8^ 5^ 8 6 + "
"(.0434949769,0)3^ 5^ 3 7 + "
"(-.0434949769,0)5^ 3^ 3 7 + "
"(-.0434949769,0)3^ 5^ 7 3 + "
"(.0434949769,0)5^ 3^ 7 3 + "
"(.0391472968,0)3^ 0^ 3 2 + "
"(.0391472968,0)8^ 5^ 8 7 + "
"(.0000026970,0)3^ 5^ 3 8 + "
"(-.0000026970,0)5^ 3^ 3 8 + "
"(-.0000026970,0)3^ 5^ 8 3 + "
"(.0000026970,0)5^ 3^ 8 3 + "
"(-.0000015379,0)3^ 5^ 3 9 + "
"(.0000015379,0)5^ 3^ 3 9 + "
"(.0000015379,0)3^ 5^ 9 3 + "
"(-.0000015379,0)5^ 3^ 9 3 + "
"(-.0000014128,0)3^ 0^ 3 4 + "
"(-.0000014128,0)8^ 5^ 8 9 + "
"(.0005141063,0)3^ 6^ 3 5 + "
"(-.0005141063,0)6^ 3^ 3 5 + "
"(-.0005141063,0)3^ 6^ 5 3 + "
"(.0005141063,0)6^ 3^ 5 3 + "
"(.0004605951,0)3^ 1^ 3 0 + "
"(.0004605951,0)8^ 6^ 8 5 + "
"(-.1746777627,0)3^ 6^ 3 6 + "
"(.1746777627,0)6^ 3^ 3 6 + "
"(.1746777627,0)3^ 6^ 6 3 + "
"(-.1746777627,0)6^ 3^ 6 3 + "
"(-.1630963082,0)3^ 1^ 3 1 + "
"(-.1630963082,0)8^ 6^ 8 6 + "
"(.0001783526,0)3^ 6^ 3 7 + "
"(-.0001783526,0)6^ 3^ 3 7 + "
"(-.0001783526,0)3^ 6^ 7 3 + "
"(.0001783526,0)6^ 3^ 7 3 + "
"(.0001504684,0)3^ 1^ 3 2 + "
"(.0001504684,0)8^ 6^ 8 7 + "
"(.0000000131,0)3^ 6^ 3 8 + "
"(-.0000000131,0)6^ 3^ 3 8 + "
"(-.0000000131,0)3^ 6^ 8 3 + "
"(.0000000131,0)6^ 3^ 8 3 + "
"(-.0000000059,0)3^ 6^ 3 9 + "
"(.0000000059,0)6^ 3^ 3 9 + "
"(.0000000059,0)3^ 6^ 9 3 + "
"(-.0000000059,0)6^ 3^ 9 3 + "
"(-.0000000049,0)3^ 1^ 3 4 + "
"(-.0000000049,0)8^ 6^ 8 9 + "
"(.0434949769,0)3^ 7^ 3 5 + "
"(-.0434949769,0)7^ 3^ 3 5 + "
"(-.0434949769,0)3^ 7^ 5 3 + "
"(.0434949769,0)7^ 3^ 5 3 + "
"(.0391472968,0)3^ 2^ 3 0 + "
"(.0391472968,0)8^ 7^ 8 5 + "
"(.0001783526,0)3^ 7^ 3 6 + "
"(-.0001783526,0)7^ 3^ 3 6 + "
"(-.0001783526,0)3^ 7^ 6 3 + "
"(.0001783526,0)7^ 3^ 6 3 + "
"(.0001504684,0)3^ 2^ 3 1 + "
"(.0001504684,0)8^ 7^ 8 6 + "
"(-.1617580226,0)3^ 7^ 3 7 + "
"(.1617580226,0)7^ 3^ 3 7 + "
"(.1617580226,0)3^ 7^ 7 3 + "
"(-.1617580226,0)7^ 3^ 7 3 + "
"(-.1524514282,0)3^ 2^ 3 2 + "
"(-.1524514282,0)8^ 7^ 8 7 + "
"(.0000004730,0)3^ 7^ 3 8 + "
"(-.0000004730,0)7^ 3^ 3 8 + "
"(-.0000004730,0)3^ 7^ 8 3 + "
"(.0000004730,0)7^ 3^ 8 3 + "
"(-.0000002288,0)3^ 7^ 3 9 + "
"(.0000002288,0)7^ 3^ 3 9 + "
"(.0000002288,0)3^ 7^ 9 3 + "
"(-.0000002288,0)7^ 3^ 9 3 + "
"(-.0000001838,0)3^ 2^ 3 4 + "
"(-.0000001838,0)8^ 7^ 8 9 + "
"(.0000026970,0)3^ 8^ 3 5 + "
"(-.0000026970,0)8^ 3^ 3 5 + "
"(-.0000026970,0)3^ 8^ 5 3 + "
"(.0000026970,0)8^ 3^ 5 3 + "
"(.0000000131,0)3^ 8^ 3 6 + "
"(-.0000000131,0)8^ 3^ 3 6 + "
"(-.0000000131,0)3^ 8^ 6 3 + "
"(.0000000131,0)8^ 3^ 6 3 + "
"(.0000004730,0)3^ 8^ 3 7 + "
"(-.0000004730,0)8^ 3^ 3 7 + "
"(-.0000004730,0)3^ 8^ 7 3 + "
"(.0000004730,0)8^ 3^ 7 3 + "
"(-.1950932473,0)3^ 8^ 3 8 + "
"(.1950932473,0)8^ 3^ 3 8 + "
"(.1950932473,0)3^ 8^ 8 3 + "
"(-.1950932473,0)8^ 3^ 8 3 + "
"(.0000000700,0)3^ 8^ 3 9 + "
"(-.0000000700,0)8^ 3^ 3 9 + "
"(-.0000000700,0)3^ 8^ 9 3 + "
"(.0000000700,0)8^ 3^ 9 3 + "
"(-.0000015379,0)3^ 9^ 3 5 + "
"(.0000015379,0)9^ 3^ 3 5 + "
"(.0000015379,0)3^ 9^ 5 3 + "
"(-.0000015379,0)9^ 3^ 5 3 + "
"(-.0000014128,0)3^ 4^ 3 0 + "
"(-.0000014128,0)8^ 9^ 8 5 + "
"(-.0000000059,0)3^ 9^ 3 6 + "
"(.0000000059,0)9^ 3^ 3 6 + "
"(.0000000059,0)3^ 9^ 6 3 + "
"(-.0000000059,0)9^ 3^ 6 3 + "
"(-.0000000049,0)3^ 4^ 3 1 + "
"(-.0000000049,0)8^ 9^ 8 6 + "
"(-.0000002288,0)3^ 9^ 3 7 + "
"(.0000002288,0)9^ 3^ 3 7 + "
"(.0000002288,0)3^ 9^ 7 3 + "
"(-.0000002288,0)9^ 3^ 7 3 + "
"(-.0000001838,0)3^ 4^ 3 2 + "
"(-.0000001838,0)8^ 9^ 8 7 + "
"(.0000000700,0)3^ 9^ 3 8 + "
"(-.0000000700,0)9^ 3^ 3 8 + "
"(-.0000000700,0)3^ 9^ 8 3 + "
"(.0000000700,0)9^ 3^ 8 3 + "
"(-.1742218895,0)3^ 9^ 3 9 + "
"(.1742218895,0)9^ 3^ 3 9 + "
"(.1742218895,0)3^ 9^ 9 3 + "
"(-.1742218895,0)9^ 3^ 9 3 + "
"(-.1631920166,0)3^ 4^ 3 4 + "
"(-.1631920166,0)8^ 9^ 8 9 + "
"(-.0000001251,0)3^ 5^ 4 8 + "
"(.0000001251,0)5^ 3^ 4 8 + "
"(.0000001251,0)3^ 5^ 8 4 + "
"(-.0000001251,0)5^ 3^ 8 4 + "
"(.0000014128,0)3^ 0^ 4 3 + "
"(.0000014128,0)8^ 5^ 9 8 + "
"(.0000001865,0)3^ 5^ 4 9 + "
"(-.0000001865,0)5^ 3^ 4 9 + "
"(-.0000001865,0)3^ 5^ 9 4 + "
"(.0000001865,0)5^ 3^ 9 4 + "
"(-.0000000010,0)3^ 6^ 4 8 + "
"(.0000000010,0)6^ 3^ 4 8 + "
"(.0000000010,0)3^ 6^ 8 4 + "
"(-.0000000010,0)6^ 3^ 8 4 + "
"(.0000000049,0)3^ 1^ 4 3 + "
"(.0000000049,0)8^ 6^ 9 8 + "
"(.0000000016,0)3^ 6^ 4 9 + "
"(-.0000000016,0)6^ 3^ 4 9 + "
"(-.0000000016,0)3^ 6^ 9 4 + "
"(.0000000016,0)6^ 3^ 9 4 + "
"(-.0000000450,0)3^ 7^ 4 8 + "
"(.0000000450,0)7^ 3^ 4 8 + "
"(.0000000450,0)3^ 7^ 8 4 + "
"(-.0000000450,0)7^ 3^ 8 4 + "
"(.0000001838,0)3^ 2^ 4 3 + "
"(.0000001838,0)8^ 7^ 9 8 + "
"(.0000000671,0)3^ 7^ 4 9 + "
"(-.0000000671,0)7^ 3^ 4 9 + "
"(-.0000000671,0)3^ 7^ 9 4 + "
"(.0000000671,0)7^ 3^ 9 4 + "
"(-.0000001251,0)3^ 8^ 4 5 + "
"(.0000001251,0)8^ 3^ 4 5 + "
"(.0000001251,0)3^ 8^ 5 4 + "
"(-.0000001251,0)8^ 3^ 5 4 + "
"(-.0000000010,0)3^ 8^ 4 6 + "
"(.0000000010,0)8^ 3^ 4 6 + "
"(.0000000010,0)3^ 8^ 6 4 + "
"(-.0000000010,0)8^ 3^ 6 4 + "
"(-.0000000450,0)3^ 8^ 4 7 + "
"(.0000000450,0)8^ 3^ 4 7 + "
"(.0000000450,0)3^ 8^ 7 4 + "
"(-.0000000450,0)8^ 3^ 7 4 + "
"(.0000000700,0)3^ 8^ 4 8 + "
"(-.0000000700,0)8^ 3^ 4 8 + "
"(-.0000000700,0)3^ 8^ 8 4 + "
"(.0000000700,0)8^ 3^ 8 4 + "
"(-.0110298729,0)3^ 8^ 4 9 + "
"(.0110298729,0)8^ 3^ 4 9 + "
"(.0110298729,0)3^ 8^ 9 4 + "
"(-.0110298729,0)8^ 3^ 9 4 + "
"(.0000001865,0)3^ 9^ 4 5 + "
"(-.0000001865,0)9^ 3^ 4 5 + "
"(-.0000001865,0)3^ 9^ 5 4 + "
"(.0000001865,0)9^ 3^ 5 4 + "
"(-.0000021095,0)3^ 4^ 4 0 + "
"(-.0000021095,0)8^ 9^ 9 5 + "
"(.0000000016,0)3^ 9^ 4 6 + "
"(-.0000000016,0)9^ 3^ 4 6 + "
"(-.0000000016,0)3^ 9^ 6 4 + "
"(.0000000016,0)9^ 3^ 6 4 + "
"(-.0000000087,0)3^ 4^ 4 1 + "
"(-.0000000087,0)8^ 9^ 9 6 + "
"(.0000000671,0)3^ 9^ 4 7 + "
"(-.0000000671,0)9^ 3^ 4 7 + "
"(-.0000000671,0)3^ 9^ 7 4 + "
"(.0000000671,0)9^ 3^ 7 4 + "
"(-.0000002749,0)3^ 4^ 4 2 + "
"(-.0000002749,0)8^ 9^ 9 7 + "
"(-.0110298729,0)3^ 9^ 4 8 + "
"(.0110298729,0)9^ 3^ 4 8 + "
"(.0110298729,0)3^ 9^ 8 4 + "
"(-.0110298729,0)9^ 3^ 8 4 + "
"(.1631920166,0)3^ 4^ 4 3 + "
"(.1631920166,0)8^ 9^ 9 8 + "
"(-.0000000701,0)3^ 9^ 4 9 + "
"(.0000000701,0)9^ 3^ 4 9 + "
"(.0000000701,0)3^ 9^ 9 4 + "
"(-.0000000701,0)9^ 3^ 9 4 + "
"(-.0000080006,0)4^ 0 + "
"(-.0000080006,0)9^ 5 + "
"(-.0000020001,0)4^ 5^ 0 5 + "
"(.0000020001,0)5^ 4^ 0 5 + "
"(.0000020001,0)4^ 5^ 5 0 + "
"(-.0000020001,0)5^ 4^ 5 0 + "
"(-.0000000009,0)4^ 5^ 0 6 + "
"(.0000000009,0)5^ 4^ 0 6 + "
"(.0000000009,0)4^ 5^ 6 0 + "
"(-.0000000009,0)5^ 4^ 6 0 + "
"(.0000000057,0)4^ 0^ 0 1 + "
"(.0000000057,0)9^ 5^ 5 6 + "
"(.0000001703,0)4^ 5^ 0 7 + "
"(-.0000001703,0)5^ 4^ 0 7 + "
"(-.0000001703,0)4^ 5^ 7 0 + "
"(.0000001703,0)5^ 4^ 7 0 + "
"(.0000003438,0)4^ 0^ 0 2 + "
"(.0000003438,0)9^ 5^ 5 7 + "
"(-.0378290465,0)4^ 5^ 0 9 + "
"(.0378290465,0)5^ 4^ 0 9 + "
"(.0378290465,0)4^ 5^ 9 0 + "
"(-.0378290465,0)5^ 4^ 9 0 + "
"(.1499208551,0)4^ 0^ 0 4 + "
"(.1499208551,0)9^ 5^ 5 9 + "
"(-.0000000009,0)4^ 6^ 0 5 + "
"(.0000000009,0)6^ 4^ 0 5 + "
"(.0000000009,0)4^ 6^ 5 0 + "
"(-.0000000009,0)6^ 4^ 5 0 + "
"(-.0000015254,0)4^ 6^ 0 6 + "
"(.0000015254,0)6^ 4^ 0 6 + "
"(.0000015254,0)4^ 6^ 6 0 + "
"(-.0000015254,0)6^ 4^ 6 0 + "
"(-.0000014094,0)4^ 1^ 0 1 + "
"(-.0000014094,0)9^ 6^ 5 6 + "
"(.0000000003,0)4^ 6^ 0 7 + "
"(-.0000000003,0)6^ 4^ 0 7 + "
"(-.0000000003,0)4^ 6^ 7 0 + "
"(.0000000003,0)6^ 4^ 7 0 + "
"(.0000000004,0)4^ 1^ 0 2 + "
"(.0000000004,0)9^ 6^ 5 7 + "
"(.0000535113,0)4^ 6^ 0 9 + "
"(-.0000535113,0)6^ 4^ 0 9 + "
"(-.0000535113,0)4^ 6^ 9 0 + "
"(.0000535113,0)6^ 4^ 9 0 + "
"(-.0004605952,0)4^ 1^ 0 4 + "
"(-.0004605952,0)9^ 6^ 5 9 + "
"(.0000001703,0)4^ 7^ 0 5 + "
"(-.0000001703,0)7^ 4^ 0 5 + "
"(-.0000001703,0)4^ 7^ 5 0 + "
"(.0000001703,0)7^ 4^ 5 0 + "
"(.0000000003,0)4^ 7^ 0 6 + "
"(-.0000000003,0)7^ 4^ 0 6 + "
"(-.0000000003,0)4^ 7^ 6 0 + "
"(.0000000003,0)7^ 4^ 6 0 + "
"(-.0000016466,0)4^ 7^ 0 7 + "
"(.0000016466,0)7^ 4^ 0 7 + "
"(.0000016466,0)4^ 7^ 7 0 + "
"(-.0000016466,0)7^ 4^ 7 0 + "
"(-.0000013620,0)4^ 2^ 0 2 + "
"(-.0000013620,0)9^ 7^ 5 7 + "
"(.0043476957,0)4^ 7^ 0 9 + "
"(-.0043476957,0)7^ 4^ 0 9 + "
"(-.0043476957,0)4^ 7^ 9 0 + "
"(.0043476957,0)7^ 4^ 9 0 + "
"(-.0391473065,0)4^ 2^ 0 4 + "
"(-.0391473065,0)9^ 7^ 5 9 + "
"(-.0000000003,0)4^ 3^ 0 2 + "
"(-.0000000003,0)9^ 8^ 5 7 + "
"(-.0000015379,0)4^ 8^ 0 8 + "
"(.0000015379,0)8^ 4^ 0 8 + "
"(.0000015379,0)4^ 8^ 8 0 + "
"(-.0000015379,0)8^ 4^ 8 0 + "
"(-.0000014128,0)4^ 3^ 0 3 + "
"(-.0000014128,0)9^ 8^ 5 8 + "
"(.0000001865,0)4^ 8^ 0 9 + "
"(-.0000001865,0)8^ 4^ 0 9 + "
"(-.0000001865,0)4^ 8^ 9 0 + "
"(.0000001865,0)8^ 4^ 9 0 + "
"(-.0000021095,0)4^ 3^ 0 4 + "
"(-.0000021095,0)9^ 8^ 5 9 + "
"(-.0378290465,0)4^ 9^ 0 5 + "
"(.0378290465,0)9^ 4^ 0 5 + "
"(.0378290465,0)4^ 9^ 5 0 + "
"(-.0378290465,0)9^ 4^ 5 0 + "
"(.0000535113,0)4^ 9^ 0 6 + "
"(-.0000535113,0)9^ 4^ 0 6 + "
"(-.0000535113,0)4^ 9^ 6 0 + "
"(.0000535113,0)9^ 4^ 6 0 + "
"(.0043476957,0)4^ 9^ 0 7 + "
"(-.0043476957,0)9^ 4^ 0 7 + "
"(-.0043476957,0)4^ 9^ 7 0 + "
"(.0043476957,0)9^ 4^ 7 0 + "
"(.0000001865,0)4^ 9^ 0 8 + "
"(-.0000001865,0)9^ 4^ 0 8 + "
"(-.0000001865,0)4^ 9^ 8 0 + "
"(.0000001865,0)9^ 4^ 8 0 + "
"(-.0000018069,0)4^ 9^ 0 9 + "
"(.0000018069,0)9^ 4^ 0 9 + "
"(.0000018069,0)4^ 9^ 9 0 + "
"(-.0000018069,0)9^ 4^ 9 0 + "
"(-.0000000344,0)4^ 1 + "
"(-.0000000344,0)9^ 6 + "
"(-.0000000065,0)4^ 5^ 1 5 + "
"(.0000000065,0)5^ 4^ 1 5 + "
"(.0000000065,0)4^ 5^ 5 1 + "
"(-.0000000065,0)5^ 4^ 5 1 + "
"(-.0000000057,0)4^ 0^ 1 0 + "
"(-.0000000057,0)9^ 5^ 6 5 + "
"(-.0000001160,0)4^ 5^ 1 6 + "
"(.0000001160,0)5^ 4^ 1 6 + "
"(.0000001160,0)4^ 5^ 6 1 + "
"(-.0000001160,0)5^ 4^ 6 1 + "
"(.0000000005,0)4^ 5^ 1 7 + "
"(-.0000000005,0)5^ 4^ 1 7 + "
"(-.0000000005,0)4^ 5^ 7 1 + "
"(.0000000005,0)5^ 4^ 7 1 + "
"(.0000000006,0)4^ 0^ 1 2 + "
"(.0000000006,0)9^ 5^ 6 7 + "
"(.0000535113,0)4^ 5^ 1 9 + "
"(-.0000535113,0)5^ 4^ 1 9 + "
"(-.0000535113,0)4^ 5^ 9 1 + "
"(.0000535113,0)5^ 4^ 9 1 + "
"(-.0004605952,0)4^ 0^ 1 4 + "
"(-.0004605952,0)9^ 5^ 6 9 + "
"(-.0000001160,0)4^ 6^ 1 5 + "
"(.0000001160,0)6^ 4^ 1 5 + "
"(.0000001160,0)4^ 6^ 5 1 + "
"(-.0000001160,0)6^ 4^ 5 1 + "
"(.0000014094,0)4^ 1^ 1 0 + "
"(.0000014094,0)9^ 6^ 6 5 + "
"(-.0000000079,0)4^ 6^ 1 6 + "
"(.0000000079,0)6^ 4^ 1 6 + "
"(.0000000079,0)4^ 6^ 6 1 + "
"(-.0000000079,0)6^ 4^ 6 1 + "
"(-.0000000510,0)4^ 6^ 1 7 + "
"(.0000000510,0)6^ 4^ 1 7 + "
"(.0000000510,0)4^ 6^ 7 1 + "
"(-.0000000510,0)6^ 4^ 7 1 + "
"(.0000001786,0)4^ 1^ 1 2 + "
"(.0000001786,0)9^ 6^ 6 7 + "
"(-.0115814579,0)4^ 6^ 1 9 + "
"(.0115814579,0)6^ 4^ 1 9 + "
"(.0115814579,0)4^ 6^ 9 1 + "
"(-.0115814579,0)6^ 4^ 9 1 + "
"(.1630963431,0)4^ 1^ 1 4 + "
"(.1630963431,0)9^ 6^ 6 9 + "
"(.0000000005,0)4^ 7^ 1 5 + "
"(-.0000000005,0)7^ 4^ 1 5 + "
"(-.0000000005,0)4^ 7^ 5 1 + "
"(.0000000005,0)7^ 4^ 5 1 + "
"(-.0000000510,0)4^ 7^ 1 6 + "
"(.0000000510,0)7^ 4^ 1 6 + "
"(.0000000510,0)4^ 7^ 6 1 + "
"(-.0000000510,0)7^ 4^ 6 1 + "
"(-.0000000066,0)4^ 7^ 1 7 + "
"(.0000000066,0)7^ 4^ 1 7 + "
"(.0000000066,0)4^ 7^ 7 1 + "
"(-.0000000066,0)7^ 4^ 7 1 + "
"(-.0000000049,0)4^ 2^ 1 2 + "
"(-.0000000049,0)9^ 7^ 6 7 + "
"(.0000278842,0)4^ 7^ 1 9 + "
"(-.0000278842,0)7^ 4^ 1 9 + "
"(-.0000278842,0)4^ 7^ 9 1 + "
"(.0000278842,0)7^ 4^ 9 1 + "
"(-.0001504684,0)4^ 2^ 1 4 + "
"(-.0001504684,0)9^ 7^ 6 9 + "
"(-.0000000059,0)4^ 8^ 1 8 + "
"(.0000000059,0)8^ 4^ 1 8 + "
"(.0000000059,0)4^ 8^ 8 1 + "
"(-.0000000059,0)8^ 4^ 8 1 + "
"(-.0000000049,0)4^ 3^ 1 3 + "
"(-.0000000049,0)9^ 8^ 6 8 + "
"(.0000000016,0)4^ 8^ 1 9 + "
"(-.0000000016,0)8^ 4^ 1 9 + "
"(-.0000000016,0)4^ 8^ 9 1 + "
"(.0000000016,0)8^ 4^ 9 1 + "
"(-.0000000087,0)4^ 3^ 1 4 + "
"(-.0000000087,0)9^ 8^ 6 9 + "
"(.0000535113,0)4^ 9^ 1 5 + "
"(-.0000535113,0)9^ 4^ 1 5 + "
"(-.0000535113,0)4^ 9^ 5 1 + "
"(.0000535113,0)9^ 4^ 5 1 + "
"(-.0115814579,0)4^ 9^ 1 6 + "
"(.0115814579,0)9^ 4^ 1 6 + "
"(.0115814579,0)4^ 9^ 6 1 + "
"(-.0115814579,0)9^ 4^ 6 1 + "
"(.0000278842,0)4^ 9^ 1 7 + "
"(-.0000278842,0)9^ 4^ 1 7 + "
"(-.0000278842,0)4^ 9^ 7 1 + "
"(.0000278842,0)9^ 4^ 7 1 + "
"(.0000000016,0)4^ 9^ 1 8 + "
"(-.0000000016,0)9^ 4^ 1 8 + "
"(-.0000000016,0)4^ 9^ 8 1 + "
"(.0000000016,0)9^ 4^ 8 1 + "
"(-.0000000076,0)4^ 9^ 1 9 + "
"(.0000000076,0)9^ 4^ 1 9 + "
"(.0000000076,0)4^ 9^ 9 1 + "
"(-.0000000076,0)9^ 4^ 9 1 + "
"(-.0000002883,0)4^ 2 + "
"(-.0000002883,0)9^ 7 + "
"(-.0000001735,0)4^ 5^ 2 5 + "
"(.0000001735,0)5^ 4^ 2 5 + "
"(.0000001735,0)4^ 5^ 5 2 + "
"(-.0000001735,0)5^ 4^ 5 2 + "
"(-.0000003438,0)4^ 0^ 2 0 + "
"(-.0000003438,0)9^ 5^ 7 5 + "
"(-.0000000006,0)4^ 0^ 2 1 + "
"(-.0000000006,0)9^ 5^ 7 6 + "
"(-.0000002846,0)4^ 5^ 2 7 + "
"(.0000002846,0)5^ 4^ 2 7 + "
"(.0000002846,0)4^ 5^ 7 2 + "
"(-.0000002846,0)5^ 4^ 7 2 + "
"(.0043476957,0)4^ 5^ 2 9 + "
"(-.0043476957,0)5^ 4^ 2 9 + "
"(-.0043476957,0)4^ 5^ 9 2 + "
"(.0043476957,0)5^ 4^ 9 2 + "
"(-.0391473065,0)4^ 0^ 2 4 + "
"(-.0391473065,0)9^ 5^ 7 9 + "
"(-.0000000004,0)4^ 1^ 2 0 + "
"(-.0000000004,0)9^ 6^ 7 5 + "
"(-.0000002296,0)4^ 6^ 2 6 + "
"(.0000002296,0)6^ 4^ 2 6 + "
"(.0000002296,0)4^ 6^ 6 2 + "
"(-.0000002296,0)6^ 4^ 6 2 + "
"(-.0000001786,0)4^ 1^ 2 1 + "
"(-.0000001786,0)9^ 6^ 7 6 + "
"(-.0000000017,0)4^ 6^ 2 7 + "
"(.0000000017,0)6^ 4^ 2 7 + "
"(.0000000017,0)4^ 6^ 7 2 + "
"(-.0000000017,0)6^ 4^ 7 2 + "
"(.0000278842,0)4^ 6^ 2 9 + "
"(-.0000278842,0)6^ 4^ 2 9 + "
"(-.0000278842,0)4^ 6^ 9 2 + "
"(.0000278842,0)6^ 4^ 9 2 + "
"(-.0001504684,0)4^ 1^ 2 4 + "
"(-.0001504684,0)9^ 6^ 7 9 + "
"(-.0000002846,0)4^ 7^ 2 5 + "
"(.0000002846,0)7^ 4^ 2 5 + "
"(.0000002846,0)4^ 7^ 5 2 + "
"(-.0000002846,0)7^ 4^ 5 2 + "
"(.0000013620,0)4^ 2^ 2 0 + "
"(.0000013620,0)9^ 7^ 7 5 + "
"(-.0000000017,0)4^ 7^ 2 6 + "
"(.0000000017,0)7^ 4^ 2 6 + "
"(.0000000017,0)4^ 7^ 6 2 + "
"(-.0000000017,0)7^ 4^ 6 2 + "
"(.0000000049,0)4^ 2^ 2 1 + "
"(.0000000049,0)9^ 7^ 7 6 + "
"(-.0000003693,0)4^ 7^ 2 7 + "
"(.0000003693,0)7^ 4^ 2 7 + "
"(.0000003693,0)4^ 7^ 7 2 + "
"(-.0000003693,0)7^ 4^ 7 2 + "
"(-.0093065940,0)4^ 7^ 2 9 + "
"(.0093065940,0)7^ 4^ 2 9 + "
"(.0093065940,0)4^ 7^ 9 2 + "
"(-.0093065940,0)7^ 4^ 9 2 + "
"(.1524514641,0)4^ 2^ 2 4 + "
"(.1524514641,0)9^ 7^ 7 9 + "
"(.0000000003,0)4^ 3^ 2 0 + "
"(.0000000003,0)9^ 8^ 7 5 + "
"(-.0000002288,0)4^ 8^ 2 8 + "
"(.0000002288,0)8^ 4^ 2 8 + "
"(.0000002288,0)4^ 8^ 8 2 + "
"(-.0000002288,0)8^ 4^ 8 2 + "
"(-.0000001838,0)4^ 3^ 2 3 + "
"(-.0000001838,0)9^ 8^ 7 8 + "
"(.0000000671,0)4^ 8^ 2 9 + "
"(-.0000000671,0)8^ 4^ 2 9 + "
"(-.0000000671,0)4^ 8^ 9 2 + "
"(.0000000671,0)8^ 4^ 9 2 + "
"(-.0000002749,0)4^ 3^ 2 4 + "
"(-.0000002749,0)9^ 8^ 7 9 + "
"(.0043476957,0)4^ 9^ 2 5 + "
"(-.0043476957,0)9^ 4^ 2 5 + "
"(-.0043476957,0)4^ 9^ 5 2 + "
"(.0043476957,0)9^ 4^ 5 2 + "
"(.0000278842,0)4^ 9^ 2 6 + "
"(-.0000278842,0)9^ 4^ 2 6 + "
"(-.0000278842,0)4^ 9^ 6 2 + "
"(.0000278842,0)9^ 4^ 6 2 + "
"(-.0093065940,0)4^ 9^ 2 7 + "
"(.0093065940,0)9^ 4^ 2 7 + "
"(.0093065940,0)4^ 9^ 7 2 + "
"(-.0093065940,0)9^ 4^ 7 2 + "
"(.0000000671,0)4^ 9^ 2 8 + "
"(-.0000000671,0)9^ 4^ 2 8 + "
"(-.0000000671,0)4^ 9^ 8 2 + "
"(.0000000671,0)9^ 4^ 8 2 + "
"(-.0000003164,0)4^ 9^ 2 9 + "
"(.0000003164,0)9^ 4^ 2 9 + "
"(.0000003164,0)4^ 9^ 9 2 + "
"(-.0000003164,0)9^ 4^ 9 2 + "
"(-.0000001251,0)4^ 5^ 3 8 + "
"(.0000001251,0)5^ 4^ 3 8 + "
"(.0000001251,0)4^ 5^ 8 3 + "
"(-.0000001251,0)5^ 4^ 8 3 + "
"(.0000001865,0)4^ 5^ 3 9 + "
"(-.0000001865,0)5^ 4^ 3 9 + "
"(-.0000001865,0)4^ 5^ 9 3 + "
"(.0000001865,0)5^ 4^ 9 3 + "
"(-.0000021095,0)4^ 0^ 3 4 + "
"(-.0000021095,0)9^ 5^ 8 9 + "
"(-.0000000010,0)4^ 6^ 3 8 + "
"(.0000000010,0)6^ 4^ 3 8 + "
"(.0000000010,0)4^ 6^ 8 3 + "
"(-.0000000010,0)6^ 4^ 8 3 + "
"(.0000000016,0)4^ 6^ 3 9 + "
"(-.0000000016,0)6^ 4^ 3 9 + "
"(-.0000000016,0)4^ 6^ 9 3 + "
"(.0000000016,0)6^ 4^ 9 3 + "
"(-.0000000087,0)4^ 1^ 3 4 + "
"(-.0000000087,0)9^ 6^ 8 9 + "
"(-.0000000450,0)4^ 7^ 3 8 + "
"(.0000000450,0)7^ 4^ 3 8 + "
"(.0000000450,0)4^ 7^ 8 3 + "
"(-.0000000450,0)7^ 4^ 8 3 + "
"(.0000000671,0)4^ 7^ 3 9 + "
"(-.0000000671,0)7^ 4^ 3 9 + "
"(-.0000000671,0)4^ 7^ 9 3 + "
"(.0000000671,0)7^ 4^ 9 3 + "
"(-.0000002749,0)4^ 2^ 3 4 + "
"(-.0000002749,0)9^ 7^ 8 9 + "
"(-.0000001251,0)4^ 8^ 3 5 + "
"(.0000001251,0)8^ 4^ 3 5 + "
"(.0000001251,0)4^ 8^ 5 3 + "
"(-.0000001251,0)8^ 4^ 5 3 + "
"(.0000014128,0)4^ 3^ 3 0 + "
"(.0000014128,0)9^ 8^ 8 5 + "
"(-.0000000010,0)4^ 8^ 3 6 + "
"(.0000000010,0)8^ 4^ 3 6 + "
"(.0000000010,0)4^ 8^ 6 3 + "
"(-.0000000010,0)8^ 4^ 6 3 + "
"(.0000000049,0)4^ 3^ 3 1 + "
"(.0000000049,0)9^ 8^ 8 6 + "
"(-.0000000450,0)4^ 8^ 3 7 + "
"(.0000000450,0)8^ 4^ 3 7 + "
"(.0000000450,0)4^ 8^ 7 3 + "
"(-.0000000450,0)8^ 4^ 7 3 + "
"(.0000001838,0)4^ 3^ 3 2 + "
"(.0000001838,0)9^ 8^ 8 7 + "
"(.0000000700,0)4^ 8^ 3 8 + "
"(-.0000000700,0)8^ 4^ 3 8 + "
"(-.0000000700,0)4^ 8^ 8 3 + "
"(.0000000700,0)8^ 4^ 8 3 + "
"(-.0110298729,0)4^ 8^ 3 9 + "
"(.0110298729,0)8^ 4^ 3 9 + "
"(.0110298729,0)4^ 8^ 9 3 + "
"(-.0110298729,0)8^ 4^ 9 3 + "
"(.1631920166,0)4^ 3^ 3 4 + "
"(.1631920166,0)9^ 8^ 8 9 + "
"(.0000001865,0)4^ 9^ 3 5 + "
"(-.0000001865,0)9^ 4^ 3 5 + "
"(-.0000001865,0)4^ 9^ 5 3 + "
"(.0000001865,0)9^ 4^ 5 3 + "
"(.0000000016,0)4^ 9^ 3 6 + "
"(-.0000000016,0)9^ 4^ 3 6 + "
"(-.0000000016,0)4^ 9^ 6 3 + "
"(.0000000016,0)9^ 4^ 6 3 + "
"(.0000000671,0)4^ 9^ 3 7 + "
"(-.0000000671,0)9^ 4^ 3 7 + "
"(-.0000000671,0)4^ 9^ 7 3 + "
"(.0000000671,0)9^ 4^ 7 3 + "
"(-.0110298729,0)4^ 9^ 3 8 + "
"(.0110298729,0)9^ 4^ 3 8 + "
"(.0110298729,0)4^ 9^ 8 3 + "
"(-.0110298729,0)9^ 4^ 8 3 + "
"(-.0000000701,0)4^ 9^ 3 9 + "
"(.0000000701,0)9^ 4^ 3 9 + "
"(.0000000701,0)4^ 9^ 9 3 + "
"(-.0000000701,0)9^ 4^ 9 3 + "
"(.0887272844,0)4^ 4 + "
"(.0887272844,0)9^ 9 + "
"(-.1877499016,0)4^ 5^ 4 5 + "
"(.1877499016,0)5^ 4^ 4 5 + "
"(.1877499016,0)4^ 5^ 5 4 + "
"(-.1877499016,0)5^ 4^ 5 4 + "
"(-.1499208551,0)4^ 0^ 4 0 + "
"(-.1499208551,0)9^ 5^ 9 5 + "
"(.0005141066,0)4^ 5^ 4 6 + "
"(-.0005141066,0)5^ 4^ 4 6 + "
"(-.0005141066,0)4^ 5^ 6 4 + "
"(.0005141066,0)5^ 4^ 6 4 + "
"(.0004605952,0)4^ 0^ 4 1 + "
"(.0004605952,0)9^ 5^ 9 6 + "
"(.0434950022,0)4^ 5^ 4 7 + "
"(-.0434950022,0)5^ 4^ 4 7 + "
"(-.0434950022,0)4^ 5^ 7 4 + "
"(.0434950022,0)5^ 4^ 7 4 + "
"(.0391473065,0)4^ 0^ 4 2 + "
"(.0391473065,0)9^ 5^ 9 7 + "
"(.0000022960,0)4^ 5^ 4 8 + "
"(-.0000022960,0)5^ 4^ 4 8 + "
"(-.0000022960,0)4^ 5^ 8 4 + "
"(.0000022960,0)5^ 4^ 8 4 + "
"(.0000021095,0)4^ 0^ 4 3 + "
"(.0000021095,0)9^ 5^ 9 8 + "
"(-.0000018069,0)4^ 5^ 4 9 + "
"(.0000018069,0)5^ 4^ 4 9 + "
"(.0000018069,0)4^ 5^ 9 4 + "
"(-.0000018069,0)5^ 4^ 9 4 + "
"(.0005141066,0)4^ 6^ 4 5 + "
"(-.0005141066,0)6^ 4^ 4 5 + "
"(-.0005141066,0)4^ 6^ 5 4 + "
"(.0005141066,0)6^ 4^ 5 4 + "
"(.0004605952,0)4^ 1^ 4 0 + "
"(.0004605952,0)9^ 6^ 9 5 + "
"(-.1746778010,0)4^ 6^ 4 6 + "
"(.1746778010,0)6^ 4^ 4 6 + "
"(.1746778010,0)4^ 6^ 6 4 + "
"(-.1746778010,0)6^ 4^ 6 4 + "
"(-.1630963431,0)4^ 1^ 4 1 + "
"(-.1630963431,0)9^ 6^ 9 6 + "
"(.0001783527,0)4^ 6^ 4 7 + "
"(-.0001783527,0)6^ 4^ 4 7 + "
"(-.0001783527,0)4^ 6^ 7 4 + "
"(.0001783527,0)6^ 4^ 7 4 + "
"(.0001504684,0)4^ 1^ 4 2 + "
"(.0001504684,0)9^ 6^ 9 7 + "
"(.0000000103,0)4^ 6^ 4 8 + "
"(-.0000000103,0)6^ 4^ 4 8 + "
"(-.0000000103,0)4^ 6^ 8 4 + "
"(.0000000103,0)6^ 4^ 8 4 + "
"(.0000000087,0)4^ 1^ 4 3 + "
"(.0000000087,0)9^ 6^ 9 8 + "
"(-.0000000076,0)4^ 6^ 4 9 + "
"(.0000000076,0)6^ 4^ 4 9 + "
"(.0000000076,0)4^ 6^ 9 4 + "
"(-.0000000076,0)6^ 4^ 9 4 + "
"(.0434950022,0)4^ 7^ 4 5 + "
"(-.0434950022,0)7^ 4^ 4 5 + "
"(-.0434950022,0)4^ 7^ 5 4 + "
"(.0434950022,0)7^ 4^ 5 4 + "
"(.0391473065,0)4^ 2^ 4 0 + "
"(.0391473065,0)9^ 7^ 9 5 + "
"(.0001783527,0)4^ 7^ 4 6 + "
"(-.0001783527,0)7^ 4^ 4 6 + "
"(-.0001783527,0)4^ 7^ 6 4 + "
"(.0001783527,0)7^ 4^ 6 4 + "
"(.0001504684,0)4^ 2^ 4 1 + "
"(.0001504684,0)9^ 7^ 9 6 + "
"(-.1617580581,0)4^ 7^ 4 7 + "
"(.1617580581,0)7^ 4^ 4 7 + "
"(.1617580581,0)4^ 7^ 7 4 + "
"(-.1617580581,0)7^ 4^ 7 4 + "
"(-.1524514641,0)4^ 2^ 4 2 + "
"(-.1524514641,0)9^ 7^ 9 7 + "
"(.0000003421,0)4^ 7^ 4 8 + "
"(-.0000003421,0)7^ 4^ 4 8 + "
"(-.0000003421,0)4^ 7^ 8 4 + "
"(.0000003421,0)7^ 4^ 8 4 + "
"(.0000002749,0)4^ 2^ 4 3 + "
"(.0000002749,0)9^ 7^ 9 8 + "
"(-.0000003164,0)4^ 7^ 4 9 + "
"(.0000003164,0)7^ 4^ 4 9 + "
"(.0000003164,0)4^ 7^ 9 4 + "
"(-.0000003164,0)7^ 4^ 9 4 + "
"(.0000022960,0)4^ 8^ 4 5 + "
"(-.0000022960,0)8^ 4^ 4 5 + "
"(-.0000022960,0)4^ 8^ 5 4 + "
"(.0000022960,0)8^ 4^ 5 4 + "
"(.0000021095,0)4^ 3^ 4 0 + "
"(.0000021095,0)9^ 8^ 9 5 + "
"(.0000000103,0)4^ 8^ 4 6 + "
"(-.0000000103,0)8^ 4^ 4 6 + "
"(-.0000000103,0)4^ 8^ 6 4 + "
"(.0000000103,0)8^ 4^ 6 4 + "
"(.0000000087,0)4^ 3^ 4 1 + "
"(.0000000087,0)9^ 8^ 9 6 + "
"(.0000003421,0)4^ 8^ 4 7 + "
"(-.0000003421,0)8^ 4^ 4 7 + "
"(-.0000003421,0)4^ 8^ 7 4 + "
"(.0000003421,0)8^ 4^ 7 4 + "
"(.0000002749,0)4^ 3^ 4 2 + "
"(.0000002749,0)9^ 8^ 9 7 + "
"(-.1742218895,0)4^ 8^ 4 8 + "
"(.1742218895,0)8^ 4^ 4 8 + "
"(.1742218895,0)4^ 8^ 8 4 + "
"(-.1742218895,0)8^ 4^ 8 4 + "
"(-.1631920166,0)4^ 3^ 4 3 + "
"(-.1631920166,0)9^ 8^ 9 8 + "
"(-.0000000701,0)4^ 8^ 4 9 + "
"(.0000000701,0)8^ 4^ 4 9 + "
"(.0000000701,0)4^ 8^ 9 4 + "
"(-.0000000701,0)8^ 4^ 9 4 + "
"(-.0000018069,0)4^ 9^ 4 5 + "
"(.0000018069,0)9^ 4^ 4 5 + "
"(.0000018069,0)4^ 9^ 5 4 + "
"(-.0000018069,0)9^ 4^ 5 4 + "
"(-.0000000076,0)4^ 9^ 4 6 + "
"(.0000000076,0)9^ 4^ 4 6 + "
"(.0000000076,0)4^ 9^ 6 4 + "
"(-.0000000076,0)9^ 4^ 6 4 + "
"(-.0000003164,0)4^ 9^ 4 7 + "
"(.0000003164,0)9^ 4^ 4 7 + "
"(.0000003164,0)4^ 9^ 7 4 + "
"(-.0000003164,0)9^ 4^ 7 4 + "
"(-.0000000701,0)4^ 9^ 4 8 + "
"(.0000000701,0)9^ 4^ 4 8 + "
"(.0000000701,0)4^ 9^ 8 4 + "
"(-.0000000701,0)9^ 4^ 8 4 + "
"(-.1950933359,0)4^ 9^ 4 9 + "
"(.1950933359,0)9^ 4^ 4 9 + "
"(.1950933359,0)4^ 9^ 9 4 + "
"(-.1950933359,0)9^ 4^ 9 4 + "
"(1.3229431225,0)"
