"(-1.1564988003,0)0^ 0 + "
"(-1.1564988003,0)5^ 5 + "
"(-.1514041488,0)0^ 5^ 0 5 + "
"(.1514041488,0)5^ 0^ 0 5 + "
"(.1514041488,0)0^ 5^ 5 0 + "
"(-.1514041488,0)5^ 0^ 5 0 + "
"(.0000023592,0)0^ 5^ 0 6 + "
"(-.0000023592,0)5^ 0^ 0 6 + "
"(-.0000023592,0)0^ 5^ 6 0 + "
"(.0000023592,0)5^ 0^ 6 0 + "
"(-.0395110902,0)0^ 5^ 0 7 + "
"(.0395110902,0)5^ 0^ 0 7 + "
"(.0395110902,0)0^ 5^ 7 0 + "
"(-.0395110902,0)5^ 0^ 7 0 + "
"(-.0003362966,0)0^ 5^ 0 8 + "
"(.0003362966,0)5^ 0^ 0 8 + "
"(.0003362966,0)0^ 5^ 8 0 + "
"(-.0003362966,0)5^ 0^ 8 0 + "
"(.0000159189,0)0^ 5^ 0 9 + "
"(-.0000159189,0)5^ 0^ 0 9 + "
"(-.0000159189,0)0^ 5^ 9 0 + "
"(.0000159189,0)5^ 0^ 9 0 + "
"(.0000023592,0)0^ 6^ 0 5 + "
"(-.0000023592,0)6^ 0^ 0 5 + "
"(-.0000023592,0)0^ 6^ 5 0 + "
"(.0000023592,0)6^ 0^ 5 0 + "
"(-.1491952564,0)0^ 6^ 0 6 + "
"(.1491952564,0)6^ 0^ 0 6 + "
"(.1491952564,0)0^ 6^ 6 0 + "
"(-.1491952564,0)6^ 0^ 6 0 + "
"(-.1090538909,0)0^ 1^ 0 1 + "
"(-.1090538909,0)5^ 6^ 5 6 + "
"(-.0000020787,0)0^ 6^ 0 7 + "
"(.0000020787,0)6^ 0^ 0 7 + "
"(.0000020787,0)0^ 6^ 7 0 + "
"(-.0000020787,0)6^ 0^ 7 0 + "
"(-.0000010772,0)0^ 1^ 0 2 + "
"(-.0000010772,0)5^ 6^ 5 7 + "
"(.0000008847,0)0^ 6^ 0 8 + "
"(-.0000008847,0)6^ 0^ 0 8 + "
"(-.0000008847,0)0^ 6^ 8 0 + "
"(.0000008847,0)6^ 0^ 8 0 + "
"(.0000002962,0)0^ 1^ 0 3 + "
"(.0000002962,0)5^ 6^ 5 8 + "
"(-.0000001595,0)0^ 6^ 0 9 + "
"(.0000001595,0)6^ 0^ 0 9 + "
"(.0000001595,0)0^ 6^ 9 0 + "
"(-.0000001595,0)6^ 0^ 9 0 + "
"(-.0000000538,0)0^ 1^ 0 4 + "
"(-.0000000538,0)5^ 6^ 5 9 + "
"(-.0395110902,0)0^ 7^ 0 5 + "
"(.0395110902,0)7^ 0^ 0 5 + "
"(.0395110902,0)0^ 7^ 5 0 + "
"(-.0395110902,0)7^ 0^ 5 0 + "
"(-.0000020787,0)0^ 7^ 0 6 + "
"(.0000020787,0)7^ 0^ 0 6 + "
"(.0000020787,0)0^ 7^ 6 0 + "
"(-.0000020787,0)7^ 0^ 6 0 + "
"(-.0000010772,0)0^ 2^ 0 1 + "
"(-.0000010772,0)5^ 7^ 5 6 + "
"(-.1363942829,0)0^ 7^ 0 7 + "
"(.1363942829,0)7^ 0^ 0 7 + "
"(.1363942829,0)0^ 7^ 7 0 + "
"(-.1363942829,0)7^ 0^ 7 0 + "
"(-.1069608383,0)0^ 2^ 0 2 + "
"(-.1069608383,0)5^ 7^ 5 7 + "
"(.0000259850,0)0^ 7^ 0 8 + "
"(-.0000259850,0)7^ 0^ 0 8 + "
"(-.0000259850,0)0^ 7^ 8 0 + "
"(.0000259850,0)7^ 0^ 8 0 + "
"(.0000555046,0)0^ 2^ 0 3 + "
"(.0000555046,0)5^ 7^ 5 8 + "
"(-.0000011701,0)0^ 7^ 0 9 + "
"(.0000011701,0)7^ 0^ 0 9 + "
"(.0000011701,0)0^ 7^ 9 0 + "
"(-.0000011701,0)7^ 0^ 9 0 + "
"(-.0000025851,0)0^ 2^ 0 4 + "
"(-.0000025851,0)5^ 7^ 5 9 + "
"(-.0003362966,0)0^ 8^ 0 5 + "
"(.0003362966,0)8^ 0^ 0 5 + "
"(.0003362966,0)0^ 8^ 5 0 + "
"(-.0003362966,0)8^ 0^ 5 0 + "
"(.0000008847,0)0^ 8^ 0 6 + "
"(-.0000008847,0)8^ 0^ 0 6 + "
"(-.0000008847,0)0^ 8^ 6 0 + "
"(.0000008847,0)8^ 0^ 6 0 + "
"(.0000002962,0)0^ 3^ 0 1 + "
"(.0000002962,0)5^ 8^ 5 6 + "
"(.0000259850,0)0^ 8^ 0 7 + "
"(-.0000259850,0)8^ 0^ 0 7 + "
"(-.0000259850,0)0^ 8^ 7 0 + "
"(.0000259850,0)8^ 0^ 7 0 + "
"(.0000555046,0)0^ 3^ 0 2 + "
"(.0000555046,0)5^ 8^ 5 7 + "
"(-.1416746282,0)0^ 8^ 0 8 + "
"(.1416746282,0)8^ 0^ 0 8 + "
"(.1416746282,0)0^ 8^ 8 0 + "
"(-.1416746282,0)8^ 0^ 8 0 + "
"(-.1151070988,0)0^ 3^ 0 3 + "
"(-.1151070988,0)5^ 8^ 5 8 + "
"(-.0000000112,0)0^ 8^ 0 9 + "
"(.0000000112,0)8^ 0^ 0 9 + "
"(.0000000112,0)0^ 8^ 9 0 + "
"(-.0000000112,0)8^ 0^ 9 0 + "
"(-.0000000229,0)0^ 3^ 0 4 + "
"(-.0000000229,0)5^ 8^ 5 9 + "
"(.0000159189,0)0^ 9^ 0 5 + "
"(-.0000159189,0)9^ 0^ 0 5 + "
"(-.0000159189,0)0^ 9^ 5 0 + "
"(.0000159189,0)9^ 0^ 5 0 + "
"(-.0000001595,0)0^ 9^ 0 6 + "
"(.0000001595,0)9^ 0^ 0 6 + "
"(.0000001595,0)0^ 9^ 6 0 + "
"(-.0000001595,0)9^ 0^ 6 0 + "
"(-.0000000538,0)0^ 4^ 0 1 + "
"(-.0000000538,0)5^ 9^ 5 6 + "
"(-.0000011701,0)0^ 9^ 0 7 + "
"(.0000011701,0)9^ 0^ 0 7 + "
"(.0000011701,0)0^ 9^ 7 0 + "
"(-.0000011701,0)9^ 0^ 7 0 + "
"(-.0000025851,0)0^ 4^ 0 2 + "
"(-.0000025851,0)5^ 9^ 5 7 + "
"(-.0000000112,0)0^ 9^ 0 8 + "
"(.0000000112,0)9^ 0^ 0 8 + "
"(.0000000112,0)0^ 9^ 8 0 + "
"(-.0000000112,0)9^ 0^ 8 0 + "
"(-.0000000229,0)0^ 4^ 0 3 + "
"(-.0000000229,0)5^ 9^ 5 8 + "
"(-.1416749778,0)0^ 9^ 0 9 + "
"(.1416749778,0)9^ 0^ 0 9 + "
"(.1416749778,0)0^ 9^ 9 0 + "
"(-.1416749778,0)9^ 0^ 9 0 + "
"(-.1151076602,0)0^ 4^ 0 4 + "
"(-.1151076602,0)5^ 9^ 5 9 + "
"(.0000094388,0)0^ 1 + "
"(.0000094388,0)5^ 6 + "
"(.0000023592,0)0^ 5^ 1 5 + "
"(-.0000023592,0)5^ 0^ 1 5 + "
"(-.0000023592,0)0^ 5^ 5 1 + "
"(.0000023592,0)5^ 0^ 5 1 + "
"(-.0401413655,0)0^ 5^ 1 6 + "
"(.0401413655,0)5^ 0^ 1 6 + "
"(.0401413655,0)0^ 5^ 6 1 + "
"(-.0401413655,0)5^ 0^ 6 1 + "
"(-.0000010016,0)0^ 5^ 1 7 + "
"(.0000010016,0)5^ 0^ 1 7 + "
"(.0000010016,0)0^ 5^ 7 1 + "
"(-.0000010016,0)5^ 0^ 7 1 + "
"(.0000005885,0)0^ 5^ 1 8 + "
"(-.0000005885,0)5^ 0^ 1 8 + "
"(-.0000005885,0)0^ 5^ 8 1 + "
"(.0000005885,0)5^ 0^ 8 1 + "
"(-.0000001056,0)0^ 5^ 1 9 + "
"(.0000001056,0)5^ 0^ 1 9 + "
"(.0000001056,0)0^ 5^ 9 1 + "
"(-.0000001056,0)5^ 0^ 9 1 + "
"(-.0401413655,0)0^ 6^ 1 5 + "
"(.0401413655,0)6^ 0^ 1 5 + "
"(.0401413655,0)0^ 6^ 5 1 + "
"(-.0401413655,0)6^ 0^ 5 1 + "
"(.1090538909,0)0^ 1^ 1 0 + "
"(.1090538909,0)5^ 6^ 6 5 + "
"(.0000030673,0)0^ 6^ 1 6 + "
"(-.0000030673,0)6^ 0^ 1 6 + "
"(-.0000030673,0)0^ 6^ 6 1 + "
"(.0000030673,0)6^ 0^ 6 1 + "
"(-.0056094027,0)0^ 6^ 1 7 + "
"(.0056094027,0)6^ 0^ 1 7 + "
"(.0056094027,0)0^ 6^ 7 1 + "
"(-.0056094027,0)6^ 0^ 7 1 + "
"(.0277699374,0)0^ 1^ 1 2 + "
"(.0277699374,0)5^ 6^ 6 7 + "
"(-.0000429797,0)0^ 6^ 1 8 + "
"(.0000429797,0)6^ 0^ 1 8 + "
"(.0000429797,0)0^ 6^ 8 1 + "
"(-.0000429797,0)6^ 0^ 8 1 + "
"(.0002388760,0)0^ 1^ 1 3 + "
"(.0002388760,0)5^ 6^ 6 8 + "
"(.0000017704,0)0^ 6^ 1 9 + "
"(-.0000017704,0)6^ 0^ 1 9 + "
"(-.0000017704,0)0^ 6^ 9 1 + "
"(.0000017704,0)6^ 0^ 9 1 + "
"(-.0000114626,0)0^ 1^ 1 4 + "
"(-.0000114626,0)5^ 6^ 6 9 + "
"(-.0000010016,0)0^ 7^ 1 5 + "
"(.0000010016,0)7^ 0^ 1 5 + "
"(.0000010016,0)0^ 7^ 5 1 + "
"(-.0000010016,0)7^ 0^ 5 1 + "
"(.0000010772,0)0^ 2^ 1 0 + "
"(.0000010772,0)5^ 7^ 6 5 + "
"(-.0056094027,0)0^ 7^ 1 6 + "
"(.0056094027,0)7^ 0^ 1 6 + "
"(.0056094027,0)0^ 7^ 6 1 + "
"(-.0056094027,0)7^ 0^ 6 1 + "
"(.0000007338,0)0^ 7^ 1 7 + "
"(-.0000007338,0)7^ 0^ 1 7 + "
"(-.0000007338,0)0^ 7^ 7 1 + "
"(.0000007338,0)7^ 0^ 7 1 + "
"(.0000016605,0)0^ 2^ 1 2 + "
"(.0000016605,0)5^ 7^ 6 7 + "
"(.0000004869,0)0^ 7^ 1 8 + "
"(-.0000004869,0)7^ 0^ 1 8 + "
"(-.0000004869,0)0^ 7^ 8 1 + "
"(.0000004869,0)7^ 0^ 8 1 + "
"(.0000001519,0)0^ 2^ 1 3 + "
"(.0000001519,0)5^ 7^ 6 8 + "
"(-.0000000883,0)0^ 7^ 1 9 + "
"(.0000000883,0)7^ 0^ 1 9 + "
"(.0000000883,0)0^ 7^ 9 1 + "
"(-.0000000883,0)7^ 0^ 9 1 + "
"(-.0000000276,0)0^ 2^ 1 4 + "
"(-.0000000276,0)5^ 7^ 6 9 + "
"(.0000005885,0)0^ 8^ 1 5 + "
"(-.0000005885,0)8^ 0^ 1 5 + "
"(-.0000005885,0)0^ 8^ 5 1 + "
"(.0000005885,0)8^ 0^ 5 1 + "
"(-.0000002962,0)0^ 3^ 1 0 + "
"(-.0000002962,0)5^ 8^ 6 5 + "
"(-.0000429797,0)0^ 8^ 1 6 + "
"(.0000429797,0)8^ 0^ 1 6 + "
"(.0000429797,0)0^ 8^ 6 1 + "
"(-.0000429797,0)8^ 0^ 6 1 + "
"(.0000004869,0)0^ 8^ 1 7 + "
"(-.0000004869,0)8^ 0^ 1 7 + "
"(-.0000004869,0)0^ 8^ 7 1 + "
"(.0000004869,0)8^ 0^ 7 1 + "
"(-.0000000035,0)0^ 3^ 1 2 + "
"(-.0000000035,0)5^ 8^ 6 7 + "
"(.0000019304,0)0^ 8^ 1 8 + "
"(-.0000019304,0)8^ 0^ 1 8 + "
"(-.0000019304,0)0^ 8^ 8 1 + "
"(.0000019304,0)8^ 0^ 8 1 + "
"(.0000016568,0)0^ 3^ 1 3 + "
"(.0000016568,0)5^ 8^ 6 8 + "
"(.0000000025,0)0^ 8^ 1 9 + "
"(-.0000000025,0)8^ 0^ 1 9 + "
"(-.0000000025,0)0^ 8^ 9 1 + "
"(.0000000025,0)8^ 0^ 9 1 + "
"(.0000000011,0)0^ 3^ 1 4 + "
"(.0000000011,0)5^ 8^ 6 9 + "
"(-.0000001056,0)0^ 9^ 1 5 + "
"(.0000001056,0)9^ 0^ 1 5 + "
"(.0000001056,0)0^ 9^ 5 1 + "
"(-.0000001056,0)9^ 0^ 5 1 + "
"(.0000000538,0)0^ 4^ 1 0 + "
"(.0000000538,0)5^ 9^ 6 5 + "
"(.0000017704,0)0^ 9^ 1 6 + "
"(-.0000017704,0)9^ 0^ 1 6 + "
"(-.0000017704,0)0^ 9^ 6 1 + "
"(.0000017704,0)9^ 0^ 6 1 + "
"(-.0000000883,0)0^ 9^ 1 7 + "
"(.0000000883,0)9^ 0^ 1 7 + "
"(.0000000883,0)0^ 9^ 7 1 + "
"(-.0000000883,0)9^ 0^ 7 1 + "
"(.0000000025,0)0^ 9^ 1 8 + "
"(-.0000000025,0)9^ 0^ 1 8 + "
"(-.0000000025,0)0^ 9^ 8 1 + "
"(.0000000025,0)9^ 0^ 8 1 + "
"(.0000000016,0)0^ 4^ 1 3 + "
"(.0000000016,0)5^ 9^ 6 8 + "
"(.0000019219,0)0^ 9^ 1 9 + "
"(-.0000019219,0)9^ 0^ 1 9 + "
"(-.0000019219,0)0^ 9^ 9 1 + "
"(.0000019219,0)9^ 0^ 9 1 + "
"(.0000016554,0)0^ 4^ 1 4 + "
"(.0000016554,0)5^ 9^ 6 9 + "
"(-.1580445383,0)0^ 2 + "
"(-.1580445383,0)5^ 7 + "
"(-.0395110902,0)0^ 5^ 2 5 + "
"(.0395110902,0)5^ 0^ 2 5 + "
"(.0395110902,0)0^ 5^ 5 2 + "
"(-.0395110902,0)5^ 0^ 5 2 + "
"(-.0000010016,0)0^ 5^ 2 6 + "
"(.0000010016,0)5^ 0^ 2 6 + "
"(.0000010016,0)0^ 5^ 6 2 + "
"(-.0000010016,0)5^ 0^ 6 2 + "
"(-.0294334446,0)0^ 5^ 2 7 + "
"(.0294334446,0)5^ 0^ 2 7 + "
"(.0294334446,0)0^ 5^ 7 2 + "
"(-.0294334446,0)5^ 0^ 7 2 + "
"(-.0000295196,0)0^ 5^ 2 8 + "
"(.0000295196,0)5^ 0^ 2 8 + "
"(.0000295196,0)0^ 5^ 8 2 + "
"(-.0000295196,0)5^ 0^ 8 2 + "
"(.0000014150,0)0^ 5^ 2 9 + "
"(-.0000014150,0)5^ 0^ 2 9 + "
"(-.0000014150,0)0^ 5^ 9 2 + "
"(.0000014150,0)5^ 0^ 9 2 + "
"(-.0000010016,0)0^ 6^ 2 5 + "
"(.0000010016,0)6^ 0^ 2 5 + "
"(.0000010016,0)0^ 6^ 5 2 + "
"(-.0000010016,0)6^ 0^ 5 2 + "
"(.0000010772,0)0^ 1^ 2 0 + "
"(.0000010772,0)5^ 6^ 7 5 + "
"(-.0333793400,0)0^ 6^ 2 6 + "
"(.0333793400,0)6^ 0^ 2 6 + "
"(.0333793400,0)0^ 6^ 6 2 + "
"(-.0333793400,0)6^ 0^ 6 2 + "
"(-.0277699374,0)0^ 1^ 2 1 + "
"(-.0277699374,0)5^ 6^ 7 6 + "
"(-.0000009267,0)0^ 6^ 2 7 + "
"(.0000009267,0)6^ 0^ 2 7 + "
"(.0000009267,0)0^ 6^ 7 2 + "
"(-.0000009267,0)6^ 0^ 7 2 + "
"(.0000004904,0)0^ 6^ 2 8 + "
"(-.0000004904,0)6^ 0^ 2 8 + "
"(-.0000004904,0)0^ 6^ 8 2 + "
"(.0000004904,0)6^ 0^ 8 2 + "
"(.0000001554,0)0^ 1^ 2 3 + "
"(.0000001554,0)5^ 6^ 7 8 + "
"(-.0000000886,0)0^ 6^ 2 9 + "
"(.0000000886,0)6^ 0^ 2 9 + "
"(.0000000886,0)0^ 6^ 9 2 + "
"(-.0000000886,0)6^ 0^ 9 2 + "
"(-.0000000279,0)0^ 1^ 2 4 + "
"(-.0000000279,0)5^ 6^ 7 9 + "
"(-.0294334446,0)0^ 7^ 2 5 + "
"(.0294334446,0)7^ 0^ 2 5 + "
"(.0294334446,0)0^ 7^ 5 2 + "
"(-.0294334446,0)7^ 0^ 5 2 + "
"(.1069608383,0)0^ 2^ 2 0 + "
"(.1069608383,0)5^ 7^ 7 5 + "
"(-.0000009267,0)0^ 7^ 2 6 + "
"(.0000009267,0)7^ 0^ 2 6 + "
"(.0000009267,0)0^ 7^ 6 2 + "
"(-.0000009267,0)7^ 0^ 6 2 + "
"(-.0000016605,0)0^ 2^ 2 1 + "
"(-.0000016605,0)5^ 7^ 7 6 + "
"(-.0382297526,0)0^ 7^ 2 7 + "
"(.0382297526,0)7^ 0^ 2 7 + "
"(.0382297526,0)0^ 7^ 7 2 + "
"(-.0382297526,0)7^ 0^ 7 2 + "
"(-.0000563085,0)0^ 7^ 2 8 + "
"(.0000563085,0)7^ 0^ 2 8 + "
"(.0000563085,0)0^ 7^ 8 2 + "
"(-.0000563085,0)7^ 0^ 8 2 + "
"(.0002404692,0)0^ 2^ 2 3 + "
"(.0002404692,0)5^ 7^ 7 8 + "
"(.0000026956,0)0^ 7^ 2 9 + "
"(-.0000026956,0)7^ 0^ 2 9 + "
"(-.0000026956,0)0^ 7^ 9 2 + "
"(.0000026956,0)7^ 0^ 9 2 + "
"(-.0000113732,0)0^ 2^ 2 4 + "
"(-.0000113732,0)5^ 7^ 7 9 + "
"(-.0000295196,0)0^ 8^ 2 5 + "
"(.0000295196,0)8^ 0^ 2 5 + "
"(.0000295196,0)0^ 8^ 5 2 + "
"(-.0000295196,0)8^ 0^ 5 2 + "
"(-.0000555046,0)0^ 3^ 2 0 + "
"(-.0000555046,0)5^ 8^ 7 5 + "
"(.0000004904,0)0^ 8^ 2 6 + "
"(-.0000004904,0)8^ 0^ 2 6 + "
"(-.0000004904,0)0^ 8^ 6 2 + "
"(.0000004904,0)8^ 0^ 6 2 + "
"(.0000000035,0)0^ 3^ 2 1 + "
"(.0000000035,0)5^ 8^ 7 6 + "
"(-.0000563085,0)0^ 8^ 2 7 + "
"(.0000563085,0)8^ 0^ 2 7 + "
"(.0000563085,0)0^ 8^ 7 2 + "
"(-.0000563085,0)8^ 0^ 7 2 + "
"(-.0310481745,0)0^ 8^ 2 8 + "
"(.0310481745,0)8^ 0^ 2 8 + "
"(.0310481745,0)0^ 8^ 8 2 + "
"(-.0310481745,0)8^ 0^ 8 2 + "
"(-.0285761556,0)0^ 3^ 2 3 + "
"(-.0285761556,0)5^ 8^ 7 8 + "
"(.0000000139,0)0^ 8^ 2 9 + "
"(-.0000000139,0)8^ 0^ 2 9 + "
"(-.0000000139,0)0^ 8^ 9 2 + "
"(.0000000139,0)8^ 0^ 9 2 + "
"(.0000000180,0)0^ 3^ 2 4 + "
"(.0000000180,0)5^ 8^ 7 9 + "
"(.0000014150,0)0^ 9^ 2 5 + "
"(-.0000014150,0)9^ 0^ 2 5 + "
"(-.0000014150,0)0^ 9^ 5 2 + "
"(.0000014150,0)9^ 0^ 5 2 + "
"(.0000025851,0)0^ 4^ 2 0 + "
"(.0000025851,0)5^ 9^ 7 5 + "
"(-.0000000886,0)0^ 9^ 2 6 + "
"(.0000000886,0)9^ 0^ 2 6 + "
"(.0000000886,0)0^ 9^ 6 2 + "
"(-.0000000886,0)9^ 0^ 6 2 + "
"(.0000026956,0)0^ 9^ 2 7 + "
"(-.0000026956,0)9^ 0^ 2 7 + "
"(-.0000026956,0)0^ 9^ 7 2 + "
"(.0000026956,0)9^ 0^ 7 2 + "
"(.0000000139,0)0^ 9^ 2 8 + "
"(-.0000000139,0)9^ 0^ 2 8 + "
"(-.0000000139,0)0^ 9^ 8 2 + "
"(.0000000139,0)9^ 0^ 8 2 + "
"(-.0000000218,0)0^ 4^ 2 3 + "
"(-.0000000218,0)5^ 9^ 7 8 + "
"(-.0310479251,0)0^ 9^ 2 9 + "
"(.0310479251,0)9^ 0^ 2 9 + "
"(.0310479251,0)0^ 9^ 9 2 + "
"(-.0310479251,0)9^ 0^ 9 2 + "
"(-.0285762128,0)0^ 4^ 2 4 + "
"(-.0285762128,0)5^ 9^ 7 9 + "
"(-.0013451870,0)0^ 3 + "
"(-.0013451870,0)5^ 8 + "
"(-.0003362966,0)0^ 5^ 3 5 + "
"(.0003362966,0)5^ 0^ 3 5 + "
"(.0003362966,0)0^ 5^ 5 3 + "
"(-.0003362966,0)5^ 0^ 5 3 + "
"(.0000005885,0)0^ 5^ 3 6 + "
"(-.0000005885,0)5^ 0^ 3 6 + "
"(-.0000005885,0)0^ 5^ 6 3 + "
"(.0000005885,0)5^ 0^ 6 3 + "
"(-.0000295196,0)0^ 5^ 3 7 + "
"(.0000295196,0)5^ 0^ 3 7 + "
"(.0000295196,0)0^ 5^ 7 3 + "
"(-.0000295196,0)5^ 0^ 7 3 + "
"(-.0265675293,0)0^ 5^ 3 8 + "
"(.0265675293,0)5^ 0^ 3 8 + "
"(.0265675293,0)0^ 5^ 8 3 + "
"(-.0265675293,0)5^ 0^ 8 3 + "
"(.0000000117,0)0^ 5^ 3 9 + "
"(-.0000000117,0)5^ 0^ 3 9 + "
"(-.0000000117,0)0^ 5^ 9 3 + "
"(.0000000117,0)5^ 0^ 9 3 + "
"(.0000005885,0)0^ 6^ 3 5 + "
"(-.0000005885,0)6^ 0^ 3 5 + "
"(-.0000005885,0)0^ 6^ 5 3 + "
"(.0000005885,0)6^ 0^ 5 3 + "
"(-.0000002962,0)0^ 1^ 3 0 + "
"(-.0000002962,0)5^ 6^ 8 5 + "
"(-.0002818557,0)0^ 6^ 3 6 + "
"(.0002818557,0)6^ 0^ 3 6 + "
"(.0002818557,0)0^ 6^ 6 3 + "
"(-.0002818557,0)6^ 0^ 6 3 + "
"(-.0002388760,0)0^ 1^ 3 1 + "
"(-.0002388760,0)5^ 6^ 8 6 + "
"(.0000003350,0)0^ 6^ 3 7 + "
"(-.0000003350,0)6^ 0^ 3 7 + "
"(-.0000003350,0)0^ 6^ 7 3 + "
"(.0000003350,0)6^ 0^ 7 3 + "
"(-.0000001554,0)0^ 1^ 3 2 + "
"(-.0000001554,0)5^ 6^ 8 7 + "
"(.0000002736,0)0^ 6^ 3 8 + "
"(-.0000002736,0)6^ 0^ 3 8 + "
"(-.0000002736,0)0^ 6^ 8 3 + "
"(.0000002736,0)6^ 0^ 8 3 + "
"(.0000000008,0)0^ 6^ 3 9 + "
"(-.0000000008,0)6^ 0^ 3 9 + "
"(-.0000000008,0)0^ 6^ 9 3 + "
"(.0000000008,0)6^ 0^ 9 3 + "
"(-.0000000005,0)0^ 1^ 3 4 + "
"(-.0000000005,0)5^ 6^ 8 9 + "
"(-.0000295196,0)0^ 7^ 3 5 + "
"(.0000295196,0)7^ 0^ 3 5 + "
"(.0000295196,0)0^ 7^ 5 3 + "
"(-.0000295196,0)7^ 0^ 5 3 + "
"(-.0000555046,0)0^ 2^ 3 0 + "
"(-.0000555046,0)5^ 7^ 8 5 + "
"(.0000003350,0)0^ 7^ 3 6 + "
"(-.0000003350,0)7^ 0^ 3 6 + "
"(-.0000003350,0)0^ 7^ 6 3 + "
"(.0000003350,0)7^ 0^ 6 3 + "
"(-.0000001519,0)0^ 2^ 3 1 + "
"(-.0000001519,0)5^ 7^ 8 6 + "
"(-.0002967776,0)0^ 7^ 3 7 + "
"(.0002967776,0)7^ 0^ 3 7 + "
"(.0002967776,0)0^ 7^ 7 3 + "
"(-.0002967776,0)7^ 0^ 7 3 + "
"(-.0002404692,0)0^ 2^ 3 2 + "
"(-.0002404692,0)5^ 7^ 8 7 + "
"(-.0024720189,0)0^ 7^ 3 8 + "
"(.0024720189,0)7^ 0^ 3 8 + "
"(.0024720189,0)0^ 7^ 8 3 + "
"(-.0024720189,0)7^ 0^ 8 3 + "
"(.0000000356,0)0^ 7^ 3 9 + "
"(-.0000000356,0)7^ 0^ 3 9 + "
"(-.0000000356,0)0^ 7^ 9 3 + "
"(.0000000356,0)7^ 0^ 9 3 + "
"(.0000000398,0)0^ 2^ 3 4 + "
"(.0000000398,0)5^ 7^ 8 9 + "
"(-.0265675293,0)0^ 8^ 3 5 + "
"(.0265675293,0)8^ 0^ 3 5 + "
"(.0265675293,0)0^ 8^ 5 3 + "
"(-.0265675293,0)8^ 0^ 5 3 + "
"(.1151070988,0)0^ 3^ 3 0 + "
"(.1151070988,0)5^ 8^ 8 5 + "
"(.0000002736,0)0^ 8^ 3 6 + "
"(-.0000002736,0)8^ 0^ 3 6 + "
"(-.0000002736,0)0^ 8^ 6 3 + "
"(.0000002736,0)8^ 0^ 6 3 + "
"(-.0000016568,0)0^ 3^ 3 1 + "
"(-.0000016568,0)5^ 8^ 8 6 + "
"(-.0024720189,0)0^ 8^ 3 7 + "
"(.0024720189,0)8^ 0^ 3 7 + "
"(.0024720189,0)0^ 8^ 7 3 + "
"(-.0024720189,0)8^ 0^ 7 3 + "
"(.0285761556,0)0^ 3^ 3 2 + "
"(.0285761556,0)5^ 8^ 8 7 + "
"(-.0003020433,0)0^ 8^ 3 8 + "
"(.0003020433,0)8^ 0^ 3 8 + "
"(.0003020433,0)0^ 8^ 8 3 + "
"(-.0003020433,0)8^ 0^ 8 3 + "
"(.0000012319,0)0^ 8^ 3 9 + "
"(-.0000012319,0)8^ 0^ 3 9 + "
"(-.0000012319,0)0^ 8^ 9 3 + "
"(.0000012319,0)8^ 0^ 9 3 + "
"(-.0000114850,0)0^ 3^ 3 4 + "
"(-.0000114850,0)5^ 8^ 8 9 + "
"(.0000000117,0)0^ 9^ 3 5 + "
"(-.0000000117,0)9^ 0^ 3 5 + "
"(-.0000000117,0)0^ 9^ 5 3 + "
"(.0000000117,0)9^ 0^ 5 3 + "
"(.0000000229,0)0^ 4^ 3 0 + "
"(.0000000229,0)5^ 9^ 8 5 + "
"(.0000000008,0)0^ 9^ 3 6 + "
"(-.0000000008,0)9^ 0^ 3 6 + "
"(-.0000000008,0)0^ 9^ 6 3 + "
"(.0000000008,0)9^ 0^ 6 3 + "
"(-.0000000016,0)0^ 4^ 3 1 + "
"(-.0000000016,0)5^ 9^ 8 6 + "
"(.0000000356,0)0^ 9^ 3 7 + "
"(-.0000000356,0)9^ 0^ 3 7 + "
"(-.0000000356,0)0^ 9^ 7 3 + "
"(.0000000356,0)9^ 0^ 7 3 + "
"(.0000000218,0)0^ 4^ 3 2 + "
"(.0000000218,0)5^ 9^ 8 7 + "
"(.0000012319,0)0^ 9^ 3 8 + "
"(-.0000012319,0)9^ 0^ 3 8 + "
"(-.0000012319,0)0^ 9^ 8 3 + "
"(.0000012319,0)9^ 0^ 8 3 + "
"(-.0002634122,0)0^ 9^ 3 9 + "
"(.0002634122,0)9^ 0^ 3 9 + "
"(.0002634122,0)0^ 9^ 9 3 + "
"(-.0002634122,0)9^ 0^ 9 3 + "
"(-.0002441487,0)0^ 4^ 3 4 + "
"(-.0002441487,0)5^ 9^ 8 9 + "
"(.0000636760,0)0^ 4 + "
"(.0000636760,0)5^ 9 + "
"(.0000159189,0)0^ 5^ 4 5 + "
"(-.0000159189,0)5^ 0^ 4 5 + "
"(-.0000159189,0)0^ 5^ 5 4 + "
"(.0000159189,0)5^ 0^ 5 4 + "
"(-.0000001056,0)0^ 5^ 4 6 + "
"(.0000001056,0)5^ 0^ 4 6 + "
"(.0000001056,0)0^ 5^ 6 4 + "
"(-.0000001056,0)5^ 0^ 6 4 + "
"(.0000014150,0)0^ 5^ 4 7 + "
"(-.0000014150,0)5^ 0^ 4 7 + "
"(-.0000014150,0)0^ 5^ 7 4 + "
"(.0000014150,0)5^ 0^ 7 4 + "
"(.0000000117,0)0^ 5^ 4 8 + "
"(-.0000000117,0)5^ 0^ 4 8 + "
"(-.0000000117,0)0^ 5^ 8 4 + "
"(.0000000117,0)5^ 0^ 8 4 + "
"(-.0265673176,0)0^ 5^ 4 9 + "
"(.0265673176,0)5^ 0^ 4 9 + "
"(.0265673176,0)0^ 5^ 9 4 + "
"(-.0265673176,0)5^ 0^ 9 4 + "
"(-.0000001056,0)0^ 6^ 4 5 + "
"(.0000001056,0)6^ 0^ 4 5 + "
"(.0000001056,0)0^ 6^ 5 4 + "
"(-.0000001056,0)6^ 0^ 5 4 + "
"(.0000000538,0)0^ 1^ 4 0 + "
"(.0000000538,0)5^ 6^ 9 5 + "
"(.0000132330,0)0^ 6^ 4 6 + "
"(-.0000132330,0)6^ 0^ 4 6 + "
"(-.0000132330,0)0^ 6^ 6 4 + "
"(.0000132330,0)6^ 0^ 6 4 + "
"(.0000114626,0)0^ 1^ 4 1 + "
"(.0000114626,0)5^ 6^ 9 6 + "
"(-.0000000607,0)0^ 6^ 4 7 + "
"(.0000000607,0)6^ 0^ 4 7 + "
"(.0000000607,0)0^ 6^ 7 4 + "
"(-.0000000607,0)6^ 0^ 7 4 + "
"(.0000000279,0)0^ 1^ 4 2 + "
"(.0000000279,0)5^ 6^ 9 7 + "
"(.0000000014,0)0^ 6^ 4 8 + "
"(-.0000000014,0)6^ 0^ 4 8 + "
"(-.0000000014,0)0^ 6^ 8 4 + "
"(.0000000014,0)6^ 0^ 8 4 + "
"(.0000000005,0)0^ 1^ 4 3 + "
"(.0000000005,0)5^ 6^ 9 8 + "
"(.0000002665,0)0^ 6^ 4 9 + "
"(-.0000002665,0)6^ 0^ 4 9 + "
"(-.0000002665,0)0^ 6^ 9 4 + "
"(.0000002665,0)6^ 0^ 9 4 + "
"(.0000014150,0)0^ 7^ 4 5 + "
"(-.0000014150,0)7^ 0^ 4 5 + "
"(-.0000014150,0)0^ 7^ 5 4 + "
"(.0000014150,0)7^ 0^ 5 4 + "
"(.0000025851,0)0^ 2^ 4 0 + "
"(.0000025851,0)5^ 7^ 9 5 + "
"(-.0000000607,0)0^ 7^ 4 6 + "
"(.0000000607,0)7^ 0^ 4 6 + "
"(.0000000607,0)0^ 7^ 6 4 + "
"(-.0000000607,0)7^ 0^ 6 4 + "
"(.0000000276,0)0^ 2^ 4 1 + "
"(.0000000276,0)5^ 7^ 9 6 + "
"(.0000140688,0)0^ 7^ 4 7 + "
"(-.0000140688,0)7^ 0^ 4 7 + "
"(-.0000140688,0)0^ 7^ 7 4 + "
"(.0000140688,0)7^ 0^ 7 4 + "
"(.0000113732,0)0^ 2^ 4 2 + "
"(.0000113732,0)5^ 7^ 9 7 + "
"(-.0000000041,0)0^ 7^ 4 8 + "
"(.0000000041,0)7^ 0^ 4 8 + "
"(.0000000041,0)0^ 7^ 8 4 + "
"(-.0000000041,0)7^ 0^ 8 4 + "
"(-.0000000398,0)0^ 2^ 4 3 + "
"(-.0000000398,0)5^ 7^ 9 8 + "
"(-.0024717123,0)0^ 7^ 4 9 + "
"(.0024717123,0)7^ 0^ 4 9 + "
"(.0024717123,0)0^ 7^ 9 4 + "
"(-.0024717123,0)7^ 0^ 9 4 + "
"(.0000000117,0)0^ 8^ 4 5 + "
"(-.0000000117,0)8^ 0^ 4 5 + "
"(-.0000000117,0)0^ 8^ 5 4 + "
"(.0000000117,0)8^ 0^ 5 4 + "
"(.0000000229,0)0^ 3^ 4 0 + "
"(.0000000229,0)5^ 8^ 9 5 + "
"(.0000000014,0)0^ 8^ 4 6 + "
"(-.0000000014,0)8^ 0^ 4 6 + "
"(-.0000000014,0)0^ 8^ 6 4 + "
"(.0000000014,0)8^ 0^ 6 4 + "
"(-.0000000011,0)0^ 3^ 4 1 + "
"(-.0000000011,0)5^ 8^ 9 6 + "
"(-.0000000041,0)0^ 8^ 4 7 + "
"(.0000000041,0)8^ 0^ 4 7 + "
"(.0000000041,0)0^ 8^ 7 4 + "
"(-.0000000041,0)8^ 0^ 7 4 + "
"(-.0000000180,0)0^ 3^ 4 2 + "
"(-.0000000180,0)5^ 8^ 9 7 + "
"(.0000127169,0)0^ 8^ 4 8 + "
"(-.0000127169,0)8^ 0^ 4 8 + "
"(-.0000127169,0)0^ 8^ 8 4 + "
"(.0000127169,0)8^ 0^ 8 4 + "
"(.0000114850,0)0^ 3^ 4 3 + "
"(.0000114850,0)5^ 8^ 9 8 + "
"(-.0000192635,0)0^ 8^ 4 9 + "
"(.0000192635,0)8^ 0^ 4 9 + "
"(.0000192635,0)0^ 8^ 9 4 + "
"(-.0000192635,0)8^ 0^ 9 4 + "
"(-.0265673176,0)0^ 9^ 4 5 + "
"(.0265673176,0)9^ 0^ 4 5 + "
"(.0265673176,0)0^ 9^ 5 4 + "
"(-.0265673176,0)9^ 0^ 5 4 + "
"(.1151076602,0)0^ 4^ 4 0 + "
"(.1151076602,0)5^ 9^ 9 5 + "
"(.0000002665,0)0^ 9^ 4 6 + "
"(-.0000002665,0)9^ 0^ 4 6 + "
"(-.0000002665,0)0^ 9^ 6 4 + "
"(.0000002665,0)9^ 0^ 6 4 + "
"(-.0000016554,0)0^ 4^ 4 1 + "
"(-.0000016554,0)5^ 9^ 9 6 + "
"(-.0024717123,0)0^ 9^ 4 7 + "
"(.0024717123,0)9^ 0^ 4 7 + "
"(.0024717123,0)0^ 9^ 7 4 + "
"(-.0024717123,0)9^ 0^ 7 4 + "
"(.0285762128,0)0^ 4^ 4 2 + "
"(.0285762128,0)5^ 9^ 9 7 + "
"(-.0000192635,0)0^ 9^ 4 8 + "
"(.0000192635,0)9^ 0^ 4 8 + "
"(.0000192635,0)0^ 9^ 8 4 + "
"(-.0000192635,0)9^ 0^ 8 4 + "
"(.0002441487,0)0^ 4^ 4 3 + "
"(.0002441487,0)5^ 9^ 9 8 + "
"(.0000142871,0)0^ 9^ 4 9 + "
"(-.0000142871,0)9^ 0^ 4 9 + "
"(-.0000142871,0)0^ 9^ 9 4 + "
"(.0000142871,0)9^ 0^ 9 4 + "
"(.0000094388,0)1^ 0 + "
"(.0000094388,0)6^ 5 + "
"(.0000023592,0)1^ 5^ 0 5 + "
"(-.0000023592,0)5^ 1^ 0 5 + "
"(-.0000023592,0)1^ 5^ 5 0 + "
"(.0000023592,0)5^ 1^ 5 0 + "
"(-.0401413655,0)1^ 5^ 0 6 + "
"(.0401413655,0)5^ 1^ 0 6 + "
"(.0401413655,0)1^ 5^ 6 0 + "
"(-.0401413655,0)5^ 1^ 6 0 + "
"(.1090538909,0)1^ 0^ 0 1 + "
"(.1090538909,0)6^ 5^ 5 6 + "
"(-.0000010016,0)1^ 5^ 0 7 + "
"(.0000010016,0)5^ 1^ 0 7 + "
"(.0000010016,0)1^ 5^ 7 0 + "
"(-.0000010016,0)5^ 1^ 7 0 + "
"(.0000010772,0)1^ 0^ 0 2 + "
"(.0000010772,0)6^ 5^ 5 7 + "
"(.0000005885,0)1^ 5^ 0 8 + "
"(-.0000005885,0)5^ 1^ 0 8 + "
"(-.0000005885,0)1^ 5^ 8 0 + "
"(.0000005885,0)5^ 1^ 8 0 + "
"(-.0000002962,0)1^ 0^ 0 3 + "
"(-.0000002962,0)6^ 5^ 5 8 + "
"(-.0000001056,0)1^ 5^ 0 9 + "
"(.0000001056,0)5^ 1^ 0 9 + "
"(.0000001056,0)1^ 5^ 9 0 + "
"(-.0000001056,0)5^ 1^ 9 0 + "
"(.0000000538,0)1^ 0^ 0 4 + "
"(.0000000538,0)6^ 5^ 5 9 + "
"(-.0401413655,0)1^ 6^ 0 5 + "
"(.0401413655,0)6^ 1^ 0 5 + "
"(.0401413655,0)1^ 6^ 5 0 + "
"(-.0401413655,0)6^ 1^ 5 0 + "
"(.0000030673,0)1^ 6^ 0 6 + "
"(-.0000030673,0)6^ 1^ 0 6 + "
"(-.0000030673,0)1^ 6^ 6 0 + "
"(.0000030673,0)6^ 1^ 6 0 + "
"(-.0056094027,0)1^ 6^ 0 7 + "
"(.0056094027,0)6^ 1^ 0 7 + "
"(.0056094027,0)1^ 6^ 7 0 + "
"(-.0056094027,0)6^ 1^ 7 0 + "
"(-.0000429797,0)1^ 6^ 0 8 + "
"(.0000429797,0)6^ 1^ 0 8 + "
"(.0000429797,0)1^ 6^ 8 0 + "
"(-.0000429797,0)6^ 1^ 8 0 + "
"(.0000017704,0)1^ 6^ 0 9 + "
"(-.0000017704,0)6^ 1^ 0 9 + "
"(-.0000017704,0)1^ 6^ 9 0 + "
"(.0000017704,0)6^ 1^ 9 0 + "
"(-.0000010016,0)1^ 7^ 0 5 + "
"(.0000010016,0)7^ 1^ 0 5 + "
"(.0000010016,0)1^ 7^ 5 0 + "
"(-.0000010016,0)7^ 1^ 5 0 + "
"(-.0056094027,0)1^ 7^ 0 6 + "
"(.0056094027,0)7^ 1^ 0 6 + "
"(.0056094027,0)1^ 7^ 6 0 + "
"(-.0056094027,0)7^ 1^ 6 0 + "
"(.0277699374,0)1^ 2^ 0 1 + "
"(.0277699374,0)6^ 7^ 5 6 + "
"(.0000007338,0)1^ 7^ 0 7 + "
"(-.0000007338,0)7^ 1^ 0 7 + "
"(-.0000007338,0)1^ 7^ 7 0 + "
"(.0000007338,0)7^ 1^ 7 0 + "
"(.0000016605,0)1^ 2^ 0 2 + "
"(.0000016605,0)6^ 7^ 5 7 + "
"(.0000004869,0)1^ 7^ 0 8 + "
"(-.0000004869,0)7^ 1^ 0 8 + "
"(-.0000004869,0)1^ 7^ 8 0 + "
"(.0000004869,0)7^ 1^ 8 0 + "
"(-.0000000035,0)1^ 2^ 0 3 + "
"(-.0000000035,0)6^ 7^ 5 8 + "
"(-.0000000883,0)1^ 7^ 0 9 + "
"(.0000000883,0)7^ 1^ 0 9 + "
"(.0000000883,0)1^ 7^ 9 0 + "
"(-.0000000883,0)7^ 1^ 9 0 + "
"(.0000005885,0)1^ 8^ 0 5 + "
"(-.0000005885,0)8^ 1^ 0 5 + "
"(-.0000005885,0)1^ 8^ 5 0 + "
"(.0000005885,0)8^ 1^ 5 0 + "
"(-.0000429797,0)1^ 8^ 0 6 + "
"(.0000429797,0)8^ 1^ 0 6 + "
"(.0000429797,0)1^ 8^ 6 0 + "
"(-.0000429797,0)8^ 1^ 6 0 + "
"(.0002388760,0)1^ 3^ 0 1 + "
"(.0002388760,0)6^ 8^ 5 6 + "
"(.0000004869,0)1^ 8^ 0 7 + "
"(-.0000004869,0)8^ 1^ 0 7 + "
"(-.0000004869,0)1^ 8^ 7 0 + "
"(.0000004869,0)8^ 1^ 7 0 + "
"(.0000001519,0)1^ 3^ 0 2 + "
"(.0000001519,0)6^ 8^ 5 7 + "
"(.0000019304,0)1^ 8^ 0 8 + "
"(-.0000019304,0)8^ 1^ 0 8 + "
"(-.0000019304,0)1^ 8^ 8 0 + "
"(.0000019304,0)8^ 1^ 8 0 + "
"(.0000016568,0)1^ 3^ 0 3 + "
"(.0000016568,0)6^ 8^ 5 8 + "
"(.0000000025,0)1^ 8^ 0 9 + "
"(-.0000000025,0)8^ 1^ 0 9 + "
"(-.0000000025,0)1^ 8^ 9 0 + "
"(.0000000025,0)8^ 1^ 9 0 + "
"(.0000000016,0)1^ 3^ 0 4 + "
"(.0000000016,0)6^ 8^ 5 9 + "
"(-.0000001056,0)1^ 9^ 0 5 + "
"(.0000001056,0)9^ 1^ 0 5 + "
"(.0000001056,0)1^ 9^ 5 0 + "
"(-.0000001056,0)9^ 1^ 5 0 + "
"(.0000017704,0)1^ 9^ 0 6 + "
"(-.0000017704,0)9^ 1^ 0 6 + "
"(-.0000017704,0)1^ 9^ 6 0 + "
"(.0000017704,0)9^ 1^ 6 0 + "
"(-.0000114626,0)1^ 4^ 0 1 + "
"(-.0000114626,0)6^ 9^ 5 6 + "
"(-.0000000883,0)1^ 9^ 0 7 + "
"(.0000000883,0)9^ 1^ 0 7 + "
"(.0000000883,0)1^ 9^ 7 0 + "
"(-.0000000883,0)9^ 1^ 7 0 + "
"(-.0000000276,0)1^ 4^ 0 2 + "
"(-.0000000276,0)6^ 9^ 5 7 + "
"(.0000000025,0)1^ 9^ 0 8 + "
"(-.0000000025,0)9^ 1^ 0 8 + "
"(-.0000000025,0)1^ 9^ 8 0 + "
"(.0000000025,0)9^ 1^ 8 0 + "
"(.0000000011,0)1^ 4^ 0 3 + "
"(.0000000011,0)6^ 9^ 5 8 + "
"(.0000019219,0)1^ 9^ 0 9 + "
"(-.0000019219,0)9^ 1^ 0 9 + "
"(-.0000019219,0)1^ 9^ 9 0 + "
"(.0000019219,0)9^ 1^ 9 0 + "
"(.0000016554,0)1^ 4^ 0 4 + "
"(.0000016554,0)6^ 9^ 5 9 + "
"(-.5913257411,0)1^ 1 + "
"(-.5913257411,0)6^ 6 + "
"(-.1491952564,0)1^ 5^ 1 5 + "
"(.1491952564,0)5^ 1^ 1 5 + "
"(.1491952564,0)1^ 5^ 5 1 + "
"(-.1491952564,0)5^ 1^ 5 1 + "
"(-.1090538909,0)1^ 0^ 1 0 + "
"(-.1090538909,0)6^ 5^ 6 5 + "
"(.0000030673,0)1^ 5^ 1 6 + "
"(-.0000030673,0)5^ 1^ 1 6 + "
"(-.0000030673,0)1^ 5^ 6 1 + "
"(.0000030673,0)5^ 1^ 6 1 + "
"(-.0333793400,0)1^ 5^ 1 7 + "
"(.0333793400,0)5^ 1^ 1 7 + "
"(.0333793400,0)1^ 5^ 7 1 + "
"(-.0333793400,0)5^ 1^ 7 1 + "
"(-.0277699374,0)1^ 0^ 1 2 + "
"(-.0277699374,0)6^ 5^ 6 7 + "
"(-.0002818557,0)1^ 5^ 1 8 + "
"(.0002818557,0)5^ 1^ 1 8 + "
"(.0002818557,0)1^ 5^ 8 1 + "
"(-.0002818557,0)5^ 1^ 8 1 + "
"(-.0002388760,0)1^ 0^ 1 3 + "
"(-.0002388760,0)6^ 5^ 6 8 + "
"(.0000132330,0)1^ 5^ 1 9 + "
"(-.0000132330,0)5^ 1^ 1 9 + "
"(-.0000132330,0)1^ 5^ 9 1 + "
"(.0000132330,0)5^ 1^ 9 1 + "
"(.0000114626,0)1^ 0^ 1 4 + "
"(.0000114626,0)6^ 5^ 6 9 + "
"(.0000030673,0)1^ 6^ 1 5 + "
"(-.0000030673,0)6^ 1^ 1 5 + "
"(-.0000030673,0)1^ 6^ 5 1 + "
"(.0000030673,0)6^ 1^ 5 1 + "
"(-.1585493965,0)1^ 6^ 1 6 + "
"(.1585493965,0)6^ 1^ 1 6 + "
"(.1585493965,0)1^ 6^ 6 1 + "
"(-.1585493965,0)6^ 1^ 6 1 + "
"(-.0000020021,0)1^ 6^ 1 7 + "
"(.0000020021,0)6^ 1^ 1 7 + "
"(.0000020021,0)1^ 6^ 7 1 + "
"(-.0000020021,0)6^ 1^ 7 1 + "
"(.0000008761,0)1^ 6^ 1 8 + "
"(-.0000008761,0)6^ 1^ 1 8 + "
"(-.0000008761,0)1^ 6^ 8 1 + "
"(.0000008761,0)6^ 1^ 8 1 + "
"(-.0000001578,0)1^ 6^ 1 9 + "
"(.0000001578,0)6^ 1^ 1 9 + "
"(.0000001578,0)1^ 6^ 9 1 + "
"(-.0000001578,0)6^ 1^ 9 1 + "
"(-.0333793400,0)1^ 7^ 1 5 + "
"(.0333793400,0)7^ 1^ 1 5 + "
"(.0333793400,0)1^ 7^ 5 1 + "
"(-.0333793400,0)7^ 1^ 5 1 + "
"(-.0277699374,0)1^ 2^ 1 0 + "
"(-.0277699374,0)6^ 7^ 6 5 + "
"(-.0000020021,0)1^ 7^ 1 6 + "
"(.0000020021,0)7^ 1^ 1 6 + "
"(.0000020021,0)1^ 7^ 6 1 + "
"(-.0000020021,0)7^ 1^ 6 1 + "
"(-.1303982875,0)1^ 7^ 1 7 + "
"(.1303982875,0)7^ 1^ 1 7 + "
"(.1303982875,0)1^ 7^ 7 1 + "
"(-.1303982875,0)7^ 1^ 7 1 + "
"(-.1209563993,0)1^ 2^ 1 2 + "
"(-.1209563993,0)6^ 7^ 6 7 + "
"(.0000242043,0)1^ 7^ 1 8 + "
"(-.0000242043,0)7^ 1^ 1 8 + "
"(-.0000242043,0)1^ 7^ 8 1 + "
"(.0000242043,0)7^ 1^ 8 1 + "
"(.0000265114,0)1^ 2^ 1 3 + "
"(.0000265114,0)6^ 7^ 6 8 + "
"(-.0000010718,0)1^ 7^ 1 9 + "
"(.0000010718,0)7^ 1^ 1 9 + "
"(.0000010718,0)1^ 7^ 9 1 + "
"(-.0000010718,0)7^ 1^ 9 1 + "
"(-.0000011841,0)1^ 2^ 1 4 + "
"(-.0000011841,0)6^ 7^ 6 9 + "
"(-.0002818557,0)1^ 8^ 1 5 + "
"(.0002818557,0)8^ 1^ 1 5 + "
"(.0002818557,0)1^ 8^ 5 1 + "
"(-.0002818557,0)8^ 1^ 5 1 + "
"(-.0002388760,0)1^ 3^ 1 0 + "
"(-.0002388760,0)6^ 8^ 6 5 + "
"(.0000008761,0)1^ 8^ 1 6 + "
"(-.0000008761,0)8^ 1^ 1 6 + "
"(-.0000008761,0)1^ 8^ 6 1 + "
"(.0000008761,0)8^ 1^ 6 1 + "
"(.0000242043,0)1^ 8^ 1 7 + "
"(-.0000242043,0)8^ 1^ 1 7 + "
"(-.0000242043,0)1^ 8^ 7 1 + "
"(.0000242043,0)8^ 1^ 7 1 + "
"(.0000265114,0)1^ 3^ 1 2 + "
"(.0000265114,0)6^ 8^ 6 7 + "
"(-.1352256479,0)1^ 8^ 1 8 + "
"(.1352256479,0)8^ 1^ 1 8 + "
"(.1352256479,0)1^ 8^ 8 1 + "
"(-.1352256479,0)8^ 1^ 8 1 + "
"(-.1258286960,0)1^ 3^ 1 3 + "
"(-.1258286960,0)6^ 8^ 6 8 + "
"(-.0000000106,0)1^ 8^ 1 9 + "
"(.0000000106,0)8^ 1^ 1 9 + "
"(.0000000106,0)1^ 8^ 9 1 + "
"(-.0000000106,0)8^ 1^ 9 1 + "
"(-.0000000109,0)1^ 3^ 1 4 + "
"(-.0000000109,0)6^ 8^ 6 9 + "
"(.0000132330,0)1^ 9^ 1 5 + "
"(-.0000132330,0)9^ 1^ 1 5 + "
"(-.0000132330,0)1^ 9^ 5 1 + "
"(.0000132330,0)9^ 1^ 5 1 + "
"(.0000114626,0)1^ 4^ 1 0 + "
"(.0000114626,0)6^ 9^ 6 5 + "
"(-.0000001578,0)1^ 9^ 1 6 + "
"(.0000001578,0)9^ 1^ 1 6 + "
"(.0000001578,0)1^ 9^ 6 1 + "
"(-.0000001578,0)9^ 1^ 6 1 + "
"(-.0000010718,0)1^ 9^ 1 7 + "
"(.0000010718,0)9^ 1^ 1 7 + "
"(.0000010718,0)1^ 9^ 7 1 + "
"(-.0000010718,0)9^ 1^ 7 1 + "
"(-.0000011841,0)1^ 4^ 1 2 + "
"(-.0000011841,0)6^ 9^ 6 7 + "
"(-.0000000106,0)1^ 9^ 1 8 + "
"(.0000000106,0)9^ 1^ 1 8 + "
"(.0000000106,0)1^ 9^ 8 1 + "
"(-.0000000106,0)9^ 1^ 8 1 + "
"(-.0000000109,0)1^ 4^ 1 3 + "
"(-.0000000109,0)6^ 9^ 6 8 + "
"(-.1352259736,0)1^ 9^ 1 9 + "
"(.1352259736,0)9^ 1^ 1 9 + "
"(.1352259736,0)1^ 9^ 9 1 + "
"(-.1352259736,0)9^ 1^ 9 1 + "
"(-.1258290159,0)1^ 4^ 1 4 + "
"(-.1258290159,0)6^ 9^ 6 9 + "
"(-.0000151045,0)1^ 2 + "
"(-.0000151045,0)6^ 7 + "
"(-.0000020787,0)1^ 5^ 2 5 + "
"(.0000020787,0)5^ 1^ 2 5 + "
"(.0000020787,0)1^ 5^ 5 2 + "
"(-.0000020787,0)5^ 1^ 5 2 + "
"(-.0000010772,0)1^ 0^ 2 0 + "
"(-.0000010772,0)6^ 5^ 7 5 + "
"(-.0056094027,0)1^ 5^ 2 6 + "
"(.0056094027,0)5^ 1^ 2 6 + "
"(.0056094027,0)1^ 5^ 6 2 + "
"(-.0056094027,0)5^ 1^ 6 2 + "
"(.0277699374,0)1^ 0^ 2 1 + "
"(.0277699374,0)6^ 5^ 7 6 + "
"(-.0000009267,0)1^ 5^ 2 7 + "
"(.0000009267,0)5^ 1^ 2 7 + "
"(.0000009267,0)1^ 5^ 7 2 + "
"(-.0000009267,0)5^ 1^ 7 2 + "
"(.0000003350,0)1^ 5^ 2 8 + "
"(-.0000003350,0)5^ 1^ 2 8 + "
"(-.0000003350,0)1^ 5^ 8 2 + "
"(.0000003350,0)5^ 1^ 8 2 + "
"(-.0000001554,0)1^ 0^ 2 3 + "
"(-.0000001554,0)6^ 5^ 7 8 + "
"(-.0000000607,0)1^ 5^ 2 9 + "
"(.0000000607,0)5^ 1^ 2 9 + "
"(.0000000607,0)1^ 5^ 9 2 + "
"(-.0000000607,0)5^ 1^ 9 2 + "
"(.0000000279,0)1^ 0^ 2 4 + "
"(.0000000279,0)6^ 5^ 7 9 + "
"(-.0056094027,0)1^ 6^ 2 5 + "
"(.0056094027,0)6^ 1^ 2 5 + "
"(.0056094027,0)1^ 6^ 5 2 + "
"(-.0056094027,0)6^ 1^ 5 2 + "
"(-.0000020021,0)1^ 6^ 2 6 + "
"(.0000020021,0)6^ 1^ 2 6 + "
"(.0000020021,0)1^ 6^ 6 2 + "
"(-.0000020021,0)6^ 1^ 6 2 + "
"(-.0094418882,0)1^ 6^ 2 7 + "
"(.0094418882,0)6^ 1^ 2 7 + "
"(.0094418882,0)1^ 6^ 7 2 + "
"(-.0094418882,0)6^ 1^ 7 2 + "
"(-.0000023071,0)1^ 6^ 2 8 + "
"(.0000023071,0)6^ 1^ 2 8 + "
"(.0000023071,0)1^ 6^ 8 2 + "
"(-.0000023071,0)6^ 1^ 8 2 + "
"(.0000001123,0)1^ 6^ 2 9 + "
"(-.0000001123,0)6^ 1^ 2 9 + "
"(-.0000001123,0)1^ 6^ 9 2 + "
"(.0000001123,0)6^ 1^ 9 2 + "
"(-.0000009267,0)1^ 7^ 2 5 + "
"(.0000009267,0)7^ 1^ 2 5 + "
"(.0000009267,0)1^ 7^ 5 2 + "
"(-.0000009267,0)7^ 1^ 5 2 + "
"(-.0000016605,0)1^ 2^ 2 0 + "
"(-.0000016605,0)6^ 7^ 7 5 + "
"(-.0094418882,0)1^ 7^ 2 6 + "
"(.0094418882,0)7^ 1^ 2 6 + "
"(.0094418882,0)1^ 7^ 6 2 + "
"(-.0094418882,0)7^ 1^ 6 2 + "
"(.1209563993,0)1^ 2^ 2 1 + "
"(.1209563993,0)6^ 7^ 7 6 + "
"(-.0000023369,0)1^ 7^ 2 7 + "
"(.0000023369,0)7^ 1^ 2 7 + "
"(.0000023369,0)1^ 7^ 7 2 + "
"(-.0000023369,0)7^ 1^ 7 2 + "
"(.0000001170,0)1^ 7^ 2 8 + "
"(-.0000001170,0)7^ 1^ 2 8 + "
"(-.0000001170,0)1^ 7^ 8 2 + "
"(.0000001170,0)7^ 1^ 8 2 + "
"(-.0000005717,0)1^ 2^ 2 3 + "
"(-.0000005717,0)6^ 7^ 7 8 + "
"(-.0000000215,0)1^ 7^ 2 9 + "
"(.0000000215,0)7^ 1^ 2 9 + "
"(.0000000215,0)1^ 7^ 9 2 + "
"(-.0000000215,0)7^ 1^ 9 2 + "
"(.0000001031,0)1^ 2^ 2 4 + "
"(.0000001031,0)6^ 7^ 7 9 + "
"(.0000003350,0)1^ 8^ 2 5 + "
"(-.0000003350,0)8^ 1^ 2 5 + "
"(-.0000003350,0)1^ 8^ 5 2 + "
"(.0000003350,0)8^ 1^ 5 2 + "
"(-.0000001519,0)1^ 3^ 2 0 + "
"(-.0000001519,0)6^ 8^ 7 5 + "
"(-.0000023071,0)1^ 8^ 2 6 + "
"(.0000023071,0)8^ 1^ 2 6 + "
"(.0000023071,0)1^ 8^ 6 2 + "
"(-.0000023071,0)8^ 1^ 6 2 + "
"(-.0000265114,0)1^ 3^ 2 1 + "
"(-.0000265114,0)6^ 8^ 7 6 + "
"(.0000001170,0)1^ 8^ 2 7 + "
"(-.0000001170,0)8^ 1^ 2 7 + "
"(-.0000001170,0)1^ 8^ 7 2 + "
"(.0000001170,0)8^ 1^ 7 2 + "
"(-.0000016192,0)1^ 8^ 2 8 + "
"(.0000016192,0)8^ 1^ 2 8 + "
"(.0000016192,0)1^ 8^ 8 2 + "
"(-.0000016192,0)8^ 1^ 8 2 + "
"(-.0000013977,0)1^ 3^ 2 3 + "
"(-.0000013977,0)6^ 8^ 7 8 + "
"(.0000000003,0)1^ 3^ 2 4 + "
"(.0000000003,0)6^ 8^ 7 9 + "
"(-.0000000607,0)1^ 9^ 2 5 + "
"(.0000000607,0)9^ 1^ 2 5 + "
"(.0000000607,0)1^ 9^ 5 2 + "
"(-.0000000607,0)9^ 1^ 5 2 + "
"(.0000000276,0)1^ 4^ 2 0 + "
"(.0000000276,0)6^ 9^ 7 5 + "
"(.0000001123,0)1^ 9^ 2 6 + "
"(-.0000001123,0)9^ 1^ 2 6 + "
"(-.0000001123,0)1^ 9^ 6 2 + "
"(.0000001123,0)9^ 1^ 6 2 + "
"(.0000011841,0)1^ 4^ 2 1 + "
"(.0000011841,0)6^ 9^ 7 6 + "
"(-.0000000215,0)1^ 9^ 2 7 + "
"(.0000000215,0)9^ 1^ 2 7 + "
"(.0000000215,0)1^ 9^ 7 2 + "
"(-.0000000215,0)9^ 1^ 7 2 + "
"(-.0000016200,0)1^ 9^ 2 9 + "
"(.0000016200,0)9^ 1^ 2 9 + "
"(.0000016200,0)1^ 9^ 9 2 + "
"(-.0000016200,0)9^ 1^ 9 2 + "
"(-.0000013973,0)1^ 4^ 2 4 + "
"(-.0000013973,0)6^ 9^ 7 9 + "
"(.0000051608,0)1^ 3 + "
"(.0000051608,0)6^ 8 + "
"(.0000008847,0)1^ 5^ 3 5 + "
"(-.0000008847,0)5^ 1^ 3 5 + "
"(-.0000008847,0)1^ 5^ 5 3 + "
"(.0000008847,0)5^ 1^ 5 3 + "
"(.0000002962,0)1^ 0^ 3 0 + "
"(.0000002962,0)6^ 5^ 8 5 + "
"(-.0000429797,0)1^ 5^ 3 6 + "
"(.0000429797,0)5^ 1^ 3 6 + "
"(.0000429797,0)1^ 5^ 6 3 + "
"(-.0000429797,0)5^ 1^ 6 3 + "
"(.0002388760,0)1^ 0^ 3 1 + "
"(.0002388760,0)6^ 5^ 8 6 + "
"(.0000004904,0)1^ 5^ 3 7 + "
"(-.0000004904,0)5^ 1^ 3 7 + "
"(-.0000004904,0)1^ 5^ 7 3 + "
"(.0000004904,0)5^ 1^ 7 3 + "
"(.0000001554,0)1^ 0^ 3 2 + "
"(.0000001554,0)6^ 5^ 8 7 + "
"(.0000002736,0)1^ 5^ 3 8 + "
"(-.0000002736,0)5^ 1^ 3 8 + "
"(-.0000002736,0)1^ 5^ 8 3 + "
"(.0000002736,0)5^ 1^ 8 3 + "
"(.0000000014,0)1^ 5^ 3 9 + "
"(-.0000000014,0)5^ 1^ 3 9 + "
"(-.0000000014,0)1^ 5^ 9 3 + "
"(.0000000014,0)5^ 1^ 9 3 + "
"(.0000000005,0)1^ 0^ 3 4 + "
"(.0000000005,0)6^ 5^ 8 9 + "
"(-.0000429797,0)1^ 6^ 3 5 + "
"(.0000429797,0)6^ 1^ 3 5 + "
"(.0000429797,0)1^ 6^ 5 3 + "
"(-.0000429797,0)6^ 1^ 5 3 + "
"(.0000008761,0)1^ 6^ 3 6 + "
"(-.0000008761,0)6^ 1^ 3 6 + "
"(-.0000008761,0)1^ 6^ 6 3 + "
"(.0000008761,0)6^ 1^ 6 3 + "
"(-.0000023071,0)1^ 6^ 3 7 + "
"(.0000023071,0)6^ 1^ 3 7 + "
"(.0000023071,0)1^ 6^ 7 3 + "
"(-.0000023071,0)6^ 1^ 7 3 + "
"(-.0093969519,0)1^ 6^ 3 8 + "
"(.0093969519,0)6^ 1^ 3 8 + "
"(.0093969519,0)1^ 6^ 8 3 + "
"(-.0093969519,0)6^ 1^ 8 3 + "
"(.0000000004,0)1^ 6^ 3 9 + "
"(-.0000000004,0)6^ 1^ 3 9 + "
"(-.0000000004,0)1^ 6^ 9 3 + "
"(.0000000004,0)6^ 1^ 9 3 + "
"(.0000004904,0)1^ 7^ 3 5 + "
"(-.0000004904,0)7^ 1^ 3 5 + "
"(-.0000004904,0)1^ 7^ 5 3 + "
"(.0000004904,0)7^ 1^ 5 3 + "
"(.0000000035,0)1^ 2^ 3 0 + "
"(.0000000035,0)6^ 7^ 8 5 + "
"(-.0000023071,0)1^ 7^ 3 6 + "
"(.0000023071,0)7^ 1^ 3 6 + "
"(.0000023071,0)1^ 7^ 6 3 + "
"(-.0000023071,0)7^ 1^ 6 3 + "
"(-.0000265114,0)1^ 2^ 3 1 + "
"(-.0000265114,0)6^ 7^ 8 6 + "
"(.0000006887,0)1^ 7^ 3 7 + "
"(-.0000006887,0)7^ 1^ 3 7 + "
"(-.0000006887,0)1^ 7^ 7 3 + "
"(.0000006887,0)7^ 1^ 7 3 + "
"(.0000005717,0)1^ 2^ 3 2 + "
"(.0000005717,0)6^ 7^ 8 7 + "
"(-.0000002215,0)1^ 7^ 3 8 + "
"(.0000002215,0)7^ 1^ 3 8 + "
"(.0000002215,0)1^ 7^ 8 3 + "
"(-.0000002215,0)7^ 1^ 8 3 + "
"(-.0000000004,0)1^ 7^ 3 9 + "
"(.0000000004,0)7^ 1^ 3 9 + "
"(.0000000004,0)1^ 7^ 9 3 + "
"(-.0000000004,0)7^ 1^ 9 3 + "
"(.0000002736,0)1^ 8^ 3 5 + "
"(-.0000002736,0)8^ 1^ 3 5 + "
"(-.0000002736,0)1^ 8^ 5 3 + "
"(.0000002736,0)8^ 1^ 5 3 + "
"(-.0000016568,0)1^ 3^ 3 0 + "
"(-.0000016568,0)6^ 8^ 8 5 + "
"(-.0093969519,0)1^ 8^ 3 6 + "
"(.0093969519,0)8^ 1^ 3 6 + "
"(.0093969519,0)1^ 8^ 6 3 + "
"(-.0093969519,0)8^ 1^ 6 3 + "
"(.1258286960,0)1^ 3^ 3 1 + "
"(.1258286960,0)6^ 8^ 8 6 + "
"(-.0000002215,0)1^ 8^ 3 7 + "
"(.0000002215,0)8^ 1^ 3 7 + "
"(.0000002215,0)1^ 8^ 7 3 + "
"(-.0000002215,0)8^ 1^ 7 3 + "
"(.0000013977,0)1^ 3^ 3 2 + "
"(.0000013977,0)6^ 8^ 8 7 + "
"(.0000007383,0)1^ 8^ 3 8 + "
"(-.0000007383,0)8^ 1^ 3 8 + "
"(-.0000007383,0)1^ 8^ 8 3 + "
"(.0000007383,0)8^ 1^ 8 3 + "
"(-.0000000124,0)1^ 8^ 3 9 + "
"(.0000000124,0)8^ 1^ 3 9 + "
"(.0000000124,0)1^ 8^ 9 3 + "
"(-.0000000124,0)8^ 1^ 9 3 + "
"(.0000000975,0)1^ 3^ 3 4 + "
"(.0000000975,0)6^ 8^ 8 9 + "
"(.0000000014,0)1^ 9^ 3 5 + "
"(-.0000000014,0)9^ 1^ 3 5 + "
"(-.0000000014,0)1^ 9^ 5 3 + "
"(.0000000014,0)9^ 1^ 5 3 + "
"(-.0000000011,0)1^ 4^ 3 0 + "
"(-.0000000011,0)6^ 9^ 8 5 + "
"(.0000000004,0)1^ 9^ 3 6 + "
"(-.0000000004,0)9^ 1^ 3 6 + "
"(-.0000000004,0)1^ 9^ 6 3 + "
"(.0000000004,0)9^ 1^ 6 3 + "
"(.0000000109,0)1^ 4^ 3 1 + "
"(.0000000109,0)6^ 9^ 8 6 + "
"(-.0000000004,0)1^ 9^ 3 7 + "
"(.0000000004,0)9^ 1^ 3 7 + "
"(.0000000004,0)1^ 9^ 7 3 + "
"(-.0000000004,0)9^ 1^ 7 3 + "
"(-.0000000124,0)1^ 9^ 3 8 + "
"(.0000000124,0)9^ 1^ 3 8 + "
"(.0000000124,0)1^ 9^ 8 3 + "
"(-.0000000124,0)9^ 1^ 8 3 + "
"(.0000006084,0)1^ 9^ 3 9 + "
"(-.0000006084,0)9^ 1^ 3 9 + "
"(-.0000006084,0)1^ 9^ 9 3 + "
"(.0000006084,0)9^ 1^ 9 3 + "
"(.0000005398,0)1^ 4^ 3 4 + "
"(.0000005398,0)6^ 9^ 8 9 + "
"(-.0000009332,0)1^ 4 + "
"(-.0000009332,0)6^ 9 + "
"(-.0000001595,0)1^ 5^ 4 5 + "
"(.0000001595,0)5^ 1^ 4 5 + "
"(.0000001595,0)1^ 5^ 5 4 + "
"(-.0000001595,0)5^ 1^ 5 4 + "
"(-.0000000538,0)1^ 0^ 4 0 + "
"(-.0000000538,0)6^ 5^ 9 5 + "
"(.0000017704,0)1^ 5^ 4 6 + "
"(-.0000017704,0)5^ 1^ 4 6 + "
"(-.0000017704,0)1^ 5^ 6 4 + "
"(.0000017704,0)5^ 1^ 6 4 + "
"(-.0000114626,0)1^ 0^ 4 1 + "
"(-.0000114626,0)6^ 5^ 9 6 + "
"(-.0000000886,0)1^ 5^ 4 7 + "
"(.0000000886,0)5^ 1^ 4 7 + "
"(.0000000886,0)1^ 5^ 7 4 + "
"(-.0000000886,0)5^ 1^ 7 4 + "
"(-.0000000279,0)1^ 0^ 4 2 + "
"(-.0000000279,0)6^ 5^ 9 7 + "
"(.0000000008,0)1^ 5^ 4 8 + "
"(-.0000000008,0)5^ 1^ 4 8 + "
"(-.0000000008,0)1^ 5^ 8 4 + "
"(.0000000008,0)5^ 1^ 8 4 + "
"(-.0000000005,0)1^ 0^ 4 3 + "
"(-.0000000005,0)6^ 5^ 9 8 + "
"(.0000002665,0)1^ 5^ 4 9 + "
"(-.0000002665,0)5^ 1^ 4 9 + "
"(-.0000002665,0)1^ 5^ 9 4 + "
"(.0000002665,0)5^ 1^ 9 4 + "
"(.0000017704,0)1^ 6^ 4 5 + "
"(-.0000017704,0)6^ 1^ 4 5 + "
"(-.0000017704,0)1^ 6^ 5 4 + "
"(.0000017704,0)6^ 1^ 5 4 + "
"(-.0000001578,0)1^ 6^ 4 6 + "
"(.0000001578,0)6^ 1^ 4 6 + "
"(.0000001578,0)1^ 6^ 6 4 + "
"(-.0000001578,0)6^ 1^ 6 4 + "
"(.0000001123,0)1^ 6^ 4 7 + "
"(-.0000001123,0)6^ 1^ 4 7 + "
"(-.0000001123,0)1^ 6^ 7 4 + "
"(.0000001123,0)6^ 1^ 7 4 + "
"(.0000000004,0)1^ 6^ 4 8 + "
"(-.0000000004,0)6^ 1^ 4 8 + "
"(-.0000000004,0)1^ 6^ 8 4 + "
"(.0000000004,0)6^ 1^ 8 4 + "
"(-.0093969577,0)1^ 6^ 4 9 + "
"(.0093969577,0)6^ 1^ 4 9 + "
"(.0093969577,0)1^ 6^ 9 4 + "
"(-.0093969577,0)6^ 1^ 9 4 + "
"(-.0000000886,0)1^ 7^ 4 5 + "
"(.0000000886,0)7^ 1^ 4 5 + "
"(.0000000886,0)1^ 7^ 5 4 + "
"(-.0000000886,0)7^ 1^ 5 4 + "
"(.0000001123,0)1^ 7^ 4 6 + "
"(-.0000001123,0)7^ 1^ 4 6 + "
"(-.0000001123,0)1^ 7^ 6 4 + "
"(.0000001123,0)7^ 1^ 6 4 + "
"(.0000011841,0)1^ 2^ 4 1 + "
"(.0000011841,0)6^ 7^ 9 6 + "
"(-.0000001245,0)1^ 7^ 4 7 + "
"(.0000001245,0)7^ 1^ 4 7 + "
"(.0000001245,0)1^ 7^ 7 4 + "
"(-.0000001245,0)7^ 1^ 7 4 + "
"(-.0000001031,0)1^ 2^ 4 2 + "
"(-.0000001031,0)6^ 7^ 9 7 + "
"(-.0000000005,0)1^ 7^ 4 8 + "
"(.0000000005,0)7^ 1^ 4 8 + "
"(.0000000005,0)1^ 7^ 8 4 + "
"(-.0000000005,0)7^ 1^ 8 4 + "
"(-.0000002228,0)1^ 7^ 4 9 + "
"(.0000002228,0)7^ 1^ 4 9 + "
"(.0000002228,0)1^ 7^ 9 4 + "
"(-.0000002228,0)7^ 1^ 9 4 + "
"(.0000000008,0)1^ 8^ 4 5 + "
"(-.0000000008,0)8^ 1^ 4 5 + "
"(-.0000000008,0)1^ 8^ 5 4 + "
"(.0000000008,0)8^ 1^ 5 4 + "
"(-.0000000016,0)1^ 3^ 4 0 + "
"(-.0000000016,0)6^ 8^ 9 5 + "
"(.0000000004,0)1^ 8^ 4 6 + "
"(-.0000000004,0)8^ 1^ 4 6 + "
"(-.0000000004,0)1^ 8^ 6 4 + "
"(.0000000004,0)8^ 1^ 6 4 + "
"(.0000000109,0)1^ 3^ 4 1 + "
"(.0000000109,0)6^ 8^ 9 6 + "
"(-.0000000005,0)1^ 8^ 4 7 + "
"(.0000000005,0)8^ 1^ 4 7 + "
"(.0000000005,0)1^ 8^ 7 4 + "
"(-.0000000005,0)8^ 1^ 7 4 + "
"(-.0000000003,0)1^ 3^ 4 2 + "
"(-.0000000003,0)6^ 8^ 9 7 + "
"(-.0000001098,0)1^ 8^ 4 8 + "
"(.0000001098,0)8^ 1^ 4 8 + "
"(.0000001098,0)1^ 8^ 8 4 + "
"(-.0000001098,0)8^ 1^ 8 4 + "
"(-.0000000975,0)1^ 3^ 4 3 + "
"(-.0000000975,0)6^ 8^ 9 8 + "
"(.0000000686,0)1^ 8^ 4 9 + "
"(-.0000000686,0)8^ 1^ 4 9 + "
"(-.0000000686,0)1^ 8^ 9 4 + "
"(.0000000686,0)8^ 1^ 9 4 + "
"(.0000002665,0)1^ 9^ 4 5 + "
"(-.0000002665,0)9^ 1^ 4 5 + "
"(-.0000002665,0)1^ 9^ 5 4 + "
"(.0000002665,0)9^ 1^ 5 4 + "
"(-.0000016554,0)1^ 4^ 4 0 + "
"(-.0000016554,0)6^ 9^ 9 5 + "
"(-.0093969577,0)1^ 9^ 4 6 + "
"(.0093969577,0)9^ 1^ 4 6 + "
"(.0093969577,0)1^ 9^ 6 4 + "
"(-.0093969577,0)9^ 1^ 6 4 + "
"(.1258290159,0)1^ 4^ 4 1 + "
"(.1258290159,0)6^ 9^ 9 6 + "
"(-.0000002228,0)1^ 9^ 4 7 + "
"(.0000002228,0)9^ 1^ 4 7 + "
"(.0000002228,0)1^ 9^ 7 4 + "
"(-.0000002228,0)9^ 1^ 7 4 + "
"(.0000013973,0)1^ 4^ 4 2 + "
"(.0000013973,0)6^ 9^ 9 7 + "
"(.0000000686,0)1^ 9^ 4 8 + "
"(-.0000000686,0)9^ 1^ 4 8 + "
"(-.0000000686,0)1^ 9^ 8 4 + "
"(.0000000686,0)9^ 1^ 8 4 + "
"(-.0000005398,0)1^ 4^ 4 3 + "
"(-.0000005398,0)6^ 9^ 9 8 + "
"(-.0000001334,0)1^ 9^ 4 9 + "
"(.0000001334,0)9^ 1^ 4 9 + "
"(.0000001334,0)1^ 9^ 9 4 + "
"(-.0000001334,0)9^ 1^ 9 4 + "
"(-.1580445383,0)2^ 0 + "
"(-.1580445383,0)7^ 5 + "
"(-.0395110902,0)2^ 5^ 0 5 + "
"(.0395110902,0)5^ 2^ 0 5 + "
"(.0395110902,0)2^ 5^ 5 0 + "
"(-.0395110902,0)5^ 2^ 5 0 + "
"(-.0000010016,0)2^ 5^ 0 6 + "
"(.0000010016,0)5^ 2^ 0 6 + "
"(.0000010016,0)2^ 5^ 6 0 + "
"(-.0000010016,0)5^ 2^ 6 0 + "
"(.0000010772,0)2^ 0^ 0 1 + "
"(.0000010772,0)7^ 5^ 5 6 + "
"(-.0294334446,0)2^ 5^ 0 7 + "
"(.0294334446,0)5^ 2^ 0 7 + "
"(.0294334446,0)2^ 5^ 7 0 + "
"(-.0294334446,0)5^ 2^ 7 0 + "
"(.1069608383,0)2^ 0^ 0 2 + "
"(.1069608383,0)7^ 5^ 5 7 + "
"(-.0000295196,0)2^ 5^ 0 8 + "
"(.0000295196,0)5^ 2^ 0 8 + "
"(.0000295196,0)2^ 5^ 8 0 + "
"(-.0000295196,0)5^ 2^ 8 0 + "
"(-.0000555046,0)2^ 0^ 0 3 + "
"(-.0000555046,0)7^ 5^ 5 8 + "
"(.0000014150,0)2^ 5^ 0 9 + "
"(-.0000014150,0)5^ 2^ 0 9 + "
"(-.0000014150,0)2^ 5^ 9 0 + "
"(.0000014150,0)5^ 2^ 9 0 + "
"(.0000025851,0)2^ 0^ 0 4 + "
"(.0000025851,0)7^ 5^ 5 9 + "
"(-.0000010016,0)2^ 6^ 0 5 + "
"(.0000010016,0)6^ 2^ 0 5 + "
"(.0000010016,0)2^ 6^ 5 0 + "
"(-.0000010016,0)6^ 2^ 5 0 + "
"(-.0333793400,0)2^ 6^ 0 6 + "
"(.0333793400,0)6^ 2^ 0 6 + "
"(.0333793400,0)2^ 6^ 6 0 + "
"(-.0333793400,0)6^ 2^ 6 0 + "
"(-.0277699374,0)2^ 1^ 0 1 + "
"(-.0277699374,0)7^ 6^ 5 6 + "
"(-.0000009267,0)2^ 6^ 0 7 + "
"(.0000009267,0)6^ 2^ 0 7 + "
"(.0000009267,0)2^ 6^ 7 0 + "
"(-.0000009267,0)6^ 2^ 7 0 + "
"(-.0000016605,0)2^ 1^ 0 2 + "
"(-.0000016605,0)7^ 6^ 5 7 + "
"(.0000004904,0)2^ 6^ 0 8 + "
"(-.0000004904,0)6^ 2^ 0 8 + "
"(-.0000004904,0)2^ 6^ 8 0 + "
"(.0000004904,0)6^ 2^ 8 0 + "
"(.0000000035,0)2^ 1^ 0 3 + "
"(.0000000035,0)7^ 6^ 5 8 + "
"(-.0000000886,0)2^ 6^ 0 9 + "
"(.0000000886,0)6^ 2^ 0 9 + "
"(.0000000886,0)2^ 6^ 9 0 + "
"(-.0000000886,0)6^ 2^ 9 0 + "
"(-.0294334446,0)2^ 7^ 0 5 + "
"(.0294334446,0)7^ 2^ 0 5 + "
"(.0294334446,0)2^ 7^ 5 0 + "
"(-.0294334446,0)7^ 2^ 5 0 + "
"(-.0000009267,0)2^ 7^ 0 6 + "
"(.0000009267,0)7^ 2^ 0 6 + "
"(.0000009267,0)2^ 7^ 6 0 + "
"(-.0000009267,0)7^ 2^ 6 0 + "
"(-.0382297526,0)2^ 7^ 0 7 + "
"(.0382297526,0)7^ 2^ 0 7 + "
"(.0382297526,0)2^ 7^ 7 0 + "
"(-.0382297526,0)7^ 2^ 7 0 + "
"(-.0000563085,0)2^ 7^ 0 8 + "
"(.0000563085,0)7^ 2^ 0 8 + "
"(.0000563085,0)2^ 7^ 8 0 + "
"(-.0000563085,0)7^ 2^ 8 0 + "
"(.0000026956,0)2^ 7^ 0 9 + "
"(-.0000026956,0)7^ 2^ 0 9 + "
"(-.0000026956,0)2^ 7^ 9 0 + "
"(.0000026956,0)7^ 2^ 9 0 + "
"(-.0000295196,0)2^ 8^ 0 5 + "
"(.0000295196,0)8^ 2^ 0 5 + "
"(.0000295196,0)2^ 8^ 5 0 + "
"(-.0000295196,0)8^ 2^ 5 0 + "
"(.0000004904,0)2^ 8^ 0 6 + "
"(-.0000004904,0)8^ 2^ 0 6 + "
"(-.0000004904,0)2^ 8^ 6 0 + "
"(.0000004904,0)8^ 2^ 6 0 + "
"(.0000001554,0)2^ 3^ 0 1 + "
"(.0000001554,0)7^ 8^ 5 6 + "
"(-.0000563085,0)2^ 8^ 0 7 + "
"(.0000563085,0)8^ 2^ 0 7 + "
"(.0000563085,0)2^ 8^ 7 0 + "
"(-.0000563085,0)8^ 2^ 7 0 + "
"(.0002404692,0)2^ 3^ 0 2 + "
"(.0002404692,0)7^ 8^ 5 7 + "
"(-.0310481745,0)2^ 8^ 0 8 + "
"(.0310481745,0)8^ 2^ 0 8 + "
"(.0310481745,0)2^ 8^ 8 0 + "
"(-.0310481745,0)8^ 2^ 8 0 + "
"(-.0285761556,0)2^ 3^ 0 3 + "
"(-.0285761556,0)7^ 8^ 5 8 + "
"(.0000000139,0)2^ 8^ 0 9 + "
"(-.0000000139,0)8^ 2^ 0 9 + "
"(-.0000000139,0)2^ 8^ 9 0 + "
"(.0000000139,0)8^ 2^ 9 0 + "
"(-.0000000218,0)2^ 3^ 0 4 + "
"(-.0000000218,0)7^ 8^ 5 9 + "
"(.0000014150,0)2^ 9^ 0 5 + "
"(-.0000014150,0)9^ 2^ 0 5 + "
"(-.0000014150,0)2^ 9^ 5 0 + "
"(.0000014150,0)9^ 2^ 5 0 + "
"(-.0000000886,0)2^ 9^ 0 6 + "
"(.0000000886,0)9^ 2^ 0 6 + "
"(.0000000886,0)2^ 9^ 6 0 + "
"(-.0000000886,0)9^ 2^ 6 0 + "
"(-.0000000279,0)2^ 4^ 0 1 + "
"(-.0000000279,0)7^ 9^ 5 6 + "
"(.0000026956,0)2^ 9^ 0 7 + "
"(-.0000026956,0)9^ 2^ 0 7 + "
"(-.0000026956,0)2^ 9^ 7 0 + "
"(.0000026956,0)9^ 2^ 7 0 + "
"(-.0000113732,0)2^ 4^ 0 2 + "
"(-.0000113732,0)7^ 9^ 5 7 + "
"(.0000000139,0)2^ 9^ 0 8 + "
"(-.0000000139,0)9^ 2^ 0 8 + "
"(-.0000000139,0)2^ 9^ 8 0 + "
"(.0000000139,0)9^ 2^ 8 0 + "
"(.0000000180,0)2^ 4^ 0 3 + "
"(.0000000180,0)7^ 9^ 5 8 + "
"(-.0310479251,0)2^ 9^ 0 9 + "
"(.0310479251,0)9^ 2^ 0 9 + "
"(.0310479251,0)2^ 9^ 9 0 + "
"(-.0310479251,0)9^ 2^ 9 0 + "
"(-.0285762128,0)2^ 4^ 0 4 + "
"(-.0285762128,0)7^ 9^ 5 9 + "
"(-.0000151045,0)2^ 1 + "
"(-.0000151045,0)7^ 6 + "
"(-.0000020787,0)2^ 5^ 1 5 + "
"(.0000020787,0)5^ 2^ 1 5 + "
"(.0000020787,0)2^ 5^ 5 1 + "
"(-.0000020787,0)5^ 2^ 5 1 + "
"(-.0000010772,0)2^ 0^ 1 0 + "
"(-.0000010772,0)7^ 5^ 6 5 + "
"(-.0056094027,0)2^ 5^ 1 6 + "
"(.0056094027,0)5^ 2^ 1 6 + "
"(.0056094027,0)2^ 5^ 6 1 + "
"(-.0056094027,0)5^ 2^ 6 1 + "
"(-.0000009267,0)2^ 5^ 1 7 + "
"(.0000009267,0)5^ 2^ 1 7 + "
"(.0000009267,0)2^ 5^ 7 1 + "
"(-.0000009267,0)5^ 2^ 7 1 + "
"(-.0000016605,0)2^ 0^ 1 2 + "
"(-.0000016605,0)7^ 5^ 6 7 + "
"(.0000003350,0)2^ 5^ 1 8 + "
"(-.0000003350,0)5^ 2^ 1 8 + "
"(-.0000003350,0)2^ 5^ 8 1 + "
"(.0000003350,0)5^ 2^ 8 1 + "
"(-.0000001519,0)2^ 0^ 1 3 + "
"(-.0000001519,0)7^ 5^ 6 8 + "
"(-.0000000607,0)2^ 5^ 1 9 + "
"(.0000000607,0)5^ 2^ 1 9 + "
"(.0000000607,0)2^ 5^ 9 1 + "
"(-.0000000607,0)5^ 2^ 9 1 + "
"(.0000000276,0)2^ 0^ 1 4 + "
"(.0000000276,0)7^ 5^ 6 9 + "
"(-.0056094027,0)2^ 6^ 1 5 + "
"(.0056094027,0)6^ 2^ 1 5 + "
"(.0056094027,0)2^ 6^ 5 1 + "
"(-.0056094027,0)6^ 2^ 5 1 + "
"(.0277699374,0)2^ 1^ 1 0 + "
"(.0277699374,0)7^ 6^ 6 5 + "
"(-.0000020021,0)2^ 6^ 1 6 + "
"(.0000020021,0)6^ 2^ 1 6 + "
"(.0000020021,0)2^ 6^ 6 1 + "
"(-.0000020021,0)6^ 2^ 6 1 + "
"(-.0094418882,0)2^ 6^ 1 7 + "
"(.0094418882,0)6^ 2^ 1 7 + "
"(.0094418882,0)2^ 6^ 7 1 + "
"(-.0094418882,0)6^ 2^ 7 1 + "
"(.1209563993,0)2^ 1^ 1 2 + "
"(.1209563993,0)7^ 6^ 6 7 + "
"(-.0000023071,0)2^ 6^ 1 8 + "
"(.0000023071,0)6^ 2^ 1 8 + "
"(.0000023071,0)2^ 6^ 8 1 + "
"(-.0000023071,0)6^ 2^ 8 1 + "
"(-.0000265114,0)2^ 1^ 1 3 + "
"(-.0000265114,0)7^ 6^ 6 8 + "
"(.0000001123,0)2^ 6^ 1 9 + "
"(-.0000001123,0)6^ 2^ 1 9 + "
"(-.0000001123,0)2^ 6^ 9 1 + "
"(.0000001123,0)6^ 2^ 9 1 + "
"(.0000011841,0)2^ 1^ 1 4 + "
"(.0000011841,0)7^ 6^ 6 9 + "
"(-.0000009267,0)2^ 7^ 1 5 + "
"(.0000009267,0)7^ 2^ 1 5 + "
"(.0000009267,0)2^ 7^ 5 1 + "
"(-.0000009267,0)7^ 2^ 5 1 + "
"(-.0094418882,0)2^ 7^ 1 6 + "
"(.0094418882,0)7^ 2^ 1 6 + "
"(.0094418882,0)2^ 7^ 6 1 + "
"(-.0094418882,0)7^ 2^ 6 1 + "
"(-.0000023369,0)2^ 7^ 1 7 + "
"(.0000023369,0)7^ 2^ 1 7 + "
"(.0000023369,0)2^ 7^ 7 1 + "
"(-.0000023369,0)7^ 2^ 7 1 + "
"(.0000001170,0)2^ 7^ 1 8 + "
"(-.0000001170,0)7^ 2^ 1 8 + "
"(-.0000001170,0)2^ 7^ 8 1 + "
"(.0000001170,0)7^ 2^ 8 1 + "
"(-.0000000215,0)2^ 7^ 1 9 + "
"(.0000000215,0)7^ 2^ 1 9 + "
"(.0000000215,0)2^ 7^ 9 1 + "
"(-.0000000215,0)7^ 2^ 9 1 + "
"(.0000003350,0)2^ 8^ 1 5 + "
"(-.0000003350,0)8^ 2^ 1 5 + "
"(-.0000003350,0)2^ 8^ 5 1 + "
"(.0000003350,0)8^ 2^ 5 1 + "
"(-.0000001554,0)2^ 3^ 1 0 + "
"(-.0000001554,0)7^ 8^ 6 5 + "
"(-.0000023071,0)2^ 8^ 1 6 + "
"(.0000023071,0)8^ 2^ 1 6 + "
"(.0000023071,0)2^ 8^ 6 1 + "
"(-.0000023071,0)8^ 2^ 6 1 + "
"(.0000001170,0)2^ 8^ 1 7 + "
"(-.0000001170,0)8^ 2^ 1 7 + "
"(-.0000001170,0)2^ 8^ 7 1 + "
"(.0000001170,0)8^ 2^ 7 1 + "
"(-.0000005717,0)2^ 3^ 1 2 + "
"(-.0000005717,0)7^ 8^ 6 7 + "
"(-.0000016192,0)2^ 8^ 1 8 + "
"(.0000016192,0)8^ 2^ 1 8 + "
"(.0000016192,0)2^ 8^ 8 1 + "
"(-.0000016192,0)8^ 2^ 8 1 + "
"(-.0000013977,0)2^ 3^ 1 3 + "
"(-.0000013977,0)7^ 8^ 6 8 + "
"(-.0000000607,0)2^ 9^ 1 5 + "
"(.0000000607,0)9^ 2^ 1 5 + "
"(.0000000607,0)2^ 9^ 5 1 + "
"(-.0000000607,0)9^ 2^ 5 1 + "
"(.0000000279,0)2^ 4^ 1 0 + "
"(.0000000279,0)7^ 9^ 6 5 + "
"(.0000001123,0)2^ 9^ 1 6 + "
"(-.0000001123,0)9^ 2^ 1 6 + "
"(-.0000001123,0)2^ 9^ 6 1 + "
"(.0000001123,0)9^ 2^ 6 1 + "
"(-.0000000215,0)2^ 9^ 1 7 + "
"(.0000000215,0)9^ 2^ 1 7 + "
"(.0000000215,0)2^ 9^ 7 1 + "
"(-.0000000215,0)9^ 2^ 7 1 + "
"(.0000001031,0)2^ 4^ 1 2 + "
"(.0000001031,0)7^ 9^ 6 7 + "
"(.0000000003,0)2^ 4^ 1 3 + "
"(.0000000003,0)7^ 9^ 6 8 + "
"(-.0000016200,0)2^ 9^ 1 9 + "
"(.0000016200,0)9^ 2^ 1 9 + "
"(.0000016200,0)2^ 9^ 9 1 + "
"(-.0000016200,0)9^ 2^ 9 1 + "
"(-.0000013973,0)2^ 4^ 1 4 + "
"(-.0000013973,0)7^ 9^ 6 9 + "
"(-.1371411007,0)2^ 2 + "
"(-.1371411007,0)7^ 7 + "
"(-.1363942829,0)2^ 5^ 2 5 + "
"(.1363942829,0)5^ 2^ 2 5 + "
"(.1363942829,0)2^ 5^ 5 2 + "
"(-.1363942829,0)5^ 2^ 5 2 + "
"(-.1069608383,0)2^ 0^ 2 0 + "
"(-.1069608383,0)7^ 5^ 7 5 + "
"(.0000007338,0)2^ 5^ 2 6 + "
"(-.0000007338,0)5^ 2^ 2 6 + "
"(-.0000007338,0)2^ 5^ 6 2 + "
"(.0000007338,0)5^ 2^ 6 2 + "
"(.0000016605,0)2^ 0^ 2 1 + "
"(.0000016605,0)7^ 5^ 7 6 + "
"(-.0382297526,0)2^ 5^ 2 7 + "
"(.0382297526,0)5^ 2^ 2 7 + "
"(.0382297526,0)2^ 5^ 7 2 + "
"(-.0382297526,0)5^ 2^ 7 2 + "
"(-.0002967776,0)2^ 5^ 2 8 + "
"(.0002967776,0)5^ 2^ 2 8 + "
"(.0002967776,0)2^ 5^ 8 2 + "
"(-.0002967776,0)5^ 2^ 8 2 + "
"(-.0002404692,0)2^ 0^ 2 3 + "
"(-.0002404692,0)7^ 5^ 7 8 + "
"(.0000140688,0)2^ 5^ 2 9 + "
"(-.0000140688,0)5^ 2^ 2 9 + "
"(-.0000140688,0)2^ 5^ 9 2 + "
"(.0000140688,0)5^ 2^ 9 2 + "
"(.0000113732,0)2^ 0^ 2 4 + "
"(.0000113732,0)7^ 5^ 7 9 + "
"(.0000007338,0)2^ 6^ 2 5 + "
"(-.0000007338,0)6^ 2^ 2 5 + "
"(-.0000007338,0)2^ 6^ 5 2 + "
"(.0000007338,0)6^ 2^ 5 2 + "
"(.0000016605,0)2^ 1^ 2 0 + "
"(.0000016605,0)7^ 6^ 7 5 + "
"(-.1303982875,0)2^ 6^ 2 6 + "
"(.1303982875,0)6^ 2^ 2 6 + "
"(.1303982875,0)2^ 6^ 6 2 + "
"(-.1303982875,0)6^ 2^ 6 2 + "
"(-.1209563993,0)2^ 1^ 2 1 + "
"(-.1209563993,0)7^ 6^ 7 6 + "
"(-.0000023369,0)2^ 6^ 2 7 + "
"(.0000023369,0)6^ 2^ 2 7 + "
"(.0000023369,0)2^ 6^ 7 2 + "
"(-.0000023369,0)6^ 2^ 7 2 + "
"(.0000006887,0)2^ 6^ 2 8 + "
"(-.0000006887,0)6^ 2^ 2 8 + "
"(-.0000006887,0)2^ 6^ 8 2 + "
"(.0000006887,0)6^ 2^ 8 2 + "
"(.0000005717,0)2^ 1^ 2 3 + "
"(.0000005717,0)7^ 6^ 7 8 + "
"(-.0000001245,0)2^ 6^ 2 9 + "
"(.0000001245,0)6^ 2^ 2 9 + "
"(.0000001245,0)2^ 6^ 9 2 + "
"(-.0000001245,0)6^ 2^ 9 2 + "
"(-.0000001031,0)2^ 1^ 2 4 + "
"(-.0000001031,0)7^ 6^ 7 9 + "
"(-.0382297526,0)2^ 7^ 2 5 + "
"(.0382297526,0)7^ 2^ 2 5 + "
"(.0382297526,0)2^ 7^ 5 2 + "
"(-.0382297526,0)7^ 2^ 5 2 + "
"(-.0000023369,0)2^ 7^ 2 6 + "
"(.0000023369,0)7^ 2^ 2 6 + "
"(.0000023369,0)2^ 7^ 6 2 + "
"(-.0000023369,0)7^ 2^ 6 2 + "
"(-.1306150538,0)2^ 7^ 2 7 + "
"(.1306150538,0)7^ 2^ 2 7 + "
"(.1306150538,0)2^ 7^ 7 2 + "
"(-.1306150538,0)7^ 2^ 7 2 + "
"(.0000482647,0)2^ 7^ 2 8 + "
"(-.0000482647,0)7^ 2^ 2 8 + "
"(-.0000482647,0)2^ 7^ 8 2 + "
"(.0000482647,0)7^ 2^ 8 2 + "
"(-.0000022240,0)2^ 7^ 2 9 + "
"(.0000022240,0)7^ 2^ 2 9 + "
"(.0000022240,0)2^ 7^ 9 2 + "
"(-.0000022240,0)7^ 2^ 9 2 + "
"(-.0002967776,0)2^ 8^ 2 5 + "
"(.0002967776,0)8^ 2^ 2 5 + "
"(.0002967776,0)2^ 8^ 5 2 + "
"(-.0002967776,0)8^ 2^ 5 2 + "
"(-.0002404692,0)2^ 3^ 2 0 + "
"(-.0002404692,0)7^ 8^ 7 5 + "
"(.0000006887,0)2^ 8^ 2 6 + "
"(-.0000006887,0)8^ 2^ 2 6 + "
"(-.0000006887,0)2^ 8^ 6 2 + "
"(.0000006887,0)8^ 2^ 6 2 + "
"(.0000005717,0)2^ 3^ 2 1 + "
"(.0000005717,0)7^ 8^ 7 6 + "
"(.0000482647,0)2^ 8^ 2 7 + "
"(-.0000482647,0)8^ 2^ 2 7 + "
"(-.0000482647,0)2^ 8^ 7 2 + "
"(.0000482647,0)8^ 2^ 7 2 + "
"(-.1257995344,0)2^ 8^ 2 8 + "
"(.1257995344,0)8^ 2^ 2 8 + "
"(.1257995344,0)2^ 8^ 8 2 + "
"(-.1257995344,0)8^ 2^ 8 2 + "
"(-.1192173597,0)2^ 3^ 2 3 + "
"(-.1192173597,0)7^ 8^ 7 8 + "
"(-.0000000122,0)2^ 8^ 2 9 + "
"(.0000000122,0)8^ 2^ 2 9 + "
"(.0000000122,0)2^ 8^ 9 2 + "
"(-.0000000122,0)8^ 2^ 9 2 + "
"(-.0000000137,0)2^ 3^ 2 4 + "
"(-.0000000137,0)7^ 8^ 7 9 + "
"(.0000140688,0)2^ 9^ 2 5 + "
"(-.0000140688,0)9^ 2^ 2 5 + "
"(-.0000140688,0)2^ 9^ 5 2 + "
"(.0000140688,0)9^ 2^ 5 2 + "
"(.0000113732,0)2^ 4^ 2 0 + "
"(.0000113732,0)7^ 9^ 7 5 + "
"(-.0000001245,0)2^ 9^ 2 6 + "
"(.0000001245,0)9^ 2^ 2 6 + "
"(.0000001245,0)2^ 9^ 6 2 + "
"(-.0000001245,0)9^ 2^ 6 2 + "
"(-.0000001031,0)2^ 4^ 2 1 + "
"(-.0000001031,0)7^ 9^ 7 6 + "
"(-.0000022240,0)2^ 9^ 2 7 + "
"(.0000022240,0)9^ 2^ 2 7 + "
"(.0000022240,0)2^ 9^ 7 2 + "
"(-.0000022240,0)9^ 2^ 7 2 + "
"(-.0000000122,0)2^ 9^ 2 8 + "
"(.0000000122,0)9^ 2^ 2 8 + "
"(.0000000122,0)2^ 9^ 8 2 + "
"(-.0000000122,0)9^ 2^ 8 2 + "
"(-.0000000137,0)2^ 4^ 2 3 + "
"(-.0000000137,0)7^ 9^ 7 8 + "
"(-.1257999012,0)2^ 9^ 2 9 + "
"(.1257999012,0)9^ 2^ 2 9 + "
"(.1257999012,0)2^ 9^ 9 2 + "
"(-.1257999012,0)9^ 2^ 9 2 + "
"(-.1192177360,0)2^ 4^ 2 4 + "
"(-.1192177360,0)7^ 9^ 7 9 + "
"(.0006244151,0)2^ 3 + "
"(.0006244151,0)7^ 8 + "
"(.0000259850,0)2^ 5^ 3 5 + "
"(-.0000259850,0)5^ 2^ 3 5 + "
"(-.0000259850,0)2^ 5^ 5 3 + "
"(.0000259850,0)5^ 2^ 5 3 + "
"(.0000555046,0)2^ 0^ 3 0 + "
"(.0000555046,0)7^ 5^ 8 5 + "
"(.0000004869,0)2^ 5^ 3 6 + "
"(-.0000004869,0)5^ 2^ 3 6 + "
"(-.0000004869,0)2^ 5^ 6 3 + "
"(.0000004869,0)5^ 2^ 6 3 + "
"(.0000001519,0)2^ 0^ 3 1 + "
"(.0000001519,0)7^ 5^ 8 6 + "
"(-.0000563085,0)2^ 5^ 3 7 + "
"(.0000563085,0)5^ 2^ 3 7 + "
"(.0000563085,0)2^ 5^ 7 3 + "
"(-.0000563085,0)5^ 2^ 7 3 + "
"(.0002404692,0)2^ 0^ 3 2 + "
"(.0002404692,0)7^ 5^ 8 7 + "
"(-.0024720189,0)2^ 5^ 3 8 + "
"(.0024720189,0)5^ 2^ 3 8 + "
"(.0024720189,0)2^ 5^ 8 3 + "
"(-.0024720189,0)5^ 2^ 8 3 + "
"(-.0000000041,0)2^ 5^ 3 9 + "
"(.0000000041,0)5^ 2^ 3 9 + "
"(.0000000041,0)2^ 5^ 9 3 + "
"(-.0000000041,0)5^ 2^ 9 3 + "
"(-.0000000398,0)2^ 0^ 3 4 + "
"(-.0000000398,0)7^ 5^ 8 9 + "
"(.0000004869,0)2^ 6^ 3 5 + "
"(-.0000004869,0)6^ 2^ 3 5 + "
"(-.0000004869,0)2^ 6^ 5 3 + "
"(.0000004869,0)6^ 2^ 5 3 + "
"(-.0000000035,0)2^ 1^ 3 0 + "
"(-.0000000035,0)7^ 6^ 8 5 + "
"(.0000242043,0)2^ 6^ 3 6 + "
"(-.0000242043,0)6^ 2^ 3 6 + "
"(-.0000242043,0)2^ 6^ 6 3 + "
"(.0000242043,0)6^ 2^ 6 3 + "
"(.0000265114,0)2^ 1^ 3 1 + "
"(.0000265114,0)7^ 6^ 8 6 + "
"(.0000001170,0)2^ 6^ 3 7 + "
"(-.0000001170,0)6^ 2^ 3 7 + "
"(-.0000001170,0)2^ 6^ 7 3 + "
"(.0000001170,0)6^ 2^ 7 3 + "
"(-.0000005717,0)2^ 1^ 3 2 + "
"(-.0000005717,0)7^ 6^ 8 7 + "
"(-.0000002215,0)2^ 6^ 3 8 + "
"(.0000002215,0)6^ 2^ 3 8 + "
"(.0000002215,0)2^ 6^ 8 3 + "
"(-.0000002215,0)6^ 2^ 8 3 + "
"(-.0000000005,0)2^ 6^ 3 9 + "
"(.0000000005,0)6^ 2^ 3 9 + "
"(.0000000005,0)2^ 6^ 9 3 + "
"(-.0000000005,0)6^ 2^ 9 3 + "
"(-.0000563085,0)2^ 7^ 3 5 + "
"(.0000563085,0)7^ 2^ 3 5 + "
"(.0000563085,0)2^ 7^ 5 3 + "
"(-.0000563085,0)7^ 2^ 5 3 + "
"(.0000001170,0)2^ 7^ 3 6 + "
"(-.0000001170,0)7^ 2^ 3 6 + "
"(-.0000001170,0)2^ 7^ 6 3 + "
"(.0000001170,0)7^ 2^ 6 3 + "
"(.0000482647,0)2^ 7^ 3 7 + "
"(-.0000482647,0)7^ 2^ 3 7 + "
"(-.0000482647,0)2^ 7^ 7 3 + "
"(.0000482647,0)7^ 2^ 7 3 + "
"(-.0065821747,0)2^ 7^ 3 8 + "
"(.0065821747,0)7^ 2^ 3 8 + "
"(.0065821747,0)2^ 7^ 8 3 + "
"(-.0065821747,0)7^ 2^ 8 3 + "
"(.0000000015,0)2^ 7^ 3 9 + "
"(-.0000000015,0)7^ 2^ 3 9 + "
"(-.0000000015,0)2^ 7^ 9 3 + "
"(.0000000015,0)7^ 2^ 9 3 + "
"(-.0024720189,0)2^ 8^ 3 5 + "
"(.0024720189,0)8^ 2^ 3 5 + "
"(.0024720189,0)2^ 8^ 5 3 + "
"(-.0024720189,0)8^ 2^ 5 3 + "
"(.0285761556,0)2^ 3^ 3 0 + "
"(.0285761556,0)7^ 8^ 8 5 + "
"(-.0000002215,0)2^ 8^ 3 6 + "
"(.0000002215,0)8^ 2^ 3 6 + "
"(.0000002215,0)2^ 8^ 6 3 + "
"(-.0000002215,0)8^ 2^ 6 3 + "
"(.0000013977,0)2^ 3^ 3 1 + "
"(.0000013977,0)7^ 8^ 8 6 + "
"(-.0065821747,0)2^ 8^ 3 7 + "
"(.0065821747,0)8^ 2^ 3 7 + "
"(.0065821747,0)2^ 8^ 7 3 + "
"(-.0065821747,0)8^ 2^ 7 3 + "
"(.1192173597,0)2^ 3^ 3 2 + "
"(.1192173597,0)7^ 8^ 8 7 + "
"(.0000577561,0)2^ 8^ 3 8 + "
"(-.0000577561,0)8^ 2^ 3 8 + "
"(-.0000577561,0)2^ 8^ 8 3 + "
"(.0000577561,0)8^ 2^ 8 3 + "
"(-.0000004647,0)2^ 8^ 3 9 + "
"(.0000004647,0)8^ 2^ 3 9 + "
"(.0000004647,0)2^ 8^ 9 3 + "
"(-.0000004647,0)8^ 2^ 9 3 + "
"(.0000013790,0)2^ 3^ 3 4 + "
"(.0000013790,0)7^ 8^ 8 9 + "
"(-.0000000041,0)2^ 9^ 3 5 + "
"(.0000000041,0)9^ 2^ 3 5 + "
"(.0000000041,0)2^ 9^ 5 3 + "
"(-.0000000041,0)9^ 2^ 5 3 + "
"(-.0000000180,0)2^ 4^ 3 0 + "
"(-.0000000180,0)7^ 9^ 8 5 + "
"(-.0000000005,0)2^ 9^ 3 6 + "
"(.0000000005,0)9^ 2^ 3 6 + "
"(.0000000005,0)2^ 9^ 6 3 + "
"(-.0000000005,0)9^ 2^ 6 3 + "
"(-.0000000003,0)2^ 4^ 3 1 + "
"(-.0000000003,0)7^ 9^ 8 6 + "
"(.0000000015,0)2^ 9^ 3 7 + "
"(-.0000000015,0)9^ 2^ 3 7 + "
"(-.0000000015,0)2^ 9^ 7 3 + "
"(.0000000015,0)9^ 2^ 7 3 + "
"(.0000000137,0)2^ 4^ 3 2 + "
"(.0000000137,0)7^ 9^ 8 7 + "
"(-.0000004647,0)2^ 9^ 3 8 + "
"(.0000004647,0)9^ 2^ 3 8 + "
"(.0000004647,0)2^ 9^ 8 3 + "
"(-.0000004647,0)9^ 2^ 8 3 + "
"(.0000397296,0)2^ 9^ 3 9 + "
"(-.0000397296,0)9^ 2^ 3 9 + "
"(-.0000397296,0)2^ 9^ 9 3 + "
"(.0000397296,0)9^ 2^ 9 3 + "
"(.0000298303,0)2^ 4^ 3 4 + "
"(.0000298303,0)7^ 9^ 8 9 + "
"(-.0000303538,0)2^ 4 + "
"(-.0000303538,0)7^ 9 + "
"(-.0000011701,0)2^ 5^ 4 5 + "
"(.0000011701,0)5^ 2^ 4 5 + "
"(.0000011701,0)2^ 5^ 5 4 + "
"(-.0000011701,0)5^ 2^ 5 4 + "
"(-.0000025851,0)2^ 0^ 4 0 + "
"(-.0000025851,0)7^ 5^ 9 5 + "
"(-.0000000883,0)2^ 5^ 4 6 + "
"(.0000000883,0)5^ 2^ 4 6 + "
"(.0000000883,0)2^ 5^ 6 4 + "
"(-.0000000883,0)5^ 2^ 6 4 + "
"(-.0000000276,0)2^ 0^ 4 1 + "
"(-.0000000276,0)7^ 5^ 9 6 + "
"(.0000026956,0)2^ 5^ 4 7 + "
"(-.0000026956,0)5^ 2^ 4 7 + "
"(-.0000026956,0)2^ 5^ 7 4 + "
"(.0000026956,0)5^ 2^ 7 4 + "
"(-.0000113732,0)2^ 0^ 4 2 + "
"(-.0000113732,0)7^ 5^ 9 7 + "
"(.0000000356,0)2^ 5^ 4 8 + "
"(-.0000000356,0)5^ 2^ 4 8 + "
"(-.0000000356,0)2^ 5^ 8 4 + "
"(.0000000356,0)5^ 2^ 8 4 + "
"(.0000000398,0)2^ 0^ 4 3 + "
"(.0000000398,0)7^ 5^ 9 8 + "
"(-.0024717123,0)2^ 5^ 4 9 + "
"(.0024717123,0)5^ 2^ 4 9 + "
"(.0024717123,0)2^ 5^ 9 4 + "
"(-.0024717123,0)5^ 2^ 9 4 + "
"(-.0000000883,0)2^ 6^ 4 5 + "
"(.0000000883,0)6^ 2^ 4 5 + "
"(.0000000883,0)2^ 6^ 5 4 + "
"(-.0000000883,0)6^ 2^ 5 4 + "
"(-.0000010718,0)2^ 6^ 4 6 + "
"(.0000010718,0)6^ 2^ 4 6 + "
"(.0000010718,0)2^ 6^ 6 4 + "
"(-.0000010718,0)6^ 2^ 6 4 + "
"(-.0000011841,0)2^ 1^ 4 1 + "
"(-.0000011841,0)7^ 6^ 9 6 + "
"(-.0000000215,0)2^ 6^ 4 7 + "
"(.0000000215,0)6^ 2^ 4 7 + "
"(.0000000215,0)2^ 6^ 7 4 + "
"(-.0000000215,0)6^ 2^ 7 4 + "
"(.0000001031,0)2^ 1^ 4 2 + "
"(.0000001031,0)7^ 6^ 9 7 + "
"(-.0000000004,0)2^ 6^ 4 8 + "
"(.0000000004,0)6^ 2^ 4 8 + "
"(.0000000004,0)2^ 6^ 8 4 + "
"(-.0000000004,0)6^ 2^ 8 4 + "
"(-.0000002228,0)2^ 6^ 4 9 + "
"(.0000002228,0)6^ 2^ 4 9 + "
"(.0000002228,0)2^ 6^ 9 4 + "
"(-.0000002228,0)6^ 2^ 9 4 + "
"(.0000026956,0)2^ 7^ 4 5 + "
"(-.0000026956,0)7^ 2^ 4 5 + "
"(-.0000026956,0)2^ 7^ 5 4 + "
"(.0000026956,0)7^ 2^ 5 4 + "
"(-.0000000215,0)2^ 7^ 4 6 + "
"(.0000000215,0)7^ 2^ 4 6 + "
"(.0000000215,0)2^ 7^ 6 4 + "
"(-.0000000215,0)7^ 2^ 6 4 + "
"(-.0000022240,0)2^ 7^ 4 7 + "
"(.0000022240,0)7^ 2^ 4 7 + "
"(.0000022240,0)2^ 7^ 7 4 + "
"(-.0000022240,0)7^ 2^ 7 4 + "
"(.0000000015,0)2^ 7^ 4 8 + "
"(-.0000000015,0)7^ 2^ 4 8 + "
"(-.0000000015,0)2^ 7^ 8 4 + "
"(.0000000015,0)7^ 2^ 8 4 + "
"(-.0065821652,0)2^ 7^ 4 9 + "
"(.0065821652,0)7^ 2^ 4 9 + "
"(.0065821652,0)2^ 7^ 9 4 + "
"(-.0065821652,0)7^ 2^ 9 4 + "
"(.0000000356,0)2^ 8^ 4 5 + "
"(-.0000000356,0)8^ 2^ 4 5 + "
"(-.0000000356,0)2^ 8^ 5 4 + "
"(.0000000356,0)8^ 2^ 5 4 + "
"(.0000000218,0)2^ 3^ 4 0 + "
"(.0000000218,0)7^ 8^ 9 5 + "
"(-.0000000004,0)2^ 8^ 4 6 + "
"(.0000000004,0)8^ 2^ 4 6 + "
"(.0000000004,0)2^ 8^ 6 4 + "
"(-.0000000004,0)8^ 2^ 6 4 + "
"(.0000000015,0)2^ 8^ 4 7 + "
"(-.0000000015,0)8^ 2^ 4 7 + "
"(-.0000000015,0)2^ 8^ 7 4 + "
"(.0000000015,0)8^ 2^ 7 4 + "
"(.0000000137,0)2^ 3^ 4 2 + "
"(.0000000137,0)7^ 8^ 9 7 + "
"(-.0000018437,0)2^ 8^ 4 8 + "
"(.0000018437,0)8^ 2^ 4 8 + "
"(.0000018437,0)2^ 8^ 8 4 + "
"(-.0000018437,0)8^ 2^ 8 4 + "
"(-.0000013790,0)2^ 3^ 4 3 + "
"(-.0000013790,0)7^ 8^ 9 8 + "
"(.0000098994,0)2^ 8^ 4 9 + "
"(-.0000098994,0)8^ 2^ 4 9 + "
"(-.0000098994,0)2^ 8^ 9 4 + "
"(.0000098994,0)8^ 2^ 9 4 + "
"(-.0024717123,0)2^ 9^ 4 5 + "
"(.0024717123,0)9^ 2^ 4 5 + "
"(.0024717123,0)2^ 9^ 5 4 + "
"(-.0024717123,0)9^ 2^ 5 4 + "
"(.0285762128,0)2^ 4^ 4 0 + "
"(.0285762128,0)7^ 9^ 9 5 + "
"(-.0000002228,0)2^ 9^ 4 6 + "
"(.0000002228,0)9^ 2^ 4 6 + "
"(.0000002228,0)2^ 9^ 6 4 + "
"(-.0000002228,0)9^ 2^ 6 4 + "
"(.0000013973,0)2^ 4^ 4 1 + "
"(.0000013973,0)7^ 9^ 9 6 + "
"(-.0065821652,0)2^ 9^ 4 7 + "
"(.0065821652,0)9^ 2^ 4 7 + "
"(.0065821652,0)2^ 9^ 7 4 + "
"(-.0065821652,0)9^ 2^ 7 4 + "
"(.1192177360,0)2^ 4^ 4 2 + "
"(.1192177360,0)7^ 9^ 9 7 + "
"(.0000098994,0)2^ 9^ 4 8 + "
"(-.0000098994,0)9^ 2^ 4 8 + "
"(-.0000098994,0)2^ 9^ 8 4 + "
"(.0000098994,0)9^ 2^ 8 4 + "
"(-.0000298303,0)2^ 4^ 4 3 + "
"(-.0000298303,0)7^ 9^ 9 8 + "
"(-.0000026990,0)2^ 9^ 4 9 + "
"(.0000026990,0)9^ 2^ 4 9 + "
"(.0000026990,0)2^ 9^ 9 4 + "
"(-.0000026990,0)9^ 2^ 9 4 + "
"(-.0013451870,0)3^ 0 + "
"(-.0013451870,0)8^ 5 + "
"(-.0003362966,0)3^ 5^ 0 5 + "
"(.0003362966,0)5^ 3^ 0 5 + "
"(.0003362966,0)3^ 5^ 5 0 + "
"(-.0003362966,0)5^ 3^ 5 0 + "
"(.0000005885,0)3^ 5^ 0 6 + "
"(-.0000005885,0)5^ 3^ 0 6 + "
"(-.0000005885,0)3^ 5^ 6 0 + "
"(.0000005885,0)5^ 3^ 6 0 + "
"(-.0000002962,0)3^ 0^ 0 1 + "
"(-.0000002962,0)8^ 5^ 5 6 + "
"(-.0000295196,0)3^ 5^ 0 7 + "
"(.0000295196,0)5^ 3^ 0 7 + "
"(.0000295196,0)3^ 5^ 7 0 + "
"(-.0000295196,0)5^ 3^ 7 0 + "
"(-.0000555046,0)3^ 0^ 0 2 + "
"(-.0000555046,0)8^ 5^ 5 7 + "
"(-.0265675293,0)3^ 5^ 0 8 + "
"(.0265675293,0)5^ 3^ 0 8 + "
"(.0265675293,0)3^ 5^ 8 0 + "
"(-.0265675293,0)5^ 3^ 8 0 + "
"(.1151070988,0)3^ 0^ 0 3 + "
"(.1151070988,0)8^ 5^ 5 8 + "
"(.0000000117,0)3^ 5^ 0 9 + "
"(-.0000000117,0)5^ 3^ 0 9 + "
"(-.0000000117,0)3^ 5^ 9 0 + "
"(.0000000117,0)5^ 3^ 9 0 + "
"(.0000000229,0)3^ 0^ 0 4 + "
"(.0000000229,0)8^ 5^ 5 9 + "
"(.0000005885,0)3^ 6^ 0 5 + "
"(-.0000005885,0)6^ 3^ 0 5 + "
"(-.0000005885,0)3^ 6^ 5 0 + "
"(.0000005885,0)6^ 3^ 5 0 + "
"(-.0002818557,0)3^ 6^ 0 6 + "
"(.0002818557,0)6^ 3^ 0 6 + "
"(.0002818557,0)3^ 6^ 6 0 + "
"(-.0002818557,0)6^ 3^ 6 0 + "
"(-.0002388760,0)3^ 1^ 0 1 + "
"(-.0002388760,0)8^ 6^ 5 6 + "
"(.0000003350,0)3^ 6^ 0 7 + "
"(-.0000003350,0)6^ 3^ 0 7 + "
"(-.0000003350,0)3^ 6^ 7 0 + "
"(.0000003350,0)6^ 3^ 7 0 + "
"(-.0000001519,0)3^ 1^ 0 2 + "
"(-.0000001519,0)8^ 6^ 5 7 + "
"(.0000002736,0)3^ 6^ 0 8 + "
"(-.0000002736,0)6^ 3^ 0 8 + "
"(-.0000002736,0)3^ 6^ 8 0 + "
"(.0000002736,0)6^ 3^ 8 0 + "
"(-.0000016568,0)3^ 1^ 0 3 + "
"(-.0000016568,0)8^ 6^ 5 8 + "
"(.0000000008,0)3^ 6^ 0 9 + "
"(-.0000000008,0)6^ 3^ 0 9 + "
"(-.0000000008,0)3^ 6^ 9 0 + "
"(.0000000008,0)6^ 3^ 9 0 + "
"(-.0000000016,0)3^ 1^ 0 4 + "
"(-.0000000016,0)8^ 6^ 5 9 + "
"(-.0000295196,0)3^ 7^ 0 5 + "
"(.0000295196,0)7^ 3^ 0 5 + "
"(.0000295196,0)3^ 7^ 5 0 + "
"(-.0000295196,0)7^ 3^ 5 0 + "
"(.0000003350,0)3^ 7^ 0 6 + "
"(-.0000003350,0)7^ 3^ 0 6 + "
"(-.0000003350,0)3^ 7^ 6 0 + "
"(.0000003350,0)7^ 3^ 6 0 + "
"(-.0000001554,0)3^ 2^ 0 1 + "
"(-.0000001554,0)8^ 7^ 5 6 + "
"(-.0002967776,0)3^ 7^ 0 7 + "
"(.0002967776,0)7^ 3^ 0 7 + "
"(.0002967776,0)3^ 7^ 7 0 + "
"(-.0002967776,0)7^ 3^ 7 0 + "
"(-.0002404692,0)3^ 2^ 0 2 + "
"(-.0002404692,0)8^ 7^ 5 7 + "
"(-.0024720189,0)3^ 7^ 0 8 + "
"(.0024720189,0)7^ 3^ 0 8 + "
"(.0024720189,0)3^ 7^ 8 0 + "
"(-.0024720189,0)7^ 3^ 8 0 + "
"(.0285761556,0)3^ 2^ 0 3 + "
"(.0285761556,0)8^ 7^ 5 8 + "
"(.0000000356,0)3^ 7^ 0 9 + "
"(-.0000000356,0)7^ 3^ 0 9 + "
"(-.0000000356,0)3^ 7^ 9 0 + "
"(.0000000356,0)7^ 3^ 9 0 + "
"(.0000000218,0)3^ 2^ 0 4 + "
"(.0000000218,0)8^ 7^ 5 9 + "
"(-.0265675293,0)3^ 8^ 0 5 + "
"(.0265675293,0)8^ 3^ 0 5 + "
"(.0265675293,0)3^ 8^ 5 0 + "
"(-.0265675293,0)8^ 3^ 5 0 + "
"(.0000002736,0)3^ 8^ 0 6 + "
"(-.0000002736,0)8^ 3^ 0 6 + "
"(-.0000002736,0)3^ 8^ 6 0 + "
"(.0000002736,0)8^ 3^ 6 0 + "
"(-.0024720189,0)3^ 8^ 0 7 + "
"(.0024720189,0)8^ 3^ 0 7 + "
"(.0024720189,0)3^ 8^ 7 0 + "
"(-.0024720189,0)8^ 3^ 7 0 + "
"(-.0003020433,0)3^ 8^ 0 8 + "
"(.0003020433,0)8^ 3^ 0 8 + "
"(.0003020433,0)3^ 8^ 8 0 + "
"(-.0003020433,0)8^ 3^ 8 0 + "
"(.0000012319,0)3^ 8^ 0 9 + "
"(-.0000012319,0)8^ 3^ 0 9 + "
"(-.0000012319,0)3^ 8^ 9 0 + "
"(.0000012319,0)8^ 3^ 9 0 + "
"(.0000000117,0)3^ 9^ 0 5 + "
"(-.0000000117,0)9^ 3^ 0 5 + "
"(-.0000000117,0)3^ 9^ 5 0 + "
"(.0000000117,0)9^ 3^ 5 0 + "
"(.0000000008,0)3^ 9^ 0 6 + "
"(-.0000000008,0)9^ 3^ 0 6 + "
"(-.0000000008,0)3^ 9^ 6 0 + "
"(.0000000008,0)9^ 3^ 6 0 + "
"(-.0000000005,0)3^ 4^ 0 1 + "
"(-.0000000005,0)8^ 9^ 5 6 + "
"(.0000000356,0)3^ 9^ 0 7 + "
"(-.0000000356,0)9^ 3^ 0 7 + "
"(-.0000000356,0)3^ 9^ 7 0 + "
"(.0000000356,0)9^ 3^ 7 0 + "
"(.0000000398,0)3^ 4^ 0 2 + "
"(.0000000398,0)8^ 9^ 5 7 + "
"(.0000012319,0)3^ 9^ 0 8 + "
"(-.0000012319,0)9^ 3^ 0 8 + "
"(-.0000012319,0)3^ 9^ 8 0 + "
"(.0000012319,0)9^ 3^ 8 0 + "
"(-.0000114850,0)3^ 4^ 0 3 + "
"(-.0000114850,0)8^ 9^ 5 8 + "
"(-.0002634122,0)3^ 9^ 0 9 + "
"(.0002634122,0)9^ 3^ 0 9 + "
"(.0002634122,0)3^ 9^ 9 0 + "
"(-.0002634122,0)9^ 3^ 9 0 + "
"(-.0002441487,0)3^ 4^ 0 4 + "
"(-.0002441487,0)8^ 9^ 5 9 + "
"(.0000051608,0)3^ 1 + "
"(.0000051608,0)8^ 6 + "
"(.0000008847,0)3^ 5^ 1 5 + "
"(-.0000008847,0)5^ 3^ 1 5 + "
"(-.0000008847,0)3^ 5^ 5 1 + "
"(.0000008847,0)5^ 3^ 5 1 + "
"(.0000002962,0)3^ 0^ 1 0 + "
"(.0000002962,0)8^ 5^ 6 5 + "
"(-.0000429797,0)3^ 5^ 1 6 + "
"(.0000429797,0)5^ 3^ 1 6 + "
"(.0000429797,0)3^ 5^ 6 1 + "
"(-.0000429797,0)5^ 3^ 6 1 + "
"(.0000004904,0)3^ 5^ 1 7 + "
"(-.0000004904,0)5^ 3^ 1 7 + "
"(-.0000004904,0)3^ 5^ 7 1 + "
"(.0000004904,0)5^ 3^ 7 1 + "
"(.0000000035,0)3^ 0^ 1 2 + "
"(.0000000035,0)8^ 5^ 6 7 + "
"(.0000002736,0)3^ 5^ 1 8 + "
"(-.0000002736,0)5^ 3^ 1 8 + "
"(-.0000002736,0)3^ 5^ 8 1 + "
"(.0000002736,0)5^ 3^ 8 1 + "
"(-.0000016568,0)3^ 0^ 1 3 + "
"(-.0000016568,0)8^ 5^ 6 8 + "
"(.0000000014,0)3^ 5^ 1 9 + "
"(-.0000000014,0)5^ 3^ 1 9 + "
"(-.0000000014,0)3^ 5^ 9 1 + "
"(.0000000014,0)5^ 3^ 9 1 + "
"(-.0000000011,0)3^ 0^ 1 4 + "
"(-.0000000011,0)8^ 5^ 6 9 + "
"(-.0000429797,0)3^ 6^ 1 5 + "
"(.0000429797,0)6^ 3^ 1 5 + "
"(.0000429797,0)3^ 6^ 5 1 + "
"(-.0000429797,0)6^ 3^ 5 1 + "
"(.0002388760,0)3^ 1^ 1 0 + "
"(.0002388760,0)8^ 6^ 6 5 + "
"(.0000008761,0)3^ 6^ 1 6 + "
"(-.0000008761,0)6^ 3^ 1 6 + "
"(-.0000008761,0)3^ 6^ 6 1 + "
"(.0000008761,0)6^ 3^ 6 1 + "
"(-.0000023071,0)3^ 6^ 1 7 + "
"(.0000023071,0)6^ 3^ 1 7 + "
"(.0000023071,0)3^ 6^ 7 1 + "
"(-.0000023071,0)6^ 3^ 7 1 + "
"(-.0000265114,0)3^ 1^ 1 2 + "
"(-.0000265114,0)8^ 6^ 6 7 + "
"(-.0093969519,0)3^ 6^ 1 8 + "
"(.0093969519,0)6^ 3^ 1 8 + "
"(.0093969519,0)3^ 6^ 8 1 + "
"(-.0093969519,0)6^ 3^ 8 1 + "
"(.1258286960,0)3^ 1^ 1 3 + "
"(.1258286960,0)8^ 6^ 6 8 + "
"(.0000000004,0)3^ 6^ 1 9 + "
"(-.0000000004,0)6^ 3^ 1 9 + "
"(-.0000000004,0)3^ 6^ 9 1 + "
"(.0000000004,0)6^ 3^ 9 1 + "
"(.0000000109,0)3^ 1^ 1 4 + "
"(.0000000109,0)8^ 6^ 6 9 + "
"(.0000004904,0)3^ 7^ 1 5 + "
"(-.0000004904,0)7^ 3^ 1 5 + "
"(-.0000004904,0)3^ 7^ 5 1 + "
"(.0000004904,0)7^ 3^ 5 1 + "
"(.0000001554,0)3^ 2^ 1 0 + "
"(.0000001554,0)8^ 7^ 6 5 + "
"(-.0000023071,0)3^ 7^ 1 6 + "
"(.0000023071,0)7^ 3^ 1 6 + "
"(.0000023071,0)3^ 7^ 6 1 + "
"(-.0000023071,0)7^ 3^ 6 1 + "
"(.0000006887,0)3^ 7^ 1 7 + "
"(-.0000006887,0)7^ 3^ 1 7 + "
"(-.0000006887,0)3^ 7^ 7 1 + "
"(.0000006887,0)7^ 3^ 7 1 + "
"(.0000005717,0)3^ 2^ 1 2 + "
"(.0000005717,0)8^ 7^ 6 7 + "
"(-.0000002215,0)3^ 7^ 1 8 + "
"(.0000002215,0)7^ 3^ 1 8 + "
"(.0000002215,0)3^ 7^ 8 1 + "
"(-.0000002215,0)7^ 3^ 8 1 + "
"(.0000013977,0)3^ 2^ 1 3 + "
"(.0000013977,0)8^ 7^ 6 8 + "
"(-.0000000004,0)3^ 7^ 1 9 + "
"(.0000000004,0)7^ 3^ 1 9 + "
"(.0000000004,0)3^ 7^ 9 1 + "
"(-.0000000004,0)7^ 3^ 9 1 + "
"(.0000002736,0)3^ 8^ 1 5 + "
"(-.0000002736,0)8^ 3^ 1 5 + "
"(-.0000002736,0)3^ 8^ 5 1 + "
"(.0000002736,0)8^ 3^ 5 1 + "
"(-.0093969519,0)3^ 8^ 1 6 + "
"(.0093969519,0)8^ 3^ 1 6 + "
"(.0093969519,0)3^ 8^ 6 1 + "
"(-.0093969519,0)8^ 3^ 6 1 + "
"(-.0000002215,0)3^ 8^ 1 7 + "
"(.0000002215,0)8^ 3^ 1 7 + "
"(.0000002215,0)3^ 8^ 7 1 + "
"(-.0000002215,0)8^ 3^ 7 1 + "
"(.0000007383,0)3^ 8^ 1 8 + "
"(-.0000007383,0)8^ 3^ 1 8 + "
"(-.0000007383,0)3^ 8^ 8 1 + "
"(.0000007383,0)8^ 3^ 8 1 + "
"(-.0000000124,0)3^ 8^ 1 9 + "
"(.0000000124,0)8^ 3^ 1 9 + "
"(.0000000124,0)3^ 8^ 9 1 + "
"(-.0000000124,0)8^ 3^ 9 1 + "
"(.0000000014,0)3^ 9^ 1 5 + "
"(-.0000000014,0)9^ 3^ 1 5 + "
"(-.0000000014,0)3^ 9^ 5 1 + "
"(.0000000014,0)9^ 3^ 5 1 + "
"(.0000000005,0)3^ 4^ 1 0 + "
"(.0000000005,0)8^ 9^ 6 5 + "
"(.0000000004,0)3^ 9^ 1 6 + "
"(-.0000000004,0)9^ 3^ 1 6 + "
"(-.0000000004,0)3^ 9^ 6 1 + "
"(.0000000004,0)9^ 3^ 6 1 + "
"(-.0000000004,0)3^ 9^ 1 7 + "
"(.0000000004,0)9^ 3^ 1 7 + "
"(.0000000004,0)3^ 9^ 7 1 + "
"(-.0000000004,0)9^ 3^ 7 1 + "
"(-.0000000124,0)3^ 9^ 1 8 + "
"(.0000000124,0)9^ 3^ 1 8 + "
"(.0000000124,0)3^ 9^ 8 1 + "
"(-.0000000124,0)9^ 3^ 8 1 + "
"(.0000000975,0)3^ 4^ 1 3 + "
"(.0000000975,0)8^ 9^ 6 8 + "
"(.0000006084,0)3^ 9^ 1 9 + "
"(-.0000006084,0)9^ 3^ 1 9 + "
"(-.0000006084,0)3^ 9^ 9 1 + "
"(.0000006084,0)9^ 3^ 9 1 + "
"(.0000005398,0)3^ 4^ 1 4 + "
"(.0000005398,0)8^ 9^ 6 9 + "
"(.0006244151,0)3^ 2 + "
"(.0006244151,0)8^ 7 + "
"(.0000259850,0)3^ 5^ 2 5 + "
"(-.0000259850,0)5^ 3^ 2 5 + "
"(-.0000259850,0)3^ 5^ 5 2 + "
"(.0000259850,0)5^ 3^ 5 2 + "
"(.0000555046,0)3^ 0^ 2 0 + "
"(.0000555046,0)8^ 5^ 7 5 + "
"(.0000004869,0)3^ 5^ 2 6 + "
"(-.0000004869,0)5^ 3^ 2 6 + "
"(-.0000004869,0)3^ 5^ 6 2 + "
"(.0000004869,0)5^ 3^ 6 2 + "
"(-.0000000035,0)3^ 0^ 2 1 + "
"(-.0000000035,0)8^ 5^ 7 6 + "
"(-.0000563085,0)3^ 5^ 2 7 + "
"(.0000563085,0)5^ 3^ 2 7 + "
"(.0000563085,0)3^ 5^ 7 2 + "
"(-.0000563085,0)5^ 3^ 7 2 + "
"(-.0024720189,0)3^ 5^ 2 8 + "
"(.0024720189,0)5^ 3^ 2 8 + "
"(.0024720189,0)3^ 5^ 8 2 + "
"(-.0024720189,0)5^ 3^ 8 2 + "
"(.0285761556,0)3^ 0^ 2 3 + "
"(.0285761556,0)8^ 5^ 7 8 + "
"(-.0000000041,0)3^ 5^ 2 9 + "
"(.0000000041,0)5^ 3^ 2 9 + "
"(.0000000041,0)3^ 5^ 9 2 + "
"(-.0000000041,0)5^ 3^ 9 2 + "
"(-.0000000180,0)3^ 0^ 2 4 + "
"(-.0000000180,0)8^ 5^ 7 9 + "
"(.0000004869,0)3^ 6^ 2 5 + "
"(-.0000004869,0)6^ 3^ 2 5 + "
"(-.0000004869,0)3^ 6^ 5 2 + "
"(.0000004869,0)6^ 3^ 5 2 + "
"(.0000001519,0)3^ 1^ 2 0 + "
"(.0000001519,0)8^ 6^ 7 5 + "
"(.0000242043,0)3^ 6^ 2 6 + "
"(-.0000242043,0)6^ 3^ 2 6 + "
"(-.0000242043,0)3^ 6^ 6 2 + "
"(.0000242043,0)6^ 3^ 6 2 + "
"(.0000265114,0)3^ 1^ 2 1 + "
"(.0000265114,0)8^ 6^ 7 6 + "
"(.0000001170,0)3^ 6^ 2 7 + "
"(-.0000001170,0)6^ 3^ 2 7 + "
"(-.0000001170,0)3^ 6^ 7 2 + "
"(.0000001170,0)6^ 3^ 7 2 + "
"(-.0000002215,0)3^ 6^ 2 8 + "
"(.0000002215,0)6^ 3^ 2 8 + "
"(.0000002215,0)3^ 6^ 8 2 + "
"(-.0000002215,0)6^ 3^ 8 2 + "
"(.0000013977,0)3^ 1^ 2 3 + "
"(.0000013977,0)8^ 6^ 7 8 + "
"(-.0000000005,0)3^ 6^ 2 9 + "
"(.0000000005,0)6^ 3^ 2 9 + "
"(.0000000005,0)3^ 6^ 9 2 + "
"(-.0000000005,0)6^ 3^ 9 2 + "
"(-.0000000003,0)3^ 1^ 2 4 + "
"(-.0000000003,0)8^ 6^ 7 9 + "
"(-.0000563085,0)3^ 7^ 2 5 + "
"(.0000563085,0)7^ 3^ 2 5 + "
"(.0000563085,0)3^ 7^ 5 2 + "
"(-.0000563085,0)7^ 3^ 5 2 + "
"(.0002404692,0)3^ 2^ 2 0 + "
"(.0002404692,0)8^ 7^ 7 5 + "
"(.0000001170,0)3^ 7^ 2 6 + "
"(-.0000001170,0)7^ 3^ 2 6 + "
"(-.0000001170,0)3^ 7^ 6 2 + "
"(.0000001170,0)7^ 3^ 6 2 + "
"(-.0000005717,0)3^ 2^ 2 1 + "
"(-.0000005717,0)8^ 7^ 7 6 + "
"(.0000482647,0)3^ 7^ 2 7 + "
"(-.0000482647,0)7^ 3^ 2 7 + "
"(-.0000482647,0)3^ 7^ 7 2 + "
"(.0000482647,0)7^ 3^ 7 2 + "
"(-.0065821747,0)3^ 7^ 2 8 + "
"(.0065821747,0)7^ 3^ 2 8 + "
"(.0065821747,0)3^ 7^ 8 2 + "
"(-.0065821747,0)7^ 3^ 8 2 + "
"(.1192173597,0)3^ 2^ 2 3 + "
"(.1192173597,0)8^ 7^ 7 8 + "
"(.0000000015,0)3^ 7^ 2 9 + "
"(-.0000000015,0)7^ 3^ 2 9 + "
"(-.0000000015,0)3^ 7^ 9 2 + "
"(.0000000015,0)7^ 3^ 9 2 + "
"(.0000000137,0)3^ 2^ 2 4 + "
"(.0000000137,0)8^ 7^ 7 9 + "
"(-.0024720189,0)3^ 8^ 2 5 + "
"(.0024720189,0)8^ 3^ 2 5 + "
"(.0024720189,0)3^ 8^ 5 2 + "
"(-.0024720189,0)8^ 3^ 5 2 + "
"(-.0000002215,0)3^ 8^ 2 6 + "
"(.0000002215,0)8^ 3^ 2 6 + "
"(.0000002215,0)3^ 8^ 6 2 + "
"(-.0000002215,0)8^ 3^ 6 2 + "
"(-.0065821747,0)3^ 8^ 2 7 + "
"(.0065821747,0)8^ 3^ 2 7 + "
"(.0065821747,0)3^ 8^ 7 2 + "
"(-.0065821747,0)8^ 3^ 7 2 + "
"(.0000577561,0)3^ 8^ 2 8 + "
"(-.0000577561,0)8^ 3^ 2 8 + "
"(-.0000577561,0)3^ 8^ 8 2 + "
"(.0000577561,0)8^ 3^ 8 2 + "
"(-.0000004647,0)3^ 8^ 2 9 + "
"(.0000004647,0)8^ 3^ 2 9 + "
"(.0000004647,0)3^ 8^ 9 2 + "
"(-.0000004647,0)8^ 3^ 9 2 + "
"(-.0000000041,0)3^ 9^ 2 5 + "
"(.0000000041,0)9^ 3^ 2 5 + "
"(.0000000041,0)3^ 9^ 5 2 + "
"(-.0000000041,0)9^ 3^ 5 2 + "
"(-.0000000398,0)3^ 4^ 2 0 + "
"(-.0000000398,0)8^ 9^ 7 5 + "
"(-.0000000005,0)3^ 9^ 2 6 + "
"(.0000000005,0)9^ 3^ 2 6 + "
"(.0000000005,0)3^ 9^ 6 2 + "
"(-.0000000005,0)9^ 3^ 6 2 + "
"(.0000000015,0)3^ 9^ 2 7 + "
"(-.0000000015,0)9^ 3^ 2 7 + "
"(-.0000000015,0)3^ 9^ 7 2 + "
"(.0000000015,0)9^ 3^ 7 2 + "
"(-.0000004647,0)3^ 9^ 2 8 + "
"(.0000004647,0)9^ 3^ 2 8 + "
"(.0000004647,0)3^ 9^ 8 2 + "
"(-.0000004647,0)9^ 3^ 8 2 + "
"(.0000013790,0)3^ 4^ 2 3 + "
"(.0000013790,0)8^ 9^ 7 8 + "
"(.0000397296,0)3^ 9^ 2 9 + "
"(-.0000397296,0)9^ 3^ 2 9 + "
"(-.0000397296,0)3^ 9^ 9 2 + "
"(.0000397296,0)9^ 3^ 9 2 + "
"(.0000298303,0)3^ 4^ 2 4 + "
"(.0000298303,0)8^ 9^ 7 9 + "
"(-.1766032003,0)3^ 3 + "
"(-.1766032003,0)8^ 8 + "
"(-.1416746282,0)3^ 5^ 3 5 + "
"(.1416746282,0)5^ 3^ 3 5 + "
"(.1416746282,0)3^ 5^ 5 3 + "
"(-.1416746282,0)5^ 3^ 5 3 + "
"(-.1151070988,0)3^ 0^ 3 0 + "
"(-.1151070988,0)8^ 5^ 8 5 + "
"(.0000019304,0)3^ 5^ 3 6 + "
"(-.0000019304,0)5^ 3^ 3 6 + "
"(-.0000019304,0)3^ 5^ 6 3 + "
"(.0000019304,0)5^ 3^ 6 3 + "
"(.0000016568,0)3^ 0^ 3 1 + "
"(.0000016568,0)8^ 5^ 8 6 + "
"(-.0310481745,0)3^ 5^ 3 7 + "
"(.0310481745,0)5^ 3^ 3 7 + "
"(.0310481745,0)3^ 5^ 7 3 + "
"(-.0310481745,0)5^ 3^ 7 3 + "
"(-.0285761556,0)3^ 0^ 3 2 + "
"(-.0285761556,0)8^ 5^ 8 7 + "
"(-.0003020433,0)3^ 5^ 3 8 + "
"(.0003020433,0)5^ 3^ 3 8 + "
"(.0003020433,0)3^ 5^ 8 3 + "
"(-.0003020433,0)5^ 3^ 8 3 + "
"(.0000127169,0)3^ 5^ 3 9 + "
"(-.0000127169,0)5^ 3^ 3 9 + "
"(-.0000127169,0)3^ 5^ 9 3 + "
"(.0000127169,0)5^ 3^ 9 3 + "
"(.0000114850,0)3^ 0^ 3 4 + "
"(.0000114850,0)8^ 5^ 8 9 + "
"(.0000019304,0)3^ 6^ 3 5 + "
"(-.0000019304,0)6^ 3^ 3 5 + "
"(-.0000019304,0)3^ 6^ 5 3 + "
"(.0000019304,0)6^ 3^ 5 3 + "
"(.0000016568,0)3^ 1^ 3 0 + "
"(.0000016568,0)8^ 6^ 8 5 + "
"(-.1352256479,0)3^ 6^ 3 6 + "
"(.1352256479,0)6^ 3^ 3 6 + "
"(.1352256479,0)3^ 6^ 6 3 + "
"(-.1352256479,0)6^ 3^ 6 3 + "
"(-.1258286960,0)3^ 1^ 3 1 + "
"(-.1258286960,0)8^ 6^ 8 6 + "
"(-.0000016192,0)3^ 6^ 3 7 + "
"(.0000016192,0)6^ 3^ 3 7 + "
"(.0000016192,0)3^ 6^ 7 3 + "
"(-.0000016192,0)6^ 3^ 7 3 + "
"(-.0000013977,0)3^ 1^ 3 2 + "
"(-.0000013977,0)8^ 6^ 8 7 + "
"(.0000007383,0)3^ 6^ 3 8 + "
"(-.0000007383,0)6^ 3^ 3 8 + "
"(-.0000007383,0)3^ 6^ 8 3 + "
"(.0000007383,0)6^ 3^ 8 3 + "
"(-.0000001098,0)3^ 6^ 3 9 + "
"(.0000001098,0)6^ 3^ 3 9 + "
"(.0000001098,0)3^ 6^ 9 3 + "
"(-.0000001098,0)6^ 3^ 9 3 + "
"(-.0000000975,0)3^ 1^ 3 4 + "
"(-.0000000975,0)8^ 6^ 8 9 + "
"(-.0310481745,0)3^ 7^ 3 5 + "
"(.0310481745,0)7^ 3^ 3 5 + "
"(.0310481745,0)3^ 7^ 5 3 + "
"(-.0310481745,0)7^ 3^ 5 3 + "
"(-.0285761556,0)3^ 2^ 3 0 + "
"(-.0285761556,0)8^ 7^ 8 5 + "
"(-.0000016192,0)3^ 7^ 3 6 + "
"(.0000016192,0)7^ 3^ 3 6 + "
"(.0000016192,0)3^ 7^ 6 3 + "
"(-.0000016192,0)7^ 3^ 6 3 + "
"(-.0000013977,0)3^ 2^ 3 1 + "
"(-.0000013977,0)8^ 7^ 8 6 + "
"(-.1257995344,0)3^ 7^ 3 7 + "
"(.1257995344,0)7^ 3^ 3 7 + "
"(.1257995344,0)3^ 7^ 7 3 + "
"(-.1257995344,0)7^ 3^ 7 3 + "
"(-.1192173597,0)3^ 2^ 3 2 + "
"(-.1192173597,0)8^ 7^ 8 7 + "
"(.0000577561,0)3^ 7^ 3 8 + "
"(-.0000577561,0)7^ 3^ 3 8 + "
"(-.0000577561,0)3^ 7^ 8 3 + "
"(.0000577561,0)7^ 3^ 8 3 + "
"(-.0000018437,0)3^ 7^ 3 9 + "
"(.0000018437,0)7^ 3^ 3 9 + "
"(.0000018437,0)3^ 7^ 9 3 + "
"(-.0000018437,0)7^ 3^ 9 3 + "
"(-.0000013790,0)3^ 2^ 3 4 + "
"(-.0000013790,0)8^ 7^ 8 9 + "
"(-.0003020433,0)3^ 8^ 3 5 + "
"(.0003020433,0)8^ 3^ 3 5 + "
"(.0003020433,0)3^ 8^ 5 3 + "
"(-.0003020433,0)8^ 3^ 5 3 + "
"(.0000007383,0)3^ 8^ 3 6 + "
"(-.0000007383,0)8^ 3^ 3 6 + "
"(-.0000007383,0)3^ 8^ 6 3 + "
"(.0000007383,0)8^ 3^ 6 3 + "
"(.0000577561,0)3^ 8^ 3 7 + "
"(-.0000577561,0)8^ 3^ 3 7 + "
"(-.0000577561,0)3^ 8^ 7 3 + "
"(.0000577561,0)8^ 3^ 7 3 + "
"(-.1469823821,0)3^ 8^ 3 8 + "
"(.1469823821,0)8^ 3^ 3 8 + "
"(.1469823821,0)3^ 8^ 8 3 + "
"(-.1469823821,0)8^ 3^ 8 3 + "
"(-.0000082281,0)3^ 8^ 3 9 + "
"(.0000082281,0)8^ 3^ 3 9 + "
"(.0000082281,0)3^ 8^ 9 3 + "
"(-.0000082281,0)8^ 3^ 9 3 + "
"(.0000127169,0)3^ 9^ 3 5 + "
"(-.0000127169,0)9^ 3^ 3 5 + "
"(-.0000127169,0)3^ 9^ 5 3 + "
"(.0000127169,0)9^ 3^ 5 3 + "
"(.0000114850,0)3^ 4^ 3 0 + "
"(.0000114850,0)8^ 9^ 8 5 + "
"(-.0000001098,0)3^ 9^ 3 6 + "
"(.0000001098,0)9^ 3^ 3 6 + "
"(.0000001098,0)3^ 9^ 6 3 + "
"(-.0000001098,0)9^ 3^ 6 3 + "
"(-.0000000975,0)3^ 4^ 3 1 + "
"(-.0000000975,0)8^ 9^ 8 6 + "
"(-.0000018437,0)3^ 9^ 3 7 + "
"(.0000018437,0)9^ 3^ 3 7 + "
"(.0000018437,0)3^ 9^ 7 3 + "
"(-.0000018437,0)9^ 3^ 7 3 + "
"(-.0000013790,0)3^ 4^ 3 2 + "
"(-.0000013790,0)8^ 9^ 8 7 + "
"(-.0000082281,0)3^ 9^ 3 8 + "
"(.0000082281,0)9^ 3^ 3 8 + "
"(.0000082281,0)3^ 9^ 8 3 + "
"(-.0000082281,0)9^ 3^ 8 3 + "
"(-.1322398279,0)3^ 9^ 3 9 + "
"(.1322398279,0)9^ 3^ 3 9 + "
"(.1322398279,0)3^ 9^ 9 3 + "
"(-.1322398279,0)9^ 3^ 9 3 + "
"(-.1243751478,0)3^ 4^ 3 4 + "
"(-.1243751478,0)8^ 9^ 8 9 + "
"(-.0000002165,0)3^ 4 + "
"(-.0000002165,0)8^ 9 + "
"(-.0000000112,0)3^ 5^ 4 5 + "
"(.0000000112,0)5^ 3^ 4 5 + "
"(.0000000112,0)3^ 5^ 5 4 + "
"(-.0000000112,0)5^ 3^ 5 4 + "
"(-.0000000229,0)3^ 0^ 4 0 + "
"(-.0000000229,0)8^ 5^ 9 5 + "
"(.0000000025,0)3^ 5^ 4 6 + "
"(-.0000000025,0)5^ 3^ 4 6 + "
"(-.0000000025,0)3^ 5^ 6 4 + "
"(.0000000025,0)5^ 3^ 6 4 + "
"(.0000000011,0)3^ 0^ 4 1 + "
"(.0000000011,0)8^ 5^ 9 6 + "
"(.0000000139,0)3^ 5^ 4 7 + "
"(-.0000000139,0)5^ 3^ 4 7 + "
"(-.0000000139,0)3^ 5^ 7 4 + "
"(.0000000139,0)5^ 3^ 7 4 + "
"(.0000000180,0)3^ 0^ 4 2 + "
"(.0000000180,0)8^ 5^ 9 7 + "
"(.0000012319,0)3^ 5^ 4 8 + "
"(-.0000012319,0)5^ 3^ 4 8 + "
"(-.0000012319,0)3^ 5^ 8 4 + "
"(.0000012319,0)5^ 3^ 8 4 + "
"(-.0000114850,0)3^ 0^ 4 3 + "
"(-.0000114850,0)8^ 5^ 9 8 + "
"(-.0000192635,0)3^ 5^ 4 9 + "
"(.0000192635,0)5^ 3^ 4 9 + "
"(.0000192635,0)3^ 5^ 9 4 + "
"(-.0000192635,0)5^ 3^ 9 4 + "
"(.0000000025,0)3^ 6^ 4 5 + "
"(-.0000000025,0)6^ 3^ 4 5 + "
"(-.0000000025,0)3^ 6^ 5 4 + "
"(.0000000025,0)6^ 3^ 5 4 + "
"(.0000000016,0)3^ 1^ 4 0 + "
"(.0000000016,0)8^ 6^ 9 5 + "
"(-.0000000106,0)3^ 6^ 4 6 + "
"(.0000000106,0)6^ 3^ 4 6 + "
"(.0000000106,0)3^ 6^ 6 4 + "
"(-.0000000106,0)6^ 3^ 6 4 + "
"(-.0000000109,0)3^ 1^ 4 1 + "
"(-.0000000109,0)8^ 6^ 9 6 + "
"(.0000000003,0)3^ 1^ 4 2 + "
"(.0000000003,0)8^ 6^ 9 7 + "
"(-.0000000124,0)3^ 6^ 4 8 + "
"(.0000000124,0)6^ 3^ 4 8 + "
"(.0000000124,0)3^ 6^ 8 4 + "
"(-.0000000124,0)6^ 3^ 8 4 + "
"(.0000000975,0)3^ 1^ 4 3 + "
"(.0000000975,0)8^ 6^ 9 8 + "
"(.0000000686,0)3^ 6^ 4 9 + "
"(-.0000000686,0)6^ 3^ 4 9 + "
"(-.0000000686,0)3^ 6^ 9 4 + "
"(.0000000686,0)6^ 3^ 9 4 + "
"(.0000000139,0)3^ 7^ 4 5 + "
"(-.0000000139,0)7^ 3^ 4 5 + "
"(-.0000000139,0)3^ 7^ 5 4 + "
"(.0000000139,0)7^ 3^ 5 4 + "
"(-.0000000218,0)3^ 2^ 4 0 + "
"(-.0000000218,0)8^ 7^ 9 5 + "
"(-.0000000122,0)3^ 7^ 4 7 + "
"(.0000000122,0)7^ 3^ 4 7 + "
"(.0000000122,0)3^ 7^ 7 4 + "
"(-.0000000122,0)7^ 3^ 7 4 + "
"(-.0000000137,0)3^ 2^ 4 2 + "
"(-.0000000137,0)8^ 7^ 9 7 + "
"(-.0000004647,0)3^ 7^ 4 8 + "
"(.0000004647,0)7^ 3^ 4 8 + "
"(.0000004647,0)3^ 7^ 8 4 + "
"(-.0000004647,0)7^ 3^ 8 4 + "
"(.0000013790,0)3^ 2^ 4 3 + "
"(.0000013790,0)8^ 7^ 9 8 + "
"(.0000098994,0)3^ 7^ 4 9 + "
"(-.0000098994,0)7^ 3^ 4 9 + "
"(-.0000098994,0)3^ 7^ 9 4 + "
"(.0000098994,0)7^ 3^ 9 4 + "
"(.0000012319,0)3^ 8^ 4 5 + "
"(-.0000012319,0)8^ 3^ 4 5 + "
"(-.0000012319,0)3^ 8^ 5 4 + "
"(.0000012319,0)8^ 3^ 5 4 + "
"(-.0000000124,0)3^ 8^ 4 6 + "
"(.0000000124,0)8^ 3^ 4 6 + "
"(.0000000124,0)3^ 8^ 6 4 + "
"(-.0000000124,0)8^ 3^ 6 4 + "
"(-.0000004647,0)3^ 8^ 4 7 + "
"(.0000004647,0)8^ 3^ 4 7 + "
"(.0000004647,0)3^ 8^ 7 4 + "
"(-.0000004647,0)8^ 3^ 7 4 + "
"(-.0000082281,0)3^ 8^ 4 8 + "
"(.0000082281,0)8^ 3^ 4 8 + "
"(.0000082281,0)3^ 8^ 8 4 + "
"(-.0000082281,0)8^ 3^ 8 4 + "
"(-.0078646801,0)3^ 8^ 4 9 + "
"(.0078646801,0)8^ 3^ 4 9 + "
"(.0078646801,0)3^ 8^ 9 4 + "
"(-.0078646801,0)8^ 3^ 9 4 + "
"(-.0000192635,0)3^ 9^ 4 5 + "
"(.0000192635,0)9^ 3^ 4 5 + "
"(.0000192635,0)3^ 9^ 5 4 + "
"(-.0000192635,0)9^ 3^ 5 4 + "
"(.0002441487,0)3^ 4^ 4 0 + "
"(.0002441487,0)8^ 9^ 9 5 + "
"(.0000000686,0)3^ 9^ 4 6 + "
"(-.0000000686,0)9^ 3^ 4 6 + "
"(-.0000000686,0)3^ 9^ 6 4 + "
"(.0000000686,0)9^ 3^ 6 4 + "
"(-.0000005398,0)3^ 4^ 4 1 + "
"(-.0000005398,0)8^ 9^ 9 6 + "
"(.0000098994,0)3^ 9^ 4 7 + "
"(-.0000098994,0)9^ 3^ 4 7 + "
"(-.0000098994,0)3^ 9^ 7 4 + "
"(.0000098994,0)9^ 3^ 7 4 + "
"(-.0000298303,0)3^ 4^ 4 2 + "
"(-.0000298303,0)8^ 9^ 9 7 + "
"(-.0078646801,0)3^ 9^ 4 8 + "
"(.0078646801,0)9^ 3^ 4 8 + "
"(.0078646801,0)3^ 9^ 8 4 + "
"(-.0078646801,0)9^ 3^ 8 4 + "
"(.1243751478,0)3^ 4^ 4 3 + "
"(.1243751478,0)8^ 9^ 9 8 + "
"(.0000081651,0)3^ 9^ 4 9 + "
"(-.0000081651,0)9^ 3^ 4 9 + "
"(-.0000081651,0)3^ 9^ 9 4 + "
"(.0000081651,0)9^ 3^ 9 4 + "
"(.0000636760,0)4^ 0 + "
"(.0000636760,0)9^ 5 + "
"(.0000159189,0)4^ 5^ 0 5 + "
"(-.0000159189,0)5^ 4^ 0 5 + "
"(-.0000159189,0)4^ 5^ 5 0 + "
"(.0000159189,0)5^ 4^ 5 0 + "
"(-.0000001056,0)4^ 5^ 0 6 + "
"(.0000001056,0)5^ 4^ 0 6 + "
"(.0000001056,0)4^ 5^ 6 0 + "
"(-.0000001056,0)5^ 4^ 6 0 + "
"(.0000000538,0)4^ 0^ 0 1 + "
"(.0000000538,0)9^ 5^ 5 6 + "
"(.0000014150,0)4^ 5^ 0 7 + "
"(-.0000014150,0)5^ 4^ 0 7 + "
"(-.0000014150,0)4^ 5^ 7 0 + "
"(.0000014150,0)5^ 4^ 7 0 + "
"(.0000025851,0)4^ 0^ 0 2 + "
"(.0000025851,0)9^ 5^ 5 7 + "
"(.0000000117,0)4^ 5^ 0 8 + "
"(-.0000000117,0)5^ 4^ 0 8 + "
"(-.0000000117,0)4^ 5^ 8 0 + "
"(.0000000117,0)5^ 4^ 8 0 + "
"(.0000000229,0)4^ 0^ 0 3 + "
"(.0000000229,0)9^ 5^ 5 8 + "
"(-.0265673176,0)4^ 5^ 0 9 + "
"(.0265673176,0)5^ 4^ 0 9 + "
"(.0265673176,0)4^ 5^ 9 0 + "
"(-.0265673176,0)5^ 4^ 9 0 + "
"(.1151076602,0)4^ 0^ 0 4 + "
"(.1151076602,0)9^ 5^ 5 9 + "
"(-.0000001056,0)4^ 6^ 0 5 + "
"(.0000001056,0)6^ 4^ 0 5 + "
"(.0000001056,0)4^ 6^ 5 0 + "
"(-.0000001056,0)6^ 4^ 5 0 + "
"(.0000132330,0)4^ 6^ 0 6 + "
"(-.0000132330,0)6^ 4^ 0 6 + "
"(-.0000132330,0)4^ 6^ 6 0 + "
"(.0000132330,0)6^ 4^ 6 0 + "
"(.0000114626,0)4^ 1^ 0 1 + "
"(.0000114626,0)9^ 6^ 5 6 + "
"(-.0000000607,0)4^ 6^ 0 7 + "
"(.0000000607,0)6^ 4^ 0 7 + "
"(.0000000607,0)4^ 6^ 7 0 + "
"(-.0000000607,0)6^ 4^ 7 0 + "
"(.0000000276,0)4^ 1^ 0 2 + "
"(.0000000276,0)9^ 6^ 5 7 + "
"(.0000000014,0)4^ 6^ 0 8 + "
"(-.0000000014,0)6^ 4^ 0 8 + "
"(-.0000000014,0)4^ 6^ 8 0 + "
"(.0000000014,0)6^ 4^ 8 0 + "
"(-.0000000011,0)4^ 1^ 0 3 + "
"(-.0000000011,0)9^ 6^ 5 8 + "
"(.0000002665,0)4^ 6^ 0 9 + "
"(-.0000002665,0)6^ 4^ 0 9 + "
"(-.0000002665,0)4^ 6^ 9 0 + "
"(.0000002665,0)6^ 4^ 9 0 + "
"(-.0000016554,0)4^ 1^ 0 4 + "
"(-.0000016554,0)9^ 6^ 5 9 + "
"(.0000014150,0)4^ 7^ 0 5 + "
"(-.0000014150,0)7^ 4^ 0 5 + "
"(-.0000014150,0)4^ 7^ 5 0 + "
"(.0000014150,0)7^ 4^ 5 0 + "
"(-.0000000607,0)4^ 7^ 0 6 + "
"(.0000000607,0)7^ 4^ 0 6 + "
"(.0000000607,0)4^ 7^ 6 0 + "
"(-.0000000607,0)7^ 4^ 6 0 + "
"(.0000000279,0)4^ 2^ 0 1 + "
"(.0000000279,0)9^ 7^ 5 6 + "
"(.0000140688,0)4^ 7^ 0 7 + "
"(-.0000140688,0)7^ 4^ 0 7 + "
"(-.0000140688,0)4^ 7^ 7 0 + "
"(.0000140688,0)7^ 4^ 7 0 + "
"(.0000113732,0)4^ 2^ 0 2 + "
"(.0000113732,0)9^ 7^ 5 7 + "
"(-.0000000041,0)4^ 7^ 0 8 + "
"(.0000000041,0)7^ 4^ 0 8 + "
"(.0000000041,0)4^ 7^ 8 0 + "
"(-.0000000041,0)7^ 4^ 8 0 + "
"(-.0000000180,0)4^ 2^ 0 3 + "
"(-.0000000180,0)9^ 7^ 5 8 + "
"(-.0024717123,0)4^ 7^ 0 9 + "
"(.0024717123,0)7^ 4^ 0 9 + "
"(.0024717123,0)4^ 7^ 9 0 + "
"(-.0024717123,0)7^ 4^ 9 0 + "
"(.0285762128,0)4^ 2^ 0 4 + "
"(.0285762128,0)9^ 7^ 5 9 + "
"(.0000000117,0)4^ 8^ 0 5 + "
"(-.0000000117,0)8^ 4^ 0 5 + "
"(-.0000000117,0)4^ 8^ 5 0 + "
"(.0000000117,0)8^ 4^ 5 0 + "
"(.0000000014,0)4^ 8^ 0 6 + "
"(-.0000000014,0)8^ 4^ 0 6 + "
"(-.0000000014,0)4^ 8^ 6 0 + "
"(.0000000014,0)8^ 4^ 6 0 + "
"(.0000000005,0)4^ 3^ 0 1 + "
"(.0000000005,0)9^ 8^ 5 6 + "
"(-.0000000041,0)4^ 8^ 0 7 + "
"(.0000000041,0)8^ 4^ 0 7 + "
"(.0000000041,0)4^ 8^ 7 0 + "
"(-.0000000041,0)8^ 4^ 7 0 + "
"(-.0000000398,0)4^ 3^ 0 2 + "
"(-.0000000398,0)9^ 8^ 5 7 + "
"(.0000127169,0)4^ 8^ 0 8 + "
"(-.0000127169,0)8^ 4^ 0 8 + "
"(-.0000127169,0)4^ 8^ 8 0 + "
"(.0000127169,0)8^ 4^ 8 0 + "
"(.0000114850,0)4^ 3^ 0 3 + "
"(.0000114850,0)9^ 8^ 5 8 + "
"(-.0000192635,0)4^ 8^ 0 9 + "
"(.0000192635,0)8^ 4^ 0 9 + "
"(.0000192635,0)4^ 8^ 9 0 + "
"(-.0000192635,0)8^ 4^ 9 0 + "
"(.0002441487,0)4^ 3^ 0 4 + "
"(.0002441487,0)9^ 8^ 5 9 + "
"(-.0265673176,0)4^ 9^ 0 5 + "
"(.0265673176,0)9^ 4^ 0 5 + "
"(.0265673176,0)4^ 9^ 5 0 + "
"(-.0265673176,0)9^ 4^ 5 0 + "
"(.0000002665,0)4^ 9^ 0 6 + "
"(-.0000002665,0)9^ 4^ 0 6 + "
"(-.0000002665,0)4^ 9^ 6 0 + "
"(.0000002665,0)9^ 4^ 6 0 + "
"(-.0024717123,0)4^ 9^ 0 7 + "
"(.0024717123,0)9^ 4^ 0 7 + "
"(.0024717123,0)4^ 9^ 7 0 + "
"(-.0024717123,0)9^ 4^ 7 0 + "
"(-.0000192635,0)4^ 9^ 0 8 + "
"(.0000192635,0)9^ 4^ 0 8 + "
"(.0000192635,0)4^ 9^ 8 0 + "
"(-.0000192635,0)9^ 4^ 8 0 + "
"(.0000142871,0)4^ 9^ 0 9 + "
"(-.0000142871,0)9^ 4^ 0 9 + "
"(-.0000142871,0)4^ 9^ 9 0 + "
"(.0000142871,0)9^ 4^ 9 0 + "
"(-.0000009332,0)4^ 1 + "
"(-.0000009332,0)9^ 6 + "
"(-.0000001595,0)4^ 5^ 1 5 + "
"(.0000001595,0)5^ 4^ 1 5 + "
"(.0000001595,0)4^ 5^ 5 1 + "
"(-.0000001595,0)5^ 4^ 5 1 + "
"(-.0000000538,0)4^ 0^ 1 0 + "
"(-.0000000538,0)9^ 5^ 6 5 + "
"(.0000017704,0)4^ 5^ 1 6 + "
"(-.0000017704,0)5^ 4^ 1 6 + "
"(-.0000017704,0)4^ 5^ 6 1 + "
"(.0000017704,0)5^ 4^ 6 1 + "
"(-.0000000886,0)4^ 5^ 1 7 + "
"(.0000000886,0)5^ 4^ 1 7 + "
"(.0000000886,0)4^ 5^ 7 1 + "
"(-.0000000886,0)5^ 4^ 7 1 + "
"(.0000000008,0)4^ 5^ 1 8 + "
"(-.0000000008,0)5^ 4^ 1 8 + "
"(-.0000000008,0)4^ 5^ 8 1 + "
"(.0000000008,0)5^ 4^ 8 1 + "
"(-.0000000016,0)4^ 0^ 1 3 + "
"(-.0000000016,0)9^ 5^ 6 8 + "
"(.0000002665,0)4^ 5^ 1 9 + "
"(-.0000002665,0)5^ 4^ 1 9 + "
"(-.0000002665,0)4^ 5^ 9 1 + "
"(.0000002665,0)5^ 4^ 9 1 + "
"(-.0000016554,0)4^ 0^ 1 4 + "
"(-.0000016554,0)9^ 5^ 6 9 + "
"(.0000017704,0)4^ 6^ 1 5 + "
"(-.0000017704,0)6^ 4^ 1 5 + "
"(-.0000017704,0)4^ 6^ 5 1 + "
"(.0000017704,0)6^ 4^ 5 1 + "
"(-.0000114626,0)4^ 1^ 1 0 + "
"(-.0000114626,0)9^ 6^ 6 5 + "
"(-.0000001578,0)4^ 6^ 1 6 + "
"(.0000001578,0)6^ 4^ 1 6 + "
"(.0000001578,0)4^ 6^ 6 1 + "
"(-.0000001578,0)6^ 4^ 6 1 + "
"(.0000001123,0)4^ 6^ 1 7 + "
"(-.0000001123,0)6^ 4^ 1 7 + "
"(-.0000001123,0)4^ 6^ 7 1 + "
"(.0000001123,0)6^ 4^ 7 1 + "
"(.0000011841,0)4^ 1^ 1 2 + "
"(.0000011841,0)9^ 6^ 6 7 + "
"(.0000000004,0)4^ 6^ 1 8 + "
"(-.0000000004,0)6^ 4^ 1 8 + "
"(-.0000000004,0)4^ 6^ 8 1 + "
"(.0000000004,0)6^ 4^ 8 1 + "
"(.0000000109,0)4^ 1^ 1 3 + "
"(.0000000109,0)9^ 6^ 6 8 + "
"(-.0093969577,0)4^ 6^ 1 9 + "
"(.0093969577,0)6^ 4^ 1 9 + "
"(.0093969577,0)4^ 6^ 9 1 + "
"(-.0093969577,0)6^ 4^ 9 1 + "
"(.1258290159,0)4^ 1^ 1 4 + "
"(.1258290159,0)9^ 6^ 6 9 + "
"(-.0000000886,0)4^ 7^ 1 5 + "
"(.0000000886,0)7^ 4^ 1 5 + "
"(.0000000886,0)4^ 7^ 5 1 + "
"(-.0000000886,0)7^ 4^ 5 1 + "
"(-.0000000279,0)4^ 2^ 1 0 + "
"(-.0000000279,0)9^ 7^ 6 5 + "
"(.0000001123,0)4^ 7^ 1 6 + "
"(-.0000001123,0)7^ 4^ 1 6 + "
"(-.0000001123,0)4^ 7^ 6 1 + "
"(.0000001123,0)7^ 4^ 6 1 + "
"(-.0000001245,0)4^ 7^ 1 7 + "
"(.0000001245,0)7^ 4^ 1 7 + "
"(.0000001245,0)4^ 7^ 7 1 + "
"(-.0000001245,0)7^ 4^ 7 1 + "
"(-.0000001031,0)4^ 2^ 1 2 + "
"(-.0000001031,0)9^ 7^ 6 7 + "
"(-.0000000005,0)4^ 7^ 1 8 + "
"(.0000000005,0)7^ 4^ 1 8 + "
"(.0000000005,0)4^ 7^ 8 1 + "
"(-.0000000005,0)7^ 4^ 8 1 + "
"(-.0000000003,0)4^ 2^ 1 3 + "
"(-.0000000003,0)9^ 7^ 6 8 + "
"(-.0000002228,0)4^ 7^ 1 9 + "
"(.0000002228,0)7^ 4^ 1 9 + "
"(.0000002228,0)4^ 7^ 9 1 + "
"(-.0000002228,0)7^ 4^ 9 1 + "
"(.0000013973,0)4^ 2^ 1 4 + "
"(.0000013973,0)9^ 7^ 6 9 + "
"(.0000000008,0)4^ 8^ 1 5 + "
"(-.0000000008,0)8^ 4^ 1 5 + "
"(-.0000000008,0)4^ 8^ 5 1 + "
"(.0000000008,0)8^ 4^ 5 1 + "
"(-.0000000005,0)4^ 3^ 1 0 + "
"(-.0000000005,0)9^ 8^ 6 5 + "
"(.0000000004,0)4^ 8^ 1 6 + "
"(-.0000000004,0)8^ 4^ 1 6 + "
"(-.0000000004,0)4^ 8^ 6 1 + "
"(.0000000004,0)8^ 4^ 6 1 + "
"(-.0000000005,0)4^ 8^ 1 7 + "
"(.0000000005,0)8^ 4^ 1 7 + "
"(.0000000005,0)4^ 8^ 7 1 + "
"(-.0000000005,0)8^ 4^ 7 1 + "
"(-.0000001098,0)4^ 8^ 1 8 + "
"(.0000001098,0)8^ 4^ 1 8 + "
"(.0000001098,0)4^ 8^ 8 1 + "
"(-.0000001098,0)8^ 4^ 8 1 + "
"(-.0000000975,0)4^ 3^ 1 3 + "
"(-.0000000975,0)9^ 8^ 6 8 + "
"(.0000000686,0)4^ 8^ 1 9 + "
"(-.0000000686,0)8^ 4^ 1 9 + "
"(-.0000000686,0)4^ 8^ 9 1 + "
"(.0000000686,0)8^ 4^ 9 1 + "
"(-.0000005398,0)4^ 3^ 1 4 + "
"(-.0000005398,0)9^ 8^ 6 9 + "
"(.0000002665,0)4^ 9^ 1 5 + "
"(-.0000002665,0)9^ 4^ 1 5 + "
"(-.0000002665,0)4^ 9^ 5 1 + "
"(.0000002665,0)9^ 4^ 5 1 + "
"(-.0093969577,0)4^ 9^ 1 6 + "
"(.0093969577,0)9^ 4^ 1 6 + "
"(.0093969577,0)4^ 9^ 6 1 + "
"(-.0093969577,0)9^ 4^ 6 1 + "
"(-.0000002228,0)4^ 9^ 1 7 + "
"(.0000002228,0)9^ 4^ 1 7 + "
"(.0000002228,0)4^ 9^ 7 1 + "
"(-.0000002228,0)9^ 4^ 7 1 + "
"(.0000000686,0)4^ 9^ 1 8 + "
"(-.0000000686,0)9^ 4^ 1 8 + "
"(-.0000000686,0)4^ 9^ 8 1 + "
"(.0000000686,0)9^ 4^ 8 1 + "
"(-.0000001334,0)4^ 9^ 1 9 + "
"(.0000001334,0)9^ 4^ 1 9 + "
"(.0000001334,0)4^ 9^ 9 1 + "
"(-.0000001334,0)9^ 4^ 9 1 + "
"(-.0000303538,0)4^ 2 + "
"(-.0000303538,0)9^ 7 + "
"(-.0000011701,0)4^ 5^ 2 5 + "
"(.0000011701,0)5^ 4^ 2 5 + "
"(.0000011701,0)4^ 5^ 5 2 + "
"(-.0000011701,0)5^ 4^ 5 2 + "
"(-.0000025851,0)4^ 0^ 2 0 + "
"(-.0000025851,0)9^ 5^ 7 5 + "
"(-.0000000883,0)4^ 5^ 2 6 + "
"(.0000000883,0)5^ 4^ 2 6 + "
"(.0000000883,0)4^ 5^ 6 2 + "
"(-.0000000883,0)5^ 4^ 6 2 + "
"(.0000026956,0)4^ 5^ 2 7 + "
"(-.0000026956,0)5^ 4^ 2 7 + "
"(-.0000026956,0)4^ 5^ 7 2 + "
"(.0000026956,0)5^ 4^ 7 2 + "
"(.0000000356,0)4^ 5^ 2 8 + "
"(-.0000000356,0)5^ 4^ 2 8 + "
"(-.0000000356,0)4^ 5^ 8 2 + "
"(.0000000356,0)5^ 4^ 8 2 + "
"(.0000000218,0)4^ 0^ 2 3 + "
"(.0000000218,0)9^ 5^ 7 8 + "
"(-.0024717123,0)4^ 5^ 2 9 + "
"(.0024717123,0)5^ 4^ 2 9 + "
"(.0024717123,0)4^ 5^ 9 2 + "
"(-.0024717123,0)5^ 4^ 9 2 + "
"(.0285762128,0)4^ 0^ 2 4 + "
"(.0285762128,0)9^ 5^ 7 9 + "
"(-.0000000883,0)4^ 6^ 2 5 + "
"(.0000000883,0)6^ 4^ 2 5 + "
"(.0000000883,0)4^ 6^ 5 2 + "
"(-.0000000883,0)6^ 4^ 5 2 + "
"(-.0000000276,0)4^ 1^ 2 0 + "
"(-.0000000276,0)9^ 6^ 7 5 + "
"(-.0000010718,0)4^ 6^ 2 6 + "
"(.0000010718,0)6^ 4^ 2 6 + "
"(.0000010718,0)4^ 6^ 6 2 + "
"(-.0000010718,0)6^ 4^ 6 2 + "
"(-.0000011841,0)4^ 1^ 2 1 + "
"(-.0000011841,0)9^ 6^ 7 6 + "
"(-.0000000215,0)4^ 6^ 2 7 + "
"(.0000000215,0)6^ 4^ 2 7 + "
"(.0000000215,0)4^ 6^ 7 2 + "
"(-.0000000215,0)6^ 4^ 7 2 + "
"(-.0000000004,0)4^ 6^ 2 8 + "
"(.0000000004,0)6^ 4^ 2 8 + "
"(.0000000004,0)4^ 6^ 8 2 + "
"(-.0000000004,0)6^ 4^ 8 2 + "
"(-.0000002228,0)4^ 6^ 2 9 + "
"(.0000002228,0)6^ 4^ 2 9 + "
"(.0000002228,0)4^ 6^ 9 2 + "
"(-.0000002228,0)6^ 4^ 9 2 + "
"(.0000013973,0)4^ 1^ 2 4 + "
"(.0000013973,0)9^ 6^ 7 9 + "
"(.0000026956,0)4^ 7^ 2 5 + "
"(-.0000026956,0)7^ 4^ 2 5 + "
"(-.0000026956,0)4^ 7^ 5 2 + "
"(.0000026956,0)7^ 4^ 5 2 + "
"(-.0000113732,0)4^ 2^ 2 0 + "
"(-.0000113732,0)9^ 7^ 7 5 + "
"(-.0000000215,0)4^ 7^ 2 6 + "
"(.0000000215,0)7^ 4^ 2 6 + "
"(.0000000215,0)4^ 7^ 6 2 + "
"(-.0000000215,0)7^ 4^ 6 2 + "
"(.0000001031,0)4^ 2^ 2 1 + "
"(.0000001031,0)9^ 7^ 7 6 + "
"(-.0000022240,0)4^ 7^ 2 7 + "
"(.0000022240,0)7^ 4^ 2 7 + "
"(.0000022240,0)4^ 7^ 7 2 + "
"(-.0000022240,0)7^ 4^ 7 2 + "
"(.0000000015,0)4^ 7^ 2 8 + "
"(-.0000000015,0)7^ 4^ 2 8 + "
"(-.0000000015,0)4^ 7^ 8 2 + "
"(.0000000015,0)7^ 4^ 8 2 + "
"(.0000000137,0)4^ 2^ 2 3 + "
"(.0000000137,0)9^ 7^ 7 8 + "
"(-.0065821652,0)4^ 7^ 2 9 + "
"(.0065821652,0)7^ 4^ 2 9 + "
"(.0065821652,0)4^ 7^ 9 2 + "
"(-.0065821652,0)7^ 4^ 9 2 + "
"(.1192177360,0)4^ 2^ 2 4 + "
"(.1192177360,0)9^ 7^ 7 9 + "
"(.0000000356,0)4^ 8^ 2 5 + "
"(-.0000000356,0)8^ 4^ 2 5 + "
"(-.0000000356,0)4^ 8^ 5 2 + "
"(.0000000356,0)8^ 4^ 5 2 + "
"(.0000000398,0)4^ 3^ 2 0 + "
"(.0000000398,0)9^ 8^ 7 5 + "
"(-.0000000004,0)4^ 8^ 2 6 + "
"(.0000000004,0)8^ 4^ 2 6 + "
"(.0000000004,0)4^ 8^ 6 2 + "
"(-.0000000004,0)8^ 4^ 6 2 + "
"(.0000000015,0)4^ 8^ 2 7 + "
"(-.0000000015,0)8^ 4^ 2 7 + "
"(-.0000000015,0)4^ 8^ 7 2 + "
"(.0000000015,0)8^ 4^ 7 2 + "
"(-.0000018437,0)4^ 8^ 2 8 + "
"(.0000018437,0)8^ 4^ 2 8 + "
"(.0000018437,0)4^ 8^ 8 2 + "
"(-.0000018437,0)8^ 4^ 8 2 + "
"(-.0000013790,0)4^ 3^ 2 3 + "
"(-.0000013790,0)9^ 8^ 7 8 + "
"(.0000098994,0)4^ 8^ 2 9 + "
"(-.0000098994,0)8^ 4^ 2 9 + "
"(-.0000098994,0)4^ 8^ 9 2 + "
"(.0000098994,0)8^ 4^ 9 2 + "
"(-.0000298303,0)4^ 3^ 2 4 + "
"(-.0000298303,0)9^ 8^ 7 9 + "
"(-.0024717123,0)4^ 9^ 2 5 + "
"(.0024717123,0)9^ 4^ 2 5 + "
"(.0024717123,0)4^ 9^ 5 2 + "
"(-.0024717123,0)9^ 4^ 5 2 + "
"(-.0000002228,0)4^ 9^ 2 6 + "
"(.0000002228,0)9^ 4^ 2 6 + "
"(.0000002228,0)4^ 9^ 6 2 + "
"(-.0000002228,0)9^ 4^ 6 2 + "
"(-.0065821652,0)4^ 9^ 2 7 + "
"(.0065821652,0)9^ 4^ 2 7 + "
"(.0065821652,0)4^ 9^ 7 2 + "
"(-.0065821652,0)9^ 4^ 7 2 + "
"(.0000098994,0)4^ 9^ 2 8 + "
"(-.0000098994,0)9^ 4^ 2 8 + "
"(-.0000098994,0)4^ 9^ 8 2 + "
"(.0000098994,0)9^ 4^ 8 2 + "
"(-.0000026990,0)4^ 9^ 2 9 + "
"(.0000026990,0)9^ 4^ 2 9 + "
"(.0000026990,0)4^ 9^ 9 2 + "
"(-.0000026990,0)9^ 4^ 9 2 + "
"(-.0000002165,0)4^ 3 + "
"(-.0000002165,0)9^ 8 + "
"(-.0000000112,0)4^ 5^ 3 5 + "
"(.0000000112,0)5^ 4^ 3 5 + "
"(.0000000112,0)4^ 5^ 5 3 + "
"(-.0000000112,0)5^ 4^ 5 3 + "
"(-.0000000229,0)4^ 0^ 3 0 + "
"(-.0000000229,0)9^ 5^ 8 5 + "
"(.0000000025,0)4^ 5^ 3 6 + "
"(-.0000000025,0)5^ 4^ 3 6 + "
"(-.0000000025,0)4^ 5^ 6 3 + "
"(.0000000025,0)5^ 4^ 6 3 + "
"(.0000000016,0)4^ 0^ 3 1 + "
"(.0000000016,0)9^ 5^ 8 6 + "
"(.0000000139,0)4^ 5^ 3 7 + "
"(-.0000000139,0)5^ 4^ 3 7 + "
"(-.0000000139,0)4^ 5^ 7 3 + "
"(.0000000139,0)5^ 4^ 7 3 + "
"(-.0000000218,0)4^ 0^ 3 2 + "
"(-.0000000218,0)9^ 5^ 8 7 + "
"(.0000012319,0)4^ 5^ 3 8 + "
"(-.0000012319,0)5^ 4^ 3 8 + "
"(-.0000012319,0)4^ 5^ 8 3 + "
"(.0000012319,0)5^ 4^ 8 3 + "
"(-.0000192635,0)4^ 5^ 3 9 + "
"(.0000192635,0)5^ 4^ 3 9 + "
"(.0000192635,0)4^ 5^ 9 3 + "
"(-.0000192635,0)5^ 4^ 9 3 + "
"(.0002441487,0)4^ 0^ 3 4 + "
"(.0002441487,0)9^ 5^ 8 9 + "
"(.0000000025,0)4^ 6^ 3 5 + "
"(-.0000000025,0)6^ 4^ 3 5 + "
"(-.0000000025,0)4^ 6^ 5 3 + "
"(.0000000025,0)6^ 4^ 5 3 + "
"(.0000000011,0)4^ 1^ 3 0 + "
"(.0000000011,0)9^ 6^ 8 5 + "
"(-.0000000106,0)4^ 6^ 3 6 + "
"(.0000000106,0)6^ 4^ 3 6 + "
"(.0000000106,0)4^ 6^ 6 3 + "
"(-.0000000106,0)6^ 4^ 6 3 + "
"(-.0000000109,0)4^ 1^ 3 1 + "
"(-.0000000109,0)9^ 6^ 8 6 + "
"(-.0000000124,0)4^ 6^ 3 8 + "
"(.0000000124,0)6^ 4^ 3 8 + "
"(.0000000124,0)4^ 6^ 8 3 + "
"(-.0000000124,0)6^ 4^ 8 3 + "
"(.0000000686,0)4^ 6^ 3 9 + "
"(-.0000000686,0)6^ 4^ 3 9 + "
"(-.0000000686,0)4^ 6^ 9 3 + "
"(.0000000686,0)6^ 4^ 9 3 + "
"(-.0000005398,0)4^ 1^ 3 4 + "
"(-.0000005398,0)9^ 6^ 8 9 + "
"(.0000000139,0)4^ 7^ 3 5 + "
"(-.0000000139,0)7^ 4^ 3 5 + "
"(-.0000000139,0)4^ 7^ 5 3 + "
"(.0000000139,0)7^ 4^ 5 3 + "
"(.0000000180,0)4^ 2^ 3 0 + "
"(.0000000180,0)9^ 7^ 8 5 + "
"(.0000000003,0)4^ 2^ 3 1 + "
"(.0000000003,0)9^ 7^ 8 6 + "
"(-.0000000122,0)4^ 7^ 3 7 + "
"(.0000000122,0)7^ 4^ 3 7 + "
"(.0000000122,0)4^ 7^ 7 3 + "
"(-.0000000122,0)7^ 4^ 7 3 + "
"(-.0000000137,0)4^ 2^ 3 2 + "
"(-.0000000137,0)9^ 7^ 8 7 + "
"(-.0000004647,0)4^ 7^ 3 8 + "
"(.0000004647,0)7^ 4^ 3 8 + "
"(.0000004647,0)4^ 7^ 8 3 + "
"(-.0000004647,0)7^ 4^ 8 3 + "
"(.0000098994,0)4^ 7^ 3 9 + "
"(-.0000098994,0)7^ 4^ 3 9 + "
"(-.0000098994,0)4^ 7^ 9 3 + "
"(.0000098994,0)7^ 4^ 9 3 + "
"(-.0000298303,0)4^ 2^ 3 4 + "
"(-.0000298303,0)9^ 7^ 8 9 + "
"(.0000012319,0)4^ 8^ 3 5 + "
"(-.0000012319,0)8^ 4^ 3 5 + "
"(-.0000012319,0)4^ 8^ 5 3 + "
"(.0000012319,0)8^ 4^ 5 3 + "
"(-.0000114850,0)4^ 3^ 3 0 + "
"(-.0000114850,0)9^ 8^ 8 5 + "
"(-.0000000124,0)4^ 8^ 3 6 + "
"(.0000000124,0)8^ 4^ 3 6 + "
"(.0000000124,0)4^ 8^ 6 3 + "
"(-.0000000124,0)8^ 4^ 6 3 + "
"(.0000000975,0)4^ 3^ 3 1 + "
"(.0000000975,0)9^ 8^ 8 6 + "
"(-.0000004647,0)4^ 8^ 3 7 + "
"(.0000004647,0)8^ 4^ 3 7 + "
"(.0000004647,0)4^ 8^ 7 3 + "
"(-.0000004647,0)8^ 4^ 7 3 + "
"(.0000013790,0)4^ 3^ 3 2 + "
"(.0000013790,0)9^ 8^ 8 7 + "
"(-.0000082281,0)4^ 8^ 3 8 + "
"(.0000082281,0)8^ 4^ 3 8 + "
"(.0000082281,0)4^ 8^ 8 3 + "
"(-.0000082281,0)8^ 4^ 8 3 + "
"(-.0078646801,0)4^ 8^ 3 9 + "
"(.0078646801,0)8^ 4^ 3 9 + "
"(.0078646801,0)4^ 8^ 9 3 + "
"(-.0078646801,0)8^ 4^ 9 3 + "
"(.1243751478,0)4^ 3^ 3 4 + "
"(.1243751478,0)9^ 8^ 8 9 + "
"(-.0000192635,0)4^ 9^ 3 5 + "
"(.0000192635,0)9^ 4^ 3 5 + "
"(.0000192635,0)4^ 9^ 5 3 + "
"(-.0000192635,0)9^ 4^ 5 3 + "
"(.0000000686,0)4^ 9^ 3 6 + "
"(-.0000000686,0)9^ 4^ 3 6 + "
"(-.0000000686,0)4^ 9^ 6 3 + "
"(.0000000686,0)9^ 4^ 6 3 + "
"(.0000098994,0)4^ 9^ 3 7 + "
"(-.0000098994,0)9^ 4^ 3 7 + "
"(-.0000098994,0)4^ 9^ 7 3 + "
"(.0000098994,0)9^ 4^ 7 3 + "
"(-.0078646801,0)4^ 9^ 3 8 + "
"(.0078646801,0)9^ 4^ 3 8 + "
"(.0078646801,0)4^ 9^ 8 3 + "
"(-.0078646801,0)9^ 4^ 8 3 + "
"(.0000081651,0)4^ 9^ 3 9 + "
"(-.0000081651,0)9^ 4^ 3 9 + "
"(-.0000081651,0)4^ 9^ 9 3 + "
"(.0000081651,0)9^ 4^ 9 3 + "
"(-.1766060627,0)4^ 4 + "
"(-.1766060627,0)9^ 9 + "
"(-.1416749778,0)4^ 5^ 4 5 + "
"(.1416749778,0)5^ 4^ 4 5 + "
"(.1416749778,0)4^ 5^ 5 4 + "
"(-.1416749778,0)5^ 4^ 5 4 + "
"(-.1151076602,0)4^ 0^ 4 0 + "
"(-.1151076602,0)9^ 5^ 9 5 + "
"(.0000019219,0)4^ 5^ 4 6 + "
"(-.0000019219,0)5^ 4^ 4 6 + "
"(-.0000019219,0)4^ 5^ 6 4 + "
"(.0000019219,0)5^ 4^ 6 4 + "
"(.0000016554,0)4^ 0^ 4 1 + "
"(.0000016554,0)9^ 5^ 9 6 + "
"(-.0310479251,0)4^ 5^ 4 7 + "
"(.0310479251,0)5^ 4^ 4 7 + "
"(.0310479251,0)4^ 5^ 7 4 + "
"(-.0310479251,0)5^ 4^ 7 4 + "
"(-.0285762128,0)4^ 0^ 4 2 + "
"(-.0285762128,0)9^ 5^ 9 7 + "
"(-.0002634122,0)4^ 5^ 4 8 + "
"(.0002634122,0)5^ 4^ 4 8 + "
"(.0002634122,0)4^ 5^ 8 4 + "
"(-.0002634122,0)5^ 4^ 8 4 + "
"(-.0002441487,0)4^ 0^ 4 3 + "
"(-.0002441487,0)9^ 5^ 9 8 + "
"(.0000142871,0)4^ 5^ 4 9 + "
"(-.0000142871,0)5^ 4^ 4 9 + "
"(-.0000142871,0)4^ 5^ 9 4 + "
"(.0000142871,0)5^ 4^ 9 4 + "
"(.0000019219,0)4^ 6^ 4 5 + "
"(-.0000019219,0)6^ 4^ 4 5 + "
"(-.0000019219,0)4^ 6^ 5 4 + "
"(.0000019219,0)6^ 4^ 5 4 + "
"(.0000016554,0)4^ 1^ 4 0 + "
"(.0000016554,0)9^ 6^ 9 5 + "
"(-.1352259736,0)4^ 6^ 4 6 + "
"(.1352259736,0)6^ 4^ 4 6 + "
"(.1352259736,0)4^ 6^ 6 4 + "
"(-.1352259736,0)6^ 4^ 6 4 + "
"(-.1258290159,0)4^ 1^ 4 1 + "
"(-.1258290159,0)9^ 6^ 9 6 + "
"(-.0000016200,0)4^ 6^ 4 7 + "
"(.0000016200,0)6^ 4^ 4 7 + "
"(.0000016200,0)4^ 6^ 7 4 + "
"(-.0000016200,0)6^ 4^ 7 4 + "
"(-.0000013973,0)4^ 1^ 4 2 + "
"(-.0000013973,0)9^ 6^ 9 7 + "
"(.0000006084,0)4^ 6^ 4 8 + "
"(-.0000006084,0)6^ 4^ 4 8 + "
"(-.0000006084,0)4^ 6^ 8 4 + "
"(.0000006084,0)6^ 4^ 8 4 + "
"(.0000005398,0)4^ 1^ 4 3 + "
"(.0000005398,0)9^ 6^ 9 8 + "
"(-.0000001334,0)4^ 6^ 4 9 + "
"(.0000001334,0)6^ 4^ 4 9 + "
"(.0000001334,0)4^ 6^ 9 4 + "
"(-.0000001334,0)6^ 4^ 9 4 + "
"(-.0310479251,0)4^ 7^ 4 5 + "
"(.0310479251,0)7^ 4^ 4 5 + "
"(.0310479251,0)4^ 7^ 5 4 + "
"(-.0310479251,0)7^ 4^ 5 4 + "
"(-.0285762128,0)4^ 2^ 4 0 + "
"(-.0285762128,0)9^ 7^ 9 5 + "
"(-.0000016200,0)4^ 7^ 4 6 + "
"(.0000016200,0)7^ 4^ 4 6 + "
"(.0000016200,0)4^ 7^ 6 4 + "
"(-.0000016200,0)7^ 4^ 6 4 + "
"(-.0000013973,0)4^ 2^ 4 1 + "
"(-.0000013973,0)9^ 7^ 9 6 + "
"(-.1257999012,0)4^ 7^ 4 7 + "
"(.1257999012,0)7^ 4^ 4 7 + "
"(.1257999012,0)4^ 7^ 7 4 + "
"(-.1257999012,0)7^ 4^ 7 4 + "
"(-.1192177360,0)4^ 2^ 4 2 + "
"(-.1192177360,0)9^ 7^ 9 7 + "
"(.0000397296,0)4^ 7^ 4 8 + "
"(-.0000397296,0)7^ 4^ 4 8 + "
"(-.0000397296,0)4^ 7^ 8 4 + "
"(.0000397296,0)7^ 4^ 8 4 + "
"(.0000298303,0)4^ 2^ 4 3 + "
"(.0000298303,0)9^ 7^ 9 8 + "
"(-.0000026990,0)4^ 7^ 4 9 + "
"(.0000026990,0)7^ 4^ 4 9 + "
"(.0000026990,0)4^ 7^ 9 4 + "
"(-.0000026990,0)7^ 4^ 9 4 + "
"(-.0002634122,0)4^ 8^ 4 5 + "
"(.0002634122,0)8^ 4^ 4 5 + "
"(.0002634122,0)4^ 8^ 5 4 + "
"(-.0002634122,0)8^ 4^ 5 4 + "
"(-.0002441487,0)4^ 3^ 4 0 + "
"(-.0002441487,0)9^ 8^ 9 5 + "
"(.0000006084,0)4^ 8^ 4 6 + "
"(-.0000006084,0)8^ 4^ 4 6 + "
"(-.0000006084,0)4^ 8^ 6 4 + "
"(.0000006084,0)8^ 4^ 6 4 + "
"(.0000005398,0)4^ 3^ 4 1 + "
"(.0000005398,0)9^ 8^ 9 6 + "
"(.0000397296,0)4^ 8^ 4 7 + "
"(-.0000397296,0)8^ 4^ 4 7 + "
"(-.0000397296,0)4^ 8^ 7 4 + "
"(.0000397296,0)8^ 4^ 7 4 + "
"(.0000298303,0)4^ 3^ 4 2 + "
"(.0000298303,0)9^ 8^ 9 7 + "
"(-.1322398279,0)4^ 8^ 4 8 + "
"(.1322398279,0)8^ 4^ 4 8 + "
"(.1322398279,0)4^ 8^ 8 4 + "
"(-.1322398279,0)8^ 4^ 8 4 + "
"(-.1243751478,0)4^ 3^ 4 3 + "
"(-.1243751478,0)9^ 8^ 9 8 + "
"(.0000081651,0)4^ 8^ 4 9 + "
"(-.0000081651,0)8^ 4^ 4 9 + "
"(-.0000081651,0)4^ 8^ 9 4 + "
"(.0000081651,0)8^ 4^ 9 4 + "
"(.0000142871,0)4^ 9^ 4 5 + "
"(-.0000142871,0)9^ 4^ 4 5 + "
"(-.0000142871,0)4^ 9^ 5 4 + "
"(.0000142871,0)9^ 4^ 5 4 + "
"(-.0000001334,0)4^ 9^ 4 6 + "
"(.0000001334,0)9^ 4^ 4 6 + "
"(.0000001334,0)4^ 9^ 6 4 + "
"(-.0000001334,0)9^ 4^ 6 4 + "
"(-.0000026990,0)4^ 9^ 4 7 + "
"(.0000026990,0)9^ 4^ 4 7 + "
"(.0000026990,0)4^ 9^ 7 4 + "
"(-.0000026990,0)9^ 4^ 7 4 + "
"(.0000081651,0)4^ 9^ 4 8 + "
"(-.0000081651,0)9^ 4^ 4 8 + "
"(-.0000081651,0)4^ 9^ 8 4 + "
"(.0000081651,0)9^ 4^ 8 4 + "
"(-.1469835673,0)4^ 9^ 4 9 + "
"(.1469835673,0)9^ 4^ 4 9 + "
"(.1469835673,0)4^ 9^ 9 4 + "
"(-.1469835673,0)9^ 4^ 9 4 + "
"(.5879747211,0)"
